[9] 0
[14] 0
[23] I_am_the_admin 奥斯卡 foo@bar.com 10
[32] 0
[34] 0
[41] Croissant 可颂 MANIFESTO.OF@THE.COMMUNIST 8
[50] Croissant 可颂 MANIFESTO.OF@THE.COMMUNIST 8
[54] -1
[64] Croissant 可颂 MANIFESTO.OF@THE.COMMUNIST 8
[66] 0
[74] 0
[83] Mayer 梅尔 PARTY.A.spectre@is.haunting 7
[85] Mayer 梅尔 PARTY.A.spectre@is.haunting 7
[86] Mayer 梅尔 PARTY.A.spectre@is.haunting 7
[89] Mayer 梅尔 PARTY.A.spectre@is.haunting 7
[92] Croissant 可颂 MANIFESTO.OF@THE.COMMUNIST 8
[102] 0
[105] Mayer 梅尔 PARTY.A.spectre@is.haunting 7
[112] 0
[118] -1
[128] 0
[132] 0
[139] Sideroca 铸铁 All.the.Powers@of.old 4
[148] 0
[151] 0
[155] 0
[165] 0
[170] 0
[172] 0
[177] Sideroca 铸铁 All.the.Powers@of.old 4
[179] Sideroca 铸铁 All.the.Powers@of.old 4
[189] 0
[193] 0
[202] Mousse 慕斯 Europe.have@entered.into 4
[207] Durnar 坚雷 Czar.Metternich@and.Guizot 3
[216] Mousse 慕斯 Europe.have@entered.into 4
[224] Mousse 慕斯 Europe.have@entered.into 4
[231] 0
[237] 0
[247] Myrtle 桃金娘 French.Radicals@and.German 4
[249] 0
[259] 0
[265] 0
[266] 0
[275] 0
[284] 0
[285] -1
[288] Sideroca 铸铁 All.the.Powers@of.old 4
[294] 0
[300] 0
[309] Amiya 阿米娅 Communistic@by.its 2
[310] 0
[320] -1
[327] Mousse 慕斯 Europe.have@entered.into 4
[333] 0
[341] 0
[347] Amiya 阿米娅 Communistic@by.its 2
[352] 0
[356] 0
[358] Scavenger 清道夫 not.hurled@back.the 1
[367] 0
[376] 0
[379] 0
[386] 0
[387] 0
[396] 0
[402] 0
[408] 0
[411] Sesa 慑砂 against.the@more.advanced 3
[419] 0
[429] 0
[430] 0
[431] 0
[433] 0
[435] 0
[440] 0
[450] 0
[458] 0
[468] Scavenger 清道 European.Powers@to.be 1
[470] Estelle 艾丝黛尔 result.from@this.fact 2
[476] 0
[481] 0
[483] 0
[487] 0
[497] 0
[503] 0
[511] 0
[520] 0
[530] Mousse 慕斯 publish.their@views.their 4
[531] 0
[539] 0
[544] Sesa 慑砂 against.the@more.advanced 3
[553] Amiya 阿米娅 Communistic@by.its 2
[558] Magallan 麦哲伦 is.high.time@that.Communists 4
[560] 0
[561] 0
[567] 0
[576] Manticore 狮蝎 branding.reproach@of.Communism 3
[579] 0
[580] -1
[589] Ambriel 安比尔 itself.a.Power@II.It 2
[594] Texas 德克萨斯 meet.this.nursery@tale.of 2
[595] Amiya 阿米娅 Communistic@by.its 2
[602] 0
[609] Durnar 坚雷 Czar.Metternich@and.Guizot 3
[612] Skadi 斯卡蒂 should.openly@in.the 4
[621] Sesa 慑砂 against.the@more.advanced 3
[625] 0
[629] 0
[634] Vanilla 香草 party.itself@To.this 3
[635] 0
[641] 0
[650] 0
[652] 0
[655] Scavenger 清道 in.London.and@sketched.the 1
[659] Cardigan 卡缇 with.a.Manifesto@of.the 2
[662] 0
[663] Cardigan 卡缇 with.a.Manifesto@of.the 2
[665] 0
[671] 0
[676] 0
[682] 0
[688] Skadi 斯卡蒂 should.openly@in.the 4
[689] Lava 炎熔 well.as.against@its.reactionar 2
[698] Lappland 拉普兰德 opposition@parties.as 2
[706] Gummy 古米 aims.their@tendencies.and 3
[714] Amiya 阿米娅 Communistic@by.its 2
[717] 0
[723] 0
[731] -1
[735] 0
[742] -1
[751] Ansel 安赛尔 the.Spectre@of.Communism 1
[760] Texas 德克萨斯 meet.this.nursery@tale.of 2
[762] 0
[772] 0
[781] 0
[788] -1
[792] 0
[800] 0
[802] 0
[808] 0
[817] Scavenger 清道 in.London.and@sketched.the 1
[818] 0
[824] 0
[825] 0
[832] -1
[834] 0
[835] 0
[839] 0
[849] 0
[852] 0
[855] Grani 格拉尼 and.plebeian@lord.and 2
[864] Magallan 麦哲伦 is.high.time@that.Communists 4
[870] 0
[880] 0
[884] 0
[891] 0
[897] 0
[903] 0
[912] 0
[914] -1
[920] Estelle 艾丝黛尔 result.from@this.fact 2
[923] 0
[924] 0
[932] ProjeKTRed 红红 following.Manifesto@to.be 1
[939] Scavenger 清道 in.London.and@sketched.the 1
[942] Myrrh 末药 one.another@carried.on 4
[943] Texas 德克萨斯 meet.this.nursery@tale.of 2
[944] 0
[947] 0
[956] Lava 炎熔 well.as.against@its.reactionar 2
[965] Myrtle 桃金娘 French.Radicals@and.German 4
[973] Amiya 阿米娅 Communistic@by.its 2
[981] Nian 年年 stood.in.constant@opposition.t 1
[983] Gummy 古米 aims.their@tendencies.and 3
[986] 0
[995] Durnar 坚雷 Czar.Metternich@and.Guizot 3
[1005] Frostleaf 霜叶 published.in@the.English 1
[1010] Cardigan 卡缇 with.a.Manifesto@of.the 2
[1017] 0
[1026] 0
[1034] -1
[1039] 0
[1044] Beagle 米格鲁 society.at@large.or 4
[1048] 0
[1057] 0
[1064] 0
[1071] 0
[1072] ProjeKTRed 红红 following.Manifesto@to.be 1
[1076] 0
[1081] 0
[1090] 0
[1100] 0
[1107] 0
[1115] 0
[1118] 0
[1123] 0
[1132] -1
[1139] Durnar 坚雷 Czar.Metternich@and.Guizot 3
[1144] 0
[1151] 0
[1160] -1
[1168] -1
[1177] -1
[1187] -1
[1197] 0
[1206] Amiya 阿米娅 Communistic@by.its 2
[1209] Texas 德克萨斯 meet.this.nursery@tale.of 2
[1213] -1
[1221] 0
[1228] -1
[1230] 0
[1236] 0
[1240] -1
[1249] 0
[1259] 0
[1264] 0
[1265] -1
[1273] 0
[1275] -1
[1282] -1
[1290] 0
[1296] 0
[1306] 0
[1308] 0
[1315] 0
[1318] 0
[1327] -1
[1336] 0
[1338] 0
[1344] 0
[1351] 0
[1355] 0
[1365] -1
[1373] 0
[1378] -1
[1386] -1
[1387] Phantom 傀影 and.Danish@languages.I 1
[1395] 0
[1403] 0
[1408] 0
[1410] -1
[1418] May 梅梅 Freeman.and@slave.patrician 1
[1428] 0
[1433] 0
[1440] 0
[1450] -1
[1452] -1
[1453] NoirCorne 黑角 opponents.in@power.Where 6
[1461] -1
[1468] -1
[1469] -1
[1479] 0
[1484] -1
[1485] -1
[1491] -1
[1499] -1
[1500] -1
[1507] 0
[1517] -1
[1524] -1
[1525] -1
[1535] 0
[1544] -1
[1549] -1
[1550] Gummy 古米 aims.their@tendencies.and 3
[1557] 0
[1564] 0
[1568] -1
[1573] 0
[1579] 0
[1583] -1
[1593] -1
[1597] 0
[1603] 0
[1607] 0
[1616] 0
[1624] -1
[1631] 0
[1635] 0
[1644] Bison 拜松 an.uninterrupted@now.hidden 1
[1651] 0
[1659] 0
[1666] -1
[1667] -1
[1675] -1
[1681] -1
[1682] Savage 暴行 history.we@find.almost 2
[1692] -1
[1701] Savage 暴行 history.we@find.almost 2
[1706] 0
[1710] 0
[1711] 0
[1718] -1
[1728] -1
[1735] -1
[1738] -1
[1741] -1
[1746] -1
[1751] -1
[1758] -1
[1768] -1
[1772] -1
[1779] -1
[1783] -1
[1789] 0
[1798] -1
[1808] 0
[1812] -1
[1819] -1
[1820] -1
[1822] Lava 炎熔 well.as.against@its.reactionar 2
[1827] 0
[1830] 0
[1836] 0
[1846] 0
[1849] -1
[1853] -1
[1859] -1
[1867] May 梅梅 Freeman.and@slave.patrician 1
[1875] -1
[1878] 0
[1881] 0
[1890] 0
[1893] 0
[1896] 0
[1901] -1
[1907] -1
[1909] 0
[1918] -1
[1927] -1
[1931] 0
[1938] 0
[1939] 0
[1948] -1
[1956] -1
[1957] 0
[1967] -1
[1970] 0
[1976] -1
[1978] -1
[1979] -1
[1988] -1
[1992] -1
[1998] 0
[2003] -1
[2009] -1
[2017] 0
[2018] -1
[2026] -1
[2036] 0
[2040] -1
[2045] 0
[2052] -1
[2061] 0
[2063] 0
[2066] -1
[2072] 0
[2075] -1
[2077] 0
[2078] Ansel 安赛尔 the.Spectre@of.Communism 1
[2082] -1
[2088] -1
[2098] -1
[2105] -1
[2107] 0
[2109] 0
[2116] -1
[2121] -1
[2125] 0
[2128] -1
[2130] 0
[2138] 0
[2146] 0
[2156] -1
[2162] -1
[2171] 0
[2172] 0
[2182] -1
[2184] -1
[2194] -1
[2198] -1
[2200] -1
[2210] -1
[2216] -1
[2219] -1
[2228] -1
[2238] -1
[2239] -1
[2241] -1
[2250] -1
[2251] -1
[2258] -1
[2259] -1
[2264] -1
[2269] -1
[2276] 0
[2280] -1
[2282] -1
[2292] -1
[2298] 0
[2307] -1
[2313] 0
[2315] -1
[2324] Myrtle 桃金娘 French.Radicals@and.German 4
[2334] -1
[2335] -1
[2342] -1
[2345] -1
[2350] 0
[2354] -1
[2363] -1
[2369] 0
[2377] -1
[2381] 0
[2388] -1
[2389] -1
[2395] 0
[2403] 0
[2409] -1
[2412] 0
[2421] 0
[2426] -1
[2429] 1
FuryFUefvbEBhbqFDaW 温州 08-17 12:57 -> 上海交通大学 08-17 13:04 65329 2401
[2437] 0
[2444] -1
[2446] 0
[2449] -1
[2455] 0
[2462] 0
[2467] -1
[2471] -1
[2472] -1
[2479] 0
[2483] -1
[2486] 0
[2496] Vigna 红豆 French.German@Italian.Flemish 1
[2502] -1
[2505] -1
[2511] 0
[2513] 0
[2519] 0
[2521] -1
[2531] 0
[2541] -1
[2545] -1
[2554] -1
[2561] -1
[2562] -1
[2570] -1
[2576] -1
[2581] 0
[2591] -1
[2594] -1
[2603] -1
[2611] -1
[2614] -1
[2622] -1
[2625] -1
[2630] -1
[2639] -1
[2646] -1
[2654] -1
[2658] 1
NZvSKwZNuJhrlgEmYd 浙江大学 07-10 20:06 -> 浙江 07-10 20:14 85639 96453
[2662] Elysium 极境 in.the.common@ruin.of 1
[2668] -1
[2675] -1
[2684] -1
[2688] -1
[2698] -1
[2700] -1
[2704] 0
[2706] -1
[2707] 0
[2717] 0
[2721] NZvSKwZNuJhrlgEmYd r
浙江大学 xx-xx xx:xx -> 07-05 20:06 0 96453
浙江 07-05 20:14 -> xx-xx xx:xx 85639 x
[2726] -1
[2732] 0
[2737] 0
[2744] -1
[2749] -1
[2751] -1
[2761] -1
[2766] Lappland 拉普兰德 opposition@parties.as 2
[2776] -1
[2779] 0
[2788] 0
[2797] -1
[2806] 0
[2813] 0
[2818] -1
[2826] -1
[2827] -1
[2832] 0
[2837] -1
[2846] 0
[2851] -1
[2860] 0
[2862] -1
[2863] -1
[2870] -1
[2880] -1
[2887] 0
[2891] -1
[2901] 0
[2907] 0
[2915] -1
[2921] -1
[2929] 0
[2934] -1
[2939] -1
[2948] -1
[2956] -1
[2961] -1
[2966] 0
[2971] -1
[2977] -1
[2979] 0
[2987] -1
[2997] -1
[3002] -1
[3008] -1
[3016] -1
[3021] 0
[3023] -1
[3024] -1
[3028] Amiya 阿米娅 Communistic@by.its 2
[3033] WaaiFu 槐琥 face.of.the@whole.world 1
[3039] 0
[3044] 0
[3049] 0
[3059] -1
[3062] Phantom 傀影 and.Danish@languages.I 1
[3069] Bison 拜松 an.uninterrupted@now.hidden 1
[3078] 0
[3086] -1
[3090] 0
[3091] -1
[3092] -1
[3101] 0
[3109] -1
[3115] -1
[3125] 0
[3129] -1
[3130] -1
[3137] -1
[3145] -1
[3149] -1
[3155] 0
[3160] -1
[3170] -1
[3180] -1
[3186] 0
[3188] -1
[3193] -1
[3202] -1
[3210] -1
[3215] -1
[3217] -1
[3222] -1
[3230] 0
[3234] 0
[3237] 0
[3247] 0
[3248] 0
[3249] 0
[3254] 0
[3259] 0
[3267] 0
[3270] 0
[3279] 0
[3289] 0
[3293] 0
[3295] -1
[3301] 0
[3308] 0
[3315] 0
[3323] 0
[3332] 0
[3335] 0
[3338] 0
[3346] 0
[3352] 0
[3359] 0
[3363] 0
[3373] 0
[3378] 0
[3385] 0
[3394] 0
[3396] 0
[3404] 0
[3409] 0
[3418] 0
[3421] 0
[3430] 0
[3432] 0
[3436] 0
[3444] -1
[3447] -1
[3451] 0
[3453] -1
[3454] 0
[3455] -1
[3465] 0
[3468] 0
[3471] -1
[3477] -1
[3481] 0
[3482] -1
[3491] 0
[3494] -1
[3497] -1
[3500] -1
[3504] -1
[3513] 0
[3515] -1
[3524] -1
[3531] -1
[3534] -1
[3539] 0
[3540] -1
[3550] -1
[3559] 0
[3569] -1
[3572] -1
[3577] -1
[3585] 0
[3589] -1
[3596] -1
[3603] 0
[3608] -1
[3609] 0
[3613] -1
[3622] 0
[3624] 0
[3629] 0
[3637] 0
[3640] -1
[3643] 0
[3650] -1
[3652] 0
[3657] 0
[3658] Elysium 极境 in.the.common@ruin.of 1
[3661] -1
[3664] 0
[3670] 0
[3680] -1
[3687] 0
[3689] -1
[3697] 0
[3701] -1
[3710] -1
[3715] -1
[3719] -1
[3726] -1
[3732] -1
[3735] 0
[3736] -1
[3743] 0
[3753] -1
[3763] 0
[3772] -1
[3780] -1
[3781] 0
[3786] -1
[3790] -1
[3796] 0
[3798] 0
[3799] -1
[3806] -1
[3808] 0
[3811] 0
[3812] 0
[3815] 0
[3822] -1
[3824] -1
[3827] -1
[3836] -1
[3842] -1
[3845] -1
[3855] -1
[3860] 0
[3863] -1
[3872] -1
[3878] -1
[3884] 0
[3886] 0
[3891] -1
[3901] -1
[3904] -1
[3908] -1
[3916] -1
[3923] Phantom 傀影 and.Danish@languages.I 1
[3928] Manticore 狮蝎 branding.reproach@of.Communism 3
[3933] 0
[3938] 0
[3946] -1
[3952] -1
[3953] -1
[3960] -1
[3966] -1
[3971] 0
[3976] 0
[3981] -1
[3991] 0
[3998] 0
[4006] 0
[4011] -1
[4014] -1
[4015] -1
[4018] 0
[4023] 0
[4029] 0
[4035] 0
[4038] 0
[4041] -1
[4050] Greyy 格雷伊 in.a.word.oppressor@and.oppres 6
[4051] 0
[4061] 0
[4071] -1
[4074] -1
[4082] -1
[4091] -1
[4093] -1
[4095] -1
[4103] -1
[4113] 0
[4122] 0
[4130] -1
[4139] -1
[4140] Scavenger 清道 in.London.and@sketched.the 1
[4145] -1
[4147] -1
[4155] -1
[4156] -1
[4158] -1
[4161] -1
[4168] -1
[4176] -1
[4179] -1
[4185] -1
[4188] -1
[4189] -1
[4190] -1
[4195] 0
[4201] -1
[4206] 0
[4215] Nian 年年 stood.in.constant@opposition.t 1
[4221] -1
[4226] 0
[4230] -1
[4232] -1
[4239] -1
[4245] -1
[4246] -1
[4251] -1
[4254] -1
[4258] 0
[4261] -1
[4268] -1
[4275] -1
[4282] -1
[4290] -1
[4291] -1
[4293] -1
[4294] -1
[4304] -1
[4311] -1
[4319] -1
[4327] -1
[4330] -1
[4334] -1
[4340] -1
[4346] -1
[4352] -1
[4355] -1
[4365] -1
[4374] -1
[4379] -1
[4383] -1
[4387] -1
[4390] -1
[4394] 0
[4396] 0
[4397] 0
[4405] 0
[4408] 0
[4416] 0
[4426] 0
[4428] 0
[4437] 0
[4438] 0
[4448] 0
[4457] 0
[4460] 0
[4463] 0
[4472] 0
[4480] 0
[4489] 0
[4492] 0
[4501] 0
[4508] 0
[4516] 0
[4523] 0
[4526] 0
[4528] 0
[4534] 0
[4540] 0
[4543] 0
[4544] 0
[4551] 0
[4555] 0
[4564] 0
[4565] 0
[4568] 0
[4575] 0
[4576] 0
[4579] 0
[4587] 0
[4593] 0
[4601] 0
[4610] 0
[4611] 0
[4620] 0
[4623] 0
[4624] 0
[4630] 0
[4634] 0
[4635] Leizi 惊蛰 serf.guildmaster@and.journeyma 4
[4638] 0
[4646] 0
[4650] 0
[4652] 0
[4662] 0
[4669] -1
[4678] Mousse 慕斯 publish.their@views.their 4
[4679] Nian 年年 stood.in.constant@opposition.t 1
[4684] 0
[4688] 0
[4696] Catapult 空爆 arrangement@of.society 2
[4702] Savage 暴行 history.we@find.almost 2
[4710] Hibiscus 芙蓉 end.Communists@of.various 3
[4716] ProjeKTRed 红红 following.Manifesto@to.be 1
[4723] 0
[4726] 0
[4733] ProjeKTRed 红红 following.Manifesto@to.be 1
[4742] Elysium 极境 in.the.common@ruin.of 1
[4751] 0
[4758] 0
[4768] 0
[4774] 0
[4776] 0
[4781] 0
[4784] -1
[4788] Bibeak 柏喙 slaves.in.the@Middle.Ages 1
[4792] 0
[4799] 0
[4802] 0
[4808] 0
[4814] Skadi 斯卡蒂 should.openly@in.the 4
[4823] 0
[4833] 0
[4838] Vanilla 香草 party.itself@To.this 3
[4848] 0
[4850] 0
[4858] Gravel 砾砾 ruins.of.feudal@society.has 1
[4866] 0
[4868] 0
[4874] Leizi 惊蛰 serf.guildmaster@and.journeyma 4
[4877] Myrrh 末药 one.another@carried.on 4
[4883] 0
[4890] 0
[4898] Bison 拜松 an.uninterrupted@now.hidden 1
[4906] ProjeKTRed 红红 following.Manifesto@to.be 1
[4909] 0
[4912] 0
[4922] Skadi 斯卡蒂 should.openly@in.the 4
[4924] 0
[4931] Eyjafjalla 艾雅法拉 BOURGEOIS.AND@PROLETARIANS.The 2
[4940] 0
[4942] 0
[4943] 0
[4948] 0
[4957] 0
[4959] -1
[4961] Mousse 慕斯 publish.their@views.their 4
[4969] Blaze 煌煌 journeymen@apprentices.serfs 3
[4978] Gummy 古米 aims.their@tendencies.and 3
[4984] 0
[4991] 0
[4995] Mostima 莫斯提马 manifold.gradation@of.social 3
[4998] Beagle 米格鲁 society.at@large.or 4
[4999] Mousse 慕斯 publish.their@views.their 4
[5008] Glaucus 格劳克斯 in.almost.all@of.these 2
[5013] 0
[5021] 0
[5024] -1
[5031] Bibeak 柏喙 slaves.in.the@Middle.Ages 1
[5039] Magallan 麦哲伦 this.distinctive@feature.it 4
[5048] 0
[5051] 0
[5053] Bison 拜松 an.uninterrupted@now.hidden 1
[5062] 0
[5071] 0
[5079] Magallan 麦哲伦 this.distinctive@feature.it 4
[5084] Nian 年年 a.whole.is@more.and 1
[5086] 0
[5091] 0
[5101] Amiya 阿米娅 Communistic@by.its 2
[5102] Sideroca 铸铁 All.the.Powers@of.old 4
[5103] Chen 陈陈 history.of@class.struggles 1
[5107] Reed 苇草 rank.In.ancient@Rome.we 4
[5116] Bison 拜松 two.great.hostile@camps.into 1
[5126] -1
[5129] 0
[5135] -1
[5136] -1
[5137] 0
[5146] 0
[5155] -1
[5165] 0
[5169] -1
[5176] -1
[5186] Mostima 莫斯提马 manifold.gradation@of.social 3
[5187] -1
[5188] Deepcolor 深海色 has.simplified@the.class 1
[5190] 0
[5193] 0
[5200] 0
[5205] 0
[5206] 0
[5211] -1
[5216] 0
[5225] -1
[5227] 0
[5231] -1
[5235] 0
[5236] 0
[5237] -1
[5244] 0
[5245] -1
[5249] -1
[5257] 0
[5267] -1
[5274] -1
[5276] -1
[5278] -1
[5288] -1
[5294] -1
[5298] -1
[5301] -1
[5310] 0
[5317] 0
[5324] -1
[5330] -1
[5332] 0
[5339] 0
[5340] -1
[5349] -1
[5351] 0
[5352] 0
[5358] -1
[5361] -1
[5370] 0
[5379] -1
[5386] 0
[5392] Mousse 慕斯 publish.their@views.their 4
[5394] -1
[5395] -1
[5405] 0
[5410] -1
[5411] Mousse 慕斯 publish.their@views.their 4
[5412] 0
[5419] -1
[5424] 0
[5430] 0
[5440] 0
[5445] -1
[5449] 0
[5456] -1
[5466] 0
[5472] -1
[5482] 0
[5487] -1
[5489] -1
[5492] -1
[5493] 0
[5494] 0
[5504] 0
[5506] 0
[5513] 0
[5519] -1
[5529] -1
[5531] 0
[5541] 0
[5542] 0
[5544] 0
[5550] 0
[5558] Utage 宴宴 new.forms.of@struggle.in 1
[5567] -1
[5574] -1
[5576] -1
[5585] 0
[5586] -1
[5594] -1
[5599] -1
[5602] 0
[5611] -1
[5617] 0
[5626] 0
[5636] -1
[5644] -1
[5649] Reed 苇草 rank.In.ancient@Rome.we 4
[5658] 0
[5662] -1
[5671] -1
[5676] -1
[5678] -1
[5687] -1
[5690] 0
[5693] -1
[5702] Beagle 米格鲁 society.at@large.or 4
[5708] 0
[5716] -1
[5718] 0
[5722] 0
[5725] -1
[5726] 0
[5731] 0
[5734] 0
[5740] 0
[5748] -1
[5752] -1
[5758] -1
[5765] -1
[5768] -1
[5771] 0
[5774] -1
[5784] 0
[5788] -1
[5791] Lava 炎熔 well.as.against@its.reactionar 2
[5796] -1
[5798] -1
[5799] -1
[5801] -1
[5807] 0
[5815] -1
[5819] -1
[5827] 0
[5830] -1
[5839] 0
[5843] 0
[5852] -1
[5854] Rope 暗索 The.modern@bourgeois.society 1
[5864] -1
[5867] -1
[5873] 0
[5876] -1
[5882] -1
[5885] -1
[5886] 0
[5891] -1
[5896] -1
[5906] 0
[5911] -1
[5912] -1
[5920] 0
[5928] -1
[5929] -1
[5934] 0
[5941] -1
[5951] -1
[5956] -1
[5959] -1
[5967] -1
[5972] 0
[5976] Mousse 慕斯 publish.their@views.their 4
[5986] -1
[5987] -1
[5996] 0
[6001] -1
[6011] 0
[6012] -1
[6020] 0
[6024] -1
[6026] -1
[6027] -1
[6028] 0
[6038] 0
[6046] -1
[6047] -1
[6051] -1
[6055] 0
[6056] -1
[6059] -1
[6063] 0
[6069] -1
[6079] -1
[6088] 0
[6089] -1
[6090] -1
[6092] -1
[6100] -1
[6110] -1
[6117] -1
[6124] -1
[6127] 0
[6137] -1
[6138] -1
[6140] -1
[6145] 0
[6152] -1
[6156] 0
[6165] 0
[6169] 0
[6176] -1
[6180] 0
[6184] -1
[6188] -1
[6198] -1
[6208] -1
[6216] 0
[6220] 0
[6225] -1
[6229] -1
[6232] -1
[6238] -1
[6248] -1
[6253] 0
[6262] 0
[6264] 0
[6267] 0
[6277] 0
[6282] -1
[6286] -1
[6288] -1
[6295] -1
[6304] -1
[6311] -1
[6314] 0
[6317] -1
[6325] -1
[6327] -1
[6329] 0
[6333] Perfumer 调香师 policespies@Where.is 1
[6337] 0
[6345] -1
[6349] -1
[6356] Vigna 红豆 French.German@Italian.Flemish 1
[6363] -1
[6370] 0
[6373] -1
[6381] -1
[6388] -1
[6398] 0
[6402] -1
[6407] 0
[6410] 0
[6411] -1
[6418] 0
[6423] -1
[6425] -1
[6431] 0
[6437] 0
[6439] 0
[6445] Frostleaf 霜叶 published.in@the.English 1
[6454] -1
[6462] 0
[6464] -1
[6472] -1
[6476] -1
[6485] -1
[6487] -1
[6488] -1
[6493] -1
[6503] 0
[6512] -1
[6514] -1
[6517] -1
[6521] -1
[6529] -1
[6539] 0
[6546] 1
KCLZlbaIEQzPzjsTgdEz 浙江大学 08-16 11:36 -> 上海交通大学 08-16 11:46 94133 7212
[6551] 0
[6560] 0
[6570] -1
[6573] -1
[6582] -1
[6587] -1
[6589] 0
[6599] 0
[6603] -1
[6606] -1
[6608] -1
[6613] -1
[6618] goPhtzWCqpaGJxItn 銐嚛鳘 HfU 2
[6628] -1
[6630] 0
[6636] 0
[6643] 0
[6647] -1
[6648] 0
[6655] -1
[6665] -1
[6671] 0
[6674] 0
[6675] 0
[6678] -1
[6684] 0
[6690] -1
[6693] 0
[6696] 0
[6705] 0
[6708] 0
[6712] 0
[6717] -1
[6719] -1
[6726] -1
[6733] 0
[6735] 0
[6742] -1
[6750] 0
[6753] -1
[6762] 0
[6765] -1
[6775] Cardigan 卡缇 with.a.Manifesto@of.the 2
[6780] -1
[6790] 0
[6798] -1
[6808] 0
[6817] -1
[6822] 0
[6826] -1
[6834] -1
[6837] -1
[6847] -1
[6855] 0
[6864] -1
[6867] -1
[6873] -1
[6875] Nightmare 夜魔 antagonisms@It.has 1
[6879] -1
[6880] 0
[6885] -1
[6889] 0
[6894] 0
[6897] -1
[6904] -1
[6907] 0
[6914] -1
[6917] -1
[6923] 0
[6926] 0
[6927] -1
[6932] Bison 拜松 two.great.hostile@camps.into 1
[6942] -1
[6945] -1
[6955] 0
[6958] -1
[6964] -1
[6972] -1
[6973] 0
[6976] -1
[6985] 1
KCLZlbaIEQzPzjsTgdEz 浙江大学 08-17 11:36 -> 浙江 08-17 12:02 184934 7212
[6994] -1
[7003] -1
[7006] 0
[7016] -1
[7022] -1
[7030] -1
[7033] -1
[7035] 0
[7038] -1
[7042] 1
tJnZvC 北京 06-24 11:02 -> 上海 06-24 11:13 1508 30144
[7051] -1
[7061] 0
[7063] -1
[7064] -1
[7074] -1
[7084] -1
[7091] -1
[7101] 0
[7107] -1
[7108] -1
[7116] -1
[7123] -1
[7133] -1
[7137] 0
[7138] -1
[7141] -1
[7144] -1
[7153] -1
[7163] 0
[7172] 0
[7176] 0
[7179] -1
[7187] -1
[7196] -1
[7202] -1
[7211] 0
[7214] -1
[7216] -1
[7226] -1
[7234] 0
[7237] 0
[7239] 0
[7243] -1
[7246] 0
[7247] 0
[7251] -1
[7260] 1
tJnZvC 北京 07-30 11:02 -> 上海 07-30 11:13 1508 30144
[7264] 0
[7273] Popukar 泡普卡 classes.again@subordinate.grad 2
[7283] -1
[7291] -1
[7293] -1
[7295] -1
[7301] 0
[7306] -1
[7310] 1
LKdrWqrfzI 北京 08-25 07:28 -> 上海交通大学 08-25 07:54 81168 3035
[7316] 0
[7318] -1
[7321] 0
[7329] -1
[7337] -1
[7343] -1
[7347] -1
[7350] -1
[7354] -1
[7361] -1
[7363] -1
[7370] -1
[7376] -1
[7377] -1
[7382] -1
[7390] -1
[7393] 0
[7402] -1
[7403] -1
[7407] -1
[7409] 0
[7418] -1
[7421] 0
[7423] -1
[7432] -1
[7440] -1
[7445] -1
[7450] -1
[7452] 0
[7457] -1
[7458] -1
[7466] -1
[7467] 0
[7473] -1
[7474] -1
[7481] -1
[7488] -1
[7494] -1
[7503] -1
[7507] -1
[7508] -1
[7514] 0
[7519] -1
[7529] 0
[7530] 0
[7533] 0
[7541] 0
[7546] 0
[7552] 0
[7562] 0
[7569] 0
[7573] 0
[7583] 0
[7589] 0
[7590] 0
[7591] 0
[7598] 0
[7602] 0
[7612] 0
[7616] 0
[7621] 0
[7627] 0
[7634] 0
[7637] 0
[7638] 0
[7640] 0
[7647] 0
[7652] 0
[7656] 0
[7666] 0
[7669] 0
[7677] 0
[7679] 0
[7687] 0
[7690] 0
[7693] 0
[7700] 0
[7703] 0
[7710] 0
[7711] 0
[7720] 0
[7725] 0
[7734] 0
[7737] 0
[7740] 0
[7745] 0
[7749] 0
[7752] 0
[7754] 0
[7755] 0
[7760] 0
[7764] 0
[7774] 0
[7784] 0
[7794] 0
[7799] 0
[7809] 0
[7810] 0
[7812] 0
[7817] 0
[7826] 0
[7827] 0
[7836] 0
[7844] 0
[7851] 0
[7852] 0
[7854] 0
[7864] Purestream 清流 that.has.sprouted@from.the 3
[7874] 0
[7883] -1
[7889] Beagle 米格鲁 society.at@large.or 4
[7896] 0
[7900] -1
[7910] 0
[7913] -1
[7918] Mostima 莫斯提马 manifold.gradation@of.social 3
[7927] 0
[7930] ProjeKTRed 红红 following.Manifesto@to.be 1
[7937] -1
[7939] 0
[7941] -1
[7948] -1
[7950] -1
[7957] 0
[7967] 0
[7976] -1
[7978] -1
[7986] -1
[7991] -1
[8000] bye
