[8003] -1
[8006] 0
[8013] -1
[8020] -1
[8030] -1
[8032] -1
[8034] -1
[8041] 0
[8047] -1
[8053] -1
[8061] 0
[8066] 0
[8073] -1
[8083] -1
[8088] -1
[8091] -1
[8098] -1
[8100] 0
[8107] -1
[8110] -1
[8116] 0
[8122] -1
[8131] -1
[8139] -1
[8149] -1
[8152] -1
[8161] -1
[8164] 0
[8166] -1
[8170] -1
[8171] -1
[8176] -1
[8181] 0
[8183] -1
[8184] 0
[8188] -1
[8191] -1
[8194] -1
[8195] -1
[8201] 0
[8205] -1
[8208] -1
[8211] -1
[8215] -1
[8221] -1
[8227] 0
[8230] 0
[8240] -1
[8246] -1
[8252] -1
[8260] 0
[8264] -1
[8272] -1
[8274] -1
[8280] bye
