[8288] 0
[8295] -1
[8304] -1
[8313] -1
[8318] 0
[8320] -1
[8328] -1
[8333] -1
[8337] -1
[8342] -1
[8345] -1
[8353] 0
[8358] -1
[8361] -1
[8363] -1
[8365] 0
[8373] -1
[8377] -1
[8382] -1
[8389] -1
[8399] -1
[8400] 0
[8409] -1
[8415] -1
[8423] 0
[8431] 0
[8435] 0
[8437] 0
[8447] -1
[8451] 0
[8461] -1
[8467] -1
[8476] -1
[8479] -1
[8485] 0
[8488] -1
[8496] -1
[8502] -1
[8505] -1
[8507] -1
[8517] 0
[8526] 0
[8527] 0
[8531] -1
[8539] -1
[8546] 0
[8555] -1
[8563] -1
[8566] -1
[8576] -1
[8577] -1
[8584] -1
[8588] -1
[8598] -1
[8602] -1
[8608] 0
[8616] -1
[8621] -1
[8630] -1
[8635] -1
[8639] 0
[8643] -1
[8648] -1
[8651] 0
[8654] -1
[8662] -1
[8669] -1
[8678] -1
[8680] -1
[8683] -1
[8691] -1
[8697] 0
[8706] -1
[8714] -1
[8721] -1
[8731] -1
[8734] 0
[8735] -1
[8738] -1
[8739] -1
[8742] -1
[8748] -1
[8757] -1
[8766] -1
[8776] -1
[8779] -1
[8787] -1
[8794] 0
[8795] 0
[8802] -1
[8803] 0
[8806] -1
[8816] 0
[8826] -1
[8829] -1
[8836] 0
[8839] -1
[8849] 0
[8852] -1
[8858] 0
[8860] -1
[8866] 0
[8869] -1
[8874] -1
[8884] -1
[8886] -1
[8892] 0
[8893] 0
[8899] 0
[8904] -1
[8911] -1
[8913] 0
[8916] -1
[8917] -1
[8921] -1
[8930] -1
[8940] -1
[8950] -1
[8952] 0
[8955] -1
[8957] 0
[8965] -1
[8970] -1
[8976] -1
[8979] -1
[8989] -1
[8990] 0
[8993] -1
[9003] 0
[9005] -1
[9010] -1
[9014] 0
[9019] -1
[9021] 0
[9026] -1
[9033] 0
[9039] -1
[9045] 0
[9046] -1
[9047] 0
[9051] -1
[9056] 0
[9064] -1
[9070] 0
[9080] -1
[9083] -1
[9092] -1
[9096] -1
[9097] -1
[9102] -1
[9111] -1
[9112] -1
[9121] -1
[9130] -1
[9136] -1
[9146] -1
[9149] -1
[9159] 0
[9161] -1
[9168] 0
[9177] -1
[9179] 0
[9186] -1
[9194] -1
[9196] 0
[9205] -1
[9214] -1
[9215] -1
[9222] -1
[9225] 0
[9228] -1
[9234] -1
[9243] -1
[9247] 0
[9255] 0
[9260] -1
[9264] -1
[9271] 0
[9275] 0
[9282] -1
[9290] 0
[9294] -1
[9299] 0
[9303] -1
[9313] -1
[9315] -1
[9319] 0
[9325] -1
[9326] 0
[9333] 0
[9335] -1
[9338] -1
[9340] -1
[9342] -1
[9349] -1
[9354] mZEcvLiYnUAI s
温州 xx-xx xx:xx -> 07-19 12:09 0 82602
北京 07-19 12:24 -> 07-19 12:39 49368 82602
上海交通大学 07-19 12:46 -> xx-xx xx:xx 56652 x
[9362] -1
[9365] 0
[9372] 0
[9373] 0
[9375] -1
[9377] -1
[9386] -1
[9393] -1
[9398] -1
[9406] 0
[9407] -1
[9416] -1
[9422] -1
[9431] -1
[9434] -1
[9435] -1
[9445] -1
[9451] -1
[9460] -1
[9467] -1
[9471] -1
[9481] -1
[9486] 0
[9493] -1
[9496] -1
[9502] -1
[9509] -1
[9513] -1
[9515] 0
[9520] 0
[9527] 0
[9531] 0
[9534] 0
[9542] 0
[9547] 0
[9554] 0
[9558] 0
[9562] 0
[9567] 0
[9575] 0
[9578] 0
[9582] 0
[9586] 0
[9595] 0
[9605] 0
[9608] 0
[9613] 0
[9617] 0
[9626] 0
[9627] 0
[9629] 0
[9632] 0
[9637] 0
[9638] 0
[9648] 0
[9653] 0
[9654] 0
[9662] 0
[9664] 0
[9665] 0
[9670] 0
[9672] 0
[9680] 0
[9688] 0
[9696] 0
[9703] 0
[9709] 0
[9716] 0
[9717] 0
[9721] 0
[9722] 0
[9731] 0
[9740] 0
[9748] 0
[9758] 0
[9766] 0
[9773] 0
[9783] 0
[9791] 0
[9793] 0
[9802] 0
[9809] 0
[9812] 0
[9818] 0
[9819] 0
[9821] 0
[9826] 0
[9829] 0
[9834] 0
[9844] 0
[9851] 0
[9853] 0
[9863] 0
[9871] 0
[9878] 0
[9884] 0
[9885] -1
[9893] 0
[9901] 0
[9905] ShiraYuki 白雪 each.other@Bourgeoisie.and 4
[9908] 0
[9914] 0
[9921] Texas 德克萨斯 meet.this.nursery@tale.of 2
[9923] Hibiscus 芙蓉 end.Communists@of.various 3
[9927] Frostleaf 霜叶 published.in@the.English 1
[9930] 0
[9931] -1
[9938] 0
[9948] 0
[9956] 0
[9964] Texas 德克萨斯 meet.this.nursery@tale.of 2
[9971] ProjeKTRed 红红 following.Manifesto@to.be 1
[9977] May 梅梅 Freeman.and@slave.patrician 1
[9979] Leizi 惊蛰 serf.guildmaster@and.journeyma 4
[9987] 0
[9995] -1
[10004] Franka 芙兰 Proletariat@From.the 1
[10014] -1
[10021] Catapult 空爆 arrangement@of.society 2
[10027] 0
[10034] 0
[10044] Bison 拜松 two.great.hostile@camps.into 1
[10048] Amiya 阿米娅 Communistic@by.its 2
[10053] 0
[10061] -1
[10066] 0
[10067] 0
[10076] 0
[10081] -1
[10086] ShiraYuki 白雪 each.other@Bourgeoisie.and 4
[10088] Orchid 梓兰 two.great.classes@directly.fac 3
[10091] 0
[10100] 0
[10102] Zima 凛冬 place.of.the@old.ones 4
[10103] Liskarm 雷蛇 and.Chinese@markets.the 2
[10111] 0
[10121] 0
[10123] Phantom 傀影 and.Danish@languages.I 1
[10130] Beagle 米格鲁 society.at@large.or 4
[10135] Ansel 安赛尔 the.Spectre@of.Communism 1
[10142] Specter 幽灵鲨 feudal.lords@vassals.guildmast 1
[10147] Firewatch 守林人 these.burgesses@the.first 1
[10154] 0
[10161] Popukar 泡普卡 classes.again@subordinate.grad 2
[10167] Meteorite 陨星 everywhere@a.complicated 1
[10174] Orchid 梓兰 two.great.classes@directly.fac 3
[10183] Manticore 狮蝎 branding.reproach@of.Communism 3
[10189] Mostima 莫斯提马 manifold.gradation@of.social 3
[10191] Schwarz 黑黑 of.America@the.rounding 1
[10195] Manticore 狮蝎 branding.reproach@of.Communism 3
[10200] Chen 陈陈 history.of@class.struggles 1
[10201] Weedy 温蒂 but.established@new.classes 1
[10209] -1
[10215] Rope 暗索 The.modern@bourgeois.society 1
[10223] 0
[10229] -1
[10238] Perfumer 调香师 policespies@Where.is 1
[10242] Hibiscus 芙蓉 end.Communists@of.various 3
[10249] 0
[10250] 0
[10253] 0
[10256] ShiraYuki 白雪 the.increase@in.the 4
[10258] Grani 格拉尼 and.plebeian@lord.and 2
[10264] 0
[10267] -1
[10276] Orchid 梓兰 two.great.classes@directly.fac 3
[10282] 0
[10288] 0
[10289] 0
[10299] -1
[10308] 0
[10315] 0
[10324] 0
[10332] Catapult 空爆 arrangement@of.society 2
[10340] 0
[10350] Mostima 莫斯提马 manifold.gradation@of.social 3
[10357] 0
[10364] Phantom 傀影 and.Danish@languages.I 1
[10372] Catapult 空爆 arrangement@of.society 2
[10376] Durin 杜林 new.conditions@of.oppression 2
[10383] Shamare 巫恋 sprang.the@chartered.burghers 2
[10391] Platinum 白金 of.the.Cape@opened.up 1
[10397] 0
[10403] 0
[10408] Gummy 古米 aims.their@tendencies.and 3
[10417] Skadi 斯卡蒂 should.openly@in.the 4
[10420] 0
[10426] Vigna 红豆 French.German@Italian.Flemish 1
[10436] Nightmare 夜魔 antagonisms@It.has 1
[10444] Skadi 斯卡蒂 should.openly@in.the 4
[10451] -1
[10453] Gitano 远山 rising.bourgeoisie@The.EastInd 4
[10463] Durin 杜林 new.conditions@of.oppression 2
[10472] May 梅梅 Freeman.and@slave.patrician 1
[10479] 0
[10483] 0
[10485] Elysium 极境 in.the.common@ruin.of 1
[10488] ShiraYuki 白雪 the.increase@in.the 4
[10493] Bibeak 柏喙 slaves.in.the@Middle.Ages 1
[10496] 0
[10500] Leizi 惊蛰 serf.guildmaster@and.journeyma 4
[10508] Texas 德克萨斯 meet.this.nursery@tale.of 2
[10509] Leizi 惊蛰 serf.guildmaster@and.journeyma 4
[10516] Catapult 空爆 arrangement@of.society 2
[10519] 0
[10528] 0
[10529] Myrtle 桃金娘 French.Radicals@and.German 4
[10534] Beagle 米格鲁 society.at@large.or 4
[10542] Gravel 砾砾 ruins.of.feudal@society.has 1
[10548] Durin 杜林 new.conditions@of.oppression 2
[10556] ProjeKTRed 红红 following.Manifesto@to.be 1
[10559] Sesa 慑砂 against.the@more.advanced 3
[10564] Savage 暴行 history.we@find.almost 2
[10566] Shining 闪灵 fresh.ground@for.the 1
[10569] Zima 凛冬 place.of.the@old.ones 4
[10574] Earthspirit 地灵 into.various@orders.a 3
[10575] Hellagur 赫拉格 were.developed@The.discovery 1
[10578] -1
[10585] ProjeKTRed 红红 following.Manifesto@to.be 1
[10590] Beagle 米格鲁 society.at@large.or 4
[10599] Nian 年年 a.whole.is@more.and 1
[10608] May 梅梅 Freeman.and@slave.patrician 1
[10615] Skadi 斯卡蒂 should.openly@in.the 4
[10622] Sesa 慑砂 against.the@more.advanced 3
[10630] ProjeKTRed 红红 following.Manifesto@to.be 1
[10632] -1
[10637] Specter 幽灵鲨 feudal.lords@vassals.guildmast 1
[10642] Perfumer 调香师 policespies@Where.is 1
[10647] Cardigan 卡缇 with.a.Manifesto@of.the 2
[10655] Myrtle 桃金娘 French.Radicals@and.German 4
[10662] Lappland 拉普兰 element.in@the.tottering 2
[10668] Bagpipe 风笛 means.of.exchange@and.in 1
[10675] Frostleaf 霜叶 published.in@the.English 1
[10677] 0
[10680] 0
[10686] Pramanix 初雪 the.bourgeoisie@possesses.howe 1
[10694] Ceylon 锡兰 elements.of@the.bourgeoisie 4
[10700] Estelle 艾丝黛尔 result.from@this.fact 2
[10706] Frostleaf 霜叶 published.in@the.English 1
[10713] Lappland 拉普兰 element.in@the.tottering 2
[10717] Glaucus 格劳克斯 in.almost.all@of.these 2
[10722] 0
[10726] 0
[10735] -1
[10740] Leizi 惊蛰 serf.guildmaster@and.journeyma 4
[10743] Bagpipe 风笛 means.of.exchange@and.in 1
[10744] 0
[10752] Weedy 温蒂 but.established@new.classes 1
[10753] Shaw 阿消 not.done.away@with.class 2
[10756] Pramanix 初雪 the.bourgeoisie@possesses.howe 1
[10760] 0
[10769] 0
[10777] Myrtle 桃金娘 industrial@production.was 4
[10784] ShiraYuki 白雪 the.increase@in.the 4
[10786] GreyThroat 灰喉 system.of.industry@under.which 1
[10796] Amiya 阿米娅 Communistic@by.its 2
[10802] GreyThroat 灰喉 system.of.industry@under.which 1
[10803] Deepcolor 深海色 has.simplified@the.class 1
[10809] Vulcan 火神 commodities@generally.gave 1
[10819] Lappland 拉普兰 element.in@the.tottering 2
[10821] 0
[10825] 0
[10830] Myrtle 桃金娘 industrial@production.was 4
[10834] Bison 拜松 two.great.hostile@camps.into 1
[10836] 0
[10845] 0
[10850] 0
[10854] Rope 暗索 The.modern@bourgeois.society 1
[10864] 0
[10873] 0
[10879] Haze 夜烟 thereby.to@the.revolutionary 1
[10886] Eyjafjalla 艾雅法拉 BOURGEOIS.AND@PROLETARIANS.The 2
[10894] Phantom 傀影 and.Danish@languages.I 1
[10895] Ansel 安赛尔 the.Spectre@of.Communism 1
[10901] Rope 暗索 The.modern@bourgeois.society 1
[10905] Grani 格拉尼 and.plebeian@lord.and 2
[10908] Bagpipe 风笛 means.of.exchange@and.in 1
[10909] 0
[10919] -1
[10921] Lava 炎熔 well.as.against@its.reactionar 2
[10926] Scavenger 清道 in.London.and@sketched.the 1
[10933] Beagle 米格鲁 The.manufacturing@system.took 4
[10941] 0
[10944] 0
[10949] 0
[10958] Lava 炎熔 well.as.against@its.reactionar 2
[10965] Platinum 白金 of.the.Cape@opened.up 1
[10974] Warfarin 华法琳 never.before@known.and 1
[10982] Blaze 煌煌 journeymen@apprentices.serfs 3
[10984] Reed 苇草 rank.In.ancient@Rome.we 4
[10988] Ansel 安赛尔 the.Spectre@of.Communism 1
[10989] 0
[10996] -1
[11004] Nightmare 夜魔 antagonisms@It.has 1
[11006] 0
[11012] 0
[11018] Durnar 坚雷 Czar.Metternich@and.Guizot 3
[11026] Hellagur 赫拉格 were.developed@The.discovery 1
[11030] 0
[11036] 0
[11037] Vigna 红豆 French.German@Italian.Flemish 1
[11044] -1
[11053] Franka 芙兰 Proletariat@From.the 1
[11054] 0
[11064] 0
[11074] Scavenger 清道 vanished.in@the.face 1
[11079] Cutter 刻刀 in.a.revolutionary@reconstitut 5
[11086] -1
[11093] Bibeak 柏喙 slaves.in.the@Middle.Ages 1
[11103] 0
[11110] 0
[11119] 0
[11129] Popukar 泡普卡 classes.again@subordinate.grad 2
[11132] Earthspirit 地灵 into.various@orders.a 3
[11136] 0
[11140] 0
[11141] 0
[11148] Ansel 安赛尔 the.Spectre@of.Communism 1
[11157] Bagpipe 风笛 means.of.exchange@and.in 1
[11164] Cardigan 卡缇 with.a.Manifesto@of.the 2
[11165] Gummy 古米 aims.their@tendencies.and 3
[11170] 0
[11171] Deepcolor 深海色 has.simplified@the.class 1
[11177] Grani 格拉尼 and.plebeian@lord.and 2
[11178] Shaw 阿消 not.done.away@with.class 2
[11180] Vigna 红豆 French.German@Italian.Flemish 1
[11190] Istina 真理 that.each.time@ended.either 3
[11197] Bison 拜松 two.great.hostile@camps.into 1
[11207] -1
[11210] Sussurro 苏苏洛 trade.with@the.colonies 1
[11215] 0
[11218] 0
[11228] Elysium 极境 in.the.common@ruin.of 1
[11232] Hellagur 赫拉格 growing.the@demand.ever 1
[11235] Nightmare 夜魔 antagonisms@It.has 1
[11236] 0
[11244] Vulcan 火神 commodities@generally.gave 1
[11253] Hellagur 赫拉格 growing.the@demand.ever 1
[11260] Gravel 砾砾 ruins.of.feudal@society.has 1
[11264] Plume 翎羽 to.industry@an.impulse 2
[11269] Plume 翎羽 rising.Even@manufacture.no 2
[11270] Ceylon 锡兰 elements.of@the.bourgeoisie 4
[11272] Leizi 惊蛰 serf.guildmaster@and.journeyma 4
[11281] Zima 凛冬 place.of.the@old.ones 4
[11290] Sesa 慑砂 against.the@more.advanced 3
[11293] Purestream 清流 that.has.sprouted@from.the 3
[11299] Nian 年年 a.whole.is@more.and 1
[11308] 0
[11310] Glaucus 格劳克斯 in.almost.all@of.these 2
[11319] Nightingale 夜莺 more.splitting@up.into 1
[11323] Vulcan 火神 commodities@generally.gave 1
[11325] -1
[11329] Sideroca 铸铁 All.the.Powers@of.old 4
[11339] Lappland 拉普兰 element.in@the.tottering 2
[11348] 0
[11355] 0
[11365] Matoimaru 缠丸 guilds.now@no.longer 4
[11371] Magallan 麦哲伦 this.distinctive@feature.it 4
[11375] -1
[11384] Bison 拜松 two.great.hostile@camps.into 1
[11392] Manticore 狮蝎 branding.reproach@of.Communism 3
[11395] Vulcan 火神 commodities@generally.gave 1
[11402] Amiya 阿米娅 Communistic@by.its 2
[11405] 0
[11408] 0
[11411] WaaiFu 槐琥 face.of.the@whole.world 1
[11420] Vigna 红豆 French.German@Italian.Flemish 1
[11425] Firewatch 守林 production@The.place 1
[11433] Cardigan 卡缇 with.a.Manifesto@of.the 2
[11435] Nearl 临光 adversaries@Two.things 3
[11436] Pramanix 初雪 the.bourgeoisie@possesses.howe 1
[11442] Yato 夜刀 to.commerce@to.navigation 1
[11449] Vulcan 火神 commodities@generally.gave 1
[11455] Shining 闪灵 fresh.ground@for.the 1
[11462] 0
[11467] 0
[11469] Gitano 远山 rising.bourgeoisie@The.EastInd 4
[11478] Cardigan 卡缇 with.a.Manifesto@of.the 2
[11480] Cardigan 卡缇 with.a.Manifesto@of.the 2
[11490] WaaiFu 槐琥 face.of.the@whole.world 1
[11491] Fang 芬芬 sufficed.for@the.growing 1
[11496] Orchid 梓兰 two.great.classes@directly.fac 3
[11501] 0
[11502] 0
[11505] 0
[11509] Myrtle 桃金娘 industrial@production.was 4
[11516] Durnar 坚雷 Czar.Metternich@and.Guizot 3
[11518] Nian 年年 a.whole.is@more.and 1
[11524] Ceobe 刻俄柏 of.the.earliest@towns.From 2
[11533] Amiya 阿米 Communistic@by.its 2
[11539] Ceylon 锡兰 elements.of@the.bourgeoisie 4
[11547] Grani 格拉尼 and.plebeian@lord.and 2
[11551] Magallan 麦哲 the.place.of@the.industrial 4
[11553] Phantom 傀影 and.Danish@languages.I 1
[11563] -1
[11564] Elysium 极境 in.the.common@ruin.of 1
[11572] -1
[11576] Shaw 阿消 not.done.away@with.class 2
[11584] -1
[11586] Myrrh 末药 one.another@carried.on 4
[11594] Hibiscus 芙蓉 end.Communists@of.various 3
[11597] 0
[11616] 0
[11623] 0
[11625] -1
[11631] Elysium 极境 in.the.common@ruin.of 1
[11636] 0
[11640] -1
[11641] -1
[11647] -1
[11653] 0
[11661] 0
[11664] -1
[11674] -1
[11682] 0
[11692] 0
[11693] -1
[11694] 0
[11700] -1
[11709] 0
[11716] -1
[11718] ProjeKTRed 红红 following.Manifesto@to.be 1
[11719] Gravel 砾砾 ruins.of.feudal@society.has 1
[11727] -1
[11733] Hellagur 赫拉格 growing.the@demand.ever 1
[11740] -1
[11750] 0
[11753] 0
[11756] -1
[11760] 0
[11768] 0
[11776] Ceobe 刻俄柏 of.the.earliest@towns.From 2
[11782] -1
[11787] 0
[11795] -1
[11799] -1
[11801] 0
[11809] 0
[11819] -1
[11829] -1
[11832] 0
[11834] -1
[11843] -1
[11848] -1
[11855] -1
[11863] -1
[11872] -1
[11882] -1
[11891] 0
[11899] -1
[11907] 0
[11916] -1
[11921] -1
[11927] 0
[11929] -1
[11935] Frostleaf 霜叶 published.in@the.English 1
[11936] -1
[11946] 0
[11947] -1
[11952] 0
[11953] Leizi 惊蛰 serf.guildmaster@and.journeyma 4
[11958] 0
[11966] 0
[11972] 0
[11976] -1
[11986] 0
[11987] -1
[11988] -1
[11997] 0
[11999] 0
[12002] 0
[12008] 0
[12009] -1
[12015] 0
[12021] 0
[12026] 0
[12028] Istina 真理 that.each.time@ended.either 3
[12030] Firewatch 守林 production@The.place 1
[12037] -1
[12038] -1
[12039] 0
[12043] -1
[12046] -1
[12056] -1
[12065] 0
[12068] -1
[12070] 0
[12076] -1
[12080] Catapult 空爆 arrangement@of.society 2
[12089] 0
[12099] -1
[12109] 0
[12110] -1
[12116] -1
[12123] 0
[12124] -1
[12125] -1
[12135] 0
[12142] 0
[12151] -1
[12156] 0
[12163] -1
[12165] -1
[12166] 0
[12175] -1
[12178] -1
[12188] -1
[12192] -1
[12197] -1
[12199] Nian 年年 a.whole.is@more.and 1
[12209] -1
[12215] 0
[12222] 0
[12230] -1
[12238] -1
[12243] 0
[12246] -1
[12247] -1
[12255] -1
[12265] 0
[12267] -1
[12268] -1
[12278] 0
[12284] 0
[12286] -1
[12296] Fang 芬芬 sufficed.for@the.growing 1
[12297] 0
[12307] 0
[12316] 0
[12325] -1
[12333] 0
[12339] 0
[12340] 0
[12345] 0
[12350] Astesia 星极 and.machinery@revolutionised.i 1
[12355] 0
[12365] Snowsant 雪雉 wants.of.the@new.markets 2
[12369] 0
[12373] -1
[12374] -1
[12379] -1
[12380] -1
[12390] -1
[12396] 0
[12399] 0
[12409] 0
[12410] May 梅梅 Freeman.and@slave.patrician 1
[12417] -1
[12423] -1
[12430] 0
[12440] 0
[12449] -1
[12457] -1
[12459] -1
[12460] -1
[12461] -1
[12466] 0
[12475] -1
[12482] Leizi 惊蛰 serf.guildmaster@and.journeyma 4
[12491] -1
[12493] -1
[12496] -1
[12497] 0
[12504] 0
[12508] -1
[12510] 0
[12512] 0
[12522] 0
[12523] -1
[12527] 0
[12532] 0
[12539] -1
[12546] 0
[12553] -1
[12554] -1
[12557] 0
[12560] 0
[12567] -1
[12574] -1
[12581] Popukar 泡普卡 classes.again@subordinate.grad 2
[12591] -1
[12599] 0
[12607] -1
[12615] 0
[12625] -1
[12631] 0
[12640] -1
[12648] -1
[12655] -1
[12657] 0
[12666] -1
[12673] 0
[12678] -1
[12679] 0
[12683] -1
[12684] -1
[12689] -1
[12693] 0
[12703] 0
[12706] -1
[12709] -1
[12714] -1
[12717] 0
[12725] -1
[12728] -1
[12733] -1
[12737] -1
[12742] -1
[12751] -1
[12757] 0
[12760] -1
[12770] -1
[12774] -1
[12780] 0
[12786] -1
[12791] 0
[12797] 0
[12803] -1
[12811] 0
[12820] 0
[12830] 0
[12831] -1
[12839] -1
[12845] 0
[12848] -1
[12853] -1
[12859] -1
[12869] -1
[12876] -1
[12877] -1
[12881] -1
[12884] -1
[12888] 0
[12890] -1
[12891] -1
[12896] -1
[12898] -1
[12902] Estelle 艾丝黛尔 result.from@this.fact 2
[12906] -1
[12911] -1
[12914] -1
[12922] -1
[12928] -1
[12933] 0
[12942] 0
[12944] -1
[12950] -1
[12955] -1
[12961] 0
[12969] 0
[12979] -1
[12982] -1
[12990] -1
[12998] 0
[13003] 0
[13011] -1
[13020] -1
[13022] -1
[13026] -1
[13029] -1
[13032] 0
[13035] 0
[13040] -1
[13043] Savage 暴行 history.we@find.almost 2
[13047] 0
[13053] -1
[13062] -1
[13068] -1
[13077] -1
[13083] -1
[13088] 1
eMiWdBPQkB 上海交通大学 08-08 10:44 -> 上海 08-08 10:49 23907 27118
[13092] 0
[13096] 0
[13101] -1
[13108] 0
[13118] -1
[13121] -1
[13129] -1
[13138] -1
[13148] 0
[13151] 0
[13152] 0
[13162] -1
[13167] -1
[13169] 0
[13178] -1
[13186] Orchid 梓兰 two.great.classes@directly.fac 3
[13188] 0
[13190] -1
[13192] 0
[13193] -1
[13197] -1
[13205] -1
[13214] 0
[13217] -1
[13221] -1
[13226] -1
[13231] -1
[13241] -1
[13250] -1
[13253] -1
[13262] 0
[13264] -1
[13273] -1
[13279] -1
[13286] -1
[13294] -1
[13298] -1
[13307] -1
[13308] -1
[13318] -1
[13325] -1
[13331] -1
[13334] -1
[13343] -1
[13353] -1
[13363] -1
[13373] -1
[13375] -1
[13378] -1
[13381] 0
[13390] 0
[13392] 0
[13395] 0
[13402] 0
[13412] 0
[13415] 0
[13416] 0
[13425] 0
[13427] 0
[13436] 0
[13443] 0
[13445] 0
[13452] 0
[13456] 0
[13459] 0
[13464] 0
[13468] 0
[13472] 0
[13473] 0
[13482] 0
[13484] 0
[13491] 0
[13497] 0
[13504] 0
[13509] 0
[13519] 0
[13526] 0
[13534] 0
[13544] 0
[13549] 0
[13552] 0
[13553] 0
[13556] 0
[13559] 0
[13562] 0
[13570] 0
[13575] 0
[13582] 0
[13589] 0
[13592] 0
[13599] 0
[13602] 0
[13612] 0
[13621] 0
[13628] 0
[13632] 0
[13634] 0
[13637] 0
[13641] 0
[13645] 0
[13653] 0
[13657] 0
[13658] 0
[13659] 0
[13662] 0
[13668] 0
[13675] 0
[13683] 0
[13692] 0
[13695] 0
[13702] 0
[13706] 0
[13707] 0
[13709] 0
[13712] 0
[13716] 0
[13726] 0
[13732] 0
[13738] 0
[13741] 0
[13750] 0
[13760] 0
[13769] 0
[13771] 0
[13777] 0
[13783] 0
[13787] 0
[13797] 0
[13806] 0
[13814] 0
[13819] 0
[13825] 0
[13827] 0
[13831] 0
[13841] 0
[13846] -1
[13852] -1
[13856] -1
[13859] 0
[13860] -1
[13861] -1
[13871] -1
[13879] Bibeak 柏喙 slaves.in.the@Middle.Ages 1
[13888] -1
[13894] -1
[13895] -1
[13900] 0
[13904] -1
[13906] 0
[13916] 0
[13926] 0
[13929] -1
[13930] Sideroca 铸铁 All.the.Powers@of.old 4
[13932] -1
[13940] 0
[13943] -1
[13952] 0
[13958] -1
[13964] -1
[13968] 0
[13971] 0
[13973] 0
[13974] -1
[13984] Pramanix 初雪 the.bourgeoisie@possesses.howe 1
[13988] 0
[13989] -1
[13993] -1
[13996] Gravel 砾砾 ruins.of.feudal@society.has 1
[14006] 0
[14011] -1
[14014] -1
[14022] 0
[14029] -1
[14032] -1
[14039] Lappland 拉普兰 element.in@the.tottering 2
[14047] -1
[14050] -1
[14058] 0
[14059] -1
[14060] -1
[14070] 0
[14080] -1
[14087] -1
[14091] 0
[14097] -1
[14105] -1
[14109] -1
[14112] -1
[14117] -1
[14127] -1
[14129] -1
[14136] -1
[14144] -1
[14148] -1
[14158] -1
[14159] -1
[14169] 0
[14179] 0
[14183] 0
[14184] -1
[14191] -1
[14193] -1
[14194] -1
[14201] -1
[14203] 0
[14212] -1
[14215] 0
[14219] Weedy 温蒂 but.established@new.classes 1
[14225] -1
[14232] 0
[14233] 0
[14240] -1
[14247] -1
[14254] -1
[14255] -1
[14263] 0
[14271] 0
[14275] -1
[14280] 0
[14281] 0
[14283] 0
[14287] -1
[14297] -1
[14306] -1
[14314] 0
[14324] -1
[14330] -1
[14336] -1
[14346] 0
[14349] 0
[14356] -1
[14366] -1
[14376] 0
[14379] 0
[14384] Siege 推进之王 development@The.feudal 1
[14389] -1
[14390] -1
[14395] -1
[14399] 0
[14400] -1
[14403] 0
[14404] 0
[14412] 0
[14415] -1
[14425] -1
[14427] 0
[14436] 0
[14438] -1
[14444] Bagpipe 风笛 means.of.exchange@and.in 1
[14452] -1
[14462] -1
[14465] -1
[14473] 0
[14474] 0
[14484] Pramanix 初雪 the.bourgeoisie@possesses.howe 1
[14493] -1
[14497] -1
[14502] 0
[14507] Melantha 玫兰莎 monopolised@by.closed 1
[14512] -1
[14521] -1
[14530] -1
[14537] -1
[14541] -1
[14548] -1
[14550] Deepcolor 深海色 has.simplified@the.class 1
[14552] -1
[14558] -1
[14568] -1
[14572] -1
[14573] -1
[14575] 0
[14584] 0
[14587] 0
[14596] 0
[14602] 0
[14610] -1
[14611] 0
[14620] -1
[14630] -1
[14632] 0
[14638] -1
[14647] -1
[14655] -1
[14656] 0
[14663] -1
[14665] 0
[14674] -1
[14675] -1
[14676] Shining 闪灵 fresh.ground@for.the 1
[14681] 0
[14689] 0
[14698] -1
[14708] -1
[14716] -1
[14725] 0
[14728] 0
[14735] -1
[14744] -1
[14748] -1
[14758] 0
[14766] -1
[14768] -1
[14776] Gavial 嘉维尔 middle.class@by.industrial 3
[14785] 0
[14788] 0
[14793] -1
[14801] -1
[14809] -1
[14815] 0
[14824] 0
[14830] -1
[14834] 0
[14843] -1
[14851] -1
[14857] 0
[14865] -1
[14868] -1
[14878] -1
[14886] 0
[14892] -1
[14901] 0
[14904] -1
[14911] 0
[14918] 0
[14919] -1
[14929] -1
[14930] -1
[14935] -1
[14939] -1
[14949] Frostleaf 霜叶 published.in@the.English 1
[14950] -1
[14951] -1
[14960] -1
[14965] 0
[14969] -1
[14971] -1
[14974] 0
[14978] 0
[14985] -1
[14989] -1
[14990] -1
[14996] -1
[15005] -1
[15006] Vulcan 火神 commodities@generally.gave 1
[15008] -1
[15017] Vigna 红豆 French.German@Italian.Flemish 1
[15021] -1
[15022] -1
[15028] -1
[15032] -1
[15036] -1
[15040] -1
[15045] -1
[15050] 0
[15054] -1
[15060] 0
[15064] -1
[15071] 0
[15079] -1
[15089] -1
[15091] -1
[15097] -1
[15098] -1
[15108] -1
[15110] -1
[15116] -1
[15118] 0
[15120] 0
[15122] 0
[15123] -1
[15132] 0
[15133] -1
[15135] -1
[15136] 0
[15141] -1
[15144] -1
[15146] 0
[15147] Franka 芙兰 Proletariat@From.the 1
[15156] 0
[15162] -1
[15164] 0
[15168] -1
[15169] 0
[15175] 0
[15184] -1
[15191] -1
[15193] Indra 因陀罗 serfs.of.the@Middle.Ages 1
[15201] -1
[15207] -1
[15209] 0
[15216] Gavial 嘉维尔 middle.class@by.industrial 3
[15222] -1
[15230] 0
[15238] -1
[15246] -1
[15254] Ceylon 锡兰 elements.of@the.bourgeoisie 4
[15263] -1
[15269] 1
gapfOzKwUdqdOlfh 温州 08-26 08:49 -> 上海交通大学 08-26 09:03 22404 46097
[15274] 0
[15276] -1
[15277] -1
[15285] -1
[15286] 1
gapfOzKwUdqdOlfh 温州 06-24 08:49 -> 上海 06-24 09:18 66205 46097
[15288] 0
[15292] -1
[15296] -1
[15306] 0
[15314] -1
[15323] 1
gapfOzKwUdqdOlfh 温州 08-28 08:49 -> 上海 08-28 09:18 66205 46097
[15325] 0
[15328] -1
[15335] -1
[15338] -1
[15340] -1
[15347] 0
[15354] -1
[15361] 0
[15365] -1
[15373] 0
[15376] 0
[15385] 0
[15387] -1
[15395] -1
[15403] -1
[15411] -1
[15421] 0
[15422] 0
[15423] -1
[15431] -1
[15440] -1
[15448] -1
[15453] 0
[15461] -1
[15470] 0
[15476] 0
[15481] 0
[15482] -1
[15488] 0
[15496] -1
[15501] 0
[15504] -1
[15514] 0
[15522] 0
[15526] -1
[15529] 0
[15531] -1
[15537] -1
[15547] -1
[15557] 0
[15564] -1
[15569] 0
[15570] 1
gapfOzKwUdqdOlfh 温州 08-19 08:49 -> 上海交通大学 08-19 09:03 22404 46097
[15574] -1
[15580] Franka 芙兰 Proletariat@From.the 1
[15584] -1
[15592] -1
[15599] -1
[15601] 0
[15604] Bibeak 柏喙 slaves.in.the@Middle.Ages 1
[15606] -1
[15616] 0
[15625] 0
[15631] -1
[15640] -1
[15641] -1
[15644] -1
[15647] 0
[15654] -1
[15658] -1
[15668] 0
[15675] 0
[15680] Liskarm 雷蛇 and.Chinese@markets.the 2
[15689] -1
[15697] -1
[15700] -1
[15704] -1
[15713] 0
[15719] 0
[15725] -1
[15731] -1
[15741] -1
[15750] 0
[15754] 0
[15758] -1
[15766] 0
[15771] 0
[15772] -1
[15773] Haze 夜烟 thereby.to@the.revolutionary 1
[15774] 0
[15783] -1
[15793] gapfOzKwUdqdOlfh v
温州 xx-xx xx:xx -> 07-12 08:49 0 46097
上海交通大学 07-12 09:03 -> 07-12 09:08 22404 46097
上海 07-12 09:18 -> xx-xx xx:xx 66205 x
[15796] -1
[15804] -1
[15814] -1
[15821] -1
[15823] -1
[15825] 0
[15828] 0
[15838] -1
[15848] -1
[15854] -1
[15855] 0
[15859] 0
[15860] -1
[15861] 0
[15862] 0
[15865] -1
[15869] -1
[15878] -1
[15885] -1
[15894] -1
[15901] -1
[15911] -1
[15915] -1
[15924] -1
[15932] -1
[15935] -1
[15944] -1
[15946] -1
[15952] -1
[15958] -1
[15960] -1
[15970] -1
[15973] -1
[15977] 0
[15980] -1
[15982] -1
[15984] -1
[15988] -1
[15998] -1
[16007] -1
[16017] 0
[16027] -1
[16036] -1
[16046] -1
[16055] -1
[16061] -1
[16066] -1
[16071] -1
[16076] -1
[16081] -1
[16085] -1
[16087] -1
[16092] -1
[16096] -1
[16101] 0
[16107] 0
[16114] 0
[16116] 0
[16118] 0
[16123] 0
[16133] 0
[16142] 0
[16145] 0
[16154] 0
[16162] 0
[16163] 0
[16170] 0
[16177] 0
[16183] 0
[16193] 0
[16201] 0
[16203] 0
[16207] 0
[16215] 0
[16223] 0
[16231] 0
[16238] 0
[16246] 0
[16251] 0
[16253] 0
[16260] 0
[16265] 0
[16268] 0
[16275] 0
[16284] 0
[16285] 0
[16290] 0
[16293] 0
[16295] 0
[16304] 0
[16309] 0
[16310] 0
[16317] 0
[16321] 0
[16329] 0
[16331] 0
[16340] 0
[16343] 0
[16349] 0
[16359] 0
[16364] 0
[16372] 0
[16376] 0
[16380] 0
[16389] 0
[16395] 0
[16397] 0
[16403] 0
[16405] 0
[16411] 0
[16412] 0
[16420] 0
[16422] 0
[16428] 0
[16435] 0
[16439] 0
[16447] 0
[16456] 0
[16464] 0
[16468] 0
[16469] 0
[16476] 0
[16477] 0
[16478] 0
[16484] 0
[16487] 0
[16494] 0
[16499] 0
[16509] 0
[16517] 0
[16527] 0
[16534] 0
[16536] 0
[16546] 0
[16552] 0
[16559] 0
[16566] 0
[16569] 0
[16573] 0
[16582] 0
[16583] Liskarm 雷蛇 and.Chinese@markets.the 2
[16588] Franka 芙兰 Proletariat@From.the 1
[16593] Phantom 傀影 and.Danish@languages.I 1
[16601] Sideroca 铸铁 All.the.Powers@of.old 4
[16608] Indra 因陀罗 serfs.of.the@Middle.Ages 1
[16618] Weedy 温蒂 but.established@new.classes 1
[16626] 0
[16629] 0
[16637] Meteorite 陨星 everywhere@a.complicated 1
[16644] Eyjafjalla 艾雅法拉 BOURGEOIS.AND@PROLETARIANS.The 2
[16653] Gummy 古米 aims.their@tendencies.and 3
[16657] 0
[16666] Leizi 惊蛰 serf.guildmaster@and.journeyma 4
[16670] Midnight 月见夜 antagonisms@Society.as 1
[16675] Meteor 流星 millionaires@the.leaders 3
[16685] Haze 夜烟 thereby.to@the.revolutionary 1
[16687] W 达不溜 the.manufacturing@middle.class 2
[16689] Manticore 狮蝎 branding.reproach@of.Communism 3
[16691] Orchid 梓兰 two.great.classes@directly.fac 3
[16699] -1
[16701] Shining 闪灵 fresh.ground@for.the 1
[16702] 0
[16703] ProjeKTRed 红红 following.Manifesto@to.be 1
[16704] 0
[16711] 0
[16720] Warfarin 华法琳 never.before@known.and 1
[16721] 0
[16722] Glaucus 格劳克斯 in.almost.all@of.these 2
[16732] Bagpipe 风笛 means.of.exchange@and.in 1
[16737] Fang 芬芬 sufficed.for@the.growing 1
[16747] Midnight 月见夜 antagonisms@Society.as 1
[16752] Eyjafjalla 艾雅法拉 BOURGEOIS.AND@PROLETARIANS.The 2
[16753] Reed 苇草 rank.In.ancient@Rome.we 4
[16757] 0
[16763] Plume 翎羽 rising.Even@manufacture.no 2
[16764] Nearl 临光 adversaries@Two.things 3
[16770] Chen 陈陈 history.of@class.struggles 1
[16778] Shining 闪灵 fresh.ground@for.the 1
[16787] Istina 真理 that.each.time@ended.either 3
[16801] 0
[16811] Firewatch 守林 production@The.place 1
[16813] 0
[16820] 0
[16827] -1
[16831] -1
[16840] -1
[16849] 0
[16857] 0
[16861] -1
[16863] 0
[16866] -1
[16873] 0
[16876] -1
[16882] 0
[16884] -1
[16893] -1
[16903] -1
[16910] 0
[16912] -1
[16917] -1
[16922] 0
[16927] 0
[16936] 0
[16946] Firewatch 守林 production@The.place 1
[16950] -1
[16952] Lava 炎熔 well.as.against@its.reactionar 2
[16961] -1
[16971] 0
[16973] 0
[16978] -1
[16986] 0
[16993] 0
[17002] -1
[17003] 0
[17008] -1
[17009] -1
[17017] 0
[17027] -1
[17034] Liskarm 雷蛇 and.Chinese@markets.the 2
[17039] Pramanix 初雪 the.bourgeoisie@possesses.howe 1
[17043] 0
[17053] 0
[17060] 0
[17067] -1
[17069] -1
[17077] -1
[17082] 0
[17092] 0
[17102] 0
[17106] 0
[17115] 0
[17120] -1
[17127] 0
[17137] -1
[17140] -1
[17150] 0
[17160] -1
[17162] -1
[17165] -1
[17174] 0
[17182] -1
[17188] 0
[17193] 0
[17200] 0
[17210] -1
[17218] -1
[17223] 0
[17226] -1
[17227] 0
[17229] 0
[17239] 0
[17246] 0
[17256] 0
[17257] -1
[17262] KUnTgJwrpfWFeGi E
北京 xx-xx xx:xx -> 08-15 04:08 0 42969
浙江 08-15 04:23 -> xx-xx xx:xx 86384 x
[17266] -1
[17270] 0
[17272] -1
[17281] -1
[17291] -1
[17297] 0
[17302] -1
[17307] -1
[17310] 0
[17316] Istina 真理 that.each.time@ended.either 3
[17318] Vermeil 红云 existing.societies@is.the 1
[17328] 0
[17336] 0
[17340] 0
[17346] -1
[17355] -1
[17362] 0
[17363] 0
[17364] -1
[17369] -1
[17378] -1
[17386] -1
[17392] 0
[17397] 0
[17403] -1
[17413] Hibiscus 芙蓉 end.Communists@of.various 3
[17418] 0
[17426] -1
[17429] 0
[17435] -1
[17438] -1
[17444] Meteorite 陨星 everywhere@a.complicated 1
[17453] -1
[17460] -1
[17464] -1
[17469] -1
[17478] 1
DnUHqGhxrDKTyollV 温州 07-15 18:01 -> 上海 07-15 18:36 146388 37785
[17486] -1
[17487] 0
[17496] 0
[17497] -1
[17503] -1
[17509] 0
[17518] -1
[17526] DnUHqGhxrDKTyollV b
温州 xx-xx xx:xx -> 08-04 18:01 0 37785
浙江 08-04 18:15 -> 08-04 18:29 61096 37785
上海 08-04 18:36 -> xx-xx xx:xx 146388 x
[17535] -1
[17537] -1
[17540] -1
[17545] -1
[17547] -1
[17557] -1
[17558] -1
[17559] -1
[17569] -1
[17574] -1
[17579] -1
[17584] 0
[17592] -1
[17598] -1
[17600] -1
[17604] -1
[17606] -1
[17608] -1
[17618] -1
[17621] -1
[17631] -1
[17634] -1
[17637] -1
[17643] -1
[17644] 0
[17650] -1
[17657] 0
[17660] -1
[17668] 0
[17677] Melantha 玫兰莎 monopolised@by.closed 1
[17680] Manticore 狮蝎 branding.reproach@of.Communism 3
[17681] -1
[17688] 0
[17692] -1
[17697] -1
[17706] -1
[17711] 0
[17721] -1
[17726] -1
[17734] -1
[17736] -1
[17745] -1
[17752] -1
[17762] 0
[17769] -1
[17772] -1
[17773] -1
[17774] -1
[17776] LwgRacrTujYRZBI U
上海交通大学 xx-xx xx:xx -> 08-18 05:20 0 35367
浙江 08-18 05:29 -> xx-xx xx:xx 89054 x
[17785] -1
[17788] 0
[17796] -1
[17800] -1
[17803] -1
[17812] -1
[17817] -1
[17818] -1
[17826] Nian 年年 a.whole.is@more.and 1
[17830] -1
[17837] 0
[17841] -1
[17848] Mostima 莫斯提马 manifold.gradation@of.social 3
[17856] 0
[17860] Weedy 温蒂 but.established@new.classes 1
[17862] 1
KUnTgJwrpfWFeGi 北京 07-15 04:08 -> 浙江 07-15 04:23 86384 42969
[17867] 1
DnUHqGhxrDKTyollV 温州 08-07 18:01 -> 上海 08-07 18:36 146388 37785
[17873] -1
[17877] -1
[17878] -1
[17879] 0
[17882] -1
[17891] -1
[17901] 0
[17905] -1
[17911] -1
[17916] 0
[17926] -1
[17927] -1
[17936] -1
[17940] -1
[17950] -1
[17960] -1
[17964] -1
[17967] -1
[17969] -1
[17971] goPhtzWCqpaGJxItn 銐嚛鳘 HfU 2
[17976] -1
[17978] DnUHqGhxrDKTyollV b
温州 xx-xx xx:xx -> 07-28 18:01 0 37785
浙江 07-28 18:15 -> 07-28 18:29 61096 37785
上海 07-28 18:36 -> xx-xx xx:xx 146388 x
[17988] -1
[17991] -1
[17997] -1
[18000] -1
[18009] 0
[18011] 0
[18021] -1
[18030] 0
[18033] Haze 夜烟 thereby.to@the.revolutionary 1
[18035] Popukar 泡普卡 classes.again@subordinate.grad 2
[18036] 0
[18038] -1
[18040] 0
[18048] -1
[18056] -1
[18061] -1
[18067] -1
[18070] 0
[18071] -1
[18081] -1
[18083] -1
[18085] 0
[18089] 0
[18098] -1
[18103] -1
[18104] -1
[18114] Gitano 远山 rising.bourgeoisie@The.EastInd 4
[18117] -1
[18119] -1
[18123] -1
[18130] 0
[18135] -1
[18136] 0
[18137] -1
[18143] 0
[18150] 0
[18152] 0
[18158] W 达不溜 the.manufacturing@middle.class 2
[18160] -1
[18164] 1
KUnTgJwrpfWFeGi 北京 07-05 04:08 -> 浙江 07-05 04:23 86384 42969
[18166] -1
[18173] Cliffheart 崖心 longer.sufficed@Thereupon.stea 5
[18174] 0
[18184] 0
[18194] -1
[18196] 0
[18204] 0
[18209] -1
[18219] -1
[18220] -1
[18228] -1
[18237] 0
[18239] -1
[18247] -1
[18254] 0
[18257] -1
[18267] -1
[18273] -1
[18278] -1
[18279] -1
[18280] -1
[18285] -1
[18287] -1
[18291] -1
[18298] 0
[18304] -1
[18308] 0
[18315] Earthspirit 地灵 into.various@orders.a 3
[18317] 1
GZfTHiZOFmhMJAylnaRU 北京 07-22 06:17 -> 上海 07-22 06:32 45639 30163
[18320] -1
[18322] -1
[18330] 0
[18335] -1
[18344] -1
[18354] -1
[18360] 0
[18361] Ceylon 锡兰 elements.of@the.bourgeoisie 4
[18362] -1
[18368] -1
[18371] -1
[18376] DnUHqGhxrDKTyollV b
温州 xx-xx xx:xx -> 08-21 18:01 0 37785
浙江 08-21 18:15 -> 08-21 18:29 61096 37785
上海 08-21 18:36 -> xx-xx xx:xx 146388 x
[18385] -1
[18387] -1
[18388] 0
[18394] -1
[18398] -1
[18406] -1
[18407] Skyfire 天火 has.not.been@decried.as 5
[18411] -1
[18413] -1
[18421] 0
[18429] Snowsant 雪雉 wants.of.the@new.markets 2
[18433] 2
DnUHqGhxrDKTyollV 温州 08-05 18:01 -> 上海 08-05 18:36 146388 37785
GZfTHiZOFmhMJAylnaRU 温州 08-05 05:52 -> 上海 08-05 06:32 137120 30163
[18439] -1
[18440] -1
[18450] 0
[18456] goPhtzWCqpaGJxItn 銐嚛鳘 HfU 2
[18461] 0
[18464] 1
DnUHqGhxrDKTyollV 温州 08-19 18:01 -> 浙江 08-19 18:15 61096 37785
[18469] -1
[18478] -1
[18480] -1
[18487] 0
[18495] -1
[18505] -1
[18511] 0
[18516] -1
[18518] -1
[18519] -1
[18520] 0
[18524] -1
[18531] -1
[18540] -1
[18544] 0
[18554] 0
[18562] 0
[18569] 0
[18576] -1
[18581] 1
GZfTHiZOFmhMJAylnaRU 北京 07-15 06:17 -> 上海 07-15 06:32 45639 30163
[18588] -1
[18595] -1
[18605] 0
[18607] -1
[18617] -1
[18625] 318445361
[18635] -1
[18636] -1
[18638] -1
[18639] 0
[18643] -1
[18652] -1
[18660] 0
[18667] -1
[18675] 0
[18683] -1
[18688] 0
[18692] -1
[18702] -1
[18707] -1
[18715] 0
[18721] -1
[18728] -1
[18731] -1
[18733] -1
[18739] -1
[18742] -1
[18745] -1
[18755] -1
[18756] -1
[18762] GZfTHiZOFmhMJAylnaRU O
温州 xx-xx xx:xx -> 08-07 05:52 0 30163
北京 08-07 06:04 -> 08-07 06:17 91481 30163
上海 08-07 06:32 -> xx-xx xx:xx 137120 x
[18770] -1
[18774] -1
[18782] 0
[18785] -1
[18794] 0
[18804] -1
[18806] -1
[18814] -1
[18818] -1
[18823] -1
[18827] Glaucus 格劳克斯 in.almost.all@of.these 2
[18837] 0
[18839] 0
[18845] 1
DnUHqGhxrDKTyollV 温州 07-27 18:01 -> 浙江 07-27 18:15 61096 37785
[18850] Durin 杜林 new.conditions@of.oppression 2
[18854] 0
[18864] 0
[18868] -1
[18871] -1
[18875] -1
[18880] 0
[18884] -1
[18885] -1
[18888] -1
[18893] -1
[18901] Utage 宴宴 new.forms.of@struggle.in 1
[18903] -1
[18910] 0
[18920] -1
[18928] -1
[18929] -1
[18934] -1
[18942] 1
DnUHqGhxrDKTyollV 浙江 08-20 18:29 -> 上海 08-20 18:36 85292 37785
[18946] -1
[18955] Leizi 惊蛰 serf.guildmaster@and.journeyma 4
[18960] 0
[18965] -1
[18972] -1
[18973] -1
[18976] 0
[18983] 0
[18989] -1
[18999] 1
UHofhisZcOBtLKaZLC 上海交通大学 06-17 01:05 -> 浙江大学 06-17 01:20 67095 72566
[19007] -1
[19012] 0
[19014] -1
[19018] 0
[19019] Nightmare 夜魔 antagonisms@It.has 1
[19021] 0
[19029] -1
[19038] -1
[19045] -1
[19055] -1
[19059] 0
[19066] -1
[19070] -1
[19071] -1
[19077] -1
[19081] -1
[19090] 0
[19099] -1
[19105] -1
[19111] Indra 因陀罗 serfs.of.the@Middle.Ages 1
[19112] 0
[19116] -1
[19126] -1
[19128] 0
[19135] -1
[19140] 0
[19142] 0
[19143] 0
[19148] -1
[19153] -1
[19157] 0
[19162] -1
[19168] -1
[19177] 1
DnUHqGhxrDKTyollV 浙江 07-12 18:29 -> 上海 07-12 18:36 85292 37785
[19181] -1
[19184] -1
[19185] 0
[19188] -1
[19194] 0
[19197] DnUHqGhxrDKTyollV b
温州 xx-xx xx:xx -> 08-08 18:01 0 37785
浙江 08-08 18:15 -> 08-08 18:29 61096 37785
上海 08-08 18:36 -> xx-xx xx:xx 146388 x
[19201] -1
[19202] 0
[19209] 0
[19215] -1
[19224] -1
[19233] -1
[19240] -1
[19250] -1
[19254] -1
[19255] -1
[19265] -1
[19275] -1
[19277] 0
[19282] -1
[19292] -1
[19297] -1
[19306] -1
[19316] -1
[19325] -1
[19327] -1
[19337] -1
[19343] -1
[19349] -1
[19351] -1
[19357] -1
[19367] -1
[19371] -1
[19373] -1
[19380] 0
[19388] -1
[19391] -1
[19399] -1
[19401] -1
[19405] -1
[19415] -1
[19418] -1
[19424] -1
[19432] -1
[19438] -1
[19439] -1
[19449] -1
[19454] -1
[19455] -1
[19459] -1
[19468] -1
[19475] -1
[19482] -1
[19485] -1
[19494] 0
[19502] 0
[19504] 0
[19510] 0
[19517] 0
[19527] 0
[19532] 0
[19536] 0
[19539] 0
[19544] 0
[19545] 0
[19546] 0
[19550] 0
[19556] 0
[19557] 0
[19562] 0
[19570] 0
[19579] 0
[19587] 0
[19590] 0
[19592] 0
[19596] 0
[19597] 0
[19598] 0
[19606] 0
[19614] 0
[19624] 0
[19628] 0
[19634] 0
[19636] 0
[19641] 0
[19642] 0
[19647] 0
[19651] 0
[19654] 0
[19659] 0
[19663] 0
[19667] 0
[19669] 0
[19670] 0
[19674] 0
[19677] 0
[19681] 0
[19691] 0
[19697] 0
[19705] 0
[19709] 0
[19719] 0
[19720] 0
[19726] 0
[19727] 0
[19729] 0
[19734] 0
[19742] 0
[19750] 0
[19755] 0
[19765] 0
[19774] 0
[19775] 0
[19779] 0
[19782] 0
[19784] 0
[19788] 0
[19796] 0
[19803] 0
[19810] 0
[19817] 0
[19827] 0
[19837] 0
[19844] 0
[19851] 0
[19858] 0
[19861] 0
[19869] 0
[19873] 0
[19879] 0
[19886] 0
[19892] 0
[19893] 0
[19902] 0
[19912] 0
[19921] 0
[19923] 0
[19924] 0
[19930] -1
[19936] -1
[19939] -1
[19947] -1
[19954] -1
[19959] 0
[19960] Meteorite 陨星 everywhere@a.complicated 1
[19967] -1
[19968] -1
[19972] 0
[19975] Mousse 慕斯 publish.their@views.their 4
[19980] -1
[19987] 0
[19991] -1
[19993] 0
[19996] -1
[19997] -1
[20003] -1
[20012] -1
[20013] -1
[20021] -1
[20027] -1
[20033] 0
[20043] -1
[20053] -1
[20055] -1
[20063] 0
[20064] -1
[20074] -1
[20077] -1
[20086] 0
[20090] -1
[20096] -1
[20099] 0
[20100] -1
[20105] 0
[20115] -1
[20122] -1
[20125] 0
[20126] 0
[20133] -1
[20139] 0
[20143] -1
[20150] -1
[20151] -1
[20159] Nightmare 夜魔 antagonisms@It.has 1
[20160] -1
[20162] 0
[20167] -1
[20177] 0
[20187] -1
[20192] 0
[20197] Glaucus 格劳克斯 in.almost.all@of.these 2
[20202] -1
[20205] -1
[20213] -1
[20217] -1
[20222] Nightingale 夜莺 more.splitting@up.into 1
[20228] 0
[20230] Savage 暴行 history.we@find.almost 2
[20235] -1
[20236] -1
[20238] -1
[20243] 0
[20249] -1
[20250] 0
[20260] -1
[20261] -1
[20262] 0
[20263] -1
[20264] 0
[20270] 0
[20275] 0
[20280] -1
[20281] -1
[20285] 0
[20286] -1
[20292] -1
[20296] -1
[20302] -1
[20305] -1
[20309] 0
[20315] -1
[20319] 0
[20329] -1
[20337] -1
[20345] -1
[20355] 0
[20360] -1
[20365] 0
[20375] -1
[20380] 0
[20385] 0
[20389] 0
[20395] -1
[20405] -1
[20409] 0
[20415] Haze 夜烟 thereby.to@the.revolutionary 1
[20421] -1
[20422] -1
[20426] 0
[20431] -1
[20440] -1
[20445] 0
[20446] -1
[20447] -1
[20455] -1
[20464] -1
[20471] -1
[20472] -1
[20476] -1
[20484] -1
[20489] 0
[20499] -1
[20509] 0
[20515] Bison 拜松 two.great.hostile@camps.into 1
[20519] 0
[20525] -1
[20530] -1
[20536] -1
[20542] -1
[20548] -1
[20552] -1
[20559] -1
[20563] -1
[20570] 0
[20576] -1
[20578] -1
[20584] 0
[20585] -1
[20590] gCzYmYLJgAeN Z
浙江 xx-xx xx:xx -> 08-07 00:47 0 47811
上海交通大学 08-07 01:01 -> 08-07 01:12 63801 47811
浙江大学 08-07 01:19 -> xx-xx xx:xx 113891 x
[20592] 0
[20596] -1
[20598] 0
[20600] -1
[20609] 0
[20616] -1
[20624] -1
[20630] 0
[20634] -1
[20635] -1
[20638] Gummy 古米 aims.their@tendencies.and 3
[20644] 0
[20645] -1
[20649] 0
[20657] pVFSoaFkXRkCzMuq a
温州 xx-xx xx:xx -> 07-30 23:54 0 59957
上海交通大学 07-31 00:04 -> 07-31 00:18 1281 59957
浙江大学 07-31 00:28 -> xx-xx xx:xx 60473 x
[20662] -1
[20670] -1
[20671] 0
[20680] -1
[20684] -1
[20692] -1
[20701] 0
[20710] -1
[20713] 0
[20714] Phantom 傀影 and.Danish@languages.I 1
[20715] 0
[20716] 0
[20718] 0
[20728] 0
[20735] 0
[20745] -1
[20747] -1
[20755] 0
[20762] -1
[20767] 0
[20774] 0
[20776] -1
[20779] -1
[20780] 0
[20789] -1
[20795] -1
[20800] -1
[20807] -1
[20812] 0
[20813] -1
[20819] -1
[20823] 0
[20829] -1
[20839] -1
[20847] 0
[20849] -1
[20853] -1
[20861] 0
[20863] 0
[20865] 0
[20868] -1
[20871] -1
[20873] 0
[20874] -1
[20884] 0
[20889] Nian 年年 a.whole.is@more.and 1
[20898] 0
[20903] -1
[20905] -1
[20908] -1
[20916] 0
[20925] 0
[20930] -1
[20936] -1
[20941] -1
[20949] -1
[20957] -1
[20958] -1
[20968] -1
[20971] 0
[20981] -1
[20983] 0
[20990] -1
[21000] 0
[21004] 0
[21012] -1
[21019] -1
[21020] -1
[21027] -1
[21032] -1
[21041] -1
[21051] -1
[21057] -1
[21065] -1
[21073] -1
[21081] -1
[21090] 0
[21094] 0
[21099] -1
[21108] -1
[21114] -1
[21118] -1
[21120] 0
[21123] 0
[21124] -1
[21131] Firewatch 守林 production@The.place 1
[21137] 0
[21144] -1
[21152] 0
[21153] 0
[21155] -1
[21163] -1
[21169] 0
[21173] 0
[21182] -1
[21185] -1
[21192] -1
[21201] -1
[21204] -1
[21210] -1
[21211] -1
[21221] -1
[21222] -1
[21225] -1
[21233] -1
[21239] -1
[21249] -1
[21259] -1
[21267] -1
[21277] -1
[21278] -1
[21287] -1
[21293] -1
[21302] 0
[21311] -1
[21321] -1
[21331] 0
[21334] 0
[21344] 0
[21353] 0
[21362] 0
[21364] 0
[21373] 0
[21376] 0
[21377] 0
[21384] 0
[21392] 0
[21397] 0
[21404] 0
[21411] 0
[21421] 0
[21429] 0
[21430] 0
[21435] 0
[21444] 0
[21454] 0
[21461] 0
[21466] 0
[21476] 0
[21482] 0
[21488] 0
[21492] 0
[21498] 0
[21501] 0
[21511] 0
[21521] 0
[21522] 0
[21527] 0
[21532] 0
[21539] 0
[21542] 0
[21549] 0
[21559] 0
[21561] 0
[21564] 0
[21573] 0
[21578] 0
[21584] 0
[21588] 0
[21595] 0
[21596] 0
[21601] 0
[21610] 0
[21616] 0
[21619] 0
[21620] 0
[21630] 0
[21638] 0
[21642] 0
[21644] 0
[21646] 0
[21647] 0
[21649] 0
[21655] 0
[21663] 0
[21667] 0
[21676] 0
[21678] 0
[21682] 0
[21683] 0
[21685] 0
[21695] 0
[21702] 0
[21710] 0
[21720] 0
[21730] 0
[21731] 0
[21736] 0
[21743] 0
[21753] 0
[21756] 0
[21760] 0
[21769] 0
[21776] 0
[21786] 0
[21794] 0
[21797] 0
[21800] 0
[21808] 0
[21813] 0
[21821] Firewatch 守林 production@The.place 1
[21830] Orchid 梓兰 two.great.classes@directly.fac 3
[21833] Deepcolor 深海色 has.simplified@the.class 1
[21839] Sesa 慑砂 against.the@more.advanced 3
[21842] 0
[21847] -1
[21857] Siege 推进之王 development@The.feudal 1
[21864] Nian 年年 a.whole.is@more.and 1
[21867] Nearl 临光 adversaries@Two.things 3
[21871] Fang 芬芬 sufficed.for@the.growing 1
[21880] Nearl 临光 of.whole.industrial@armies.the 3
[21882] Manticore 狮蝎 branding.reproach@of.Communism 3
[21884] 0
[21890] Sideroca 铸铁 All.the.Powers@of.old 4
[21893] Skadi 斯卡蒂 should.openly@in.the 4
[21903] Snowsant 雪雉 wants.of.the@new.markets 2
[21904] Weedy 温蒂 but.established@new.classes 1
[21909] Snowsant 雪雉 wants.of.the@new.markets 2
[21911] 0
[21920] Scavenger 清道 vanished.in@the.face 1
[21928] ShiraYuki 白雪 the.increase@in.the 4
[21934] Schwarz 黑黑 of.America@the.rounding 1
[21939] Orchid 梓兰 modern.bourgeois@Modern.indust 3
[21946] Utage 宴宴 new.forms.of@struggle.in 1
[21952] Savage 暴行 history.we@find.almost 2
[21962] Rope 暗索 The.modern@bourgeois.society 1
[21972] -1
[21982] Hellagur 赫拉 growing.the@demand.ever 1
[21990] Earthspirit 地灵 into.various@orders.a 3
[21991] 0
[22001] 0
[22006] Yato 夜刀 to.commerce@to.navigation 1
[22014] -1
[22022] Rope 暗索 The.modern@bourgeois.society 1
[22025] Snowsant 雪雉 wants.of.the@new.markets 2
[22030] Weedy 温蒂 but.established@new.classes 1
[22037] -1
[22046] Indra 因陀罗 serfs.of.the@Middle.Ages 1
[22049] 0
[22057] 0
[22066] Franka 芙兰 Proletariat@From.the 1
[22073] Nightingale 夜莺 more.splitting@up.into 1
[22079] Reed 苇草 rank.In.ancient@Rome.we 4
[22080] Siege 推进之王 development@The.feudal 1
[22082] Ansel 安赛尔 the.Spectre@of.Communism 1
[22085] Catapult 空爆 arrangement@of.society 2
[22086] Broca 布洛卡 its.place.The@guildmasters.wer 1
[22090] Durnar 坚雷 Czar.Metternich@and.Guizot 3
[22098] Myrrh 末药 one.another@carried.on 4
[22102] Skadi 斯卡蒂 should.openly@in.the 4
[22110] Matoimaru 缠丸 guilds.now@no.longer 4
[22111] Liskarm 雷蛇 and.Chinese@markets.the 2
[22120] Firewatch 守林 production@The.place 1
[22127] Sideroca 铸铁 All.the.Powers@of.old 4
[22134] 0
[22138] -1
[22143] Eyjafjalla 艾雅法拉 BOURGEOIS.AND@PROLETARIANS.The 2
[22152] Durnar 坚雷 Czar.Metternich@and.Guizot 3
[22153] WaaiFu 槐琥 face.of.the@whole.world 1
[22155] -1
[22165] Vanilla 香草 party.itself@To.this 3
[22170] Ifrit 伊芙利特 division.of@labour.between 4
[22175] 0
[22183] Orchid 梓兰 modern.bourgeois@Modern.indust 3
[22193] FEater 食铁兽 of.manufacture@was.taken 2
[22199] 0
[22202] 0
[22211] Nightmare 夜魔 antagonisms@It.has 1
[22214] -1
[22224] Elysium 极境 in.the.common@ruin.of 1
[22232] Siege 推进之王 development@The.feudal 1
[22235] Gitano 远山 rising.bourgeoisie@The.EastInd 4
[22238] Nightingale 夜莺 more.splitting@up.into 1
[22245] Gummy 古米 aims.their@tendencies.and 3
[22252] Perfumer 调香师 policespies@Where.is 1
[22259] Nightmare 夜魔 antagonisms@It.has 1
[22267] Sussurro 苏苏洛 trade.with@the.colonies 1
[22271] Grani 格拉尼 and.plebeian@lord.and 2
[22281] Savage 暴行 history.we@find.almost 2
[22285] -1
[22293] W 达不溜 the.manufacturing@middle.class 2
[22299] Weedy 温蒂 but.established@new.classes 1
[22304] Estelle 艾丝黛尔 result.from@this.fact 2
[22305] Snowsant 雪雉 wants.of.the@new.markets 2
[22307] Deepcolor 深海色 has.simplified@the.class 1
[22316] Lava 炎熔 well.as.against@its.reactionar 2
[22326] 0
[22327] Pramanix 初雪 the.bourgeoisie@possesses.howe 1
[22330] Elysium 极境 in.the.common@ruin.of 1
[22334] WaaiFu 槐琥 face.of.the@whole.world 1
[22342] 0
[22345] Shaw 阿消 not.done.away@with.class 2
[22354] 0
[22361] -1
[22363] Sideroca 铸铁 All.the.Powers@of.old 4
[22371] Schwarz 黑黑 an.immense@development.to 1
[22379] Myrrh 末药 one.another@carried.on 4
[22381] Schwarz 黑黑 an.immense@development.to 1
[22384] Haze 夜烟 thereby.to@the.revolutionary 1
[22393] Ambriel 安比尔 itself.a.Power@II.It 2
[22400] 0
[22410] Sesa 慑砂 against.the@more.advanced 3
[22412] -1
[22418] Istina 真理 that.each.time@ended.either 3
[22422] Snowsant 雪雉 wants.of.the@new.markets 2
[22425] 0
[22433] Ifrit 伊芙利特 division.of@labour.between 4
[22436] Ambriel 安比尔 itself.a.Power@II.It 2
[22438] Snowsant 雪雉 wants.of.the@new.markets 2
[22448] Estelle 艾丝黛尔 result.from@this.fact 2
[22455] Sora 空空 by.the.giant@Modern.Industry 3
[22465] Flamebringer 炎客 for.which.the@discovery.of 1
[22473] W 达不溜 the.manufacturing@middle.class 2
[22475] Ambriel 安比尔 itself.a.Power@II.It 2
[22481] Liskarm 雷蛇 and.Chinese@markets.the 2
[22491] FEater 食铁兽 of.manufacture@was.taken 2
[22501] Gravel 砾砾 ruins.of.feudal@society.has 1
[22502] 0
[22505] Beagle 米格鲁 The.manufacturing@system.took 4
[22511] Lappland 拉普兰 element.in@the.tottering 2
[22518] Earthspirit 地灵 into.various@orders.a 3
[22528] ProjeKTRed 红红 following.Manifesto@to.be 1
[22529] Pramanix 初雪 the.bourgeoisie@possesses.howe 1
[22538] Weedy 温蒂 but.established@new.classes 1
[22544] Reed 苇草 rank.In.ancient@Rome.we 4
[22554] 0
[22555] 0
[22560] Hibiscus 芙蓉 communication@by.land 3
[22570] Cuora 蛇屠箱 pushed.on.one@side.by 3
[22571] Scavenger 清道 vanished.in@the.face 1
[22578] Broca 布洛卡 its.place.The@guildmasters.wer 1
[22584] Nian 年年 a.whole.is@more.and 1
[22587] 0
[22597] Hibiscus 芙蓉 communication@by.land 3
[22602] 0
[22612] Gummy 古米 aims.their@tendencies.and 3
[22621] Cuora 蛇屠 pushed.on.one@side.by 3
[22631] 0
[22639] -1
[22647] 0
[22649] Saria 塞雷娅 This.development@has.in 4
[22650] Sussurro 苏苏洛 trade.with@the.colonies 1
[22653] Leizi 惊蛰 serf.guildmaster@and.journeyma 4
[22660] -1
[22667] 0
[22674] -1
[22677] Gitano 远山 rising.bourgeoisie@The.EastInd 4
[22682] Glaucus 格劳克斯 in.almost.all@of.these 2
[22691] Cuora 蛇屠 pushed.on.one@side.by 3
[22696] Specter 幽灵鲨 feudal.lords@vassals.guildmast 1
[22706] Durin 杜林 new.conditions@of.oppression 2
[22714] Shaw 阿消 not.done.away@with.class 2
[22721] Lappland 拉普兰 element.in@the.tottering 2
[22725] -1
[22727] Ansel 安赛尔 the.Spectre@of.Communism 1
[22734] Ansel 安赛尔 the.Spectre@of.Communism 1
[22738] Warfarin 华法琳 never.before@known.and 1
[22739] FEater 食铁兽 of.manufacture@was.taken 2
[22748] Perfumer 调香师 policespies@Where.is 1
[22752] Liskarm 雷蛇 and.Chinese@markets.the 2
[22761] Istina 真理 that.each.time@ended.either 3
[22767] Steward 史都华德 acknowledged@by.all 5
[22768] 0
[22775] Shining 闪灵 fresh.ground@for.the 1
[22777] Midnight 月见夜 antagonisms@Society.as 1
[22786] W 达不溜 the.manufacturing@middle.class 2
[22792] 0
[22799] Hibiscus 芙蓉 communication@by.land 3
[22809] 0
[22816] Vulcan 火神 commodities@generally.gave 1
[22818] Ifrit 伊芙利特 division.of@labour.between 4
[22827] Ceobe 刻俄柏 of.the.earliest@towns.From 2
[22829] Bison 拜松 two.great.hostile@camps.into 1
[22833] Saria 塞雷娅 This.development@has.in 4
[22842] -1
[22845] Zima 凛冬 place.of.the@old.ones 4
[22849] Myrtle 桃金娘 industrial@production.was 4
[22854] Siege 推进之王 development@The.feudal 1
[22864] Texas 德克萨斯 meet.this.nursery@tale.of 2
[22873] Hellagur 赫拉 growing.the@demand.ever 1
[22878] 0
[22881] Mousse 慕斯 publish.their@views.their 4
[22887] -1
[22895] Mousse 慕斯 publish.their@views.their 4
[22898] Yato 夜刀 to.commerce@to.navigation 1
[22903] -1
[22905] Lappland 拉普兰 element.in@the.tottering 2
[22914] FEater 食铁兽 of.manufacture@was.taken 2
[22920] Estelle 艾丝黛尔 result.from@this.fact 2
[22922] Sideroca 铸铁 All.the.Powers@of.old 4
[22930] Gitano 远山 rising.bourgeoisie@The.EastInd 4
[22938] 0
[22947] -1
[22949] Shamare 巫恋 sprang.the@chartered.burghers 2
[22951] Firewatch 守林 production@The.place 1
[22960] 0
[22969] Siege 推进之王 development@The.feudal 1
[22975] Firewatch 守林 production@The.place 1
[22980] Mousse 慕斯 publish.their@views.their 4
[22989] 0
[22993] Spot 斑点 commerce.to@navigation.to 3
[22995] Saria 塞雷娅 This.development@has.in 4
[23000] GreyThroat 灰喉 system.of.industry@under.which 1
[23005] 0
[23015] 0
[23017] 0
[23022] Gummy 古米 aims.their@tendencies.and 3
[23025] Earthspirit 地灵 into.various@orders.a 3
[23028] Franka 芙兰 Proletariat@From.the 1
[23038] 0
[23042] Yato 夜刀 to.commerce@to.navigation 1
[23049] Ceobe 刻俄柏 of.the.earliest@towns.From 2
[23059] Siege 推进之王 development@The.feudal 1
[23062] 0
[23065] 0
[23073] Mousse 慕斯 publish.their@views.their 4
[23078] WaaiFu 槐琥 face.of.the@whole.world 1
[23083] Purestream 清流 that.has.sprouted@from.the 3
[23086] Perfumer 调香师 policespies@Where.is 1
[23088] Catapult 空爆 arrangement@of.society 2
[23090] Phantom 傀影 its.time.reacted@on.the 1
[23093] Nian 年年 a.whole.is@more.and 1
[23101] Myrrh 末药 one.another@carried.on 4
[23104] Cardigan 卡缇 with.a.Manifesto@of.the 2
[23106] Frostleaf 霜叶 published.in@the.English 1
[23114] 0
[23120] Midnight 月见夜 antagonisms@Society.as 1
[23121] Specter 幽灵鲨 feudal.lords@vassals.guildmast 1
[23130] 0
[23131] 0
[23140] 0
[23147] Catapult 空爆 arrangement@of.society 2
[23156] Mousse 慕斯 publish.their@views.their 4
[23162] Sesa 慑砂 against.the@more.advanced 3
[23168] -1
[23170] 0
[23174] 0
[23180] Skadi 斯卡蒂 should.openly@in.the 4
[23189] -1
[23190] -1
[23197] -1
[23204] Vermeil 红云 existing.societies@is.the 1
[23212] -1
[23219] Istina 真理 that.each.time@ended.either 3
[23223] Shaw 阿消 not.done.away@with.class 2
[23226] -1
[23233] GreyThroat 灰喉 system.of.industry@under.which 1
[23235] -1
[23236] Firewatch 守林 production@The.place 1
[23245] 0
[23250] Nightmare 夜魔 antagonisms@It.has 1
[23255] Blaze 煌煌 journeymen@apprentices.serfs 3
[23260] Rope 暗索 The.modern@bourgeois.society 1
[23270] Astesia 星极 and.machinery@revolutionised.i 1
[23274] Liskarm 雷蛇 in.proportion@as.industry 2
[23279] Gavial 嘉维尔 middle.class@by.industrial 3
[23281] Estelle 艾丝黛尔 result.from@this.fact 2
[23290] Spot 斑点 commerce.to@navigation.to 3
[23300] Shaw 阿消 not.done.away@with.class 2
[23306] Ceylon 锡兰 elements.of@the.bourgeoisie 4
[23311] Ptilopsis 白面鸮 colonisation@of.America 3
[23314] -1
[23315] -1
[23319] Spot 斑点 commerce.to@navigation.to 3
[23326] Specter 幽灵鲨 feudal.lords@vassals.guildmast 1
[23327] 0
[23332] 0
[23334] Myrtle 桃金娘 industrial@production.was 4
[23342] Broca 布洛卡 its.place.The@guildmasters.wer 1
[23350] Earthspirit 地灵 into.various@orders.a 3
[23351] Utage 宴宴 new.forms.of@struggle.in 1
[23360] Chen 陈陈 history.of@class.struggles 1
[23362] Melantha 玫兰莎 monopolised@by.closed 1
[23368] 0
[23374] Orchid 梓兰 modern.bourgeois@Modern.indust 3
[23382] Myrrh 末药 one.another@carried.on 4
[23392] Nian 年年 a.whole.is@more.and 1
[23393] -1
[23397] SilverAsh 银灰 This.market@has.given 3
[23404] Gitano 远山 commerce.navigation@railways.e 4
[23414] Blaze 煌煌 journeymen@apprentices.serfs 3
[23416] Firewatch 守林 production@The.place 1
[23418] Durnar 坚雷 Czar.Metternich@and.Guizot 3
[23423] Schwarz 黑黑 in.the.same@proportion.the 1
[23424] Platinum 白金 bourgeoisie@developed.increase 1
[23433] Elysium 极境 in.the.common@ruin.of 1
[23438] 0
[23443] Ceobe 刻俄柏 of.the.earliest@towns.From 2
[23447] Istina 真理 that.each.time@ended.either 3
[23456] 0
[23458] Sideroca 铸铁 All.the.Powers@of.old 4
[23459] Manticore 狮蝎 branding.reproach@of.Communism 3
[23469] Kroos 克洛丝 has.established@the.worldmarke 4
[23479] 0
[23489] 0
[23491] 0
[23499] 0
[23502] 0
[23506] -1
[23511] 0
[23513] Hibiscus 芙蓉 communication@by.land 3
[23517] -1
[23526] Gummy 古米 aims.their@tendencies.and 3
[23530] Plume 翎羽 rising.Even@manufacture.no 2
[23539] 0
[23541] Orchid 梓兰 modern.bourgeois@Modern.indust 3
[23546] 0
[23554] Amiya 阿米 Communistic@by.its 2
[23559] Glaucus 格劳克斯 in.almost.all@of.these 2
[23566] Grani 格拉尼 and.plebeian@lord.and 2
[23573] Blaze 煌煌 journeymen@apprentices.serfs 3
[23575] Reed 苇草 rank.In.ancient@Rome.we 4
[23577] Fang 芬芬 sufficed.for@the.growing 1
[23587] FEater 食铁兽 of.manufacture@was.taken 2
[23591] Manticore 狮蝎 branding.reproach@of.Communism 3
[23592] WaaiFu 槐琥 face.of.the@whole.world 1
[23598] Glaucus 格劳克斯 in.almost.all@of.these 2
[23605] Pramanix 初雪 the.bourgeoisie@possesses.howe 1
[23613] May 梅梅 Freeman.and@slave.patrician 1
[23616] Bagpipe 风笛 means.of.exchange@and.in 1
[23620] Fang 芬芬 sufficed.for@the.growing 1
[23626] Fang 芬芬 sufficed.for@the.growing 1
[23632] Snowsant 雪雉 wants.of.the@new.markets 2
[23638] Sesa 慑砂 against.the@more.advanced 3
[23640] Franka 芙兰 Proletariat@From.the 1
[23641] Weedy 温蒂 but.established@new.classes 1
[23648] Midnight 月见夜 antagonisms@Society.as 1
[23657] Blaze 煌煌 journeymen@apprentices.serfs 3
[23663] Manticore 狮蝎 branding.reproach@of.Communism 3
[23668] Eyjafjalla 艾雅法拉 BOURGEOIS.AND@PROLETARIANS.The 2
[23670] Eyjafjalla 艾雅法拉 BOURGEOIS.AND@PROLETARIANS.The 2
[23672] -1
[23676] 0
[23683] Skadi 斯卡 should.openly@in.the 4
[23693] Catapult 空爆 arrangement@of.society 2
[23696] -1
[23703] 0
[23708] Lappland 拉普兰 element.in@the.tottering 2
[23714] Blaze 煌煌 journeymen@apprentices.serfs 3
[23722] Sussurro 苏苏洛 trade.with@the.colonies 1
[23725] Magallan 麦哲 the.place.of@the.industrial 4
[23728] Scavenger 清道 vanished.in@the.face 1
[23734] ProjeKTRed 红红 following.Manifesto@to.be 1
[23744] Estelle 艾丝黛尔 result.from@this.fact 2
[23747] 0
[23750] Savage 暴行 history.we@find.almost 2
[23752] Estelle 艾丝黛尔 result.from@this.fact 2
[23759] Vanilla 香草 party.itself@To.this 3
[23767] SilverAsh 银灰 This.market@has.given 3
[23771] Meteor 流星 millionaires@the.leaders 3
[23775] Vulcan 火神 commodities@generally.gave 1
[23779] Bagpipe 风笛 means.of.exchange@and.in 1
[23781] Glaucus 格劳克斯 in.almost.all@of.these 2
[23782] Bibeak 柏喙 slaves.in.the@Middle.Ages 1
[23790] Earthspirit 地灵 into.various@orders.a 3
[23792] Sussurro 苏苏洛 trade.with@the.colonies 1
[23801] 0
[23810] Orchid 梓兰 modern.bourgeois@Modern.indust 3
[23814] Ifrit 伊芙利特 division.of@labour.between 4
[23815] Shaw 阿消 not.done.away@with.class 2
[23824] Hibiscus 芙蓉 communication@by.land 3
[23825] Shaw 阿消 not.done.away@with.class 2
[23826] Pramanix 初雪 the.bourgeoisie@possesses.howe 1
[23828] ProjeKTRed 红红 following.Manifesto@to.be 1
[23829] Bibeak 柏喙 slaves.in.the@Middle.Ages 1
[23830] -1
[23832] SilverAsh 银灰 This.market@has.given 3
[23840] Hellagur 赫拉 growing.the@demand.ever 1
[23845] 0
[23849] Broca 布洛卡 its.place.The@guildmasters.wer 1
[23855] W 达不溜 the.manufacturing@middle.class 2
[23859] ProjeKTRed 红红 following.Manifesto@to.be 1
[23860] Shining 闪灵 fresh.ground@for.the 1
[23861] 0
[23866] -1
[23871] Dobermann 杜宾 the.contending@classes.In 5
[23873] Astesia 星极 and.machinery@revolutionised.i 1
[23877] Nian 年年 a.whole.is@more.and 1
[23887] -1
[23888] 0
[23892] Eyjafjalla 艾雅法 into.the.background@every.clas 2
[23895] Firewatch 守林 production@The.place 1
[23903] Gavial 嘉维尔 middle.class@by.industrial 3
[23904] Skadi 斯卡 should.openly@in.the 4
[23910] Indra 因陀罗 serfs.of.the@Middle.Ages 1
[23920] Snowsant 雪雉 wants.of.the@new.markets 2
[23927] Weedy 温蒂 but.established@new.classes 1
[23935] 0
[23944] Sesa 慑砂 against.the@more.advanced 3
[23950] -1
[23956] ProjeKTRed 红红 following.Manifesto@to.be 1
[23965] Frostleaf 霜叶 published.in@the.English 1
[23966] Meteorite 陨星 everywhere@a.complicated 1
[23975] Ceobe 刻俄柏 of.the.earliest@towns.From 2
[23984] 0
[23988] W 达不溜 the.manufacturing@middle.class 2
[23990] GreyThroat 灰喉 system.of.industry@under.which 1
[23999] Blaze 煌煌 journeymen@apprentices.serfs 3
[24004] Nightmare 夜魔 antagonisms@It.has 1
[24012] Snowsant 雪雉 wants.of.the@new.markets 2
[24019] Perfumer 调香师 handed.down@from.the 1
[24023] Deepcolor 深海色 has.simplified@the.class 1
[24027] Ifrit 伊芙利特 division.of@labour.between 4
[24032] 0
[24042] Mousse 慕斯 publish.their@views.their 4
[24044] -1
[24048] Vulcan 火神 commodities@generally.gave 1
[24054] 0
[24063] Ambriel 安比尔 itself.a.Power@II.It 2
[24065] Manticore 狮蝎 branding.reproach@of.Communism 3
[24072] Elysium 极境 in.the.common@ruin.of 1
[24082] Shining 闪灵 fresh.ground@for.the 1
[24092] Fang 芬芬 sufficed.for@the.growing 1
[24096] Popukar 泡普卡 classes.again@subordinate.grad 2
[24106] FEater 食铁兽 of.manufacture@was.taken 2
[24115] Purestream 清流 that.has.sprouted@from.the 3
[24117] GreyThroat 灰喉 system.of.industry@under.which 1
[24118] -1
[24126] Schwarz 黑黑 in.the.same@proportion.the 1
[24133] 0
[24134] 0
[24137] Reed 苇草 rank.In.ancient@Rome.we 4
[24139] Durin 杜林 new.conditions@of.oppression 2
[24145] 0
[24148] WaaiFu 槐琥 face.of.the@whole.world 1
[24151] Vigna 红豆 French.German@Italian.Flemish 1
[24152] Lava 炎熔 well.as.against@its.reactionar 2
[24162] Midnight 月见夜 antagonisms@Society.as 1
[24172] ShiraYuki 白雪 the.increase@in.the 4
[24175] Indra 因陀罗 serfs.of.the@Middle.Ages 1
[24177] Plume 翎羽 rising.Even@manufacture.no 2
[24181] Utage 宴宴 new.forms.of@struggle.in 1
[24189] Ceylon 锡兰 elements.of@the.bourgeoisie 4
[24193] Melantha 玫兰莎 monopolised@by.closed 1
[24202] 0
[24204] Sussurro 苏苏洛 trade.with@the.colonies 1
[24207] 0
[24215] Shaw 阿消 not.done.away@with.class 2
[24224] Frostleaf 霜叶 published.in@the.English 1
[24234] Warfarin 华法琳 never.before@known.and 1
[24244] 0
[24250] Chen 陈陈 history.of@class.struggles 1
[24254] Ptilopsis 白面鸮 colonisation@of.America 3
[24263] Shining 闪灵 fresh.ground@for.the 1
[24264] Warfarin 华法琳 never.before@known.and 1
[24270] Ansel 安赛尔 the.Spectre@of.Communism 1
[24277] Matoimaru 缠丸 guilds.now@no.longer 4
[24279] Franka 芙兰 Proletariat@From.the 1
[24287] Blaze 煌煌 journeymen@apprentices.serfs 3
[24290] Purestream 清流 that.has.sprouted@from.the 3
[24293] Gavial 嘉维尔 middle.class@by.industrial 3
[24295] 0
[24300] Elysium 极境 in.the.common@ruin.of 1
[24306] Rope 暗索 The.modern@bourgeois.society 1
[24316] -1
[24321] Magallan 麦哲 the.place.of@the.industrial 4
[24327] Vermeil 红云 existing.societies@is.the 1
[24332] 0
[24333] Kroos 克洛丝 has.established@the.worldmarke 4
[24338] Warfarin 华法琳 never.before@known.and 1
[24341] Kroos 克洛丝 has.established@the.worldmarke 4
[24347] Warfarin 华法琳 never.before@known.and 1
[24357] Nightingale 夜莺 more.splitting@up.into 1
[24360] Cuora 蛇屠 pushed.on.one@side.by 3
[24368] Specter 幽灵鲨 feudal.lords@vassals.guildmast 1
[24375] Gitano 远山 commerce.navigation@railways.e 4
[24380] 0
[24384] Leizi 惊蛰 serf.guildmaster@and.journeyma 4
[24392] Schwarz 黑黑 in.the.same@proportion.the 1
[24395] Utage 宴宴 new.forms.of@struggle.in 1
[24402] GreyThroat 灰喉 Middle.Ages@We.see 1
[24407] -1
[24408] Sesa 慑砂 against.the@more.advanced 3
[24418] 0
[24425] Savage 暴行 history.we@find.almost 2
[24429] Bagpipe 风笛 means.of.exchange@and.in 1
[24435] Gavial 嘉维尔 middle.class@by.industrial 3
[24440] Plume 翎羽 rising.Even@manufacture.no 2
[24449] Leizi 惊蛰 serf.guildmaster@and.journeyma 4
[24451] Franka 芙兰 Proletariat@From.the 1
[24459] Pramanix 初雪 the.bourgeoisie@possesses.howe 1
[24467] -1
[24473] Meteorite 陨星 everywhere@a.complicated 1
[24480] 0
[24484] Franka 芙兰 Proletariat@From.the 1
[24485] Lava 炎熔 well.as.against@its.reactionar 2
[24486] Frostleaf 霜叶 published.in@the.English 1
[24492] 0
[24497] Sesa 慑砂 against.the@more.advanced 3
[24503] 0
[24509] Ceylon 锡兰 elements.of@the.bourgeoisie 4
[24518] Myrtle 桃金娘 industrial@production.was 4
[24524] Leizi 惊蛰 serf.guildmaster@and.journeyma 4
[24534] Kroos 克洛丝 has.established@the.worldmarke 4
[24543] Astesia 星极 and.machinery@revolutionised.i 1
[24551] Sesa 慑砂 against.the@more.advanced 3
[24556] Istina 真理 that.each.time@ended.either 3
[24562] -1
[24563] Shining 闪灵 fresh.ground@for.the 1
[24568] Hellagur 赫拉 growing.the@demand.ever 1
[24573] Jessica 杰西卡 the.markets@kept.ever 2
[24575] Earthspirit 地灵 into.various@orders.a 3
[24582] 0
[24585] -1
[24587] -1
[24591] -1
[24599] -1
[24606] -1
[24614] -1
[24624] -1
[24632] -1
[24638] 0
[24644] -1
[24651] -1
[24658] -1
[24667] 0
[24673] -1
[24681] -1
[24683] -1
[24693] -1
[24697] -1
[24701] -1
[24710] -1
[24712] -1
[24722] 0
[24731] -1
[24734] 0
[24735] -1
[24739] -1
[24740] -1
[24749] -1
[24758] -1
[24764] -1
[24771] -1
[24778] -1
[24779] -1
[24781] -1
[24783] -1
[24784] -1
[24790] -1
[24798] -1
[24805] -1
[24806] -1
[24814] -1
[24824] -1
[24830] -1
[24832] -1
[24837] -1
[24843] -1
[24847] -1
[24849] -1
[24859] -1
[24862] -1
[24864] -1
[24870] -1
[24880] -1
[24890] -1
[24892] -1
[24895] -1
[24901] 0
[24903] -1
[24912] -1
[24916] -1
[24920] -1
[24925] -1
[24927] -1
[24928] 0
[24929] -1
[24934] -1
[24942] -1
[24950] -1
[24955] -1
[24965] -1
[24969] -1
[24972] -1
[24976] -1
[24979] -1
[24987] -1
[24991] -1
[24997] -1
[25007] -1
[25015] -1
[25016] -1
[25020] -1
[25025] -1
[25028] -1
[25036] -1
[25039] -1
[25042] -1
[25048] -1
[25049] -1
[25054] -1
[25055] -1
[25062] -1
[25070] -1
[25071] -1
[25076] -1
[25080] -1
[25084] -1
[25087] -1
[25095] -1
[25099] -1
[25108] -1
[25110] -1
[25115] -1
[25120] -1
[25128] -1
[25137] -1
[25143] -1
[25147] -1
[25157] -1
[25163] -1
[25173] -1
[25182] -1
[25183] -1
[25190] -1
[25199] -1
[25201] -1
[25202] 0
[25207] -1
[25217] -1
[25220] 0
[25222] -1
[25226] -1
[25229] -1
[25239] -1
[25242] 0
[25250] -1
[25260] -1
[25270] -1
[25276] -1
[25279] -1
[25289] -1
[25292] -1
[25299] -1
[25300] -1
[25306] -1
[25313] -1
[25319] 0
[25320] -1
[25326] -1
[25331] 0
[25341] -1
[25348] -1
[25352] -1
[25358] -1
[25368] -1
[25373] -1
[25382] -1
[25388] -1
[25394] -1
[25396] -1
[25402] -1
[25404] -1
[25413] -1
[25420] -1
[25425] -1
[25433] -1
[25434] -1
[25437] -1
[25443] -1
[25450] 0
[25460] -1
[25466] -1
[25467] -1
[25474] -1
[25478] -1
[25480] -1
[25482] -1
[25492] -1
[25498] -1
[25502] -1
[25511] -1
[25517] -1
[25521] -1
[25525] -1
[25533] -1
[25536] 0
[25539] -1
[25541] -1
[25550] -1
[25552] -1
[25555] -1
[25557] -1
[25564] -1
[25574] -1
[25583] -1
[25587] -1
[25596] -1
[25602] -1
[25609] -1
[25611] -1
[25618] -1
[25628] -1
[25630] 0
[25637] 0
[25640] -1
[25647] -1
[25656] -1
[25665] -1
[25669] -1
[25670] -1
[25675] -1
[25685] -1
[25692] -1
[25700] 0
[25708] -1
[25718] -1
[25727] -1
[25729] -1
[25738] -1
[25744] -1
[25747] -1
[25755] -1
[25765] -1
[25773] -1
[25777] -1
[25781] -1
[25784] -1
[25786] -1
[25796] -1
[25806] -1
[25807] 0
[25817] 0
[25826] -1
[25832] -1
[25835] -1
[25844] -1
[25854] -1
[25863] -1
[25869] 0
[25876] 0
[25882] -1
[25892] -1
[25899] -1
[25902] -1
[25909] -1
[25911] -1
[25920] -1
[25921] -1
[25928] -1
[25933] -1
[25938] -1
[25939] -1
[25949] 0
[25957] -1
[25960] -1
[25968] -1
[25976] -1
[25982] -1
[25990] -1
[25999] -1
[26001] -1
[26006] -1
[26008] -1
[26014] -1
[26015] -1
[26024] -1
[26029] -1
[26033] -1
[26036] -1
[26044] -1
[26046] -1
[26053] -1
[26059] -1
[26062] -1
[26063] 0
[26072] -1
[26082] -1
[26087] -1
[26088] -1
[26094] -1
[26099] -1
[26103] -1
[26109] -1
[26113] -1
[26119] -1
[26128] -1
[26136] -1
[26139] -1
[26149] -1
[26157] -1
[26160] -1
[26164] 0
[26166] -1
[26174] -1
[26183] -1
[26191] -1
[26199] -1
[26204] -1
[26208] -1
[26210] -1
[26213] -1
[26218] -1
[26221] -1
[26226] -1
[26229] -1
[26232] -1
[26238] -1
[26247] -1
[26255] -1
[26261] -1
[26264] -1
[26271] -1
[26277] -1
[26278] -1
[26285] -1
[26286] -1
[26291] -1
[26301] -1
[26307] -1
[26312] -1
[26318] -1
[26321] -1
[26323] -1
[26327] -1
[26328] -1
[26336] -1
[26346] -1
[26352] -1
[26360] -1
[26362] -1
[26367] -1
[26377] -1
[26384] -1
[26388] 0
[26398] 0
[26407] -1
[26409] -1
[26418] -1
[26428] -1
[26436] 0
[26439] 0
[26446] -1
[26447] -1
[26448] -1
[26457] -1
[26459] -1
[26461] -1
[26465] -1
[26467] 0
[26469] -1
[26470] -1
[26471] -1
[26474] -1
[26483] -1
[26487] -1
[26488] -1
[26490] -1
[26494] -1
[26496] -1
[26503] -1
[26505] -1
[26509] -1
[26515] -1
[26519] -1
[26527] -1
[26535] -1
[26542] -1
[26548] -1
[26549] -1
[26554] -1
[26557] -1
[26561] -1
[26571] 0
[26577] -1
[26587] -1
[26594] -1
[26602] -1
[26606] -1
[26611] -1
[26614] -1
[26616] -1
[26620] -1
[26623] -1
[26628] -1
[26633] -1
[26642] -1
[26643] -1
[26651] -1
[26657] -1
[26659] -1
[26666] 0
[26670] -1
[26679] -1
[26687] -1
[26697] -1
[26698] -1
[26703] -1
[26713] -1
[26714] -1
[26716] -1
[26718] -1
[26726] -1
[26727] -1
[26732] -1
[26736] 0
[26737] -1
[26740] 0
[26741] -1
[26747] -1
[26751] -1
[26757] -1
[26767] -1
[26774] -1
[26780] -1
[26790] -1
[26796] -1
[26806] -1
[26807] -1
[26810] -1
[26817] -1
[26826] -1
[26827] -1
[26832] -1
[26836] -1
[26842] -1
[26847] -1
[26850] -1
[26859] -1
[26860] -1
[26868] 0
[26875] -1
[26877] -1
[26882] -1
[26883] 0
[26885] -1
[26886] -1
[26892] -1
[26894] -1
[26895] -1
[26897] -1
[26899] -1
[26903] -1
[26911] -1
[26913] -1
[26915] -1
[26918] -1
[26926] -1
[26934] -1
[26941] -1
[26942] -1
[26951] -1
[26959] -1
[26969] -1
[26977] -1
[26985] 0
[26992] -1
[26996] -1
[27001] -1
[27009] -1
[27011] 0
[27015] -1
[27024] -1
[27029] -1
[27030] -1
[27033] 0
[27039] -1
[27049] -1
[27053] -1
[27055] -1
[27057] 0
[27064] -1
[27069] -1
[27078] 0
[27079] -1
[27084] -1
[27086] -1
[27090] -1
[27098] -1
[27101] -1
[27103] -1
[27112] -1
[27116] -1
[27119] -1
[27123] -1
[27131] -1
[27138] -1
[27148] -1
[27151] 0
[27154] -1
[27155] -1
[27164] -1
[27174] -1
[27176] -1
[27180] -1
[27189] -1
[27196] -1
[27200] -1
[27202] -1
[27207] -1
[27208] -1
[27210] -1
[27214] -1
[27222] -1
[27228] -1
[27235] -1
[27240] -1
[27242] 0
[27244] -1
[27245] -1
[27255] -1
[27260] -1
[27265] -1
[27275] -1
[27276] -1
[27280] -1
[27284] 0
[27293] -1
[27303] -1
[27309] -1
[27310] -1
[27318] 0
[27327] -1
[27330] -1
[27336] -1
[27346] -1
[27352] -1
[27354] -1
[27355] -1
[27362] -1
[27363] -1
[27366] -1
[27374] -1
[27377] 0
[27378] 0
[27381] 0
[27387] -1
[27393] -1
[27400] -1
[27408] -1
[27411] -1
[27421] -1
[27425] -1
[27429] -1
[27438] -1
[27440] -1
[27446] -1
[27450] -1
[27454] -1
[27460] -1
[27470] -1
[27478] -1
[27481] -1
[27482] -1
[27488] -1
[27493] -1
[27500] -1
[27507] 0
[27510] -1
[27517] -1
[27518] -1
[27526] 0
[27536] -1
[27537] -1
[27545] -1
[27553] -1
[27554] -1
[27560] -1
[27563] -1
[27568] 0
[27571] -1
[27579] 0
[27581] -1
[27588] -1
[27590] 0
[27593] -1
[27599] -1
[27604] -1
[27610] -1
[27615] -1
[27620] -1
[27621] -1
[27624] -1
[27633] -1
[27638] -1
[27640] -1
[27650] -1
[27654] -1
[27657] -1
[27659] -1
[27669] -1
[27674] -1
[27675] -1
[27680] -1
[27684] -1
[27689] -1
[27697] -1
[27700] -1
[27705] -1
[27709] 0
[27715] -1
[27717] -1
[27718] -1
[27726] -1
[27727] -1
[27730] 0
[27740] 0
[27745] -1
[27755] -1
[27762] -1
[27772] -1
[27780] -1
[27787] -1
[27794] -1
[27796] -1
[27802] -1
[27804] -1
[27810] -1
[27812] -1
[27817] -1
[27818] -1
[27824] -1
[27825] -1
[27828] -1
[27834] -1
[27835] -1
[27845] -1
[27850] -1
[27854] -1
[27857] -1
[27866] -1
[27867] -1
[27868] -1
[27870] -1
[27872] -1
[27875] -1
[27880] -1
[27884] -1
[27885] -1
[27895] -1
[27897] -1
[27905] -1
[27912] -1
[27921] 0
[27928] -1
[27933] -1
[27942] -1
[27944] 0
[27946] -1
[27948] -1
[27953] -1
[27957] -1
[27962] -1
[27966] -1
[27974] -1
[27981] -1
[27990] -1
[27999] -1
[28006] -1
[28016] -1
[28019] -1
[28024] -1
[28028] -1
[28032] 0
[28033] -1
[28043] -1
[28050] -1
[28058] -1
[28063] -1
[28065] -1
[28075] 0
[28084] -1
[28089] -1
[28091] -1
[28097] -1
[28105] -1
[28112] -1
[28115] -1
[28119] -1
[28129] 0
[28134] -1
[28135] 0
[28143] -1
[28153] -1
[28155] -1
[28163] -1
[28166] -1
[28175] -1
[28178] 0
[28180] 0
[28186] -1
[28192] -1
[28201] -1
[28205] 0
[28207] -1
[28208] -1
[28209] -1
[28213] 0
[28221] -1
[28230] -1
[28235] -1
[28240] -1
[28249] -1
[28258] -1
[28267] -1
[28272] -1
[28273] -1
[28275] -1
[28283] -1
[28288] -1
[28295] -1
[28305] -1
[28307] -1
[28308] -1
[28314] -1
[28315] -1
[28324] -1
[28328] -1
[28337] -1
[28346] -1
[28349] 0
[28352] -1
[28356] -1
[28359] -1
[28363] -1
[28371] -1
[28376] -1
[28381] -1
[28384] -1
[28389] -1
[28399] -1
[28405] -1
[28411] -1
[28413] -1
[28415] -1
[28422] -1
[28429] -1
[28433] -1
[28438] -1
[28446] -1
[28450] -1
[28456] -1
[28460] -1
[28462] -1
[28464] -1
[28472] -1
[28474] -1
[28480] -1
[28484] -1
[28493] -1
[28502] -1
[28503] -1
[28510] -1
[28516] -1
[28524] -1
[28534] -1
[28539] -1
[28541] -1
[28545] -1
[28552] -1
[28562] -1
[28567] -1
[28573] -1
[28577] -1
[28581] -1
[28587] -1
[28592] -1
[28598] -1
[28606] -1
[28613] 0
[28618] -1
[28624] -1
[28630] -1
[28635] -1
[28642] -1
[28645] -1
[28648] -1
[28653] -1
[28663] 0
[28670] -1
[28678] -1
[28687] -1
[28690] -1
[28700] -1
[28704] -1
[28707] 0
[28709] -1
[28713] -1
[28714] 0
[28720] -1
[28721] -1
[28730] -1
[28735] -1
[28745] -1
[28751] -1
[28753] -1
[28762] -1
[28767] -1
[28768] -1
[28778] -1
[28782] -1
[28786] 0
[28787] -1
[28797] -1
[28807] -1
[28812] -1
[28819] -1
[28826] -1
[28829] -1
[28831] -1
[28839] -1
[28843] -1
[28846] -1
[28848] -1
[28851] -1
[28856] -1
[28866] -1
[28872] -1
[28873] -1
[28875] -1
[28876] -1
[28883] -1
[28886] -1
[28892] -1
[28897] -1
[28898] -1
[28906] -1
[28914] -1
[28920] -1
[28921] -1
[28925] -1
[28928] -1
[28935] -1
[28942] -1
[28952] -1
[28953] -1
[28958] -1
[28968] -1
[28972] 0
[28980] -1
[28984] -1
[28987] -1
[28992] -1
[28995] -1
[28999] -1
[29005] -1
[29015] -1
[29022] -1
[29027] -1
[29035] -1
[29040] -1
[29044] -1
[29049] -1
[29050] -1
[29051] -1
[29052] -1
[29053] -1
[29060] -1
[29068] -1
[29076] -1
[29084] -1
[29093] -1
[29103] -1
[29109] -1
[29118] -1
[29128] -1
[29133] 0
[29142] -1
[29147] 0
[29154] -1
[29164] -1
[29169] -1
[29170] -1
[29178] -1
[29179] -1
[29189] -1
[29196] -1
[29201] -1
[29203] -1
[29204] 0
[29207] -1
[29214] 0
[29217] -1
[29227] -1
[29237] -1
[29238] -1
[29243] -1
[29250] -1
[29257] -1
[29266] -1
[29276] -1
[29286] -1
[29293] -1
[29303] 0
[29305] -1
[29311] -1
[29318] -1
[29321] -1
[29327] -1
[29331] 0
[29341] -1
[29342] -1
[29348] 0
[29357] 0
[29363] -1
[29367] -1
[29374] -1
[29382] -1
[29384] -1
[29389] -1
[29395] -1
[29398] -1
[29403] -1
[29405] -1
[29413] -1
[29415] -1
[29419] -1
[29425] -1
[29433] -1
[29435] -1
[29439] -1
[29444] -1
[29449] -1
[29452] -1
[29458] -1
[29466] -1
[29468] 0
[29472] -1
[29473] -1
[29480] -1
[29481] -1
[29491] -1
[29500] 0
[29509] -1
[29510] -1
[29516] -1
[29526] 0
[29532] -1
[29537] 0
[29539] -1
[29548] -1
[29558] -1
[29568] -1
[29571] 0
[29574] -1
[29583] -1
[29584] -1
[29586] -1
[29592] -1
[29596] -1
[29604] -1
[29611] -1
[29621] -1
[29631] -1
[29637] -1
[29647] -1
[29649] -1
[29652] -1
[29653] -1
[29657] 0
[29661] -1
[29670] 0
[29676] -1
[29684] -1
[29686] -1
[29689] -1
[29698] -1
[29703] -1
[29706] -1
[29709] -1
[29715] -1
[29718] -1
[29720] -1
[29725] -1
[29735] -1
[29736] -1
[29739] -1
[29748] -1
[29751] -1
[29752] -1
[29755] -1
[29759] -1
[29760] 0
[29761] -1
[29770] -1
[29771] -1
[29781] -1
[29785] -1
[29786] -1
[29791] -1
[29794] -1
[29797] -1
[29803] -1
[29805] -1
[29806] -1
[29808] -1
[29813] -1
[29815] -1
[29818] 0
[29827] -1
[29835] 0
[29844] -1
[29849] -1
[29857] -1
[29865] -1
[29875] -1
[29878] -1
[29886] -1
[29888] -1
[29895] -1
[29904] -1
[29908] -1
[29913] bye
