[3] 0
[5] 0
[9] I_am_the_admin 奥斯卡 foo@bar.com 10
[12] 0
[15] 0
[18] 0
[27] 0
[29] 0
[36] 0
[39] 0
[45] 0
[50] Plume 翎羽 PARTY.A.spectre@is.haunting 9
[54] I_am_the_admin 奥斯卡 foo@bar.com 10
[65] -1
[75] 0
[78] -1
[85] 0
[89] -1
[93] 0
[102] -1
[111] -1
[113] 0
[114] -1
[117] Astesia 星极 Europethe.spectre@of.Communism 6
[118] -1
[119] 0
[126] 0
[133] 0
[140] -1
[143] -1
[153] kRUkkTXqZALDeL 藇珸鲁 GqJpFdDTEUczSrSVrD 6
[156] 0
[166] -1
[173] 0
[176] 0
[182] 0
[189] -1
[199] 0
[203] 0
[212] -1
[221] -1
[229] -1
[239] -1
[248] -1
[255] -1
[258] -1
[259] -1
[269] -1
[277] 0
[280] 0
[285] -1
[294] 0
[304] 0
[307] -1
[314] 0
[323] -1
[329] 0
[336] 0
[337] -1
[338] -1
[345] 0
[347] -1
[353] -1
[363] -1
[369] -1
[379] -1
[386] 0
[392] -1
[401] -1
[403] 0
[410] 0
[411] 0
[417] -1
[421] 0
[428] 0
[436] 0
[443] Specter 幽灵鲨 All.the.Powers@of.old 6
[453] 0
[462] 0
[467] Hoshiguma 星熊 MANIFESTO.OF@THE.COMMUNIST 7
[468] 0
[478] -1
[487] -1
[494] 0
[503] Specter 幽灵鲨 All.the.Powers@of.old 6
[505] -1
[514] 0
[524] 0
[530] Specter 幽灵鲨 All.the.Powers@of.old 6
[533] -1
[541] -1
[549] -1
[558] -1
[567] 0
[576] 0
[584] 0
[591] 0
[593] 0
[596] 0
[603] -1
[605] -1
[607] Hoshiguma 星熊 MANIFESTO.OF@THE.COMMUNIST 7
[613] -1
[617] -1
[623] 0
[625] Specter 幽灵鲨 All.the.Powers@of.old 6
[629] 0
[632] -1
[637] -1
[640] 0
[644] -1
[645] -1
[647] -1
[656] -1
[665] 0
[673] -1
[680] 0
[689] -1
[698] -1
[702] Hoshiguma 星熊 MANIFESTO.OF@THE.COMMUNIST 7
[712] Specter 幽灵鲨 All.the.Powers@of.old 6
[716] 0
[720] -1
[721] -1
[725] -1
[730] -1
[733] -1
[736] -1
[740] 0
[743] -1
[751] -1
[756] 0
[758] -1
[761] 0
[768] -1
[772] 0
[780] kRUkkTXqZALDeL 藇珸鲁 GqJpFdDTEUczSrSVrD 6
[788] -1
[792] -1
[797] -1
[799] -1
[809] -1
[814] -1
[818] -1
[820] -1
[829] 0
[834] 0
[839] -1
[849] 0
[859] -1
[868] -1
[874] -1
[877] 0
[882] -1
[892] -1
[902] -1
[903] -1
[909] -1
[918] -1
[926] -1
[934] -1
[940] 0
[942] -1
[945] -1
[950] 0
[956] 0
[958] 0
[964] -1
[971] -1
[979] -1
[989] -1
[992] -1
[998] -1
[1006] -1
[1010] 0
[1020] 0
[1021] -1
[1031] -1
[1041] -1
[1049] -1
[1059] -1
[1062] -1
[1071] -1
[1074] 0
[1081] 0
[1089] -1
[1095] 0
[1096] -1
[1098] -1
[1100] -1
[1108] -1
[1114] -1
[1117] 0
[1126] -1
[1136] -1
[1145] 0
[1151] -1
[1152] -1
[1158] -1
[1168] -1
[1175] 0
[1177] -1
[1181] -1
[1186] -1
[1195] 0
[1205] -1
[1212] 0
[1215] -1
[1223] -1
[1227] -1
[1236] -1
[1241] -1
[1242] -1
[1245] -1
[1247] 0
[1252] 0
[1253] -1
[1255] 0
[1259] -1
[1269] 0
[1277] -1
[1281] -1
[1284] 0
[1286] -1
[1290] Plume 翎羽 PARTY.A.spectre@is.haunting 9
[1293] 0
[1303] -1
[1311] -1
[1320] -1
[1330] -1
[1331] 0
[1337] -1
[1338] -1
[1345] -1
[1350] -1
[1359] 0
[1363] -1
[1373] -1
[1380] -1
[1381] -1
[1383] -1
[1389] -1
[1391] -1
[1401] -1
[1409] -1
[1413] 0
[1423] 0
[1426] 0
[1435] -1
[1443] -1
[1446] -1
[1447] 0
[1448] -1
[1458] Specter 幽灵鲨 All.the.Powers@of.old 6
[1462] -1
[1468] -1
[1476] -1
[1481] 0
[1489] -1
[1497] 0
[1503] -1
[1510] -1
[1519] -1
[1529] -1
[1533] -1
[1538] Plume 翎羽 PARTY.A.spectre@is.haunting 9
[1548] 0
[1557] -1
[1567] WL 膂噙売 lXrEvjUdQYdPFuQDEU 1
[1576] -1
[1582] -1
[1592] 0
[1594] -1
[1595] 0
[1601] -1
[1602] -1
[1609] 0
[1610] WL 膂噙売 lXrEvjUdQYdPFuQDEU 1
[1619] 0
[1624] -1
[1630] -1
[1639] -1
[1648] -1
[1650] -1
[1658] -1
[1664] 0
[1673] -1
[1677] -1
[1686] -1
[1687] -1
[1696] -1
[1703] -1
[1713] -1
[1719] -1
[1727] -1
[1733] 0
[1742] -1
[1747] 0
[1752] -1
[1760] -1
[1765] -1
[1773] -1
[1783] -1
[1785] 0
[1791] -1
[1800] -1
[1802] 0
[1812] 0
[1816] 0
[1822] 0
[1832] 0
[1841] Plume 翎羽 PARTY.A.spectre@is.haunting 9
[1844] 0
[1845] 0
[1848] 0
[1858] 0
[1861] 0
[1870] -1
[1878] 0
[1886] 0
[1895] 0
[1897] 0
[1900] 0
[1910] Haze 夜烟 Czar.Metternich@and.Guizot 3
[1919] Astesia 星极 Europethe.spectre@of.Communism 6
[1923] Haze 夜烟 policespies@Where.is 3
[1933] 0
[1934] 0
[1941] 0
[1951] 0
[1961] Haze 夜烟 policespies@Where.is 3
[1962] 0
[1966] 0
[1974] 0
[1979] 0
[1989] 0
[1997] 0
[1998] Ansel 安赛尔 opponents.in@power.Where 4
[2007] 0
[2013] 0
[2019] 0
[2020] -1
[2025] Snowsant 雪雉 is.the.Opposition@that.has 3
[2031] 0
[2035] -1
[2043] 0
[2052] 0
[2053] 0
[2055] 0
[2058] -1
[2068] Scavenger 清道夫 opposition@parties.as 3
[2069] Snowsant 雪雉 is.the.Opposition@that.has 3
[2079] Blaze 煌煌 against.the@more.advanced 1
[2083] Scavenger 清道夫 opposition@parties.as 3
[2092] 0
[2099] 0
[2102] Snowsant 雪雉 is.the.Opposition@that.has 3
[2105] 0
[2114] 0
[2115] Haze 夜烟 policespies@Where.is 3
[2122] 0
[2125] 0
[2135] 0
[2136] 0
[2139] Conviction 断罪者 I.Communism@is.already 2
[2143] 0
[2152] -1
[2158] 0
[2167] Snowsant 雪雉 is.the.Opposition@that.has 3
[2175] Snowsant 雪雉 is.the.Opposition@that.has 3
[2182] Haze 夜烟 policespies@Where.is 3
[2189] Ansel 安赛尔 opponents.in@power.Where 4
[2190] 0
[2200] 0
[2201] 0
[2206] 0
[2215] 0
[2220] Nightmare 夜魔 is.high.time@that.Communists 4
[2224] Ansel 安赛尔 opponents.in@power.Where 4
[2231] -1
[2235] 0
[2240] 0
[2248] 0
[2249] 0
[2250] Ansel 安赛尔 opponents.in@power.Where 4
[2256] -1
[2257] 0
[2262] -1
[2266] Mousse 慕斯 itself.a.Power@II.It 4
[2272] 0
[2279] 0
[2285] 0
[2289] 0
[2290] Conviction 断罪者 I.Communism@is.already 2
[2300] 0
[2310] 0
[2317] Haze 夜烟 policespies@Where.is 3
[2320] 0
[2329] 0
[2332] 0
[2342] 0
[2350] 0
[2353] 0
[2356] 0
[2360] -1
[2366] Conviction 断罪者 I.Communism@is.already 2
[2368] 0
[2377] 0
[2378] 0
[2388] -1
[2391] Conviction 断罪者 I.Communism@is.already 2
[2400] Hellagur 赫拉格 meet.this.nursery@tale.of 3
[2404] Rope 暗索 in.London.and@sketched.the 4
[2410] 0
[2411] -1
[2414] Nightmare 夜魔 is.high.time@that.Communists 4
[2424] 0
[2432] 0
[2442] 0
[2451] 0
[2452] 0
[2456] 0
[2460] 0
[2470] 0
[2471] 0
[2481] 0
[2489] 0
[2496] 0
[2497] 0
[2507] 0
[2515] 0
[2518] 0
[2521] Phantom 傀影 following.Manifesto@to.be 2
[2523] Rope 暗索 in.London.and@sketched.the 4
[2528] 0
[2537] 0
[2542] 0
[2550] -1
[2553] 0
[2557] 0
[2562] 0
[2566] 0
[2574] 0
[2577] 0
[2582] 0
[2583] 0
[2586] 0
[2595] Conviction 断罪者 that.each.time@ended.either 2
[2603] 0
[2607] 0
[2610] Ambriel 安比尔 history.of@all.hitherto 3
[2613] Conviction 断罪者 that.each.time@ended.either 2
[2621] 0
[2622] -1
[2631] Grani 格拉尼 in.a.word.oppressor@and.oppres 1
[2632] Mousse 慕斯 itself.a.Power@II.It 4
[2635] Ambriel 安比尔 history.of@all.hitherto 3
[2640] -1
[2650] Hellagur 赫拉格 meet.this.nursery@tale.of 3
[2654] Grani 格拉尼 in.a.word.oppressor@and.oppres 1
[2659] 0
[2664] 0
[2670] Nian 年年 in.the.common@ruin.of 1
[2674] Courier 讯使 end.Communists@of.various 1
[2682] Scavenger 清道夫 opposition@parties.as 3
[2685] Snowsant 雪雉 is.the.Opposition@that.has 3
[2687] 0
[2693] 0
[2703] 0
[2705] 0
[2711] 0
[2718] W 达不溜 French.German@Italian.Flemish 2
[2725] Scavenger 清道夫 opposition@parties.as 3
[2735] Snowsant 雪雉 is.the.Opposition@that.has 3
[2742] 0
[2748] 0
[2749] 0
[2753] 0
[2759] -1
[2764] 0
[2772] -1
[2774] Fang 芬芬 nationalities@have.assembled 3
[2776] Bison 拜松 one.another@carried.on 1
[2783] Vigna 红豆 adversaries@Two.things 5
[2790] 0
[2798] 0
[2800] 0
[2803] -1
[2805] 0
[2808] -1
[2810] 0
[2815] 0
[2825] 0
[2833] 0
[2840] Ceobe 刻俄柏 acknowledged@by.all 4
[2846] 0
[2848] 0
[2853] 0
[2861] Haze 夜烟 policespies@Where.is 3
[2863] -1
[2873] 0
[2879] 0
[2887] Ambriel 安比尔 history.of@all.hitherto 3
[2891] Ambriel 安比尔 history.of@all.hitherto 3
[2901] 0
[2906] 0
[2909] 0
[2914] -1
[2916] 0
[2920] 0
[2927] Mousse 慕斯 itself.a.Power@II.It 4
[2933] Sussurro 苏苏洛 into.various@orders.a 1
[2938] 0
[2942] 0
[2949] 0
[2956] 0
[2963] Mousse 慕斯 itself.a.Power@II.It 4
[2967] NoirCorne 黑角 face.of.the@whole.world 4
[2976] Provence 普罗旺斯 aims.their@tendencies.and 4
[2979] WaaiFu 槐琥 have.patricians@knights.plebei 1
[2980] 0
[2987] Ifrit 伊芙利特 slaves.in.the@Middle.Ages 3
[2993] Sesa 慑砂 everywhere@a.complicated 4
[3002] Mousse 慕斯 itself.a.Power@II.It 4
[3006] Ambriel 安比尔 history.of@all.hitherto 3
[3011] Bison 拜松 one.another@carried.on 1
[3016] Zima 凛冬 classes.again@subordinate.grad 1
[3017] Liskarm 雷蛇 the.Spectre@of.Communism 3
[3018] 0
[3024] 0
[3028] 0
[3029] 0
[3036] Schwarz 黑黑 and.Danish@languages.I 1
[3037] 0
[3041] 0
[3045] 0
[3052] 0
[3054] Popukar 泡普卡 journeymen@apprentices.serfs 1
[3055] 0
[3065] 0
[3073] Greyy 格雷 new.forms.of@struggle.in 4
[3080] Ambriel 安比尔 history.of@all.hitherto 3
[3084] 0
[3087] 0
[3092] 0
[3099] 0
[3102] ProjeKTRed 红红 place.of.the@old.ones 1
[3109] Magallan 麦哲伦 arrangement@of.society 2
[3115] Eyjafjalla 艾雅法拉 but.established@new.classes 1
[3124] NoirCorne 黑角 face.of.the@whole.world 4
[3134] Ambriel 安比尔 the.bourgeoisie@possesses.howe 3
[3136] Greyy 格雷 new.forms.of@struggle.in 4
[3139] Frostleaf 霜叶 existing.societies@is.the 1
[3142] 0
[3145] 0
[3152] 0
[3161] 0
[3170] Haze 夜烟 antagonisms@Society.as 3
[3174] 0
[3184] 0
[3186] Ifrit 伊芙利特 slaves.in.the@Middle.Ages 3
[3192] 0
[3193] Gummy 古米 new.conditions@of.oppression 4
[3198] Conviction 断罪者 that.each.time@ended.either 2
[3201] Purestream 清流 this.distinctive@feature.it 2
[3203] Sora 空空 manifold.gradation@of.social 2
[3206] Courier 讯使 more.splitting@up.into 1
[3210] 0
[3213] 0
[3214] 0
[3222] Scavenger 清道夫 opposition@parties.as 3
[3223] FEater 食铁兽 not.done.away@with.class 1
[3231] Sora 空空 manifold.gradation@of.social 2
[3234] Popukar 泡普卡 journeymen@apprentices.serfs 1
[3239] 0
[3241] 0
[3242] 0
[3245] 0
[3252] 0
[3262] 0
[3267] 0
[3269] Courier 讯使 more.splitting@up.into 1
[3276] 0
[3282] 0
[3284] Broca 布洛卡 serfs.of.the@Middle.Ages 4
[3291] 0
[3301] -1
[3306] Fang 芬芬 nationalities@have.assembled 3
[3312] Gummy 古米 new.conditions@of.oppression 4
[3321] Courier 讯使 more.splitting@up.into 1
[3330] 0
[3338] -1
[3340] Durin 杜林 Proletariat@From.the 1
[3346] 0
[3354] 0
[3355] Eyjafjalla 艾雅法拉 but.established@new.classes 1
[3361] Nian 年年 in.the.common@ruin.of 1
[3370] Executor 送葬人 two.great.hostile@camps.into 1
[3373] Croissant 可颂 ruins.of.feudal@society.has 4
[3382] 0
[3387] Gummy 古米 new.conditions@of.oppression 4
[3396] Zima 凛冬 classes.again@subordinate.grad 1
[3401] 0
[3411] 0
[3419] ProjeKTRed 红红 place.of.the@old.ones 1
[3424] Shining 闪灵 publish.their@views.their 1
[3426] Fang 芬芬 nationalities@have.assembled 3
[3428] 0
[3434] Mousse 慕斯 itself.a.Power@II.It 4
[3440] Conviction 断罪者 that.each.time@ended.either 2
[3444] -1
[3445] Ceobe 刻俄柏 acknowledged@by.all 4
[3453] Snowsant 雪雉 is.the.Opposition@that.has 3
[3462] 0
[3471] 0
[3474] 0
[3483] 0
[3491] Scavenger 清道夫 opposition@parties.as 3
[3499] 0
[3502] 0
[3511] 0
[3517] 0
[3519] 0
[3521] 0
[3527] Aak 阿阿 an.uninterrupted@now.hidden 1
[3535] Sideroca 铸铁 of.the.earliest@towns.From 2
[3544] 0
[3551] 0
[3560] 0
[3562] 0
[3563] Broca 布洛 serfs.of.the@Middle.Ages 4
[3565] 0
[3571] 0
[3578] Gavial 嘉维尔 each.other@Bourgeoisie.and 1
[3581] 0
[3582] Rope 暗索 in.London.and@sketched.the 4
[3592] 0
[3601] Sora 空空 manifold.gradation@of.social 2
[3611] 0
[3617] 0
[3626] Durin 杜林 Proletariat@From.the 1
[3632] Bison 拜松 one.another@carried.on 1
[3638] 0
[3641] 0
[3649] -1
[3654] Bibeak 柏喙 rising.bourgeoisie@The.EastInd 1
[3662] 0
[3668] 0
[3672] GreyThroat 灰喉 means.of.exchange@and.in 2
[3682] Eyjafjalla 艾雅法拉 but.established@new.classes 1
[3685] Schwarz 黑黑 and.Danish@languages.I 1
[3692] Courier 讯使 more.splitting@up.into 1
[3700] Gravel 砾砾 trade.with@the.colonies 4
[3709] Amiya 阿米娅 commodities@generally.gave 2
[3718] 0
[3719] Deepcolor 深海色 The.modern@bourgeois.society 3
[3726] Mousse 慕斯 itself.a.Power@II.It 4
[3729] Fang 芬芬 to.commerce@to.navigation 3
[3738] Nian 年年 in.the.common@ruin.of 1
[3741] 0
[3747] Hung 吽吽 that.has.sprouted@from.the 3
[3757] 0
[3762] 0
[3772] Hung 吽吽 that.has.sprouted@from.the 3
[3775] 0
[3776] -1
[3778] Sideroca 铸铁 of.the.earliest@towns.From 2
[3783] Purestream 清流 this.distinctive@feature.it 2
[3792] Gavial 嘉维尔 each.other@Bourgeoisie.and 1
[3793] -1
[3796] Sora 空空 manifold.gradation@of.social 2
[3801] 0
[3807] 0
[3810] 0
[3817] 0
[3821] Sideroca 铸铁 of.the.earliest@towns.From 2
[3822] Liskarm 雷蛇 the.Spectre@of.Communism 3
[3827] 0
[3834] 0
[3842] Gummy 古米 new.conditions@of.oppression 4
[3843] 0
[3847] Rope 暗索 in.London.and@sketched.the 4
[3850] 0
[3860] 0
[3861] 0
[3866] 0
[3873] Gummy 古米 new.conditions@of.oppression 4
[3883] Ambriel 安比尔 the.bourgeoisie@possesses.howe 3
[3890] Magallan 麦哲伦 arrangement@of.society 2
[3891] Gravel 砾砾 trade.with@the.colonies 4
[3896] Eyjafjalla 艾雅法拉 but.established@new.classes 1
[3905] Courier 讯使 more.splitting@up.into 1
[3908] Siege 推进之王 in.a.revolutionary@reconstitut 1
[3915] Savage 暴行 fresh.ground@for.the 1
[3924] Rope 暗索 in.London.and@sketched.the 4
[3932] Broca 布洛 serfs.of.the@Middle.Ages 4
[3936] Greyy 格雷 new.forms.of@struggle.in 4
[3946] Frostleaf 霜叶 existing.societies@is.the 1
[3955] Schwarz 黑黑 and.Danish@languages.I 1
[3956] 0
[3961] Weedy 温蒂 with.a.Manifesto@of.the 2
[3962] -1
[3970] 0
[3979] 0
[3989] 0
[3991] Scavenger 清道夫 opposition@parties.as 3
[3994] Snowsant 雪雉 is.the.Opposition@that.has 3
[4004] Zima 凛冬 classes.again@subordinate.grad 1
[4009] Gummy 古米 new.conditions@of.oppression 4
[4017] Phantom 傀影 following.Manifesto@to.be 2
[4020] Ceobe 刻俄柏 development@The.feudal 4
[4025] Sussurro 苏苏洛 into.various@orders.a 1
[4034] 0
[4039] 0
[4040] Ceobe 刻俄柏 development@The.feudal 4
[4048] Hellagur 赫拉格 meet.this.nursery@tale.of 3
[4058] Franka 芙兰卡 and.Chinese@markets.the 1
[4060] Purestream 清流 this.distinctive@feature.it 2
[4064] 0
[4070] 0
[4072] Gavial 嘉维尔 each.other@Bourgeoisie.and 1
[4074] 0
[4077] 0
[4082] NoirCorne 黑角 face.of.the@whole.world 4
[4092] Deepcolor 深海色 The.modern@bourgeois.society 3
[4094] Popukar 泡普卡 journeymen@apprentices.serfs 1
[4098] 0
[4100] 0
[4103] Gravel 砾砾 trade.with@the.colonies 4
[4109] Gravel 砾砾 trade.with@the.colonies 4
[4111] 0
[4119] 0
[4127] 0
[4137] Greyy 格雷 new.forms.of@struggle.in 4
[4145] 0
[4153] Ceobe 刻俄柏 development@The.feudal 4
[4156] Utage 宴宴 never.before@known.and 2
[4161] Sideroca 铸铁 of.the.earliest@towns.From 2
[4166] Silence 赫默 has.simplified@the.class 2
[4176] Greyy 格雷 new.forms.of@struggle.in 4
[4179] WaaiFu 槐琥 have.patricians@knights.plebei 1
[4187] Blaze 煌煌 against.the@more.advanced 1
[4196] Schwarz 黑黑 wants.of.the@new.markets 1
[4199] 0
[4207] 0
[4214] Eyjafjalla 艾雅法 its.place.The@guildmasters.wer 1
[4223] 0
[4230] 0
[4237] Durin 杜林 Proletariat@From.the 1
[4247] Weedy 温蒂 with.a.Manifesto@of.the 2
[4256] Mousse 慕斯 itself.a.Power@II.It 4
[4266] Eyjafjalla 艾雅法 its.place.The@guildmasters.wer 1
[4276] W 达不溜 French.German@Italian.Flemish 2
[4277] Hellagur 赫拉格 meet.this.nursery@tale.of 3
[4283] Ptilopsis 白面鸮 element.in@the.tottering 3
[4289] Lava 炎熔 feudal.society@a.rapid 1
[4297] Aak 阿阿 an.uninterrupted@now.hidden 1
[4305] Scavenger 清道 the.manufacturing@middle.class 3
[4313] Sideroca 铸铁 of.the.earliest@towns.From 2
[4315] Bison 拜松 one.another@carried.on 1
[4319] 0
[4323] Bibeak 柏喙 rising.bourgeoisie@The.EastInd 1
[4333] Reed 苇草 industrial@production.was 3
[4339] Purestream 清流 this.distinctive@feature.it 2
[4345] 0
[4346] 0
[4347] 0
[4356] Silence 赫默 has.simplified@the.class 2
[4363] Purestream 清流 this.distinctive@feature.it 2
[4373] Meteor 流星 to.industry@an.impulse 2
[4378] Aak 阿阿 an.uninterrupted@now.hidden 1
[4385] -1
[4392] Midnight 月见夜 a.whole.is@more.and 3
[4393] Silence 赫默 has.simplified@the.class 2
[4394] 0
[4396] 0
[4404] 0
[4405] Savage 暴行 fresh.ground@for.the 1
[4411] Ceobe 刻俄柏 vanished.in@the.face 4
[4415] Sussurro 苏苏洛 of.division@of.labour 1
[4417] Siege 推进之王 in.a.revolutionary@reconstitut 1
[4424] Frostleaf 霜叶 existing.societies@is.the 1
[4428] 0
[4434] 0
[4436] Orchid 梓兰 two.great.classes@directly.fac 1
[4443] Frostleaf 霜叶 existing.societies@is.the 1
[4448] Ptilopsis 白面鸮 element.in@the.tottering 3
[4451] Breeze 微风 now.open.fight@a.fight 1
[4458] 0
[4462] 0
[4469] Hellagur 赫拉格 meet.this.nursery@tale.of 3
[4477] Greyy 格雷 new.forms.of@struggle.in 4
[4482] Schwarz 黑黑 wants.of.the@new.markets 1
[4489] Magallan 麦哲伦 arrangement@of.society 2
[4496] FEater 食铁兽 not.done.away@with.class 1
[4498] NoirCorne 黑角 face.of.the@whole.world 4
[4503] Gravel 砾砾 trade.with@the.colonies 4
[4510] Ceylon 锡兰 The.manufacturing@system.took 4
[4513] Croissant 可颂 ruins.of.feudal@society.has 4
[4516] 0
[4520] 0
[4522] Magallan 麦哲伦 arrangement@of.society 2
[4524] -1
[4526] Magallan 麦哲伦 arrangement@of.society 2
[4535] Amiya 阿米娅 commodities@generally.gave 2
[4540] Conviction 断罪者 that.each.time@ended.either 2
[4549] Haze 夜烟 antagonisms@Society.as 3
[4555] Bison 拜松 one.another@carried.on 1
[4565] Executor 送葬人 two.great.hostile@camps.into 1
[4573] Matterhorn 角峰 pushed.on.one@side.by 4
[4579] Angelina 安洁莉娜 monopolised@by.closed 1
[4589] Angelina 安洁莉娜 monopolised@by.closed 1
[4591] Exusiai 能天使 growing.the@demand.ever 1
[4599] WaaiFu 槐琥 have.patricians@knights.plebei 1
[4605] Purestream 清流 this.distinctive@feature.it 2
[4606] Weedy 温蒂 with.a.Manifesto@of.the 2
[4613] Matterhorn 角峰 pushed.on.one@side.by 4
[4617] Shining 闪灵 publish.their@views.their 1
[4625] Savage 暴行 fresh.ground@for.the 1
[4627] Croissant 可颂 ruins.of.feudal@society.has 4
[4632] 0
[4637] -1
[4638] 0
[4646] 0
[4655] -1
[4664] -1
[4666] Broca 布洛 serfs.of.the@Middle.Ages 4
[4673] Hibiscus 芙蓉 thereby.to@the.revolutionary 2
[4676] Grani 格拉尼 in.a.word.oppressor@and.oppres 1
[4680] Schwarz 黑黑 wants.of.the@new.markets 1
[4686] 0
[4696] 0
[4702] Reed 苇草 industrial@production.was 3
[4707] Sesa 慑砂 everywhere@a.complicated 4
[4716] Lava 炎熔 feudal.society@a.rapid 1
[4718] Blaze 煌煌 against.the@more.advanced 1
[4728] Durin 杜林 Proletariat@From.the 1
[4737] Provence 普罗旺斯 aims.their@tendencies.and 4
[4740] 0
[4747] 0
[4753] Midnight 月见夜 a.whole.is@more.and 3
[4762] Hung 吽吽 that.has.sprouted@from.the 3
[4772] Orchid 梓兰 two.great.classes@directly.fac 1
[4775] Silence 赫默 has.simplified@the.class 2
[4785] Rope 暗索 in.London.and@sketched.the 4
[4794] Shining 闪灵 publish.their@views.their 1
[4804] -1
[4810] Bibeak 柏喙 rising.bourgeoisie@The.EastInd 1
[4811] Ambriel 安比尔 the.bourgeoisie@possesses.howe 3
[4816] GreyThroat 灰喉 means.of.exchange@and.in 2
[4817] Haze 夜烟 antagonisms@Society.as 3
[4821] 0
[4823] Frostleaf 霜叶 existing.societies@is.the 1
[4829] 0
[4837] Phantom 傀影 following.Manifesto@to.be 2
[4844] Franka 芙兰卡 and.Chinese@markets.the 1
[4851] Greyy 格雷 new.forms.of@struggle.in 4
[4860] Snowsant 雪雉 is.the.Opposition@that.has 3
[4863] Ambriel 安比尔 the.bourgeoisie@possesses.howe 3
[4872] Savage 暴行 fresh.ground@for.the 1
[4875] Meteor 流星 to.industry@an.impulse 2
[4885] 0
[4889] Ceylon 锡兰 The.manufacturing@system.took 4
[4896] FEater 食铁兽 not.done.away@with.class 1
[4903] Siege 推进之王 in.a.revolutionary@reconstitut 1
[4910] 0
[4914] 0
[4920] Sora 空空 manifold.gradation@of.social 2
[4926] Hibiscus 芙蓉 thereby.to@the.revolutionary 2
[4935] Mayer 梅尔 production@The.place 2
[4942] 0
[4946] 0
[4952] Orchid 梓兰 two.great.classes@directly.fac 1
[4962] NoirCorne 黑角 face.of.the@whole.world 4
[4971] Nian 年年 in.the.common@ruin.of 1
[4979] -1
[4989] Beehunter 猎蜂 longer.sufficed@Thereupon.stea 4
[4991] Eyjafjalla 艾雅法 its.place.The@guildmasters.wer 1
[5000] Sussurro 苏苏洛 of.division@of.labour 1
[5004] Snowsant 雪雉 is.the.Opposition@that.has 3
[5007] Myrrh 末药 system.of.industry@under.which 4
[5008] Grani 格拉尼 in.a.word.oppressor@and.oppres 1
[5012] Utage 宴宴 never.before@known.and 2
[5013] Orchid 梓兰 by.the.giant@Modern.Industry 1
[5021] Provence 普罗旺斯 aims.their@tendencies.and 4
[5024] W 达不溜 French.German@Italian.Flemish 2
[5034] Snowsant 雪雉 is.the.Opposition@that.has 3
[5043] Rope 暗索 in.London.and@sketched.the 4
[5047] Ambriel 安比尔 the.bourgeoisie@possesses.howe 3
[5056] 0
[5063] Bibeak 柏喙 rising.bourgeoisie@The.EastInd 1
[5070] Franka 芙兰 and.Chinese@markets.the 1
[5076] Zima 凛冬 classes.again@subordinate.grad 1
[5081] Shamare 巫恋 rising.Even@manufacture.no 2
[5082] Ansel 安赛尔 opponents.in@power.Where 4
[5086] Hung 吽吽 that.has.sprouted@from.the 3
[5093] Breeze 微风 the.place.of@the.industrial 1
[5102] Mostima 莫斯提马 of.America@the.rounding 1
[5110] Franka 芙兰 and.Chinese@markets.the 1
[5111] Shamare 巫恋 rising.Even@manufacture.no 2
[5119] 0
[5124] 0
[5131] Savage 暴行 fresh.ground@for.the 1
[5132] Midnight 月见夜 a.whole.is@more.and 3
[5134] Grani 格拉尼 in.a.word.oppressor@and.oppres 1
[5136] Mostima 莫斯提马 of.America@the.rounding 1
[5138] Scavenger 清道 millionaires@the.leaders 3
[5147] 0
[5156] Eyjafjalla 艾雅法 its.place.The@guildmasters.wer 1
[5163] Shamare 巫恋 rising.Even@manufacture.no 2
[5165] 0
[5171] NoirCorne 黑角 face.of.the@whole.world 4
[5175] Executor 送葬人 two.great.hostile@camps.into 1
[5178] 0
[5181] 0
[5188] Utage 宴宴 never.before@known.and 2
[5194] Eyjafjalla 艾雅法 its.place.The@guildmasters.wer 1
[5198] Nian 年年 in.the.common@ruin.of 1
[5205] Mousse 慕斯 itself.a.Power@II.It 4
[5212] Utage 宴宴 never.before@known.and 2
[5217] Utage 宴宴 never.before@known.and 2
[5224] Popukar 泡普卡 journeymen@apprentices.serfs 1
[5225] Durin 杜林 Proletariat@From.the 1
[5235] Frostleaf 霜叶 existing.societies@is.the 1
[5243] Gummy 古米 new.conditions@of.oppression 4
[5250] Gravel 砾砾 trade.with@the.colonies 4
[5251] 0
[5255] Mayer 梅尔 production@The.place 2
[5265] Vulcan 火神 and.machinery@revolutionised.i 3
[5271] Shamare 巫恋 rising.Even@manufacture.no 2
[5276] W 达不溜 French.German@Italian.Flemish 2
[5281] Franka 芙兰 and.Chinese@markets.the 1
[5285] 0
[5294] 0
[5297] 0
[5301] 0
[5311] 0
[5312] 0
[5315] 0
[5317] 0
[5325] 0
[5328] 0
[5335] 0
[5339] 0
[5342] 0
[5349] 0
[5353] 0
[5363] 0
[5372] 0
[5379] 0
[5382] 0
[5385] 0
[5388] 9327456
[5398] 393859767
[5402] 1
puzzletheNewWorld 北京市 08-06 07:37 -> 广西梧州市 08-06 14:57 2594 63242
[5409] 109942997
[5411] 82942286
[5420] 1
INSCRIPTIONS 湖南省韶山市 06-29 03:05 -> 安徽省桐城市 06-29 04:13 3893 70652
[5423] 1
AndtodefineAmeric 黑龙江省双城市 06-17 13:02 -> 山西省运城市 06-18 02:16 10339 63369
[5433] 35760879
[5435] 1
AndtodefineAmeric 辽宁省辽阳市 08-18 06:45 -> 湖南省冷水江市 08-19 05:58 18763 63369
[5440] 3139389
[5449] 1
TOtheeoldcause 云南省开远市 07-22 13:06 -> 河南省登封市 07-22 23:42 10149 76748
[5455] 1
AndtodefineAmeric 辽宁省辽阳市 07-25 06:45 -> 湖南省冷水江市 07-26 05:58 18763 63369
[5459] 0
[5467] 8061879
[5468] 1
TOTHEEOLDCAUSE 江西省吉安市 06-25 06:34 -> 河南省巩义市 06-25 14:30 10194 96526
[5474] 142328850
[5481] 1
LeavesofGrass 福建省莆田市 07-15 21:43 -> 河北省石家庄市 07-16 12:19 14378 28660
[5486] 1
TOTHEEOLDCAUSE 黑龙江省北安市 07-14 19:59 -> 广东省阳春市 07-15 17:10 19291 96526
[5493] 36259310
[5498] 1
IHEARDthatyouask 山东省诸城市 07-16 00:54 -> 黑龙江省海林市 07-16 20:50 24228 66633
[5502] 1
LeavesofGrass 山东省栖霞市 08-10 00:32 -> 福建省漳州市 08-10 02:04 738 28660
[5512] 10852350
[5515] 13959425
[5520] 0
[5522] 1
AndtodefineAmeric 山东省即墨市 07-19 14:37 -> 湖南省冷水江市 07-20 05:58 11865 63369
[5526] 1
LeavesofGrass 北京市 08-05 13:47 -> 天津市 08-06 09:51 22653 28033
[5535] 102676540
[5540] 1
ThereforeIsendyou 广西岑溪市 07-08 18:01 -> 新疆喀什市 07-08 23:20 7499 60364
[5547] 1
AndtodefineAmeric 黑龙江省双城市 07-13 13:02 -> 山西省运城市 07-14 02:16 10339 63369
[5557] 1
INSCRIPTIONS 陕西省延安市 07-21 23:39 -> 湖南省韶山市 07-22 02:56 7976 70652
[5559] 330213865
[5579] -1
[5584] -1
[5590] -1
[5593] -1
[5596] Mayer 梅尔 production@The.place 2
[5598] -1
[5606] 0
[5607] 0
[5611] -1
[5612] -1
[5613] -1
[5614] -1
[5623] IHEARDthatyouask R
贵州省福泉市 xx-xx xx:xx -> 06-26 22:30 0 66633
山东省诸城市 06-27 00:51 -> 06-27 00:54 1841 66633
湖北省恩施市 06-27 03:43 -> 06-27 03:46 3013 66633
湖南省湘潭市 06-27 04:45 -> 06-27 04:50 3565 66633
广东省南雄市 06-27 05:28 -> 06-27 05:34 5665 66633
辽宁省辽阳市 06-27 08:08 -> 06-27 08:18 6145 66633
河南省邓州市 06-27 10:12 -> 06-27 10:18 7931 66633
河南省辉县市 06-27 11:27 -> 06-27 11:34 10233 66633
吉林省龙井市 06-27 14:04 -> 06-27 14:11 13027 66633
广东省恩平市 06-27 16:32 -> 06-27 16:35 14897 66633
福建省龙岩市 06-27 17:57 -> 06-27 18:05 17765 66633
浙江省台州市 06-27 19:52 -> 06-27 19:59 22738 66633
黑龙江省海林市 06-27 20:50 -> 06-27 20:59 26069 66633
江苏省太仓市 06-27 23:24 -> xx-xx xx:xx 30130 x
[5628] 0
[5629] 0
[5637] 0
[5640] -1
[5646] -1
[5656] 0
[5661] -1
[5670] 0
[5673] 0
[5682] -1
[5688] 0
[5694] 0
[5704] 0
[5706] 0
[5710] -1
[5712] -1
[5715] -1
[5720] -1
[5723] -1
[5732] Durin 杜林 Proletariat@From.the 1
[5738] -1
[5748] 0
[5750] -1
[5755] -1
[5759] -1
[5760] -1
[5769] -1
[5772] 0
[5773] -1
[5775] Breeze 微风 the.place.of@the.industrial 1
[5781] Nian 年年 in.the.common@ruin.of 1
[5788] -1
[5795] 0
[5796] -1
[5806] 0
[5807] -1
[5817] Magallan 麦哲伦 arrangement@of.society 2
[5821] -1
[5831] Hoshiguma 星熊 MANIFESTO.OF@THE.COMMUNIST 7
[5836] Hoshiguma 星熊 MANIFESTO.OF@THE.COMMUNIST 7
[5839] 0
[5848] -1
[5855] 1
[success] LeavesofGrass 重庆市南川市 08-04 16:06 -> 四川省德阳市 08-05 09:14 20810 4934
[5856] -1
[5865] -1
[5869] -1
[5874] 0
[5879] -1
[5886] -1
[5896] Meteorite 陨星 the.different@corporate.guilds 6
[5905] 0
[5906] -1
[5911] -1
[5920] -1
[5927] Ceobe 刻俄柏 vanished.in@the.face 4
[5931] Kroos 克洛丝 history.of@class.struggles 5
[5938] -1
[5945] 0
[5948] -1
[5954] -1
[5963] 0
[5969] 0
[5979] Lappland 拉普兰德 of.manufacture@was.taken 3
[5988] -1
[5998] -1
[6000] Purestream 清流 this.distinctive@feature.it 2
[6003] -1
[6013] -1
[6021] -1
[6023] -1
[6029] Savage 暴行 fresh.ground@for.the 1
[6033] 0
[6040] 0
[6046] 0
[6047] Sideroca 铸铁 of.the.earliest@towns.From 2
[6053] 0
[6061] -1
[6066] -1
[6067] -1
[6069] 0
[6079] -1
[6089] 0
[6090] 0
[6098] -1
[6107] -1
[6111] SilverAsh 银灰 published.in@the.English 5
[6119] Ifrit 伊芙利特 slaves.in.the@Middle.Ages 3
[6126] -1
[6133] -1
[6143] -1
[6144] -1
[6148] -1
[6155] 0
[6158] -1
[6168] Grani 格拉尼 in.a.word.oppressor@and.oppres 1
[6174] 0
[6182] -1
[6190] 0
[6196] Fang 芬芬 to.commerce@to.navigation 3
[6197] -1
[6206] -1
[6214] -1
[6221] -1
[6231] -1
[6240] 0
[6245] -1
[6248] 0
[6255] -1
[6258] -1
[6264] 0
[6269] -1
[6272] 0
[6279] 0
[6287] 0
[6295] -1
[6302] 0
[6307] -1
[6315] 0
[6325] -1
[6327] 0
[6328] -1
[6332] -1
[6340] -1
[6343] -1
[6349] -1
[6356] 0
[6364] -1
[6365] -1
[6373] 0
[6375] 0
[6382] 0
[6383] TOFOREIGNLANDS O
湖北省黄石市 xx-xx xx:xx -> 06-28 01:26 0 92416
安徽省滁州市 06-28 05:01 -> 06-28 05:11 214 92416
江西省乐平市 06-28 05:31 -> 06-28 05:40 3353 92416
河南省鹤壁市 06-28 08:06 -> 06-28 08:16 5245 92416
四川省都江堰市 06-28 09:22 -> 06-28 09:31 9957 92416
贵州省贵阳市 06-28 10:01 -> 06-28 10:05 14894 92416
北京市 06-28 12:14 -> 06-28 12:23 16737 92416
福建省建阳市 06-28 12:53 -> 06-28 12:58 19794 92416
江西省上饶市 06-28 16:27 -> 06-28 16:30 22590 92416
广东省清远市 06-28 18:14 -> 06-28 18:22 22776 92416
河北省任丘市 06-28 21:48 -> 06-28 21:56 24098 92416
四川省峨眉山市 06-28 23:47 -> xx-xx xx:xx 24297 x
[6392] -1
[6395] -1
[6402] -1
[6403] -1
[6405] 0
[6408] -1
[6410] -1
[6420] -1
[6430] -1
[6432] -1
[6441] -1
[6446] -1
[6452] -1
[6461] -1
[6468] -1
[6472] -1
[6479] -1
[6484] -1
[6485] -1
[6491] -1
[6501] 0
[6507] -1
[6513] -1
[6523] -1
[6530] Bison 拜松 one.another@carried.on 1
[6538] -1
[6546] 0
[6551] -1
[6555] -1
[6559] 0
[6564] -1
[6566] -1
[6568] 0
[6576] -1
[6582] -1
[6586] -1
[6589] Bibeak 柏喙 rising.bourgeoisie@The.EastInd 1
[6597] -1
[6607] -1
[6613] -1
[6620] 0
[6623] -1
[6627] -1
[6629] 0
[6634] -1
[6640] -1
[6642] -1
[6652] -1
[6661] -1
[6665] 0
[6667] 1
[success] ThereforeIsendyou 广西岑溪市 07-15 18:01 -> 广东省英德市 07-16 04:08 17903 7950
[6675] -1
[6680] -1
[6681] 0
[6686] -1
[6689] 0
[6695] -1
[6696] -1
[6697] -1
[6698] 0
[6706] 0
[6708] -1
[6714] -1
[6722] -1
[6730] 0
[6736] -1
[6744] -1
[6749] -1
[6752] 0
[6755] -1
[6757] -1
[6765] Eyjafjalla 艾雅法 its.place.The@guildmasters.wer 1
[6768] -1
[6773] -1
[6779] -1
[6788] -1
[6797] 0
[6801] -1
[6807] 0
[6813] 0
[6814] 1
[success] LeavesofGrass 吉林省图们市 07-18 16:42 -> 福建省莆田市 07-18 21:35 7649 1825
[6815] 0
[6823] 0
[6825] -1
[6827] -1
[6834] Sussurro 苏苏洛 of.division@of.labour 1
[6838] -1
[6853] 0
[6856] 0
[6857] -1
[6861] -1
[6867] PhgILdATesZ Z
广东省鹤山市 xx-xx xx:xx -> 08-17 08:12 0 81665
山东省栖霞市 08-17 08:25 -> 08-17 08:34 3275 81665
广东省南雄市 08-17 08:49 -> 08-17 09:01 72061 81665
安徽省滁州市 08-17 09:15 -> 08-17 09:27 125310 81665
黑龙江省讷河市 08-17 09:40 -> 08-17 09:50 133254 81665
浙江省永康市 08-17 09:56 -> 08-17 10:07 179196 81665
湖北省老河口市 08-17 10:14 -> 08-17 10:21 238172 81665
吉林省蛟河市 08-17 10:26 -> 08-17 10:34 275368 81665
辽宁省庄河市 08-17 10:49 -> 08-17 11:04 370997 81665
贵州省安顺市 08-17 11:16 -> 08-17 11:31 448686 81665
黑龙江省七台河市 08-17 11:43 -> 08-17 11:54 527833 81665
福建省龙岩市 08-17 12:03 -> 08-17 12:10 536184 81665
福建省莆田市 08-17 12:15 -> 08-17 12:24 558070 81665
广东省雷州市 08-17 12:29 -> 08-17 12:35 612625 81665
江苏省连云港市 08-17 12:50 -> 08-17 12:55 614636 81665
江西省吉安市 08-17 13:10 -> 08-17 13:18 692609 81665
浙江省余姚市 08-17 13:28 -> 08-17 13:40 713980 81665
贵州省贵阳市 08-17 13:55 -> 08-17 14:00 773371 81665
江苏省泰州市 08-17 14:09 -> 08-17 14:23 839377 81665
吉林省公主岭市 08-17 14:32 -> 08-17 14:43 865617 81665
黑龙江省铁力市 08-17 14:50 -> 08-17 15:03 930119 81665
江苏省太仓市 08-17 15:13 -> 08-17 15:26 971568 81665
河南省南阳市 08-17 15:37 -> 08-17 15:52 1064366 81665
浙江省杭州市 08-17 16:05 -> 08-17 16:13 1123757 81665
广东省罗定市 08-17 16:19 -> 08-17 16:33 1218956 81665
广东省江门市 08-17 16:45 -> 08-17 16:58 1282638 81665
河南省新郑市 08-17 17:12 -> 08-17 17:21 1332012 81665
贵州省福泉市 08-17 17:30 -> 08-17 17:37 1332430 81665
江西省宜春市 08-17 17:51 -> xx-xx xx:xx 1414166 x
[6877] -1
[6879] Amiya 阿米娅 commodities@generally.gave 2
[6885] 0
[6891] -1
[6892] -1
[6894] Frostleaf 霜叶 existing.societies@is.the 1
[6902] -1
[6903] -1
[6908] -1
[6913] Nightmare 夜魔 is.high.time@that.Communists 4
[6919] Midnight 月见夜 a.whole.is@more.and 3
[6926] -1
[6928] -1
[6936] -1
[6941] -1
[6943] -1
[6945] 0
[6955] 0
[6960] -1
[6964] 0
[6967] -1
[6972] -1
[6978] 0
[6982] 0
[6991] 0
[6999] -1
[7005] 0
[7015] -1
[7021] -1
[7022] -1
[7029] -1
[7031] 0
[7037] -1
[7039] -1
[7040] -1
[7044] 0
[7046] Snowsant 雪雉 is.the.Opposition@that.has 3
[7056] 0
[7063] 0
[7069] 0
[7076] -1
[7080] -1
[7083] -1
[7087] 0
[7092] -1
[7101] -1
[7106] Breeze 微风 the.place.of@the.industrial 1
[7107] Earthspirit 地灵 has.not.been@decried.as 5
[7112] -1
[7119] 0
[7120] 0
[7128] -1
[7138] -1
[7141] -1
[7145] -1
[7147] 0
[7151] Zima 凛冬 classes.again@subordinate.grad 1
[7156] 0
[7165] 0
[7166] -1
[7174] -1
[7184] -1
[7188] -1
[7191] NoirCorne 黑角 face.of.the@whole.world 4
[7192] -1
[7197] 0
[7204] 0
[7212] 0
[7222] -1
[7232] -1
[7237] 0
[7238] -1
[7241] -1
[7246] -1
[7254] 0
[7264] -1
[7274] -1
[7279] 0
[7287] -1
[7294] 0
[7301] 0
[7306] -1
[7315] -1
[7319] -1
[7325] Liskarm 雷蛇 the.Spectre@of.Communism 3
[7327] -1
[7328] -1
[7336] -1
[7343] 0
[7344] -1
[7346] -1
[7354] 0
[7355] -1
[7356] -1
[7363] 0
[7370] -1
[7375] 0
[7384] 0
[7388] -1
[7394] -1
[7401] -1
[7411] -1
[7413] -1
[7419] 0
[7427] 0
[7432] -1
[7437] -1
[7439] -1
[7445] 0
[7448] Hung 吽吽 that.has.sprouted@from.the 3
[7451] Zima 凛冬 classes.again@subordinate.grad 1
[7461] 0
[7469] -1
[7474] 0
[7479] -1
[7488] 0
[7497] -1
[7503] -1
[7505] 0
[7513] -1
[7519] 0
[7524] -1
[7531] 0
[7534] 0
[7538] -1
[7544] 0
[7553] 1
whatyouwanted 内蒙集宁市 06-28 12:49 -> 辽宁省沈阳市 06-29 10:34 28356 77031
[7562] -1
[7567] Gravel 砾砾 trade.with@the.colonies 4
[7576] -1
[7577] 0
[7581] 0
[7584] -1
[7590] -1
[7596] Matoimaru 缠丸 middle.class@by.industrial 2
[7603] 0
[7610] -1
[7620] -1
[7623] -1
[7624] 0
[7626] 0
[7630] -1
[7632] 0
[7637] -1
[7646] 0
[7655] -1
[7659] 0
[7668] -1
[7678] -1
[7679] -1
[7680] 0
[7682] -1
[7685] -1
[7686] Cutter 刻刀 were.developed@The.discovery 1
[7691] -1
[7695] 0
[7702] 0
[7704] Bagpipe 风笛 in.almost.all@of.these 7
[7707] Provence 普罗旺斯 aims.their@tendencies.and 4
[7708] -1
[7709] 0
[7719] 0
[7720] -1
[7726] -1
[7730] -1
[7732] -1
[7735] 0
[7743] -1
[7747] -1
[7754] -1
[7761] -1
[7766] -1
[7773] -1
[7783] -1
[7789] -1
[7793] -1
[7803] -1
[7806] 0
[7807] 0
[7812] 0
[7817] 0
[7818] 0
[7822] 0
[7823] 0
[7824] 0
[7830] -1
[7833] 0
[7842] 0
[7843] 0
[7846] 0
[7853] 0
[7860] 0
[7865] 0
[7871] 0
[7875] 0
[7880] 0
[7881] 0
[7884] 0
[7889] 0
[7892] 0
[7902] 0
[7907] 0
[7913] 0
[7918] 0
[7919] 0
[7927] 0
[7929] 0
[7939] 0
[7941] 0
[7951] 0
[7959] 0
[7963] 0
[7964] 0
[7965] 0
[7975] 0
[7985] 0
[7987] 0
[7995] 0
[8003] 0
[8006] -1
[8008] 0
[8011] 0
[8017] 0
[8024] 0
[8028] 0
[8035] 0
[8037] 0
[8046] 0
[8054] 0
[8055] 0
[8063] 0
[8072] 0
[8080] 0
[8082] 0
[8092] 0
[8101] 0
[8103] 0
[8113] 0
[8115] 0
[8119] 0
[8122] 0
[8124] 0
[8132] 0
[8138] 0
[8148] 0
[8157] 0
[8164] 0
[8165] 0
[8173] 0
[8176] 0
[8183] 0
[8185] 0
[8193] 0
[8196] 0
[8205] 0
[8211] 0
[8214] 0
[8216] 0
[8219] 0
[8221] 0
[8228] 0
[8236] 0
[8243] 0
[8253] -1
[8254] -1
[8256] -1
[8261] -1
[8262] -1
[8272] -1
[8278] -1
[8286] 0
[8294] 0
[8302] 0
[8303] 0
[8305] Nian 年年 in.the.common@ruin.of 1
[8312] -1
[8321] 0
[8323] -1
[8332] 0
[8335] 0
[8345] 0
[8349] 0
[8355] -1
[8356] -1
[8358] -1
[8367] 0
[8368] -1
[8373] Savage 暴行 fresh.ground@for.the 1
[8375] 0
[8385] 0
[8394] 0
[8401] -1
[8403] 0
[8405] -1
[8407] -1
[8411] 0
[8420] -1
[8428] -1
[8432] -1
[8439] -1
[8447] -1
[8457] puzzletheNewWorld M
北京市 xx-xx xx:xx -> 08-02 07:37 0 63242
广西梧州市 08-02 14:57 -> 08-02 15:00 2594 63242
浙江省杭州市 08-02 19:27 -> 08-02 19:30 3203 63242
山东省淄博市 08-03 04:45 -> xx-xx xx:xx 5722 x
[8459] 0
[8466] -1
[8468] -1
[8478] 0
[8488] -1
[8497] -1
[8506] 0
[8510] -1
[8515] -1
[8519] -1
[8526] -1
[8531] -1
[8533] -1
[8541] 0
[8546] -1
[8554] 0
[8558] 0
[8567] -1
[8573] -1
[8583] -1
[8591] 0
[8601] -1
[8605] 0
[8612] -1
[8621] 0
[8625] 0
[8633] Lava 炎熔 feudal.society@a.rapid 1
[8643] -1
[8647] 0
[8650] 0
[8652] -1
[8657] -1
[8660] Matterhorn 角峰 pushed.on.one@side.by 4
[8667] -1
[8670] -1
[8675] -1
[8679] 0
[8686] -1
[8693] 0
[8703] 0
[8710] 0
[8718] -1
[8722] -1
[8729] -1
[8739] -1
[8744] -1
[8745] -1
[8754] -1
[8759] -1
[8766] 0
[8769] 0
[8770] ThereforeIsendyou A
山东省莱西市 xx-xx xx:xx -> 06-28 15:31 0 60364
广西岑溪市 06-28 17:51 -> 06-28 18:01 1244 60364
江苏省连云港市 06-28 19:39 -> 06-28 19:49 3138 60364
山西省朔州市 06-28 21:11 -> 06-28 21:19 4397 60364
新疆喀什市 06-28 23:20 -> 06-28 23:23 8743 60364
江苏省海门市 06-29 01:12 -> 06-29 01:21 11176 60364
贵州省贵阳市 06-29 02:57 -> 06-29 03:00 16074 60364
广东省英德市 06-29 04:08 -> 06-29 04:12 19147 60364
江西省宜春市 06-29 05:06 -> 06-29 05:12 24082 60364
湖北省钟祥市 06-29 06:03 -> 06-29 06:06 26718 60364
广东省南海市 06-29 06:46 -> 06-29 06:53 29163 60364
广东省鹤山市 06-29 09:38 -> 06-29 09:48 33660 60364
吉林省四平市 06-29 10:55 -> 06-29 11:01 35779 60364
辽宁省沈阳市 06-29 12:46 -> 06-29 12:56 36926 60364
黑龙江省铁力市 06-29 13:35 -> 06-29 13:41 37358 60364
辽宁省庄河市 06-29 15:30 -> 06-29 15:34 38611 60364
湖南省吉首市 06-29 17:56 -> xx-xx xx:xx 43517 x
[8773] -1
[8780] 0
[8787] 0
[8795] 0
[8800] 0
[8803] 0
[8808] 0
[8810] 0
[8817] 0
[8822] 0
[8823] 0
[8832] 0
[8835] 0
[8844] 0
[8847] 0
[8848] 0
[8852] 0
[8862] 0
[8867] 0
[8870] 0
[8880] 0
[8886] 0
[8895] 0
[8905] 0
[8914] 0
[8915] 0
[8925] 0
[8932] 0
[8942] 0
[8944] 0
[8945] 0
[8947] 0
[8949] 0
[8954] 0
[8962] 0
[8964] 0
[8966] 0
[8973] 0
[8981] 0
[8991] 0
[8996] 0
[8998] 0
[9008] 0
[9012] 0
[9014] 0
[9017] 0
[9023] 0
[9027] 0
[9034] 0
[9039] 0
[9047] 0
[9052] 0
[9061] 0
[9066] 0
[9071] 0
[9079] 0
[9089] 0
[9097] 0
[9105] 0
[9110] 0
[9112] 0
[9117] 0
[9123] 0
[9132] 0
[9142] 0
[9152] 0
[9156] 0
[9165] 0
[9170] 0
[9177] 0
[9186] 0
[9193] 0
[9200] 0
[9202] 0
[9207] 0
[9215] 0
[9222] 0
[9232] 0
[9242] 0
[9251] 0
[9253] 0
[9257] 0
[9267] 0
[9277] 0
[9282] 0
[9292] 0
[9296] 0
[9297] 0
[9306] 0
[9313] 0
[9321] 0
[9325] 0
[9331] -1
[9335] -1
[9336] -1
[9340] -1
[9348] -1
[9353] -1
[9360] 0
[9370] -1
[9372] -1
[9378] 0
[9385] Franka 芙兰 and.Chinese@markets.the 1
[9386] 0
[9389] -1
[9399] 0
[9404] -1
[9411] -1
[9421] -1
[9427] Liskarm 雷蛇 the.Spectre@of.Communism 3
[9436] -1
[9437] 0
[9441] -1
[9447] -1
[9449] -1
[9457] 0
[9463] 5046317
[9473] -1
[9474] -1
[9483] 0
[9492] -1
[9502] 0
[9508] -1
[9512] 0
[9516] -1
[9520] 0
[9522] 0
[9525] -1
[9527] -1
[9537] -1
[9538] -1
[9544] -1
[9549] 0
[9556] -1
[9559] 0
[9564] -1
[9572] -1
[9577] 0
[9585] 0
[9588] -1
[9598] -1
[9600] -1
[9606] 0
[9614] -1
[9623] -1
[9626] -1
[9631] -1
[9641] 0
[9642] -1
[9648] 0
[9655] -1
[9662] -1
[9668] 0
[9673] BluePoison 蓝毒 and.plebeian@lord.and 5
[9682] -1
[9687] 0
[9695] 0
[9700] 0
[9704] -1
[9713] 0
[9723] -1
[9727] -1
[9730] -1
[9739] -1
[9744] -1
[9751] -1
[9758] 0
[9759] 0
[9764] -1
[9765] 0
[9771] -1
[9780] Breeze 微风 the.place.of@the.industrial 1
[9790] 0
[9794] -1
[9798] -1
[9801] Siege 推进之王 in.a.revolutionary@reconstitut 1
[9804] -1
[9805] 0
[9806] -1
[9809] -1
[9815] 0
[9825] -1
[9833] -1
[9836] -1
[9841] -1
[9849] -1
[9852] 0
[9858] -1
[9861] Nian 年年 in.the.common@ruin.of 1
[9863] 0
[9867] 1
[success] LeavesofGrass 重庆市南川市 08-09 16:06 -> 浙江省瑞安市 08-09 19:55 8337 967
[9872] -1
[9873] -1
[9877] 0
[9878] 0
[9884] 0
[9889] -1
[9890] Gummy 古米 new.conditions@of.oppression 4
[9900] -1
[9910] 0
[9911] -1
[9916] 0
[9920] 0
[9922] 0
[9925] -1
[9928] 0
[9929] -1
[9938] -1
[9942] 1
[success] LeavesofGrass 重庆市南川市 08-04 16:06 -> 四川省德阳市 08-05 09:14 20810 4934
[9944] 0
[9945] -1
[9952] -1
[9955] -1
[9956] 0
[9966] -1
[9974] 0
[9979] Cutter 刻刀 were.developed@The.discovery 1
[9981] -1
[9985] -1
[9990] -1
[10000] -1
[10002] -1
[10012] -1
[10017] 0
[10026] -1
[10031] WaaiFu 槐琥 have.patricians@knights.plebei 1
[10032] -1
[10035] 1
TOFOREIGNLANDS 安徽省滁州市 08-20 05:11 -> 江西省乐平市 08-20 05:31 3139 92416
[10036] -1
[10046] 1
AndtodefineAmeric 贵州省安顺市 07-01 11:55 -> 甘肃省兰州市 07-01 20:04 7754 63369
[10056] -1
[10062] -1
[10063] -1
[10069] -1
[10075] -1
[10081] Fang 芬芬 to.commerce@to.navigation 3
[10091] -1
[10093] -1
[10099] -1
[10106] 0
[10109] Shining 闪灵 publish.their@views.their 1
[10117] Silence 赫默 has.simplified@the.class 2
[10124] -1
[10134] -1
[10144] 0
[10148] -1
[10151] Magallan 麦哲伦 arrangement@of.society 2
[10161] 0
[10165] -1
[10170] -1
[10172] -1
[10174] 0
[10175] 0
[10182] -1
[10185] 0
[10192] 0
[10200] -1
[10208] -1
[10218] -1
[10228] -1
[10235] -1
[10243] -1
[10246] -1
[10247] 0
[10253] -1
[10256] -1
[10259] -1
[10268] -1
[10273] 0
[10275] -1
[10284] -1
[10292] -1
[10301] -1
[10306] -1
[10316] -1
[10326] -1
[10329] -1
[10337] 0
[10347] 0
[10357] -1
[10367] -1
[10373] -1
[10381] -1
[10386] -1
[10392] -1
[10401] 0
[10402] 0
[10403] -1
[10407] -1
[10408] -1
[10418] 0
[10426] -1
[10430] Magallan 麦哲伦 arrangement@of.society 2
[10435] -1
[10437] 0
[10443] -1
[10445] Mostima 莫斯提马 of.America@the.rounding 1
[10452] 0
[10460] 0
[10463] -1
[10466] 0
[10468] 0
[10470] -1
[10478] 0
[10482] -1
[10483] 1
[success] LeavesofGrass 重庆市南川市 08-09 16:06 -> 浙江省瑞安市 08-09 19:55 8337 967
[10489] 0
[10493] -1
[10500] 0
[10506] -1
[10510] Gravel 砾砾 trade.with@the.colonies 4
[10516] -1
[10517] TOtheeoldcause W
吉林省蛟河市 xx-xx xx:xx -> 07-30 04:07 0 76748
云南省昆明市 07-30 05:46 -> 07-30 05:55 549 76748
北京市 07-30 09:45 -> 07-30 09:51 1174 76748
浙江省永康市 07-30 11:35 -> 07-30 11:39 1379 76748
云南省开远市 07-30 13:03 -> 07-30 13:06 4740 76748
吉林省公主岭市 07-30 17:11 -> 07-30 17:21 6891 76748
湖北省老河口市 07-30 20:44 -> 07-30 20:53 10046 76748
河南省登封市 07-30 23:42 -> 07-30 23:50 14889 76748
河南省南阳市 07-31 03:24 -> 07-31 03:34 16812 76748
江苏省昆山市 07-31 05:04 -> 07-31 05:07 18006 76748
河南省新郑市 07-31 07:51 -> 07-31 08:00 18243 76748
辽宁省本溪市 07-31 10:36 -> xx-xx xx:xx 22142 x
[10520] -1
[10526] -1
[10531] 0
[10534] 0
[10543] -1
[10545] 0
[10547] 0
[10557] 0
[10563] -1
[10568] -1
[10569] -1
[10576] -1
[10586] 0
[10596] -1
[10605] -1
[10613] -1
[10622] -1
[10628] -1
[10633] -1
[10640] -1
[10644] -1
[10652] -1
[10653] -1
[10663] -1
[10671] -1
[10672] -1
[10677] -1
[10679] -1
[10687] -1
[10693] -1
[10696] -1
[10704] -1
[10709] -1
[10714] -1
[10715] 0
[10718] -1
[10719] -1
[10728] -1
[10730] -1
[10734] -1
[10741] -1
[10748] -1
[10758] -1
[10762] -1
[10767] -1
[10770] -1
[10779] -1
[10780] -1
[10788] -1
[10797] -1
[10801] -1
[10807] -1
[10808] -1
[10809] -1
[10818] -1
[10826] -1
[10830] IHEARDthatyouask R
贵州省福泉市 xx-xx xx:xx -> 07-18 22:30 0 66633
山东省诸城市 07-19 00:51 -> 07-19 00:54 1841 66633
湖北省恩施市 07-19 03:43 -> 07-19 03:46 3013 66633
湖南省湘潭市 07-19 04:45 -> 07-19 04:50 3565 66633
广东省南雄市 07-19 05:28 -> 07-19 05:34 5665 66633
辽宁省辽阳市 07-19 08:08 -> 07-19 08:18 6145 66633
河南省邓州市 07-19 10:12 -> 07-19 10:18 7931 66633
河南省辉县市 07-19 11:27 -> 07-19 11:34 10233 66633
吉林省龙井市 07-19 14:04 -> 07-19 14:11 13027 66633
广东省恩平市 07-19 16:32 -> 07-19 16:35 14897 66633
福建省龙岩市 07-19 17:57 -> 07-19 18:05 17765 66633
浙江省台州市 07-19 19:52 -> 07-19 19:59 22738 66633
黑龙江省海林市 07-19 20:50 -> 07-19 20:59 26069 66633
江苏省太仓市 07-19 23:24 -> xx-xx xx:xx 30130 x
[10832] -1
[10841] -1
[10849] 0
[10858] 0
[10860] 0
[10870] 0
[10880] 0
[10885] 0
[10894] 0
[10895] 0
[10903] 0
[10910] 0
[10914] 0
[10924] 0
[10933] 0
[10940] 0
[10948] 0
[10952] 0
[10959] 0
[10963] 0
[10964] 0
[10973] 0
[10982] 0
[10990] 0
[11000] 0
[11003] 0
[11011] 0
[11017] 0
[11018] 0
[11019] 0
[11026] 0
[11034] 0
[11042] 0
[11046] 0
[11047] 0
[11053] 0
[11059] 0
[11061] 0
[11065] 0
[11069] 0
[11073] 0
[11076] 0
[11083] 0
[11090] 0
[11097] 0
[11106] 0
[11111] 0
[11118] 0
[11126] 0
[11134] 0
[11143] 0
[11151] 0
[11159] 0
[11162] 0
[11166] 0
[11170] 0
[11178] 0
[11186] 0
[11187] 0
[11189] 0
[11196] 0
[11201] 0
[11205] 0
[11213] 0
[11220] 0
[11224] 0
[11233] 0
[11235] 0
[11241] 0
[11248] 0
[11254] 0
[11256] 0
[11265] 0
[11275] 0
[11279] 0
[11281] 0
[11283] 0
[11293] 0
[11294] 0
[11297] 0
[11305] 0
[11313] 0
[11314] 0
[11319] 0
[11328] 0
[11335] 0
[11338] 0
[11341] 0
[11344] 0
[11350] 0
[11355] 0
[11360] 0
[11365] 0
[11370] 0
[11381] -1
[11382] 0
[11385] 0
[11387] -1
[11392] Popukar 泡普卡 journeymen@apprentices.serfs 1
[11396] -1
[11405] -1
[11412] -1
[11421] -1
[11429] -1
[11434] -1
[11438] 0
[11445] 0
[11450] 0
[11458] 0
[11465] -1
[11472] 0
[11482] -1
[11486] -1
[11492] -1
[11502] -1
[11504] 0
[11507] 0
[11515] Vanilla 香草 well.as.against@its.reactionar 5
[11518] -1
[11519] 0
[11520] -1
[11521] -1
[11529] 0
[11536] -1
[11546] -1
[11549] -1
[11550] -1
[11559] 0
[11567] -1
[11575] Scavenger 清道 millionaires@the.leaders 3
[11583] -1
[11591] 0
[11594] -1
[11596] -1
[11606] Vermeil 红云 rank.In.ancient@Rome.we 7
[11607] Franka 芙兰 and.Chinese@markets.the 1
[11616] -1
[11618] -1
[11627] Scavenger 清道 millionaires@the.leaders 3
[11630] -1
[11640] 0
[11650] -1
[11655] 0
[11663] 0
[11667] 0
[11669] -1
[11674] 0
[11680] Sussurro 苏苏洛 of.division@of.labour 1
[11686] -1
[11696] -1
[11702] -1
[11705] 0
[11711] -1
[11714] Bibeak 柏喙 rising.bourgeoisie@The.EastInd 1
[11721] -1
[11727] 0
[11737] 0
[11743] 0
[11751] -1
[11757] -1
[11765] 0
[11768] 0
[11769] 0
[11776] 0
[11784] Phantom 傀影 following.Manifesto@to.be 2
[11789] -1
[11795] -1
[11804] -1
[11812] -1
[11821] -1
[11825] 0
[11827] 0
[11837] -1
[11843] -1
[11853] -1
[11862] -1
[11868] -1
[11874] 0
[11877] -1
[11878] -1
[11887] 0
[11890] Myrtle 桃金娘 elements.of@the.bourgeoisie 2
[11900] 0
[11901] 1
whatyouwanted 北京市 07-22 13:43 -> 陕西省宝鸡市 07-23 05:17 16609 77031
[11903] -1
[11907] Ceylon 锡兰 The.manufacturing@system.took 4
[11914] -1
[11918] -1
[11926] -1
[11930] 0
[11933] -1
[11937] -1
[11939] 0
[11944] Sideroca 铸铁 of.the.earliest@towns.From 2
[11953] 0
[11956] 0
[11958] -1
[11959] -1
[11963] -1
[11969] -1
[11972] 0
[11977] 0
[11984] -1
[11988] -1
[11994] Blaze 煌煌 against.the@more.advanced 1
[11997] -1
[11998] -1
[12003] 0
[12005] -1
[12006] Zima 凛冬 classes.again@subordinate.grad 1
[12014] -1
[12021] 0
[12025] 0
[12035] 0
[12042] 0
[12049] Frostleaf 霜叶 existing.societies@is.the 1
[12054] -1
[12060] -1
[12064] 0
[12069] -1
[12071] 0
[12072] -1
[12076] -1
[12078] -1
[12079] -1
[12080] -1
[12087] Lava 炎熔 feudal.society@a.rapid 1
[12095] 0
[12097] -1
[12101] -1
[12109] -1
[12119] 0
[12127] 0
[12129] Amiya 阿米娅 commodities@generally.gave 2
[12134] -1
[12140] 0
[12142] -1
[12148] TOtheeoldcause W
吉林省蛟河市 xx-xx xx:xx -> 07-11 04:07 0 76748
云南省昆明市 07-11 05:46 -> 07-11 05:55 549 76748
北京市 07-11 09:45 -> 07-11 09:51 1174 76748
浙江省永康市 07-11 11:35 -> 07-11 11:39 1379 76748
云南省开远市 07-11 13:03 -> 07-11 13:06 4740 76748
吉林省公主岭市 07-11 17:11 -> 07-11 17:21 6891 76748
湖北省老河口市 07-11 20:44 -> 07-11 20:53 10046 76748
河南省登封市 07-11 23:42 -> 07-11 23:50 14889 76748
河南省南阳市 07-12 03:24 -> 07-12 03:34 16812 76748
江苏省昆山市 07-12 05:04 -> 07-12 05:07 18006 76748
河南省新郑市 07-12 07:51 -> 07-12 08:00 18243 76748
辽宁省本溪市 07-12 10:36 -> xx-xx xx:xx 22142 x
[12155] 0
[12165] 0
[12173] 0
[12179] -1
[12180] -1
[12188] -1
[12195] -1
[12202] 0
[12206] -1
[12213] 0
[12220] Hibiscus 芙蓉 thereby.to@the.revolutionary 2
[12221] -1
[12224] -1
[12225] -1
[12227] -1
[12236] TOFOREIGNLANDS O
湖北省黄石市 xx-xx xx:xx -> 07-24 01:26 0 92416
安徽省滁州市 07-24 05:01 -> 07-24 05:11 214 92416
江西省乐平市 07-24 05:31 -> 07-24 05:40 3353 92416
河南省鹤壁市 07-24 08:06 -> 07-24 08:16 5245 92416
四川省都江堰市 07-24 09:22 -> 07-24 09:31 9957 92416
贵州省贵阳市 07-24 10:01 -> 07-24 10:05 14894 92416
北京市 07-24 12:14 -> 07-24 12:23 16737 92416
福建省建阳市 07-24 12:53 -> 07-24 12:58 19794 92416
江西省上饶市 07-24 16:27 -> 07-24 16:30 22590 92416
广东省清远市 07-24 18:14 -> 07-24 18:22 22776 92416
河北省任丘市 07-24 21:48 -> 07-24 21:56 24098 92416
四川省峨眉山市 07-24 23:47 -> xx-xx xx:xx 24297 x
[12241] 0
[12246] -1
[12248] -1
[12250] -1
[12258] 0
[12260] -1
[12263] whatyouwanted N
山东省胶南市 xx-xx xx:xx -> 07-19 11:10 0 77031
内蒙集宁市 07-19 12:44 -> 07-19 12:49 1856 77031
北京市 07-19 13:40 -> 07-19 13:43 2216 77031
河北省鹿泉市 07-19 15:02 -> 07-19 15:07 3289 77031
江苏省泰州市 07-19 16:16 -> 07-19 16:19 4679 77031
湖南省资兴市 07-19 16:54 -> 07-19 16:57 5670 77031
吉林省舒兰市 07-19 19:20 -> 07-19 19:24 9058 77031
山东省泰安市 07-19 20:25 -> 07-19 20:30 9492 77031
广东省雷州市 07-19 21:32 -> 07-19 21:41 13946 77031
湖北省枝江市 07-19 22:14 -> 07-19 22:24 14949 77031
江苏省句容市 07-20 00:11 -> 07-20 00:15 15405 77031
黑龙江省七台河市 07-20 01:21 -> 07-20 01:28 17971 77031
黑龙江省讷河市 07-20 03:40 -> 07-20 03:43 18626 77031
陕西省宝鸡市 07-20 05:17 -> 07-20 05:27 18825 77031
湖南省常德市 07-20 07:08 -> 07-20 07:12 23641 77031
江苏省无锡市 07-20 09:50 -> 07-20 09:59 28140 77031
辽宁省沈阳市 07-20 10:34 -> 07-20 10:39 30212 77031
浙江省余姚市 07-20 11:43 -> xx-xx xx:xx 30904 x
[12265] -1
[12274] -1
[12278] -1
[12288] -1
[12295] -1
[12303] -1
[12306] -1
[12307] -1
[12308] -1
[12317] 0
[12325] 0
[12335] 0
[12344] 0
[12348] 0
[12350] 0
[12352] 0
[12359] 0
[12360] 0
[12363] 0
[12365] 0
[12367] 0
[12376] 0
[12381] 0
[12388] 0
[12392] 0
[12399] 0
[12409] 0
[12418] 0
[12422] 0
[12427] 0
[12436] 0
[12439] 0
[12446] 0
[12456] 0
[12460] 0
[12468] 0
[12473] 0
[12475] 0
[12484] 0
[12488] 0
[12493] 0
[12497] 0
[12503] 0
[12508] 0
[12515] 0
[12516] 0
[12520] 0
[12521] 0
[12531] 0
[12534] 0
[12543] 0
[12545] 0
[12554] 0
[12556] 0
[12559] 0
[12566] 0
[12571] 0
[12573] 0
[12578] 0
[12579] 0
[12583] 0
[12592] 0
[12602] 0
[12611] 0
[12613] 0
[12617] 0
[12621] 0
[12625] 0
[12626] 0
[12636] 0
[12646] 0
[12650] 0
[12658] 0
[12668] 0
[12676] 0
[12678] 0
[12681] 0
[12689] 0
[12693] 0
[12697] 0
[12706] 0
[12710] 0
[12711] 0
[12716] 0
[12722] 0
[12724] 0
[12728] 0
[12731] 0
[12733] 0
[12735] 0
[12742] 0
[12744] 0
[12747] 0
[12755] 0
[12760] 0
[12768] 0
[12777] 0
[12784] 0
[12790] 0
[12798] 0
[12808] 0
[12818] 1
TOtheeoldcause 吉林省公主岭市 08-04 17:21 -> 辽宁省本溪市 08-05 10:36 15251 76748
[12827] 1
puzzletheNewWorld 广西梧州市 07-15 15:00 -> 山东省淄博市 07-16 04:45 3128 63242
[12837] 1
INSCRIPTIONS 江西省南昌市 07-02 22:02 -> 湖南省韶山市 07-03 02:56 10452 70652
[12845] 1
INSCRIPTIONS 辽宁省沈阳市 07-23 05:05 -> 福建省永安市 07-23 14:39 10100 70652
[12855] 51555394
[12858] 8121690
[12859] 1
TOTHEEOLDCAUSE 湖北省广水市 07-10 03:15 -> 广东省阳春市 07-10 17:10 15125 96526
[12863] 1
whatyouwanted 河北省鹿泉市 06-21 15:07 -> 黑龙江省七台河市 06-22 01:21 14682 77031
[12865] 296981018
[12869] 1598508
[12873] 4762113
[12876] 0
[12879] 49034528
[12882] 78564618
[12883] 1
AndtodefineAmeric 黑龙江省双城市 07-19 13:02 -> 天津市 07-19 22:44 5774 63369
[12887] 1
whatyouwanted 吉林省舒兰市 07-19 19:24 -> 黑龙江省七台河市 07-20 01:21 8913 77031
[12897] 6497165
[12906] 29759100
[12909] 1
LeavesofGrass 福建省莆田市 08-03 21:43 -> 河北省石家庄市 08-04 12:19 14378 28660
[12919] 1
IHEARDthatyouask 辽宁省辽阳市 08-06 08:18 -> 广东省恩平市 08-06 16:32 8752 66633
[12926] 368989105
[12933] 1
TOTHEEOLDCAUSE 黑龙江省北安市 07-22 19:59 -> 河南省巩义市 07-23 14:30 15426 96526
[12935] 1
TOFOREIGNLANDS 福建省建阳市 07-28 12:58 -> 四川省峨眉山市 07-28 23:47 4503 92416
[12936] 22539888
[12946] 0
[12949] 7013622
[12956] 1
ThereforeIsendyou 江西省宜春市 06-20 05:12 -> 湖南省吉首市 06-20 17:56 19435 60364
[12957] 53654552
[12965] 1
AndtodefineAmeric 天津市 06-28 22:54 -> 山西省运城市 06-29 02:16 4565 63369
[12973] 1
LeavesofGrass 北京市 08-11 13:47 -> 浙江省瑞安市 08-11 19:55 8573 28660
[12983] 1
INSCRIPTIONS 福建省永安市 07-04 14:45 -> 浙江省永康市 07-04 21:33 2049 70652
[12985] 1
whatyouwanted 北京市 07-09 13:43 -> 江苏省泰州市 07-09 16:16 2463 77031
[12994] 16271340
[13003] 45477600
[13009] 0
[13019] 1
LeavesofGrass 河北省晋州市 07-14 05:35 -> 广东省罗定市 07-14 06:20 256 28660
[13021] 1
TOtheeoldcause 吉林省公主岭市 07-06 17:21 -> 湖北省老河口市 07-06 20:44 3155 76748
[13028] 0
[13038] 0
[13042] 1
LeavesofGrass 重庆市南川市 07-31 16:06 -> 广东省罗定市 08-01 06:20 19243 28660
[13051] 1
IHEARDthatyouask 湖北省恩施市 07-15 03:46 -> 辽宁省辽阳市 07-15 08:08 3132 66633
[13060] 1
puzzletheNewWorld 广西梧州市 07-17 15:00 -> 山东省淄博市 07-18 04:45 3128 63242
[13064] 33774370
[13067] 1
whatyouwanted 辽宁省沈阳市 07-20 10:39 -> 浙江省余姚市 07-20 11:43 692 77031
[13075] 34630173
[13077] 435162635
[13078] 1
AndtodefineAmeric 甘肃省兰州市 06-30 20:12 -> 山西省运城市 07-01 02:16 7068 63369
[13086] 1
ThereforeIsendyou 江苏省海门市 07-04 01:21 -> 广东省鹤山市 07-04 09:38 22484 60364
[13092] 33905379
[13098] 1
TOtheeoldcause 北京市 07-13 09:51 -> 云南省开远市 07-13 13:03 3566 76748
[13101] 34248366
[13110] 1
whatyouwanted 黑龙江省七台河市 07-11 01:28 -> 江苏省无锡市 07-11 09:50 10169 77031
[13120] 13750680
[13122] 26759095
[13123] 66787380
[13127] 1
IHEARDthatyouask 湖北省恩施市 08-06 03:46 -> 福建省龙岩市 08-06 17:57 14752 66633
[13128] 114247152
[13133] 128414895
[13143] 86765760
[13144] 1
INSCRIPTIONS 河北省衡水市 06-23 01:44 -> 陕西省华阴市 06-23 08:04 19274 70652
[13150] 9883082
[13159] 1
IHEARDthatyouask 河南省邓州市 06-29 10:18 -> 浙江省台州市 06-29 19:52 14807 66633
[13160] 1
puzzletheNewWorld 浙江省杭州市 07-23 19:30 -> 山东省淄博市 07-24 04:45 2519 63242
[13166] 77182296
[13171] 37706384
[13177] 1
[success] LeavesofGrass 福建省莆田市 07-31 21:43 -> 福建省漳州市 08-01 02:04 5541 6119
[13182] 17011232
[13190] 37721568
[13196] 0
[13203] 13041742
[13204] 21011256
[13212] 29169450
[13222] 1117104
[13227] 0
[13231] 1
[refunded] LeavesofGrass 重庆市南川市 08-09 16:06 -> 浙江省瑞安市 08-09 19:55 8337 967
[13235] 115980416
[13242] 1
INSCRIPTIONS 江苏省新沂市 07-14 18:09 -> 浙江省永康市 07-14 21:33 1119 70652
[13252] 1
puzzletheNewWorld 北京市 08-11 07:37 -> 浙江省杭州市 08-11 19:27 3203 63242
[13261] 1
TOTHEEOLDCAUSE 吉林省长春市 07-06 23:27 -> 河北省冀州市 07-07 07:48 6088 96526
[13265] 6417530
[13272] 83040754
[13277] 19493600
[13285] 4994948
[13291] 1
TOtheeoldcause 河南省登封市 07-04 23:50 -> 河南省南阳市 07-05 03:24 1923 76748
[13295] 1
ThereforeIsendyou 江苏省海门市 06-13 01:21 -> 黑龙江省铁力市 06-13 13:35 26182 60364
[13303] 25323540
[13312] 1
LeavesofGrass 山东省栖霞市 07-14 00:32 -> 广东省江门市 07-14 11:14 6534 25621
[13315] 61490160
[13324] 1
AndtodefineAmeric 黑龙江省双城市 06-06 13:02 -> 山东省即墨市 06-06 14:34 860 63369
[13326] 1
TOTHEEOLDCAUSE 黑龙江省北安市 07-11 19:59 -> 河南省巩义市 07-12 14:30 15426 96526
[13329] 1
ThereforeIsendyou 山西省朔州市 06-17 21:19 -> 贵州省贵阳市 06-18 02:57 11677 60364
[13338] 1
INSCRIPTIONS 湖南省韶山市 06-25 03:05 -> 安徽省桐城市 06-25 04:13 3893 56769
[13339] 396244
[13340] 1
TOFOREIGNLANDS 安徽省滁州市 08-15 05:11 -> 四川省峨眉山市 08-15 23:47 24083 92416
[13342] 1
whatyouwanted 广东省雷州市 07-01 21:41 -> 浙江省余姚市 07-02 11:43 16958 77031
[13347] 1
ThereforeIsendyou 山东省莱西市 06-27 15:31 -> 广东省英德市 06-28 04:08 19147 60364
[13356] 6255768
[13363] 1
puzzletheNewWorld 浙江省杭州市 07-18 19:30 -> 山东省淄博市 07-19 04:45 2519 63242
[13373] 1
TOtheeoldcause 浙江省永康市 08-05 11:39 -> 湖北省老河口市 08-05 20:44 8667 76748
[13383] 954624
[13384] 8253504
[13387] 902964
[13394] 80705128
[13401] 438318429
[13402] 113379196
[13405] 145497464
[13413] 33479460
[13418] 1
TOTHEEOLDCAUSE 江西省吉安市 07-23 06:34 -> 广东省阳春市 07-23 17:10 14059 96526
[13421] 22706067
[13431] 1
TOFOREIGNLANDS 河南省鹤壁市 07-21 08:16 -> 河北省任丘市 07-21 21:48 18853 92416
[13438] 1
puzzletheNewWorld 北京市 07-14 07:37 -> 广西梧州市 07-14 14:57 2594 63242
[13440] 102301956
[13443] 25307919
[13447] 226512800
[13451] 0
[13454] 36073708
[13460] 1
whatyouwanted 江苏省泰州市 07-01 16:19 -> 江苏省无锡市 07-02 09:50 23461 77031
[13468] -1
[13469] -1
[13471] 1
ThereforeIsendyou 新疆喀什市 06-22 23:23 -> 广东省英德市 06-23 04:08 10404 60364
[13478] 68114040
[13480] 2
[success] TOFOREIGNLANDS 广东省清远市 08-10 18:22 -> 四川省峨眉山市 08-10 23:47 1521 16639
[success] INSCRIPTIONS 陕西省华阴市 06-24 08:08 -> 河南省义马市 06-24 13:22 4867 17062
[13481] 1
TOtheeoldcause 吉林省公主岭市 08-05 17:21 -> 河南省登封市 08-05 23:42 7998 76748
[13491] 32695572
[13498] 1
puzzletheNewWorld 北京市 07-31 07:37 -> 山东省淄博市 08-01 04:45 5722 63242
[13508] 13756584
[13518] 1
AndtodefineAmeric 辽宁省辽阳市 07-07 06:45 -> 天津市 07-07 22:44 11812 63369
[13526] 1
TOFOREIGNLANDS 湖北省黄石市 06-23 01:26 -> 河北省任丘市 06-23 21:48 24098 92416
[13529] 1
ThereforeIsendyou 广西岑溪市 06-28 18:01 -> 广东省英德市 06-29 04:08 17903 60364
[13533] 1
TOtheeoldcause 北京市 07-08 09:51 -> 江苏省昆山市 07-09 05:04 16832 76748
[13543] 18073620
[13547] 4
[success] INSCRIPTIONS 北京市 07-06 19:43 -> 安徽省桐城市 07-07 04:13 15384 2452
[success] LeavesofGrass 山东省栖霞市 08-01 00:32 -> 四川省德阳市 08-01 09:14 4568 3724
[success] LeavesofGrass 山东省栖霞市 08-07 00:32 -> 河北省石家庄市 08-07 12:19 9575 3108
[success] INSCRIPTIONS 河北省衡水市 07-01 01:44 -> 湖南省韶山市 07-01 02:56 6719 16363
[13554] 54780180
[13560] 1
INSCRIPTIONS 陕西省延安市 06-30 23:39 -> 河南省义马市 07-01 13:22 25398 54289
[13563] 31438827
[13566] 1
INSCRIPTIONS 陕西省华阴市 07-12 08:08 -> 河南省义马市 07-12 13:22 4867 70652
[13572] 102231972
[13574] 1
INSCRIPTIONS 湖南省韶山市 07-15 03:05 -> 陕西省华阴市 07-15 08:04 12555 70652
[13575] 102410000
[13576] 1
TOtheeoldcause 云南省开远市 07-19 13:06 -> 吉林省公主岭市 07-19 17:11 2151 76748
[13582] 13965417
[13589] 1
whatyouwanted 内蒙集宁市 06-30 12:49 -> 湖南省资兴市 06-30 16:54 3814 77031
[13594] 1
INSCRIPTIONS 河北省衡水市 06-28 01:44 -> 湖南省韶山市 06-28 02:56 6719 70652
[13599] 15452320
[13605] 48415897
[13614] 1
puzzletheNewWorld 北京市 08-22 07:37 -> 山东省淄博市 08-23 04:45 5722 63242
[13619] 1
ThereforeIsendyou 山东省莱西市 08-09 15:31 -> 广东省鹤山市 08-10 09:38 33660 60364
[13628] 1
TOFOREIGNLANDS 湖北省黄石市 08-08 01:26 -> 四川省峨眉山市 08-08 23:47 24297 92416
[13638] 1
AndtodefineAmeric 贵州省安顺市 07-02 11:55 -> 山西省运城市 07-03 02:16 14822 63369
[13644] 193542240
[13647] 1
puzzletheNewWorld 浙江省杭州市 07-31 19:30 -> 山东省淄博市 08-01 04:45 2519 63242
[13656] 1
whatyouwanted 北京市 07-06 13:43 -> 吉林省舒兰市 07-06 19:20 6842 77031
[13660] 34670262
[13667] 29701136
[13674] -1
[13676] 1
IHEARDthatyouask 湖北省恩施市 08-18 03:46 -> 河南省辉县市 08-18 11:27 7220 66633
[13679] 111190280
[13686] 18379416
[13693] 1
INSCRIPTIONS 河北省衡水市 07-02 01:44 -> 安徽省桐城市 07-02 04:13 10612 53131
[13703] 1
AndtodefineAmeric 辽宁省辽阳市 08-23 06:45 -> 云南省昆明市 08-24 00:07 15897 63369
[13711] 1
IHEARDthatyouask 贵州省福泉市 08-07 22:30 -> 湖北省恩施市 08-08 03:43 3013 66633
[13712] 27167594
[13713] 83081589
[13722] 1
IHEARDthatyouask 广东省南雄市 08-17 05:34 -> 辽宁省辽阳市 08-17 08:08 480 66633
[13723] 28873096
[13726] 2
[success] INSCRIPTIONS 河北省衡水市 06-21 01:44 -> 吉林省龙井市 06-21 02:20 3647 9180
[success] LeavesofGrass 河北省晋州市 07-17 05:35 -> 四川省德阳市 07-17 09:14 1823 7154
[13731] 1
IHEARDthatyouask 湖南省湘潭市 07-17 04:50 -> 广东省恩平市 07-17 16:32 11332 66633
[13735] 8403318
[13745] 1
[refunded] LeavesofGrass 重庆市南川市 08-09 16:06 -> 浙江省瑞安市 08-09 19:55 8337 967
[13749] 3
[success] LeavesofGrass 浙江省瑞安市 07-18 20:04 -> 福建省莆田市 07-18 21:35 3102 2709
[success] puzzletheNewWorld 北京市 08-19 07:37 -> 广西梧州市 08-19 14:57 2594 14536
[success] ThereforeIsendyou 广西岑溪市 07-15 18:01 -> 广东省英德市 07-16 04:08 17903 7950
[13752] 1062426
[13761] 5469502
[13767] 1
TOFOREIGNLANDS 河南省鹤壁市 07-10 08:16 -> 四川省都江堰市 07-10 09:22 4712 92416
[13773] 63142090
[13778] 1
AndtodefineAmeric 贵州省安顺市 08-04 11:55 -> 天津市 08-04 22:44 10257 63369
[13785] 1017420
[13789] 1
TOtheeoldcause 吉林省蛟河市 07-24 04:07 -> 浙江省永康市 07-24 11:35 1379 76748
[13793] 41353296
[13803] 36789225
[13809] 23051592
[13812] 1
TOtheeoldcause 浙江省永康市 06-19 11:39 -> 吉林省公主岭市 06-19 17:11 5512 76748
[13815] 27654444
[13819] 83331705
[13820] 15537386
[13821] 31518630
[13828] 1
TOtheeoldcause 吉林省蛟河市 07-25 04:07 -> 云南省开远市 07-25 13:03 4740 76748
[13832] 1804180
[13834] 191585790
[13835] 1
ThereforeIsendyou 新疆喀什市 06-15 23:23 -> 江苏省海门市 06-16 01:12 2433 60364
[13836] 7103776
[13838] 1
IHEARDthatyouask 湖北省恩施市 08-07 03:46 -> 江苏省太仓市 08-07 23:24 27117 66633
[13846] 1
TOTHEEOLDCAUSE 江西省吉安市 07-23 06:34 -> 广东省阳春市 07-23 17:10 14059 96526
[13848] 1
INSCRIPTIONS 北京市 07-09 19:43 -> 陕西省延安市 07-09 23:33 3515 62320
[13854] 1
TOFOREIGNLANDS 江西省乐平市 08-04 05:40 -> 江西省上饶市 08-04 16:27 19237 92416
[13858] 1
INSCRIPTIONS 江西省南昌市 07-24 22:02 -> 安徽省桐城市 07-25 04:13 14345 70652
[13861] 1
TOtheeoldcause 云南省开远市 06-23 13:06 -> 辽宁省本溪市 06-24 10:36 17402 76748
[13867] 1
AndtodefineAmeric 天津市 06-15 22:54 -> 云南省昆明市 06-16 00:07 4085 63369
[13871] 1
LeavesofGrass 重庆市南川市 08-11 16:06 -> 浙江省瑞安市 08-11 19:55 8337 27532
[13873] 27755832
[13878] 58014905
[13881] 1
whatyouwanted 广东省雷州市 06-27 21:41 -> 浙江省余姚市 06-28 11:43 16958 77031
[13888] 1
TOtheeoldcause 浙江省永康市 08-03 11:39 -> 河南省新郑市 08-04 07:51 16864 76748
[13893] 1
LeavesofGrass 重庆市南川市 08-10 16:06 -> 福建省漳州市 08-11 02:04 16980 26575
[13897] 16179308
[13900] 73234740
[13906] 1
puzzletheNewWorld 北京市 08-22 07:37 -> 广西梧州市 08-22 14:57 2594 63242
[13909] 1
INSCRIPTIONS 吉林省龙井市 07-19 02:29 -> 安徽省桐城市 07-19 04:13 6965 70652
[13914] 1
IHEARDthatyouask 山东省诸城市 07-08 00:54 -> 辽宁省辽阳市 07-08 08:08 4304 66633
[13919] 329220182
[13929] 1
TOTHEEOLDCAUSE 河北省冀州市 06-27 07:52 -> 河南省巩义市 06-27 14:30 8260 96526
[13936] 96661760
[13941] 178305400
[13946] 1
ThereforeIsendyou 江苏省海门市 07-14 01:21 -> 湖南省吉首市 07-14 17:56 32341 60364
[13948] 1
ThereforeIsendyou 山西省朔州市 07-05 21:19 -> 江苏省海门市 07-06 01:12 6779 60364
[13951] 14760130
[13955] 49816200
[13961] 11359108
[13962] 1
TOFOREIGNLANDS 安徽省滁州市 07-14 05:11 -> 贵州省贵阳市 07-14 10:01 14680 92416
[13965] 1
AndtodefineAmeric 辽宁省辽阳市 06-07 06:45 -> 云南省昆明市 06-08 00:07 15897 63369
[13969] 53972464
[13977] 14416680
[13983] 1
TOtheeoldcause 河南省新郑市 07-09 08:00 -> 辽宁省本溪市 07-09 10:36 3899 76748
[13984] 1
[success] LeavesofGrass 浙江省瑞安市 07-24 20:04 -> 福建省莆田市 07-24 21:35 3102 2261
[13989] 1
TOtheeoldcause 河南省南阳市 06-25 03:34 -> 河南省新郑市 06-25 07:51 1431 76748
[13990] 1
INSCRIPTIONS 江西省南昌市 07-09 22:02 -> 安徽省桐城市 07-10 04:13 14345 62320
[13996] 725406
[14003] 15029950
[14005] 3038941
[14006] 1
puzzletheNewWorld 北京市 08-26 07:37 -> 广西梧州市 08-26 14:57 2594 63242
[14015] 6299583
[14018] 1
TOFOREIGNLANDS 四川省都江堰市 08-04 09:31 -> 江西省上饶市 08-04 16:27 12633 92416
[14024] 1
INSCRIPTIONS 陕西省延安市 06-19 23:39 -> 福建省永安市 06-20 14:39 26820 52998
[14031] 1
TOTHEEOLDCAUSE 河北省冀州市 07-15 07:52 -> 山西省孝义市 07-15 20:53 15793 96526
[14034] 1
ThereforeIsendyou 广西岑溪市 07-17 18:01 -> 吉林省四平市 07-18 10:55 34535 60364
[14040] 1
LeavesofGrass 福建省莆田市 08-15 21:43 -> 广东省罗定市 08-16 06:20 7804 18015
[14048] 1
ThereforeIsendyou 贵州省贵阳市 08-07 03:00 -> 吉林省四平市 08-07 10:55 19705 60364
[14055] 1
IHEARDthatyouask 湖北省恩施市 08-22 03:46 -> 广东省恩平市 08-22 16:32 11884 66633
[14057] 14446992
[14065] 8631316
[14074] 175892518
[14078] 17820216
[14083] 154548487
[14092] -1
[14096] 1
ThereforeIsendyou 新疆喀什市 06-21 23:23 -> 辽宁省庄河市 06-22 15:30 29868 60364
[14099] 1
LeavesofGrass 山东省栖霞市 07-19 00:32 -> 四川省德阳市 07-19 09:14 4568 18217
[14106] 1
IHEARDthatyouask 福建省龙岩市 07-24 18:05 -> 黑龙江省海林市 07-24 20:50 8304 66633
[14114] 1
TOTHEEOLDCAUSE 河北省冀州市 07-06 07:52 -> 福建省南平市 07-06 09:45 4587 96526
[14117] 1
TOtheeoldcause 吉林省蛟河市 07-06 04:07 -> 河南省新郑市 07-07 07:51 18243 76748
[14119] 234512060
[14129] 35438489
[14139] 0
[14140] 1
whatyouwanted 山东省胶南市 07-13 11:10 -> 河北省鹿泉市 07-13 15:02 3289 77031
[14142] 1715124
[14150] TOFOREIGNLANDS O
湖北省黄石市 xx-xx xx:xx -> 08-01 01:26 0 92416
安徽省滁州市 08-01 05:01 -> 08-01 05:11 214 92416
江西省乐平市 08-01 05:31 -> 08-01 05:40 3353 92416
河南省鹤壁市 08-01 08:06 -> 08-01 08:16 5245 92416
四川省都江堰市 08-01 09:22 -> 08-01 09:31 9957 92416
贵州省贵阳市 08-01 10:01 -> 08-01 10:05 14894 92416
北京市 08-01 12:14 -> 08-01 12:23 16737 92416
福建省建阳市 08-01 12:53 -> 08-01 12:58 19794 92416
江西省上饶市 08-01 16:27 -> 08-01 16:30 22590 92416
广东省清远市 08-01 18:14 -> 08-01 18:22 22776 92416
河北省任丘市 08-01 21:48 -> 08-01 21:56 24098 92416
四川省峨眉山市 08-01 23:47 -> xx-xx xx:xx 24297 x
[14157] 36054777
[14166] 69271180
[14168] 7012240
[14169] 1
puzzletheNewWorld 北京市 08-27 07:37 -> 山东省淄博市 08-28 04:45 5722 63242
[14179] 2047458
[14180] 37492092
[14186] 1
INSCRIPTIONS 江西省南昌市 06-29 22:02 -> 浙江省永康市 06-30 21:33 31345 68999
[14189] 453849549
[14195] 15586620
[14199] 1
AndtodefineAmeric 山东省即墨市 06-14 14:37 -> 天津市 06-14 22:44 4914 63369
[14206] 59214450
[14214] 1
IHEARDthatyouask 吉林省龙井市 08-13 14:11 -> 广东省恩平市 08-13 16:32 1870 66633
[14221] 7525560
[14223] 1
TOTHEEOLDCAUSE 吉林省长春市 07-18 23:27 -> 湖北省广水市 07-19 03:08 3088 96526
[14227] 1161566
[14237] 8099699
[14241] 1
whatyouwanted 内蒙集宁市 07-23 12:49 -> 陕西省宝鸡市 07-24 05:17 16969 77031
[14247] 31257828
[14254] 213764596
[14261] 78349068
[14262] 81997320
[14264] 1
IHEARDthatyouask 黑龙江省海林市 08-07 20:59 -> 江苏省太仓市 08-07 23:24 4061 66633
[14265] 46181824
[14269] 1
ThereforeIsendyou 江苏省海门市 07-01 01:21 -> 江西省宜春市 07-01 05:06 12906 60364
[14278] 1
TOtheeoldcause 河南省南阳市 08-05 03:34 -> 江苏省昆山市 08-05 05:04 1194 76748
[14279] 4833460
[14282] 1
puzzletheNewWorld 北京市 07-23 07:37 -> 广西梧州市 07-23 14:57 2594 63242
[14286] 9084300
[14294] 1
INSCRIPTIONS 河北省衡水市 06-29 01:44 -> 陕西省渭南市 06-29 10:53 22989 70652
[14304] 31469867
[14314] 44704800
[14315] 1
puzzletheNewWorld 北京市 08-13 07:37 -> 山东省淄博市 08-14 04:45 5722 63242
[14321] 498089760
[14324] -1
[14328] 70697355
[14337] 2193500
[14342] 1
IHEARDthatyouask 贵州省福泉市 08-04 22:30 -> 吉林省龙井市 08-05 14:04 13027 56167
[14344] 1
AndtodefineAmeric 贵州省安顺市 06-28 11:55 -> 甘肃省兰州市 06-28 20:04 7754 63369
[14351] 66839668
[14359] 5901322
[14361] 1
TOFOREIGNLANDS 河南省鹤壁市 08-19 08:16 -> 福建省建阳市 08-19 12:53 14549 92416
[14365] 0
[14375] 1
puzzletheNewWorld 北京市 08-26 07:37 -> 浙江省杭州市 08-26 19:27 3203 63242
[14382] 3436184
[14391] 1
AndtodefineAmeric 辽宁省辽阳市 06-21 06:45 -> 山东省即墨市 06-21 14:34 6898 63369
[14399] 1
INSCRIPTIONS 陕西省延安市 07-09 23:39 -> 湖南省韶山市 07-10 02:56 7976 62320
[14405] 1
ThereforeIsendyou 山西省朔州市 07-07 21:19 -> 广东省鹤山市 07-08 09:38 29263 60364
[14414] 1
whatyouwanted 河北省鹿泉市 06-22 15:07 -> 山东省泰安市 06-22 20:25 6203 77031
[14418] 175223202
[14426] 1
TOtheeoldcause 吉林省蛟河市 07-11 04:07 -> 北京市 07-11 09:45 1174 76748
[14434] 1
IHEARDthatyouask 河南省辉县市 07-27 11:34 -> 福建省龙岩市 07-27 17:57 7532 66633
[14441] 63584114
[14451] 1
puzzletheNewWorld 浙江省杭州市 07-17 19:30 -> 山东省淄博市 07-18 04:45 2519 63242
[14460] 18424444
[14467] 1
LeavesofGrass 吉林省图们市 07-20 16:42 -> 四川省德阳市 07-21 09:14 17020 14864
[14476] 1
TOFOREIGNLANDS 四川省都江堰市 08-18 09:31 -> 河北省任丘市 08-18 21:48 14141 92416
[14481] 1
TOFOREIGNLANDS 安徽省滁州市 08-03 05:11 -> 江西省上饶市 08-03 16:27 22376 92416
[14491] 1
TOFOREIGNLANDS 贵州省贵阳市 07-29 10:05 -> 北京市 07-29 12:14 1843 92416
[14498] 34784703
[14505] 6222915
[14506] 2942262
[14511] 30921933
[14512] 1
INSCRIPTIONS 湖南省韶山市 06-29 03:05 -> 辽宁省沈阳市 06-29 05:00 8744 70652
[14517] 1
whatyouwanted 江苏省无锡市 07-26 09:59 -> 辽宁省沈阳市 07-26 10:34 2072 77031
[14522] 3440791
[14529] 0
[14533] 1
puzzletheNewWorld 北京市 08-01 07:37 -> 山东省淄博市 08-02 04:45 5722 63242
[14540] 305486946
[14544] -1
[14549] 1
TOtheeoldcause 吉林省蛟河市 07-14 04:07 -> 辽宁省本溪市 07-15 10:36 22142 76748
[14551] 1
LeavesofGrass 浙江省瑞安市 07-29 20:04 -> 河北省晋州市 07-30 05:30 10650 18514
[14561] 43043929
[14562] 1
TOFOREIGNLANDS 贵州省贵阳市 07-03 10:05 -> 河北省任丘市 07-03 21:48 9204 92416
[14567] 48590750
[14574] 32239587
[14582] 1
AndtodefineAmeric 黑龙江省双城市 07-16 13:02 -> 天津市 07-16 22:44 5774 63369
[14592] 8509150
[14601] 53802144
[14606] 1
ThereforeIsendyou 湖北省钟祥市 06-21 06:06 -> 辽宁省庄河市 06-21 15:30 11893 60364
[14607] 1
INSCRIPTIONS 陕西省延安市 06-24 23:39 -> 河南省义马市 06-25 13:22 25398 52613
[14614] 1
TOTHEEOLDCAUSE 黑龙江省北安市 06-25 19:59 -> 河南省巩义市 06-26 14:30 15426 96526
[14616] 1
whatyouwanted 江苏省泰州市 07-19 16:19 -> 江苏省句容市 07-20 00:11 10726 77031
[14621] 1
LeavesofGrass 福建省漳州市 08-01 02:13 -> 四川省德阳市 08-01 09:14 3830 21587
[14627] 274363000
[14630] 30703020
[14633] 39842286
[14635] 1
whatyouwanted 河北省鹿泉市 07-25 15:07 -> 广东省雷州市 07-25 21:32 10657 77031
[14642] 1
ThereforeIsendyou 江西省宜春市 08-12 05:12 -> 辽宁省庄河市 08-12 15:30 14529 60364
[14645] 111534072
[14647] 1
AndtodefineAmeric 云南省昆明市 06-21 00:16 -> 山西省运城市 06-21 02:16 480 63369
[14650] 1
puzzletheNewWorld 北京市 08-28 07:37 -> 广西梧州市 08-28 14:57 2594 63242
[14660] 4652046
[14670] 1
LeavesofGrass 吉林省图们市 08-15 16:42 -> 广东省罗定市 08-16 06:20 15453 18015
[14675] 44374358
[14678] 56018658
[14684] 1
AndtodefineAmeric 甘肃省兰州市 07-05 20:12 -> 云南省昆明市 07-06 00:07 6588 63369
[14686] 45775050
[14695] 1
ThereforeIsendyou 山西省朔州市 08-07 21:19 -> 湖北省钟祥市 08-08 06:03 22321 60364
[14702] 1
puzzletheNewWorld 广西梧州市 08-16 15:00 -> 山东省淄博市 08-17 04:45 3128 63242
[14707] 177284443
[14709] 1
INSCRIPTIONS 湖南省韶山市 06-21 03:05 -> 江苏省新沂市 06-21 18:06 19774 59974
[14719] 214859410
[14723] 67393620
[14728] 1
IHEARDthatyouask 浙江省台州市 08-12 19:59 -> 江苏省太仓市 08-12 23:24 7392 66633
[14732] 0
[14735] 1
whatyouwanted 北京市 07-19 13:43 -> 浙江省余姚市 07-20 11:43 28688 77031
[14736] 153784680
[14739] 1
IHEARDthatyouask 广东省南雄市 07-27 05:34 -> 浙江省台州市 07-27 19:52 17073 66633
[14741] 2
[success] LeavesofGrass 重庆市南川市 07-15 16:06 -> 浙江省瑞安市 07-15 19:55 8337 3709
[success] INSCRIPTIONS 湖南省韶山市 07-11 03:05 -> 浙江省永康市 07-11 21:33 20893 15805
[14743] 1
puzzletheNewWorld 广西梧州市 07-27 15:00 -> 浙江省杭州市 07-27 19:27 609 63242
[14748] 1
TOTHEEOLDCAUSE 陕西省华阴市 07-08 18:38 -> 吉林省长春市 07-08 23:17 4651 96526
[14755] 34601660
[14758] 1
INSCRIPTIONS 安徽省桐城市 07-05 04:17 -> 陕西省渭南市 07-05 10:53 12377 70652
[14762] 1
TOTHEEOLDCAUSE 湖北省广水市 07-18 03:15 -> 广东省阳春市 07-18 17:10 15125 96526
[14763] 1
TOFOREIGNLANDS 安徽省滁州市 08-19 05:11 -> 江西省上饶市 08-19 16:27 22376 92416
[14765] 1
INSCRIPTIONS 安徽省桐城市 07-04 04:17 -> 江苏省新沂市 07-04 18:06 15881 70652
[14768] 98851478
[14779] -1
[14788] 0
[14789] 0
[14799] 0
[14800] -1
[14803] -1
[14804] 0
[14811] -1
[14817] -1
[14821] Bibeak 柏喙 rising.bourgeoisie@The.EastInd 1
[14824] -1
[14830] -1
[14837] 0
[14846] 0
[14851] Vanilla 香草 well.as.against@its.reactionar 5
[14860] 0
[14866] -1
[14875] 3
[success] LeavesofGrass 吉林省图们市 07-17 16:42 -> 四川省德阳市 07-18 09:14 17020 412
[success] LeavesofGrass 浙江省瑞安市 07-25 20:04 -> 广东省罗定市 07-26 06:20 10906 458
[success] LeavesofGrass 吉林省图们市 08-11 16:42 -> 天津市 08-12 09:51 18627 1128
[14881] -1
[14891] -1
[14899] Myrtle 桃金娘 elements.of@the.bourgeoisie 2
[14908] Weedy 温蒂 with.a.Manifesto@of.the 2
[14910] 0
[14911] -1
[14912] 0
[14922] 0
[14924] -1
[14931] Ptilopsis 白面鸮 element.in@the.tottering 3
[14941] -1
[14944] -1
[14951] 0
[14960] 0
[14965] -1
[14974] Liskarm 雷蛇 the.Spectre@of.Communism 3
[14977] -1
[14987] -1
[14997] -1
[15007] -1
[15010] Gravel 砾砾 trade.with@the.colonies 4
[15019] 2
[success] LeavesofGrass 重庆市南川市 07-29 16:06 -> 福建省漳州市 07-30 02:04 16980 535
[success] INSCRIPTIONS 陕西省延安市 06-27 23:39 -> 浙江省永康市 06-28 21:33 28869 15721
[15026] -1
[15036] -1
[15038] -1
[15039] -1
[15043] -1
[15051] Sussurro 苏苏洛 of.division@of.labour 1
[15053] 0
[15055] -1
[15062] 0
[15067] 0
[15074] -1
[15082] -1
[15083] -1
[15090] -1
[15095] -1
[15103] -1
[15108] Executor 送葬人 two.great.hostile@camps.into 1
[15109] 0
[15117] -1
[15124] -1
[15129] 0
[15133] -1
[15143] 3
[success] INSCRIPTIONS 北京市 06-23 19:43 -> 陕西省延安市 06-23 23:33 3515 9844
[success] INSCRIPTIONS 辽宁省沈阳市 06-30 05:05 -> 陕西省华阴市 06-30 08:04 3811 1653
[refunded] LeavesofGrass 山东省栖霞市 07-24 00:32 -> 广东省罗定市 07-24 06:20 3001 2165
[15144] -1
[15151] -1
[15157] -1
[15167] 0
[15177] 0
[15186] -1
[15194] -1
[15198] 1
[success] LeavesofGrass 重庆市南川市 08-06 16:06 -> 福建省莆田市 08-06 21:35 11439 2994
[15203] Savage 暴行 fresh.ground@for.the 1
[15206] -1
[15212] -1
[15217] -1
[15223] -1
[15228] -1
[15237] 0
[15246] -1
[15253] -1
[15254] 0
[15257] Ceobe 刻俄柏 vanished.in@the.face 4
[15265] -1
[15272] 0
[15280] -1
[15282] -1
[15285] 0
[15292] -1
[15294] -1
[15298] -1
[15306] 0
[15312] -1
[15314] 0
[15321] -1
[15322] -1
[15328] 0
[15331] -1
[15338] -1
[15345] 0
[15353] -1
[15357] 0
[15362] -1
[15372] -1
[15382] -1
[15383] -1
[15391] 0
[15401] -1
[15409] -1
[15419] -1
[15423] 0
[15430] 0
[15436] W 达不溜 French.German@Italian.Flemish 2
[15444] 0
[15453] -1
[15459] puzzletheNewWorld M
北京市 xx-xx xx:xx -> 07-22 07:37 0 63242
广西梧州市 07-22 14:57 -> 07-22 15:00 2594 63242
浙江省杭州市 07-22 19:27 -> 07-22 19:30 3203 63242
山东省淄博市 07-23 04:45 -> xx-xx xx:xx 5722 x
[15463] ProjeKTRed 红红 place.of.the@old.ones 1
[15468] Ambriel 安比尔 the.bourgeoisie@possesses.howe 3
[15476] -1
[15485] Astesia 星极 Europethe.spectre@of.Communism 6
[15492] 0
[15497] 0
[15506] 2
[success] LeavesofGrass 福建省漳州市 07-16 02:13 -> 河北省石家庄市 07-16 12:19 8837 6565
[success] LeavesofGrass 北京市 07-30 13:47 -> 四川省德阳市 07-31 09:14 21046 1314
[15508] 3
[success] LeavesofGrass 重庆市南川市 08-06 16:06 -> 广东省江门市 08-07 11:14 22776 4897
[success] INSCRIPTIONS 江西省南昌市 06-24 22:02 -> 浙江省永康市 06-25 21:33 31345 13883
[success] LeavesofGrass 福建省莆田市 08-10 21:43 -> 广东省罗定市 08-11 06:20 7804 2085
[15518] -1
[15528] Siege 推进之王 in.a.revolutionary@reconstitut 1
[15538] -1
[15539] 0
[15543] 1
[refunded] LeavesofGrass 重庆市南川市 08-09 16:06 -> 浙江省瑞安市 08-09 19:55 8337 967
[15552] 0
[15562] Ifrit 伊芙利特 slaves.in.the@Middle.Ages 3
[15570] -1
[15578] 0
[15585] 2
[success] whatyouwanted 江苏省泰州市 07-16 16:19 -> 吉林省舒兰市 07-16 19:20 4379 17892
[success] IHEARDthatyouask 黑龙江省海林市 08-08 20:59 -> 江苏省太仓市 08-08 23:24 4061 3826
[15588] 0
[15590] 0
[15596] Scavenger 清道 millionaires@the.leaders 3
[15606] -1
[15610] -1
[15612] -1
[15620] -1
[15628] 0
[15631] 0
[15634] 0
[15637] 0
[15640] -1
[15643] 2
[success] LeavesofGrass 吉林省图们市 08-02 16:42 -> 广东省罗定市 08-03 06:20 15453 2251
[success] INSCRIPTIONS 陕西省华阴市 07-22 08:08 -> 浙江省永康市 07-22 21:33 8338 87
[15646] -1
[15650] -1
[15653] -1
[15660] -1
[15665] -1
[15668] Matterhorn 角峰 pushed.on.one@side.by 4
[15672] -1
[15679] -1
[15684] 0
[15687] 0
[15697] -1
[15705] -1
[15706] 1
[success] LeavesofGrass 北京市 07-22 13:47 -> 河北省石家庄市 07-23 12:19 26053 3924
[15713] YgVMgfYE n
湖北省恩施市 xx-xx xx:xx -> 08-12 18:13 0 63818
河南省邓州市 08-12 18:23 -> 08-12 18:28 63934 63818
江苏省句容市 08-12 18:38 -> 08-12 18:45 150223 63818
广东省江门市 08-12 18:51 -> 08-12 19:00 157158 63818
广西岑溪市 08-12 19:05 -> 08-12 19:19 194420 63818
河南省新郑市 08-12 19:31 -> 08-12 19:39 245381 63818
江苏省新沂市 08-12 19:52 -> 08-12 20:05 291465 63818
山东省诸城市 08-12 20:20 -> 08-12 20:31 302263 63818
陕西省延安市 08-12 20:38 -> 08-12 20:45 369368 63818
山东省莱西市 08-12 20:58 -> 08-12 21:12 444291 63818
湖南省湘潭市 08-12 21:26 -> 08-12 21:37 479003 63818
湖北省黄石市 08-12 21:50 -> 08-12 22:03 513821 63818
陕西省宝鸡市 08-12 22:13 -> 08-12 22:24 560387 63818
河北省石家庄市 08-12 22:38 -> 08-12 22:44 588927 63818
广东省南雄市 08-12 22:51 -> 08-12 22:59 623078 63818
河北省鹿泉市 08-12 23:14 -> 08-12 23:21 664908 63818
云南省开远市 08-12 23:35 -> 08-12 23:43 702532 63818
广东省恩平市 08-12 23:57 -> 08-13 00:09 761129 63818
河北省安国市 08-13 00:21 -> 08-13 00:36 806797 63818
辽宁省辽阳市 08-13 00:46 -> 08-13 00:53 861736 63818
吉林省公主岭市 08-13 01:00 -> 08-13 01:11 888820 63818
河北省冀州市 08-13 01:16 -> 08-13 01:27 899117 63818
广东省清远市 08-13 01:34 -> 08-13 01:41 981580 63818
重庆市南川市 08-13 01:46 -> 08-13 01:57 1064333 63818
天津市 08-13 02:11 -> 08-13 02:18 1103115 63818
湖南省武冈市 08-13 02:31 -> 08-13 02:45 1120793 63818
江西省乐平市 08-13 03:00 -> 08-13 03:08 1133943 63818
贵州省贵阳市 08-13 03:20 -> 08-13 03:35 1181641 63818
江苏省无锡市 08-13 03:44 -> 08-13 03:56 1255249 63818
广东省南海市 08-13 04:07 -> 08-13 04:13 1339491 63818
山西省运城市 08-13 04:19 -> 08-13 04:28 1425193 63818
湖北省枝江市 08-13 04:39 -> 08-13 04:53 1512937 63818
湖北省钟祥市 08-13 05:01 -> 08-13 05:10 1548184 63818
福建省漳州市 08-13 05:16 -> 08-13 05:29 1605609 63818
河南省鹤壁市 08-13 05:37 -> 08-13 05:48 1626412 63818
吉林省舒兰市 08-13 05:58 -> 08-13 06:03 1717017 63818
河南省巩义市 08-13 06:08 -> 08-13 06:19 1745966 63818
山东省安丘市 08-13 06:26 -> 08-13 06:41 1781854 63818
湖南省资兴市 08-13 06:47 -> 08-13 06:54 1792208 63818
江苏省昆山市 08-13 07:03 -> 08-13 07:09 1838102 63818
吉林省龙井市 08-13 07:23 -> 08-13 07:31 1849365 63818
江西省南昌市 08-13 07:40 -> 08-13 07:50 1912022 63818
山东省栖霞市 08-13 07:58 -> 08-13 08:12 1931712 63818
山东省泰安市 08-13 08:27 -> 08-13 08:35 1957472 63818
陕西省华阴市 08-13 08:47 -> 08-13 08:52 2018841 63818
浙江省永康市 08-13 09:01 -> xx-xx xx:xx 2110696 x
[15723] -1
[15728] -1
[15731] -1
[15732] 1
ThereforeIsendyou 广东省英德市 07-08 04:12 -> 黑龙江省铁力市 07-08 13:35 18211 60364
[15739] 0
[15742] -1
[15744] Weedy 温蒂 with.a.Manifesto@of.the 2
[15750] Executor 送葬人 two.great.hostile@camps.into 1
[15752] 0
[15761] -1
[15771] 0
[15779] -1
[15781] 0
[15789] bye
