[4] 0
[9] 0
[14] 0
[16] -1
[24] -1
[25] -1
[28] -1
[37] -1
[45] -1
[54] -1
[62] 0
[63] I_am_the_admin 奥斯卡 foo@bar.com 10
[69] 0
[78] 0
[84] 0
[86] 0
[96] Adnachiel 安德切尔 MANIFESTO.OF@THE.COMMUNIST 8
[102] 0
[105] 0
[111] 0
[121] -1
[128] 0
[134] 0
[141] 0
[150] 0
[157] -1
[166] 0
[175] 0
[178] 0
[180] 0
[185] 0
[195] 0
[204] 0
[208] Specter 幽灵鲨 French.Radicals@and.German 3
[212] 0
[216] 0
[217] Fang 芬芬 this.spectre@Pope.and 4
[223] -1
[227] 0
[235] 0
[242] 0
[246] 0
[247] -1
[249] 0
[253] Fang 芬芬 this.spectre@Pope.and 4
[262] 0
[268] 0
[272] FEater 食铁兽 Communistic@by.its 4
[275] 0
[279] 0
[288] Cliffheart 崖心 opponents.in@power.Where 3
[295] Cliffheart 崖心 opponents.in@power.Where 3
[298] Fang 芬芬 this.spectre@Pope.and 4
[307] 0
[313] 0
[317] Breeze 微风 is.the.Opposition@that.has 3
[318] Fang 芬芬 this.spectre@Pope.and 4
[321] 0
[322] 0
[326] 0
[330] 0
[334] Gavial 嘉维尔 policespies@Where.is 4
[343] Elysium 极境 branding.reproach@of.Communism 3
[349] 0
[354] 0
[355] Specter 幽灵鲨 French.Radicals@and.German 3
[360] Savage 暴行 not.hurled@back.the 4
[370] Specter 幽灵鲨 French.Radicals@and.German 3
[379] Elysium 极境 branding.reproach@of.Communism 3
[381] 0
[386] 0
[393] Specter 幽灵鲨 French.Radicals@and.German 3
[396] Adnachiel 安德切尔 MANIFESTO.OF@THE.COMMUNIST 8
[402] 0
[404] 0
[410] 0
[415] 0
[424] 0
[431] 0
[432] 0
[442] -1
[443] 0
[446] 0
[455] 0
[457] 0
[461] Breeze 微风 is.the.Opposition@that.has 3
[464] 0
[465] 0
[470] -1
[471] -1
[475] Earthspirit 地灵 I.Communism@is.already 2
[476] 0
[479] 0
[487] 0
[489] 0
[492] 0
[495] -1
[500] 0
[501] 0
[505] 0
[507] 0
[509] 0
[510] 0
[520] 0
[524] -1
[529] Sideroca 铸铁 the.Spectre@of.Communism 1
[531] 0
[534] 0
[539] 0
[549] 0
[556] 0
[560] -1
[564] 0
[574] 0
[581] 0
[591] Spot 斑点 result.from@this.fact 3
[593] 0
[597] 0
[606] 0
[614] 0
[620] Sideroca 铸铁 the.Spectre@of.Communism 1
[624] 0
[629] 0
[639] 0
[647] 0
[655] Istina 真理 aims.their@tendencies.and 1
[657] Vigna 红豆 face.of.the@whole.world 2
[663] Ethan 伊桑 European.Powers@to.be 2
[664] 0
[665] 0
[669] Earthspirit 地灵 I.Communism@is.already 2
[674] 0
[684] 0
[689] 0
[697] 0
[704] Chen 陈陈 following.Manifesto@to.be 2
[707] 0
[715] 0
[716] 0
[724] 0
[732] 0
[739] 0
[742] Eyjafjalla 艾雅法拉 nationalities@have.assembled 2
[743] Beehunter 猎蜂 Freeman.and@slave.patrician 2
[752] Fang 芬芬 this.spectre@Pope.and 4
[755] 0
[759] 0
[762] -1
[765] 0
[766] 0
[775] 0
[776] 0
[777] Amiya 阿米娅 end.Communists@of.various 2
[787] 0
[793] 0
[800] 0
[808] 1
LeavesofGrass 浙江省慈溪市 06-24 03:15 -> 山东省济南市 06-24 16:51 1249 73880
[809] 1
LeavesofGrass 内蒙海拉尔市 06-18 23:15 -> 山西省孝义市 06-19 07:58 698 73880
[813] 1
LeavesofGrass 黑龙江省鸡西市 06-06 13:01 -> 河南省辉县市 06-07 02:13 1185 73880
[816] Fang 芬芬 this.spectre@Pope.and 4
[819] 1
LeavesofGrass 黑龙江省鸡西市 06-05 13:01 -> 山东省济南市 06-05 16:51 343 73880
[826] Nearl 临光 history.of@class.struggles 1
[830] 1
LeavesofGrass 内蒙海拉尔市 07-05 23:15 -> 浙江省慈溪市 07-06 03:08 309 73880
[834] 1
LeavesofGrass 吉林省白山市 06-07 21:05 -> 河南省辉县市 06-08 02:13 286 73880
[836] -1
[841] 0
[847] 0
[851] 1
LeavesofGrass 山东省济南市 06-23 16:58 -> 河南省辉县市 06-24 02:13 842 73880
[856] 5100892
[858] 0
[868] 0
[876] 1
LeavesofGrass 湖北省孝感市 07-10 22:03 -> 河南省辉县市 07-11 02:13 144 73880
[881] 0
[887] 0
[894] 6093181
[902] 1
LeavesofGrass 湖北省孝感市 07-01 22:03 -> 内蒙临河市 07-02 04:56 478 73880
[906] Nightingale 夜莺 acknowledged@by.all 2
[911] 1
LeavesofGrass 广东省揭阳市 06-04 04:33 -> 黑龙江省佳木斯市 06-04 11:34 711 73880
[917] 1
LeavesofGrass 内蒙海拉尔市 06-21 23:15 -> 广东省揭阳市 06-22 04:27 390 73880
[919] 6777015
[921] 1
LeavesofGrass 黑龙江省佳木斯市 06-28 11:40 -> 黑龙江省鸡西市 06-28 12:58 114 73880
[925] 1
LeavesofGrass 浙江省慈溪市 07-06 03:15 -> 黑龙江省佳木斯市 07-06 11:34 792 73880
[934] 1
LeavesofGrass 内蒙海拉尔市 07-09 23:15 -> 河南省辉县市 07-11 02:13 2400 73880
[936] Mayer 梅尔 serf.guildmaster@and.journeyma 1
[943] 1
LeavesofGrass 湖北省孝感市 06-17 22:03 -> 河南省辉县市 06-18 02:13 144 73880
[952] 27917040
[953] 1
LeavesofGrass 浙江省慈溪市 07-08 03:15 -> 黑龙江省佳木斯市 07-08 11:34 792 73880
[957] 1
LeavesofGrass 黑龙江省佳木斯市 07-02 11:40 -> 内蒙临河市 07-03 04:56 1633 73880
[959] Frostleaf 霜叶 party.itself@To.this 1
[968] 0
[970] 0
[979] 9845072
[988] 1
LeavesofGrass 内蒙海拉尔市 06-24 23:15 -> 山西省孝义市 06-25 07:58 698 73880
[992] 1
LeavesofGrass 河南省辉县市 07-03 02:21 -> 内蒙临河市 07-03 04:56 334 73880
[999] 0
[1000] 0
[1002] 0
[1011] Earthspirit 地灵 I.Communism@is.already 2
[1016] 1
LeavesofGrass 山东省济南市 06-07 16:58 -> 湖北省孝感市 06-07 21:55 698 73880
[1017] 1
LeavesofGrass 黑龙江省佳木斯市 06-12 11:40 -> 黑龙江省鸡西市 06-12 12:58 114 73880
[1022] 1
LeavesofGrass 广东省揭阳市 06-25 04:33 -> 黑龙江省鸡西市 06-25 12:58 825 73880
[1026] 2367288
[1032] 1
LeavesofGrass 黑龙江省佳木斯市 07-04 11:40 -> 湖北省孝感市 07-04 21:55 1155 73880
[1036] 0
[1039] 0
[1041] Texas 德克萨斯 one.another@carried.on 1
[1043] 1
LeavesofGrass 内蒙海拉尔市 06-23 23:15 -> 黑龙江省佳木斯市 06-24 11:34 1101 73880
[1052] 9864928
[1061] 1
LeavesofGrass 黑龙江省佳木斯市 06-12 11:40 -> 山东省济南市 06-12 16:51 457 65434
[1066] 6232000
[1069] Nearl 临光 history.of@class.struggles 1
[1070] Yato 夜刀 now.open.fight@a.fight 1
[1071] 36016100
[1075] 30801540
[1084] 1
LeavesofGrass 山东省济南市 06-07 16:58 -> 黑龙江省大庆市 06-07 19:30 245 73880
[1087] 3477136
[1090] 8223416
[1100] 1
LeavesofGrass 内蒙海拉尔市 07-03 23:15 -> 湖北省孝感市 07-04 21:55 2256 73880
[1106] 1
LeavesofGrass 内蒙海拉尔市 06-07 23:15 -> 山东省济南市 06-08 16:51 1558 73880
[1112] 4443270
[1117] 33367200
[1121] 3981810
[1122] 1
LeavesofGrass 内蒙海拉尔市 06-30 23:15 -> 黑龙江省鸡西市 07-01 12:58 1215 59977
[1126] Frostleaf 霜叶 in.a.revolutionary@reconstitut 1
[1127] 1
LeavesofGrass 浙江省慈溪市 06-30 03:15 -> 湖北省孝感市 06-30 21:55 1947 73880
[1136] 1
LeavesofGrass 广东省揭阳市 06-29 04:33 -> 黑龙江省鸡西市 06-29 12:58 825 73880
[1145] 1324813
[1146] -1
[1154] 0
[1160] Leizi 惊蛰 society.at@large.or 1
[1169] 3322739
[1171] 32524752
[1173] 1
LeavesofGrass 浙江省慈溪市 07-03 03:15 -> 广东省揭阳市 07-03 04:27 81 73880
[1178] 0
[1187] 0
[1196] 1
LeavesofGrass 黑龙江省大庆市 06-28 19:34 -> 吉林省白山市 06-28 20:59 311 73880
[1202] 12671316
[1210] 10772748
[1214] 1
LeavesofGrass 山西省孝义市 07-10 08:08 -> 黑龙江省佳木斯市 07-10 11:34 403 73880
[1217] Spot 斑点 result.from@this.fact 3
[1227] 15921003
[1237] -1
[1239] 1
LeavesofGrass 浙江省慈溪市 06-06 03:15 -> 山东省济南市 06-06 16:51 1249 59463
[1243] 0
[1251] 1
LeavesofGrass 内蒙海拉尔市 06-17 23:15 -> 吉林省白山市 06-18 20:59 2114 73880
[1254] Hibiscus 芙蓉 in.the.common@ruin.of 2
[1257] 1
LeavesofGrass 黑龙江省鸡西市 06-24 13:01 -> 山东省济南市 06-24 16:51 343 58060
[1265] 1
LeavesofGrass 黑龙江省大庆市 07-09 19:34 -> 湖北省孝感市 07-09 21:55 453 67886
[1275] 1
LeavesofGrass 浙江省慈溪市 06-30 03:15 -> 黑龙江省鸡西市 06-30 12:58 906 73880
[1284] 1
LeavesofGrass 山西省孝义市 06-13 08:08 -> 黑龙江省佳木斯市 06-13 11:34 403 73880
[1288] 13632465
[1293] 0
[1296] -1
[1306] 0
[1312] 0
[1319] 1
LeavesofGrass 广东省揭阳市 06-18 04:33 -> 黑龙江省鸡西市 06-18 12:58 825 73880
[1321] 4885188
[1329] 1
LeavesofGrass 山西省孝义市 06-19 08:08 -> 山东省济南市 06-19 16:51 860 58359
[1337] 6663388
[1340] Gavial 嘉维尔 policespies@Where.is 4
[1348] 12346224
[1357] 0
[1367] 0
[1376] 1189040
[1385] Meteor 流星 the.earlier@epochs.of 1
[1388] 1
LeavesofGrass 内蒙海拉尔市 06-27 23:15 -> 黑龙江省大庆市 06-28 19:30 1803 56192
[1391] 0
[1401] 0
[1402] 0
[1409] 1
LeavesofGrass 内蒙海拉尔市 07-03 23:15 -> 黑龙江省佳木斯市 07-04 11:34 1101 73880
[1411] Spot 斑点 result.from@this.fact 3
[1419] -1
[1427] 1
LeavesofGrass 广东省揭阳市 06-15 04:33 -> 内蒙临河市 06-16 04:56 2344 73880
[1436] 21533022
[1446] 41863200
[1452] 7200145
[1460] 1101243
[1470] 1
LeavesofGrass 内蒙海拉尔市 06-03 23:15 -> 山西省孝义市 06-04 07:58 698 67296
[1478] 0
[1481] 25440912
[1487] Nightingale 夜莺 arrangement@of.society 2
[1490] 1
LeavesofGrass 内蒙海拉尔市 07-02 23:15 -> 黑龙江省佳木斯市 07-03 11:34 1101 73880
[1494] Frostleaf 霜叶 in.a.revolutionary@reconstitut 1
[1497] 0
[1503] 1
[success] LeavesofGrass 内蒙海拉尔市 06-20 23:15 -> 河南省辉县市 06-22 02:13 2400 17443
[1509] Meteor 流星 the.earlier@epochs.of 1
[1517] 14670080
[1522] 601400
[1531] Broca 布洛 into.various@orders.a 1
[1535] 1
LeavesofGrass 黑龙江省鸡西市 06-04 13:01 -> 河南省辉县市 06-05 02:13 1185 67296
[1545] 4959141
[1555] 2
[success] LeavesofGrass 黑龙江省大庆市 06-25 19:34 -> 湖北省孝感市 06-25 21:55 453 2431
[success] LeavesofGrass 浙江省慈溪市 06-24 03:15 -> 湖北省孝感市 06-24 21:55 1947 15820
[1560] 1
LeavesofGrass 山东省济南市 06-15 16:58 -> 内蒙临河市 06-16 04:56 1176 73880
[1570] 0
[1579] 0
[1586] Yato 夜刀 now.open.fight@a.fight 1
[1596] 7997504
[1600] 10307366
[1607] -1
[1614] 1
LeavesofGrass 内蒙海拉尔市 06-07 23:15 -> 湖北省孝感市 06-08 21:55 2256 73880
[1623] 1
LeavesofGrass 黑龙江省佳木斯市 06-30 11:40 -> 河南省辉县市 07-01 02:13 1299 73880
[1625] 3440633
[1631] 0
[1638] 0
[1639] 0
[1647] 0
[1657] -1
[1667] 1
LeavesofGrass 山东省济南市 06-04 16:58 -> 吉林省白山市 06-04 20:59 556 73880
[1668] 9447238
[1673] 0
[1675] -1
[1685] Elysium 极境 feudal.lords@vassals.guildmast 3
[1688] 1
LeavesofGrass 内蒙海拉尔市 07-04 23:15 -> 河南省辉县市 07-06 02:13 2400 60547
[1691] 0
[1694] -1
[1695] 1
LeavesofGrass 内蒙海拉尔市 07-08 23:15 -> 黑龙江省佳木斯市 07-09 11:34 1101 55326
[1696] ShiraYuki 白雪 in.almost.all@of.these 2
[1704] 0
[1705] 1
LeavesofGrass 吉林省白山市 06-06 21:05 -> 湖北省孝感市 06-06 21:55 142 59463
[1714] 1
LeavesofGrass 黑龙江省大庆市 06-23 19:34 -> 河南省辉县市 06-24 02:13 597 59028
[1716] 1
LeavesofGrass 内蒙海拉尔市 06-07 23:15 -> 黑龙江省佳木斯市 06-08 11:34 1101 73880
[1726] -1
[1730] 1
LeavesofGrass 内蒙海拉尔市 07-06 23:15 -> 湖北省孝感市 07-07 21:55 2256 69880
[1740] 1
LeavesofGrass 吉林省白山市 07-02 21:05 -> 湖北省孝感市 07-02 21:55 142 73880
[1746] 0
[1752] 0
[1762] 1
LeavesofGrass 内蒙海拉尔市 07-09 23:15 -> 河南省辉县市 07-11 02:13 2400 73880
[1769] 1
LeavesofGrass 山东省济南市 06-24 16:58 -> 河南省辉县市 06-25 02:13 842 58060
[1778] 1
LeavesofGrass 内蒙海拉尔市 06-19 23:15 -> 内蒙临河市 06-21 04:56 2734 70606
[1786] 1
LeavesofGrass 山东省济南市 06-18 16:58 -> 内蒙临河市 06-19 04:56 1176 66468
[1795] Frostleaf 霜叶 in.a.revolutionary@reconstitut 1
[1804] 1
LeavesofGrass 浙江省慈溪市 06-14 03:15 -> 河南省辉县市 06-15 02:13 2091 68161
[1812] 1536336
[1820] 1
LeavesofGrass 黑龙江省鸡西市 06-27 13:01 -> 湖北省孝感市 06-27 21:55 1041 73880
[1825] Fang 芬芬 this.spectre@Pope.and 4
[1830] 6663828
[1840] 1
LeavesofGrass 山西省孝义市 06-12 08:08 -> 黑龙江省大庆市 06-12 19:30 1105 53631
[1845] Vigna 红豆 face.of.the@whole.world 2
[1854] 3
[success] LeavesofGrass 山东省济南市 06-25 16:58 -> 湖北省孝感市 06-25 21:55 698 14767
[success] LeavesofGrass 黑龙江省大庆市 06-25 19:34 -> 湖北省孝感市 06-25 21:55 453 2431
[success] LeavesofGrass 浙江省慈溪市 06-24 03:15 -> 湖北省孝感市 06-24 21:55 1947 15820
[1861] 0
[1869] 0
[1876] 0
[1880] 0
[1890] Specter 幽灵鲨 French.Radicals@and.German 3
[1892] 0
[1896] 22440110
[1900] Ethan 伊桑 European.Powers@to.be 2
[1902] 1
LeavesofGrass 黑龙江省鸡西市 06-04 13:01 -> 吉林省白山市 06-04 20:59 899 67296
[1906] 1
LeavesofGrass 浙江省慈溪市 06-20 03:15 -> 内蒙临河市 06-21 04:56 2425 70606
[1907] -1
[1916] 3961895
[1923] -1
[1927] 1
LeavesofGrass 山西省孝义市 06-30 08:08 -> 湖北省孝感市 06-30 21:55 1558 73880
[1933] -1
[1935] 23619280
[1936] 1
LeavesofGrass 浙江省慈溪市 07-07 03:15 -> 山东省济南市 07-07 16:51 1249 69880
[1941] 8525704
[1942] 10650084
[1949] Hung 吽吽 itself.a.Power@II.It 3
[1952] 1
LeavesofGrass 内蒙海拉尔市 06-10 23:15 -> 黑龙江省鸡西市 06-11 12:58 1215 73880
[1959] 1
LeavesofGrass 浙江省慈溪市 06-11 03:15 -> 山东省济南市 06-11 16:51 1249 73880
[1968] Earthspirit 地灵 I.Communism@is.already 2
[1970] 8432508
[1975] 1
LeavesofGrass 黑龙江省佳木斯市 07-10 11:40 -> 黑龙江省鸡西市 07-10 12:58 114 73880
[1976] 1
LeavesofGrass 浙江省慈溪市 07-10 03:15 -> 山东省济南市 07-10 16:51 1249 73880
[1986] 1
LeavesofGrass 浙江省慈溪市 06-24 03:15 -> 湖北省孝感市 06-24 21:55 1947 58060
[1991] 4503990
[1993] 1
LeavesofGrass 黑龙江省鸡西市 06-24 13:01 -> 黑龙江省大庆市 06-24 19:30 588 58060
[2002] 1
LeavesofGrass 浙江省慈溪市 06-08 03:15 -> 山西省孝义市 06-08 07:58 389 73880
[2005] -1
[2006] 1
LeavesofGrass 黑龙江省佳木斯市 06-16 11:40 -> 湖北省孝感市 06-16 21:55 1155 45799
[2015] -1
[2022] 1
LeavesofGrass 内蒙海拉尔市 06-24 23:15 -> 内蒙临河市 06-26 04:56 2734 56682
[2024] Texas 德克萨斯 one.another@carried.on 1
[2030] 1
LeavesofGrass 山西省孝义市 07-03 08:08 -> 河南省辉县市 07-04 02:13 1702 73880
[2035] 0
[2040] 0
[2041] Vermeil 红云 stood.in.constant@opposition.t 2
[2044] 5515584
[2049] 1
LeavesofGrass 浙江省慈溪市 06-26 03:15 -> 吉林省白山市 06-26 20:59 1805 56562
[2051] 1
LeavesofGrass 黑龙江省鸡西市 06-19 13:01 -> 湖北省孝感市 06-19 21:55 1041 53943
[2053] Mousse 慕斯 and.plebeian@lord.and 2
[2054] 1
LeavesofGrass 黑龙江省鸡西市 07-02 13:01 -> 吉林省白山市 07-02 20:59 899 64984
[2064] 75354
[2065] 1
LeavesofGrass 黑龙江省佳木斯市 06-07 11:40 -> 吉林省白山市 06-07 20:59 1013 73880
[2070] -1
[2072] 0
[2074] 0
[2080] 14014294
[2090] 1
LeavesofGrass 内蒙海拉尔市 07-07 23:15 -> 浙江省慈溪市 07-08 03:08 309 62603
[2093] 1
LeavesofGrass 山西省孝义市 06-16 08:08 -> 内蒙临河市 06-17 04:56 2036 45799
[2095] 1
LeavesofGrass 广东省揭阳市 07-01 04:33 -> 山东省济南市 07-01 16:51 1168 49946
[2100] 1
LeavesofGrass 山西省孝义市 06-10 08:08 -> 河南省辉县市 06-11 02:13 1702 73880
[2108] 1
LeavesofGrass 黑龙江省佳木斯市 06-06 11:40 -> 吉林省白山市 06-06 20:59 1013 59463
[2118] 1
LeavesofGrass 山西省孝义市 06-29 08:08 -> 吉林省白山市 06-29 20:59 1416 59467
[2127] 1
LeavesofGrass 浙江省慈溪市 06-09 03:15 -> 山东省济南市 06-09 16:51 1249 73880
[2137] 1
LeavesofGrass 内蒙海拉尔市 06-29 23:15 -> 山东省济南市 06-30 16:51 1558 73880
[2144] 12793176
[2152] 1
LeavesofGrass 黑龙江省佳木斯市 06-10 11:40 -> 河南省辉县市 06-11 02:13 1299 73880
[2162] 27796290
[2170] 1
LeavesofGrass 湖北省孝感市 06-15 22:03 -> 河南省辉县市 06-16 02:13 144 73880
[2171] 1
LeavesofGrass 黑龙江省佳木斯市 06-27 11:40 -> 内蒙临河市 06-28 04:56 1633 58546
[2172] 1
LeavesofGrass 黑龙江省佳木斯市 07-06 11:40 -> 黑龙江省鸡西市 07-06 12:58 114 73880
[2182] 8361535
[2188] 0
[2192] -1
[2199] 6708492
[2203] 21165837
[2206] Leizi 惊蛰 antagonisms@It.has 1
[2210] -1
[2215] 833196
[2225] Savage 暴行 not.hurled@back.the 4
[2227] 2888257
[2232] 2
[success] LeavesofGrass 黑龙江省大庆市 06-09 19:34 -> 吉林省白山市 06-09 20:59 311 9287
[success] LeavesofGrass 山东省济南市 06-27 16:58 -> 吉林省白山市 06-27 20:59 556 15334
[2237] 29843808
[2240] 1
LeavesofGrass 内蒙海拉尔市 07-10 23:15 -> 黑龙江省大庆市 07-11 19:30 1803 73880
[2247] 0
[2256] 0
[2265] 2
[success] LeavesofGrass 黑龙江省鸡西市 07-01 13:01 -> 山东省济南市 07-01 16:51 343 10031
[success] LeavesofGrass 浙江省慈溪市 06-05 03:15 -> 吉林省白山市 06-05 20:59 1805 3989
[2271] 4371048
[2272] Nearl 临光 new.conditions@of.oppression 1
[2276] 16606247
[2277] 0
[2287] 40520
[2295] Yato 夜刀 now.open.fight@a.fight 1
[2297] 21507000
[2298] Mayer 梅尔 serf.guildmaster@and.journeyma 1
[2307] 1131500
[2316] 1
LeavesofGrass 浙江省慈溪市 07-02 03:15 -> 山东省济南市 07-02 16:51 1249 51155
[2325] 1248177
[2334] 5135661
[2341] -1
[2342] Vigna 红豆 face.of.the@whole.world 2
[2347] 1
LeavesofGrass 山西省孝义市 06-08 08:08 -> 黑龙江省佳木斯市 06-08 11:34 403 73880
[2356] 3803376
[2358] 1089042
[2362] 0
[2364] 0
[2369] 0
[2379] -1
[2383] 11526075
[2384] 20242206
[2387] 28104762
[2388] 1
LeavesofGrass 吉林省白山市 07-01 21:05 -> 湖北省孝感市 07-01 21:55 142 59977
[2393] -1
[2398] 10197636
[2407] Meteor 流星 the.earlier@epochs.of 1
[2413] Breeze 微风 is.the.Opposition@that.has 3
[2416] 0
[2422] 0
[2426] 16947924
[2429] 0
[2438] 1
LeavesofGrass 湖北省孝感市 06-26 22:03 -> 内蒙临河市 06-27 04:56 478 72457
[2446] 8123808
[2450] 28423335
[2452] SilverAsh 银灰 publish.their@views.their 3
[2453] Mousse 慕斯 and.plebeian@lord.and 2
[2454] 3
[success] LeavesofGrass 吉林省白山市 06-25 21:05 -> 内蒙临河市 06-26 04:56 620 1825
[success] LeavesofGrass 黑龙江省大庆市 06-09 19:34 -> 吉林省白山市 06-09 20:59 311 9287
[success] LeavesofGrass 山东省济南市 06-27 16:58 -> 吉林省白山市 06-27 20:59 556 15334
[2458] 0
[2462] 1
LeavesofGrass 黑龙江省大庆市 07-10 19:34 -> 吉林省白山市 07-10 20:59 311 66972
[2472] 1
LeavesofGrass 黑龙江省大庆市 06-23 19:34 -> 内蒙临河市 06-24 04:56 931 59028
[2479] -1
[2488] 0
[2494] Aak 阿阿 the.bourgeoisie@possesses.howe 3
[2505] LeavesofGrass V
内蒙海拉尔市 xx-xx xx:xx -> 06-21 23:15 0 73880
浙江省慈溪市 06-22 03:08 -> 06-22 03:15 309 55614
广东省揭阳市 06-22 04:27 -> 06-22 04:33 390 55614
山西省孝义市 06-22 07:58 -> 06-22 08:08 698 55614
黑龙江省佳木斯市 06-22 11:34 -> 06-22 11:40 1101 61133
黑龙江省鸡西市 06-22 12:58 -> 06-22 13:01 1215 61133
山东省济南市 06-22 16:51 -> 06-22 16:58 1558 73880
黑龙江省大庆市 06-22 19:30 -> 06-22 19:34 1803 73880
吉林省白山市 06-22 20:59 -> 06-22 21:05 2114 73880
湖北省孝感市 06-22 21:55 -> 06-22 22:03 2256 73880
河南省辉县市 06-23 02:13 -> 06-23 02:21 2400 73880
内蒙临河市 06-23 04:56 -> xx-xx xx:xx 2734 x
[2515] 2
[success] LeavesofGrass 浙江省慈溪市 07-04 03:15 -> 黑龙江省大庆市 07-04 19:30 1494 13549
[success] LeavesofGrass 内蒙海拉尔市 06-30 23:15 -> 河南省辉县市 07-02 02:13 2400 13903
[2524] 0
[2533] -1
[2538] -1
[2540] -1
[2541] -1
[2551] 0
[2553] -1
[2563] -1
[2565] 0
[2566] 2
[success] LeavesofGrass 浙江省慈溪市 06-19 03:15 -> 山东省济南市 06-19 16:51 1249 4416
[success] LeavesofGrass 山西省孝义市 06-20 08:08 -> 湖北省孝感市 06-20 21:55 1558 3274
[2574] -1
[2579] -1
[2582] Matterhorn 角峰 ruins.of.feudal@society.has 2
[2586] Earthspirit 地灵 I.Communism@is.already 2
[2596] 1
LeavesofGrass 山西省孝义市 07-08 08:08 -> 湖北省孝感市 07-08 21:55 1558 62603
[2597] -1
[2606] -1
[2616] -1
[2625] -1
[2635] 0
[2644] Chen 陈陈 following.Manifesto@to.be 2
[2646] -1
[2650] Chen 陈陈 following.Manifesto@to.be 2
[2659] 0
[2668] -1
[2675] -1
[2685] -1
[2691] -1
[2696] -1
[2699] 0
[2701] -1
[2703] -1
[2709] 0
[2714] 0
[2720] -1
[2729] -1
[2737] -1
[2746] 1
LeavesofGrass 内蒙海拉尔市 06-22 23:15 -> 湖北省孝感市 06-23 21:55 2256 47619
[2752] -1
[2757] 0
[2763] -1
[2768] -1
[2775] -1
[2784] -1
[2792] -1
[2800] 716720
[2804] -1
[2805] -1
[2814] 0
[2817] 0
[2827] 0
[2837] 0
[2843] 1
LeavesofGrass 湖北省孝感市 07-04 22:03 -> 河南省辉县市 07-05 02:13 144 73880
[2846] -1
[2849] 0
[2851] 0
[2858] 1
LeavesofGrass 内蒙海拉尔市 06-26 23:15 -> 黑龙江省大庆市 06-27 19:30 1803 48051
[2861] -1
[2862] 0
[2865] -1
[2866] -1
[2872] 0
[2875] -1
[2884] 0
[2892] -1
[2893] -1
[2895] -1
[2897] -1
[2907] -1
[2917] -1
[2921] -1
[2922] 0
[2925] -1
[2935] -1
[2945] -1
[2950] 0
[2954] -1
[2960] Amiya 阿米娅 end.Communists@of.various 2
[2965] -1
[2979] -1
[2980] -1
[2986] -1
[2993] 0
[2999] -1
[3006] -1
[3014] -1
[3015] 0
[3018] -1
[3028] 0
[3037] 1
LeavesofGrass 湖北省孝感市 06-16 22:03 -> 河南省辉县市 06-17 02:13 144 61000
[3042] -1
[3045] -1
[3048] -1
[3058] -1
[3060] 0
[3064] -1
[3065] -1
[3073] -1
[3075] 0
[3080] -1
[3087] -1
[3097] Sideroca 铸铁 the.Spectre@of.Communism 1
[3105] -1
[3107] -1
[3114] -1
[3118] 0
[3128] -1
[3138] 1
[success] LeavesofGrass 浙江省慈溪市 06-29 03:15 -> 黑龙江省大庆市 06-29 19:30 1494 14413
[3141] 0
[3148] -1
[3151] -1
[3160] 0
[3170] 0
[3179] -1
[3188] Grani 格拉尼 but.established@new.classes 5
[3192] 0
[3201] -1
[3208] -1
[3214] -1
[3220] Frostleaf 霜叶 in.a.revolutionary@reconstitut 1
[3224] Amiya 阿米娅 end.Communists@of.various 2
[3233] 1
LeavesofGrass 浙江省慈溪市 06-05 03:15 -> 黑龙江省佳木斯市 06-05 11:34 792 39061
[3238] -1
[3241] 0
[3251] -1
[3259] -1
[3265] -1
[3270] -1
[3273] -1
[3281] -1
[3290] -1
[3300] -1
[3307] 0
[3314] -1
[3319] Hibiscus 芙蓉 in.the.common@ruin.of 2
[3320] 0
[3328] Chen 陈陈 following.Manifesto@to.be 0
[3333] -1
[3336] -1
[3338] 2
[refunded] LeavesofGrass 黑龙江省佳木斯市 06-15 11:40 -> 吉林省白山市 06-15 20:59 1013 9326
[success] LeavesofGrass 内蒙海拉尔市 07-06 23:15 -> 山东省济南市 07-07 16:51 1558 4000
[3340] -1
[3342] 0
[3349] Chen 陈陈 following.Manifesto@to.be 0
[3355] -1
[3356] Sideroca 铸铁 the.Spectre@of.Communism 1
[3365] -1
[3369] -1
[3371] 1
[success] LeavesofGrass 黑龙江省鸡西市 06-19 13:01 -> 内蒙临河市 06-20 04:56 1519 7092
[3381] -1
[3382] -1
[3385] 0
[3388] -1
[3397] 0
[3398] Beehunter 猎蜂 Freeman.and@slave.patrician 2
[3405] -1
[3408] -1
[3416] 0
[3426] 0
[3435] 0
[3440] Istina 真理 aims.their@tendencies.and 1
[3445] 0
[3449] -1
[3450] -1
[3456] -1
[3457] -1
[3464] -1
[3471] -1
[3479] -1
[3485] 0
[3488] 0
[3490] 0
[3498] 0
[3506] 0
[3511] 0
[3513] 0
[3518] 0
[3528] 0
[3532] 0
[3533] 0
[3541] 0
[3551] 0
[3553] 0
[3556] 0
[3562] 0
[3563] 0
[3568] 0
[3572] 0
[3578] 0
[3585] 0
[3595] 0
[3596] 0
[3599] 0
[3604] 0
[3612] 0
[3618] 0
[3619] 0
[3624] 0
[3630] 0
[3633] 0
[3641] 0
[3643] 0
[3651] 0
[3657] 0
[3667] 0
[3677] 0
[3683] 0
[3689] 0
[3690] 0
[3699] 0
[3708] 0
[3711] 0
[3713] 0
[3722] 0
[3730] 0
[3732] 0
[3739] 0
[3746] 0
[3749] 0
[3756] 0
[3760] 0
[3764] 0
[3774] 0
[3779] 0
[3787] 0
[3792] 0
[3800] 0
[3806] Mousse 慕斯 and.plebeian@lord.and 2
[3812] -1
[3814] 0
[3816] 0
[3821] 1
LeavesofGrass 浙江省慈溪市 06-12 03:15 -> 山东省济南市 06-12 16:51 1249 53631
[3829] 0
[3831] 0
[3835] -1
[3841] 0
[3842] Cardigan 卡缇 history.we@find.almost 4
[3848] -1
[3858] Sideroca 铸铁 the.Spectre@of.Communism 1
[3863] -1
[3871] 0
[3874] -1
[3883] 0
[3887] -1
[3895] -1
[3901] 1
LeavesofGrass 广东省揭阳市 06-19 04:33 -> 山西省孝义市 06-19 07:58 308 61035
[3903] -1
[3910] 0
[3912] 2
[success] LeavesofGrass 浙江省慈溪市 06-22 03:15 -> 黑龙江省佳木斯市 06-22 11:34 792 5519
[success] LeavesofGrass 广东省揭阳市 06-19 04:33 -> 山东省济南市 06-19 16:51 1168 8429
[3922] -1
[3931] 0
[3935] 1
[success] LeavesofGrass 黑龙江省佳木斯市 06-08 11:40 -> 黑龙江省鸡西市 06-08 12:58 114 661
[3942] -1
[3947] -1
[3954] -1
[3956] -1
[3962] -1
[3965] -1
[3970] -1
[3975] 1
[success] LeavesofGrass 浙江省慈溪市 06-23 03:15 -> 内蒙临河市 06-24 04:56 2425 14852
[3977] 0
[3986] -1
[3987] -1
[3994] 0
[3997] -1
[4004] -1
[4005] -1
[4012] 1
LeavesofGrass 黑龙江省大庆市 06-08 19:34 -> 吉林省白山市 06-08 20:59 311 73880
[4020] -1
[4022] 3
[success] LeavesofGrass 浙江省慈溪市 06-28 03:15 -> 黑龙江省佳木斯市 06-28 11:34 792 16153
[success] LeavesofGrass 内蒙海拉尔市 07-07 23:15 -> 湖北省孝感市 07-08 21:55 2256 11277
[success] LeavesofGrass 黑龙江省大庆市 06-29 19:34 -> 内蒙临河市 06-30 04:56 931 3569
[4032] Chen 陈陈 following.Manifesto@to.be 2
[4038] -1
[4043] -1
[4050] 0
[4052] -1
[4056] 0
[4065] 0
[4075] -1
[4078] 0
[4083] 0
[4092] 0
[4102] 0
[4106] -1
[4115] -1
[4122] -1
[4128] -1
[4131] i 滀袆悅 UNRinW 3
[4137] -1
[4144] -1
[4154] -1
[4156] 0
[4166] 0
[4176] -1
[4184] -1
[4193] -1
[4198] -1
[4200] 0
[4209] 0
[4214] vytKApWKbkoXADp Y
河南省辉县市 xx-xx xx:xx -> 07-10 02:21 0 50435
吉林省白山市 07-10 02:27 -> 07-10 02:34 9592 50435
山东省济南市 07-10 02:44 -> 07-10 02:56 42796 50435
黑龙江省大庆市 07-10 03:08 -> xx-xx xx:xx 113103 x
[4220] 0
[4223] 1
LeavesofGrass 黑龙江省大庆市 06-12 19:34 -> 吉林省白山市 06-12 20:59 311 62077
[4226] 0
[4236] 0
[4244] -1
[4251] 0
[4253] NoirCorne 黑角 everywhere@a.complicated 3
[4261] 1
LeavesofGrass 黑龙江省佳木斯市 06-27 11:40 -> 吉林省白山市 06-27 20:59 1013 48051
[4266] -1
[4267] -1
[4269] 0
[4276] -1
[4281] -1
[4282] -1
[4288] 1
LeavesofGrass 山西省孝义市 07-06 08:08 -> 吉林省白山市 07-06 20:59 1416 58172
[4298] 1
LeavesofGrass 广东省揭阳市 06-18 04:33 -> 内蒙临河市 06-19 04:56 2344 55853
[4300] -1
[4306] 3
[success] LeavesofGrass 浙江省慈溪市 06-28 03:15 -> 黑龙江省佳木斯市 06-28 11:34 792 16153
[success] LeavesofGrass 内蒙海拉尔市 07-07 23:15 -> 湖北省孝感市 07-08 21:55 2256 11277
[success] LeavesofGrass 黑龙江省大庆市 06-29 19:34 -> 内蒙临河市 06-30 04:56 931 3569
[4308] -1
[4318] 0
[4324] 0
[4325] -1
[4332] -1
[4340] 0
[4342] -1
[4352] 0
[4354] -1
[4358] -1
[4359] -1
[4369] -1
[4379] -1
[4381] -1
[4386] 0
[4393] -1
[4398] 0
[4408] -1
[4417] -1
[4424] -1
[4425] 0
[4426] 0
[4427] -1
[4434] -1
[4440] -1
[4448] 0
[4453] -1
[4459] 0
[4468] -1
[4473] -1
[4481] -1
[4483] 0
[4493] -1
[4500] 0
[4507] -1
[4514] -1
[4519] -1
[4524] -1
[4528] -1
[4536] 0
[4542] 0
[4544] Amiya 阿米娅 end.Communists@of.various 2
[4545] -1
[4551] -1
[4553] 0
[4556] -1
[4563] -1
[4573] -1
[4582] -1
[4588] 0
[4591] -1
[4596] 0
[4597] 0
[4606] -1
[4607] -1
[4616] -1
[4624] 0
[4632] -1
[4640] 0
[4647] -1
[4651] 4
[success] LeavesofGrass 吉林省白山市 06-30 21:05 -> 内蒙临河市 07-01 04:56 620 1156
[success] LeavesofGrass 黑龙江省佳木斯市 06-21 11:40 -> 吉林省白山市 06-21 20:59 1013 40
[success] LeavesofGrass 黑龙江省鸡西市 06-26 13:01 -> 黑龙江省大庆市 06-26 19:30 588 14341
[success] LeavesofGrass 内蒙海拉尔市 06-04 23:15 -> 山东省济南市 06-05 16:51 1558 15160
[4653] -1
[4655] -1
[4664] 0
[4669] -1
[4677] -1
[4679] 1
LeavesofGrass 内蒙海拉尔市 06-12 23:15 -> 黑龙江省鸡西市 06-13 12:58 1215 73880
[4681] -1
[4689] -1
[4692] -1
[4693] 1
LeavesofGrass 浙江省慈溪市 06-11 03:15 -> 山东省济南市 06-11 16:51 1249 58133
[4700] Breeze 微风 is.the.Opposition@that.has 3
[4710] 0
[4712] -1
[4722] -1
[4729] -1
[4732] 0
[4737] 1
LeavesofGrass 黑龙江省大庆市 06-27 19:34 -> 吉林省白山市 06-27 20:59 311 48051
[4739] -1
[4748] -1
[4750] 0
[4760] -1
[4769] Adnachiel 安德切尔 MANIFESTO.OF@THE.COMMUNIST 8
[4779] 0
[4784] 0
[4788] 0
[4797] 0
[4801] -1
[4802] -1
[4806] -1
[4808] -1
[4818] -1
[4827] 0
[4837] -1
[4846] -1
[4852] -1
[4856] -1
[4861] -1
[4865] Warfarin 华法琳 French.German@Italian.Flemish 2
[4866] 0
[4869] -1
[4873] -1
[4883] 0
[4892] -1
[4899] -1
[4901] -1
[4910] -1
[4913] -1
[4914] 0
[4920] -1
[4926] -1
[4933] -1
[4937] -1
[4940] -1
[4942] 0
[4943] -1
[4953] 0
[4955] -1
[4958] 0
[4962] -1
[4963] wmPukeOEWQYPIYN x
河南省辉县市 xx-xx xx:xx -> 06-24 10:01 0 89744
广东省揭阳市 06-24 10:11 -> 06-24 10:26 4162 89744
湖北省孝感市 06-24 10:41 -> 06-24 10:54 14355 89744
内蒙临河市 06-24 10:59 -> xx-xx xx:xx 112772 x
[4970] 0
[4977] 0
[4981] -1
[4986] 0
[4990] -1
[5000] 0
[5003] 0
[5013] 0
[5016] -1
[5023] 0
[5029] -1
[5037] -1
[5041] -1
[5042] 0
[5048] -1
[5055] 0
[5061] -1
[5066] -1
[5072] 0
[5081] -1
[5087] 0
[5094] -1
[5098] 0
[5103] 0
[5107] Ethan 伊桑 European.Powers@to.be 2
[5112] -1
[5119] 0
[5126] 0
[5133] -1
[5134] 0
[5139] -1
[5146] Vermeil 红云 stood.in.constant@opposition.t 2
[5149] -1
[5157] -1
[5166] -1
[5171] -1
[5173] 0
[5181] -1
[5190] 0
[5194] 0
[5201] 0
[5208] 0
[5212] -1
[5213] 2
[success] LeavesofGrass 内蒙海拉尔市 06-17 23:15 -> 吉林省白山市 06-18 20:59 2114 10615
[success] LeavesofGrass 内蒙海拉尔市 06-27 23:15 -> 山西省孝义市 06-28 07:58 698 17688
[5220] -1
[5221] -1
[5225] 0
[5233] 0
[5238] Texas 德克萨斯 one.another@carried.on 1
[5248] -1
[5252] -1
[5262] 0
[5269] -1
[5270] -1
[5278] -1
[5284] NoirCorne 黑角 everywhere@a.complicated 3
[5291] Franka 芙兰卡 not.done.away@with.class 3
[5293] -1
[5300] 0
[5301] 0
[5305] -1
[5313] 0
[5315] 2
[success] LeavesofGrass 黑龙江省大庆市 06-10 19:34 -> 湖北省孝感市 06-10 21:55 453 11337
[success] LeavesofGrass 广东省揭阳市 06-07 04:33 -> 内蒙临河市 06-08 04:56 2344 12732
[5320] -1
[5330] Specter 幽灵鲨 French.Radicals@and.German 3
[5340] -1
[5341] -1
[5347] 0
[5353] 0
[5356] -1
[5366] -1
[5367] -1
[5369] -1
[5374] -1
[5381] 0
[5391] 1
[success] LeavesofGrass 浙江省慈溪市 06-05 03:15 -> 黑龙江省佳木斯市 06-05 11:34 792 2989
[5394] Beehunter 猎蜂 Freeman.and@slave.patrician 2
[5396] -1
[5399] -1
[5407] -1
[5413] -1
[5414] -1
[5421] 0
[5425] -1
[5429] 1
LeavesofGrass 山东省济南市 06-18 16:58 -> 河南省辉县市 06-19 02:13 842 55853
[5438] -1
[5445] 1
LeavesofGrass 山西省孝义市 06-20 08:08 -> 山东省济南市 06-20 16:51 860 70606
[5447] 0
[5455] -1
[5457] 0
[5458] 0
[5460] -1
[5462] 0
[5465] -1
[5475] -1
[5483] 0
[5484] -1
[5493] 0
[5499] 0
[5503] -1
[5507] 0
[5510] -1
[5517] -1
[5519] 0
[5522] -1
[5532] Orchid 梓兰 Our.epoch.the@epoch.of 1
[5535] -1
[5541] -1
[5542] -1
[5549] 0
[5557] 0
[5560] 0
[5565] 0
[5567] -1
[5575] -1
[5582] -1
[5592] -1
[5602] -1
[5605] 0
[5612] Flamebringer 炎客 should.openly@in.the 5
[5620] -1
[5625] -1
[5632] 0
[5642] -1
[5651] -1
[5660] -1
[5672] -1
[5679] -1
[5680] 1
LeavesofGrass 内蒙海拉尔市 06-06 23:15 -> 山西省孝义市 06-07 07:58 698 61148
[5687] -1
[5693] -1
[5695] -1
[5704] -1
[5709] -1
[5715] -1
[5723] -1
[5732] Shining 闪灵 manifold.gradation@of.social 1
[5739] -1
[5741] -1
[5742] 1
LeavesofGrass 山东省济南市 06-07 16:58 -> 内蒙临河市 06-08 04:56 1176 61148
[5751] -1
[5755] 0
[5758] 0
[5762] -1
[5771] -1
[5772] 0
[5780] -1
[5785] -1
[5794] -1
[5802] -1
[5808] -1
[5811] Franka 芙兰卡 not.done.away@with.class 3
[5814] 0
[5817] 0
[5823] 0
[5833] -1
[5835] 0
[5844] 0
[5849] 0
[5853] 0
[5856] 0
[5858] 0
[5865] 0
[5872] 0
[5879] 0
[5881] 0
[5886] 0
[5889] 0
[5891] 0
[5893] 0
[5896] 0
[5905] 0
[5915] 0
[5920] 0
[5925] 0
[5933] 0
[5935] 0
[5937] 0
[5942] 0
[5949] 0
[5956] 0
[5962] 0
[5968] 0
[5974] 0
[5984] 0
[5991] 0
[5998] 0
[6006] 0
[6016] 0
[6025] 0
[6029] 0
[6038] 0
[6048] 0
[6053] 0
[6058] 0
[6061] 0
[6067] 0
[6073] 0
[6079] 0
[6089] 0
[6090] 0
[6100] 0
[6102] -1
[6104] -1
[6107] -1
[6114] -1
[6123] 0
[6128] -1
[6137] -1
[6147] -1
[6154] -1
[6158] Broca 布洛 into.various@orders.a 1
[6164] 0
[6168] -1
[6173] -1
[6176] -1
[6178] -1
[6181] -1
[6185] -1
[6189] -1
[6197] LeavesofGrass 黑龙江省佳木斯市 06-23 11:40 -> 河南省辉县市 06-24 02:13 1299 47619
LhEXHftfkO 河南省辉县市 08-05 03:26 -> 浙江省慈溪市 08-05 03:38 67230 60369
[6200] -1
[6202] Beehunter 猎蜂 Freeman.and@slave.patrician 2
[6210] -1
[6219] -1
[6226] -1
[6227] 1
LeavesofGrass 山东省济南市 06-29 16:58 -> 吉林省白山市 06-29 20:59 556 48596
[6236] 0
[6243] 0
[6245] -1
[6246] -1
[6252] -1
[6253] -1
[6256] -1
[6266] Flamebringer 炎客 should.openly@in.the 5
[6274] 1
LeavesofGrass 内蒙海拉尔市 06-20 23:15 -> 黑龙江省大庆市 06-21 19:30 1803 53124
[6279] 0
[6287] 0
[6295] -1
[6296] 1
LhEXHftfkO 河南省辉县市 08-08 03:26 -> 浙江省慈溪市 08-08 03:38 67230 60369
[6301] -1
[6307] -1
[6308] 0
[6317] -1
[6326] -1
[6334] LeavesofGrass 内蒙海拉尔市 07-04 23:15 -> 浙江省慈溪市 07-05 03:08 309 73880
hPYlCoPACHbs 浙江省慈溪市 07-05 11:33 -> 黑龙江省鸡西市 07-05 11:46 175 57689
[6337] 0
[6339] -1
[6345] -1
[6348] -1
[6357] 0
[6362] -1
[6363] 0
[6367] -1
[6370] -1
[6373] -1
[6378] 0
[6388] hPYlCoPACHbs 浙江省慈溪市 07-15 11:33 -> 广东省揭阳市 07-15 12:04 71952 57689
LhEXHftfkO 广东省揭阳市 08-05 02:54 -> 山西省孝义市 08-05 03:01 12267 60369
[6393] 0
[6403] -1
[6407] -1
[6414] -1
[6415] -1
[6424] 0
[6428] -1
[6438] -1
[6439] 1
LeavesofGrass 黑龙江省大庆市 06-26 19:34 -> 内蒙临河市 06-27 04:56 931 72457
[6445] 0
[6448] 0
[6455] 2
[success] LeavesofGrass 浙江省慈溪市 06-11 03:15 -> 吉林省白山市 06-11 20:59 1805 15747
[success] LeavesofGrass 广东省揭阳市 06-26 04:33 -> 山东省济南市 06-26 16:51 1168 2977
[6462] 0
[6470] -1
[6475] -1
[6480] -1
[6482] 0
[6483] 0
[6487] 1
LeavesofGrass 山西省孝义市 06-04 08:08 -> 山东省济南市 06-04 16:51 860 67296
[6495] -1
[6497] -1
[6505] -1
[6508] -1
[6511] -1
[6517] 1
hPYlCoPACHbs 浙江省慈溪市 06-02 11:33 -> 黑龙江省鸡西市 06-02 11:46 175 57689
[6525] -1
[6526] Spot 斑点 result.from@this.fact 3
[6534] 0
[6543] ShiraYuki 白雪 in.almost.all@of.these 2
[6553] -1
[6555] -1
[6563] 0
[6568] hPYlCoPACHbs o
浙江省慈溪市 xx-xx xx:xx -> 07-07 11:33 0 57689
黑龙江省鸡西市 07-07 11:46 -> 07-07 11:53 175 57689
广东省揭阳市 07-07 12:04 -> 07-07 12:12 71952 57689
黑龙江省大庆市 07-07 12:27 -> 07-07 12:35 146999 57689
吉林省白山市 07-07 12:47 -> 07-07 13:01 158456 57689
河南省辉县市 07-07 13:11 -> xx-xx xx:xx 203126 x
[6570] -1
[6572] 0
[6581] -1
[6582] -1
[6588] -1
[6598] -1
[6602] -1
[6610] -1
[6611] -1
[6612] 0
[6613] -1
[6619] -1
[6625] -1
[6631] 1
LeavesofGrass 黑龙江省佳木斯市 06-30 11:40 -> 河南省辉县市 07-01 02:13 1299 72724
[6633] -1
[6635] 1
hPYlCoPACHbs 黑龙江省鸡西市 08-11 11:53 -> 河南省辉县市 08-11 13:11 202951 57689
[6642] -1
[6646] -1
[6656] -1
[6664] -1
[6671] -1
[6676] -1
[6683] 0
[6685] -1
[6687] 0
[6697] 0
[6701] 0
[6711] 0
[6721] DaMfLwliRUlCR 弖儬馆 XAudAOGrzoItzsQtrdkZcUsWUnnxU 2
[6722] -1
[6730] -1
[6738] Mayer 梅尔 serf.guildmaster@and.journeyma 1
[6746] 0
[6748] -1
[6753] 0
[6762] 0
[6763] -1
[6771] -1
[6778] 0
[6780] -1
[6781] -1
[6786] -1
[6789] Grani 格拉尼 but.established@new.classes 5
[6799] -1
[6809] -1
[6819] -1
[6825] 0
[6826] -1
[6834] -1
[6840] 0
[6848] -1
[6858] -1
[6868] 0
[6870] -1
[6875] -1
[6880] 0
[6881] -1
[6886] Chen 陈陈 following.Manifesto@to.be 2
[6890] 0
[6899] -1
[6906] -1
[6914] -1
[6919] -1
[6920] -1
[6924] -1
[6929] -1
[6937] Beagle 米格鲁 in.London.and@sketched.the 1
[6947] 0
[6951] -1
[6953] -1
[6956] -1
[6961] -1
[6965] -1
[6975] -1
[6976] 0
[6977] -1
[6980] -1
[6983] -1
[6988] -1
[6993] -1
[7001] -1
[7002] -1
[7009] -1
[7011] -1
[7021] -1
[7027] 0
[7033] hPYlCoPACHbs o
浙江省慈溪市 xx-xx xx:xx -> 07-02 11:33 0 57689
黑龙江省鸡西市 07-02 11:46 -> 07-02 11:53 175 57689
广东省揭阳市 07-02 12:04 -> 07-02 12:12 71952 57689
黑龙江省大庆市 07-02 12:27 -> 07-02 12:35 146999 57689
吉林省白山市 07-02 12:47 -> 07-02 13:01 158456 57689
河南省辉县市 07-02 13:11 -> xx-xx xx:xx 203126 x
[7039] -1
[7042] -1
[7044] -1
[7049] -1
[7053] -1
[7063] -1
[7068] -1
[7070] -1
[7076] 0
[7084] -1
[7086] -1
[7092] -1
[7101] -1
[7110] -1
[7119] -1
[7124] 0
[7125] 0
[7133] 0
[7137] 0
[7139] 0
[7140] 0
[7150] 0
[7159] 0
[7164] 0
[7166] 0
[7168] 0
[7175] 0
[7176] 0
[7186] 0
[7195] 0
[7198] 0
[7204] 0
[7207] 0
[7211] 0
[7216] 0
[7218] 0
[7226] 0
[7228] 0
[7234] 0
[7239] 0
[7240] 0
[7245] 0
[7251] 0
[7253] 0
[7258] 0
[7267] 0
[7272] 0
[7281] 0
[7291] 0
[7300] 0
[7301] 0
[7305] 0
[7314] 0
[7316] 0
[7321] 0
[7322] 0
[7326] 0
[7329] 0
[7335] 0
[7343] 0
[7347] 0
[7352] 0
[7356] 0
[7359] 0
[7368] 0
[7372] 0
[7373] -1
[7380] 0
[7384] 0
[7390] 0
[7391] -1
[7393] -1
[7395] -1
[7404] -1
[7414] -1
[7418] -1
[7427] -1
[7428] -1
[7435] 0
[7437] 2
[refunded] LeavesofGrass 浙江省慈溪市 06-29 03:15 -> 湖北省孝感市 06-29 21:55 1947 10871
[success] LeavesofGrass 黑龙江省鸡西市 07-02 13:01 -> 吉林省白山市 07-02 20:59 899 8896
[7445] -1
[7455] -1
[7456] -1
[7458] 2
[success] LeavesofGrass 山西省孝义市 06-21 08:08 -> 内蒙临河市 06-22 04:56 2036 3273
[success] LeavesofGrass 内蒙海拉尔市 06-20 23:15 -> 河南省辉县市 06-22 02:13 2400 17443
[7459] -1
[7468] 3
[success] LeavesofGrass 山东省济南市 06-25 16:58 -> 湖北省孝感市 06-25 21:55 698 14767
[success] LeavesofGrass 黑龙江省大庆市 06-25 19:34 -> 湖北省孝感市 06-25 21:55 453 2431
[success] LeavesofGrass 浙江省慈溪市 06-24 03:15 -> 湖北省孝感市 06-24 21:55 1947 15820
[7470] 0
[7475] 0
[7479] 0
[7485] Schwarz 黑黑 has.not.been@decried.as 6
[7491] -1
[7497] -1
[7499] 0
[7509] 0
[7510] 0
[7515] 0
[7522] -1
[7523] 0
[7527] 0
[7530] Shining 闪灵 manifold.gradation@of.social 1
[7540] 0
[7544] Lappland 拉普兰德 slaves.in.the@Middle.Ages 2
[7549] -1
[7550] -1
[7551] -1
[7555] 0
[7565] -1
[7568] 0
[7573] 0
[7575] -1
[7580] -1
[7582] -1
[7587] -1
[7592] -1
[7600] -1
[7606] 3
[success] LeavesofGrass 山西省孝义市 07-07 08:08 -> 吉林省白山市 07-07 20:59 1416 2686
[success] LeavesofGrass 山西省孝义市 06-17 08:08 -> 黑龙江省大庆市 06-17 19:30 1105 7567
[success] LeavesofGrass 浙江省慈溪市 06-22 03:15 -> 山东省济南市 06-22 16:51 1249 12747
[7611] -1
[7616] -1
[7617] -1
[7625] 0
[7628] -1
[7630] Cardigan 卡缇 history.we@find.almost 4
[7638] 1
[success] LeavesofGrass 内蒙海拉尔市 06-05 23:15 -> 湖北省孝感市 06-06 21:55 2256 14417
[7640] -1
[7649] -1
[7656] 0
[7666] -1
[7668] 0
[7677] -1
[7684] Astesia 星极 have.patricians@knights.plebei 1
[7691] -1
[7697] -1
[7702] -1
[7707] -1
[7712] 0
[7719] 0
[7725] 0
[7735] 1
LeavesofGrass 广东省揭阳市 06-10 04:33 -> 山西省孝义市 06-10 07:58 308 58622
[7744] -1
[7749] -1
[7756] -1
[7759] 0
[7766] 0
[7767] -1
[7773] -1
[7778] Yato 夜刀 now.open.fight@a.fight 1
[7784] -1
[7788] -1
[7794] 0
[7802] 0
[7804] -1
[7814] -1
[7816] 0
[7826] 0
[7836] 0
[7838] 0
[7848] -1
[7851] 0
[7854] Flamebringer 炎客 should.openly@in.the 5
[7864] -1
[7869] 2
[refunded] LeavesofGrass 浙江省慈溪市 06-29 03:15 -> 湖北省孝感市 06-29 21:55 1947 10871
[success] LeavesofGrass 黑龙江省鸡西市 07-02 13:01 -> 吉林省白山市 07-02 20:59 899 8896
[7870] -1
[7878] 0
[7886] 0
[7889] -1
[7892] -1
[7897] -1
[7903] -1
[7911] 0
[7921] -1
[7930] Beagle 米格鲁 in.London.and@sketched.the 1
[7936] -1
[7945] -1
[7950] 0
[7955] -1
[7963] -1
[7972] 0
[7981] -1
[7984] -1
[7990] 1
LeavesofGrass 湖北省孝感市 06-09 22:03 -> 河南省辉县市 06-10 02:13 144 73880
[7998] Gummy 古米 All.the.Powers@of.old 9
[8006] -1
[8010] -1
[8020] -1
[8025] 0
[8030] -1
[8034] -1
[8035] -1
[8036] 0
[8045] 1
LeavesofGrass 内蒙海拉尔市 06-15 23:15 -> 黑龙江省大庆市 06-16 19:30 1803 45799
[8046] -1
[8055] 0
[8058] 0
[8062] 0
[8066] 1
LeavesofGrass 浙江省慈溪市 06-11 03:15 -> 内蒙临河市 06-12 04:56 2425 58133
[8071] -1
[8077] 0
[8086] 0
[8092] -1
[8094] -1
[8096] eBAlBJSN G
吉林省白山市 xx-xx xx:xx -> 07-10 04:20 0 15980
河南省辉县市 07-10 04:26 -> xx-xx xx:xx 84171 x
[8101] -1
[8106] hPYlCoPACHbs o
浙江省慈溪市 xx-xx xx:xx -> 08-21 11:33 0 57689
黑龙江省鸡西市 08-21 11:46 -> 08-21 11:53 175 57689
广东省揭阳市 08-21 12:04 -> 08-21 12:12 71952 57689
黑龙江省大庆市 08-21 12:27 -> 08-21 12:35 146999 57689
吉林省白山市 08-21 12:47 -> 08-21 13:01 158456 57689
河南省辉县市 08-21 13:11 -> xx-xx xx:xx 203126 x
[8112] 0
[8113] -1
[8118] -1
[8121] -1
[8130] -1
[8138] 0
[8145] 0
[8155] hPYlCoPACHbs o
浙江省慈溪市 xx-xx xx:xx -> 06-10 11:33 0 57689
黑龙江省鸡西市 06-10 11:46 -> 06-10 11:53 175 57689
广东省揭阳市 06-10 12:04 -> 06-10 12:12 71952 57689
黑龙江省大庆市 06-10 12:27 -> 06-10 12:35 146999 57689
吉林省白山市 06-10 12:47 -> 06-10 13:01 158456 57689
河南省辉县市 06-10 13:11 -> xx-xx xx:xx 203126 x
[8156] -1
[8158] -1
[8163] -1
[8173] -1
[8179] -1
[8189] -1
[8198] -1
[8205] -1
[8211] 1
LeavesofGrass 山东省济南市 06-30 16:58 -> 河南省辉县市 07-01 02:13 842 72724
[8221] 0
[8229] -1
[8232] 2
[success] LeavesofGrass 浙江省慈溪市 06-19 03:15 -> 山东省济南市 06-19 16:51 1249 4416
[success] LeavesofGrass 山西省孝义市 06-20 08:08 -> 湖北省孝感市 06-20 21:55 1558 3274
[8241] 1
LeavesofGrass 浙江省慈溪市 06-20 03:15 -> 广东省揭阳市 06-20 04:27 81 73880
[8245] -1
[8249] 0
[8255] -1
[8263] -1
[8265] 0
[8272] -1
[8273] -1
[8277] -1
[8284] 1
LeavesofGrass 广东省揭阳市 07-07 04:33 -> 内蒙临河市 07-08 04:56 2344 67194
[8285] 0
[8290] 1
[success] LeavesofGrass 黑龙江省鸡西市 07-03 13:01 -> 山东省济南市 07-03 16:51 343 3639
[8300] -1
[8301] 0
[8306] -1
[8314] 0
[8320] -1
[8324] -1
[8328] -1
[8333] -1
[8338] -1
[8344] -1
[8354] -1
[8361] -1
[8363] -1
[8364] -1
[8371] -1
[8378] -1
[8381] -1
[8382] -1
[8392] -1
[8393] -1
[8396] -1
[8404] -1
[8405] -1
[8407] -1
[8417] -1
[8419] 0
[8429] -1
[8435] -1
[8439] -1
[8440] -1
[8447] -1
[8450] -1
[8455] -1
[8458] -1
[8463] -1
[8473] -1
[8477] -1
[8482] -1
[8490] -1
[8496] -1
[8498] -1
[8501] -1
[8504] 0
[8505] 0
[8515] 0
[8525] 0
[8526] 0
[8536] 0
[8545] 0
[8547] 0
[8553] 0
[8563] 0
[8566] 0
[8569] 0
[8574] 0
[8576] 0
[8577] 0
[8581] 0
[8586] 0
[8592] 0
[8596] 0
[8601] 0
[8610] 0
[8615] 0
[8620] 0
[8622] 0
[8625] 0
[8629] 0
[8638] 0
[8642] 0
[8652] 0
[8662] 0
[8666] 0
[8673] 0
[8680] 0
[8690] 0
[8694] 0
[8700] 0
[8709] 0
[8718] 0
[8727] 0
[8734] 0
[8737] 0
[8739] 0
[8745] 0
[8749] 0
[8752] 0
[8753] 0
[8760] 0
[8767] 0
[8769] 0
[8773] 0
[8777] 0
[8787] 0
[8790] 0
[8794] 0
[8802] 0
[8807] -1
[8814] Skyfire 天火 rank.In.ancient@Rome.we 1
[8824] Gavial 嘉维尔 policespies@Where.is 4
[8834] 0
[8835] 0
[8836] 0
[8842] 0
[8852] 0
[8860] 1
LeavesofGrass 浙江省慈溪市 06-18 03:15 -> 黑龙江省鸡西市 06-18 12:58 906 63265
[8867] 9477000
[8872] 1
LeavesofGrass 黑龙江省佳木斯市 07-04 11:40 -> 黑龙江省鸡西市 07-04 12:58 114 60331
[8878] Mayer 梅尔 serf.guildmaster@and.journeyma 1
[8879] 1754775
[8889] 81789
[8891] 1
LeavesofGrass 浙江省慈溪市 06-14 03:15 -> 山西省孝义市 06-14 07:58 389 73880
[8895] 1
LeavesofGrass 浙江省慈溪市 07-05 03:15 -> 黑龙江省鸡西市 07-05 12:58 906 60547
[8904] 1
LeavesofGrass 浙江省慈溪市 06-24 03:15 -> 山西省孝义市 06-24 07:58 389 58060
[8914] Sideroca 铸铁 the.Spectre@of.Communism 1
[8918] 0
[8927] Phantom 傀影 has.simplified@the.class 3
[8928] 3947812
[8938] 2662375
[8948] 1
LeavesofGrass 黑龙江省大庆市 06-09 19:34 -> 湖北省孝感市 06-09 21:55 453 63118
[8956] 5981162
[8966] 1
LeavesofGrass 黑龙江省鸡西市 06-23 13:01 -> 河南省辉县市 06-24 02:13 1185 47619
[8974] 10282700
[8978] 1
LeavesofGrass 山西省孝义市 06-06 08:08 -> 内蒙临河市 06-07 04:56 2036 27453
[8984] Phantom 傀影 has.simplified@the.class 3
[8988] 0
[8995] 0
[9002] -1
[9009] 1
LeavesofGrass 湖北省孝感市 07-08 22:03 -> 内蒙临河市 07-09 04:56 478 73880
[9019] 0
[9024] 0
[9028] 1
LeavesofGrass 山东省济南市 06-20 16:58 -> 湖北省孝感市 06-20 21:55 698 70606
[9032] 0
[9041] 0
[9042] Fang 芬芬 this.spectre@Pope.and 4
[9047] 9269092
[9052] 43555354
[9060] 8750640
[9067] Hung 吽吽 itself.a.Power@II.It 3
[9074] 1
LeavesofGrass 黑龙江省佳木斯市 06-20 11:40 -> 湖北省孝感市 06-20 21:55 1155 70606
[9077] 1
LeavesofGrass 内蒙海拉尔市 06-25 23:15 -> 内蒙临河市 06-27 04:56 2734 56562
[9079] 10711008
[9083] 7952199
[9091] 3993220
[9094] 1
LeavesofGrass 内蒙海拉尔市 06-18 23:15 -> 广东省揭阳市 06-19 04:27 390 69464
[9100] 9230156
[9103] Mayer 梅尔 serf.guildmaster@and.journeyma 1
[9109] Sussurro 苏苏洛 new.forms.of@struggle.in 4
[9110] 2272050
[9114] 6612300
[9120] 0
[9124] 0
[9126] 1403812
[9135] 1
LeavesofGrass 内蒙海拉尔市 06-28 23:15 -> 黑龙江省鸡西市 06-29 12:58 1215 48596
[9143] 22251258
[9147] 0
[9148] 0
[9152] 18369486
[9158] 1
LeavesofGrass 黑龙江省鸡西市 06-08 13:01 -> 湖北省孝感市 06-08 21:55 1041 73880
[9159] 2187720
[9165] 1
LeavesofGrass 山西省孝义市 07-01 08:08 -> 吉林省白山市 07-01 20:59 1416 36320
[9169] 14795550
[9174] 1
LeavesofGrass 浙江省慈溪市 06-06 03:15 -> 山西省孝义市 06-06 07:58 389 14488
[9183] 1
LeavesofGrass 广东省揭阳市 07-04 04:33 -> 黑龙江省鸡西市 07-04 12:58 825 60331
[9184] 1
LeavesofGrass 黑龙江省大庆市 06-04 19:34 -> 湖北省孝感市 06-04 21:55 453 56043
[9191] Orchid 梓兰 Our.epoch.the@epoch.of 1
[9192] Gavial 嘉维尔 policespies@Where.is 4
[9198] 5142900
[9202] 1
LeavesofGrass 浙江省慈溪市 06-19 03:15 -> 内蒙临河市 06-20 04:56 2425 35727
[9208] 6739075
[9218] 1
LeavesofGrass 河南省辉县市 07-09 02:21 -> 内蒙临河市 07-09 04:56 334 73880
[9221] -1
[9227] 1246476
[9231] 1
LeavesofGrass 浙江省慈溪市 06-11 03:15 -> 吉林省白山市 06-11 20:59 1805 53793
[9239] 0
[9248] 449136
[9249] 1
LeavesofGrass 内蒙海拉尔市 06-15 23:15 -> 黑龙江省大庆市 06-16 19:30 1803 45799
[9259] 1
LeavesofGrass 广东省揭阳市 06-23 04:33 -> 黑龙江省大庆市 06-23 19:30 1413 47619
[9267] -1
[9268] 1
LeavesofGrass 内蒙海拉尔市 06-15 23:15 -> 浙江省慈溪市 06-16 03:08 309 53918
[9273] 1
LeavesofGrass 内蒙海拉尔市 06-05 23:15 -> 黑龙江省鸡西市 06-06 12:58 1215 14488
[9274] 1
LeavesofGrass 黑龙江省大庆市 06-06 19:34 -> 吉林省白山市 06-06 20:59 311 35223
[9279] 1
LeavesofGrass 内蒙海拉尔市 06-17 23:15 -> 河南省辉县市 06-19 02:13 2400 55716
[9289] Frostleaf 霜叶 in.a.revolutionary@reconstitut 1
[9290] 5546448
[9297] 1
LeavesofGrass 浙江省慈溪市 07-09 03:15 -> 山东省济南市 07-09 16:51 1249 55326
[9305] 8914876
[9307] 0
[9313] 0
[9321] 5201118
[9323] 1
LeavesofGrass 山西省孝义市 06-06 08:08 -> 黑龙江省鸡西市 06-06 12:58 517 27453
[9327] 21366735
[9329] 1
LeavesofGrass 内蒙海拉尔市 06-27 23:15 -> 黑龙江省鸡西市 06-28 12:58 1215 40039
[9335] 0
[9345] 0
[9349] 0
[9351] 1
LeavesofGrass 广东省揭阳市 06-26 04:33 -> 吉林省白山市 06-26 20:59 1724 36137
[9354] 0
[9358] 0
[9362] 1
LeavesofGrass 内蒙海拉尔市 06-18 23:15 -> 广东省揭阳市 06-19 04:27 390 69464
[9369] 1
LeavesofGrass 浙江省慈溪市 06-26 03:15 -> 湖北省孝感市 06-26 21:55 1947 36137
[9375] 0
[9378] 0
[9386] -1
[9388] 1
LeavesofGrass 广东省揭阳市 07-02 04:33 -> 山东省济南市 07-02 16:51 1168 40277
[9393] 36006400
[9400] 5946885
[9405] Earthspirit 地灵 I.Communism@is.already 2
[9412] 1860342
[9422] 0
[9427] 0
[9434] 0
[9444] 1
LeavesofGrass 黑龙江省鸡西市 06-09 13:01 -> 吉林省白山市 06-09 20:59 899 58270
[9449] 4466786
[9458] Bibeak 柏喙 more.splitting@up.into 1
[9465] 1
LeavesofGrass 内蒙海拉尔市 06-12 23:15 -> 山东省济南市 06-13 16:51 1558 68434
[9473] 1
LeavesofGrass 山东省济南市 06-07 16:58 -> 吉林省白山市 06-07 20:59 556 61148
[9477] 0
[9484] 0
[9487] Frostleaf 霜叶 in.a.revolutionary@reconstitut 1
[9496] 0
[9499] Sussurro 苏苏 elements.of@the.bourgeoisie 4
[9507] Shining 闪灵 manifold.gradation@of.social 1
[9514] 0
[9517] 0
[9524] 20066790
[9530] 22027004
[9539] 0
[9540] 0
[9550] 22698000
[9556] 6895803
[9563] 24325054
[9573] 1
LeavesofGrass 山东省济南市 06-23 16:58 -> 吉林省白山市 06-23 20:59 556 47619
[9576] 2545918
[9585] 10783743
[9589] 14715632
[9597] 0
[9604] 6546756
[9610] 1
LeavesofGrass 吉林省白山市 06-22 21:05 -> 湖北省孝感市 06-22 21:55 142 50964
[9616] 0
[9624] 1
LeavesofGrass 黑龙江省佳木斯市 06-11 11:40 -> 湖北省孝感市 06-11 21:55 1155 53793
[9626] 1
LeavesofGrass 浙江省慈溪市 06-14 03:15 -> 广东省揭阳市 06-14 04:27 81 73880
[9633] 1684124
[9642] 1
LeavesofGrass 内蒙海拉尔市 06-19 23:15 -> 内蒙临河市 06-21 04:56 2734 65278
[9651] 0
[9661] 0
[9667] 2936583
[9676] -1
[9678] Durnar 坚雷 an.uninterrupted@now.hidden 4
[9685] 12899824
[9691] 1
LeavesofGrass 内蒙海拉尔市 06-07 23:15 -> 河南省辉县市 06-09 02:13 2400 73219
[9695] 1
LeavesofGrass 山西省孝义市 06-29 08:08 -> 河南省辉县市 06-30 02:13 1702 48596
[9705] 1
LeavesofGrass 黑龙江省鸡西市 06-13 13:01 -> 黑龙江省大庆市 06-13 19:30 588 68434
[9706] Bibeak 柏喙 more.splitting@up.into 1
[9716] 3
[success] LeavesofGrass 浙江省慈溪市 06-09 03:15 -> 吉林省白山市 06-09 20:59 1805 4848
[success] LeavesofGrass 黑龙江省鸡西市 06-24 13:01 -> 内蒙临河市 06-25 04:56 1519 9226
[success] LeavesofGrass 黑龙江省大庆市 06-26 19:34 -> 内蒙临河市 06-27 04:56 931 1423
[9718] 1
LeavesofGrass 黑龙江省佳木斯市 06-07 11:40 -> 河南省辉县市 06-08 02:13 1299 53512
[9724] Leizi 惊蛰 antagonisms@It.has 1
[9733] 1
INSCRIPTIONS 辽宁省庄河市 07-23 22:42 -> 山东省平度市 07-25 01:49 767 87288
[9735] 614048
[9741] 6089712
[9750] 16251781
[9755] 770592
[9757] 1
INSCRIPTIONS 广西桂平市 07-10 07:35 -> 安徽省淮北市 07-10 15:48 199 87288
[9761] 1
LeavesofGrass 河南省辉县市 06-22 02:21 -> 内蒙临河市 06-22 04:56 334 70607
[9768] 1
INSCRIPTIONS 辽宁省庄河市 07-22 22:42 -> 山东省平度市 07-24 01:49 767 87288
[9776] -1
[9782] 1
LeavesofGrass 黑龙江省鸡西市 06-15 13:01 -> 河南省辉县市 06-16 02:13 1185 64554
[9791] 6202599
[9800] 1
LeavesofGrass 浙江省慈溪市 06-22 03:15 -> 吉林省白山市 06-22 20:59 1805 41476
[9810] 1
INSCRIPTIONS 辽宁省庄河市 07-12 22:42 -> 安徽省淮北市 07-13 15:48 596 87288
[9818] 1
INSCRIPTIONS 辽宁省庄河市 08-14 22:42 -> 天津市 08-16 06:58 1238 74119
[9826] 5685960
[9827] 25562106
[9836] 7205550
[9846] 1
LeavesofGrass 广东省揭阳市 06-27 04:33 -> 黑龙江省大庆市 06-27 19:30 1413 41773
[9853] 2146370
[9862] 0
[9871] 0
[9880] 4166912
[9882] 1
INSCRIPTIONS 广西桂平市 07-26 07:35 -> 天津市 07-27 06:58 841 87288
[9891] Eyjafjalla 艾雅法拉 nationalities@have.assembled 2
[9893] 0
[9903] 31889868
[9910] 24583182
[9919] Astesia 星极 have.patricians@knights.plebei 1
[9925] 1
INSCRIPTIONS 山东省平度市 07-30 01:53 -> 天津市 07-30 06:58 471 87288
[9930] 13350502
[9932] 918314
[9934] 1
INSCRIPTIONS 辽宁省庄河市 08-16 22:42 -> 广西桂平市 08-17 07:25 397 87288
[9943] 1
INSCRIPTIONS 安徽省淮北市 08-08 15:57 -> 天津市 08-09 06:58 642 87288
[9952] 1
[success] LeavesofGrass 浙江省慈溪市 06-09 03:15 -> 吉林省白山市 06-09 20:59 1805 1475
[9957] 13562390
[9965] 4759040
[9967] -1
[9975] 2868008
[9980] 12268016
[9988] 0
[9989] 0
[9990] Frostleaf 霜叶 in.a.revolutionary@reconstitut 1
[9999] Lappland 拉普兰德 slaves.in.the@Middle.Ages 2
[10000] 6572860
[10007] Durin 杜林 BOURGEOIS.AND@PROLETARIANS.The 1
[10009] 1
LeavesofGrass 内蒙海拉尔市 06-16 23:15 -> 黑龙江省鸡西市 06-17 12:58 1215 66313
[10016] 1
LeavesofGrass 黑龙江省鸡西市 06-25 13:01 -> 河南省辉县市 06-26 02:13 1185 22341
[10024] 1
LeavesofGrass 吉林省白山市 07-07 21:05 -> 湖北省孝感市 07-07 21:55 142 57240
[10032] 1
INSCRIPTIONS 安徽省淮北市 08-18 15:57 -> 天津市 08-19 06:58 642 87288
[10039] Hoshiguma 星熊 of.the.Cape@opened.up 1
[10048] 2185894
[10049] 1
INSCRIPTIONS 山东省平度市 07-16 01:53 -> 天津市 07-16 06:58 471 87288
[10053] Chen 陈陈 following.Manifesto@to.be 2
[10061] 0
[10063] 0
[10069] 1
LeavesofGrass 广东省揭阳市 07-08 04:33 -> 吉林省白山市 07-08 20:59 1724 49103
[10075] 6622668
[10082] Vermeil 红云 stood.in.constant@opposition.t 2
[10087] Cardigan 卡缇 history.we@find.almost 4
[10091] 6179719
[10096] 1
INSCRIPTIONS 辽宁省庄河市 07-16 22:42 -> 天津市 07-18 06:58 1238 87288
[10104] Ceobe 刻俄 and.Chinese@markets.the 1
[10108] 0
[10114] 1
INSCRIPTIONS 辽宁省庄河市 08-07 22:42 -> 广西桂平市 08-08 07:25 397 87288
[10120] 0
[10124] 0
[10131] Hibiscus 芙蓉 in.the.common@ruin.of 2
[10134] 1
INSCRIPTIONS 安徽省淮北市 07-27 15:57 -> 山东省平度市 07-28 01:49 171 87288
[10137] 2042940
[10141] 12729368
[10149] 1
LeavesofGrass 浙江省慈溪市 06-07 03:15 -> 黑龙江省大庆市 06-07 19:30 1494 53512
[10156] Leizi 惊蛰 antagonisms@It.has 1
[10164] 1
INSCRIPTIONS 安徽省淮北市 07-31 15:57 -> 山东省平度市 08-01 01:49 171 87288
[10173] Eyjafjalla 艾雅法拉 nationalities@have.assembled 2
[10178] 1
LeavesofGrass 浙江省慈溪市 06-19 03:15 -> 内蒙临河市 06-20 04:56 2425 35727
[10188] 1
INSCRIPTIONS 广西桂平市 08-09 07:35 -> 安徽省淮北市 08-09 15:48 199 87288
[10198] 1
LeavesofGrass 黑龙江省佳木斯市 06-16 11:40 -> 河南省辉县市 06-17 02:13 1299 45799
[10208] 1
INSCRIPTIONS 广西桂平市 08-01 07:35 -> 天津市 08-02 06:58 841 87288
[10215] 1
INSCRIPTIONS 安徽省淮北市 08-03 15:57 -> 山东省平度市 08-04 01:49 171 87288
[10222] -1
[10229] 1
LeavesofGrass 黑龙江省佳木斯市 06-19 11:40 -> 吉林省白山市 06-19 20:59 1013 35727
[10233] 0
[10240] Skyfire 天火 rank.In.ancient@Rome.we 1
[10245] 1
LeavesofGrass 浙江省慈溪市 06-04 03:15 -> 吉林省白山市 06-04 20:59 1805 19604
[10251] 1
[success] INSCRIPTIONS 辽宁省庄河市 07-27 22:42 -> 安徽省淮北市 07-28 15:48 596 21644
[10259] 12776670
[10268] 1
LeavesofGrass 湖北省孝感市 06-14 22:03 -> 内蒙临河市 06-15 04:56 478 68161
[10269] 6982602
[10273] 0
[10278] 0
[10285] 1
INSCRIPTIONS 广西桂平市 08-16 07:35 -> 天津市 08-17 06:58 841 87288
[10294] 0
[10302] 0
[10304] Weedy 温蒂 trade.with@the.colonies 2
[10309] 6906120
[10315] 1
INSCRIPTIONS 辽宁省庄河市 07-16 22:42 -> 安徽省淮北市 07-17 15:48 596 87288
[10321] 5988655
[10325] 1
INSCRIPTIONS 山东省平度市 07-31 01:53 -> 天津市 07-31 06:58 471 87288
[10331] 1
LeavesofGrass 内蒙海拉尔市 06-03 23:15 -> 河南省辉县市 06-05 02:13 2400 14657
[10332] 20162078
[10335] 1
INSCRIPTIONS 广西桂平市 08-09 07:35 -> 安徽省淮北市 08-09 15:48 199 87288
[10344] 1
LeavesofGrass 浙江省慈溪市 06-30 03:15 -> 山东省济南市 06-30 16:51 1249 62796
[10345] 21824544
[10347] Siege 推进之王 Proletariat@From.the 1
[10357] 0
[10359] Aak 阿阿 the.bourgeoisie@possesses.howe 3
[10361] -1
[10368] 2959497
[10372] 1
INSCRIPTIONS 广西桂平市 07-19 07:35 -> 安徽省淮北市 07-19 15:48 199 87288
[10381] 880800
[10387] 4016628
[10390] 1
LeavesofGrass 浙江省慈溪市 06-09 03:15 -> 湖北省孝感市 06-09 21:55 1947 47571
[10391] 1
INSCRIPTIONS 辽宁省庄河市 07-09 22:42 -> 山东省平度市 07-11 01:49 767 87288
[10401] 0
[10403] -1
[10407] 2232979
[10409] -1
[10415] 1
INSCRIPTIONS 安徽省淮北市 08-09 15:57 -> 山东省平度市 08-10 01:49 171 87288
[10420] 0
[10429] 0
[10436] -1
[10437] NoirCorne 黑角 everywhere@a.complicated 3
[10439] 0
[10448] 0
[10452] 0
[10461] -1
[10467] 1
INSCRIPTIONS 安徽省淮北市 08-11 15:57 -> 山东省平度市 08-12 01:49 171 87288
[10474] 1
LeavesofGrass 山东省济南市 06-10 16:58 -> 内蒙临河市 06-11 04:56 1176 41942
[10479] 1
LeavesofGrass 黑龙江省大庆市 06-29 19:34 -> 河南省辉县市 06-30 02:13 597 59440
[10484] Indra 因陀罗 well.as.against@its.reactionar 4
[10488] Courier 讯使 means.of.exchange@and.in 2
[10492] Provence 普罗旺斯 that.each.time@ended.either 1
[10501] Bison 拜松 commodities@generally.gave 1
[10503] 1
LeavesofGrass 黑龙江省鸡西市 06-04 13:01 -> 河南省辉县市 06-05 02:13 1185 14657
[10505] 4090688
[10512] 1
LeavesofGrass 黑龙江省大庆市 06-15 19:34 -> 湖北省孝感市 06-15 21:55 453 64554
[10520] 3851700
[10527] 0
[10537] 1
LeavesofGrass 广东省揭阳市 06-28 04:33 -> 吉林省白山市 06-28 20:59 1724 37172
[10542] 6187237
[10549] 8588292
[10558] Matterhorn 角峰 ruins.of.feudal@society.has 2
[10566] Zima 凛冬 sprang.the@chartered.burghers 2
[10571] 1
INSCRIPTIONS 辽宁省庄河市 07-11 22:42 -> 山东省平度市 07-13 01:49 767 79931
[10575] -1
[10576] 1
INSCRIPTIONS 安徽省淮北市 07-19 15:57 -> 山东省平度市 07-20 01:49 171 87288
[10584] 3022254
[10588] 1607248
[10589] 1
INSCRIPTIONS 广西桂平市 07-31 07:35 -> 安徽省淮北市 07-31 15:48 199 87288
[10598] Bagpipe 风笛 antagonisms@Society.as 2
[10607] Hung 吽吽 itself.a.Power@II.It 3
[10617] 1
LeavesofGrass 黑龙江省大庆市 06-05 19:34 -> 内蒙临河市 06-06 04:56 931 57210
[10623] 671426
[10633] 1
INSCRIPTIONS 广西桂平市 07-13 07:35 -> 安徽省淮北市 07-13 15:48 199 76878
[10643] 3364520
[10650] -1
[10660] 1
INSCRIPTIONS 辽宁省庄河市 08-12 22:42 -> 安徽省淮北市 08-13 15:48 596 87288
[10670] 1
INSCRIPTIONS 安徽省淮北市 07-29 15:57 -> 天津市 07-30 06:58 642 87288
[10677] 0
[10687] 0
[10693] FEater 食铁兽 Communistic@by.its 4
[10696] 1
[success] LeavesofGrass 山西省孝义市 07-06 08:08 -> 黑龙江省佳木斯市 07-06 11:34 403 12906
[10705] 1
LeavesofGrass 湖北省孝感市 06-18 22:03 -> 内蒙临河市 06-19 04:56 478 73743
[10707] 4976130
[10713] 1
INSCRIPTIONS 安徽省淮北市 07-12 15:57 -> 山东省平度市 07-13 01:49 171 79931
[10722] -1
[10730] 8104492
[10737] 1
LeavesofGrass 广东省揭阳市 06-22 04:33 -> 湖北省孝感市 06-22 21:55 1866 41476
[10740] 1
INSCRIPTIONS 安徽省淮北市 08-09 15:57 -> 天津市 08-10 06:58 642 87288
[10741] 5417560
[10750] 1
LeavesofGrass 内蒙海拉尔市 06-07 23:15 -> 吉林省白山市 06-08 20:59 2114 60278
[10751] 1
LeavesofGrass 山东省济南市 06-06 16:58 -> 河南省辉县市 06-07 02:13 842 35223
[10753] 1
INSCRIPTIONS 广西桂平市 07-13 07:35 -> 安徽省淮北市 07-13 15:48 199 76878
[10759] 28625674
[10761] 3242705
[10763] 1
LeavesofGrass 浙江省慈溪市 07-08 03:15 -> 湖北省孝感市 07-08 21:55 1947 44895
[10771] 1130944
[10774] 10932159
[10776] 1
[success] INSCRIPTIONS 辽宁省庄河市 08-06 22:42 -> 山东省平度市 08-08 01:49 767 8057
[10782] 8554288
[10786] 8850612
[10793] 2
[success] LeavesofGrass 吉林省白山市 06-25 21:05 -> 内蒙临河市 06-26 04:56 620 16585
[success] LeavesofGrass 黑龙江省佳木斯市 06-08 11:40 -> 黑龙江省鸡西市 06-08 12:58 114 661
[10801] 1
INSCRIPTIONS 山东省平度市 07-12 01:53 -> 天津市 07-12 06:58 471 87288
[10805] 0
[10810] 0
[10817] 7839162
[10827] Specter 幽灵鲨 French.Radicals@and.German 3
[10836] 1
LeavesofGrass 山西省孝义市 07-02 08:08 -> 黑龙江省佳木斯市 07-02 11:34 403 49173
[10841] -1
[10845] 0
[10850] -1
[10854] 13224750
[10864] 1
LeavesofGrass 黑龙江省佳木斯市 06-06 11:40 -> 河南省辉县市 06-07 02:13 1299 27453
[10874] Silence 赫默 rising.bourgeoisie@The.EastInd 1
[10879] Aak 阿阿 the.bourgeoisie@possesses.howe 3
[10888] 1329718
[10890] Gavial 嘉维尔 policespies@Where.is 4
[10900] -1
[10906] WaaiFu 槐琥 fresh.ground@for.the 3
[10908] 1
LeavesofGrass 山西省孝义市 06-18 08:08 -> 湖北省孝感市 06-18 21:55 1558 46042
[10913] 2624292
[10921] 0
[10925] 1520479
[10928] 1
LeavesofGrass 黑龙江省佳木斯市 06-06 11:40 -> 山东省济南市 06-06 16:51 457 27453
[10935] -1
[10940] 1
INSCRIPTIONS 辽宁省庄河市 08-01 22:42 -> 安徽省淮北市 08-02 15:48 596 87288
[10946] 8725080
[10954] ProjeKTRed 红红 to.industry@an.impulse 2
[10960] 1
LeavesofGrass 浙江省慈溪市 06-22 03:15 -> 内蒙临河市 06-23 04:56 2425 35166
[10961] 23134506
[10964] 1
LeavesofGrass 山西省孝义市 06-13 08:08 -> 河南省辉县市 06-14 02:13 1702 43317
[10979] 0
[10980] -1
[10981] -1
[10982] -1
[10984] 0
[10992] 0
[11002] 0
[11003] -1
[11010] 0
[11020] 0
[11030] 0
[11034] -1
[11035] 0
[11042] -1
[11044] -1
[11051] Vigna 红豆 face.of.the@whole.world 2
[11055] -1
[11058] -1
[11060] 0
[11068] -1
[11072] 0
[11073] -1
[11076] 0
[11078] -1
[11083] -1
[11085] 0
[11095] -1
[11104] -1
[11111] 0
[11118] 0
[11121] -1
[11125] -1
[11132] -1
[11140] 0
[11150] -1
[11155] -1
[11165] -1
[11167] 0
[11174] 0
[11184] 0
[11193] -1
[11201] -1
[11205] -1
[11209] -1
[11212] 0
[11218] -1
[11226] Cardigan 卡缇 history.we@find.almost 4
[11227] -1
[11230] -1
[11237] 0
[11247] -1
[11257] -1
[11259] -1
[11269] -1
[11274] -1
[11280] -1
[11284] -1
[11291] -1
[11297] -1
[11300] 0
[11307] 2
[success] LeavesofGrass 山西省孝义市 06-08 08:08 -> 湖北省孝感市 06-08 21:55 1558 12941
[success] INSCRIPTIONS 山东省平度市 08-16 01:53 -> 天津市 08-16 06:58 471 13169
[11311] -1
[11313] Cliffheart 崖心 opponents.in@power.Where 3
[11321] 0
[11329] -1
[11332] 0
[11342] 0
[11343] -1
[11350] -1
[11356] -1
[11357] 0
[11365] -1
[11372] 0
[11376] -1
[11383] -1
[11386] -1
[11391] -1
[11395] NoirCorne 黑角 everywhere@a.complicated 3
[11404] -1
[11413] -1
[11422] 0
[11429] -1
[11438] LeavesofGrass V
内蒙海拉尔市 xx-xx xx:xx -> 06-19 23:15 0 73880
浙江省慈溪市 06-20 03:08 -> 06-20 03:15 309 73880
广东省揭阳市 06-20 04:27 -> 06-20 04:33 390 73880
山西省孝义市 06-20 07:58 -> 06-20 08:08 698 70606
黑龙江省佳木斯市 06-20 11:34 -> 06-20 11:40 1101 70606
黑龙江省鸡西市 06-20 12:58 -> 06-20 13:01 1215 65278
山东省济南市 06-20 16:51 -> 06-20 16:58 1558 65278
黑龙江省大庆市 06-20 19:30 -> 06-20 19:34 1803 60389
吉林省白山市 06-20 20:59 -> 06-20 21:05 2114 65278
湖北省孝感市 06-20 21:55 -> 06-20 22:03 2256 73880
河南省辉县市 06-21 02:13 -> 06-21 02:21 2400 73880
内蒙临河市 06-21 04:56 -> xx-xx xx:xx 2734 x
[11448] 0
[11457] 0
[11464] -1
[11467] -1
[11471] Hoshiguma 星熊 of.the.Cape@opened.up 1
[11472] -1
[11477] 0
[11484] -1
[11486] 0
[11494] LeavesofGrass V
内蒙海拉尔市 xx-xx xx:xx -> 06-17 23:15 0 53591
浙江省慈溪市 06-18 03:08 -> 06-18 03:15 309 53591
广东省揭阳市 06-18 04:27 -> 06-18 04:33 390 53591
山西省孝义市 06-18 07:58 -> 06-18 08:08 698 53591
黑龙江省佳木斯市 06-18 11:34 -> 06-18 11:40 1101 53591
黑龙江省鸡西市 06-18 12:58 -> 06-18 13:01 1215 46179
山东省济南市 06-18 16:51 -> 06-18 16:58 1558 46179
黑龙江省大庆市 06-18 19:30 -> 06-18 19:34 1803 46042
吉林省白山市 06-18 20:59 -> 06-18 21:05 2114 64069
湖北省孝感市 06-18 21:55 -> 06-18 22:03 2256 73743
河南省辉县市 06-19 02:13 -> 06-19 02:21 2400 73880
内蒙临河市 06-19 04:56 -> xx-xx xx:xx 2734 x
[11501] 0
[11505] 0
[11507] 0
[11517] 0
[11525] 0
[11532] 0
[11540] 0
[11545] 0
[11550] -1
[11553] 0
[11559] 0
[11565] -1
[11570] 0
[11572] -1
[11581] -1
[11591] -1
[11592] -1
[11594] LeavesofGrass V
内蒙海拉尔市 xx-xx xx:xx -> 07-01 23:15 0 63002
浙江省慈溪市 07-02 03:08 -> 07-02 03:15 309 63002
广东省揭阳市 07-02 04:27 -> 07-02 04:33 390 49173
山西省孝义市 07-02 07:58 -> 07-02 08:08 698 49173
黑龙江省佳木斯市 07-02 11:34 -> 07-02 11:40 1101 49173
黑龙江省鸡西市 07-02 12:58 -> 07-02 13:01 1215 40277
山东省济南市 07-02 16:51 -> 07-02 16:58 1558 51155
黑龙江省大庆市 07-02 19:30 -> 07-02 19:34 1803 51155
吉林省白山市 07-02 20:59 -> 07-02 21:05 2114 60051
湖北省孝感市 07-02 21:55 -> 07-02 22:03 2256 60051
河南省辉县市 07-03 02:13 -> 07-03 02:21 2400 70320
内蒙临河市 07-03 04:56 -> xx-xx xx:xx 2734 x
[11599] -1
[11602] -1
[11608] -1
[11616] -1
[11617] 0
[11622] 0
[11630] 0
[11638] 0
[11639] 0
[11648] 0
[11654] 0
[11659] 0
[11664] 0
[11667] 0
[11674] 0
[11676] 0
[11684] 0
[11694] 0
[11703] 0
[11711] 0
[11716] 0
[11721] 0
[11725] 0
[11726] 0
[11733] 0
[11737] 0
[11747] 0
[11756] 0
[11761] 0
[11769] 0
[11773] 0
[11777] 0
[11783] 0
[11790] 0
[11792] 0
[11801] 0
[11806] 0
[11812] 0
[11817] 0
[11820] 0
[11827] 0
[11836] 0
[11840] 0
[11844] 0
[11852] 0
[11857] 0
[11863] 0
[11867] 0
[11873] 0
[11883] 0
[11885] 0
[11890] 0
[11900] 0
[11904] 0
[11913] 0
[11918] 0
[11925] 0
[11929] 0
[11932] 0
[11941] 0
[11946] 0
[11947] 0
[11957] 0
[11962] 0
[11967] 0
[11970] 0
[11973] 0
[11975] 0
[11985] 0
[11988] 0
[11994] 0
[11995] 0
[12003] 0
[12010] 0
[12014] 0
[12020] 0
[12026] -1
[12031] -1
[12036] -1
[12043] Nearl 临光 new.conditions@of.oppression 1
[12050] 0
[12057] Chen 陈陈 following.Manifesto@to.be 2
[12064] -1
[12072] 0
[12076] 0
[12083] 0
[12090] 0
[12095] 0
[12102] 0
[12110] 0
[12111] 0
[12118] 0
[12126] 0
[12133] 0
[12134] 0
[12139] 0
[12145] 0
[12147] 0
[12151] 0
[12160] 0
[12164] 0
[12167] 0
[12168] 0
[12177] 0
[12181] 0
[12187] 0
[12196] 0
[12206] 0
[12215] 0
[12223] 0
[12232] 0
[12240] 0
[12250] 0
[12252] 0
[12254] 0
[12264] 0
[12273] 0
[12283] 0
[12289] 0
[12296] 0
[12306] 0
[12314] 0
[12321] 0
[12324] 0
[12327] 0
[12332] 0
[12333] 0
[12334] 0
[12339] 0
[12340] 0
[12343] 0
[12347] 0
[12349] 0
[12352] 0
[12361] 0
[12370] 0
[12378] 0
[12385] 0
[12392] 0
[12400] 0
[12407] 0
[12410] 0
[12411] 0
[12412] 0
[12421] 0
[12423] 0
[12428] 0
[12431] 0
[12435] 0
[12445] 0
[12455] 0
[12458] 0
[12459] 0
[12461] 0
[12469] 0
[12475] 0
[12478] -1
[12487] 1219520
[12491] 0
[12498] 1
INSCRIPTIONS 安徽省淮北市 08-19 15:57 -> 山东省平度市 08-20 01:49 171 77076
[12507] 1
LeavesofGrass 山东省济南市 06-07 16:58 -> 内蒙临河市 06-08 04:56 1176 43252
[12510] 1
LeavesofGrass 广东省揭阳市 06-23 04:33 -> 内蒙临河市 06-24 04:56 2344 47619
[12516] 1
LeavesofGrass 内蒙海拉尔市 07-05 23:15 -> 广东省揭阳市 07-06 04:27 390 72010
[12520] Bagpipe 风笛 antagonisms@Society.as 2
[12521] 0
[12522] 0
[12532] 1878870
[12540] Bagpipe 风笛 antagonisms@Society.as 2
[12547] 2676718
[12552] 17403654
[12553] 1
LeavesofGrass 浙江省慈溪市 06-22 03:15 -> 山西省孝义市 06-22 07:58 389 50784
[12560] Indra 因陀罗 well.as.against@its.reactionar 4
[12567] 1
INSCRIPTIONS 辽宁省庄河市 08-06 22:42 -> 天津市 08-08 06:58 1238 61557
[12571] Ceobe 刻俄 and.Chinese@markets.the 1
[12573] 1
LeavesofGrass 浙江省慈溪市 06-10 03:15 -> 黑龙江省大庆市 06-10 19:30 1494 53279
[12575] Hoshiguma 星熊 of.the.Cape@opened.up 1
[12584] 19910754
[12587] 4609111
[12594] 1
LeavesofGrass 山西省孝义市 06-12 08:08 -> 河南省辉县市 06-13 02:13 1702 45735
[12597] Earthspirit 地灵 I.Communism@is.already 2
[12603] 1
LeavesofGrass 浙江省慈溪市 07-05 03:15 -> 山东省济南市 07-05 16:51 1249 34948
[12609] Sideroca 铸铁 the.Spectre@of.Communism 1
[12619] 2663154
[12624] 1
INSCRIPTIONS 辽宁省庄河市 07-09 22:42 -> 天津市 07-11 06:58 1238 87288
[12629] 1
INSCRIPTIONS 安徽省淮北市 08-15 15:57 -> 山东省平度市 08-16 01:49 171 87288
[12632] 8687250
[12641] 1
LeavesofGrass 山西省孝义市 07-02 08:08 -> 内蒙临河市 07-03 04:56 2036 40277
[12651] 1
LeavesofGrass 山东省济南市 06-05 16:58 -> 内蒙临河市 06-06 04:56 1176 57210
[12653] 1
LeavesofGrass 黑龙江省大庆市 06-10 19:34 -> 河南省辉县市 06-11 02:13 597 41942
[12660] Silence 赫默 rising.bourgeoisie@The.EastInd 1
[12661] 7550128
[12664] Durnar 坚雷 an.uninterrupted@now.hidden 4
[12673] 2
[success] LeavesofGrass 浙江省慈溪市 06-29 03:15 -> 湖北省孝感市 06-29 21:55 1947 10871
[success] LeavesofGrass 黑龙江省鸡西市 07-02 13:01 -> 吉林省白山市 07-02 20:59 899 8896
[12683] 1
LeavesofGrass 内蒙海拉尔市 06-16 23:15 -> 广东省揭阳市 06-17 04:27 390 73880
[12691] 3252655
[12699] -1
[12702] 0
[12703] 0
[12712] 13387732
[12722] 25060018
[12731] 1
INSCRIPTIONS 辽宁省庄河市 07-10 22:42 -> 天津市 07-12 06:58 1238 76984
[12733] 2674080
[12742] 1
LeavesofGrass 广东省揭阳市 06-04 04:33 -> 内蒙临河市 06-05 04:56 2344 14657
[12747] 6134722
[12752] 1
LeavesofGrass 广东省揭阳市 06-14 04:33 -> 山西省孝义市 06-14 07:58 308 73880
[12757] 0
[12758] -1
[12766] 0
[12769] Savage 暴行 not.hurled@back.the 4
[12774] 1
INSCRIPTIONS 安徽省淮北市 07-14 15:57 -> 天津市 07-15 06:58 642 85128
[12781] 11380412
[12786] 7725600
[12790] 6444900
[12795] 0
[12801] Sussurro 苏苏 system.of.industry@under.which 4
[12806] 3639492
[12816] Weedy 温蒂 trade.with@the.colonies 2
[12817] 9667032
[12824] 1
INSCRIPTIONS 广西桂平市 08-13 07:35 -> 山东省平度市 08-14 01:49 370 87288
[12830] 1
INSCRIPTIONS 安徽省淮北市 07-19 15:57 -> 山东省平度市 07-20 01:49 171 87288
[12834] 1
LeavesofGrass 山西省孝义市 06-14 08:08 -> 山东省济南市 06-14 16:51 860 63151
[12841] 12232440
[12848] 1
INSCRIPTIONS 辽宁省庄河市 07-31 22:42 -> 广西桂平市 08-01 07:25 397 87288
[12853] 5462680
[12863] 1
INSCRIPTIONS 广西桂平市 07-23 07:35 -> 安徽省淮北市 07-23 15:48 199 87288
[12870] 1
INSCRIPTIONS 广西桂平市 08-14 07:35 -> 安徽省淮北市 08-14 15:48 199 87288
[12871] 768538
[12875] 2691412
[12876] Sideroca 铸铁 the.Spectre@of.Communism 1
[12879] 6647928
[12882] Plume 翎羽 with.a.Manifesto@of.the 1
[12888] 866799
[12890] Indra 因陀罗 well.as.against@its.reactionar 4
[12893] 473860
[12902] 1
LeavesofGrass 湖北省孝感市 06-30 22:03 -> 内蒙临河市 07-01 04:56 478 62796
[12904] Matterhorn 角峰 ruins.of.feudal@society.has 2
[12906] 1
LeavesofGrass 内蒙海拉尔市 06-17 23:15 -> 吉林省白山市 06-18 20:59 2114 46042
[12907] 0
[12916] 1
LeavesofGrass 山西省孝义市 06-25 08:08 -> 黑龙江省佳木斯市 06-25 11:34 403 57949
[12917] BluePoison 蓝毒 of.America@the.rounding 2
[12926] 1
INSCRIPTIONS 辽宁省庄河市 07-16 22:42 -> 广西桂平市 07-17 07:25 397 87288
[12936] 112180
[12945] -1
[12954] 4082925
[12961] 1
LeavesofGrass 浙江省慈溪市 06-13 03:15 -> 黑龙江省佳木斯市 06-13 11:34 792 66570
[12962] -1
[12968] 1
INSCRIPTIONS 辽宁省庄河市 08-07 22:42 -> 天津市 08-09 06:58 1238 73839
[12977] Ambriel 安比尔 two.great.classes@directly.fac 1
[12985] 1
LeavesofGrass 浙江省慈溪市 07-09 03:15 -> 内蒙临河市 07-10 04:56 2425 40478
[12986] FEater 食铁兽 Communistic@by.its 4
[12987] 25474432
[12997] 1
INSCRIPTIONS 山东省平度市 07-14 01:53 -> 天津市 07-14 06:58 471 87288
[13005] 2521726
[13013] Ptilopsis 白面鸮 colonisation@of.America 2
[13020] 5236152
[13023] 15120525
[13026] 0
[13035] 1
LeavesofGrass 黑龙江省大庆市 07-02 19:34 -> 内蒙临河市 07-03 04:56 931 51155
[13045] 1
LeavesofGrass 黑龙江省佳木斯市 06-24 11:40 -> 吉林省白山市 06-24 20:59 1013 48834
[13054] 1
INSCRIPTIONS 安徽省淮北市 08-01 15:57 -> 天津市 08-02 06:58 642 87288
[13059] 0
[13068] 3119242
[13072] 1
LeavesofGrass 黑龙江省鸡西市 06-10 13:01 -> 山东省济南市 06-10 16:51 343 53279
[13077] 28548030
[13082] 0
[13090] 0
[13097] 0
[13098] 0
[13108] 1
LeavesofGrass 浙江省慈溪市 06-16 03:15 -> 吉林省白山市 06-16 20:59 1805 18899
[13116] 916804
[13120] 10010163
[13125] 1594404
[13130] 1
LeavesofGrass 内蒙海拉尔市 07-09 23:15 -> 内蒙临河市 07-11 04:56 2734 60374
[13140] 1
LeavesofGrass 内蒙海拉尔市 06-20 23:15 -> 内蒙临河市 06-22 04:56 2734 35190
[13144] 1
LeavesofGrass 山东省济南市 07-01 16:58 -> 河南省辉县市 07-02 02:13 842 38154
[13148] 1
INSCRIPTIONS 广西桂平市 08-02 07:35 -> 山东省平度市 08-03 01:49 370 69981
[13153] 0
[13160] 0
[13170] 19817325
[13176] 8954616
[13184] Yato 夜刀 now.open.fight@a.fight 1
[13190] Texas 德克萨斯 one.another@carried.on 1
[13197] 1
INSCRIPTIONS 辽宁省庄河市 07-18 22:42 -> 山东省平度市 07-20 01:49 767 67542
[13200] 1
INSCRIPTIONS 山东省平度市 08-02 01:53 -> 天津市 08-02 06:58 471 87288
[13210] 530928
[13214] 1
INSCRIPTIONS 山东省平度市 07-23 01:53 -> 天津市 07-23 06:58 471 87288
[13215] 1
LeavesofGrass 浙江省慈溪市 06-24 03:15 -> 黑龙江省鸡西市 06-24 12:58 906 58060
[13221] 2286484
[13226] 1
INSCRIPTIONS 广西桂平市 07-24 07:35 -> 山东省平度市 07-25 01:49 370 87288
[13233] 1516944
[13236] 1
INSCRIPTIONS 辽宁省庄河市 08-07 22:42 -> 安徽省淮北市 08-08 15:48 596 73839
[13240] 1
INSCRIPTIONS 辽宁省庄河市 07-13 22:42 -> 山东省平度市 07-15 01:49 767 85128
[13243] Ethan 伊桑 European.Powers@to.be 2
[13253] 1263006
[13259] 2
[success] LeavesofGrass 湖北省孝感市 07-03 22:03 -> 河南省辉县市 07-04 02:13 144 3687
[success] LeavesofGrass 浙江省慈溪市 06-09 03:15 -> 吉林省白山市 06-09 20:59 1805 1475
[13264] 17177425
[13274] 1
INSCRIPTIONS 辽宁省庄河市 08-07 22:42 -> 山东省平度市 08-09 01:49 767 73839
[13282] 2737728
[13286] 0
[13293] 1191429
[13296] ProjeKTRed 红红 to.industry@an.impulse 2
[13299] 1
LeavesofGrass 黑龙江省鸡西市 07-05 13:01 -> 内蒙临河市 07-06 04:56 1519 34948
[13302] Durin 杜林 BOURGEOIS.AND@PROLETARIANS.The 1
[13310] 1
LeavesofGrass 黑龙江省佳木斯市 07-03 11:40 -> 黑龙江省鸡西市 07-03 12:58 114 73880
[13317] 1
LeavesofGrass 内蒙海拉尔市 06-11 23:15 -> 山西省孝义市 06-12 07:58 698 65434
[13322] 1229422
[13325] Gitano 远山 place.of.the@old.ones 4
[13330] 1
INSCRIPTIONS 辽宁省庄河市 08-12 22:42 -> 天津市 08-14 06:58 1238 87288
[13331] 1
LeavesofGrass 浙江省慈溪市 06-27 03:15 -> 黑龙江省佳木斯市 06-27 11:34 792 66903
[13337] -1
[13346] 1
LeavesofGrass 内蒙海拉尔市 06-23 23:15 -> 黑龙江省大庆市 06-24 19:30 1803 48834
[13348] 79550
[13356] 3905300
[13363] 32224797
[13366] 1
INSCRIPTIONS 辽宁省庄河市 08-08 22:42 -> 安徽省淮北市 08-09 15:48 596 87288
[13371] 1
LeavesofGrass 浙江省慈溪市 06-06 03:15 -> 湖北省孝感市 06-06 21:55 1947 9345
[13377] 1
LeavesofGrass 山东省济南市 06-13 16:58 -> 湖北省孝感市 06-13 21:55 698 43317
[13381] 3450580
[13387] 20978470
[13391] Bison 拜松 commodities@generally.gave 1
[13401] 1
INSCRIPTIONS 辽宁省庄河市 08-11 22:42 -> 天津市 08-13 06:58 1238 76792
[13407] 1
LeavesofGrass 黑龙江省佳木斯市 06-20 11:40 -> 河南省辉县市 06-21 02:13 1299 51813
[13416] 30263262
[13419] -1
[13425] -1
[13429] 1
INSCRIPTIONS 安徽省淮北市 08-14 15:57 -> 山东省平度市 08-15 01:49 171 87288
[13434] Ethan 伊桑 European.Powers@to.be 2
[13435] 4542740
[13443] -1
[13447] 5502470
[13450] 1
INSCRIPTIONS 安徽省淮北市 08-09 15:57 -> 天津市 08-10 06:58 642 87288
[13452] Eyjafjalla 艾雅法拉 nationalities@have.assembled 2
[13460] 0
[13462] 560549
[13464] 18038784
[13467] 0
[13469] 0
[13471] 1
INSCRIPTIONS 辽宁省庄河市 08-17 22:42 -> 安徽省淮北市 08-18 15:48 596 76474
[13474] 12050370
[13481] 1
INSCRIPTIONS 安徽省淮北市 08-06 15:57 -> 山东省平度市 08-07 01:49 171 87288
[13489] 7584984
[13493] 1
LeavesofGrass 山东省济南市 07-02 16:58 -> 吉林省白山市 07-02 20:59 556 51155
[13496] 1175682
[13505] 1
INSCRIPTIONS 山东省平度市 07-30 01:53 -> 天津市 07-30 06:58 471 87288
[13509] 1
LeavesofGrass 山西省孝义市 06-17 08:08 -> 内蒙临河市 06-18 04:56 2036 49379
[13516] 1002028
[13517] 20278816
[13518] 0
[13520] 27284278
[13528] Purestream 清流 never.before@known.and 1
[13535] 19124148
[13536] 1
INSCRIPTIONS 辽宁省庄河市 07-30 22:42 -> 广西桂平市 07-31 07:25 397 87288
[13538] 4361706
[13543] 6736614
[13553] 3793218
[13556] Durin 杜林 BOURGEOIS.AND@PROLETARIANS.The 1
[13561] Nearl 临光 new.conditions@of.oppression 1
[13568] 0
[13575] 1
LeavesofGrass 浙江省慈溪市 06-25 03:15 -> 河南省辉县市 06-26 02:13 2091 22341
[13579] 0
[13587] Platinum 白金 journeymen@apprentices.serfs 3
[13591] 9288004
[13597] Hung 吽吽 sufficed.for@the.growing 3
[13605] 4279532
[13615] 0
[13618] 5594166
[13625] Swire 诗怀雅 each.other@Bourgeoisie.and 3
[13633] Silence 赫默 rising.bourgeoisie@The.EastInd 1
[13634] 1
INSCRIPTIONS 广西桂平市 08-05 07:35 -> 山东省平度市 08-06 01:49 370 74289
[13640] 1
LeavesofGrass 吉林省白山市 06-21 21:05 -> 河南省辉县市 06-22 02:13 286 42674
[13646] 1
LeavesofGrass 内蒙海拉尔市 07-10 23:15 -> 吉林省白山市 07-11 20:59 2114 66800
[13654] 287716
[13660] 1
LeavesofGrass 山东省济南市 06-08 16:58 -> 湖北省孝感市 06-08 21:55 698 60939
[13664] 1
LeavesofGrass 黑龙江省大庆市 06-17 19:34 -> 内蒙临河市 06-18 04:56 931 56946
[13665] 2886592
[13673] 1
LeavesofGrass 内蒙海拉尔市 06-29 23:15 -> 黑龙江省大庆市 06-30 19:30 1803 37463
[13674] -1
[13678] Siege 推进之王 Proletariat@From.the 1
[13680] 1
INSCRIPTIONS 广西桂平市 08-05 07:35 -> 天津市 08-06 06:58 841 74289
[13681] Swire 诗怀雅 each.other@Bourgeoisie.and 3
[13688] Cliffheart 崖心 opponents.in@power.Where 3
[13689] Purestream 清流 never.before@known.and 1
[13697] 3868794
[13698] 1
LeavesofGrass 内蒙海拉尔市 06-16 23:15 -> 内蒙临河市 06-18 04:56 2734 49379
[13706] 0
[13716] 6219005
[13721] Shining 闪灵 manifold.gradation@of.social 1
[13728] Hibiscus 芙蓉 in.the.common@ruin.of 2
[13731] 2490768
[13739] 1
LeavesofGrass 浙江省慈溪市 06-06 03:15 -> 山西省孝义市 06-06 07:58 389 14488
[13741] 1
LeavesofGrass 黑龙江省佳木斯市 07-09 11:40 -> 内蒙临河市 07-10 04:56 1633 40478
[13749] 1
LeavesofGrass 山东省济南市 06-29 16:58 -> 内蒙临河市 06-30 04:56 1176 35055
[13753] 1
INSCRIPTIONS 广西桂平市 07-19 07:35 -> 安徽省淮北市 07-19 15:48 199 87288
[13755] 14779050
[13762] 1
INSCRIPTIONS 安徽省淮北市 07-23 15:57 -> 山东省平度市 07-24 01:49 171 87288
[13763] Phantom 傀影 has.simplified@the.class 3
[13773] 1
LeavesofGrass 浙江省慈溪市 06-23 03:15 -> 黑龙江省大庆市 06-23 19:30 1494 44400
[13780] -1
[13785] 1
LeavesofGrass 黑龙江省鸡西市 06-12 13:01 -> 吉林省白山市 06-12 20:59 899 45735
[13792] 0
[13801] 0
[13809] 1
LeavesofGrass 广东省揭阳市 06-20 04:33 -> 吉林省白山市 06-20 20:59 1724 51813
[13816] Texas 德克萨斯 one.another@carried.on 1
[13825] 1
LeavesofGrass 浙江省慈溪市 06-15 03:15 -> 山东省济南市 06-15 16:51 1249 61019
[13835] -1
[13837] -1
[13842] 0
[13851] 0
[13860] INSCRIPTIONS O
辽宁省庄河市 xx-xx xx:xx -> 08-16 22:42 0 87288
广西桂平市 08-17 07:25 -> 08-17 07:35 397 87288
安徽省淮北市 08-17 15:48 -> 08-17 15:57 596 66116
山东省平度市 08-18 01:49 -> 08-18 01:53 767 73502
天津市 08-18 06:58 -> xx-xx xx:xx 1238 x
[13870] -1
[13879] -1
[13880] 0
[13889] 0
[13896] 0
[13905] 0
[13912] -1
[13921] 0
[13923] -1
[13927] -1
[13932] -1
[13939] 2
[success] LeavesofGrass 吉林省白山市 06-22 21:05 -> 内蒙临河市 06-23 04:56 620 8738
[success] LeavesofGrass 山西省孝义市 06-10 08:08 -> 湖北省孝感市 06-10 21:55 1558 8705
[13945] bye
