[269911] -1
[269918] -1
[269924] -1
[269934] -1
[269939] -1
[269945] -1
[269953] -1
[269962] -1
[269971] -1
[269972] -1
[269976] -1
[269982] -1
[269988] -1
[269990] -1
[269993] -1
[269995] -1
[269998] -1
[270007] -1
[270013] -1
[270020] -1
[270024] -1
[270031] -1
[270036] -1
[270043] -1
[270045] -1
[270055] -1
[270060] 0
[270068] -1
[270076] 0
[270080] -1
[270083] -1
[270088] -1
[270092] -1
[270098] 0
[270108] -1
[270112] -1
[270113] -1
[270121] -1
[270127] -1
[270133] -1
[270141] 0
[270148] -1
[270149] -1
[270151] -1
[270160] -1
[270161] -1
[270168] -1
[270171] -1
[270177] -1
[270180] -1
[270183] -1
[270186] -1
[270189] -1
[270191] -1
[270201] 0
[270208] Astesia 星极 a.most.revolutionary@part.The 1
[270211] -1
[270220] -1
[270228] -1
[270234] -1
[270242] -1
[270248] -1
[270254] -1
[270255] -1
[270260] -1
[270262] -1
[270267] -1
[270275] -1
[270284] -1
[270285] -1
[270290] -1
[270294] -1
[270295] -1
[270305] -1
[270310] 0
[270311] Meteor 流星 the.earlier@epochs.of 1
[270314] Croissant 可颂 in.the.modes@of.production 1
[270324] -1
[270327] -1
[270330] -1
[270332] Mayer 梅尔 than.callous@cash.payment 1
[270336] -1
[270338] -1
[270345] -1
[270354] -1
[270363] 0
[270368] -1
[270372] -1
[270377] -1
[270387] -1
[270396] 0
[270405] -1
[270410] -1
[270416] -1
[270421] Plume 翎羽 with.a.Manifesto@of.the 1
[270428] -1
[270432] -1
[270434] -1
[270439] -1
[270449] -1
[270453] eDuVyRaqjKryezITXv 亀弬嗌屦 settle.everywhere@establish.co 2
[270456] 0
[270464] -1
[270465] -1
[270473] 0
[270475] 0
[270485] -1
[270492] -1
[270501] -1
[270506] -1
[270514] -1
[270518] 1
INcabindshipsat 吉林省龙井市 07-31 13:56 -> 河南省辉县市 07-31 14:51 212 81926
[270528] 1687175
[270536] -1
[270538] 808653
[270540] 1
Farfarmorestood 安徽省贵池市 07-20 20:51 -> 江苏省新沂市 07-21 05:28 658 59767
[270547] 1
Andmenacingvoice 山东省东营市 08-21 23:45 -> 广东省清远市 08-22 07:13 1543 97769
[270549] 1
Mergedinitsspirit 陕西省兴平市 07-28 10:54 -> 河南省辉县市 07-28 13:59 174 85568
[270550] -1
[270560] 22
[pending] INSCRIPTIONS 辽宁省庄河市 07-26 22:42 -> 安徽省淮北市 07-27 15:48 596 8181
[pending] LeavesofGrass 内蒙海拉尔市 06-04 23:15 -> 山东省济南市 06-05 16:51 1558 18293
[success] IHEARDthatyouask 四川省江油市 08-08 00:49 -> 湖南省娄底市 08-08 01:55 223 5048
[success] Thegeniusofpoets 山东省济宁市 08-20 03:09 -> 广东省英德市 08-20 09:30 442 417
[success] Asawheelonitsax 黑龙江省北安市 07-14 14:41 -> 北京市 07-14 19:01 61 8086
[success] thefieldtheworld 广东省潮州市 07-03 09:05 -> 北京市 07-03 15:55 963 2252
[success] IHEARDthatyouask 天津市 07-30 04:45 -> 吉林省长春市 07-30 08:48 106 1616
[pending] LeavesofGrass 黑龙江省佳木斯市 06-15 11:40 -> 山东省济南市 06-15 16:51 457 13165
[pending] INSCRIPTIONS 广西桂平市 08-13 07:35 -> 安徽省淮北市 08-13 15:48 199 13088
[pending] INSCRIPTIONS 辽宁省庄河市 07-28 22:42 -> 山东省平度市 07-30 01:49 767 13675
[success] one 天津市 07-24 18:22 -> 广东省英德市 07-25 15:57 4588 5578
[success] Farfarmorestood 北京市 07-08 02:49 -> 湖南省永州市 07-08 16:23 754 13370
[success] Deathlessthroughout 陕西省铜川市 07-15 20:34 -> 四川省绵阳市 07-16 13:08 2116 2744
[pending] LeavesofGrass 广东省揭阳市 06-11 04:33 -> 黑龙江省大庆市 06-11 19:30 1413 2265
[success] theMuseIsaythe 广西合山市 08-09 12:26 -> 山东省乐陵市 08-10 10:28 4238 10763
[success] LeavesofGrass 浙江省慈溪市 06-12 03:15 -> 内蒙临河市 06-13 04:56 2425 543
[success] LeavesofGrass 山西省孝义市 06-13 08:08 -> 湖北省孝感市 06-13 21:55 1558 6232
[pending] LeavesofGrass 黑龙江省鸡西市 06-08 13:01 -> 山东省济南市 06-08 16:51 343 10840
[success] LeavesofGrass 黑龙江省鸡西市 06-07 13:01 -> 湖北省孝感市 06-07 21:55 1041 5799
[pending] LeavesofGrass 山西省孝义市 06-08 08:08 -> 吉林省白山市 06-08 20:59 1416 14258
[success] IHEARDthatyouask 山东省滨州市 07-18 15:28 -> 湖南省娄底市 07-19 01:55 773 810
[success] INSCRIPTIONS 辽宁省庄河市 07-27 22:42 -> 安徽省淮北市 07-28 15:48 596 3699
[270563] 0
[270567] 5951427
[270576] 2
Mergedinitsspirit 吉林省榆树市 07-01 10:34 -> 北京市 07-01 16:58 970 70765
TOtheeoldcause 吉林省榆树市 07-01 18:29 -> 北京市 07-02 13:26 3024 66668
[270586] 1
Mergedinitsspirit 安徽省亳州市 08-11 20:16 -> 云南省开远市 08-12 15:49 2319 85568
[270594] 1
Theserecitativesfo 湖北省当阳市 06-26 10:39 -> 辽宁省兴城市 06-26 15:55 138 60492
[270601] 1
Thouorbofmanyorb 浙江省瑞安市 07-26 11:58 -> 辽宁省兴城市 07-26 14:01 12 84891
[270608] -1
[270613] 1
itself 广东省澄海市 06-27 17:10 -> 湖北省老河口市 06-27 22:37 610 89048
[270620] -1
[270628] 1547730
[270632] 0
[270636] 22
[pending] INSCRIPTIONS 辽宁省庄河市 07-26 22:42 -> 安徽省淮北市 07-27 15:48 596 8181
[pending] LeavesofGrass 内蒙海拉尔市 06-04 23:15 -> 山东省济南市 06-05 16:51 1558 18293
[success] IHEARDthatyouask 四川省江油市 08-08 00:49 -> 湖南省娄底市 08-08 01:55 223 5048
[success] Thegeniusofpoets 山东省济宁市 08-20 03:09 -> 广东省英德市 08-20 09:30 442 417
[success] Asawheelonitsax 黑龙江省北安市 07-14 14:41 -> 北京市 07-14 19:01 61 8086
[success] thefieldtheworld 广东省潮州市 07-03 09:05 -> 北京市 07-03 15:55 963 2252
[success] IHEARDthatyouask 天津市 07-30 04:45 -> 吉林省长春市 07-30 08:48 106 1616
[pending] LeavesofGrass 黑龙江省佳木斯市 06-15 11:40 -> 山东省济南市 06-15 16:51 457 13165
[pending] INSCRIPTIONS 广西桂平市 08-13 07:35 -> 安徽省淮北市 08-13 15:48 199 13088
[pending] INSCRIPTIONS 辽宁省庄河市 07-28 22:42 -> 山东省平度市 07-30 01:49 767 13675
[success] one 天津市 07-24 18:22 -> 广东省英德市 07-25 15:57 4588 5578
[success] Farfarmorestood 北京市 07-08 02:49 -> 湖南省永州市 07-08 16:23 754 13370
[success] Deathlessthroughout 陕西省铜川市 07-15 20:34 -> 四川省绵阳市 07-16 13:08 2116 2744
[pending] LeavesofGrass 广东省揭阳市 06-11 04:33 -> 黑龙江省大庆市 06-11 19:30 1413 2265
[success] theMuseIsaythe 广西合山市 08-09 12:26 -> 山东省乐陵市 08-10 10:28 4238 10763
[success] LeavesofGrass 浙江省慈溪市 06-12 03:15 -> 内蒙临河市 06-13 04:56 2425 543
[success] LeavesofGrass 山西省孝义市 06-13 08:08 -> 湖北省孝感市 06-13 21:55 1558 6232
[pending] LeavesofGrass 黑龙江省鸡西市 06-08 13:01 -> 山东省济南市 06-08 16:51 343 10840
[success] LeavesofGrass 黑龙江省鸡西市 06-07 13:01 -> 湖北省孝感市 06-07 21:55 1041 5799
[pending] LeavesofGrass 山西省孝义市 06-08 08:08 -> 吉林省白山市 06-08 20:59 1416 14258
[success] IHEARDthatyouask 山东省滨州市 07-18 15:28 -> 湖南省娄底市 07-19 01:55 773 810
[success] INSCRIPTIONS 辽宁省庄河市 07-27 22:42 -> 安徽省淮北市 07-28 15:48 596 3699
[270639] queue
[270643] -1
[270647] -1
[270651] queue
[270655] 2838020
[270659] queue
[270663] 21
[success] Astomedirectingl 河南省义马市 06-24 20:29 -> 吉林省磐石市 06-25 08:54 1523 14838
[pending] LeavesofGrass 内蒙海拉尔市 06-18 23:15 -> 黑龙江省佳木斯市 06-19 11:34 1101 1557
[success] INSCRIPTIONS 辽宁省庄河市 07-15 22:42 -> 广西桂平市 07-16 07:25 397 7023
[success] ONESSELFISING 吉林省松原市 07-28 16:00 -> 内蒙满洲里市 07-29 11:08 3288 5170
[success] LeavesofGrass 内蒙海拉尔市 07-02 23:15 -> 广东省揭阳市 07-03 04:27 390 10409
[pending] LeavesofGrass 黑龙江省大庆市 06-08 19:34 -> 湖北省孝感市 06-08 21:55 453 11828
[success] Thouorbofmanyorb 辽宁省兴城市 06-28 14:06 -> 吉林省磐石市 06-28 18:38 731 2392
[success] INSCRIPTIONS 山东省平度市 07-29 01:53 -> 天津市 07-29 06:58 471 1428
[success] theMuseIsaythe 广西合山市 07-05 12:26 -> 吉林省松原市 07-05 22:04 1735 7372
[pending] LeavesofGrass 山东省济南市 06-30 16:58 -> 吉林省白山市 06-30 20:59 556 4298
[success] LeavesofGrass 浙江省慈溪市 06-15 03:15 -> 广东省揭阳市 06-15 04:27 81 6246
[success] Aroundtheideaoft 山东省乳山市 06-17 22:24 -> 河北省霸州市 06-18 05:17 401 323
[pending] INSCRIPTIONS 辽宁省庄河市 08-02 22:42 -> 安徽省淮北市 08-03 15:48 596 18567
[success] Theserecitativesfo 江苏省南京市 07-10 00:18 -> 湖北省当阳市 07-10 10:32 2237 8343
[success] INSCRIPTIONS 辽宁省庄河市 08-16 22:42 -> 安徽省淮北市 08-17 15:48 596 2492
[success] Deathlessthroughout 湖南省张家界市 06-14 12:48 -> 陕西省铜川市 06-14 20:28 964 6063
[success] one 天津市 08-12 18:22 -> 甘肃省平凉市 08-13 14:35 4175 1479
[pending] LeavesofGrass 黑龙江省大庆市 06-28 19:34 -> 河南省辉县市 06-29 02:13 597 11942
[success] INSCRIPTIONS 辽宁省庄河市 08-07 22:42 -> 安徽省淮北市 08-08 15:48 596 1565
[success] INSCRIPTIONS 广西桂平市 08-03 07:35 -> 山东省平度市 08-04 01:49 370 2446
[pending] INSCRIPTIONS 辽宁省庄河市 07-28 22:42 -> 山东省平度市 07-30 01:49 767 14207
[270670] queue
[270680] queue
[270686] Meteorite 陨星 production@and.has 2
[270687] 8616134
[270690] FEater 食铁兽 Communistic@by.its 4
[270691] 96048
[270698] -1
[270705] 1
Cheerfulforfreest 广西南宁市 07-29 03:19 -> 新疆库尔勒市 07-29 08:59 1070 73847
[270710] -1
[270719] -1
[270724] 1
Bysailorsyoungand 江苏省通州市 07-31 20:54 -> 江苏省海门市 08-01 04:21 732 11313
[270732] VxiaZOUemDj 別嶲埽企 crises.that@by.their 1
[270733] 21
[success] Astomedirectingl 河南省义马市 06-24 20:29 -> 吉林省磐石市 06-25 08:54 1523 14838
[pending] LeavesofGrass 内蒙海拉尔市 06-18 23:15 -> 黑龙江省佳木斯市 06-19 11:34 1101 1557
[success] INSCRIPTIONS 辽宁省庄河市 07-15 22:42 -> 广西桂平市 07-16 07:25 397 7023
[success] ONESSELFISING 吉林省松原市 07-28 16:00 -> 内蒙满洲里市 07-29 11:08 3288 5170
[success] LeavesofGrass 内蒙海拉尔市 07-02 23:15 -> 广东省揭阳市 07-03 04:27 390 10409
[pending] LeavesofGrass 黑龙江省大庆市 06-08 19:34 -> 湖北省孝感市 06-08 21:55 453 11828
[success] Thouorbofmanyorb 辽宁省兴城市 06-28 14:06 -> 吉林省磐石市 06-28 18:38 731 2392
[success] INSCRIPTIONS 山东省平度市 07-29 01:53 -> 天津市 07-29 06:58 471 1428
[success] theMuseIsaythe 广西合山市 07-05 12:26 -> 吉林省松原市 07-05 22:04 1735 7372
[pending] LeavesofGrass 山东省济南市 06-30 16:58 -> 吉林省白山市 06-30 20:59 556 4298
[success] LeavesofGrass 浙江省慈溪市 06-15 03:15 -> 广东省揭阳市 06-15 04:27 81 6246
[success] Aroundtheideaoft 山东省乳山市 06-17 22:24 -> 河北省霸州市 06-18 05:17 401 323
[pending] INSCRIPTIONS 辽宁省庄河市 08-02 22:42 -> 安徽省淮北市 08-03 15:48 596 18567
[success] Theserecitativesfo 江苏省南京市 07-10 00:18 -> 湖北省当阳市 07-10 10:32 2237 8343
[success] INSCRIPTIONS 辽宁省庄河市 08-16 22:42 -> 安徽省淮北市 08-17 15:48 596 2492
[success] Deathlessthroughout 湖南省张家界市 06-14 12:48 -> 陕西省铜川市 06-14 20:28 964 6063
[success] one 天津市 08-12 18:22 -> 甘肃省平凉市 08-13 14:35 4175 1479
[pending] LeavesofGrass 黑龙江省大庆市 06-28 19:34 -> 河南省辉县市 06-29 02:13 597 11942
[success] INSCRIPTIONS 辽宁省庄河市 08-07 22:42 -> 安徽省淮北市 08-08 15:48 596 1565
[success] INSCRIPTIONS 广西桂平市 08-03 07:35 -> 山东省平度市 08-04 01:49 370 2446
[pending] INSCRIPTIONS 辽宁省庄河市 07-28 22:42 -> 山东省平度市 07-30 01:49 767 14207
[270736] 1886754
[270745] 3371550
[270754] 101156
[270761] 4828800
[270763] Melantha 玫兰 social.and@political.constitut 2
[270766] 1
Ofphysiologyfromt 河南省南阳市 08-21 08:12 -> 山东省莱阳市 08-21 10:17 405 65277
[270769] vnfXldvVFTF 功堮 themselves@In.one 1
[270776] 798329
[270786] 1
Iaboveallpromote 辽宁省庄河市 07-03 02:13 -> 广东省澄海市 07-03 12:19 226 6818
[270788] queue
[270792] queue
[270799] 52
[pending] LeavesofGrass 黑龙江省鸡西市 06-10 13:01 -> 内蒙临河市 06-11 04:56 1519 4832
[success] Thousternremorsel 北京市 07-17 07:49 -> 天津市 07-18 00:43 557 1010
[success] IHEARDthatyouask 广东省台山市 06-30 16:07 -> 湖南省娄底市 07-01 01:55 320 6657
[pending] INSCRIPTIONS 广西桂平市 08-16 07:35 -> 天津市 08-17 06:58 841 18600
[success] IHEARDthatyouask 广东省台山市 07-30 16:07 -> 湖南省娄底市 07-31 01:55 320 5221
[success] IHEARDthatyouask 四川省江油市 08-08 00:49 -> 湖南省娄底市 08-08 01:55 223 6216
[success] INSCRIPTIONS 安徽省淮北市 07-22 15:57 -> 山东省平度市 07-23 01:49 171 8267
[success] LeavesofGrass 内蒙海拉尔市 06-30 23:15 -> 浙江省慈溪市 07-01 03:08 309 3305
[success] Thousternremorsel 云南省开远市 06-15 12:18 -> 内蒙东胜市 06-16 09:48 819 4536
[success] LeavesofGrass 湖北省孝感市 06-17 22:03 -> 内蒙临河市 06-18 04:56 478 2433
[success] LeavesofGrass 山西省孝义市 06-21 08:08 -> 黑龙江省大庆市 06-21 19:30 1105 3254
[success] LeavesofGrass 浙江省慈溪市 06-13 03:15 -> 广东省揭阳市 06-13 04:27 81 11594
[success] INSCRIPTIONS 辽宁省庄河市 07-11 22:42 -> 广西桂平市 07-12 07:25 397 19743
[pending] LeavesofGrass 广东省揭阳市 06-20 04:33 -> 吉林省白山市 06-20 20:59 1724 10957
[success] IHEARDthatyouask 广东省台山市 07-27 16:07 -> 湖南省娄底市 07-28 01:55 320 1862
[success] INSCRIPTIONS 辽宁省庄河市 07-16 22:42 -> 天津市 07-18 06:58 1238 101
[pending] LeavesofGrass 黑龙江省大庆市 07-06 19:34 -> 内蒙临河市 07-07 04:56 931 12298
[success] LeavesofGrass 湖北省孝感市 06-29 22:03 -> 内蒙临河市 06-30 04:56 478 7938
[success] LeavesofGrass 吉林省白山市 06-09 21:05 -> 湖北省孝感市 06-09 21:55 142 16562
[pending] INSCRIPTIONS 辽宁省庄河市 07-23 22:42 -> 广西桂平市 07-24 07:25 397 18426
[success] AndtodefineAmeric 北京市 08-21 05:05 -> 广东省河源市 08-21 20:47 318 2467
[pending] LeavesofGrass 内蒙海拉尔市 07-06 23:15 -> 河南省辉县市 07-08 02:13 2400 8807
[success] INSCRIPTIONS 辽宁省庄河市 08-16 22:42 -> 广西桂平市 08-17 07:25 397 20049
[success] TOtheeoldcause 江西省宜春市 08-03 08:05 -> 山西省古交市 08-03 12:51 844 21190
[pending] LeavesofGrass 山西省孝义市 07-05 08:08 -> 湖北省孝感市 07-05 21:55 1558 15280
[success] LeavesofGrass 广东省揭阳市 06-14 04:33 -> 黑龙江省大庆市 06-14 19:30 1413 12370
[success] LeavesofGrass 浙江省慈溪市 07-10 03:15 -> 广东省揭阳市 07-10 04:27 81 12729
[success] LeavesofGrass 内蒙海拉尔市 06-04 23:15 -> 黑龙江省佳木斯市 06-05 11:34 1101 3931
[success] LeavesofGrass 山西省孝义市 06-19 08:08 -> 黑龙江省鸡西市 06-19 12:58 517 6224
[success] LeavesofGrass 广东省揭阳市 07-07 04:33 -> 山西省孝义市 07-07 07:58 308 14207
[success] INSCRIPTIONS 广西桂平市 08-14 07:35 -> 安徽省淮北市 08-14 15:48 199 9850
[success] LeavesofGrass 湖北省孝感市 07-09 22:03 -> 河南省辉县市 07-10 02:13 144 11542
[pending] INSCRIPTIONS 辽宁省庄河市 08-17 22:42 -> 山东省平度市 08-19 01:49 767 12040
[success] INSCRIPTIONS 辽宁省庄河市 07-14 22:42 -> 安徽省淮北市 07-15 15:48 596 19947
[success] IHEARDthatyouask 吉林省舒兰市 08-06 21:57 -> 湖南省娄底市 08-07 01:55 266 3037
[success] INSCRIPTIONS 辽宁省庄河市 08-07 22:42 -> 安徽省淮北市 08-08 15:48 596 7233
[success] IHEARDthatyouask 浙江省临安市 08-05 11:03 -> 山东省滨州市 08-05 15:18 139 1429
[pending] LeavesofGrass 广东省揭阳市 06-28 04:33 -> 黑龙江省鸡西市 06-28 12:58 825 8924
[success] LeavesofGrass 山东省济南市 06-15 16:58 -> 吉林省白山市 06-15 20:59 556 66
[success] IHEARDthatyouask 天津市 08-15 04:45 -> 浙江省临安市 08-15 10:58 380 5601
[success] IHEARDthatyouask 天津市 08-11 04:45 -> 浙江省临安市 08-11 10:58 380 5368
[success] LeavesofGrass 山西省孝义市 06-24 08:08 -> 黑龙江省鸡西市 06-24 12:58 517 12827
[success] INSCRIPTIONS 安徽省淮北市 08-16 15:57 -> 山东省平度市 08-17 01:49 171 11035
[success] LeavesofGrass 黑龙江省鸡西市 06-15 13:01 -> 内蒙临河市 06-16 04:56 1519 10074
[success] INSCRIPTIONS 广西桂平市 08-08 07:35 -> 天津市 08-09 06:58 841 6628
[success] LeavesofGrass 内蒙海拉尔市 06-13 23:15 -> 山东省济南市 06-14 16:51 1558 7692
[pending] LeavesofGrass 广东省揭阳市 06-04 04:33 -> 山东省济南市 06-04 16:51 1168 9154
[success] LeavesofGrass 山西省孝义市 07-04 08:08 -> 黑龙江省大庆市 07-04 19:30 1105 13851
[success] LeavesofGrass 山东省济南市 06-26 16:58 -> 湖北省孝感市 06-26 21:55 698 3983
[success] LeavesofGrass 广东省揭阳市 07-08 04:33 -> 内蒙临河市 07-09 04:56 2344 4619
[success] INSCRIPTIONS 广西桂平市 07-28 07:35 -> 天津市 07-29 06:58 841 20694
[success] LeavesofGrass 广东省揭阳市 07-09 04:33 -> 山东省济南市 07-09 16:51 1168 12560
[270806] 1
TOtheeoldcause 湖南省耒阳市 07-07 14:06 -> 吉林省榆树市 07-07 18:24 740 87484
[270808] 1
Infullrapportatl 湖南省郴州市 08-09 00:24 -> 广西宜州市 08-09 08:33 873 96152
[270810] 9253629
[270820] 41
[success] IHEARDthatyouask 吉林省长春市 07-04 08:52 -> 山东省滨州市 07-04 15:18 413 1933
[pending] LeavesofGrass 内蒙海拉尔市 06-22 23:15 -> 黑龙江省大庆市 06-23 19:30 1803 11093
[pending] LeavesofGrass 黑龙江省佳木斯市 06-04 11:40 -> 山东省济南市 06-04 16:51 457 7423
[success] one 四川省绵阳市 07-27 12:34 -> 安徽省淮南市 07-27 19:05 1855 2271
[success] IHEARDthatyouask 浙江省临安市 07-03 11:03 -> 广东省台山市 07-03 16:01 592 801
[pending] INSCRIPTIONS 辽宁省庄河市 07-28 22:42 -> 天津市 07-30 06:58 1238 13845
[pending] LeavesofGrass 山西省孝义市 07-08 08:08 -> 吉林省白山市 07-08 20:59 1416 15520
[pending] LeavesofGrass 山西省孝义市 06-15 08:08 -> 黑龙江省大庆市 06-15 19:30 1105 9817
[success] IHEARDthatyouask 浙江省临安市 07-10 11:03 -> 吉林省舒兰市 07-10 21:49 646 5765
[success] AndtodefineAmeric 北京市 07-23 05:05 -> 江苏省淮安市 07-24 01:21 756 5884
[success] TheFemaleequallyw 河北省藁城市 06-15 03:45 -> 安徽省六安市 06-15 19:59 513 2027
[success] IHEARDthatyouask 山东省滨州市 08-06 15:28 -> 吉林省舒兰市 08-06 21:49 507 8353
[success] Withallitsangrya 河北省新乐市 07-20 19:59 -> 湖北省天门市 07-20 21:14 363 722
[success] puzzletheNewWorld 河南省新密市 08-12 08:21 -> 河南省郑州市 08-12 10:51 398 9977
[success] IHEARDthatyouask 广东省台山市 07-12 16:07 -> 吉林省舒兰市 07-12 21:49 54 3491
[success] INSCRIPTIONS 安徽省淮北市 08-07 15:57 -> 山东省平度市 08-08 01:49 171 15789
[success] LeavesofGrass 山西省孝义市 07-06 08:08 -> 黑龙江省佳木斯市 07-06 11:34 403 10087
[success] LeavesofGrass 吉林省白山市 06-06 21:05 -> 河南省辉县市 06-07 02:13 286 13390
[success] IHEARDthatyouask 浙江省临安市 08-06 11:03 -> 四川省江油市 08-07 00:41 689 2507
[success] INSCRIPTIONS 安徽省淮北市 07-19 15:57 -> 山东省平度市 07-20 01:49 171 2341
[success] LeavesofGrass 山东省济南市 07-02 16:58 -> 内蒙临河市 07-03 04:56 1176 3756
[success] INSCRIPTIONS 辽宁省庄河市 08-05 22:42 -> 安徽省淮北市 08-06 15:48 596 18427
[success] puzzletheNewWorld 吉林省桦甸市 08-20 07:49 -> 山东省烟台市 08-20 23:52 1350 14145
[pending] LeavesofGrass 浙江省慈溪市 06-18 03:15 -> 内蒙临河市 06-19 04:56 2425 10462
[success] LeavesofGrass 山西省孝义市 06-18 08:08 -> 黑龙江省鸡西市 06-18 12:58 517 12044
[success] INSCRIPTIONS 安徽省淮北市 08-09 15:57 -> 山东省平度市 08-10 01:49 171 19177
[success] LeavesofGrass 广东省揭阳市 06-20 04:33 -> 山东省济南市 06-20 16:51 1168 5011
[refunded] LeavesofGrass 内蒙海拉尔市 06-19 23:15 -> 内蒙临河市 06-21 04:56 2734 2670
[success] LeavesofGrass 内蒙海拉尔市 06-09 23:15 -> 山西省孝义市 06-10 07:58 698 12032
[success] INSCRIPTIONS 辽宁省庄河市 07-26 22:42 -> 天津市 07-28 06:58 1238 10315
[success] IHEARDthatyouask 吉林省长春市 07-22 08:52 -> 四川省江油市 07-23 00:41 963 6656
[success] IHEARDthatyouask 吉林省长春市 07-04 08:52 -> 浙江省临安市 07-04 10:58 274 7273
[success] LeavesofGrass 黑龙江省佳木斯市 06-27 11:40 -> 湖北省孝感市 06-27 21:55 1155 2900
[success] IHEARDthatyouask 广东省台山市 07-14 16:07 -> 吉林省舒兰市 07-14 21:49 54 6031
[success] LeavesofGrass 山东省济南市 07-05 16:58 -> 河南省辉县市 07-06 02:13 842 3179
[success] LeavesofGrass 吉林省白山市 06-15 21:05 -> 湖北省孝感市 06-15 21:55 142 6467
[success] LeavesofGrass 黑龙江省大庆市 06-13 19:34 -> 湖北省孝感市 06-13 21:55 453 14452
[success] LeavesofGrass 内蒙海拉尔市 07-04 23:15 -> 山东省济南市 07-05 16:51 1558 15613
[refunded] LeavesofGrass 内蒙海拉尔市 07-10 23:15 -> 浙江省慈溪市 07-11 03:08 309 7080
[success] LeavesofGrass 浙江省慈溪市 06-11 03:15 -> 吉林省白山市 06-11 20:59 1805 15747
[success] LeavesofGrass 广东省揭阳市 06-26 04:33 -> 山东省济南市 06-26 16:51 1168 2977
[270823] 1
TheFemaleequallyw 河北省藁城市 06-30 03:45 -> 黑龙江省双城市 06-30 04:50 290 46882
[270826] 1
Andmenacingvoice 福建省武夷山市 07-18 14:34 -> 山东省东营市 07-18 23:39 1537 97769
[270836] Nightingale 夜莺 Chinese.walls@with.which 2
[270844] 1
imperiouswaves 湖南省张家界市 08-02 14:03 -> 广东省雷州市 08-03 04:17 2254 30839
[270850] Leizi 惊蛰 on.before.our@own.eyes 1
[270858] Nearl 临光 already.developed@productive.f 1
[270864] Mayer 梅尔 than.callous@cash.payment 1
[270870] -1
[270876] 1
one 安徽省巢湖市 07-25 01:27 -> 四川省绵阳市 07-25 12:25 2485 53898
[270883] queue
[270884] 6747575
[270886] 2743810
[270896] 691300
[270904] OHYLozuHDnOYX 乷仯嵝唬寿 commerce.seem@to.be 3
[270906] 1
Aroundtheideaoft 湖北省丹江口市 06-28 17:18 -> 山东省乳山市 06-28 22:16 452 16386
[270912] -1
[270918] 1
Afterastrangesad 天津市 06-18 13:45 -> 安徽省芜湖市 06-18 17:10 83 45046
[270923] 601453
[270925] Exusiai 能天 place.stepped@free.competition 1
[270935] 78292
[270938] Exusiai 能天 place.stepped@free.competition 1
[270944] 1
onthee 江苏省泰兴市 08-04 13:35 -> 福建省建瓯市 08-04 15:56 399 58697
[270954] 1
Ithinkallwarthr 山东省枣庄市 06-29 20:18 -> 河北省邯郸市 06-30 02:11 857 45578
[270955] 1
Themakingofperfec 江西省德兴市 07-30 13:51 -> 河北省黄骅市 07-30 16:48 371 69556
[270963] 1
Deathlessthroughout 河南省驻马店市 06-14 22:31 -> 湖南省益阳市 06-14 23:05 13 31557
[270964] -1
[270972] queue
[270979] 1
Withfingerpointing 甘肃省临夏市 06-19 20:10 -> 安徽省淮南市 06-20 12:16 1566 92164
[270987] -1
[270993] 1
Astomedirectingl 新疆和田市 06-13 18:46 -> 吉林省磐石市 06-14 08:54 1840 76792
[270997] 2456468
[271003] 0
[271008] -1
[271009] -1
[271013] -1
[271021] 0
[271024] -1
[271025] -1
[271034] -1
[271042] 0
[271046] -1
[271054] 0
[271059] -1
[271068] -1
[271077] -1
[271083] 0
[271085] 0
[271090] -1
[271094] -1
[271100] 0
[271107] -1
[271113] -1
[271114] -1
[271123] -1
[271132] -1
[271134] -1
[271140] -1
[271147] -1
[271148] -1
[271151] -1
[271160] 0
[271163] bye
