[362556] -1
[362558] -1
[362567] 0
[362572] -1
[362573] 0
[362578] -1
[362584] -1
[362586] 0
[362596] -1
[362604] aWwBjYeYrE 墆堦刊巠廍 working.class@developeda.class 1
[362610] -1
[362612] Frostleaf 霜叶 whole.surface@of.the 1
[362622] -1
[362631] -1
[362632] Ceobe 刻俄 and.Chinese@markets.the 1
[362638] -1
[362645] -1
[362647] 0
[362656] Mayer 梅尔 than.callous@cash.payment 1
[362666] -1
[362670] 0
[362672] 0
[362673] -1
[362677] DwQCajissONsw 凬嗕弤 The.weapons@with.which 2
[362678] -1
[362688] Weedy 温蒂 bourgeoisie@is.itself 2
[362695] -1
[362700] -1
[362705] QKoHnGujcnKjqgkeZEGU 宷嶒 sway.of.the@bourgeois.class 1
[362713] Croissant 可颂 only.the.most@simple.most 1
[362720] -1
[362721] YfkbcVgNQtMkeZTpCuzS 咀夶咴孰 or.but.loosely@connected.provi 1
[362728] Franka 芙兰 master.into@the.great 3
[362733] 0
[362738] Ethan 伊桑 and.opinions@are.swept 2
[362743] -1
[362746] Durin 杜林 raw.material@but.raw 1
[362749] -1
[362759] xUSHubOLUiXfXIGLYuN 夜媱劉侗媗 and.for.the@propagation.of 1
[362767] -1
[362768] yUTJcakdnN 崹廦峝峽尽 itself.But@not.only 3
[362770] Earthspirit 地灵 uncertainty@and.agitation 2
[362777] 0
[362780] Deepcolor 深海 factory.of@the.industrial 1
[362789] QxejViwahE 制刂僻 part.of.the@population.from 1
[362799] -1
[362807] Spot 斑点 has.the.bourgeoisie@forged.the 3
[362817] Eyjafjalla 艾雅法 nationalities@have.assembled 2
[362825] -1
[362832] Firewatch 守林 other.article@of.commerce 1
[362841] 0
[362845] 0
[362853] 0
[362863] LYkrMcvbeiKMqa 劆帘喅 against.the@property.relations 1
[362870] Zima 凛冬 and.more.colossal@productive.f 2
[362880] 0
[362888] -1
[362897] Durnar 坚雷 of.the.work@exacted.in 4
[362898] McGiraFHLj 堫北 country.we@find.new 1
[362903] -1
[362911] 0
[362912] -1
[362921] -1
[362931] -1
[362939] 0
[362940] -1
[362947] -1
[362952] -1
[362958] 62
[success] INSCRIPTIONS 辽宁省庄河市 08-03 22:42 -> 广西桂平市 08-04 07:25 397 1660
[success] TheFemaleequallyw 河北省藁城市 07-18 03:45 -> 黑龙江省双城市 07-18 04:50 290 2889
[success] Withallitsangrya 山东省即墨市 06-28 18:58 -> 湖北省当阳市 06-29 02:13 1519 117
[success] IHEARDthatyouask 吉林省长春市 08-13 08:52 -> 湖南省娄底市 08-14 01:55 1186 6641
[success] Aroundtheideaoft 安徽省桐城市 07-28 19:08 -> 山东省乳山市 07-28 22:16 190 972
[success] LeavesofGrass 黑龙江省佳木斯市 07-02 11:40 -> 黑龙江省鸡西市 07-02 12:58 114 3229
[success] IHEARDthatyouask 吉林省长春市 07-20 08:52 -> 广东省台山市 07-20 16:01 866 627
[success] puzzletheNewWorld 吉林省桦甸市 07-09 07:49 -> 河南省驻马店市 07-09 15:17 852 8909
[success] Cheerfulforfreest 河北省遵化市 07-19 10:55 -> 山东省诸城市 07-19 21:55 1039 4214
[success] Asawheelonitsax 江苏省苏州市 07-02 04:18 -> 黑龙江省北安市 07-02 14:32 632 5062
[pending] INSCRIPTIONS 辽宁省庄河市 07-13 22:42 -> 天津市 07-15 06:58 1238 14484
[pending] INSCRIPTIONS 辽宁省庄河市 07-09 22:42 -> 山东省平度市 07-11 01:49 767 11769
[pending] LeavesofGrass 山西省孝义市 07-07 08:08 -> 湖北省孝感市 07-07 21:55 1558 9999
[success] INSCRIPTIONS 辽宁省庄河市 07-17 22:42 -> 广西桂平市 07-18 07:25 397 4605
[success] IHEARDthatyouask 天津市 07-01 04:45 -> 吉林省长春市 07-01 08:48 106 2608
[success] IHEARDthatyouask 山东省滨州市 08-17 15:28 -> 四川省江油市 08-18 00:41 550 1728
[pending] LeavesofGrass 浙江省慈溪市 07-05 03:15 -> 黑龙江省鸡西市 07-05 12:58 906 10368
[success] AndtodefineAmeric 北京市 07-27 05:05 -> 广东省河源市 07-27 20:47 318 1373
[pending] INSCRIPTIONS 辽宁省庄河市 07-26 22:42 -> 安徽省淮北市 07-27 15:48 596 3959
[pending] INSCRIPTIONS 辽宁省庄河市 07-19 22:42 -> 天津市 07-21 06:58 1238 17007
[success] LeavesofGrass 黑龙江省鸡西市 06-04 13:01 -> 黑龙江省大庆市 06-04 19:30 588 5194
[pending] LeavesofGrass 浙江省慈溪市 06-17 03:15 -> 山西省孝义市 06-17 07:58 389 18457
[success] TOtheeoldcause 浙江省杭州市 06-22 23:59 -> 山东省菏泽市 06-23 15:47 2495 8518
[success] IHEARDthatyouask 浙江省临安市 07-26 11:03 -> 山东省滨州市 07-26 15:18 139 5356
[pending] LeavesofGrass 山西省孝义市 06-21 08:08 -> 内蒙临河市 06-22 04:56 2036 3481
[success] Asawheelonitsax 江苏省苏州市 06-28 04:18 -> 黑龙江省北安市 06-28 14:32 632 11411
[success] Thousternremorsel 河南省永城市 07-25 05:35 -> 江苏省武进市 07-25 19:29 782 5460
[success] advanceinthisbook 河北省藁城市 06-30 09:04 -> 湖南省临湘市 06-30 16:02 759 2421
[success] INSCRIPTIONS 辽宁省庄河市 07-28 22:42 -> 广西桂平市 07-29 07:25 397 20343
[success] AndtodefineAmeric 广东省河源市 07-12 20:55 -> 江苏省淮安市 07-13 01:21 438 4450
[success] IHEARDthatyouask 浙江省临安市 08-12 11:03 -> 山东省滨州市 08-12 15:18 139 1928
[success] IHEARDthatyouask 天津市 07-03 04:45 -> 四川省江油市 07-04 00:41 1069 1459
[success] IHEARDthatyouask 吉林省长春市 07-28 08:52 -> 山东省滨州市 07-28 15:18 413 1278
[success] Withallitsangrya 湖北省松滋市 06-24 02:50 -> 安徽省宿州市 06-25 00:20 3073 853
[success] INSCRIPTIONS 辽宁省庄河市 07-26 22:42 -> 安徽省淮北市 07-27 15:48 596 4351
[success] one 海南省通什市 07-22 06:55 -> 吉林省松原市 07-22 22:26 3383 2561
[success] AndtodefineAmeric 北京市 07-27 05:05 -> 广东省河源市 07-27 20:47 318 5615
[pending] LeavesofGrass 内蒙海拉尔市 06-28 23:15 -> 黑龙江省佳木斯市 06-29 11:34 1101 9391
[success] ONESSELFISING 吉林省松原市 08-04 16:00 -> 广东省惠州市 08-04 23:10 659 18405
[pending] LeavesofGrass 山西省孝义市 07-03 08:08 -> 黑龙江省大庆市 07-03 19:30 1105 12170
[pending] LeavesofGrass 黑龙江省佳木斯市 07-03 11:40 -> 黑龙江省大庆市 07-03 19:30 702 4903
[pending] LeavesofGrass 山东省济南市 06-11 16:58 -> 河南省辉县市 06-12 02:13 842 11261
[success] LeavesofGrass 广东省揭阳市 06-04 04:33 -> 黑龙江省佳木斯市 06-04 11:34 711 17315
[success] AndtodefineAmeric 广东省河源市 08-13 20:55 -> 江苏省淮安市 08-14 01:21 438 6431
[success] LeavesofGrass 内蒙海拉尔市 06-20 23:15 -> 浙江省慈溪市 06-21 03:08 309 9042
[success] IHEARDthatyouask 吉林省长春市 08-15 08:52 -> 湖南省娄底市 08-16 01:55 1186 6945
[pending] LeavesofGrass 山西省孝义市 06-22 08:08 -> 河南省辉县市 06-23 02:13 1702 776
[success] INSCRIPTIONS 辽宁省庄河市 07-09 22:42 -> 广西桂平市 07-10 07:25 397 3292
[pending] INSCRIPTIONS 广西桂平市 07-28 07:35 -> 安徽省淮北市 07-28 15:48 199 13438
[success] IHEARDthatyouask 山东省滨州市 07-20 15:28 -> 吉林省舒兰市 07-20 21:49 507 1629
[pending] LeavesofGrass 内蒙海拉尔市 06-07 23:15 -> 黑龙江省大庆市 06-08 19:30 1803 14535
[success] LeavesofGrass 广东省揭阳市 06-09 04:33 -> 山东省济南市 06-09 16:51 1168 8721
[success] LeavesofGrass 浙江省慈溪市 07-06 03:15 -> 吉林省白山市 07-06 20:59 1805 7738
[success] INSCRIPTIONS 辽宁省庄河市 07-24 22:42 -> 广西桂平市 07-25 07:25 397 12871
[pending] LeavesofGrass 内蒙海拉尔市 07-07 23:15 -> 吉林省白山市 07-08 20:59 2114 17677
[success] LeavesofGrass 山东省济南市 07-03 16:58 -> 湖北省孝感市 07-03 21:55 698 2446
[success] LeavesofGrass 广东省揭阳市 06-15 04:33 -> 河南省辉县市 06-16 02:13 2010 4872
[refunded] LeavesofGrass 黑龙江省佳木斯市 06-27 11:40 -> 山东省济南市 06-27 16:51 457 5518
[success] LeavesofGrass 内蒙海拉尔市 07-04 23:15 -> 山东省济南市 07-05 16:51 1558 8569
[success] LeavesofGrass 黑龙江省佳木斯市 06-04 11:40 -> 内蒙临河市 06-05 04:56 1633 15054
[success] LeavesofGrass 黑龙江省鸡西市 07-01 13:01 -> 山东省济南市 07-01 16:51 343 10031
[success] LeavesofGrass 浙江省慈溪市 06-05 03:15 -> 吉林省白山市 06-05 20:59 1805 3989
[362959] -1
[362968] -1
[362978] -1
[362985] 0
[362986] -1
[362990] 0
[362991] -1
[362994] -1
[363004] -1
[363005] -1
[363009] -1
[363016] -1
[363022] -1
[363023] -1
[363030] -1
[363034] -1
[363043] -1
[363047] -1
[363050] -1
[363054] -1
[363061] 0
[363070] -1
[363077] -1
[363081] -1
[363088] -1
[363093] 0
[363095] -1
[363100] 0
[363108] -1
[363115] 0
[363124] -1
[363127] -1
[363137] 0
[363142] -1
[363144] -1
[363154] 0
[363162] -1
[363163] -1
[363164] 0
[363167] -1
[363176] -1
[363182] -1
[363192] 0
[363199] -1
[363202] -1
[363207] 0
[363217] -1
[363226] -1
[363231] -1
[363241] -1
[363243] 0
[363245] -1
[363254] -1
[363259] -1
[363261] -1
[363264] -1
[363272] -1
[363276] 0
[363279] 0
[363280] 0
[363288] -1
[363289] -1
[363293] -1
[363297] -1
[363306] -1
[363315] -1
[363316] -1
[363318] -1
[363323] 0
[363327] -1
[363328] -1
[363333] -1
[363343] -1
[363349] -1
[363352] 0
[363358] -1
[363367] -1
[363369] -1
[363372] -1
[363374] -1
[363378] -1
[363382] -1
[363388] -1
[363393] 0
[363395] -1
[363396] 0
[363403] -1
[363408] -1
[363411] -1
[363418] -1
[363421] -1
[363422] -1
[363423] -1
[363430] -1
[363431] -1
[363440] 0
[363444] 0
[363445] -1
[363447] -1
[363449] 0
[363455] -1
[363456] -1
[363457] 0
[363460] 0
[363466] -1
[363471] -1
[363477] -1
[363483] -1
[363493] 0
[363501] -1
[363505] -1
[363509] -1
[363519] -1
[363524] -1
[363529] -1
[363538] 0
[363548] -1
[363554] -1
[363556] -1
[363557] 0
[363564] -1
[363573] -1
[363579] -1
[363580] 0
[363588] 0
[363593] -1
[363594] -1
[363595] -1
[363596] -1
[363598] 0
[363606] -1
[363611] -1
[363612] 0
[363615] 0
[363621] -1
[363625] -1
[363628] 0
[363633] -1
[363640] -1
[363649] -1
[363655] 0
[363658] -1
[363662] -1
[363671] -1
[363679] -1
[363689] -1
[363699] -1
[363709] 0
[363712] -1
[363720] -1
[363730] -1
[363738] -1
[363747] -1
[363752] -1
[363760] -1
[363762] -1
[363772] -1
[363780] -1
[363785] 0
[363790] 0
[363793] -1
[363800] -1
[363806] -1
[363813] 0
[363814] 0
[363821] -1
[363828] 0
[363835] -1
[363840] -1
[363847] -1
[363852] 0
[363854] -1
[363864] bye
