[34061] -1
[34068] -1
[34073] -1
[34080] -1
[34084] -1
[34086] -1
[34088] -1
[34089] -1
[34098] -1
[34105] -1
[34110] -1
[34119] -1
[34123] -1
[34132] -1
[34134] -1
[34138] -1
[34148] -1
[34153] -1
[34163] -1
[34172] -1
[34180] -1
[34190] 0
[34199] Siege 推进之王 Proletariat@From.the 1
[34202] -1
[34209] -1
[34219] -1
[34228] -1
[34236] -1
[34239] -1
[34240] -1
[34243] -1
[34252] -1
[34256] -1
[34259] -1
[34260] -1
[34267] 0
[34277] 0
[34279] -1
[34283] -1
[34285] -1
[34293] Leizi 惊蛰 by.a.corresponding@political.a 1
[34303] -1
[34305] 0
[34306] -1
[34310] 0
[34313] -1
[34321] -1
[34323] 0
[34330] -1
[34332] Astesia 星极 have.patricians@knights.plebei 1
[34334] -1
[34343] -1
[34344] 0
[34352] Vulcan 火神 to.commerce@to.navigation 1
[34355] Catapult 空爆 were.developed@The.discovery 3
[34357] 0
[34360] -1
[34364] Purestream 清流 never.before@known.and 1
[34372] FEater 食铁兽 Communistic@by.its 4
[34380] -1
[34381] Croissant 可颂 in.the.modes@of.production 1
[34388] -1
[34394] Rangers 巡林者 of.the.earliest@towns.From 2
[34402] Vermeil 红云 stood.in.constant@opposition.t 2
[34411] Deepcolor 深海 into.the.background@every.clas 1
[34417] -1
[34418] Mayer 梅尔 serf.guildmaster@and.journeyma 1
[34425] Bison 拜松 there.taxable@third.estate 1
[34426] -1
[34435] -1
[34436] HIEUgSsxqjRWcfYLdu 囑劝凷妁 either.the@semifeudal.or 3
[34441] -1
[34451] -1
[34457] HIEUgSsxqjRWcfYLdu 囑劝凷妁 either.the@semifeudal.or 3
[34460] -1
[34469] Deepcolor 深海 into.the.background@every.clas 1
[34470] Nightmare 夜魔 of.the.feudal@nobility.an 1
[34477] Purestream 清流 never.before@known.and 1
[34478] Istina 真理 aims.their@tendencies.and 1
[34488] Mayer 梅尔 serf.guildmaster@and.journeyma 1
[34490] -1
[34498] -1
[34508] Nightingale 夜莺 arrangement@of.society 2
[34511] -1
[34516] Mousse 慕斯 of.manufacture@was.taken 2
[34517] Astesia 星极 have.patricians@knights.plebei 1
[34524] -1
[34527] 0
[34534] -1
[34543] -1
[34545] -1
[34547] Bagpipe 风笛 antagonisms@Society.as 2
[34550] -1
[34559] -1
[34563] 0
[34566] -1
[34567] -1
[34576] 0
[34577] 0
[34578] QKoHnGujcnKjqgkeZEGU 宷嶒仗 the.absolute@monarchy.as 1
[34583] -1
[34591] 0
[34600] 0
[34605] 1
puzzletheNewWorld 辽宁省灯塔市 08-08 05:44 -> 河南省郑州市 08-08 10:51 687 66413
[34609] 1
IHEARDthatyouask 广东省台山市 07-04 16:07 -> 湖南省娄底市 07-05 01:55 320 20628
[34619] 13646066
[34620] 1
LeavesofGrass 黑龙江省佳木斯市 06-23 11:40 -> 吉林省白山市 06-23 20:59 1013 7801
[34628] Franka 芙兰 last.since@the.establishment 3
[34637] 1
Ithinkallwarthr 河北省邯郸市 07-13 02:21 -> 贵州省铜仁市 07-13 15:45 824 51915
[34638] Cuora 蛇屠 in.the.development@of.the 3
[34644] Rangers 巡林者 of.the.earliest@towns.From 2
[34645] Phantom 傀影 bourgeoisie@developed.increase 3
[34648] -1
[34656] 1522338
[34664] 6271680
[34674] 1
AndtodefineAmeric 北京市 08-04 05:05 -> 广东省河源市 08-04 20:47 318 53839
[34678] 6125624
[34687] -1
[34690] Sora 空空 the.different@corporate.guilds 4
[34697] Spot 斑点 result.from@this.fact 3
[34698] 1
Thousternremorsel 江苏省武进市 06-24 19:33 -> 内蒙东胜市 06-25 09:48 429 24953
[34705] queue
[34712] 1
Ithinkallwarthr 湖南省涟源市 07-05 16:58 -> 内蒙东胜市 07-06 09:41 1700 51915
[34718] -1
[34722] 0
[34729] 1
Thousternremorsel 广东省增城市 07-24 14:49 -> 内蒙东胜市 07-25 09:48 557 24953
[34735] Bibeak 柏喙 of.the.monarchy@as.in 1
[34737] 1
INSCRIPTIONS 辽宁省庄河市 07-15 22:42 -> 广西桂平市 07-16 07:25 397 63325
[34738] queue
[34741] BluePoison 蓝毒 of.America@the.rounding 2
[34750] 1
INSCRIPTIONS 广西桂平市 07-27 07:35 -> 天津市 07-28 06:58 841 3658
[34755] -1
[34763] -1
[34765] 1
IHEARDthatyouask 浙江省临安市 07-17 11:03 -> 山东省滨州市 07-17 15:18 139 27723
[34768] 1
TOTHEEOLDCAUSE 内蒙临河市 08-13 03:07 -> 辽宁省阜新市 08-13 11:11 647 67733
[34771] -1
[34773] -1
[34781] Gavial 嘉维尔 policespies@Where.is 4
[34783] W 达不溜 vanished.in@the.face 4
[34792] 1
Deathlessthroughout 北京市 06-25 15:22 -> 贵州省都匀市 06-26 08:47 2132 43088
[34798] Eyjafjalla 艾雅法拉 nationalities@have.assembled 2
[34805] 6459448
[34807] 1
puzzletheNewWorld 河南省新密市 07-28 08:21 -> 四川省达州市 07-28 18:46 1058 57208
[34809] 395156
[34810] 1
Ithinkallwarthr 河北省邯郸市 07-19 02:21 -> 内蒙东胜市 07-19 09:41 675 51915
[34813] 2647350
[34816] -1
[34826] 6678504
[34835] 1
Deathlessthroughout 浙江省上虞市 07-13 16:31 -> 江苏省高邮市 07-13 17:21 307 40199
[34839] Istina 真理 aims.their@tendencies.and 1
[34848] 6750540
[34858] 4965705
[34859] Istina 真理 of.Modern.Industry@and.of 1
[34864] CHOJXVsWcIVA 岐守忡 great.monarchies@in.general 1
[34872] 1
TOTHEEOLDCAUSE 内蒙临河市 07-13 03:07 -> 辽宁省阜新市 07-13 11:11 647 64886
[34877] queue
[34886] 1
Ithinkallwarthr 河北省邯郸市 07-03 02:21 -> 山西省介休市 07-03 05:42 366 51915
[34892] -1
[34895] -1
[34901] 1
INSCRIPTIONS 安徽省淮北市 08-15 15:57 -> 山东省平度市 08-16 01:49 171 57850
[34911] 1
TOTHEEOLDCAUSE 江苏省大丰市 07-17 05:56 -> 山西省汾阳市 07-17 21:18 732 67733
[34912] -1
[34918] 1
TOtheeoldcause 山东省青州市 07-29 06:45 -> 江西省宜春市 07-29 08:01 281 87484
[34922] 1
Thousternremorsel 云南省开远市 08-04 12:18 -> 黑龙江省肇东市 08-05 04:22 652 24953
[34932] 1
AndtodefineAmeric 广东省河源市 07-15 20:55 -> 江苏省淮安市 07-16 01:21 438 52847
[34935] 3897318
[34945] 0
[34950] queue
[34954] -1
[34964] queue
[34968] 207739
[34970] 1
Deathlessthroughout 浙江省上虞市 07-21 16:31 -> 黑龙江省鸡西市 07-22 04:53 1488 43088
[34974] 0
[34976] 1
LeavesofGrass 浙江省慈溪市 06-11 03:15 -> 广东省揭阳市 06-11 04:27 81 58133
[34986] Popukar 泡普 The.manufacturing@system.took 2
[34987] 1606338
[34988] 12035244
[34994] 355965
[34998] 4399536
[35002] -1
[35008] 1
Thousternremorsel 河南省永城市 06-26 05:35 -> 内蒙东胜市 06-27 09:48 1211 24953
[35009] Saria 塞雷 communication@by.land 1
[35012] Hellagur 赫拉 development@The.feudal 1
[35018] -1
[35028] Deepcolor 深海 into.the.background@every.clas 1
[35029] 1
puzzletheNewWorld 海南省万宁市 07-11 23:30 -> 山东省烟台市 07-11 23:52 132 46459
[35030] 1
IHEARDthatyouask 吉林省长春市 07-27 08:52 -> 吉林省舒兰市 07-27 21:49 920 10130
[35036] 1662048
[35044] 1
Thousternremorsel 黑龙江省肇东市 06-16 04:25 -> 内蒙东胜市 06-16 09:48 167 24953
[35054] 2201568
[35062] Hung 吽吽 France.afterwards@in.the 3
[35064] Nearl 临光 new.conditions@of.oppression 1
[35069] 3300261
[35073] 1960150
[35080] queue
[35088] 830934
[35091] 1
IHEARDthatyouask 吉林省舒兰市 07-25 21:57 -> 湖南省娄底市 07-26 01:55 266 25631
[35101] 7260057
[35107] 1
puzzletheNewWorld 河南省郑州市 07-17 11:01 -> 河南省驻马店市 07-17 15:17 395 51805
[35108] 611667
[35112] -1
[35116] 1
Afterastrangesad 贵州省遵义市 06-11 06:50 -> 青海省格尔木市 06-11 13:16 1273 45046
[35124] 1545194
[35127] -1
[35129] 2328640
[35134] 2125740
[35136] -1
[35141] Franka 芙兰 last.since@the.establishment 3
[35143] -1
[35146] -1
[35156] Haze 夜烟 in.proportion@as.industry 3
[35161] 4375756
[35166] Sideroca 铸铁 the.Spectre@of.Communism 1
[35167] Meteor 流星 the.earlier@epochs.of 1
[35168] 941600
[35175] 1
Thousternremorsel 北京市 07-31 07:49 -> 内蒙东胜市 08-01 09:48 910 24953
[35181] -1
[35183] 657045
[35184] 6777084
[35189] -1
[35193] Ptilopsis 白面鸮 colonisation@of.America 2
[35199] 1201310
[35205] Deepcolor 深海 into.the.background@every.clas 1
[35206] Popukar 泡普 The.manufacturing@system.took 2
[35211] -1
[35213] 1
Deathlessthroughout 浙江省上虞市 07-05 16:31 -> 山西省朔州市 07-06 01:36 916 43088
[35214] 1
AndtodefineAmeric 广东省河源市 06-23 20:55 -> 江苏省淮安市 06-24 01:21 438 44716
[35222] 1
TOTHEEOLDCAUSE 内蒙临河市 08-23 03:07 -> 辽宁省阜新市 08-23 11:11 647 67733
[35225] 1
puzzletheNewWorld 吉林省桦甸市 07-17 07:49 -> 河南省新密市 07-17 08:17 59 66413
[35234] 1
LeavesofGrass 广东省揭阳市 06-25 04:33 -> 吉林省白山市 06-25 20:59 1724 2406
[35241] 1
AndtodefineAmeric 广东省河源市 07-30 20:55 -> 江苏省淮安市 07-31 01:21 438 53839
[35246] 1
Thousternremorsel 河南省永城市 06-15 05:35 -> 天津市 06-16 00:43 858 24953
[35250] 9
[success] TOTHEEOLDCAUSE 辽宁省阜新市 08-22 11:17 -> 山西省汾阳市 08-22 21:18 326 3685
[success] LeavesofGrass 吉林省白山市 07-06 21:05 -> 湖北省孝感市 07-06 21:55 142 14970
[success] IHEARDthatyouask 广东省台山市 07-01 16:07 -> 湖南省娄底市 07-02 01:55 320 7277
[success] IHEARDthatyouask 浙江省临安市 08-19 11:03 -> 吉林省舒兰市 08-19 21:49 646 3408
[success] IHEARDthatyouask 吉林省长春市 07-24 08:52 -> 山东省滨州市 07-24 15:18 413 503
[pending] INSCRIPTIONS 安徽省淮北市 07-19 15:57 -> 天津市 07-20 06:58 642 21348
[success] IHEARDthatyouask 天津市 07-09 04:45 -> 广东省台山市 07-09 16:01 972 6945
[success] IHEARDthatyouask 山东省滨州市 08-02 15:28 -> 湖南省娄底市 08-03 01:55 773 4018
[success] INSCRIPTIONS 辽宁省庄河市 07-13 22:42 -> 广西桂平市 07-14 07:25 397 6575
[35258] -1
[35261] 749726
[35262] 1
Thousternremorsel 河南省永城市 07-25 05:35 -> 天津市 07-26 00:43 858 24953
[35264] 0
[35267] 1
Afterastrangesad 北京市 07-10 23:36 -> 新疆喀什市 07-11 12:29 1718 45046
[35270] -1
[35275] 1
AndtodefineAmeric 北京市 08-14 05:05 -> 广东省河源市 08-14 20:47 318 46188
[35283] -1
[35292] 1
Thousternremorsel 广东省增城市 07-22 14:49 -> 天津市 07-23 00:43 204 24953
[35293] 4563350
[35303] 1
IHEARDthatyouask 天津市 08-13 04:45 -> 山东省滨州市 08-13 15:18 519 26849
[35310] 1
LeavesofGrass 山东省济南市 06-16 16:58 -> 湖北省孝感市 06-16 21:55 698 51
[35318] 875772
[35320] 1
puzzletheNewWorld 河南省驻马店市 08-18 15:23 -> 海南省万宁市 08-18 23:27 366 58870
[35327] 1
Thousternremorsel 河南省永城市 06-23 05:35 -> 西藏日喀则市 06-24 11:04 1437 24953
[35335] 0
[35338] 1
AndtodefineAmeric 北京市 06-19 05:05 -> 江苏省淮安市 06-20 01:21 756 42145
[35341] queue
[35346] -1
[35352] queue
[35355] queue
[35357] queue
[35361] 28990437
[35365] -1
[35372] 3710760
[35382] queue
[35392] -1
[35396] 1
LeavesofGrass 广东省揭阳市 06-04 04:33 -> 内蒙临河市 06-05 04:56 2344 414
[35397] 2970044
[35406] 441870
[35415] 0
[35417] -1
[35418] 1
Deathlessthroughout 山西省朔州市 06-10 01:42 -> 贵州省都匀市 06-10 08:47 1141 43088
[35426] 1
TOtheeoldcause 湖南省娄底市 07-12 16:26 -> 广东省潮阳市 07-13 01:12 1579 87484
[35431] Ethan 伊桑 European.Powers@to.be 2
[35439] 1932340
[35446] 1
Afterastrangesad 河北省武安市 06-07 08:25 -> 吉林省龙井市 06-07 16:29 1261 45046
[35456] 196352
[35465] 0
[35473] 1
Ithinkallwarthr 湖南省涟源市 07-22 16:58 -> 内蒙东胜市 07-23 09:41 1700 51915
[35476] -1
[35481] Cuora 蛇屠 in.the.development@of.the 3
[35483] 1
TOTHEEOLDCAUSE 江苏省大丰市 07-22 05:56 -> 辽宁省阜新市 07-22 11:11 406 67733
[35491] Plume 翎羽 with.a.Manifesto@of.the 1
[35493] 694820
[35497] Bagpipe 风笛 antagonisms@Society.as 2
[35504] 870240
[35513] 1
Afterastrangesad 天津市 06-18 13:45 -> 吉林省德惠市 06-19 05:24 1342 45046
[35523] -1
[35528] queue
[35538] -1
[35545] 1
AndtodefineAmeric 广东省河源市 08-13 20:55 -> 江苏省淮安市 08-14 01:21 438 53839
[35549] -1
[35558] Cardigan 卡缇 history.we@find.almost 4
[35566] 2205119
[35571] -1
[35573] -1
[35579] 1
TOTHEEOLDCAUSE 内蒙临河市 08-15 03:07 -> 山西省汾阳市 08-15 21:18 973 67733
[35580] 5619932
[35587] -1
[35594] -1
[35603] Steward 史都华德 division.of@labour.between 4
[35612] -1
[35614] 701195
[35616] -1
[35619] -1
[35627] queue
[35628] 1
AndtodefineAmeric 北京市 08-18 05:05 -> 广东省河源市 08-18 20:47 318 53839
[35636] 1
INSCRIPTIONS 安徽省淮北市 07-12 15:57 -> 天津市 07-13 06:58 642 310
[35646] -1
[35648] 1
Ithinkallwarthr 河北省邯郸市 07-07 02:21 -> 贵州省铜仁市 07-07 15:45 824 51915
[35655] 0
[35656] 0
[35665] Matterhorn 角峰 middle.class@by.industrial 2
[35668] 1
Thousternremorsel 北京市 07-04 07:49 -> 云南省开远市 07-04 12:09 91 24953
[35672] 3217808
[35675] 3615342
[35679] Provence 普罗旺 of.whole.industrial@armies.the 1
[35683] Yato 夜刀 the.markets@kept.ever 1
[35692] 2856400
[35697] queue
[35707] 1
Ithinkallwarthr 湖南省涟源市 07-11 16:58 -> 河北省邯郸市 07-12 02:11 1025 51915
[35710] 3430602
[35715] queue
[35718] 4219754
[35725] Steward 史都华德 division.of@labour.between 4
[35735] 0
[35742] queue
[35744] 1
Ithinkallwarthr 湖南省涟源市 07-19 16:58 -> 贵州省铜仁市 07-20 15:45 1849 51915
[35753] Vigna 红豆 face.of.the@whole.world 2
[35761] 1
AndtodefineAmeric 北京市 07-05 05:05 -> 江苏省淮安市 07-06 01:21 756 53839
[35763] Fang 芬芬 this.spectre@Pope.and 4
[35768] 1
TOTHEEOLDCAUSE 辽宁省阜新市 07-16 11:17 -> 山西省汾阳市 07-16 21:18 326 67733
[35772] 24
[success] LeavesofGrass 山西省孝义市 06-19 08:08 -> 黑龙江省鸡西市 06-19 12:58 517 6224
[success] LeavesofGrass 广东省揭阳市 07-07 04:33 -> 山西省孝义市 07-07 07:58 308 14207
[success] INSCRIPTIONS 广西桂平市 08-14 07:35 -> 安徽省淮北市 08-14 15:48 199 9850
[success] LeavesofGrass 湖北省孝感市 07-09 22:03 -> 河南省辉县市 07-10 02:13 144 11542
[pending] INSCRIPTIONS 辽宁省庄河市 08-17 22:42 -> 山东省平度市 08-19 01:49 767 12040
[success] INSCRIPTIONS 辽宁省庄河市 07-14 22:42 -> 安徽省淮北市 07-15 15:48 596 19947
[success] IHEARDthatyouask 吉林省舒兰市 08-06 21:57 -> 湖南省娄底市 08-07 01:55 266 3037
[success] INSCRIPTIONS 辽宁省庄河市 08-07 22:42 -> 安徽省淮北市 08-08 15:48 596 7233
[success] IHEARDthatyouask 浙江省临安市 08-05 11:03 -> 山东省滨州市 08-05 15:18 139 1429
[pending] LeavesofGrass 广东省揭阳市 06-28 04:33 -> 黑龙江省鸡西市 06-28 12:58 825 8924
[success] LeavesofGrass 山东省济南市 06-15 16:58 -> 吉林省白山市 06-15 20:59 556 66
[success] IHEARDthatyouask 天津市 08-15 04:45 -> 浙江省临安市 08-15 10:58 380 5601
[success] IHEARDthatyouask 天津市 08-11 04:45 -> 浙江省临安市 08-11 10:58 380 5368
[success] LeavesofGrass 山西省孝义市 06-24 08:08 -> 黑龙江省鸡西市 06-24 12:58 517 12827
[success] INSCRIPTIONS 安徽省淮北市 08-16 15:57 -> 山东省平度市 08-17 01:49 171 11035
[success] LeavesofGrass 黑龙江省鸡西市 06-15 13:01 -> 内蒙临河市 06-16 04:56 1519 10074
[success] INSCRIPTIONS 广西桂平市 08-08 07:35 -> 天津市 08-09 06:58 841 6628
[success] LeavesofGrass 内蒙海拉尔市 06-13 23:15 -> 山东省济南市 06-14 16:51 1558 7692
[pending] LeavesofGrass 广东省揭阳市 06-04 04:33 -> 山东省济南市 06-04 16:51 1168 9154
[success] LeavesofGrass 山西省孝义市 07-04 08:08 -> 黑龙江省大庆市 07-04 19:30 1105 13851
[success] LeavesofGrass 山东省济南市 06-26 16:58 -> 湖北省孝感市 06-26 21:55 698 3983
[success] LeavesofGrass 广东省揭阳市 07-08 04:33 -> 内蒙临河市 07-09 04:56 2344 4619
[success] INSCRIPTIONS 广西桂平市 07-28 07:35 -> 天津市 07-29 06:58 841 20694
[success] LeavesofGrass 广东省揭阳市 07-09 04:33 -> 山东省济南市 07-09 16:51 1168 12560
[35781] 12
[pending] LeavesofGrass 浙江省慈溪市 07-01 03:15 -> 山西省孝义市 07-01 07:58 389 18107
[success] INSCRIPTIONS 广西桂平市 07-11 07:35 -> 安徽省淮北市 07-11 15:48 199 11081
[success] IHEARDthatyouask 山东省滨州市 08-05 15:28 -> 四川省江油市 08-06 00:41 550 8297
[success] TOTHEEOLDCAUSE 辽宁省阜新市 08-22 11:17 -> 山西省汾阳市 08-22 21:18 326 3685
[success] LeavesofGrass 吉林省白山市 07-06 21:05 -> 湖北省孝感市 07-06 21:55 142 14970
[success] IHEARDthatyouask 广东省台山市 07-01 16:07 -> 湖南省娄底市 07-02 01:55 320 7277
[success] IHEARDthatyouask 浙江省临安市 08-19 11:03 -> 吉林省舒兰市 08-19 21:49 646 3408
[success] IHEARDthatyouask 吉林省长春市 07-24 08:52 -> 山东省滨州市 07-24 15:18 413 503
[pending] INSCRIPTIONS 安徽省淮北市 07-19 15:57 -> 天津市 07-20 06:58 642 21348
[success] IHEARDthatyouask 天津市 07-09 04:45 -> 广东省台山市 07-09 16:01 972 6945
[success] IHEARDthatyouask 山东省滨州市 08-02 15:28 -> 湖南省娄底市 08-03 01:55 773 4018
[success] INSCRIPTIONS 辽宁省庄河市 07-13 22:42 -> 广西桂平市 07-14 07:25 397 6575
[35785] 1
Deathlessthroughout 江苏省高邮市 06-10 17:30 -> 贵州省都匀市 06-11 08:47 1750 43088
[35787] 1
TOtheeoldcause 黑龙江省宁安市 07-10 17:08 -> 山东省菏泽市 07-11 15:47 3573 87484
[35792] Savage 暴行 not.hurled@back.the 4
[35798] -1
[35807] 1
LeavesofGrass 山西省孝义市 06-08 08:08 -> 内蒙临河市 06-09 04:56 2036 1561
[35811] Astesia 星极 have.patricians@knights.plebei 1
[35819] 12160500
[35822] -1
[35823] Meteorite 陨星 its.time.reacted@on.the 2
[35831] -1
[35841] -1
[35851] 7713156
[35856] 1
IHEARDthatyouask 天津市 07-24 04:45 -> 广东省台山市 07-24 16:01 972 28084
[35857] Eyjafjalla 艾雅法拉 nationalities@have.assembled 2
[35863] CHOJXVsWcIVA 岐守忡 great.monarchies@in.general 1
[35866] 1
AndtodefineAmeric 北京市 07-16 05:05 -> 广东省河源市 07-16 20:47 318 53839
[35871] queue
[35876] -1
[35882] Provence 普罗旺 of.whole.industrial@armies.the 1
[35892] 8
[success] IHEARDthatyouask 浙江省临安市 07-23 11:03 -> 广东省台山市 07-23 16:01 592 4825
[success] INSCRIPTIONS 辽宁省庄河市 08-16 22:42 -> 广西桂平市 08-17 07:25 397 14156
[success] LeavesofGrass 吉林省白山市 06-24 21:05 -> 河南省辉县市 06-25 02:13 286 1545
[pending] LeavesofGrass 黑龙江省佳木斯市 06-06 11:40 -> 黑龙江省鸡西市 06-06 12:58 114 13211
[pending] INSCRIPTIONS 辽宁省庄河市 08-17 22:42 -> 天津市 08-19 06:58 1238 8583
[success] LeavesofGrass 黑龙江省大庆市 06-22 19:34 -> 内蒙临河市 06-23 04:56 931 657
[success] LeavesofGrass 内蒙海拉尔市 07-10 23:15 -> 黑龙江省鸡西市 07-11 12:58 1215 4087
[success] LeavesofGrass 内蒙海拉尔市 06-25 23:15 -> 山西省孝义市 06-26 07:58 698 2181
[35893] 12182184
[35903] 7
[success] puzzletheNewWorld 吉林省桦甸市 07-21 07:49 -> 河南省驻马店市 07-21 15:17 852 9053
[success] LeavesofGrass 山东省济南市 06-20 16:58 -> 黑龙江省大庆市 06-20 19:30 245 2836
[success] puzzletheNewWorld 河南省郑州市 08-20 11:01 -> 河南省驻马店市 08-20 15:17 395 4892
[success] LeavesofGrass 广东省揭阳市 06-16 04:33 -> 山西省孝义市 06-16 07:58 308 9643
[pending] LeavesofGrass 浙江省慈溪市 07-07 03:15 -> 黑龙江省佳木斯市 07-07 11:34 792 3260
[success] LeavesofGrass 浙江省慈溪市 07-02 03:15 -> 山东省济南市 07-02 16:51 1249 285
[success] INSCRIPTIONS 辽宁省庄河市 07-13 22:42 -> 安徽省淮北市 07-14 15:48 596 10838
[35908] Durnar 坚雷 an.uninterrupted@now.hidden 4
[35915] -1
[35925] 7057635
[35926] 1
IHEARDthatyouask 吉林省长春市 07-06 08:52 -> 四川省江油市 07-07 00:41 963 29215
[35934] 1
puzzletheNewWorld 河南省郑州市 08-19 11:01 -> 四川省达州市 08-19 18:46 660 66413
[35938] 1
Thousternremorsel 北京市 08-04 07:49 -> 黑龙江省肇东市 08-05 04:22 743 24953
[35948] 4113824
[35950] 1
Afterastrangesad 安徽省芜湖市 07-08 17:20 -> 河北省武安市 07-09 08:22 1716 45046
[35956] Weedy 温蒂 bourgeoisie@is.itself 2
[35961] queue
[35970] 4632726
[35975] 2195740
[35985] 4229020
[35992] 1
Ithinkallwarthr 山东省枣庄市 07-11 20:18 -> 贵州省铜仁市 07-12 15:45 1681 51915
[35993] Swire 诗怀雅 each.other@Bourgeoisie.and 3
[35996] 1053675
[36003] 6883140
[36009] Manticore 狮蝎 extension.of@industry.and 1
[36011] 2028377
[36013] 4343472
[36019] 4328031
[36020] 0
[36026] 0
[36034] 1
Deathlessthroughout 黑龙江省鸡西市 06-29 05:03 -> 广西南宁市 06-29 06:48 419 43088
[36044] 31
[success] Ithinkallwarthr 山东省枣庄市 07-27 20:18 -> 贵州省贵阳市 07-27 21:16 371 11374
[success] LeavesofGrass 内蒙海拉尔市 06-19 23:15 -> 黑龙江省大庆市 06-20 19:30 1803 16079
[success] LeavesofGrass 浙江省慈溪市 07-06 03:15 -> 广东省揭阳市 07-06 04:27 81 10812
[success] IHEARDthatyouask 山东省滨州市 08-18 15:28 -> 四川省江油市 08-19 00:41 550 1712
[success] IHEARDthatyouask 吉林省舒兰市 07-27 21:57 -> 湖南省娄底市 07-28 01:55 266 5809
[pending] INSCRIPTIONS 广西桂平市 07-25 07:35 -> 天津市 07-26 06:58 841 13947
[success] INSCRIPTIONS 辽宁省庄河市 08-03 22:42 -> 广西桂平市 08-04 07:25 397 8313
[success] LeavesofGrass 浙江省慈溪市 06-09 03:15 -> 黑龙江省鸡西市 06-09 12:58 906 1773
[success] IHEARDthatyouask 四川省江油市 08-09 00:49 -> 湖南省娄底市 08-09 01:55 223 1772
[pending] LeavesofGrass 山西省孝义市 06-06 08:08 -> 河南省辉县市 06-07 02:13 1702 11819
[pending] LeavesofGrass 山西省孝义市 07-03 08:08 -> 吉林省白山市 07-03 20:59 1416 4221
[pending] LeavesofGrass 内蒙海拉尔市 06-21 23:15 -> 河南省辉县市 06-23 02:13 2400 2721
[success] puzzletheNewWorld 河南省郑州市 07-31 11:01 -> 河南省驻马店市 07-31 15:17 395 11598
[success] LeavesofGrass 广东省揭阳市 07-04 04:33 -> 内蒙临河市 07-05 04:56 2344 2060
[pending] LeavesofGrass 山西省孝义市 06-06 08:08 -> 内蒙临河市 06-07 04:56 2036 11809
[success] IHEARDthatyouask 天津市 07-21 04:45 -> 吉林省长春市 07-21 08:48 106 8100
[success] INSCRIPTIONS 安徽省淮北市 07-11 15:57 -> 山东省平度市 07-12 01:49 171 2249
[success] INSCRIPTIONS 安徽省淮北市 08-18 15:57 -> 天津市 08-19 06:58 642 547
[success] LeavesofGrass 内蒙海拉尔市 06-29 23:15 -> 黑龙江省大庆市 06-30 19:30 1803 2992
[success] LeavesofGrass 内蒙海拉尔市 06-16 23:15 -> 山东省济南市 06-17 16:51 1558 522
[success] puzzletheNewWorld 辽宁省灯塔市 07-30 05:44 -> 山东省烟台市 07-30 23:52 1580 2951
[pending] LeavesofGrass 内蒙海拉尔市 06-03 23:15 -> 内蒙临河市 06-05 04:56 2734 5504
[success] LeavesofGrass 内蒙海拉尔市 06-09 23:15 -> 黑龙江省大庆市 06-10 19:30 1803 4772
[pending] LeavesofGrass 内蒙海拉尔市 06-10 23:15 -> 内蒙临河市 06-12 04:56 2734 1424
[success] INSCRIPTIONS 辽宁省庄河市 08-01 22:42 -> 天津市 08-03 06:58 1238 14741
[success] LeavesofGrass 浙江省慈溪市 07-06 03:15 -> 河南省辉县市 07-07 02:13 2091 12615
[success] INSCRIPTIONS 辽宁省庄河市 08-17 22:42 -> 安徽省淮北市 08-18 15:48 596 21171
[success] LeavesofGrass 黑龙江省佳木斯市 07-09 11:40 -> 河南省辉县市 07-10 02:13 1299 1050
[success] LeavesofGrass 黑龙江省鸡西市 06-16 13:01 -> 湖北省孝感市 06-16 21:55 1041 14525
[success] LeavesofGrass 黑龙江省鸡西市 06-17 13:01 -> 河南省辉县市 06-18 02:13 1185 16934
[success] LeavesofGrass 黑龙江省鸡西市 07-03 13:01 -> 山东省济南市 07-03 16:51 343 3639
[36046] 7053480
[36055] 1031049
[36065] 7
[success] puzzletheNewWorld 吉林省桦甸市 07-21 07:49 -> 河南省驻马店市 07-21 15:17 852 9053
[success] LeavesofGrass 山东省济南市 06-20 16:58 -> 黑龙江省大庆市 06-20 19:30 245 2836
[success] puzzletheNewWorld 河南省郑州市 08-20 11:01 -> 河南省驻马店市 08-20 15:17 395 4892
[success] LeavesofGrass 广东省揭阳市 06-16 04:33 -> 山西省孝义市 06-16 07:58 308 9643
[pending] LeavesofGrass 浙江省慈溪市 07-07 03:15 -> 黑龙江省佳木斯市 07-07 11:34 792 3260
[success] LeavesofGrass 浙江省慈溪市 07-02 03:15 -> 山东省济南市 07-02 16:51 1249 285
[success] INSCRIPTIONS 辽宁省庄河市 07-13 22:42 -> 安徽省淮北市 07-14 15:48 596 10838
[36075] Frostleaf 霜叶 in.a.revolutionary@reconstitut 1
[36076] Durin 杜林 BOURGEOIS.AND@PROLETARIANS.The 1
[36083] -1
[36093] -1
[36098] -1
[36103] -1
[36113] 0
[36115] zxcNjvGhrWySvG 係匪妀弮 the.mediaeval@commune.here 1
[36122] 0
[36130] 0
[36138] -1
[36148] 1
Afterastrangesad 天津市 06-25 13:45 -> 贵州省遵义市 06-26 06:40 1366 45046
[36152] 712530
[36157] 1
IHEARDthatyouask 广东省台山市 07-09 16:07 -> 湖南省娄底市 07-10 01:55 320 22144
[36163] 1
AndtodefineAmeric 广东省河源市 06-17 20:55 -> 江苏省淮安市 06-18 01:21 438 53839
[36166] Leizi 惊蛰 by.a.corresponding@political.a 1
[36168] 1
TOtheeoldcause 新疆阜康市 07-30 05:30 -> 北京市 07-30 13:26 1303 87484
[36178] -1
[36182] 1
LeavesofGrass 黑龙江省鸡西市 07-08 13:01 -> 湖北省孝感市 07-08 21:55 1041 1054
[36191] 4871817
[36196] 1
puzzletheNewWorld 陕西省咸阳市 06-30 09:13 -> 广西百色市 07-01 01:47 1467 66413
[36200] 17478810
[36209] 1
LeavesofGrass 浙江省慈溪市 06-24 03:15 -> 广东省揭阳市 06-24 04:27 81 46972
[36211] Firewatch 守林人 modern.bourgeois@Modern.indust 1
[36216] -1
[36217] 92502
[36227] Steward 史都华德 division.of@labour.between 4
[36237] 1
IHEARDthatyouask 天津市 07-27 04:45 -> 浙江省临安市 07-27 10:58 380 15092
[36243] 1
puzzletheNewWorld 吉林省桦甸市 07-24 07:49 -> 广西百色市 07-25 01:47 1747 66413
[36244] 1
AndtodefineAmeric 北京市 07-31 05:05 -> 广东省河源市 07-31 20:47 318 43985
[36251] 1
AndtodefineAmeric 北京市 06-19 05:05 -> 广东省河源市 06-19 20:47 318 42145
[36261] 5883540
[36263] 1564917
[36268] -1
[36275] 1
Afterastrangesad 河北省武安市 06-07 08:25 -> 青海省格尔木市 06-07 13:16 840 45046
[36276] -1
[36277] -1
[36278] -1
[36280] NoirCorne 黑角 everywhere@a.complicated 3
[36287] 1
puzzletheNewWorld 辽宁省灯塔市 07-21 05:44 -> 河南省新密市 07-21 08:17 289 57360
[36289] HIEUgSsxqjRWcfYLdu 囑劝凷妁 either.the@semifeudal.or 3
[36292] -1
[36297] Lappland 拉普兰德 slaves.in.the@Middle.Ages 2
[36303] 2859192
[36310] 1
LeavesofGrass 内蒙海拉尔市 06-03 23:15 -> 吉林省白山市 06-04 20:59 2114 414
[36314] 6348964
[36320] Utage 宴宴 This.market@has.given 1
[36329] 1831026
[36337] 1
puzzletheNewWorld 河南省郑州市 06-29 11:01 -> 广西百色市 06-30 01:47 1290 66413
[36338] Beehunter 猎蜂 Freeman.and@slave.patrician 2
[36340] 1
INSCRIPTIONS 辽宁省庄河市 08-06 22:42 -> 山东省平度市 08-08 01:49 767 24369
[36347] 18
[success] LeavesofGrass 内蒙海拉尔市 06-18 23:15 -> 广东省揭阳市 06-19 04:27 390 1827
[success] LeavesofGrass 山东省济南市 06-10 16:58 -> 吉林省白山市 06-10 20:59 556 7812
[success] LeavesofGrass 吉林省白山市 06-06 21:05 -> 内蒙临河市 06-07 04:56 620 6821
[pending] LeavesofGrass 黑龙江省佳木斯市 06-04 11:40 -> 山东省济南市 06-04 16:51 457 1846
[success] LeavesofGrass 山东省济南市 06-23 16:58 -> 黑龙江省大庆市 06-23 19:30 245 15303
[pending] LeavesofGrass 内蒙海拉尔市 06-26 23:15 -> 吉林省白山市 06-27 20:59 2114 9445
[success] LeavesofGrass 山西省孝义市 07-10 08:08 -> 河南省辉县市 07-11 02:13 1702 2139
[success] INSCRIPTIONS 辽宁省庄河市 07-09 22:42 -> 山东省平度市 07-11 01:49 767 5732
[success] INSCRIPTIONS 广西桂平市 08-10 07:35 -> 山东省平度市 08-11 01:49 370 19554
[success] IHEARDthatyouask 吉林省长春市 07-24 08:52 -> 山东省滨州市 07-24 15:18 413 5501
[success] puzzletheNewWorld 吉林省桦甸市 07-02 07:49 -> 河南省新密市 07-02 08:17 59 14025
[success] INSCRIPTIONS 安徽省淮北市 08-16 15:57 -> 山东省平度市 08-17 01:49 171 14028
[success] LeavesofGrass 广东省揭阳市 06-10 04:33 -> 黑龙江省大庆市 06-10 19:30 1413 14025
[success] LeavesofGrass 浙江省慈溪市 06-22 03:15 -> 山西省孝义市 06-22 07:58 389 4830
[success] LeavesofGrass 山东省济南市 07-06 16:58 -> 内蒙临河市 07-07 04:56 1176 4835
[success] LeavesofGrass 吉林省白山市 06-25 21:05 -> 内蒙临河市 06-26 04:56 620 1825
[success] LeavesofGrass 黑龙江省大庆市 06-09 19:34 -> 吉林省白山市 06-09 20:59 311 9287
[success] LeavesofGrass 山东省济南市 06-27 16:58 -> 吉林省白山市 06-27 20:59 556 15334
[36354] 1
Ithinkallwarthr 贵州省铜仁市 06-23 15:49 -> 福建省厦门市 06-23 21:12 126 51915
[36357] Sora 空空 the.different@corporate.guilds 4
[36364] Cuora 蛇屠 in.the.development@of.the 3
[36371] 32
[success] puzzletheNewWorld 吉林省桦甸市 07-14 07:49 -> 四川省达州市 07-14 18:46 1117 1401
[success] puzzletheNewWorld 河南省郑州市 06-26 11:01 -> 四川省达州市 06-26 18:46 660 10429
[success] Deathlessthroughout 广东省肇庆市 07-03 21:25 -> 陕西省延安市 07-04 11:16 1815 6700
[pending] LeavesofGrass 内蒙海拉尔市 07-05 23:15 -> 山东省济南市 07-06 16:51 1558 17955
[pending] INSCRIPTIONS 辽宁省庄河市 08-02 22:42 -> 安徽省淮北市 08-03 15:48 596 13605
[success] IHEARDthatyouask 浙江省临安市 07-26 11:03 -> 广东省台山市 07-26 16:01 592 1470
[pending] LeavesofGrass 内蒙海拉尔市 06-03 23:15 -> 黑龙江省大庆市 06-04 19:30 1803 12288
[success] puzzletheNewWorld 辽宁省灯塔市 08-11 05:44 -> 河南省驻马店市 08-11 15:17 1082 8376
[pending] LeavesofGrass 黑龙江省鸡西市 06-12 13:01 -> 湖北省孝感市 06-12 21:55 1041 12081
[success] INSCRIPTIONS 辽宁省庄河市 07-23 22:42 -> 山东省平度市 07-25 01:49 767 2744
[success] LeavesofGrass 黑龙江省鸡西市 06-20 13:01 -> 山东省济南市 06-20 16:51 343 8707
[success] IHEARDthatyouask 吉林省长春市 08-18 08:52 -> 四川省江油市 08-19 00:41 963 4500
[success] INSCRIPTIONS 辽宁省庄河市 07-28 22:42 -> 广西桂平市 07-29 07:25 397 3981
[success] INSCRIPTIONS 辽宁省庄河市 07-14 22:42 -> 山东省平度市 07-16 01:49 767 5774
[success] IHEARDthatyouask 吉林省舒兰市 07-08 21:57 -> 四川省江油市 07-09 00:41 43 3360
[success] LeavesofGrass 黑龙江省佳木斯市 06-28 11:40 -> 黑龙江省鸡西市 06-28 12:58 114 6045
[success] LeavesofGrass 山西省孝义市 06-19 08:08 -> 内蒙临河市 06-20 04:56 2036 4088
[success] LeavesofGrass 山西省孝义市 06-19 08:08 -> 黑龙江省大庆市 06-19 19:30 1105 736
[success] LeavesofGrass 山西省孝义市 06-05 08:08 -> 山东省济南市 06-05 16:51 860 6363
[success] INSCRIPTIONS 山东省平度市 07-19 01:53 -> 天津市 07-19 06:58 471 3743
[success] IHEARDthatyouask 四川省江油市 07-27 00:49 -> 湖南省娄底市 07-27 01:55 223 4098
[success] LeavesofGrass 黑龙江省鸡西市 06-21 13:01 -> 山东省济南市 06-21 16:51 343 4863
[success] LeavesofGrass 黑龙江省大庆市 06-27 19:34 -> 内蒙临河市 06-28 04:56 931 2084
[success] IHEARDthatyouask 四川省江油市 08-09 00:49 -> 湖南省娄底市 08-09 01:55 223 841
[success] LeavesofGrass 湖北省孝感市 07-04 22:03 -> 河南省辉县市 07-05 02:13 144 13785
[success] LeavesofGrass 湖北省孝感市 06-21 22:03 -> 河南省辉县市 06-22 02:13 144 16195
[success] INSCRIPTIONS 辽宁省庄河市 08-14 22:42 -> 天津市 08-16 06:58 1238 78
[success] IHEARDthatyouask 吉林省长春市 08-10 08:52 -> 山东省滨州市 08-10 15:18 413 3622
[success] INSCRIPTIONS 辽宁省庄河市 07-29 22:42 -> 广西桂平市 07-30 07:25 397 8540
[success] LeavesofGrass 黑龙江省大庆市 06-26 19:34 -> 吉林省白山市 06-26 20:59 311 14076
[success] LeavesofGrass 山西省孝义市 07-08 08:08 -> 黑龙江省佳木斯市 07-08 11:34 403 11437
[success] LeavesofGrass 山西省孝义市 07-06 08:08 -> 黑龙江省佳木斯市 07-06 11:34 403 12906
[36375] 1
Deathlessthroughout 江苏省高邮市 06-06 17:30 -> 广西南宁市 06-07 06:48 1600 43088
[36378] 0
[36379] queue
[36380] Dobermann 杜宾 bourgeoisie@was.accompanied 1
[36390] 1
Thousternremorsel 河南省永城市 07-27 05:35 -> 黑龙江省肇东市 07-28 04:22 1044 24953
[36393] -1
[36396] 0
[36398] Deepcolor 深海 into.the.background@every.clas 1
[36401] 1
Deathlessthroughout 山西省朔州市 06-11 01:42 -> 黑龙江省鸡西市 06-11 04:53 572 43088
[36405] 1
TOtheeoldcause 湖南省娄底市 07-28 16:26 -> 新疆阜康市 07-29 05:22 2154 87484
[36415] 1
LeavesofGrass 浙江省慈溪市 07-01 03:15 -> 黑龙江省大庆市 07-01 19:30 1494 4906
[36424] bVSrezWUQrF 垎剝婁 the.worldmarket@conquered.for 3
[36429] 1
IHEARDthatyouask 天津市 07-15 04:45 -> 吉林省舒兰市 07-15 21:49 1026 34088
[36439] 1
TOtheeoldcause 新疆博乐市 06-27 22:11 -> 湖北省十堰市 06-28 08:44 1922 87484
[36445] 1
puzzletheNewWorld 河南省新密市 07-24 08:21 -> 河南省郑州市 07-24 10:51 398 66413
[36450] 1
puzzletheNewWorld 辽宁省灯塔市 07-13 05:44 -> 河南省新密市 07-13 08:17 289 63494
[36451] queue
[36452] 2080442
[36458] 1
TOtheeoldcause 广东省潮阳市 07-31 01:20 -> 黑龙江省讷河市 07-31 03:45 195 87484
[36464] 3552000
[36465] 1
Thousternremorsel 河南省永城市 07-20 05:35 -> 西藏日喀则市 07-21 11:04 1437 24953
[36473] 1
Thousternremorsel 广东省增城市 07-01 14:49 -> 内蒙东胜市 07-02 09:48 557 24953
[36477] -1
[36487] Plume 翎羽 with.a.Manifesto@of.the 1
[36493] queue
[36498] 9
[success] IHEARDthatyouask 浙江省临安市 07-14 11:03 -> 广东省台山市 07-14 16:01 592 6000
[success] IHEARDthatyouask 广东省台山市 07-02 16:07 -> 吉林省舒兰市 07-02 21:49 54 1713
[success] puzzletheNewWorld 吉林省桦甸市 07-21 07:49 -> 河南省驻马店市 07-21 15:17 852 9053
[success] LeavesofGrass 山东省济南市 06-20 16:58 -> 黑龙江省大庆市 06-20 19:30 245 2836
[success] puzzletheNewWorld 河南省郑州市 08-20 11:01 -> 河南省驻马店市 08-20 15:17 395 4892
[success] LeavesofGrass 广东省揭阳市 06-16 04:33 -> 山西省孝义市 06-16 07:58 308 9643
[pending] LeavesofGrass 浙江省慈溪市 07-07 03:15 -> 黑龙江省佳木斯市 07-07 11:34 792 3260
[success] LeavesofGrass 浙江省慈溪市 07-02 03:15 -> 山东省济南市 07-02 16:51 1249 285
[success] INSCRIPTIONS 辽宁省庄河市 07-13 22:42 -> 安徽省淮北市 07-14 15:48 596 10838
[36499] 1
TOtheeoldcause 湖南省耒阳市 06-23 14:06 -> 广东省潮阳市 06-24 01:12 1886 87484
[36505] 11646675
[36506] 12
[pending] LeavesofGrass 浙江省慈溪市 07-01 03:15 -> 山西省孝义市 07-01 07:58 389 18107
[success] INSCRIPTIONS 广西桂平市 07-11 07:35 -> 安徽省淮北市 07-11 15:48 199 11081
[success] IHEARDthatyouask 山东省滨州市 08-05 15:28 -> 四川省江油市 08-06 00:41 550 8297
[success] TOTHEEOLDCAUSE 辽宁省阜新市 08-22 11:17 -> 山西省汾阳市 08-22 21:18 326 3685
[success] LeavesofGrass 吉林省白山市 07-06 21:05 -> 湖北省孝感市 07-06 21:55 142 14970
[success] IHEARDthatyouask 广东省台山市 07-01 16:07 -> 湖南省娄底市 07-02 01:55 320 7277
[success] IHEARDthatyouask 浙江省临安市 08-19 11:03 -> 吉林省舒兰市 08-19 21:49 646 3408
[success] IHEARDthatyouask 吉林省长春市 07-24 08:52 -> 山东省滨州市 07-24 15:18 413 503
[pending] INSCRIPTIONS 安徽省淮北市 07-19 15:57 -> 天津市 07-20 06:58 642 21348
[success] IHEARDthatyouask 天津市 07-09 04:45 -> 广东省台山市 07-09 16:01 972 6945
[success] IHEARDthatyouask 山东省滨州市 08-02 15:28 -> 湖南省娄底市 08-03 01:55 773 4018
[success] INSCRIPTIONS 辽宁省庄河市 07-13 22:42 -> 广西桂平市 07-14 07:25 397 6575
[36515] queue
[36516] -1
[36525] 1
INSCRIPTIONS 安徽省淮北市 07-21 15:57 -> 山东省平度市 07-22 01:49 171 70115
[36530] 86814
[36537] 1
IHEARDthatyouask 天津市 07-04 04:45 -> 吉林省长春市 07-04 08:48 106 34088
[36544] 1
Deathlessthroughout 浙江省上虞市 06-22 16:31 -> 山西省朔州市 06-23 01:36 916 43088
[36545] -1
[36548] queue
[36554] 1
LeavesofGrass 内蒙海拉尔市 06-03 23:15 -> 吉林省白山市 06-04 20:59 2114 414
[36558] queue
[36559] 483996
[36561] queue
[36562] 2153298
[36572] Sideroca 铸铁 the.Spectre@of.Communism 1
[36581] 1
Afterastrangesad 贵州省遵义市 06-09 06:50 -> 河北省武安市 06-09 08:22 433 45046
[36583] Ambriel 安比尔 two.great.classes@directly.fac 1
[36590] -1
[36592] queue
[36593] queue
[36601] 1
LeavesofGrass 浙江省慈溪市 07-02 03:15 -> 山东省济南市 07-02 16:51 1249 654
[36608] 1
puzzletheNewWorld 河南省郑州市 08-09 11:01 -> 广西百色市 08-10 01:47 1290 66413
[36617] 1
TOtheeoldcause 湖北省十堰市 06-29 08:54 -> 北京市 06-29 13:26 780 87484
[36625] 1
puzzletheNewWorld 陕西省咸阳市 07-01 09:13 -> 海南省万宁市 07-01 23:27 938 40053
[36628] 2773914
[36631] -1
[36637] 25
[success] LeavesofGrass 黑龙江省大庆市 07-06 19:34 -> 湖北省孝感市 07-06 21:55 453 4042
[pending] LeavesofGrass 浙江省慈溪市 06-05 03:15 -> 黑龙江省佳木斯市 06-05 11:34 792 17802
[success] INSCRIPTIONS 安徽省淮北市 07-23 15:57 -> 天津市 07-24 06:58 642 5780
[pending] LeavesofGrass 山西省孝义市 06-06 08:08 -> 湖北省孝感市 06-06 21:55 1558 15750
[success] INSCRIPTIONS 山东省平度市 07-23 01:53 -> 天津市 07-23 06:58 471 1395
[pending] LeavesofGrass 浙江省慈溪市 06-09 03:15 -> 河南省辉县市 06-10 02:13 2091 9781
[success] INSCRIPTIONS 广西桂平市 08-03 07:35 -> 山东省平度市 08-04 01:49 370 7155
[success] INSCRIPTIONS 辽宁省庄河市 07-09 22:42 -> 天津市 07-11 06:58 1238 4948
[success] IHEARDthatyouask 吉林省舒兰市 08-18 21:57 -> 湖南省娄底市 08-19 01:55 266 7098
[success] LeavesofGrass 山西省孝义市 06-16 08:08 -> 黑龙江省佳木斯市 06-16 11:34 403 8197
[success] LeavesofGrass 浙江省慈溪市 06-24 03:15 -> 黑龙江省佳木斯市 06-24 11:34 792 3037
[pending] LeavesofGrass 浙江省慈溪市 07-05 03:15 -> 内蒙临河市 07-06 04:56 2425 6182
[pending] LeavesofGrass 黑龙江省佳木斯市 07-02 11:40 -> 黑龙江省鸡西市 07-02 12:58 114 17366
[success] LeavesofGrass 广东省揭阳市 06-28 04:33 -> 河南省辉县市 06-29 02:13 2010 981
[success] LeavesofGrass 吉林省白山市 07-02 21:05 -> 河南省辉县市 07-03 02:13 286 13683
[success] INSCRIPTIONS 辽宁省庄河市 07-22 22:42 -> 安徽省淮北市 07-23 15:48 596 19380
[pending] LeavesofGrass 黑龙江省佳木斯市 06-07 11:40 -> 湖北省孝感市 06-07 21:55 1155 17870
[success] puzzletheNewWorld 吉林省桦甸市 07-01 07:49 -> 海南省万宁市 07-01 23:27 1218 8886
[success] LeavesofGrass 黑龙江省鸡西市 06-18 13:01 -> 山东省济南市 06-18 16:51 343 5606
[success] LeavesofGrass 黑龙江省佳木斯市 06-09 11:40 -> 黑龙江省大庆市 06-09 19:30 702 6989
[success] INSCRIPTIONS 广西桂平市 08-19 07:35 -> 安徽省淮北市 08-19 15:48 199 4555
[success] LeavesofGrass 山东省济南市 06-15 16:58 -> 黑龙江省大庆市 06-15 19:30 245 4731
[success] IHEARDthatyouask 吉林省舒兰市 08-06 21:57 -> 四川省江油市 08-07 00:41 43 5808
[success] INSCRIPTIONS 山东省平度市 08-11 01:53 -> 天津市 08-11 06:58 471 14389
[pending] LeavesofGrass 黑龙江省佳木斯市 07-04 11:40 -> 内蒙临河市 07-05 04:56 1633 13897
[36645] 0
[36646] 3785544
[36652] 1
Afterastrangesad 吉林省德惠市 07-12 05:27 -> 吉林省龙井市 07-12 16:29 1718 45046
[36660] Nightingale 夜莺 arrangement@of.society 2
[36661] -1
[36670] -1
[36678] Beehunter 猎蜂 Freeman.and@slave.patrician 2
[36687] 1
puzzletheNewWorld 吉林省桦甸市 08-14 07:49 -> 广西百色市 08-15 01:47 1747 66413
[36691] Sussurro 苏苏 for.which.the@discovery.of 4
[36700] 4684593
[36706] 1
LeavesofGrass 山西省孝义市 07-05 08:08 -> 内蒙临河市 07-06 04:56 2036 4284
[36708] 1
Thousternremorsel 内蒙东胜市 07-21 09:55 -> 西藏日喀则市 07-21 11:04 226 24953
[36712] 1
Afterastrangesad 河南省焦作市 07-01 20:21 -> 吉林省龙井市 07-02 16:29 2761 45046
[36714] 10901316
[36720] 8803218
[36722] 2508660
[36725] 705429
[36726] Chen 陈陈 following.Manifesto@to.be 2
[36728] -1
[36730] 5344928
[36737] 0
[36743] 11418540
[36748] -1
[36756] Liskarm 雷蛇 industrial@production.was 4
[36758] 1
puzzletheNewWorld 河南省驻马店市 07-16 15:23 -> 广西百色市 07-17 01:47 895 66413
[36760] 1
puzzletheNewWorld 吉林省桦甸市 06-28 07:49 -> 广西百色市 06-29 01:47 1747 66413
[36764] 1
Ithinkallwarthr 山东省枣庄市 07-31 20:18 -> 贵州省铜仁市 08-01 15:45 1681 51915
[36774] -1
[36775] 1
Afterastrangesad 河南省焦作市 07-03 20:21 -> 北京市 07-03 23:33 377 45046
[36782] 9911724
[36787] 1
TOtheeoldcause 湖南省耒阳市 06-30 14:06 -> 湖北省十堰市 07-01 08:44 2984 87484
[36794] 1
TOTHEEOLDCAUSE 江苏省大丰市 07-07 05:56 -> 辽宁省阜新市 07-07 11:11 406 67733
[36799] 10
[success] INSCRIPTIONS 辽宁省庄河市 07-09 22:42 -> 安徽省淮北市 07-10 15:48 596 8968
[success] IHEARDthatyouask 浙江省临安市 07-14 11:03 -> 广东省台山市 07-14 16:01 592 6000
[success] IHEARDthatyouask 广东省台山市 07-02 16:07 -> 吉林省舒兰市 07-02 21:49 54 1713
[success] puzzletheNewWorld 吉林省桦甸市 07-21 07:49 -> 河南省驻马店市 07-21 15:17 852 9053
[success] LeavesofGrass 山东省济南市 06-20 16:58 -> 黑龙江省大庆市 06-20 19:30 245 2836
[success] puzzletheNewWorld 河南省郑州市 08-20 11:01 -> 河南省驻马店市 08-20 15:17 395 4892
[success] LeavesofGrass 广东省揭阳市 06-16 04:33 -> 山西省孝义市 06-16 07:58 308 9643
[pending] LeavesofGrass 浙江省慈溪市 07-07 03:15 -> 黑龙江省佳木斯市 07-07 11:34 792 3260
[success] LeavesofGrass 浙江省慈溪市 07-02 03:15 -> 山东省济南市 07-02 16:51 1249 285
[success] INSCRIPTIONS 辽宁省庄河市 07-13 22:42 -> 安徽省淮北市 07-14 15:48 596 10838
[36808] -1
[36813] 15125250
[36816] Vermeil 红云 stood.in.constant@opposition.t 2
[36820] Rangers 巡林者 of.the.earliest@towns.From 2
[36827] Amiya 阿米 production@The.place 2
[36828] queue
[36833] Pramanix 初雪 growing.the@demand.ever 2
[36843] 1
puzzletheNewWorld 陕西省咸阳市 07-17 09:13 -> 河南省驻马店市 07-17 15:17 572 51805
[36850] queue
[36856] 1303728
[36859] queue
[36863] 1
Afterastrangesad 安徽省芜湖市 07-09 17:20 -> 贵州省遵义市 07-10 06:40 1283 45046
[36867] -1
[36873] 1
LeavesofGrass 黑龙江省佳木斯市 06-14 11:40 -> 湖北省孝感市 06-14 21:55 1155 13688
[36877] 0
[36878] 1
AndtodefineAmeric 广东省河源市 07-26 20:55 -> 江苏省淮安市 07-27 01:21 438 53839
[36881] -1
[36886] 14689797
[36892] 1
LeavesofGrass 内蒙海拉尔市 06-10 23:15 -> 黑龙江省佳木斯市 06-11 11:34 1101 1196
[36894] 249948
[36897] 8817963
[36898] 102424
[36902] 1
Deathlessthroughout 湖南省张家界市 06-20 12:48 -> 黑龙江省大庆市 06-21 10:37 2384 43088
[36905] Spot 斑点 result.from@this.fact 3
[36913] 1
TOtheeoldcause 湖南省耒阳市 07-31 14:06 -> 湖南省娄底市 07-31 16:16 307 87484
[36916] Yato 夜刀 the.markets@kept.ever 1
[36919] Skyfire 天火 of.that.class@An.oppressed 1
[36923] 1
TOTHEEOLDCAUSE 内蒙临河市 08-04 03:07 -> 江苏省大丰市 08-04 05:52 241 67733
[36926] 1
TOtheeoldcause 新疆阜康市 06-17 05:30 -> 黑龙江省哈尔滨市 06-17 09:46 746 87484
[36927] 17884360
[36935] 0
[36942] 9613772
[36947] 0
[36949] Ethan 伊桑 European.Powers@to.be 2
[36954] 1
TOtheeoldcause 湖北省十堰市 08-14 08:54 -> 黑龙江省哈尔滨市 08-14 09:46 223 87484
[36955] 1
Thousternremorsel 天津市 06-29 00:52 -> 内蒙东胜市 06-29 09:48 353 24953
[36959] 1
AndtodefineAmeric 北京市 07-17 05:05 -> 江苏省淮安市 07-18 01:21 756 53839
[36965] 0
[36969] 1
AndtodefineAmeric 北京市 07-21 05:05 -> 广东省河源市 07-21 20:47 318 53839
[36976] 8023956
[36984] 111150
[36994] 7417575
[37003] Meteor 流星 the.earlier@epochs.of 1
[37005] Manticore 狮蝎 extension.of@industry.and 1
[37011] 1
everwillbereally 浙江省慈溪市 07-29 11:23 -> 广西柳州市 07-29 23:05 600 96649
[37013] 8604084
[37022] -1
[37023] queue
[37030] 1
puzzletheNewWorld 陕西省咸阳市 08-02 09:13 -> 广西百色市 08-03 01:47 1467 41249
[37036] -1
[37039] SilverAsh 银灰 has.established@the.worldmarke 3
[37043] 3822468
[37047] queue
[37053] Saria 塞雷 communication@by.land 1
[37060] 1
Thousternremorsel 广东省增城市 06-23 14:49 -> 西藏日喀则市 06-24 11:04 783 24953
[37061] 1
INSCRIPTIONS 辽宁省庄河市 07-09 22:42 -> 广西桂平市 07-10 07:25 397 35545
[37071] 1
Ithinkallwarthr 山东省枣庄市 07-26 20:18 -> 河北省邯郸市 07-27 02:11 857 51915
[37072] 519460
[37075] 2998320
[37078] queue
[37084] Orchid 梓兰 Our.epoch.the@epoch.of 1
[37089] -1
[37093] -1
[37097] 219350
[37102] 0
[37110] queue
[37116] 3137095
[37125] 1
IHEARDthatyouask 吉林省长春市 07-24 08:52 -> 浙江省临安市 07-24 10:58 274 28084
[37127] Leizi 惊蛰 by.a.corresponding@political.a 1
[37128] 1
LeavesofGrass 广东省揭阳市 06-07 04:33 -> 山西省孝义市 06-07 07:58 308 7671
[37134] 1
puzzletheNewWorld 四川省达州市 07-06 18:55 -> 海南省万宁市 07-06 23:27 101 66413
[37136] 1
INSCRIPTIONS 广西桂平市 08-10 07:35 -> 安徽省淮北市 08-10 15:48 199 21810
[37137] Ethan 伊桑 European.Powers@to.be 2
[37143] 0
[37144] 1
TOTHEEOLDCAUSE 辽宁省阜新市 08-24 11:17 -> 山西省汾阳市 08-24 21:18 326 67733
[37149] 1
puzzletheNewWorld 四川省达州市 07-30 18:55 -> 海南省万宁市 07-30 23:27 101 63462
[37158] W 达不溜 vanished.in@the.face 4
[37160] 16590977
[37169] 6903769
[37171] CHOJXVsWcIVA 岐守忡 great.monarchies@in.general 1
[37176] 3200445
[37186] 1
Ithinkallwarthr 贵州省铜仁市 07-31 15:49 -> 福建省厦门市 07-31 21:12 126 51915
[37191] 1
AndtodefineAmeric 北京市 06-24 05:05 -> 广东省河源市 06-24 20:47 318 53839
[37200] 1
AndtodefineAmeric 北京市 08-21 05:05 -> 江苏省淮安市 08-22 01:21 756 42091
[37209] W 达不溜 vanished.in@the.face 4
[37215] 2083888
[37224] Pramanix 初雪 growing.the@demand.ever 2
[37232] Amiya 阿米 production@The.place 2
[37236] 1
TOtheeoldcause 江西省高安市 08-01 20:39 -> 黑龙江省五常市 08-01 21:13 174 87484
[37239] 4631913
[37245] 2820720
[37254] 0
[37263] Cuora 蛇屠 in.the.development@of.the 3
[37271] 1
AndtodefineAmeric 北京市 08-17 05:05 -> 江苏省淮安市 08-18 01:21 756 53839
[37279] 1502709
[37285] 1
Deathlessthroughout 湖南省益阳市 06-23 23:14 -> 四川省绵阳市 06-24 13:08 1911 43088
[37293] 14854489
[37297] queue
[37307] 10
[success] IHEARDthatyouask 吉林省长春市 08-10 08:52 -> 吉林省舒兰市 08-10 21:49 920 3066
[success] INSCRIPTIONS 辽宁省庄河市 07-22 22:42 -> 山东省平度市 07-24 01:49 767 2167
[success] AndtodefineAmeric 北京市 06-22 05:05 -> 广东省河源市 06-22 20:47 318 303
[success] AndtodefineAmeric 广东省河源市 07-11 20:55 -> 江苏省淮安市 07-12 01:21 438 8018
[success] IHEARDthatyouask 吉林省舒兰市 07-04 21:57 -> 湖南省娄底市 07-05 01:55 266 6084
[success] INSCRIPTIONS 安徽省淮北市 08-15 15:57 -> 天津市 08-16 06:58 642 4868
[success] LeavesofGrass 内蒙海拉尔市 06-05 23:15 -> 山东省济南市 06-06 16:51 1558 7302
[success] IHEARDthatyouask 天津市 08-02 04:45 -> 浙江省临安市 08-02 10:58 380 3877
[success] LeavesofGrass 内蒙海拉尔市 06-10 23:15 -> 浙江省慈溪市 06-11 03:08 309 5431
[success] INSCRIPTIONS 辽宁省庄河市 07-18 22:42 -> 山东省平度市 07-20 01:49 767 17920
[37312] 4444922
[37314] ProjeKTRed 红红 to.industry@an.impulse 2
[37319] Ptilopsis 白面鸮 colonisation@of.America 2
[37320] 1
IHEARDthatyouask 吉林省长春市 07-05 08:52 -> 广东省台山市 07-05 16:01 866 21680
[37321] 8633712
[37322] 1
Afterastrangesad 天津市 06-22 13:45 -> 北京市 06-22 23:33 676 45046
[37331] -1
[37338] queue
[37340] 1883948
[37350] queue
[37353] Meteor 流星 the.earlier@epochs.of 1
[37363] 1
TOtheeoldcause 浙江省杭州市 06-08 23:59 -> 广东省潮阳市 06-09 01:12 377 87484
[37365] -1
[37371] 78651
[37378] 6160661
[37385] 1
TOTHEEOLDCAUSE 江苏省大丰市 08-26 05:56 -> 山西省汾阳市 08-26 21:18 732 67733
[37394] -1
[37395] 79560
[37402] 8968300
[37411] 0
[37421] 1
Thousternremorsel 云南省开远市 07-24 12:18 -> 黑龙江省肇东市 07-25 04:22 652 24953
[37426] Nightingale 夜莺 arrangement@of.society 2
[37427] queue
[37429] 1
TOTHEEOLDCAUSE 内蒙临河市 08-11 03:07 -> 江苏省大丰市 08-11 05:52 241 54104
[37430] 1
INSCRIPTIONS 辽宁省庄河市 08-10 22:42 -> 天津市 08-12 06:58 1238 62383
[37436] Fang 芬芬 this.spectre@Pope.and 4
[37439] 1
Deathlessthroughout 辽宁省凤城市 06-22 19:58 -> 河南省驻马店市 06-22 22:23 491 43088
[37449] 1
everwillbereally 河南省平顶山市 07-14 18:00 -> 广西柳州市 07-14 23:05 171 96649
[37458] 1384960
[37466] 51747
[37476] W 达不溜 vanished.in@the.face 4
[37481] 3835324
[37486] 4211636
[37494] -1
[37497] 1
AndtodefineAmeric 北京市 08-03 05:05 -> 江苏省淮安市 08-04 01:21 756 53839
[37502] Durin 杜林 BOURGEOIS.AND@PROLETARIANS.The 1
[37506] 1
everwillbereally 浙江省慈溪市 07-29 11:23 -> 河南省平顶山市 07-29 17:51 429 96649
[37512] 204610
[37516] 0
[37518] 0
[37525] 0
[37533] 2
LeavesofGrass 黑龙江省鸡西市 06-08 13:01 -> 黑龙江省大庆市 06-08 19:30 588 3782
Deathlessthroughout 黑龙江省鸡西市 06-08 05:03 -> 黑龙江省大庆市 06-08 10:37 592 43088
[37541] -1
[37544] queue
[37546] 1
puzzletheNewWorld 辽宁省灯塔市 06-26 05:44 -> 河南省郑州市 06-26 10:51 687 57523
[37549] -1
[37554] 1
Afterastrangesad 河南省焦作市 07-04 20:21 -> 辽宁省丹东市 07-05 02:44 596 45046
[37557] 1
TOtheeoldcause 黑龙江省宁安市 07-06 17:08 -> 新疆博乐市 07-06 22:04 631 87484
[37559] 162435
[37560] -1
[37564] 5081751
[37572] -1
[37575] 1
puzzletheNewWorld 陕西省咸阳市 07-08 09:13 -> 广西百色市 07-09 01:47 1467 52744
[37578] 1
everwillbereally 河南省平顶山市 08-16 18:00 -> 广西柳州市 08-16 23:05 171 96649
[37583] 1
Afterastrangesad 辽宁省丹东市 07-16 02:50 -> 新疆喀什市 07-16 12:29 1499 45046
[37591] 1
Afterastrangesad 吉林省德惠市 07-04 05:27 -> 河北省武安市 07-04 08:22 457 45046
[37593] 1
TOtheeoldcause 江西省贵溪市 07-14 10:30 -> 北京市 07-14 13:26 202 87484
[37597] 1
AndtodefineAmeric 北京市 07-13 05:05 -> 江苏省淮安市 07-14 01:21 756 53839
[37600] Firewatch 守林人 modern.bourgeois@Modern.indust 1
[37610] 1
Afterastrangesad 吉林省德惠市 06-29 05:27 -> 新疆喀什市 06-29 12:29 1052 45046
[37613] 6193304
[37623] -1
[37627] -1
[37628] 1
Deathlessthroughout 湖南省张家界市 07-09 12:48 -> 黑龙江省大庆市 07-10 10:37 2384 43088
[37638] 3823540
[37640] Deepcolor 深海 into.the.background@every.clas 1
[37650] Texas 德克萨斯 one.another@carried.on 1
[37653] -1
[37659] 1
Afterastrangesad 安徽省芜湖市 07-09 17:20 -> 北京市 07-09 23:33 593 45046
[37660] 1
everwillbereally 河南省平顶山市 07-19 18:00 -> 广西柳州市 07-19 23:05 171 96649
[37666] 1361520
[37670] Skyfire 天火 of.that.class@An.oppressed 1
[37672] 3532008
[37677] Gitano 远山 place.of.the@old.ones 4
[37682] 1
IHEARDthatyouask 吉林省舒兰市 08-10 21:57 -> 四川省江油市 08-11 00:41 43 27171
[37691] Durin 杜林 BOURGEOIS.AND@PROLETARIANS.The 1
[37701] 1
AndtodefineAmeric 北京市 08-12 05:05 -> 江苏省淮安市 08-13 01:21 756 53839
[37707] 1
IHEARDthatyouask 吉林省长春市 07-04 08:52 -> 广东省台山市 07-04 16:01 866 26801
[37710] 0
[37717] 1
everwillbereally 河南省平顶山市 07-16 18:00 -> 广西柳州市 07-16 23:05 171 96649
[37726] 1
puzzletheNewWorld 辽宁省灯塔市 07-03 05:44 -> 河南省驻马店市 07-03 15:17 1082 36722
[37729] 7959453
[37735] 1
INSCRIPTIONS 广西桂平市 08-02 07:35 -> 安徽省淮北市 08-02 15:48 199 34586
[37740] Deepcolor 深海 into.the.background@every.clas 1
[37743] 6291850
[37748] 1
Afterastrangesad 吉林省德惠市 07-09 05:27 -> 贵州省遵义市 07-09 06:40 24 45046
[37755] 1161495
[37756] -1
[37757] 1
everwillbereally 浙江省慈溪市 08-12 11:23 -> 广西柳州市 08-12 23:05 600 96649
[37762] -1
[37763] queue
[37772] 4200315
[37776] 0
[37783] 6895746
[37790] -1
[37793] -1
[37798] Siege 推进之王 Proletariat@From.the 1
[37800] 0
[37807] Nightmare 夜魔 of.the.feudal@nobility.an 1
[37812] 1
TOTHEEOLDCAUSE 内蒙临河市 08-12 03:07 -> 山西省汾阳市 08-12 21:18 973 67733
[37817] 1
puzzletheNewWorld 河南省新密市 07-30 08:21 -> 四川省达州市 07-30 18:46 1058 58362
[37819] -1
[37824] queue
[37828] 83740
[37833] Platinum 白金 journeymen@apprentices.serfs 3
[37839] -1
[37846] -1
[37847] 1
everwillbereally 浙江省慈溪市 08-08 11:23 -> 广西柳州市 08-08 23:05 600 96649
[37857] -1
[37864] TnjKjHWYPNWMmzi 倖忇应崲份 class.under@the.sway 1
[37865] QKoHnGujcnKjqgkeZEGU 宷嶒仗 the.absolute@monarchy.as 1
[37867] 1
INSCRIPTIONS 辽宁省庄河市 08-11 22:42 -> 安徽省淮北市 08-12 15:48 596 52758
[37877] -1
[37885] 7072952
[37889] 0
[37892] 1
Thousternremorsel 云南省开远市 06-20 12:18 -> 西藏日喀则市 06-21 11:04 1045 24953
[37902] 1
INSCRIPTIONS 安徽省淮北市 08-14 15:57 -> 山东省平度市 08-15 01:49 171 46660
[37908] 1
TOtheeoldcause 山东省菏泽市 08-02 15:53 -> 内蒙乌海市 08-02 17:19 66 87484
[37910] Catapult 空爆 were.developed@The.discovery 3
[37912] 1
puzzletheNewWorld 河南省新密市 08-01 08:21 -> 海南省万宁市 08-01 23:27 1159 66413
[37922] Savage 暴行 not.hurled@back.the 4
[37928] 1589913
[37933] Nightmare 夜魔 of.the.feudal@nobility.an 1
[37940] Shining 闪灵 of.a.series@of.revolutions 1
[37947] 1
AndtodefineAmeric 北京市 07-12 05:05 -> 江苏省淮安市 07-13 01:21 756 53839
[37948] 1
Deathlessthroughout 湖南省张家界市 07-02 12:48 -> 浙江省上虞市 07-02 16:24 304 43088
[37955] 1541400
[37962] -1
[37966] queue
[37971] Swire 诗怀雅 each.other@Bourgeoisie.and 3
[37981] 1
TOtheeoldcause 山西省古交市 06-14 13:01 -> 内蒙乌海市 06-14 17:19 374 87484
[37985] 2669825
[37991] 1
AndtodefineAmeric 广东省河源市 07-04 20:55 -> 江苏省淮安市 07-05 01:21 438 53839
[37999] 1
Deathlessthroughout 湖南省韶山市 06-26 03:24 -> 陕西省延安市 06-26 11:16 1336 43088
[38006] -1
[38015] 4337140
[38024] queue
[38034] 1485648
[38035] Purestream 清流 never.before@known.and 1
[38039] 1
INSCRIPTIONS 辽宁省庄河市 08-19 22:42 -> 安徽省淮北市 08-20 15:48 596 72539
[38049] 1
everwillbereally 浙江省慈溪市 08-15 11:23 -> 河南省平顶山市 08-15 17:51 429 96649
[38052] 16368567
[38053] queue
[38062] 6546344
[38068] 87606
[38075] 1
LeavesofGrass 黑龙江省佳木斯市 07-02 11:40 -> 河南省辉县市 07-03 02:13 1299 654
[38077] 7160076
[38078] -1
[38083] queue
[38089] Rangers 巡林者 of.the.earliest@towns.From 2
[38096] 1
TOtheeoldcause 黑龙江省宁安市 06-09 17:08 -> 山东省青州市 06-10 06:35 2140 87484
[38104] queue
[38112] queue
[38114] 1
INSCRIPTIONS 广西桂平市 07-13 07:35 -> 安徽省淮北市 07-13 15:48 199 44567
[38120] 1
Deathlessthroughout 黑龙江省大庆市 07-04 10:45 -> 陕西省延安市 07-04 11:16 403 36388
[38123] Durin 杜林 BOURGEOIS.AND@PROLETARIANS.The 1
[38131] queue
[38135] 668282
[38141] Exusiai 能天使 serfs.of.the@Middle.Ages 1
[38149] 1
Thousternremorsel 北京市 08-03 07:49 -> 广东省增城市 08-03 14:43 353 24953
[38153] 1
Thousternremorsel 广东省增城市 06-23 14:49 -> 江苏省武进市 06-23 19:29 128 24953
[38157] 7113960
[38163] Mousse 慕斯 of.manufacture@was.taken 2
[38169] 1650384
[38170] 1
TOtheeoldcause 吉林省榆树市 07-03 18:29 -> 山东省菏泽市 07-04 15:47 3264 87484
[38174] 3007806
[38178] 2185664
[38181] 1
everwillbereally 河南省平顶山市 08-11 18:00 -> 广西柳州市 08-11 23:05 171 96649
[38191] -1
[38196] 1
Afterastrangesad 北京市 06-28 23:36 -> 吉林省龙井市 06-29 16:29 2384 45046
[38203] 148555
[38210] 17
[success] AndtodefineAmeric 北京市 08-03 05:05 -> 江苏省淮安市 08-04 01:21 756 9471
[success] LeavesofGrass 内蒙海拉尔市 07-02 23:15 -> 黑龙江省佳木斯市 07-03 11:34 1101 1400
[success] TOtheeoldcause 广东省潮阳市 07-05 01:20 -> 黑龙江省讷河市 07-05 03:45 195 408
[success] LeavesofGrass 山西省孝义市 07-05 08:08 -> 黑龙江省佳木斯市 07-05 11:34 403 15287
[pending] LeavesofGrass 黑龙江省大庆市 06-26 19:34 -> 河南省辉县市 06-27 02:13 597 10456
[success] Deathlessthroughout 浙江省上虞市 06-21 16:31 -> 江苏省高邮市 06-21 17:21 307 7014
[success] AndtodefineAmeric 北京市 06-25 05:05 -> 广东省河源市 06-25 20:47 318 273
[success] puzzletheNewWorld 河南省驻马店市 08-21 15:23 -> 海南省万宁市 08-21 23:27 366 7812
[success] TOtheeoldcause 江西省贵溪市 06-06 10:30 -> 北京市 06-06 13:26 202 10870
[success] IHEARDthatyouask 浙江省临安市 07-23 11:03 -> 广东省台山市 07-23 16:01 592 4825
[success] INSCRIPTIONS 辽宁省庄河市 08-16 22:42 -> 广西桂平市 08-17 07:25 397 14156
[success] LeavesofGrass 吉林省白山市 06-24 21:05 -> 河南省辉县市 06-25 02:13 286 1545
[pending] LeavesofGrass 黑龙江省佳木斯市 06-06 11:40 -> 黑龙江省鸡西市 06-06 12:58 114 13211
[pending] INSCRIPTIONS 辽宁省庄河市 08-17 22:42 -> 天津市 08-19 06:58 1238 8583
[success] LeavesofGrass 黑龙江省大庆市 06-22 19:34 -> 内蒙临河市 06-23 04:56 931 657
[success] LeavesofGrass 内蒙海拉尔市 07-10 23:15 -> 黑龙江省鸡西市 07-11 12:58 1215 4087
[success] LeavesofGrass 内蒙海拉尔市 06-25 23:15 -> 山西省孝义市 06-26 07:58 698 2181
[38219] 1
puzzletheNewWorld 辽宁省灯塔市 07-11 05:44 -> 吉林省桦甸市 07-11 07:43 230 66413
[38223] queue
[38228] 1
INSCRIPTIONS 辽宁省庄河市 07-13 22:42 -> 广西桂平市 07-14 07:25 397 58939
[38233] 0
[38242] queue
[38252] 1
Thousternremorsel 云南省开远市 06-19 12:18 -> 黑龙江省肇东市 06-20 04:22 652 24953
[38256] 0
[38257] 0
[38267] 1434356
[38272] Savage 暴行 not.hurled@back.the 4
[38279] -1
[38286] Orchid 梓兰 Our.epoch.the@epoch.of 1
[38290] 0
[38297] 7778024
[38298] Haze 夜烟 in.proportion@as.industry 3
[38301] TnjKjHWYPNWMmzi 倖忇应崲 modern.State@is.but 1
[38309] 4661811
[38312] Nearl 临光 new.conditions@of.oppression 1
[38322] 1088255
[38332] 8125612
[38335] 329724
[38336] 9145064
[38339] 1073072
[38348] 1
Deathlessthroughout 湖南省韶山市 06-23 03:24 -> 广西南宁市 06-23 06:48 760 43088
[38352] OHYLozuHDnOYX 乷仯嵝唬寿 itself.in.the@modern.represent 3
[38358] Fang 芬芬 this.spectre@Pope.and 4
[38365] -1
[38368] queue
[38375] Cardigan 卡缇 history.we@find.almost 4
[38382] -1
[38386] 0
[38392] queue
[38397] 0
[38402] 1
Afterastrangesad 北京市 07-06 23:36 -> 新疆喀什市 07-07 12:29 1718 45046
[38403] 1
Afterastrangesad 湖北省天门市 07-16 09:58 -> 四川省资阳市 07-16 17:33 1356 45046
[38405] 1
Afterastrangesad 安徽省芜湖市 06-07 17:20 -> 新疆喀什市 06-08 12:29 2311 45046
[38414] 0
[38420] 1478162
[38425] 6254342
[38435] 0
[38443] Shamare 巫恋 its.place.The@guildmasters.wer 2
[38448] 1
Deathlessthroughout 湖南省益阳市 07-16 23:14 -> 广西南宁市 07-17 06:48 1042 43088
[38452] -1
[38460] 784506
[38468] 1
LeavesofGrass 浙江省慈溪市 06-17 03:15 -> 山东省济南市 06-17 16:51 1249 2052
[38473] 1
IHEARDthatyouask 四川省江油市 08-10 00:49 -> 湖南省娄底市 08-10 01:55 223 33126
[38476] 2862742
[38485] 1
Afterastrangesad 贵州省遵义市 06-05 06:50 -> 四川省资阳市 06-05 17:33 2005 45046
[38488] 1
[success] LeavesofGrass 山西省孝义市 06-04 08:08 -> 湖北省孝感市 06-04 21:55 1558 5722
[38493] 0
[38503] 1
puzzletheNewWorld 河南省新密市 07-23 08:21 -> 海南省万宁市 07-23 23:27 1159 42078
[38506] -1
[38513] 1329448
[38514] 524198
[38520] 0
[38529] Provence 普罗旺 of.whole.industrial@armies.the 1
[38538] pdOaFJfLphnHY 哚妨姫亂块 The.executive@of.the 1
[38543] 1
Ithinkallwarthr 内蒙东胜市 07-03 09:46 -> 福建省厦门市 07-03 21:12 275 51915
[38549] 1
Afterastrangesad 河南省焦作市 07-07 20:21 -> 吉林省龙井市 07-08 16:29 2761 45046
[38551] pdOaFJfLphnHY 哚妨姫亂块 The.executive@of.the 1
[38552] Gavial 嘉维尔 policespies@Where.is 4
[38560] queue
[38570] 1
TOtheeoldcause 黑龙江省五常市 08-02 21:23 -> 湖北省十堰市 08-03 08:44 2022 66294
[38571] -1
[38578] 1
LeavesofGrass 内蒙海拉尔市 06-16 23:15 -> 黑龙江省佳木斯市 06-17 11:34 1101 12268
[38579] 447876
[38583] 5111169
[38589] 4477950
[38591] 1
Afterastrangesad 北京市 06-08 23:36 -> 河北省武安市 06-09 08:22 1123 45046
[38592] 0
[38600] 1537068
[38604] 8704800
[38607] 1
AndtodefineAmeric 广东省河源市 08-19 20:55 -> 江苏省淮安市 08-20 01:21 438 40341
[38611] 1
puzzletheNewWorld 河南省郑州市 06-28 11:01 -> 海南省万宁市 06-28 23:27 761 66413
[38615] queue
[38621] 7892640
[38624] 13635720
[38626] 32
[success] AndtodefineAmeric 北京市 08-21 05:05 -> 广东省河源市 08-21 20:47 318 2467
[pending] LeavesofGrass 内蒙海拉尔市 07-06 23:15 -> 河南省辉县市 07-08 02:13 2400 8807
[success] INSCRIPTIONS 辽宁省庄河市 08-16 22:42 -> 广西桂平市 08-17 07:25 397 20049
[success] TOtheeoldcause 江西省宜春市 08-03 08:05 -> 山西省古交市 08-03 12:51 844 21190
[pending] LeavesofGrass 山西省孝义市 07-05 08:08 -> 湖北省孝感市 07-05 21:55 1558 15280
[success] LeavesofGrass 广东省揭阳市 06-14 04:33 -> 黑龙江省大庆市 06-14 19:30 1413 12370
[success] LeavesofGrass 浙江省慈溪市 07-10 03:15 -> 广东省揭阳市 07-10 04:27 81 12729
[success] LeavesofGrass 内蒙海拉尔市 06-04 23:15 -> 黑龙江省佳木斯市 06-05 11:34 1101 3931
[success] LeavesofGrass 山西省孝义市 06-19 08:08 -> 黑龙江省鸡西市 06-19 12:58 517 6224
[success] LeavesofGrass 广东省揭阳市 07-07 04:33 -> 山西省孝义市 07-07 07:58 308 14207
[success] INSCRIPTIONS 广西桂平市 08-14 07:35 -> 安徽省淮北市 08-14 15:48 199 9850
[success] LeavesofGrass 湖北省孝感市 07-09 22:03 -> 河南省辉县市 07-10 02:13 144 11542
[pending] INSCRIPTIONS 辽宁省庄河市 08-17 22:42 -> 山东省平度市 08-19 01:49 767 12040
[success] INSCRIPTIONS 辽宁省庄河市 07-14 22:42 -> 安徽省淮北市 07-15 15:48 596 19947
[success] IHEARDthatyouask 吉林省舒兰市 08-06 21:57 -> 湖南省娄底市 08-07 01:55 266 3037
[success] INSCRIPTIONS 辽宁省庄河市 08-07 22:42 -> 安徽省淮北市 08-08 15:48 596 7233
[success] IHEARDthatyouask 浙江省临安市 08-05 11:03 -> 山东省滨州市 08-05 15:18 139 1429
[pending] LeavesofGrass 广东省揭阳市 06-28 04:33 -> 黑龙江省鸡西市 06-28 12:58 825 8924
[success] LeavesofGrass 山东省济南市 06-15 16:58 -> 吉林省白山市 06-15 20:59 556 66
[success] IHEARDthatyouask 天津市 08-15 04:45 -> 浙江省临安市 08-15 10:58 380 5601
[success] IHEARDthatyouask 天津市 08-11 04:45 -> 浙江省临安市 08-11 10:58 380 5368
[success] LeavesofGrass 山西省孝义市 06-24 08:08 -> 黑龙江省鸡西市 06-24 12:58 517 12827
[success] INSCRIPTIONS 安徽省淮北市 08-16 15:57 -> 山东省平度市 08-17 01:49 171 11035
[success] LeavesofGrass 黑龙江省鸡西市 06-15 13:01 -> 内蒙临河市 06-16 04:56 1519 10074
[success] INSCRIPTIONS 广西桂平市 08-08 07:35 -> 天津市 08-09 06:58 841 6628
[success] LeavesofGrass 内蒙海拉尔市 06-13 23:15 -> 山东省济南市 06-14 16:51 1558 7692
[pending] LeavesofGrass 广东省揭阳市 06-04 04:33 -> 山东省济南市 06-04 16:51 1168 9154
[success] LeavesofGrass 山西省孝义市 07-04 08:08 -> 黑龙江省大庆市 07-04 19:30 1105 13851
[success] LeavesofGrass 山东省济南市 06-26 16:58 -> 湖北省孝感市 06-26 21:55 698 3983
[success] LeavesofGrass 广东省揭阳市 07-08 04:33 -> 内蒙临河市 07-09 04:56 2344 4619
[success] INSCRIPTIONS 广西桂平市 07-28 07:35 -> 天津市 07-29 06:58 841 20694
[success] LeavesofGrass 广东省揭阳市 07-09 04:33 -> 山东省济南市 07-09 16:51 1168 12560
[38629] 1
TOTHEEOLDCAUSE 内蒙临河市 08-26 03:07 -> 山西省汾阳市 08-26 21:18 973 67733
[38635] 15761480
[38640] 8161526
[38644] -1
[38650] 554688
[38654] 11049058
[38661] 2050867
[38667] 12198928
[38676] 1
Thousternremorsel 内蒙东胜市 07-14 09:55 -> 西藏日喀则市 07-14 11:04 226 24953
[38682] 1
LeavesofGrass 黑龙江省大庆市 07-08 19:34 -> 吉林省白山市 07-08 20:59 311 28270
[38692] 1
Deathlessthroughout 湖南省张家界市 06-10 12:48 -> 浙江省上虞市 06-10 16:24 304 43088
[38698] -1
[38702] 7367752
[38703] 6724404
[38712] -1
[38714] -1
[38724] 0
[38734] 0
[38743] Ambriel 安比尔 two.great.classes@directly.fac 1
[38746] Utage 宴宴 This.market@has.given 1
[38750] -1
[38755] 1
puzzletheNewWorld 河南省驻马店市 07-13 15:23 -> 海南省万宁市 07-13 23:27 366 66413
[38765] Lappland 拉普兰德 slaves.in.the@Middle.Ages 2
[38770] 1
puzzletheNewWorld 辽宁省灯塔市 07-23 05:44 -> 吉林省桦甸市 07-23 07:43 230 66413
[38777] Skyfire 天火 of.that.class@An.oppressed 1
[38782] 10319968
[38792] 1
Deathlessthroughout 河南省驻马店市 06-01 22:31 -> 广西南宁市 06-02 06:48 1055 43088
[38794] -1
[38804] 1
TOtheeoldcause 新疆阜康市 08-14 05:30 -> 山西省古交市 08-14 12:51 1235 87484
[38812] Zima 凛冬 sprang.the@chartered.burghers 2
[38819] 1
everwillbereally 浙江省慈溪市 08-02 11:23 -> 广西柳州市 08-02 23:05 600 96649
[38829] -1
[38831] 22
[success] INSCRIPTIONS 广西桂平市 08-05 07:35 -> 天津市 08-06 06:58 841 13138
[pending] LeavesofGrass 浙江省慈溪市 07-07 03:15 -> 吉林省白山市 07-07 20:59 1805 10047
[success] INSCRIPTIONS 广西桂平市 08-10 07:35 -> 山东省平度市 08-11 01:49 370 17005
[success] TOTHEEOLDCAUSE 江苏省大丰市 08-08 05:56 -> 山西省汾阳市 08-08 21:18 732 1860
[success] LeavesofGrass 山东省济南市 06-23 16:58 -> 吉林省白山市 06-23 20:59 556 3748
[success] INSCRIPTIONS 辽宁省庄河市 07-16 22:42 -> 山东省平度市 07-18 01:49 767 13823
[success] INSCRIPTIONS 安徽省淮北市 07-14 15:57 -> 山东省平度市 07-15 01:49 171 2128
[success] LeavesofGrass 内蒙海拉尔市 07-02 23:15 -> 黑龙江省大庆市 07-03 19:30 1803 4071
[success] INSCRIPTIONS 山东省平度市 07-28 01:53 -> 天津市 07-28 06:58 471 18754
[pending] LeavesofGrass 山东省济南市 06-15 16:58 -> 吉林省白山市 06-15 20:59 556 16885
[success] puzzletheNewWorld 陕西省咸阳市 07-01 09:13 -> 山东省烟台市 07-01 23:52 1070 5881
[success] INSCRIPTIONS 广西桂平市 08-13 07:35 -> 天津市 08-14 06:58 841 4519
[success] LeavesofGrass 山西省孝义市 06-27 08:08 -> 山东省济南市 06-27 16:51 860 18411
[success] LeavesofGrass 浙江省慈溪市 06-17 03:15 -> 湖北省孝感市 06-17 21:55 1947 10328
[success] LeavesofGrass 黑龙江省佳木斯市 06-15 11:40 -> 湖北省孝感市 06-15 21:55 1155 3535
[success] INSCRIPTIONS 辽宁省庄河市 07-13 22:42 -> 天津市 07-15 06:58 1238 2160
[success] INSCRIPTIONS 广西桂平市 07-12 07:35 -> 天津市 07-13 06:58 841 7357
[success] LeavesofGrass 山东省济南市 07-01 16:58 -> 吉林省白山市 07-01 20:59 556 3029
[success] LeavesofGrass 山西省孝义市 06-22 08:08 -> 湖北省孝感市 06-22 21:55 1558 14138
[success] LeavesofGrass 黑龙江省佳木斯市 06-21 11:40 -> 吉林省白山市 06-21 20:59 1013 40
[success] LeavesofGrass 黑龙江省鸡西市 06-26 13:01 -> 黑龙江省大庆市 06-26 19:30 588 14341
[success] LeavesofGrass 内蒙海拉尔市 06-04 23:15 -> 山东省济南市 06-05 16:51 1558 15160
[38841] 1
TOtheeoldcause 新疆阜康市 08-02 05:30 -> 山东省青州市 08-02 06:35 110 87484
[38849] -1
[38853] queue
[38856] -1
[38862] 15431325
[38863] Utage 宴宴 This.market@has.given 1
[38867] 1
Thousternremorsel 云南省开远市 07-19 12:18 -> 天津市 07-20 00:43 466 24953
[38876] 1
Ithinkallwarthr 山东省枣庄市 07-09 20:18 -> 内蒙东胜市 07-10 09:41 1532 45271
[38883] 1
LeavesofGrass 黑龙江省大庆市 07-04 19:34 -> 吉林省白山市 07-04 20:59 311 20832
[38884] queue
[38891] 1
Ithinkallwarthr 河北省邯郸市 06-22 02:21 -> 山西省介休市 06-22 05:42 366 51915
[38900] 0
[38901] 1
Deathlessthroughout 广东省肇庆市 06-21 21:25 -> 黑龙江省大庆市 06-22 10:37 1412 43088
[38910] 1
IHEARDthatyouask 天津市 07-23 04:45 -> 四川省江油市 07-24 00:41 1069 22458
[38917] 1
Deathlessthroughout 黑龙江省鸡西市 07-03 05:03 -> 四川省绵阳市 07-03 13:08 1288 43088
[38923] 1229976
[38929] 1797654
[38937] 1
TOTHEEOLDCAUSE 内蒙临河市 07-07 03:07 -> 江苏省大丰市 07-07 05:52 241 67733
[38942] Franka 芙兰 last.since@the.establishment 3
[38949] 1
IHEARDthatyouask 天津市 07-29 04:45 -> 山东省滨州市 07-29 15:18 519 15528
[38958] Cliffheart 崖心 opponents.in@power.Where 3
[38960] -1
[38964] queue
[38966] 1
everwillbereally 河南省平顶山市 07-13 18:00 -> 广西柳州市 07-13 23:05 171 96649
[38972] Dobermann 杜宾 bourgeoisie@was.accompanied 1
[38977] 1
LeavesofGrass 黑龙江省佳木斯市 07-04 11:40 -> 山东省济南市 07-04 16:51 457 2514
[38978] Warfarin 华法琳 French.German@Italian.Flemish 2
[38982] 4919486
[38987] -1
[38988] 1
LeavesofGrass 吉林省白山市 06-14 21:05 -> 湖北省孝感市 06-14 21:55 142 28765
[38994] Catapult 空爆 were.developed@The.discovery 3
[38998] 595296
[39008] -1
[39018] 2416040
[39021] 0
[39026] 24370030
[39030] 0
[39040] 1
IHEARDthatyouask 天津市 07-03 04:45 -> 湖南省娄底市 07-04 01:55 1292 22873
[39048] 1
INSCRIPTIONS 安徽省淮北市 08-02 15:57 -> 山东省平度市 08-03 01:49 171 26474
[39058] 2541726
[39068] 19
[success] Thousternremorsel 江苏省武进市 06-17 19:33 -> 内蒙东胜市 06-18 09:48 429 1044
[pending] LeavesofGrass 吉林省白山市 06-25 21:05 -> 内蒙临河市 06-26 04:56 620 15757
[success] AndtodefineAmeric 北京市 08-03 05:05 -> 江苏省淮安市 08-04 01:21 756 9471
[success] LeavesofGrass 内蒙海拉尔市 07-02 23:15 -> 黑龙江省佳木斯市 07-03 11:34 1101 1400
[success] TOtheeoldcause 广东省潮阳市 07-05 01:20 -> 黑龙江省讷河市 07-05 03:45 195 408
[success] LeavesofGrass 山西省孝义市 07-05 08:08 -> 黑龙江省佳木斯市 07-05 11:34 403 15287
[pending] LeavesofGrass 黑龙江省大庆市 06-26 19:34 -> 河南省辉县市 06-27 02:13 597 10456
[success] Deathlessthroughout 浙江省上虞市 06-21 16:31 -> 江苏省高邮市 06-21 17:21 307 7014
[success] AndtodefineAmeric 北京市 06-25 05:05 -> 广东省河源市 06-25 20:47 318 273
[success] puzzletheNewWorld 河南省驻马店市 08-21 15:23 -> 海南省万宁市 08-21 23:27 366 7812
[success] TOtheeoldcause 江西省贵溪市 06-06 10:30 -> 北京市 06-06 13:26 202 10870
[success] IHEARDthatyouask 浙江省临安市 07-23 11:03 -> 广东省台山市 07-23 16:01 592 4825
[success] INSCRIPTIONS 辽宁省庄河市 08-16 22:42 -> 广西桂平市 08-17 07:25 397 14156
[success] LeavesofGrass 吉林省白山市 06-24 21:05 -> 河南省辉县市 06-25 02:13 286 1545
[pending] LeavesofGrass 黑龙江省佳木斯市 06-06 11:40 -> 黑龙江省鸡西市 06-06 12:58 114 13211
[pending] INSCRIPTIONS 辽宁省庄河市 08-17 22:42 -> 天津市 08-19 06:58 1238 8583
[success] LeavesofGrass 黑龙江省大庆市 06-22 19:34 -> 内蒙临河市 06-23 04:56 931 657
[success] LeavesofGrass 内蒙海拉尔市 07-10 23:15 -> 黑龙江省鸡西市 07-11 12:58 1215 4087
[success] LeavesofGrass 内蒙海拉尔市 06-25 23:15 -> 山西省孝义市 06-26 07:58 698 2181
[39074] 4457964
[39082] 1
TOtheeoldcause 黑龙江省五常市 06-01 21:23 -> 内蒙乌海市 06-02 17:19 3108 87484
[39092] 1
Ithinkallwarthr 湖南省涟源市 07-18 16:58 -> 福建省厦门市 07-19 21:12 1975 51915
[39097] 1001130
[39100] 1
puzzletheNewWorld 吉林省桦甸市 07-13 07:49 -> 广西百色市 07-14 01:47 1747 63494
[39109] 1
AndtodefineAmeric 广东省河源市 08-13 20:55 -> 江苏省淮安市 08-14 01:21 438 53839
[39118] 1
Deathlessthroughout 陕西省铜川市 07-15 20:34 -> 河南省驻马店市 07-15 22:23 192 43088
[39119] 1
everwillbereally 河南省平顶山市 07-27 18:00 -> 广西柳州市 07-27 23:05 171 96649
[39124] 3473340
[39131] 1
everwillbereally 河南省平顶山市 07-23 18:00 -> 广西柳州市 07-23 23:05 171 96649
[39138] 1
Deathlessthroughout 陕西省铜川市 07-19 20:34 -> 广东省肇庆市 07-19 21:19 8 43088
[39142] 457132
[39145] 7380018
[39146] Vigna 红豆 face.of.the@whole.world 2
[39153] Franka 芙兰 last.since@the.establishment 3
[39156] Franka 芙兰 last.since@the.establishment 3
[39166] 1
Ithinkallwarthr 河北省邯郸市 07-25 02:21 -> 山西省介休市 07-25 05:42 366 51915
[39167] 1
Deathlessthroughout 湖南省张家界市 07-03 12:48 -> 广东省肇庆市 07-03 21:19 972 43088
[39170] queue
[39173] 1
LeavesofGrass 广东省揭阳市 06-17 04:33 -> 黑龙江省佳木斯市 06-17 11:34 711 12268
[39177] 1
Afterastrangesad 安徽省芜湖市 07-13 17:20 -> 辽宁省丹东市 07-14 02:44 812 45046
[39180] Gitano 远山 place.of.the@old.ones 4
[39186] queue
[39187] 1
Thousternremorsel 黑龙江省肇东市 07-24 04:25 -> 西藏日喀则市 07-24 11:04 393 24953
[39188] 0
[39196] 27
[success] LeavesofGrass 内蒙海拉尔市 06-21 23:15 -> 山西省孝义市 06-22 07:58 698 751
[success] INSCRIPTIONS 辽宁省庄河市 08-10 22:42 -> 山东省平度市 08-12 01:49 767 6039
[success] LeavesofGrass 黑龙江省大庆市 07-06 19:34 -> 湖北省孝感市 07-06 21:55 453 4042
[pending] LeavesofGrass 浙江省慈溪市 06-05 03:15 -> 黑龙江省佳木斯市 06-05 11:34 792 17802
[success] INSCRIPTIONS 安徽省淮北市 07-23 15:57 -> 天津市 07-24 06:58 642 5780
[pending] LeavesofGrass 山西省孝义市 06-06 08:08 -> 湖北省孝感市 06-06 21:55 1558 15750
[success] INSCRIPTIONS 山东省平度市 07-23 01:53 -> 天津市 07-23 06:58 471 1395
[pending] LeavesofGrass 浙江省慈溪市 06-09 03:15 -> 河南省辉县市 06-10 02:13 2091 9781
[success] INSCRIPTIONS 广西桂平市 08-03 07:35 -> 山东省平度市 08-04 01:49 370 7155
[success] INSCRIPTIONS 辽宁省庄河市 07-09 22:42 -> 天津市 07-11 06:58 1238 4948
[success] IHEARDthatyouask 吉林省舒兰市 08-18 21:57 -> 湖南省娄底市 08-19 01:55 266 7098
[success] LeavesofGrass 山西省孝义市 06-16 08:08 -> 黑龙江省佳木斯市 06-16 11:34 403 8197
[success] LeavesofGrass 浙江省慈溪市 06-24 03:15 -> 黑龙江省佳木斯市 06-24 11:34 792 3037
[pending] LeavesofGrass 浙江省慈溪市 07-05 03:15 -> 内蒙临河市 07-06 04:56 2425 6182
[pending] LeavesofGrass 黑龙江省佳木斯市 07-02 11:40 -> 黑龙江省鸡西市 07-02 12:58 114 17366
[success] LeavesofGrass 广东省揭阳市 06-28 04:33 -> 河南省辉县市 06-29 02:13 2010 981
[success] LeavesofGrass 吉林省白山市 07-02 21:05 -> 河南省辉县市 07-03 02:13 286 13683
[success] INSCRIPTIONS 辽宁省庄河市 07-22 22:42 -> 安徽省淮北市 07-23 15:48 596 19380
[pending] LeavesofGrass 黑龙江省佳木斯市 06-07 11:40 -> 湖北省孝感市 06-07 21:55 1155 17870
[success] puzzletheNewWorld 吉林省桦甸市 07-01 07:49 -> 海南省万宁市 07-01 23:27 1218 8886
[success] LeavesofGrass 黑龙江省鸡西市 06-18 13:01 -> 山东省济南市 06-18 16:51 343 5606
[success] LeavesofGrass 黑龙江省佳木斯市 06-09 11:40 -> 黑龙江省大庆市 06-09 19:30 702 6989
[success] INSCRIPTIONS 广西桂平市 08-19 07:35 -> 安徽省淮北市 08-19 15:48 199 4555
[success] LeavesofGrass 山东省济南市 06-15 16:58 -> 黑龙江省大庆市 06-15 19:30 245 4731
[success] IHEARDthatyouask 吉林省舒兰市 08-06 21:57 -> 四川省江油市 08-07 00:41 43 5808
[success] INSCRIPTIONS 山东省平度市 08-11 01:53 -> 天津市 08-11 06:58 471 14389
[pending] LeavesofGrass 黑龙江省佳木斯市 07-04 11:40 -> 内蒙临河市 07-05 04:56 1633 13897
[39197] 1
TOtheeoldcause 山东省青州市 06-12 06:45 -> 山西省古交市 06-12 12:51 1125 87484
[39199] 0
[39208] 1
INSCRIPTIONS 辽宁省庄河市 08-14 22:42 -> 天津市 08-16 06:58 1238 25498
[39210] 0
[39213] 1
Deathlessthroughout 河南省驻马店市 06-27 22:31 -> 广西南宁市 06-28 06:48 1055 43088
[39217] 1
TOTHEEOLDCAUSE 江苏省大丰市 08-19 05:56 -> 辽宁省阜新市 08-19 11:11 406 67733
[39221] 1
puzzletheNewWorld 辽宁省灯塔市 07-07 05:44 -> 陕西省咸阳市 07-07 09:07 510 63197
[39226] 2392984
[39230] 3367740
[39235] 1
Thousternremorsel 北京市 07-03 07:49 -> 云南省开远市 07-03 12:09 91 24953
[39241] 0
[39248] 12046502
[39257] 1
Deathlessthroughout 山西省朔州市 06-13 01:42 -> 湖南省韶山市 06-13 03:20 231 43088
[39265] queue
[39268] 62510
[39269] 0
[39278] 1
Afterastrangesad 吉林省德惠市 06-26 05:27 -> 河北省武安市 06-26 08:22 457 45046
[39285] 3678987
[39295] 1
AndtodefineAmeric 广东省河源市 06-21 20:55 -> 江苏省淮安市 06-22 01:21 438 33152
[39301] Silence 赫默 rising.bourgeoisie@The.EastInd 1
[39302] 3477720
[39303] 3004339
[39310] 2048450
[39312] 1
AndtodefineAmeric 北京市 07-07 05:05 -> 江苏省淮安市 07-08 01:21 756 53839
[39320] Rangers 巡林者 of.the.earliest@towns.From 2
[39329] 1
Afterastrangesad 吉林省德惠市 06-30 05:27 -> 吉林省松原市 06-30 07:14 249 42644
[39339] 21401306
[39346] 1
Afterastrangesad 湖北省天门市 07-15 09:58 -> 青海省格尔木市 07-15 13:16 624 45046
[39353] 1
AndtodefineAmeric 北京市 06-19 05:05 -> 江苏省淮安市 06-20 01:21 756 42145
[39361] Savage 暴行 not.hurled@back.the 4
[39362] queue
[39367] 1
Ithinkallwarthr 湖南省涟源市 07-18 16:58 -> 贵州省铜仁市 07-19 15:45 1849 51915
[39376] 1
everwillbereally 河南省平顶山市 08-12 18:00 -> 广西柳州市 08-12 23:05 171 96649
[39383] 0
[39390] Rangers 巡林者 of.the.earliest@towns.From 2
[39392] 1
everwillbereally 浙江省慈溪市 07-18 11:23 -> 广西柳州市 07-18 23:05 600 96649
[39401] 1
Ithinkallwarthr 贵州省贵阳市 07-06 21:22 -> 山西省介休市 07-07 05:42 852 51915
[39407] 1
everwillbereally 浙江省慈溪市 08-18 11:23 -> 广西柳州市 08-18 23:05 600 96649
[39410] 1
INSCRIPTIONS 辽宁省庄河市 08-16 22:42 -> 广西桂平市 08-17 07:25 397 48470
[39420] 1
TOtheeoldcause 山东省青州市 07-01 06:45 -> 北京市 07-01 13:26 1193 87484
[39430] 1
Afterastrangesad 河北省武安市 06-13 08:25 -> 四川省资阳市 06-13 17:33 1572 45046
[39435] 1
LeavesofGrass 广东省揭阳市 07-02 04:33 -> 河南省辉县市 07-03 02:13 2010 654
[39443] zxcNjvGhrWySvG 係匪妀弮 the.mediaeval@commune.here 1
[39449] 1
LeavesofGrass 浙江省慈溪市 07-05 03:15 -> 内蒙临河市 07-06 04:56 2425 4284
[39451] 1040994
[39453] 2642565
[39458] 2351804
[39461] 2101515
[39464] 3320244
[39470] -1
[39474] 1
Thousternremorsel 天津市 07-23 00:52 -> 黑龙江省肇东市 07-23 04:22 186 24953
[39481] 1
Deathlessthroughout 北京市 07-02 15:22 -> 湖南省益阳市 07-02 23:05 940 43088
[39486] 6338046
[39487] QKoHnGujcnKjqgkeZEGU 宷嶒仗 the.absolute@monarchy.as 1
[39493] queue
[39503] 3794364
[39508] 3805776
[39515] 1
AndtodefineAmeric 广东省河源市 07-24 20:55 -> 江苏省淮安市 07-25 01:21 438 53839
[39517] Afterastrangesad I
天津市 xx-xx xx:xx -> 07-12 13:45 0 45046
安徽省芜湖市 07-12 17:10 -> 07-12 17:20 83 45046
河南省焦作市 07-12 20:14 -> 07-12 20:21 299 45046
北京市 07-12 23:33 -> 07-12 23:36 676 45046
辽宁省丹东市 07-13 02:44 -> 07-13 02:50 895 45046
吉林省德惠市 07-13 05:24 -> 07-13 05:27 1342 45046
贵州省遵义市 07-13 06:40 -> 07-13 06:50 1366 45046
吉林省松原市 07-13 07:14 -> 07-13 07:20 1591 45046
河北省武安市 07-13 08:22 -> 07-13 08:25 1799 45046
湖北省天门市 07-13 09:50 -> 07-13 09:58 2015 45046
新疆喀什市 07-13 12:29 -> 07-13 12:34 2394 45046
青海省格尔木市 07-13 13:16 -> 07-13 13:24 2639 45046
吉林省龙井市 07-13 16:29 -> 07-13 16:39 3060 45046
四川省资阳市 07-13 17:33 -> xx-xx xx:xx 3371 x
[39521] 1951164
[39526] 0
[39536] queue
[39537] 1
LeavesofGrass 吉林省白山市 06-09 21:05 -> 湖北省孝感市 06-09 21:55 142 25302
[39538] 1
TOtheeoldcause 吉林省榆树市 06-16 18:29 -> 广东省潮阳市 06-17 01:12 1146 87484
[39541] 1
INSCRIPTIONS 辽宁省庄河市 07-15 22:42 -> 安徽省淮北市 07-16 15:48 596 15837
[39544] 18
[success] LeavesofGrass 广东省揭阳市 06-20 04:33 -> 河南省辉县市 06-21 02:13 2010 5827
[success] INSCRIPTIONS 安徽省淮北市 07-18 15:57 -> 山东省平度市 07-19 01:49 171 13414
[success] INSCRIPTIONS 安徽省淮北市 07-20 15:57 -> 天津市 07-21 06:58 642 18725
[success] INSCRIPTIONS 辽宁省庄河市 08-13 22:42 -> 天津市 08-15 06:58 1238 21592
[success] IHEARDthatyouask 天津市 07-20 04:45 -> 山东省滨州市 07-20 15:18 519 1821
[pending] LeavesofGrass 内蒙海拉尔市 07-05 23:15 -> 黑龙江省大庆市 07-06 19:30 1803 7120
[success] LeavesofGrass 黑龙江省佳木斯市 06-08 11:40 -> 黑龙江省鸡西市 06-08 12:58 114 1560
[success] LeavesofGrass 黑龙江省佳木斯市 06-21 11:40 -> 河南省辉县市 06-22 02:13 1299 667
[success] IHEARDthatyouask 浙江省临安市 07-16 11:03 -> 四川省江油市 07-17 00:41 689 6917
[success] LeavesofGrass 黑龙江省鸡西市 06-19 13:01 -> 湖北省孝感市 06-19 21:55 1041 5030
[success] AndtodefineAmeric 广东省河源市 06-25 20:55 -> 江苏省淮安市 06-26 01:21 438 10384
[success] IHEARDthatyouask 吉林省长春市 08-03 08:52 -> 吉林省舒兰市 08-03 21:49 920 4799
[success] INSCRIPTIONS 广西桂平市 07-25 07:35 -> 安徽省淮北市 07-25 15:48 199 12432
[success] INSCRIPTIONS 辽宁省庄河市 07-30 22:42 -> 天津市 08-01 06:58 1238 6081
[success] LeavesofGrass 内蒙海拉尔市 06-11 23:15 -> 内蒙临河市 06-13 04:56 2734 17435
[success] LeavesofGrass 黑龙江省大庆市 06-18 19:34 -> 河南省辉县市 06-19 02:13 597 6233
[success] INSCRIPTIONS 广西桂平市 07-13 07:35 -> 安徽省淮北市 07-13 15:48 199 16085
[success] LeavesofGrass 山西省孝义市 06-23 08:08 -> 黑龙江省大庆市 06-23 19:30 1105 15812
[39551] 22443702
[39558] 44
[pending] LeavesofGrass 广东省揭阳市 07-06 04:33 -> 黑龙江省鸡西市 07-06 12:58 825 7510
[success] IHEARDthatyouask 浙江省临安市 08-08 11:03 -> 四川省江油市 08-09 00:41 689 864
[success] IHEARDthatyouask 吉林省长春市 07-20 08:52 -> 浙江省临安市 07-20 10:58 274 4852
[success] INSCRIPTIONS 辽宁省庄河市 08-15 22:42 -> 广西桂平市 08-16 07:25 397 19592
[success] IHEARDthatyouask 天津市 08-18 04:45 -> 吉林省舒兰市 08-18 21:49 1026 6721
[success] Deathlessthroughout 陕西省铜川市 06-05 20:34 -> 湖南省益阳市 06-05 23:05 205 1070
[pending] LeavesofGrass 山西省孝义市 06-18 08:08 -> 湖北省孝感市 06-18 21:55 1558 16398
[success] INSCRIPTIONS 安徽省淮北市 07-29 15:57 -> 天津市 07-30 06:58 642 13402
[pending] LeavesofGrass 黑龙江省鸡西市 06-24 13:01 -> 内蒙临河市 06-25 04:56 1519 8405
[success] puzzletheNewWorld 四川省达州市 08-02 18:55 -> 广西百色市 08-03 01:47 630 3982
[success] puzzletheNewWorld 辽宁省灯塔市 06-29 05:44 -> 河南省郑州市 06-29 10:51 687 15868
[pending] LeavesofGrass 浙江省慈溪市 06-11 03:15 -> 黑龙江省鸡西市 06-11 12:58 906 6744
[pending] LeavesofGrass 浙江省慈溪市 06-29 03:15 -> 黑龙江省佳木斯市 06-29 11:34 792 7965
[success] Ithinkallwarthr 山东省枣庄市 07-27 20:18 -> 贵州省贵阳市 07-27 21:16 371 11374
[success] LeavesofGrass 内蒙海拉尔市 06-19 23:15 -> 黑龙江省大庆市 06-20 19:30 1803 16079
[success] LeavesofGrass 浙江省慈溪市 07-06 03:15 -> 广东省揭阳市 07-06 04:27 81 10812
[success] IHEARDthatyouask 山东省滨州市 08-18 15:28 -> 四川省江油市 08-19 00:41 550 1712
[success] IHEARDthatyouask 吉林省舒兰市 07-27 21:57 -> 湖南省娄底市 07-28 01:55 266 5809
[pending] INSCRIPTIONS 广西桂平市 07-25 07:35 -> 天津市 07-26 06:58 841 13947
[success] INSCRIPTIONS 辽宁省庄河市 08-03 22:42 -> 广西桂平市 08-04 07:25 397 8313
[success] LeavesofGrass 浙江省慈溪市 06-09 03:15 -> 黑龙江省鸡西市 06-09 12:58 906 1773
[success] IHEARDthatyouask 四川省江油市 08-09 00:49 -> 湖南省娄底市 08-09 01:55 223 1772
[pending] LeavesofGrass 山西省孝义市 06-06 08:08 -> 河南省辉县市 06-07 02:13 1702 11819
[pending] LeavesofGrass 山西省孝义市 07-03 08:08 -> 吉林省白山市 07-03 20:59 1416 4221
[pending] LeavesofGrass 内蒙海拉尔市 06-21 23:15 -> 河南省辉县市 06-23 02:13 2400 2721
[success] puzzletheNewWorld 河南省郑州市 07-31 11:01 -> 河南省驻马店市 07-31 15:17 395 11598
[success] LeavesofGrass 广东省揭阳市 07-04 04:33 -> 内蒙临河市 07-05 04:56 2344 2060
[pending] LeavesofGrass 山西省孝义市 06-06 08:08 -> 内蒙临河市 06-07 04:56 2036 11809
[success] IHEARDthatyouask 天津市 07-21 04:45 -> 吉林省长春市 07-21 08:48 106 8100
[success] INSCRIPTIONS 安徽省淮北市 07-11 15:57 -> 山东省平度市 07-12 01:49 171 2249
[success] INSCRIPTIONS 安徽省淮北市 08-18 15:57 -> 天津市 08-19 06:58 642 547
[success] LeavesofGrass 内蒙海拉尔市 06-29 23:15 -> 黑龙江省大庆市 06-30 19:30 1803 2992
[success] LeavesofGrass 内蒙海拉尔市 06-16 23:15 -> 山东省济南市 06-17 16:51 1558 522
[success] puzzletheNewWorld 辽宁省灯塔市 07-30 05:44 -> 山东省烟台市 07-30 23:52 1580 2951
[pending] LeavesofGrass 内蒙海拉尔市 06-03 23:15 -> 内蒙临河市 06-05 04:56 2734 5504
[success] LeavesofGrass 内蒙海拉尔市 06-09 23:15 -> 黑龙江省大庆市 06-10 19:30 1803 4772
[pending] LeavesofGrass 内蒙海拉尔市 06-10 23:15 -> 内蒙临河市 06-12 04:56 2734 1424
[success] INSCRIPTIONS 辽宁省庄河市 08-01 22:42 -> 天津市 08-03 06:58 1238 14741
[success] LeavesofGrass 浙江省慈溪市 07-06 03:15 -> 河南省辉县市 07-07 02:13 2091 12615
[success] INSCRIPTIONS 辽宁省庄河市 08-17 22:42 -> 安徽省淮北市 08-18 15:48 596 21171
[success] LeavesofGrass 黑龙江省佳木斯市 07-09 11:40 -> 河南省辉县市 07-10 02:13 1299 1050
[success] LeavesofGrass 黑龙江省鸡西市 06-16 13:01 -> 湖北省孝感市 06-16 21:55 1041 14525
[success] LeavesofGrass 黑龙江省鸡西市 06-17 13:01 -> 河南省辉县市 06-18 02:13 1185 16934
[success] LeavesofGrass 黑龙江省鸡西市 07-03 13:01 -> 山东省济南市 07-03 16:51 343 3639
[39564] 0
[39568] 11985645
[39577] Nian 年年 America.paved@the.way 1
[39582] 1
everwillbereally 河南省平顶山市 07-11 18:00 -> 广西柳州市 07-11 23:05 171 96649
[39589] 855342
[39590] 1
Thousternremorsel 北京市 08-04 07:49 -> 西藏日喀则市 08-05 11:04 1136 24953
[39593] -1
[39600] -1
[39604] 1
Ithinkallwarthr 山东省枣庄市 06-24 20:18 -> 河北省邯郸市 06-25 02:11 857 51915
[39606] 1
Afterastrangesad 北京市 06-05 23:36 -> 湖北省天门市 06-06 09:50 1339 45046
[39612] 0
[39619] -1
[39623] queue
[39629] Platinum 白金 journeymen@apprentices.serfs 3
[39634] 1
TOtheeoldcause 湖南省娄底市 07-21 16:26 -> 山东省菏泽市 07-22 15:47 3697 87484
[39640] -1
[39642] -1
[39651] 1
IHEARDthatyouask 天津市 07-25 04:45 -> 四川省江油市 07-26 00:41 1069 24919
[39656] 1
puzzletheNewWorld 山东省烟台市 06-27 00:01 -> 广西百色市 06-27 01:47 397 66413
[39661] 0
[39664] 1
puzzletheNewWorld 陕西省咸阳市 07-20 09:13 -> 海南省万宁市 07-20 23:27 938 66413
[39668] Yato 夜刀 the.markets@kept.ever 1
[39670] 1
Thousternremorsel 内蒙东胜市 07-30 09:55 -> 西藏日喀则市 07-30 11:04 226 24953
[39680] 1
TOtheeoldcause 黑龙江省讷河市 06-03 03:53 -> 湖北省十堰市 06-03 08:44 903 87484
[39685] 1
IHEARDthatyouask 山东省滨州市 07-23 15:28 -> 湖南省娄底市 07-24 01:55 773 25093
[39693] queue
[39702] 35
[success] LeavesofGrass 湖北省孝感市 06-29 22:03 -> 内蒙临河市 06-30 04:56 478 7938
[success] LeavesofGrass 吉林省白山市 06-09 21:05 -> 湖北省孝感市 06-09 21:55 142 16562
[pending] INSCRIPTIONS 辽宁省庄河市 07-23 22:42 -> 广西桂平市 07-24 07:25 397 18426
[success] AndtodefineAmeric 北京市 08-21 05:05 -> 广东省河源市 08-21 20:47 318 2467
[pending] LeavesofGrass 内蒙海拉尔市 07-06 23:15 -> 河南省辉县市 07-08 02:13 2400 8807
[success] INSCRIPTIONS 辽宁省庄河市 08-16 22:42 -> 广西桂平市 08-17 07:25 397 20049
[success] TOtheeoldcause 江西省宜春市 08-03 08:05 -> 山西省古交市 08-03 12:51 844 21190
[pending] LeavesofGrass 山西省孝义市 07-05 08:08 -> 湖北省孝感市 07-05 21:55 1558 15280
[success] LeavesofGrass 广东省揭阳市 06-14 04:33 -> 黑龙江省大庆市 06-14 19:30 1413 12370
[success] LeavesofGrass 浙江省慈溪市 07-10 03:15 -> 广东省揭阳市 07-10 04:27 81 12729
[success] LeavesofGrass 内蒙海拉尔市 06-04 23:15 -> 黑龙江省佳木斯市 06-05 11:34 1101 3931
[success] LeavesofGrass 山西省孝义市 06-19 08:08 -> 黑龙江省鸡西市 06-19 12:58 517 6224
[success] LeavesofGrass 广东省揭阳市 07-07 04:33 -> 山西省孝义市 07-07 07:58 308 14207
[success] INSCRIPTIONS 广西桂平市 08-14 07:35 -> 安徽省淮北市 08-14 15:48 199 9850
[success] LeavesofGrass 湖北省孝感市 07-09 22:03 -> 河南省辉县市 07-10 02:13 144 11542
[pending] INSCRIPTIONS 辽宁省庄河市 08-17 22:42 -> 山东省平度市 08-19 01:49 767 12040
[success] INSCRIPTIONS 辽宁省庄河市 07-14 22:42 -> 安徽省淮北市 07-15 15:48 596 19947
[success] IHEARDthatyouask 吉林省舒兰市 08-06 21:57 -> 湖南省娄底市 08-07 01:55 266 3037
[success] INSCRIPTIONS 辽宁省庄河市 08-07 22:42 -> 安徽省淮北市 08-08 15:48 596 7233
[success] IHEARDthatyouask 浙江省临安市 08-05 11:03 -> 山东省滨州市 08-05 15:18 139 1429
[pending] LeavesofGrass 广东省揭阳市 06-28 04:33 -> 黑龙江省鸡西市 06-28 12:58 825 8924
[success] LeavesofGrass 山东省济南市 06-15 16:58 -> 吉林省白山市 06-15 20:59 556 66
[success] IHEARDthatyouask 天津市 08-15 04:45 -> 浙江省临安市 08-15 10:58 380 5601
[success] IHEARDthatyouask 天津市 08-11 04:45 -> 浙江省临安市 08-11 10:58 380 5368
[success] LeavesofGrass 山西省孝义市 06-24 08:08 -> 黑龙江省鸡西市 06-24 12:58 517 12827
[success] INSCRIPTIONS 安徽省淮北市 08-16 15:57 -> 山东省平度市 08-17 01:49 171 11035
[success] LeavesofGrass 黑龙江省鸡西市 06-15 13:01 -> 内蒙临河市 06-16 04:56 1519 10074
[success] INSCRIPTIONS 广西桂平市 08-08 07:35 -> 天津市 08-09 06:58 841 6628
[success] LeavesofGrass 内蒙海拉尔市 06-13 23:15 -> 山东省济南市 06-14 16:51 1558 7692
[pending] LeavesofGrass 广东省揭阳市 06-04 04:33 -> 山东省济南市 06-04 16:51 1168 9154
[success] LeavesofGrass 山西省孝义市 07-04 08:08 -> 黑龙江省大庆市 07-04 19:30 1105 13851
[success] LeavesofGrass 山东省济南市 06-26 16:58 -> 湖北省孝感市 06-26 21:55 698 3983
[success] LeavesofGrass 广东省揭阳市 07-08 04:33 -> 内蒙临河市 07-09 04:56 2344 4619
[success] INSCRIPTIONS 广西桂平市 07-28 07:35 -> 天津市 07-29 06:58 841 20694
[success] LeavesofGrass 广东省揭阳市 07-09 04:33 -> 山东省济南市 07-09 16:51 1168 12560
[39706] 7757464
[39711] Courier 讯使 commerce.navigation@railways.e 2
[39720] 3
[success] INSCRIPTIONS 辽宁省庄河市 08-06 22:42 -> 山东省平度市 08-08 01:49 767 15706
[success] LeavesofGrass 浙江省慈溪市 06-19 03:15 -> 广东省揭阳市 06-19 04:27 81 6848
[success] LeavesofGrass 山西省孝义市 06-04 08:08 -> 湖北省孝感市 06-04 21:55 1558 5722
[39730] 1
IHEARDthatyouask 浙江省临安市 07-21 11:03 -> 山东省滨州市 07-21 15:18 139 22656
[39739] 1
TOtheeoldcause 黑龙江省五常市 07-09 21:23 -> 山东省青州市 07-10 06:35 1609 87484
[39749] 1
IHEARDthatyouask 浙江省临安市 08-17 11:03 -> 山东省滨州市 08-17 15:18 139 34088
[39753] -1
[39757] queue
[39763] 1
INSCRIPTIONS 辽宁省庄河市 07-31 22:42 -> 安徽省淮北市 08-01 15:48 596 27266
[39769] 1492389
[39779] queue
[39789] 1
INSCRIPTIONS 辽宁省庄河市 07-15 22:42 -> 山东省平度市 07-17 01:49 767 15699
[39792] queue
[39801] queue
[39808] -1
[39818] 1
Deathlessthroughout 陕西省铜川市 07-16 20:34 -> 黑龙江省大庆市 07-17 10:37 1420 43088
[39827] 1
IHEARDthatyouask 四川省江油市 07-24 00:49 -> 湖南省娄底市 07-24 01:55 223 29363
[39831] 4971006
[39832] 1
TOTHEEOLDCAUSE 内蒙临河市 07-12 03:07 -> 江苏省大丰市 07-12 05:52 241 67733
[39841] 1
everwillbereally 河南省平顶山市 07-26 18:00 -> 广西柳州市 07-26 23:05 171 96649
[39843] Warfarin 华法琳 French.German@Italian.Flemish 2
[39844] 4727212
[39846] 226962
[39851] 1
AndtodefineAmeric 北京市 06-24 05:05 -> 广东省河源市 06-24 20:47 318 53839
[39857] 2439828
[39867] -1
[39868] 1
LeavesofGrass 黑龙江省大庆市 07-01 19:34 -> 河南省辉县市 07-02 02:13 597 2079
[39873] Breeze 微风 is.the.Opposition@that.has 3
[39880] 0
[39883] 16
[pending] LeavesofGrass 黑龙江省佳木斯市 07-10 11:40 -> 湖北省孝感市 07-10 21:55 1155 2787
[success] LeavesofGrass 湖北省孝感市 06-17 22:03 -> 内蒙临河市 06-18 04:56 478 5989
[success] IHEARDthatyouask 吉林省长春市 07-23 08:52 -> 山东省滨州市 07-23 15:18 413 2635
[pending] INSCRIPTIONS 广西桂平市 07-28 07:35 -> 山东省平度市 07-29 01:49 370 20929
[pending] LeavesofGrass 内蒙海拉尔市 06-29 23:15 -> 黑龙江省佳木斯市 06-30 11:34 1101 12282
[success] puzzletheNewWorld 河南省新密市 07-23 08:21 -> 河南省郑州市 07-23 10:51 398 10582
[success] IHEARDthatyouask 浙江省临安市 07-09 11:03 -> 四川省江油市 07-10 00:41 689 2181
[success] INSCRIPTIONS 辽宁省庄河市 08-08 22:42 -> 山东省平度市 08-10 01:49 767 21631
[success] LeavesofGrass 浙江省慈溪市 06-07 03:15 -> 广东省揭阳市 06-07 04:27 81 8709
[success] LeavesofGrass 黑龙江省大庆市 07-04 19:34 -> 吉林省白山市 07-04 20:59 311 15063
[success] LeavesofGrass 山东省济南市 06-04 16:58 -> 内蒙临河市 06-05 04:56 1176 3219
[success] INSCRIPTIONS 山东省平度市 08-11 01:53 -> 天津市 08-11 06:58 471 11615
[success] LeavesofGrass 黑龙江省佳木斯市 06-21 11:40 -> 河南省辉县市 06-22 02:13 1299 5186
[success] LeavesofGrass 山西省孝义市 06-12 08:08 -> 黑龙江省大庆市 06-12 19:30 1105 7896
[success] LeavesofGrass 广东省揭阳市 06-21 04:33 -> 黑龙江省鸡西市 06-21 12:58 825 17934
[success] LeavesofGrass 广东省揭阳市 06-05 04:33 -> 河南省辉县市 06-06 02:13 2010 1981
[39891] queue
[39895] queue
[39905] dLYdskrjVK 圗嶎亄 State.exclusive@political.sway 2
[39915] 6104136
[39918] Plume 翎羽 with.a.Manifesto@of.the 1
[39926] Vulcan 火神 to.commerce@to.navigation 1
[39930] 14632826
[39932] 1
Deathlessthroughout 山西省朔州市 06-17 01:42 -> 黑龙江省鸡西市 06-17 04:53 572 43088
[39933] 0
[39943] 1
LeavesofGrass 黑龙江省佳木斯市 07-02 11:40 -> 吉林省白山市 07-02 20:59 1013 654
[39945] 1
[success] LeavesofGrass 吉林省白山市 06-14 21:05 -> 湖北省孝感市 06-14 21:55 142 16852
[39949] 1
TOtheeoldcause 浙江省杭州市 07-09 23:59 -> 山东省青州市 07-10 06:35 1062 87484
[39953] 1
AndtodefineAmeric 北京市 08-17 05:05 -> 江苏省淮安市 08-18 01:21 756 53839
[39962] 0
[39965] -1
[39969] -1
[39974] queue
[39978] 1
Farfarmorestood 安徽省贵池市 07-26 20:51 -> 北京市 07-27 02:43 631 67803
[39985] -1
[39990] 0
[39991] 6536304
[39999] -1
[40001] 0
[40010] 1
INSCRIPTIONS 广西桂平市 07-25 07:35 -> 山东省平度市 07-26 01:49 370 2549
[40018] 2859714
[40022] 282880
[40031] 2492532
[40036] 1
TOTHEEOLDCAUSE 内蒙临河市 07-23 03:07 -> 江苏省大丰市 07-23 05:52 241 67733
[40040] 1
everwillbereally 浙江省慈溪市 08-13 11:23 -> 广西柳州市 08-13 23:05 600 96649
[40049] 1
AndtodefineAmeric 北京市 06-29 05:05 -> 江苏省淮安市 06-30 01:21 756 53839
[40058] -1
[40068] 1
Farfarmorestood 河北省晋州市 07-13 19:15 -> 江苏省新沂市 07-14 05:28 1037 67803
[40072] 1
TOtheeoldcause 新疆阜康市 06-02 05:30 -> 北京市 06-02 13:26 1303 87484
[40077] 13793370
[40081] queue
[40087] Platinum 白金 journeymen@apprentices.serfs 3
[40090] 1
TOtheeoldcause 新疆博乐市 07-21 22:11 -> 山东省菏泽市 07-22 15:47 2942 87484
[40098] queue
[40104] 1
AndtodefineAmeric 北京市 06-22 05:05 -> 江苏省淮安市 06-23 01:21 756 53536
[40110] -1
[40114] -1
[40115] Shaw 阿消 feudal.society@a.rapid 3
[40116] Frostleaf 霜叶 in.a.revolutionary@reconstitut 1
[40119] 1
Thousternremorsel 河南省永城市 07-27 05:35 -> 内蒙东胜市 07-28 09:48 1211 24953
[40120] 6397547
[40129] 14
[success] LeavesofGrass 黑龙江省大庆市 06-10 19:34 -> 湖北省孝感市 06-10 21:55 453 2298
[pending] LeavesofGrass 黑龙江省鸡西市 07-04 13:01 -> 河南省辉县市 07-05 02:13 1185 16905
[pending] LeavesofGrass 内蒙海拉尔市 06-11 23:15 -> 山东省济南市 06-12 16:51 1558 13122
[pending] LeavesofGrass 广东省揭阳市 07-02 04:33 -> 内蒙临河市 07-03 04:56 2344 17482
[success] puzzletheNewWorld 河南省新密市 07-19 08:21 -> 山东省烟台市 07-19 23:52 1291 16234
[pending] LeavesofGrass 内蒙海拉尔市 06-29 23:15 -> 山东省济南市 06-30 16:51 1558 16498
[success] LeavesofGrass 广东省揭阳市 07-03 04:33 -> 内蒙临河市 07-04 04:56 2344 5630
[success] INSCRIPTIONS 辽宁省庄河市 08-13 22:42 -> 山东省平度市 08-15 01:49 767 10827
[success] IHEARDthatyouask 吉林省长春市 07-31 08:52 -> 广东省台山市 07-31 16:01 866 2914
[success] puzzletheNewWorld 陕西省咸阳市 07-27 09:13 -> 四川省达州市 07-27 18:46 837 4966
[pending] LeavesofGrass 浙江省慈溪市 06-16 03:15 -> 黑龙江省大庆市 06-16 19:30 1494 12336
[refunded] LeavesofGrass 内蒙海拉尔市 06-09 23:15 -> 山西省孝义市 06-10 07:58 698 11427
[success] INSCRIPTIONS 安徽省淮北市 08-09 15:57 -> 天津市 08-10 06:58 642 10913
[success] LeavesofGrass 内蒙海拉尔市 07-08 23:15 -> 浙江省慈溪市 07-09 03:08 309 3166
[40136] 577128
[40144] queue
[40149] bVSrezWUQrF 垎剝婁 the.worldmarket@conquered.for 3
[40156] 0
[40166] Weedy 温蒂 bourgeoisie@is.itself 2
[40172] queue
[40176] Purestream 清流 never.before@known.and 1
[40179] 962844
[40186] 1
Thousternremorsel 河南省永城市 06-20 05:35 -> 天津市 06-21 00:43 858 24953
[40194] -1
[40203] -1
[40204] 0
[40207] -1
[40213] -1
[40222] -1
[40225] -1
[40228] -1
[40229] -1
[40232] 0
[40241] -1
[40251] 0
[40256] 0
[40257] -1
[40258] -1
[40264] -1
[40273] -1
[40275] -1
[40277] -1
[40280] 0
[40283] -1
[40292] -1
[40296] -1
[40300] 0
[40307] 0
[40311] 0
[40313] -1
[40318] -1
[40320] -1
[40322] -1
[40332] -1
[40337] -1
[40345] -1
[40355] -1
[40359] -1
[40361] -1
[40364] puzzletheNewWorld W
辽宁省灯塔市 xx-xx xx:xx -> 07-22 05:44 0 66413
吉林省桦甸市 07-22 07:43 -> 07-22 07:49 230 66413
河南省新密市 07-22 08:17 -> 07-22 08:21 289 66413
陕西省咸阳市 07-22 09:07 -> 07-22 09:13 510 66413
河南省郑州市 07-22 10:51 -> 07-22 11:01 687 54602
河南省驻马店市 07-22 15:17 -> 07-22 15:23 1082 54602
四川省达州市 07-22 18:46 -> 07-22 18:55 1347 66413
海南省万宁市 07-22 23:27 -> 07-22 23:30 1448 66413
山东省烟台市 07-22 23:52 -> 07-23 00:01 1580 66413
广西百色市 07-23 01:47 -> xx-xx xx:xx 1977 x
[40372] 0
[40376] 0
[40377] 0
[40386] -1
[40396] -1
[40401] 0
[40404] 0
[40408] 0
[40414] 0
[40423] -1
[40433] 0
[40437] 0
[40443] -1
[40453] -1
[40454] -1
[40459] -1
[40468] -1
[40472] -1
[40474] -1
[40475] -1
[40476] -1
[40482] -1
[40488] -1
[40489] -1
[40490] 23
[success] LeavesofGrass 浙江省慈溪市 06-08 03:15 -> 广东省揭阳市 06-08 04:27 81 2802
[success] INSCRIPTIONS 广西桂平市 08-05 07:35 -> 天津市 08-06 06:58 841 13138
[pending] LeavesofGrass 浙江省慈溪市 07-07 03:15 -> 吉林省白山市 07-07 20:59 1805 10047
[success] INSCRIPTIONS 广西桂平市 08-10 07:35 -> 山东省平度市 08-11 01:49 370 17005
[success] TOTHEEOLDCAUSE 江苏省大丰市 08-08 05:56 -> 山西省汾阳市 08-08 21:18 732 1860
[success] LeavesofGrass 山东省济南市 06-23 16:58 -> 吉林省白山市 06-23 20:59 556 3748
[success] INSCRIPTIONS 辽宁省庄河市 07-16 22:42 -> 山东省平度市 07-18 01:49 767 13823
[success] INSCRIPTIONS 安徽省淮北市 07-14 15:57 -> 山东省平度市 07-15 01:49 171 2128
[success] LeavesofGrass 内蒙海拉尔市 07-02 23:15 -> 黑龙江省大庆市 07-03 19:30 1803 4071
[success] INSCRIPTIONS 山东省平度市 07-28 01:53 -> 天津市 07-28 06:58 471 18754
[pending] LeavesofGrass 山东省济南市 06-15 16:58 -> 吉林省白山市 06-15 20:59 556 16885
[success] puzzletheNewWorld 陕西省咸阳市 07-01 09:13 -> 山东省烟台市 07-01 23:52 1070 5881
[success] INSCRIPTIONS 广西桂平市 08-13 07:35 -> 天津市 08-14 06:58 841 4519
[success] LeavesofGrass 山西省孝义市 06-27 08:08 -> 山东省济南市 06-27 16:51 860 18411
[success] LeavesofGrass 浙江省慈溪市 06-17 03:15 -> 湖北省孝感市 06-17 21:55 1947 10328
[success] LeavesofGrass 黑龙江省佳木斯市 06-15 11:40 -> 湖北省孝感市 06-15 21:55 1155 3535
[success] INSCRIPTIONS 辽宁省庄河市 07-13 22:42 -> 天津市 07-15 06:58 1238 2160
[success] INSCRIPTIONS 广西桂平市 07-12 07:35 -> 天津市 07-13 06:58 841 7357
[success] LeavesofGrass 山东省济南市 07-01 16:58 -> 吉林省白山市 07-01 20:59 556 3029
[success] LeavesofGrass 山西省孝义市 06-22 08:08 -> 湖北省孝感市 06-22 21:55 1558 14138
[success] LeavesofGrass 黑龙江省佳木斯市 06-21 11:40 -> 吉林省白山市 06-21 20:59 1013 40
[success] LeavesofGrass 黑龙江省鸡西市 06-26 13:01 -> 黑龙江省大庆市 06-26 19:30 588 14341
[success] LeavesofGrass 内蒙海拉尔市 06-04 23:15 -> 山东省济南市 06-05 16:51 1558 15160
[40493] -1
[40499] 0
[40502] 0
[40511] 0
[40514] 0
[40521] -1
[40523] -1
[40533] -1
[40537] -1
[40540] 0
[40550] 0
[40560] Swire 诗怀雅 each.other@Bourgeoisie.and 3
[40570] -1
[40575] -1
[40583] -1
[40590] -1
[40600] 0
[40609] -1
[40616] 0
[40625] -1
[40633] 0
[40641] 0
[40649] -1
[40658] 0
[40663] -1
[40669] -1
[40671] -1
[40679] -1
[40682] -1
[40688] -1
[40695] -1
[40699] 0
[40708] Exusiai 能天使 serfs.of.the@Middle.Ages 1
[40712] -1
[40715] 0
[40722] 0
[40726] hbacxdEEHlTDrbWpiLBm H
四川省绵阳市 xx-xx xx:xx -> 06-19 19:06 0 51479
辽宁省庄河市 06-19 19:19 -> 06-19 19:28 85356 51479
甘肃省嘉峪关市 06-19 19:33 -> 06-19 19:40 176575 51479
内蒙临河市 06-19 19:54 -> 06-19 20:05 261149 51479
山东省烟台市 06-19 20:12 -> 06-19 20:24 323942 51479
河北省南宫市 06-19 20:38 -> 06-19 20:46 354047 51479
广东省揭阳市 06-19 20:51 -> 06-19 21:00 422310 51479
山东省青州市 06-19 21:11 -> 06-19 21:16 479520 51479
黑龙江省五常市 06-19 21:27 -> 06-19 21:34 577447 51479
江西省宜春市 06-19 21:46 -> 06-19 21:52 667210 51479
贵州省仁怀市 06-19 22:01 -> 06-19 22:12 755043 51479
江苏省武进市 06-19 22:20 -> 06-19 22:33 785949 51479
湖北省咸宁市 06-19 22:41 -> 06-19 22:49 882360 51479
黑龙江省讷河市 06-19 22:59 -> 06-19 23:13 933778 51479
福建省武夷山市 06-19 23:21 -> 06-19 23:32 1019984 51479
山西省离石市 06-19 23:37 -> 06-19 23:46 1115606 51479
山东省海阳市 06-20 00:01 -> 06-20 00:10 1207474 51479
山东省平度市 06-20 00:19 -> 06-20 00:25 1240174 51479
内蒙乌海市 06-20 00:38 -> 06-20 00:51 1307677 51479
黑龙江省鹤岗市 06-20 00:56 -> 06-20 01:02 1328096 51479
安徽省淮北市 06-20 01:13 -> 06-20 01:28 1350291 51479
河北省邯郸市 06-20 01:36 -> 06-20 01:47 1363822 51479
湖南省郴州市 06-20 02:02 -> 06-20 02:08 1373884 51479
浙江省富阳市 06-20 02:14 -> 06-20 02:24 1431391 51479
吉林省吉林市 06-20 02:33 -> 06-20 02:44 1516180 51479
吉林省白山市 06-20 02:49 -> 06-20 03:03 1579093 51479
海南省万宁市 06-20 03:10 -> 06-20 03:15 1654303 51479
河南省新密市 06-20 03:20 -> 06-20 03:29 1691722 51479
江苏省高邮市 06-20 03:37 -> 06-20 03:44 1717576 51479
广东省汕头市 06-20 03:54 -> 06-20 04:08 1719450 51479
山西省汾阳市 06-20 04:23 -> 06-20 04:31 1730148 51479
河北省藁城市 06-20 04:41 -> xx-xx xx:xx 1769272 x
[40731] 0
[40738] -1
[40743] -1
[40751] -1
[40758] 0
[40765] -1
[40770] -1
[40780] -1
[40783] -1
[40790] -1
[40797] -1
[40798] 0
[40799] -1
[40807] -1
[40816] -1
[40820] -1
[40827] -1
[40835] 0
[40838] 0
[40844] -1
[40852] -1
[40853] 0
[40858] -1
[40862] -1
[40870] -1
[40878] -1
[40884] -1
[40888] 0
[40896] -1
[40906] -1
[40916] -1
[40921] -1
[40923] 0
[40924] -1
[40928] -1
[40937] -1
[40938] -1
[40940] -1
[40947] -1
[40952] 0
[40959] -1
[40963] -1
[40966] -1
[40975] -1
[40979] 0
[40983] -1
[40987] -1
[40990] -1
[41002] -1
[41003] -1
[41011] -1
[41012] -1
[41021] -1
[41025] 0
[41026] -1
[41027] -1
[41031] -1
[41032] -1
[41039] 0
[41046] -1
[41051] 0
[41052] -1
[41057] -1
[41063] Firewatch 守林人 modern.bourgeois@Modern.indust 1
[41071] -1
[41081] -1
[41084] -1
[41090] -1
[41094] -1
[41103] -1
[41110] -1
[41115] Steward 史都华德 division.of@labour.between 4
[41120] 0
[41130] -1
[41140] -1
[41145] -1
[41146] -1
[41156] 0
[41159] -1
[41165] 0
[41172] 0
[41173] -1
[41174] -1
[41175] -1
[41177] -1
[41187] 0
[41192] -1
[41197] -1
[41203] -1
[41206] 0
[41207] -1
[41212] 0
[41217] -1
[41223] 0
[41231] -1
[41236] 0
[41243] -1
[41245] 0
[41249] -1
[41252] 0
[41257] -1
[41263] 0
[41268] -1
[41275] -1
[41285] -1
[41294] NoirCorne 黑角 everywhere@a.complicated 3
[41297] 0
[41303] -1
[41312] -1
[41313] -1
[41319] 0
[41325] 0
[41333] -1
[41341] -1
[41345] -1
[41355] 0
[41365] 0
[41370] -1
[41380] -1
[41385] Utage 宴宴 This.market@has.given 1
[41392] -1
[41402] -1
[41410] -1
[41420] -1
[41428] 0
[41437] -1
[41446] -1
[41456] -1
[41465] -1
[41470] 0
[41479] -1
[41485] -1
[41495] -1
[41499] -1
[41509] 0
[41510] 0
[41516] -1
[41526] 0
[41529] -1
[41537] -1
[41538] -1
[41548] -1
[41555] 0
[41561] 0
[41571] -1
[41578] -1
[41585] 0
[41590] -1
[41599] advanceinthisbook Y
北京市 xx-xx xx:xx -> 07-02 21:51 0 51458
新疆阿勒泰市 07-02 23:13 -> 07-02 23:18 230 51458
湖北省当阳市 07-03 01:08 -> 07-03 01:15 596 51458
浙江省温州市 07-03 02:26 -> 07-03 02:36 827 51458
黑龙江省富锦市 07-03 05:25 -> 07-03 05:28 1183 51458
湖北省咸宁市 07-03 06:42 -> 07-03 06:47 1418 51458
河北省藁城市 07-03 08:56 -> 07-03 09:04 1601 51458
重庆市 07-03 11:22 -> 07-03 11:27 1664 51458
新疆米泉市 07-03 13:50 -> 07-03 13:53 2112 51458
湖南省临湘市 07-03 16:02 -> 07-03 16:12 2360 51458
河南省新郑市 07-03 19:19 -> 07-03 19:26 2377 51458
湖北省枝江市 07-03 22:26 -> 07-03 22:29 2402 51458
天津市 07-03 23:09 -> 07-03 23:15 2795 51458
山东省淄博市 07-04 02:33 -> 07-04 02:36 3258 51458
陕西省汉中市 07-04 05:10 -> xx-xx xx:xx 3554 x
[41601] 0
[41603] -1
[41606] -1
[41611] -1
[41617] -1
[41618] -1
[41628] 0
[41632] 31
[success] INSCRIPTIONS 安徽省淮北市 07-28 15:57 -> 天津市 07-29 06:58 642 9508
[success] LeavesofGrass 浙江省慈溪市 06-15 03:15 -> 黑龙江省佳木斯市 06-15 11:34 792 1553
[success] INSCRIPTIONS 辽宁省庄河市 08-08 22:42 -> 广西桂平市 08-09 07:25 397 20558
[success] IHEARDthatyouask 吉林省舒兰市 08-19 21:57 -> 湖南省娄底市 08-20 01:55 266 5557
[success] LeavesofGrass 吉林省白山市 06-08 21:05 -> 湖北省孝感市 06-08 21:55 142 15392
[success] LeavesofGrass 广东省揭阳市 06-26 04:33 -> 山东省济南市 06-26 16:51 1168 1413
[success] LeavesofGrass 山西省孝义市 06-25 08:08 -> 黑龙江省佳木斯市 06-25 11:34 403 15368
[success] INSCRIPTIONS 广西桂平市 07-19 07:35 -> 山东省平度市 07-20 01:49 370 553
[pending] LeavesofGrass 黑龙江省大庆市 07-07 19:34 -> 内蒙临河市 07-08 04:56 931 11052
[pending] LeavesofGrass 山东省济南市 06-28 16:58 -> 吉林省白山市 06-28 20:59 556 16276
[success] LeavesofGrass 内蒙海拉尔市 06-14 23:15 -> 湖北省孝感市 06-15 21:55 2256 3827
[success] INSCRIPTIONS 辽宁省庄河市 07-25 22:42 -> 山东省平度市 07-27 01:49 767 19367
[success] TOtheeoldcause 新疆博乐市 07-15 22:11 -> 新疆阜康市 07-16 05:22 1399 8325
[success] LeavesofGrass 内蒙海拉尔市 06-18 23:15 -> 广东省揭阳市 06-19 04:27 390 1827
[success] LeavesofGrass 山东省济南市 06-10 16:58 -> 吉林省白山市 06-10 20:59 556 7812
[success] LeavesofGrass 吉林省白山市 06-06 21:05 -> 内蒙临河市 06-07 04:56 620 6821
[pending] LeavesofGrass 黑龙江省佳木斯市 06-04 11:40 -> 山东省济南市 06-04 16:51 457 1846
[success] LeavesofGrass 山东省济南市 06-23 16:58 -> 黑龙江省大庆市 06-23 19:30 245 15303
[pending] LeavesofGrass 内蒙海拉尔市 06-26 23:15 -> 吉林省白山市 06-27 20:59 2114 9445
[success] LeavesofGrass 山西省孝义市 07-10 08:08 -> 河南省辉县市 07-11 02:13 1702 2139
[success] INSCRIPTIONS 辽宁省庄河市 07-09 22:42 -> 山东省平度市 07-11 01:49 767 5732
[success] INSCRIPTIONS 广西桂平市 08-10 07:35 -> 山东省平度市 08-11 01:49 370 19554
[success] IHEARDthatyouask 吉林省长春市 07-24 08:52 -> 山东省滨州市 07-24 15:18 413 5501
[success] puzzletheNewWorld 吉林省桦甸市 07-02 07:49 -> 河南省新密市 07-02 08:17 59 14025
[success] INSCRIPTIONS 安徽省淮北市 08-16 15:57 -> 山东省平度市 08-17 01:49 171 14028
[success] LeavesofGrass 广东省揭阳市 06-10 04:33 -> 黑龙江省大庆市 06-10 19:30 1413 14025
[success] LeavesofGrass 浙江省慈溪市 06-22 03:15 -> 山西省孝义市 06-22 07:58 389 4830
[success] LeavesofGrass 山东省济南市 07-06 16:58 -> 内蒙临河市 07-07 04:56 1176 4835
[success] LeavesofGrass 吉林省白山市 06-25 21:05 -> 内蒙临河市 06-26 04:56 620 1825
[success] LeavesofGrass 黑龙江省大庆市 06-09 19:34 -> 吉林省白山市 06-09 20:59 311 9287
[success] LeavesofGrass 山东省济南市 06-27 16:58 -> 吉林省白山市 06-27 20:59 556 15334
[41636] -1
[41644] 0
[41654] 0
[41662] 0
[41664] -1
[41668] 0
[41676] -1
[41679] -1
[41685] -1
[41695] 0
[41699] Aak 阿阿 the.bourgeoisie@possesses.howe 1
[41707] -1
[41711] 0
[41718] puzzletheNewWorld W
辽宁省灯塔市 xx-xx xx:xx -> 07-08 05:44 0 66413
吉林省桦甸市 07-08 07:43 -> 07-08 07:49 230 66413
河南省新密市 07-08 08:17 -> 07-08 08:21 289 52744
陕西省咸阳市 07-08 09:07 -> 07-08 09:13 510 52744
河南省郑州市 07-08 10:51 -> 07-08 11:01 687 52744
河南省驻马店市 07-08 15:17 -> 07-08 15:23 1082 52744
四川省达州市 07-08 18:46 -> 07-08 18:55 1347 52744
海南省万宁市 07-08 23:27 -> 07-08 23:30 1448 52744
山东省烟台市 07-08 23:52 -> 07-09 00:01 1580 52744
广西百色市 07-09 01:47 -> xx-xx xx:xx 1977 x
[41726] -1
[41729] 8
[success] IHEARDthatyouask 浙江省临安市 07-20 11:03 -> 湖南省娄底市 07-21 01:55 912 7167
[pending] LeavesofGrass 广东省揭阳市 06-25 04:33 -> 山东省济南市 06-25 16:51 1168 17195
[success] INSCRIPTIONS 安徽省淮北市 08-04 15:57 -> 山东省平度市 08-05 01:49 171 11304
[success] INSCRIPTIONS 辽宁省庄河市 08-04 22:42 -> 广西桂平市 08-05 07:25 397 15310
[success] INSCRIPTIONS 广西桂平市 08-05 07:35 -> 天津市 08-06 06:58 841 2758
[pending] LeavesofGrass 山东省济南市 06-25 16:58 -> 河南省辉县市 06-26 02:13 842 6831
[success] LeavesofGrass 浙江省慈溪市 06-12 03:15 -> 黑龙江省佳木斯市 06-12 11:34 792 11049
[success] IHEARDthatyouask 广东省台山市 08-05 16:07 -> 湖南省娄底市 08-06 01:55 320 3574
[41738] 0
[41748] 0
[41753] -1
[41761] 0
[41766] -1
[41767] -1
[41775] -1
[41782] 0
[41785] -1
[41792] -1
[41795] -1
[41804] 19
[pending] LeavesofGrass 山西省孝义市 07-03 08:08 -> 河南省辉县市 07-04 02:13 1702 280
[success] INSCRIPTIONS 辽宁省庄河市 08-04 22:42 -> 天津市 08-06 06:58 1238 18129
[pending] LeavesofGrass 山西省孝义市 06-15 08:08 -> 吉林省白山市 06-15 20:59 1416 15014
[success] INSCRIPTIONS 辽宁省庄河市 07-20 22:42 -> 安徽省淮北市 07-21 15:48 596 20468
[pending] LeavesofGrass 广东省揭阳市 06-09 04:33 -> 山东省济南市 06-09 16:51 1168 7971
[pending] LeavesofGrass 浙江省慈溪市 06-08 03:15 -> 黑龙江省大庆市 06-08 19:30 1494 11125
[success] IHEARDthatyouask 广东省台山市 07-28 16:07 -> 湖南省娄底市 07-29 01:55 320 4328
[pending] LeavesofGrass 黑龙江省鸡西市 07-05 13:01 -> 山东省济南市 07-05 16:51 343 8445
[success] INSCRIPTIONS 山东省平度市 08-06 01:53 -> 天津市 08-06 06:58 471 17036
[success] INSCRIPTIONS 辽宁省庄河市 07-09 22:42 -> 安徽省淮北市 07-10 15:48 596 8968
[success] IHEARDthatyouask 浙江省临安市 07-14 11:03 -> 广东省台山市 07-14 16:01 592 6000
[success] IHEARDthatyouask 广东省台山市 07-02 16:07 -> 吉林省舒兰市 07-02 21:49 54 1713
[success] puzzletheNewWorld 吉林省桦甸市 07-21 07:49 -> 河南省驻马店市 07-21 15:17 852 9053
[success] LeavesofGrass 山东省济南市 06-20 16:58 -> 黑龙江省大庆市 06-20 19:30 245 2836
[success] puzzletheNewWorld 河南省郑州市 08-20 11:01 -> 河南省驻马店市 08-20 15:17 395 4892
[success] LeavesofGrass 广东省揭阳市 06-16 04:33 -> 山西省孝义市 06-16 07:58 308 9643
[pending] LeavesofGrass 浙江省慈溪市 07-07 03:15 -> 黑龙江省佳木斯市 07-07 11:34 792 3260
[success] LeavesofGrass 浙江省慈溪市 07-02 03:15 -> 山东省济南市 07-02 16:51 1249 285
[success] INSCRIPTIONS 辽宁省庄河市 07-13 22:42 -> 安徽省淮北市 07-14 15:48 596 10838
[41811] -1
[41815] -1
[41825] -1
[41831] -1
[41835] -1
[41838] -1
[41844] 0
[41854] -1
[41864] -1
[41867] 0
[41873] Thesechantsforthe W
贵州省仁怀市 xx-xx xx:xx -> 07-04 03:49 0 59968
新疆喀什市 07-04 07:48 -> 07-04 07:56 150 59968
天津市 07-04 09:35 -> 07-04 09:42 280 59968
青海省德令哈市 07-04 10:50 -> 07-04 10:56 691 59968
辽宁省营口市 07-04 14:02 -> 07-04 14:09 1174 59968
福建省福安市 07-04 16:52 -> 07-04 16:55 1214 59968
山东省胶州市 07-04 18:09 -> 07-04 18:14 1376 59968
湖北省恩施市 07-04 21:05 -> 07-04 21:15 1468 59968
甘肃省西峰市 07-04 22:31 -> 07-04 22:35 1756 59968
北京市 07-04 23:46 -> 07-04 23:55 1853 59968
江苏省高邮市 07-05 01:35 -> xx-xx xx:xx 1989 x
[41882] 0
[41884] -1
[41888] -1
[41890] 25
[success] INSCRIPTIONS 安徽省淮北市 07-14 15:57 -> 天津市 07-15 06:58 642 7743
[pending] LeavesofGrass 山西省孝义市 06-25 08:08 -> 河南省辉县市 06-26 02:13 1702 5963
[pending] LeavesofGrass 黑龙江省鸡西市 06-11 13:01 -> 河南省辉县市 06-12 02:13 1185 8057
[success] Farfarmorestood 河南省开封市 07-04 08:13 -> 湖南省永州市 07-04 16:23 709 16905
[success] IHEARDthatyouask 山东省滨州市 07-05 15:28 -> 吉林省舒兰市 07-05 21:49 507 4145
[success] INSCRIPTIONS 辽宁省庄河市 08-11 22:42 -> 天津市 08-13 06:58 1238 19685
[success] INSCRIPTIONS 辽宁省庄河市 07-31 22:42 -> 天津市 08-02 06:58 1238 8336
[success] INSCRIPTIONS 辽宁省庄河市 07-13 22:42 -> 广西桂平市 07-14 07:25 397 6725
[success] LeavesofGrass 湖北省孝感市 06-28 22:03 -> 内蒙临河市 06-29 04:56 478 9299
[success] LeavesofGrass 黑龙江省鸡西市 06-07 13:01 -> 山东省济南市 06-07 16:51 343 6219
[success] AndtodefineAmeric 广东省河源市 07-15 20:55 -> 江苏省淮安市 07-16 01:21 438 992
[success] LeavesofGrass 黑龙江省鸡西市 06-26 13:01 -> 河南省辉县市 06-27 02:13 1185 2214
[success] IHEARDthatyouask 广东省台山市 07-13 16:07 -> 吉林省舒兰市 07-13 21:49 54 969
[pending] LeavesofGrass 吉林省白山市 07-05 21:05 -> 河南省辉县市 07-06 02:13 286 15475
[success] IHEARDthatyouask 吉林省长春市 08-01 08:52 -> 湖南省娄底市 08-02 01:55 1186 2081
[success] LeavesofGrass 内蒙海拉尔市 07-10 23:15 -> 河南省辉县市 07-12 02:13 2400 4661
[success] IHEARDthatyouask 浙江省临安市 07-12 11:03 -> 四川省江油市 07-13 00:41 689 2383
[success] IHEARDthatyouask 天津市 07-25 04:45 -> 湖南省娄底市 07-26 01:55 1292 696
[success] LeavesofGrass 山西省孝义市 06-07 08:08 -> 黑龙江省鸡西市 06-07 12:58 517 7636
[success] LeavesofGrass 广东省揭阳市 07-02 04:33 -> 河南省辉县市 07-03 02:13 2010 13829
[success] LeavesofGrass 内蒙海拉尔市 06-09 23:15 -> 山西省孝义市 06-10 07:58 698 15258
[success] LeavesofGrass 河南省辉县市 07-03 02:21 -> 内蒙临河市 07-03 04:56 334 3560
[success] LeavesofGrass 黑龙江省大庆市 07-06 19:34 -> 吉林省白山市 07-06 20:59 311 15708
[success] LeavesofGrass 黑龙江省佳木斯市 06-12 11:40 -> 湖北省孝感市 06-12 21:55 1155 11803
[success] LeavesofGrass 广东省揭阳市 06-12 04:33 -> 山东省济南市 06-12 16:51 1168 8446
[41897] -1
[41902] -1
[41905] -1
[41911] 0
[41916] -1
[41919] -1
[41927] 0
[41931] -1
[41939] 0
[41948] 0
[41958] -1
[41959] 0
[41969] -1
[41975] 0
[41982] 0
[41992] -1
[41993] -1
[41997] 0
[41998] -1
[42003] 0
[42006] -1
[42015] 0
[42020] -1
[42024] -1
[42034] 0
[42040] -1
[42044] -1
[42054] 11
[refunded] LeavesofGrass 山东省济南市 06-07 16:58 -> 河南省辉县市 06-08 02:13 842 17409
[success] INSCRIPTIONS 广西桂平市 08-08 07:35 -> 天津市 08-09 06:58 841 15960
[success] INSCRIPTIONS 辽宁省庄河市 08-14 22:42 -> 安徽省淮北市 08-15 15:48 596 9676
[refunded] puzzletheNewWorld 辽宁省灯塔市 08-02 05:44 -> 山东省烟台市 08-02 23:52 1580 13474
[success] LeavesofGrass 湖北省孝感市 06-07 22:03 -> 内蒙临河市 06-08 04:56 478 10964
[success] LeavesofGrass 浙江省慈溪市 07-04 03:15 -> 吉林省白山市 07-04 20:59 1805 9116
[success] INSCRIPTIONS 山东省平度市 08-15 01:53 -> 天津市 08-15 06:58 471 8214
[success] INSCRIPTIONS 广西桂平市 08-19 07:35 -> 山东省平度市 08-20 01:49 370 14764
[success] LeavesofGrass 山西省孝义市 06-04 08:08 -> 内蒙临河市 06-05 04:56 2036 15663
[success] LeavesofGrass 吉林省白山市 07-05 21:05 -> 湖北省孝感市 07-05 21:55 142 13101
[success] LeavesofGrass 内蒙海拉尔市 06-05 23:15 -> 湖北省孝感市 06-06 21:55 2256 14417
[42061] 0
[42068] -1
[42072] -1
[42076] -1
[42085] -1
[42090] -1
[42099] -1
[42103] -1
[42110] -1
[42113] 0
[42119] 0
[42120] 0
[42130] 0
[42132] -1
[42140] 0
[42150] bye
