[42154] -1
[42164] -1
[42167] -1
[42173] 0
[42174] 0
[42183] -1
[42184] 0
[42188] -1
[42195] -1
[42200] -1
[42206] -1
[42210] -1
[42216] 1
LEAVESOFGRASS 湖南省娄底市 08-09 01:34 -> 海南省琼山市 08-09 16:47 1784 57520
[42226] -1
[42228] -1
[42232] -1
[42235] -1
[42239] -1
[42243] 0
[42249] -1
[42253] -1
[42262] 0
[42269] 0
[42271] -1
[42275] -1
[42277] -1
[42286] -1
[42291] -1
[42292] -1
[42299] -1
[42305] -1
[42308] -1
[42312] -1
[42321] -1
[42325] 0
[42330] -1
[42335] -1
[42342] 0
[42344] -1
[42354] -1
[42363] -1
[42372] 0
[42376] 0
[42386] -1
[42388] -1
[42397] -1
[42403] -1
[42411] -1
[42418] -1
[42422] 0
[42430] -1
[42437] -1
[42445] -1
[42452] -1
[42454] -1
[42459] -1
[42468] -1
[42478] 0
[42486] -1
[42495] 0
[42505] 0
[42507] -1
[42515] Afterastrangesad I
天津市 xx-xx xx:xx -> 07-16 13:45 0 45046
安徽省芜湖市 07-16 17:10 -> 07-16 17:20 83 45046
河南省焦作市 07-16 20:14 -> 07-16 20:21 299 45046
北京市 07-16 23:33 -> 07-16 23:36 676 45046
辽宁省丹东市 07-17 02:44 -> 07-17 02:50 895 45046
吉林省德惠市 07-17 05:24 -> 07-17 05:27 1342 45046
贵州省遵义市 07-17 06:40 -> 07-17 06:50 1366 45046
吉林省松原市 07-17 07:14 -> 07-17 07:20 1591 45046
河北省武安市 07-17 08:22 -> 07-17 08:25 1799 45046
湖北省天门市 07-17 09:50 -> 07-17 09:58 2015 45046
新疆喀什市 07-17 12:29 -> 07-17 12:34 2394 45046
青海省格尔木市 07-17 13:16 -> 07-17 13:24 2639 45046
吉林省龙井市 07-17 16:29 -> 07-17 16:39 3060 45046
四川省资阳市 07-17 17:33 -> xx-xx xx:xx 3371 x
[42518] 0
[42526] 0
[42534] -1
[42544] -1
[42549] 0
[42551] -1
[42561] -1
[42563] -1
[42569] -1
[42570] -1
[42573] -1
[42582] -1
[42586] -1
[42595] -1
[42601] -1
[42602] 0
[42609] -1
[42618] 0
[42625] -1
[42628] -1
[42635] 0
[42645] 0
[42655] -1
[42661] 0
[42669] -1
[42674] -1
[42682] 0
[42692] 0
[42694] 0
[42695] 0
[42697] -1
[42702] -1
[42703] -1
[42708] -1
[42709] -1
[42713] -1
[42716] 0
[42724] -1
[42731] -1
[42734] -1
[42736] -1
[42743] 0
[42747] -1
[42748] -1
[42756] 0
[42763] 0
[42770] -1
[42776] 1
DRYtogcHpM 新疆米泉市 07-08 13:57 -> 湖南省娄底市 07-08 15:12 297876 27921
[42783] -1
[42791] 0
[42793] -1
[42797] -1
[42806] -1
[42812] hbacxdEEHlTDrbWpiLBm H
江苏省武进市 xx-xx xx:xx -> 08-06 19:06 0 51479
海南省琼山市 08-06 19:19 -> 08-06 19:28 85356 51479
浙江省临安市 08-06 19:33 -> 08-06 19:40 176575 51479
辽宁省大石桥市 08-06 19:54 -> 08-06 20:05 261149 51479
河南省孟州市 08-06 20:12 -> 08-06 20:24 323942 51479
山东省青岛市 08-06 20:38 -> 08-06 20:46 354047 51479
海南省海口市 08-06 20:51 -> 08-06 21:00 422310 51479
黑龙江省宁安市 08-06 21:11 -> 08-06 21:16 479520 51479
内蒙包头市 08-06 21:27 -> 08-06 21:34 577447 51479
陕西省商州市 08-06 21:46 -> 08-06 21:52 667210 51479
青海省德令哈市 08-06 22:01 -> 08-06 22:12 755043 51479
新疆阿勒泰市 08-06 22:20 -> 08-06 22:33 785949 51479
山东省青州市 08-06 22:41 -> 08-06 22:49 882360 51479
湖南省张家界市 08-06 22:59 -> 08-06 23:13 933778 51479
陕西省延安市 08-06 23:21 -> 08-06 23:32 1019984 51479
山东省兖州市 08-06 23:37 -> 08-06 23:46 1115606 51479
宁夏青铜峡市 08-07 00:01 -> 08-07 00:10 1207474 51479
吉林省松原市 08-07 00:19 -> 08-07 00:25 1240174 51479
广东省廉江市 08-07 00:38 -> 08-07 00:51 1307677 51479
安徽省贵池市 08-07 00:56 -> 08-07 01:02 1328096 51479
湖北省咸宁市 08-07 01:13 -> 08-07 01:28 1350291 51479
浙江省杭州市 08-07 01:36 -> 08-07 01:47 1363822 51479
新疆阜康市 08-07 02:02 -> 08-07 02:08 1373884 51479
北京市 08-07 02:14 -> 08-07 02:24 1431391 51479
辽宁省北票市 08-07 02:33 -> 08-07 02:44 1516180 51479
山东省滨州市 08-07 02:49 -> 08-07 03:03 1579093 51479
吉林省榆树市 08-07 03:10 -> 08-07 03:15 1654303 51479
黑龙江省讷河市 08-07 03:20 -> 08-07 03:29 1691722 51479
湖北省恩施市 08-07 03:37 -> 08-07 03:44 1717576 51479
湖南省韶山市 08-07 03:54 -> 08-07 04:08 1719450 51479
甘肃省嘉峪关市 08-07 04:23 -> 08-07 04:31 1730148 51479
河北省藁城市 08-07 04:41 -> xx-xx xx:xx 1769272 x
[42816] -1
[42817] -1
[42820] 0
[42827] -1
[42835] -1
[42838] -1
[42841] -1
[42842] -1
[42849] -1
[42853] 0
[42854] -1
[42860] -1
[42869] 0
[42875] 0
[42878] 0
[42882] -1
[42888] 0
[42893] -1
[42902] 0
[42908] -1
[42915] -1
[42923] -1
[42924] 0
[42931] -1
[42935] 0
[42944] -1
[42945] -1
[42954] -1
[42956] -1
[42966] 0
[42968] 0
[42971] -1
[42976] -1
[42981] -1
[42988] -1
[42996] 0
[42998] -1
[43008] -1
[43009] 0
[43018] -1
[43020] 0
[43025] -1
[43032] -1
[43034] -1
[43041] -1
[43051] 0
[43060] -1
[43066] 0
[43072] -1
[43074] -1
[43080] -1
[43084] -1
[43092] -1
[43095] 0
[43104] 0
[43113] -1
[43120] -1
[43127] -1
[43133] -1
[43143] -1
[43153] -1
[43163] -1
[43165] -1
[43172] 0
[43181] DRYtogcHpM P
吉林省吉林市 xx-xx xx:xx -> 07-02 03:27 0 27921
河北省晋州市 07-02 03:37 -> 07-02 03:51 74545 27921
浙江省富阳市 07-02 03:57 -> 07-02 04:07 141774 27921
湖北省枝江市 07-02 04:14 -> 07-02 04:19 157169 27921
陕西省延安市 07-02 04:34 -> 07-02 04:44 239198 27921
吉林省长春市 07-02 04:51 -> 07-02 05:01 318772 27921
辽宁省铁岭市 07-02 05:12 -> 07-02 05:17 319125 27921
山东省烟台市 07-02 05:30 -> 07-02 05:36 409833 27921
辽宁省灯塔市 07-02 05:43 -> 07-02 05:57 476815 27921
广东省潮阳市 07-02 06:05 -> 07-02 06:18 482474 27921
山东省新泰市 07-02 06:29 -> 07-02 06:42 567164 27921
内蒙东胜市 07-02 06:57 -> 07-02 07:11 589709 27921
云南省开远市 07-02 07:19 -> 07-02 07:26 627600 27921
湖南省岳阳市 07-02 07:32 -> 07-02 07:47 679156 27921
河南省永城市 07-02 07:56 -> 07-02 08:07 736706 27921
河南省驻马店市 07-02 08:20 -> 07-02 08:33 738592 27921
广东省新会市 07-02 08:38 -> 07-02 08:51 765380 27921
河南省开封市 07-02 09:00 -> 07-02 09:09 806139 27921
山东省青岛市 07-02 09:15 -> 07-02 09:20 899606 27921
浙江省温州市 07-02 09:34 -> 07-02 09:41 996699 27921
广西南宁市 07-02 09:49 -> 07-02 10:03 1082920 27921
北京市 07-02 10:10 -> 07-02 10:17 1139726 27921
山东省平度市 07-02 10:30 -> 07-02 10:40 1162493 27921
江西省高安市 07-02 10:53 -> 07-02 11:00 1195074 27921
江苏省大丰市 07-02 11:06 -> 07-02 11:16 1262439 27921
河南省平顶山市 07-02 11:26 -> 07-02 11:35 1272485 27921
安徽省合肥市 07-02 11:49 -> 07-02 11:58 1307332 27921
福建省长乐市 07-02 12:13 -> 07-02 12:24 1321964 27921
吉林省桦甸市 07-02 12:37 -> 07-02 12:52 1419487 27921
吉林省辽源市 07-02 13:00 -> 07-02 13:10 1422079 27921
湖南省韶山市 07-02 13:16 -> 07-02 13:30 1462425 27921
新疆米泉市 07-02 13:44 -> 07-02 13:57 1479496 27921
辽宁省营口市 07-02 14:12 -> 07-02 14:17 1575384 27921
江西省贵溪市 07-02 14:29 -> 07-02 14:35 1657477 27921
湖南省郴州市 07-02 14:41 -> 07-02 14:50 1686411 27921
河北省藁城市 07-02 15:00 -> 07-02 15:06 1776827 27921
湖南省娄底市 07-02 15:12 -> xx-xx xx:xx 1777372 x
[43189] -1
[43194] 0
[43199] -1
[43208] -1
[43209] 0
[43219] 0
[43226] 0
[43230] -1
[43239] -1
[43242] 0
[43252] -1
[43258] 0
[43260] -1
[43264] -1
[43269] -1
[43275] -1
[43282] -1
[43291] 0
[43295] 0
[43297] -1
[43303] -1
[43306] -1
[43312] -1
[43315] -1
[43324] 0
[43328] 0
[43331] -1
[43334] -1
[43344] -1
[43351] -1
[43358] -1
[43365] -1
[43367] -1
[43374] -1
[43381] -1
[43383] -1
[43390] -1
[43392] -1
[43401] -1
[43408] -1
[43414] LeavesofGrass V
内蒙海拉尔市 xx-xx xx:xx -> 06-27 23:15 0 41558
浙江省慈溪市 06-28 03:08 -> 06-28 03:15 309 9019
广东省揭阳市 06-28 04:27 -> 06-28 04:33 390 2668
山西省孝义市 06-28 07:58 -> 06-28 08:08 698 5023
黑龙江省佳木斯市 06-28 11:34 -> 06-28 11:40 1101 14358
黑龙江省鸡西市 06-28 12:58 -> 06-28 13:01 1215 13301
山东省济南市 06-28 16:51 -> 06-28 16:58 1558 6848
黑龙江省大庆市 06-28 19:30 -> 06-28 19:34 1803 11244
吉林省白山市 06-28 20:59 -> 06-28 21:05 2114 10454
湖北省孝感市 06-28 21:55 -> 06-28 22:03 2256 34150
河南省辉县市 06-29 02:13 -> 06-29 02:21 2400 44280
内蒙临河市 06-29 04:56 -> xx-xx xx:xx 2734 x
[43415] -1
[43425] -1
[43434] -1
[43435] -1
[43445] 0
[43449] 0
[43456] -1
[43466] -1
[43473] -1
[43480] -1
[43487] -1
[43490] -1
[43493] -1
[43502] -1
[43506] -1
[43510] -1
[43515] 0
[43519] 0
[43521] 0
[43530] 0
[43535] 0
[43537] 0
[43540] 0
[43543] 0
[43551] 0
[43555] 0
[43564] 0
[43573] 0
[43580] 0
[43590] 0
[43598] 0
[43603] 0
[43609] 0
[43619] 0
[43626] 0
[43631] 0
[43639] 0
[43644] 0
[43651] 0
[43656] 0
[43666] 0
[43671] 0
[43673] 0
[43676] 0
[43686] 0
[43694] 0
[43702] 0
[43712] 0
[43716] 0
[43725] -1
[43729] 0
[43731] 0
[43741] 0
[43744] 0
[43753] -1
[43755] -1
[43761] -1
[43764] -1
[43773] 0
[43778] 0
[43783] -1
[43787] -1
[43794] 0
[43795] -1
[43804] -1
[43812] -1
[43813] -1
[43816] 0
[43824] -1
[43827] 0
[43831] 1
advanceinthisbook 湖北省当阳市 06-27 01:15 -> 湖北省枝江市 06-27 22:26 1806 51458
[43839] -1
[43845] -1
[43848] -1
[43857] -1
[43862] 0
[43870] Bagpipe 风笛 antagonisms@Society.as 2
[43872] -1
[43882] -1
[43887] -1
[43891] 0
[43901] -1
[43902] -1
[43903] -1
[43904] -1
[43908] -1
[43910] -1
[43915] -1
[43917] -1
[43925] -1
[43931] -1
[43936] 0
[43944] -1
[43945] -1
[43951] -1
[43961] 0
[43969] 0
[43976] 0
[43977] -1
[43986] -1
[43992] -1
[44001] -1
[44011] -1
[44020] -1
[44022] -1
[44032] -1
[44036] -1
[44038] 0
[44047] -1
[44051] 0
[44060] 0
[44070] -1
[44080] 0
[44086] -1
[44087] -1
[44089] 0
[44095] Cuora 蛇屠 in.the.development@of.the 3
[44100] -1
[44107] -1
[44116] -1
[44119] -1
[44123] -1
[44125] -1
[44131] -1
[44135] -1
[44138] 0
[44148] -1
[44158] 0
[44159] 0
[44160] -1
[44167] -1
[44169] -1
[44176] -1
[44185] 0
[44193] -1
[44199] -1
[44203] -1
[44204] -1
[44211] -1
[44214] -1
[44221] puzzletheNewWorld W
辽宁省灯塔市 xx-xx xx:xx -> 07-22 05:44 0 66413
吉林省桦甸市 07-22 07:43 -> 07-22 07:49 230 66413
河南省新密市 07-22 08:17 -> 07-22 08:21 289 66413
陕西省咸阳市 07-22 09:07 -> 07-22 09:13 510 66413
河南省郑州市 07-22 10:51 -> 07-22 11:01 687 54602
河南省驻马店市 07-22 15:17 -> 07-22 15:23 1082 54602
四川省达州市 07-22 18:46 -> 07-22 18:55 1347 66413
海南省万宁市 07-22 23:27 -> 07-22 23:30 1448 66413
山东省烟台市 07-22 23:52 -> 07-23 00:01 1580 66413
广西百色市 07-23 01:47 -> xx-xx xx:xx 1977 x
[44231] -1
[44241] 0
[44247] -1
[44250] -1
[44253] 0
[44256] -1
[44262] -1
[44270] -1
[44271] 0
[44272] -1
[44280] -1
[44286] -1
[44295] -1
[44301] -1
[44309] -1
[44319] 0
[44329] 0
[44339] 0
[44340] 0
[44342] 0
[44343] 0
[44348] 0
[44354] 0
[44360] 0
[44367] 0
[44368] 0
[44377] 0
[44379] 0
[44386] 0
[44396] 0
[44403] 0
[44406] 0
[44408] 0
[44410] 0
[44419] 0
[44428] 0
[44435] 0
[44445] 0
[44454] 0
[44457] 0
[44465] 0
[44471] 0
[44480] 0
[44485] 0
[44488] 0
[44489] 0
[44498] 0
[44501] 0
[44507] 1
TOTHEEOLDCAUSE 内蒙临河市 08-02 03:07 -> 江苏省大丰市 08-02 05:52 241 67733
[44511] 1
AndtodefineAmeric 北京市 08-06 05:05 -> 广东省河源市 08-06 20:47 318 53839
[44517] 0
[44519] 1
IHEARDthatyouask 吉林省舒兰市 07-25 21:57 -> 湖南省娄底市 07-26 01:55 266 25631
[44523] 4943841
[44527] 1
Afterastrangesad 安徽省芜湖市 06-22 17:20 -> 河北省武安市 06-23 08:22 1716 45046
[44537] 1
Deathlessthroughout 陕西省铜川市 06-12 20:34 -> 广东省肇庆市 06-12 21:19 8 43088
[44541] 1
puzzletheNewWorld 辽宁省灯塔市 08-09 05:44 -> 河南省郑州市 08-09 10:51 687 66413
[44548] 4098744
[44551] 757440
[44556] -1
[44564] 1
TOTHEEOLDCAUSE 内蒙临河市 08-07 03:07 -> 山西省汾阳市 08-07 21:18 973 67733
[44567] 1
TOTHEEOLDCAUSE 内蒙临河市 08-16 03:07 -> 辽宁省阜新市 08-16 11:11 647 67733
[44576] 1
Farfarmorestood 北京市 07-06 02:49 -> 江苏省新沂市 07-06 05:28 27 67803
[44581] 1
IHEARDthatyouask 吉林省长春市 08-10 08:52 -> 吉林省舒兰市 08-10 21:49 920 15969
[44590] 1
everwillbereally 河南省平顶山市 08-04 18:00 -> 广西柳州市 08-04 23:05 171 96649
[44600] 23
[success] LeavesofGrass 浙江省慈溪市 06-08 03:15 -> 广东省揭阳市 06-08 04:27 81 2802
[success] INSCRIPTIONS 广西桂平市 08-05 07:35 -> 天津市 08-06 06:58 841 13138
[pending] LeavesofGrass 浙江省慈溪市 07-07 03:15 -> 吉林省白山市 07-07 20:59 1805 10047
[success] INSCRIPTIONS 广西桂平市 08-10 07:35 -> 山东省平度市 08-11 01:49 370 17005
[success] TOTHEEOLDCAUSE 江苏省大丰市 08-08 05:56 -> 山西省汾阳市 08-08 21:18 732 1860
[success] LeavesofGrass 山东省济南市 06-23 16:58 -> 吉林省白山市 06-23 20:59 556 3748
[success] INSCRIPTIONS 辽宁省庄河市 07-16 22:42 -> 山东省平度市 07-18 01:49 767 13823
[success] INSCRIPTIONS 安徽省淮北市 07-14 15:57 -> 山东省平度市 07-15 01:49 171 2128
[success] LeavesofGrass 内蒙海拉尔市 07-02 23:15 -> 黑龙江省大庆市 07-03 19:30 1803 4071
[success] INSCRIPTIONS 山东省平度市 07-28 01:53 -> 天津市 07-28 06:58 471 18754
[pending] LeavesofGrass 山东省济南市 06-15 16:58 -> 吉林省白山市 06-15 20:59 556 16885
[success] puzzletheNewWorld 陕西省咸阳市 07-01 09:13 -> 山东省烟台市 07-01 23:52 1070 5881
[success] INSCRIPTIONS 广西桂平市 08-13 07:35 -> 天津市 08-14 06:58 841 4519
[success] LeavesofGrass 山西省孝义市 06-27 08:08 -> 山东省济南市 06-27 16:51 860 18411
[success] LeavesofGrass 浙江省慈溪市 06-17 03:15 -> 湖北省孝感市 06-17 21:55 1947 10328
[success] LeavesofGrass 黑龙江省佳木斯市 06-15 11:40 -> 湖北省孝感市 06-15 21:55 1155 3535
[success] INSCRIPTIONS 辽宁省庄河市 07-13 22:42 -> 天津市 07-15 06:58 1238 2160
[success] INSCRIPTIONS 广西桂平市 07-12 07:35 -> 天津市 07-13 06:58 841 7357
[success] LeavesofGrass 山东省济南市 07-01 16:58 -> 吉林省白山市 07-01 20:59 556 3029
[success] LeavesofGrass 山西省孝义市 06-22 08:08 -> 湖北省孝感市 06-22 21:55 1558 14138
[success] LeavesofGrass 黑龙江省佳木斯市 06-21 11:40 -> 吉林省白山市 06-21 20:59 1013 40
[success] LeavesofGrass 黑龙江省鸡西市 06-26 13:01 -> 黑龙江省大庆市 06-26 19:30 588 14341
[success] LeavesofGrass 内蒙海拉尔市 06-04 23:15 -> 山东省济南市 06-05 16:51 1558 15160
[44604] 1
AndtodefineAmeric 北京市 07-20 05:05 -> 江苏省淮安市 07-21 01:21 756 53211
[44613] 1
Ithinkallwarthr 山东省枣庄市 07-19 20:18 -> 山西省介休市 07-20 05:42 1223 51915
[44615] 1
Ithinkallwarthr 河北省邯郸市 06-23 02:21 -> 福建省厦门市 06-23 21:12 950 51915
[44618] 2197863
[44624] Liskarm 雷蛇 industrial@production.was 4
[44625] Mayer 梅尔 serf.guildmaster@and.journeyma 1
[44635] 1
Thousternremorsel 河南省永城市 06-16 05:35 -> 西藏日喀则市 06-17 11:04 1437 24953
[44644] 0
[44652] 1166980
[44659] 1
IHEARDthatyouask 吉林省舒兰市 07-11 21:57 -> 四川省江油市 07-12 00:41 43 34088
[44669] -1
[44675] Amiya 阿米 production@The.place 2
[44678] 0
[44682] 1
everwillbereally 浙江省慈溪市 08-13 11:23 -> 河南省平顶山市 08-13 17:51 429 96649
[44691] -1
[44698] BluePoison 蓝毒 of.America@the.rounding 2
[44705] 1
TOTHEEOLDCAUSE 辽宁省阜新市 07-07 11:17 -> 山西省汾阳市 07-07 21:18 326 67733
[44710] 3119688
[44718] 1
LeavesofGrass 河南省辉县市 06-14 02:21 -> 内蒙临河市 06-14 04:56 334 48266
[44728] -1
[44735] 1
everwillbereally 浙江省慈溪市 07-13 11:23 -> 河南省平顶山市 07-13 17:51 429 96649
[44741] 45
[success] INSCRIPTIONS 广西桂平市 07-28 07:35 -> 山东省平度市 07-29 01:49 370 3154
[pending] LeavesofGrass 广东省揭阳市 07-06 04:33 -> 黑龙江省鸡西市 07-06 12:58 825 7510
[success] IHEARDthatyouask 浙江省临安市 08-08 11:03 -> 四川省江油市 08-09 00:41 689 864
[success] IHEARDthatyouask 吉林省长春市 07-20 08:52 -> 浙江省临安市 07-20 10:58 274 4852
[success] INSCRIPTIONS 辽宁省庄河市 08-15 22:42 -> 广西桂平市 08-16 07:25 397 19592
[success] IHEARDthatyouask 天津市 08-18 04:45 -> 吉林省舒兰市 08-18 21:49 1026 6721
[success] Deathlessthroughout 陕西省铜川市 06-05 20:34 -> 湖南省益阳市 06-05 23:05 205 1070
[pending] LeavesofGrass 山西省孝义市 06-18 08:08 -> 湖北省孝感市 06-18 21:55 1558 16398
[success] INSCRIPTIONS 安徽省淮北市 07-29 15:57 -> 天津市 07-30 06:58 642 13402
[pending] LeavesofGrass 黑龙江省鸡西市 06-24 13:01 -> 内蒙临河市 06-25 04:56 1519 8405
[success] puzzletheNewWorld 四川省达州市 08-02 18:55 -> 广西百色市 08-03 01:47 630 3982
[success] puzzletheNewWorld 辽宁省灯塔市 06-29 05:44 -> 河南省郑州市 06-29 10:51 687 15868
[pending] LeavesofGrass 浙江省慈溪市 06-11 03:15 -> 黑龙江省鸡西市 06-11 12:58 906 6744
[pending] LeavesofGrass 浙江省慈溪市 06-29 03:15 -> 黑龙江省佳木斯市 06-29 11:34 792 7965
[success] Ithinkallwarthr 山东省枣庄市 07-27 20:18 -> 贵州省贵阳市 07-27 21:16 371 11374
[success] LeavesofGrass 内蒙海拉尔市 06-19 23:15 -> 黑龙江省大庆市 06-20 19:30 1803 16079
[success] LeavesofGrass 浙江省慈溪市 07-06 03:15 -> 广东省揭阳市 07-06 04:27 81 10812
[success] IHEARDthatyouask 山东省滨州市 08-18 15:28 -> 四川省江油市 08-19 00:41 550 1712
[success] IHEARDthatyouask 吉林省舒兰市 07-27 21:57 -> 湖南省娄底市 07-28 01:55 266 5809
[pending] INSCRIPTIONS 广西桂平市 07-25 07:35 -> 天津市 07-26 06:58 841 13947
[success] INSCRIPTIONS 辽宁省庄河市 08-03 22:42 -> 广西桂平市 08-04 07:25 397 8313
[success] LeavesofGrass 浙江省慈溪市 06-09 03:15 -> 黑龙江省鸡西市 06-09 12:58 906 1773
[success] IHEARDthatyouask 四川省江油市 08-09 00:49 -> 湖南省娄底市 08-09 01:55 223 1772
[pending] LeavesofGrass 山西省孝义市 06-06 08:08 -> 河南省辉县市 06-07 02:13 1702 11819
[pending] LeavesofGrass 山西省孝义市 07-03 08:08 -> 吉林省白山市 07-03 20:59 1416 4221
[pending] LeavesofGrass 内蒙海拉尔市 06-21 23:15 -> 河南省辉县市 06-23 02:13 2400 2721
[success] puzzletheNewWorld 河南省郑州市 07-31 11:01 -> 河南省驻马店市 07-31 15:17 395 11598
[success] LeavesofGrass 广东省揭阳市 07-04 04:33 -> 内蒙临河市 07-05 04:56 2344 2060
[pending] LeavesofGrass 山西省孝义市 06-06 08:08 -> 内蒙临河市 06-07 04:56 2036 11809
[success] IHEARDthatyouask 天津市 07-21 04:45 -> 吉林省长春市 07-21 08:48 106 8100
[success] INSCRIPTIONS 安徽省淮北市 07-11 15:57 -> 山东省平度市 07-12 01:49 171 2249
[success] INSCRIPTIONS 安徽省淮北市 08-18 15:57 -> 天津市 08-19 06:58 642 547
[success] LeavesofGrass 内蒙海拉尔市 06-29 23:15 -> 黑龙江省大庆市 06-30 19:30 1803 2992
[success] LeavesofGrass 内蒙海拉尔市 06-16 23:15 -> 山东省济南市 06-17 16:51 1558 522
[success] puzzletheNewWorld 辽宁省灯塔市 07-30 05:44 -> 山东省烟台市 07-30 23:52 1580 2951
[pending] LeavesofGrass 内蒙海拉尔市 06-03 23:15 -> 内蒙临河市 06-05 04:56 2734 5504
[success] LeavesofGrass 内蒙海拉尔市 06-09 23:15 -> 黑龙江省大庆市 06-10 19:30 1803 4772
[pending] LeavesofGrass 内蒙海拉尔市 06-10 23:15 -> 内蒙临河市 06-12 04:56 2734 1424
[success] INSCRIPTIONS 辽宁省庄河市 08-01 22:42 -> 天津市 08-03 06:58 1238 14741
[success] LeavesofGrass 浙江省慈溪市 07-06 03:15 -> 河南省辉县市 07-07 02:13 2091 12615
[success] INSCRIPTIONS 辽宁省庄河市 08-17 22:42 -> 安徽省淮北市 08-18 15:48 596 21171
[success] LeavesofGrass 黑龙江省佳木斯市 07-09 11:40 -> 河南省辉县市 07-10 02:13 1299 1050
[success] LeavesofGrass 黑龙江省鸡西市 06-16 13:01 -> 湖北省孝感市 06-16 21:55 1041 14525
[success] LeavesofGrass 黑龙江省鸡西市 06-17 13:01 -> 河南省辉县市 06-18 02:13 1185 16934
[success] LeavesofGrass 黑龙江省鸡西市 07-03 13:01 -> 山东省济南市 07-03 16:51 343 3639
[44748] QKoHnGujcnKjqgkeZEGU 宷嶒仗 the.absolute@monarchy.as 1
[44754] 1
Deathlessthroughout 江苏省高邮市 06-25 17:30 -> 湖南省韶山市 06-26 03:20 840 43088
[44756] 1
puzzletheNewWorld 河南省郑州市 07-27 11:01 -> 山东省烟台市 07-27 23:52 893 57292
[44759] 2243710
[44765] 7972344
[44770] 7441800
[44773] 2016030
[44777] 1
everwillbereally 浙江省慈溪市 08-03 11:23 -> 广西柳州市 08-03 23:05 600 96649
[44780] Meteorite 陨星 its.time.reacted@on.the 2
[44785] 24
[success] IHEARDthatyouask 广东省台山市 07-16 16:07 -> 湖南省娄底市 07-17 01:55 320 2367
[success] AndtodefineAmeric 北京市 08-02 05:05 -> 江苏省淮安市 08-03 01:21 756 10440
[success] LeavesofGrass 内蒙海拉尔市 06-22 23:15 -> 河南省辉县市 06-24 02:13 2400 3627
[success] LeavesofGrass 河南省辉县市 07-06 02:21 -> 内蒙临河市 07-06 04:56 334 4602
[success] INSCRIPTIONS 安徽省淮北市 08-18 15:57 -> 天津市 08-19 06:58 642 6975
[success] LeavesofGrass 广东省揭阳市 06-21 04:33 -> 山西省孝义市 06-21 07:58 308 4657
[pending] INSCRIPTIONS 山东省平度市 08-09 01:53 -> 天津市 08-09 06:58 471 5943
[success] puzzletheNewWorld 河南省驻马店市 07-12 15:23 -> 四川省达州市 07-12 18:46 265 316
[success] LeavesofGrass 吉林省白山市 06-20 21:05 -> 湖北省孝感市 06-20 21:55 142 1856
[success] INSCRIPTIONS 辽宁省庄河市 08-06 22:42 -> 广西桂平市 08-07 07:25 397 1182
[pending] LeavesofGrass 浙江省慈溪市 06-10 03:15 -> 内蒙临河市 06-11 04:56 2425 8250
[success] INSCRIPTIONS 辽宁省庄河市 07-20 22:42 -> 安徽省淮北市 07-21 15:48 596 16055
[success] INSCRIPTIONS 安徽省淮北市 08-05 15:57 -> 天津市 08-06 06:58 642 9462
[success] LeavesofGrass 广东省揭阳市 07-09 04:33 -> 湖北省孝感市 07-09 21:55 1866 10903
[success] INSCRIPTIONS 辽宁省庄河市 08-14 22:42 -> 广西桂平市 08-15 07:25 397 11671
[success] IHEARDthatyouask 广东省台山市 07-25 16:07 -> 吉林省舒兰市 07-25 21:49 54 2572
[success] LeavesofGrass 黑龙江省鸡西市 06-14 13:01 -> 黑龙江省大庆市 06-14 19:30 588 6306
[success] INSCRIPTIONS 广西桂平市 08-02 07:35 -> 安徽省淮北市 08-02 15:48 199 9195
[pending] LeavesofGrass 山东省济南市 07-04 16:58 -> 内蒙临河市 07-05 04:56 1176 14809
[success] LeavesofGrass 黑龙江省佳木斯市 07-08 11:40 -> 黑龙江省大庆市 07-08 19:30 702 2410
[success] LeavesofGrass 浙江省慈溪市 06-29 03:15 -> 山西省孝义市 06-29 07:58 389 1439
[success] INSCRIPTIONS 安徽省淮北市 08-12 15:57 -> 天津市 08-13 06:58 642 8156
[success] INSCRIPTIONS 广西桂平市 07-30 07:35 -> 安徽省淮北市 07-30 15:48 199 3862
[success] INSCRIPTIONS 辽宁省庄河市 07-10 22:42 -> 广西桂平市 07-11 07:25 397 10304
[44794] SilverAsh 银灰 has.established@the.worldmarke 3
[44802] 1
Farfarmorestood 北京市 07-22 02:49 -> 吉林省图们市 07-22 11:44 254 67803
[44811] queue
[44821] queue
[44831] 1
LeavesofGrass 山东省济南市 07-05 16:58 -> 湖北省孝感市 07-05 21:55 698 12825
[44841] 1
advanceinthisbook 河北省藁城市 07-12 09:04 -> 湖北省枝江市 07-12 22:26 801 51458
[44848] -1
[44857] 5563558
[44866] 1
Afterastrangesad 吉林省德惠市 07-03 05:27 -> 湖北省天门市 07-03 09:50 673 45046
[44867] 9
[success] LeavesofGrass 黑龙江省大庆市 06-28 19:34 -> 湖北省孝感市 06-28 21:55 453 9048
[success] IHEARDthatyouask 浙江省临安市 07-20 11:03 -> 湖南省娄底市 07-21 01:55 912 7167
[pending] LeavesofGrass 广东省揭阳市 06-25 04:33 -> 山东省济南市 06-25 16:51 1168 17195
[success] INSCRIPTIONS 安徽省淮北市 08-04 15:57 -> 山东省平度市 08-05 01:49 171 11304
[success] INSCRIPTIONS 辽宁省庄河市 08-04 22:42 -> 广西桂平市 08-05 07:25 397 15310
[success] INSCRIPTIONS 广西桂平市 08-05 07:35 -> 天津市 08-06 06:58 841 2758
[pending] LeavesofGrass 山东省济南市 06-25 16:58 -> 河南省辉县市 06-26 02:13 842 6831
[success] LeavesofGrass 浙江省慈溪市 06-12 03:15 -> 黑龙江省佳木斯市 06-12 11:34 792 11049
[success] IHEARDthatyouask 广东省台山市 08-05 16:07 -> 湖南省娄底市 08-06 01:55 320 3574
[44872] queue
[44881] Swire 诗怀雅 each.other@Bourgeoisie.and 3
[44883] zxcNjvGhrWySvG 係匪妀弮 the.mediaeval@commune.here 1
[44893] 1
INSCRIPTIONS 辽宁省庄河市 07-20 22:42 -> 安徽省淮北市 07-21 15:48 596 10415
[44900] 1
TOTHEEOLDCAUSE 江苏省大丰市 08-23 05:56 -> 辽宁省阜新市 08-23 11:11 406 67733
[44906] 1
INSCRIPTIONS 辽宁省庄河市 08-06 22:42 -> 天津市 08-08 06:58 1238 8663
[44911] 1
TOtheeoldcause 吉林省榆树市 07-26 18:29 -> 广东省潮阳市 07-27 01:12 1146 87484
[44919] 3378078
[44927] 1
INSCRIPTIONS 山东省平度市 08-03 01:53 -> 天津市 08-03 06:58 471 67389
[44934] 0
[44938] 13064733
[44942] -1
[44949] HIEUgSsxqjRWcfYLdu 囑劝凷妁 either.the@semifeudal.or 3
[44951] 1
puzzletheNewWorld 辽宁省灯塔市 07-14 05:44 -> 海南省万宁市 07-14 23:27 1448 59995
[44954] 1519542
[44960] queue
[44962] 1
puzzletheNewWorld 吉林省桦甸市 07-11 07:49 -> 陕西省咸阳市 07-11 09:07 280 66413
[44967] -1
[44976] 11
[success] LeavesofGrass 山东省济南市 06-07 16:58 -> 河南省辉县市 06-08 02:13 842 17409
[success] INSCRIPTIONS 广西桂平市 08-08 07:35 -> 天津市 08-09 06:58 841 15960
[success] INSCRIPTIONS 辽宁省庄河市 08-14 22:42 -> 安徽省淮北市 08-15 15:48 596 9676
[success] puzzletheNewWorld 辽宁省灯塔市 08-02 05:44 -> 山东省烟台市 08-02 23:52 1580 13474
[success] LeavesofGrass 湖北省孝感市 06-07 22:03 -> 内蒙临河市 06-08 04:56 478 10964
[success] LeavesofGrass 浙江省慈溪市 07-04 03:15 -> 吉林省白山市 07-04 20:59 1805 9116
[success] INSCRIPTIONS 山东省平度市 08-15 01:53 -> 天津市 08-15 06:58 471 8214
[success] INSCRIPTIONS 广西桂平市 08-19 07:35 -> 山东省平度市 08-20 01:49 370 14764
[success] LeavesofGrass 山西省孝义市 06-04 08:08 -> 内蒙临河市 06-05 04:56 2036 15663
[success] LeavesofGrass 吉林省白山市 07-05 21:05 -> 湖北省孝感市 07-05 21:55 142 13101
[success] LeavesofGrass 内蒙海拉尔市 06-05 23:15 -> 湖北省孝感市 06-06 21:55 2256 14417
[44980] Astesia 星极 have.patricians@knights.plebei 1
[44985] 1
puzzletheNewWorld 陕西省咸阳市 07-18 09:13 -> 四川省达州市 07-18 18:46 837 66413
[44994] 8227748
[45002] 1
advanceinthisbook 湖北省当阳市 07-21 01:15 -> 陕西省汉中市 07-22 05:10 2958 51458
[45006] Rangers 巡林者 of.the.earliest@towns.From 2
[45011] 1
advanceinthisbook 浙江省温州市 07-13 02:36 -> 河北省藁城市 07-13 08:56 774 51458
[45016] Magallan 麦哲 a.committee@for.managing 2
[45022] Firewatch 守林人 modern.bourgeois@Modern.indust 1
[45023] Sideroca 铸铁 the.Spectre@of.Communism 1
[45027] 1
Afterastrangesad 青海省格尔木市 06-11 13:24 -> 吉林省龙井市 06-11 16:29 421 45046
[45035] 1
Afterastrangesad 河北省武安市 06-30 08:25 -> 新疆喀什市 06-30 12:29 595 42644
[45045] 1
IHEARDthatyouask 天津市 07-06 04:45 -> 吉林省舒兰市 07-06 21:49 1026 27700
[45047] 1
advanceinthisbook 湖北省咸宁市 07-30 06:47 -> 湖北省枝江市 07-30 22:26 984 51458
[45055] 22231
[45060] 1753389
[45064] -1
[45065] 3498318
[45068] 1
LeavesofGrass 内蒙海拉尔市 06-07 23:15 -> 吉林省白山市 06-08 20:59 2114 1561
[45069] queue
[45076] Ethan 伊桑 European.Powers@to.be 2
[45083] 1
INSCRIPTIONS 广西桂平市 08-10 07:35 -> 安徽省淮北市 08-10 15:48 199 4805
[45092] queue
[45098] 1
Afterastrangesad 安徽省芜湖市 06-30 17:20 -> 吉林省德惠市 07-01 05:24 1259 45046
[45099] -1
[45108] 1
TOtheeoldcause 广东省潮阳市 07-02 01:20 -> 江西省宜春市 07-02 08:01 966 87484
[45115] -1
[45120] 8673117
[45130] 2
[success] INSCRIPTIONS 安徽省淮北市 07-16 15:57 -> 山东省平度市 07-17 01:49 171 12853
[success] LeavesofGrass 吉林省白山市 06-14 21:05 -> 湖北省孝感市 06-14 21:55 142 16852
[45140] Cardigan 卡缇 history.we@find.almost 4
[45143] Bison 拜松 there.taxable@third.estate 1
[45152] 36
[pending] LeavesofGrass 黑龙江省大庆市 07-06 19:34 -> 内蒙临河市 07-07 04:56 931 12298
[success] LeavesofGrass 湖北省孝感市 06-29 22:03 -> 内蒙临河市 06-30 04:56 478 7938
[success] LeavesofGrass 吉林省白山市 06-09 21:05 -> 湖北省孝感市 06-09 21:55 142 16562
[pending] INSCRIPTIONS 辽宁省庄河市 07-23 22:42 -> 广西桂平市 07-24 07:25 397 18426
[success] AndtodefineAmeric 北京市 08-21 05:05 -> 广东省河源市 08-21 20:47 318 2467
[pending] LeavesofGrass 内蒙海拉尔市 07-06 23:15 -> 河南省辉县市 07-08 02:13 2400 8807
[success] INSCRIPTIONS 辽宁省庄河市 08-16 22:42 -> 广西桂平市 08-17 07:25 397 20049
[success] TOtheeoldcause 江西省宜春市 08-03 08:05 -> 山西省古交市 08-03 12:51 844 21190
[pending] LeavesofGrass 山西省孝义市 07-05 08:08 -> 湖北省孝感市 07-05 21:55 1558 15280
[success] LeavesofGrass 广东省揭阳市 06-14 04:33 -> 黑龙江省大庆市 06-14 19:30 1413 12370
[success] LeavesofGrass 浙江省慈溪市 07-10 03:15 -> 广东省揭阳市 07-10 04:27 81 12729
[success] LeavesofGrass 内蒙海拉尔市 06-04 23:15 -> 黑龙江省佳木斯市 06-05 11:34 1101 3931
[success] LeavesofGrass 山西省孝义市 06-19 08:08 -> 黑龙江省鸡西市 06-19 12:58 517 6224
[success] LeavesofGrass 广东省揭阳市 07-07 04:33 -> 山西省孝义市 07-07 07:58 308 14207
[success] INSCRIPTIONS 广西桂平市 08-14 07:35 -> 安徽省淮北市 08-14 15:48 199 9850
[success] LeavesofGrass 湖北省孝感市 07-09 22:03 -> 河南省辉县市 07-10 02:13 144 11542
[pending] INSCRIPTIONS 辽宁省庄河市 08-17 22:42 -> 山东省平度市 08-19 01:49 767 12040
[success] INSCRIPTIONS 辽宁省庄河市 07-14 22:42 -> 安徽省淮北市 07-15 15:48 596 19947
[success] IHEARDthatyouask 吉林省舒兰市 08-06 21:57 -> 湖南省娄底市 08-07 01:55 266 3037
[success] INSCRIPTIONS 辽宁省庄河市 08-07 22:42 -> 安徽省淮北市 08-08 15:48 596 7233
[success] IHEARDthatyouask 浙江省临安市 08-05 11:03 -> 山东省滨州市 08-05 15:18 139 1429
[pending] LeavesofGrass 广东省揭阳市 06-28 04:33 -> 黑龙江省鸡西市 06-28 12:58 825 8924
[success] LeavesofGrass 山东省济南市 06-15 16:58 -> 吉林省白山市 06-15 20:59 556 66
[success] IHEARDthatyouask 天津市 08-15 04:45 -> 浙江省临安市 08-15 10:58 380 5601
[success] IHEARDthatyouask 天津市 08-11 04:45 -> 浙江省临安市 08-11 10:58 380 5368
[success] LeavesofGrass 山西省孝义市 06-24 08:08 -> 黑龙江省鸡西市 06-24 12:58 517 12827
[success] INSCRIPTIONS 安徽省淮北市 08-16 15:57 -> 山东省平度市 08-17 01:49 171 11035
[success] LeavesofGrass 黑龙江省鸡西市 06-15 13:01 -> 内蒙临河市 06-16 04:56 1519 10074
[success] INSCRIPTIONS 广西桂平市 08-08 07:35 -> 天津市 08-09 06:58 841 6628
[success] LeavesofGrass 内蒙海拉尔市 06-13 23:15 -> 山东省济南市 06-14 16:51 1558 7692
[pending] LeavesofGrass 广东省揭阳市 06-04 04:33 -> 山东省济南市 06-04 16:51 1168 9154
[success] LeavesofGrass 山西省孝义市 07-04 08:08 -> 黑龙江省大庆市 07-04 19:30 1105 13851
[success] LeavesofGrass 山东省济南市 06-26 16:58 -> 湖北省孝感市 06-26 21:55 698 3983
[success] LeavesofGrass 广东省揭阳市 07-08 04:33 -> 内蒙临河市 07-09 04:56 2344 4619
[success] INSCRIPTIONS 广西桂平市 07-28 07:35 -> 天津市 07-29 06:58 841 20694
[success] LeavesofGrass 广东省揭阳市 07-09 04:33 -> 山东省济南市 07-09 16:51 1168 12560
[45153] Spot 斑点 result.from@this.fact 3
[45158] 2031861
[45164] 22535224
[45174] -1
[45177] Texas 德克萨斯 one.another@carried.on 1
[45186] queue
[45188] 1044396
[45196] queue
[45204] 1
everwillbereally 浙江省慈溪市 08-10 11:23 -> 河南省平顶山市 08-10 17:51 429 96649
[45210] zxcNjvGhrWySvG 係匪妀弮 the.mediaeval@commune.here 1
[45216] ShiraYuki 白雪 Middle.Ages@We.see 2
[45225] -1
[45235] 1
advanceinthisbook 黑龙江省富锦市 07-13 05:28 -> 山东省淄博市 07-14 02:33 2075 51458
[45242] Astesia 星极 have.patricians@knights.plebei 1
[45252] 0
[45253] 1
Deathlessthroughout 江苏省高邮市 06-08 17:30 -> 河南省驻马店市 06-08 22:23 545 43088
[45254] 0
[45264] 1721549
[45271] Ceobe 刻俄 and.Chinese@markets.the 1
[45280] queue
[45281] 1364688
[45283] 22
[success] IHEARDthatyouask 四川省江油市 07-10 00:49 -> 湖南省娄底市 07-10 01:55 223 3362
[success] LeavesofGrass 湖北省孝感市 07-10 22:03 -> 内蒙临河市 07-11 04:56 478 14178
[success] IHEARDthatyouask 浙江省临安市 07-19 11:03 -> 吉林省舒兰市 07-19 21:49 646 6033
[pending] LeavesofGrass 内蒙海拉尔市 06-21 23:15 -> 内蒙临河市 06-23 04:56 2734 4054
[success] AndtodefineAmeric 北京市 06-21 05:05 -> 江苏省淮安市 06-22 01:21 756 8834
[success] puzzletheNewWorld 吉林省桦甸市 08-16 07:49 -> 广西百色市 08-17 01:47 1747 15171
[success] TOtheeoldcause 黑龙江省五常市 08-02 21:23 -> 新疆阜康市 08-03 05:22 1499 7693
[pending] LeavesofGrass 浙江省慈溪市 06-06 03:15 -> 湖北省孝感市 06-06 21:55 1947 9079
[success] IHEARDthatyouask 天津市 08-01 04:45 -> 湖南省娄底市 08-02 01:55 1292 853
[pending] LeavesofGrass 内蒙海拉尔市 07-08 23:15 -> 山东省济南市 07-09 16:51 1558 11026
[success] LeavesofGrass 黑龙江省大庆市 06-12 19:34 -> 内蒙临河市 06-13 04:56 931 736
[success] INSCRIPTIONS 广西桂平市 07-24 07:35 -> 山东省平度市 07-25 01:49 370 21116
[success] INSCRIPTIONS 辽宁省庄河市 07-21 22:42 -> 广西桂平市 07-22 07:25 397 2412
[success] INSCRIPTIONS 辽宁省庄河市 07-15 22:42 -> 安徽省淮北市 07-16 15:48 596 2767
[success] INSCRIPTIONS 山东省平度市 07-24 01:53 -> 天津市 07-24 06:58 471 18948
[success] IHEARDthatyouask 山东省滨州市 08-03 15:28 -> 吉林省舒兰市 08-03 21:49 507 4001
[success] LeavesofGrass 浙江省慈溪市 07-10 03:15 -> 内蒙临河市 07-11 04:56 2425 15833
[success] INSCRIPTIONS 辽宁省庄河市 08-05 22:42 -> 广西桂平市 08-06 07:25 397 19127
[success] IHEARDthatyouask 四川省江油市 08-10 00:49 -> 湖南省娄底市 08-10 01:55 223 962
[success] INSCRIPTIONS 广西桂平市 08-15 07:35 -> 山东省平度市 08-16 01:49 370 215
[success] INSCRIPTIONS 广西桂平市 07-30 07:35 -> 安徽省淮北市 07-30 15:48 199 6682
[success] INSCRIPTIONS 广西桂平市 08-19 07:35 -> 天津市 08-20 06:58 841 10212
[45284] 1
Thousternremorsel 河南省永城市 06-30 05:35 -> 黑龙江省肇东市 07-01 04:22 1044 24953
[45289] 1
Thousternremorsel 北京市 07-19 07:49 -> 云南省开远市 07-19 12:09 91 24953
[45293] -1
[45299] 1
advanceinthisbook 河北省藁城市 07-31 09:04 -> 天津市 07-31 23:09 1194 51458
[45306] 0
[45314] Cuora 蛇屠 in.the.development@of.the 3
[45319] 4547736
[45323] 3212292
[45330] 1
TOTHEEOLDCAUSE 内蒙临河市 07-24 03:07 -> 山西省汾阳市 07-24 21:18 973 67733
[45336] 1
advanceinthisbook 浙江省温州市 07-07 02:36 -> 湖北省咸宁市 07-07 06:42 591 51458
[45341] Durin 杜林 the.common@affairs.of 1
[45346] 1
IHEARDthatyouask 天津市 08-06 04:45 -> 湖南省娄底市 08-07 01:55 1292 22736
[45349] 0
[45355] 397005
[45359] 1
Deathlessthroughout 辽宁省凤城市 07-17 19:58 -> 陕西省铜川市 07-17 20:28 299 43088
[45364] -1
[45374] 1
IHEARDthatyouask 吉林省舒兰市 07-23 21:57 -> 湖南省娄底市 07-24 01:55 266 29363
[45382] Ceobe 刻俄 and.Chinese@markets.the 1
[45389] Manticore 狮蝎 extension.of@industry.and 1
[45394] WaaiFu 槐琥 fresh.ground@for.the 3
[45398] 6363492
[45407] 1
Deathlessthroughout 北京市 06-27 15:22 -> 江苏省高邮市 06-27 17:21 382 43088
[45410] 23
[pending] LeavesofGrass 内蒙海拉尔市 06-20 23:15 -> 黑龙江省鸡西市 06-21 12:58 1215 14386
[pending] INSCRIPTIONS 辽宁省庄河市 08-13 22:42 -> 山东省平度市 08-15 01:49 767 8744
[success] IHEARDthatyouask 吉林省长春市 08-07 08:52 -> 广东省台山市 08-07 16:01 866 3834
[success] IHEARDthatyouask 天津市 07-15 04:45 -> 吉林省舒兰市 07-15 21:49 1026 6554
[success] INSCRIPTIONS 山东省平度市 08-16 01:53 -> 天津市 08-16 06:58 471 6386
[pending] LeavesofGrass 广东省揭阳市 06-07 04:33 -> 黑龙江省鸡西市 06-07 12:58 825 11630
[pending] LeavesofGrass 内蒙海拉尔市 06-17 23:15 -> 山东省济南市 06-18 16:51 1558 8044
[success] LeavesofGrass 山东省济南市 06-10 16:58 -> 黑龙江省大庆市 06-10 19:30 245 663
[success] LeavesofGrass 内蒙海拉尔市 06-08 23:15 -> 广东省揭阳市 06-09 04:27 390 285
[pending] LeavesofGrass 山西省孝义市 06-18 08:08 -> 吉林省白山市 06-18 20:59 1416 8820
[pending] LeavesofGrass 黑龙江省大庆市 06-04 19:34 -> 湖北省孝感市 06-04 21:55 453 12903
[pending] LeavesofGrass 浙江省慈溪市 07-01 03:15 -> 山西省孝义市 07-01 07:58 389 18107
[success] INSCRIPTIONS 广西桂平市 07-11 07:35 -> 安徽省淮北市 07-11 15:48 199 11081
[success] IHEARDthatyouask 山东省滨州市 08-05 15:28 -> 四川省江油市 08-06 00:41 550 8297
[success] TOTHEEOLDCAUSE 辽宁省阜新市 08-22 11:17 -> 山西省汾阳市 08-22 21:18 326 3685
[success] LeavesofGrass 吉林省白山市 07-06 21:05 -> 湖北省孝感市 07-06 21:55 142 14970
[success] IHEARDthatyouask 广东省台山市 07-01 16:07 -> 湖南省娄底市 07-02 01:55 320 7277
[success] IHEARDthatyouask 浙江省临安市 08-19 11:03 -> 吉林省舒兰市 08-19 21:49 646 3408
[success] IHEARDthatyouask 吉林省长春市 07-24 08:52 -> 山东省滨州市 07-24 15:18 413 503
[pending] INSCRIPTIONS 安徽省淮北市 07-19 15:57 -> 天津市 07-20 06:58 642 21348
[success] IHEARDthatyouask 天津市 07-09 04:45 -> 广东省台山市 07-09 16:01 972 6945
[success] IHEARDthatyouask 山东省滨州市 08-02 15:28 -> 湖南省娄底市 08-03 01:55 773 4018
[success] INSCRIPTIONS 辽宁省庄河市 07-13 22:42 -> 广西桂平市 07-14 07:25 397 6575
[45420] Zima 凛冬 sprang.the@chartered.burghers 2
[45426] 1
LeavesofGrass 广东省揭阳市 07-05 04:33 -> 黑龙江省大庆市 07-05 19:30 1413 4284
[45428] queue
[45429] Bibeak 柏喙 of.the.monarchy@as.in 1
[45432] 1
TOTHEEOLDCAUSE 江苏省大丰市 07-30 05:56 -> 山西省汾阳市 07-30 21:18 732 67733
[45434] 1
advanceinthisbook 湖北省当阳市 07-11 01:15 -> 浙江省温州市 07-11 02:26 231 51458
[45436] 1
IHEARDthatyouask 吉林省长春市 07-24 08:52 -> 四川省江油市 07-25 00:41 963 28084
[45438] Croissant 可颂 in.the.modes@of.production 1
[45440] 15
[success] INSCRIPTIONS 广西桂平市 08-17 07:35 -> 安徽省淮北市 08-17 15:48 199 8651
[pending] INSCRIPTIONS 安徽省淮北市 07-12 15:57 -> 天津市 07-13 06:58 642 18831
[pending] LeavesofGrass 山西省孝义市 06-13 08:08 -> 黑龙江省大庆市 06-13 19:30 1105 14208
[success] IHEARDthatyouask 浙江省临安市 07-27 11:03 -> 广东省台山市 07-27 16:01 592 4962
[success] TOTHEEOLDCAUSE 内蒙临河市 07-21 03:07 -> 江苏省大丰市 07-21 05:52 241 16354
[success] LeavesofGrass 浙江省慈溪市 07-07 03:15 -> 广东省揭阳市 07-07 04:27 81 13827
[pending] LeavesofGrass 吉林省白山市 06-28 21:05 -> 河南省辉县市 06-29 02:13 286 11751
[success] LeavesofGrass 内蒙海拉尔市 06-30 23:15 -> 内蒙临河市 07-02 04:56 2734 693
[success] puzzletheNewWorld 吉林省桦甸市 08-10 07:49 -> 河南省郑州市 08-10 10:51 457 2065
[pending] LeavesofGrass 黑龙江省佳木斯市 06-26 11:40 -> 湖北省孝感市 06-26 21:55 1155 13194
[success] INSCRIPTIONS 广西桂平市 07-17 07:35 -> 山东省平度市 07-18 01:49 370 17190
[pending] LeavesofGrass 山西省孝义市 07-08 08:08 -> 山东省济南市 07-08 16:51 860 9751
[success] AndtodefineAmeric 广东省河源市 07-09 20:55 -> 江苏省淮安市 07-10 01:21 438 3282
[success] INSCRIPTIONS 广西桂平市 07-25 07:35 -> 山东省平度市 07-26 01:49 370 4753
[success] LeavesofGrass 浙江省慈溪市 06-25 03:15 -> 山西省孝义市 06-25 07:58 389 11883
[45445] 1
IHEARDthatyouask 吉林省长春市 07-14 08:52 -> 吉林省舒兰市 07-14 21:49 920 8407
[45446] 5253698
[45454] Shaw 阿消 feudal.society@a.rapid 3
[45460] 0
[45461] 1
TOTHEEOLDCAUSE 内蒙临河市 08-23 03:07 -> 辽宁省阜新市 08-23 11:11 647 67733
[45466] 1
Deathlessthroughout 湖南省张家界市 06-30 12:48 -> 江苏省高邮市 06-30 17:21 611 43088
[45476] 1
INSCRIPTIONS 山东省平度市 08-04 01:53 -> 天津市 08-04 06:58 471 74688
[45480] 1
Farfarmorestood 吉林省四平市 07-22 23:49 -> 浙江省富阳市 07-23 15:52 659 67803
[45483] -1
[45493] 5808756
[45497] 1
everwillbereally 浙江省慈溪市 07-17 11:23 -> 河南省平顶山市 07-17 17:51 429 96649
[45506] -1
[45508] 1
Farfarmorestood 河南省开封市 07-05 08:13 -> 湖南省永州市 07-05 16:23 709 67803
[45511] -1
[45513] 0
[45517] 1
Thousternremorsel 云南省开远市 06-22 12:18 -> 西藏日喀则市 06-23 11:04 1045 24953
[45527] 8442799
[45529] 1
TOTHEEOLDCAUSE 内蒙临河市 08-04 03:07 -> 江苏省大丰市 08-04 05:52 241 67733
[45530] 10746276
[45540] 1932813
[45544] 1
Afterastrangesad 吉林省德惠市 06-15 05:27 -> 湖北省天门市 06-15 09:50 673 45046
[45554] 8909460
[45556] queue
[45566] 1
Deathlessthroughout 浙江省上虞市 07-12 16:31 -> 贵州省都匀市 07-13 08:47 2057 43088
[45571] 1
Deathlessthroughout 北京市 07-15 15:22 -> 辽宁省凤城市 07-15 19:54 436 43088
[45576] 1
IHEARDthatyouask 山东省滨州市 07-07 15:28 -> 广东省台山市 07-07 16:01 453 26290
[45586] -1
[45595] 1
everwillbereally 浙江省慈溪市 08-11 11:23 -> 河南省平顶山市 08-11 17:51 429 96649
[45598] 1
LeavesofGrass 山西省孝义市 07-05 08:08 -> 山东省济南市 07-05 16:51 860 4284
[45604] 14013
[45609] OHYLozuHDnOYX 乷仯嵝唬寿 itself.in.the@modern.represent 3
[45612] 1
Ithinkallwarthr 山东省枣庄市 06-26 20:18 -> 山西省介休市 06-27 05:42 1223 51915
[45618] 1
IHEARDthatyouask 浙江省临安市 07-14 11:03 -> 山东省滨州市 07-14 15:18 139 15895
[45623] 20358770
[45628] 1
puzzletheNewWorld 河南省郑州市 07-11 11:01 -> 海南省万宁市 07-11 23:27 761 44873
[45633] 2092128
[45643] 10511108
[45647] 1
Afterastrangesad 天津市 06-17 13:45 -> 新疆喀什市 06-18 12:29 2394 45046
[45653] 1
Ithinkallwarthr 山东省枣庄市 07-09 20:18 -> 山西省介休市 07-10 05:42 1223 45271
[45654] 1
Thousternremorsel 北京市 06-23 07:49 -> 西藏日喀则市 06-24 11:04 1136 24953
[45657] 1
LeavesofGrass 内蒙海拉尔市 06-14 23:15 -> 黑龙江省鸡西市 06-15 12:58 1215 3101
[45659] Nian 年年 America.paved@the.way 1
[45662] 1
Ithinkallwarthr 贵州省铜仁市 07-04 15:49 -> 福建省厦门市 07-04 21:12 126 51915
[45670] 4235660
[45674] 1
advanceinthisbook 河北省藁城市 07-31 09:04 -> 重庆市 07-31 11:22 63 51458
[45678] 1
advanceinthisbook 新疆阿勒泰市 06-18 23:18 -> 河北省藁城市 06-19 08:56 1371 51458
[45682] 1
LEAVESOFGRASS 山西省离石市 07-22 06:04 -> 陕西省商州市 07-23 01:36 3067 57520
[45687] 1
Farfarmorestood 江苏省新沂市 07-27 05:33 -> 山西省孝义市 07-27 18:55 955 67803
[45691] 0
[45699] 1
TOTHEEOLDCAUSE 江苏省大丰市 07-27 05:56 -> 山西省汾阳市 07-27 21:18 732 67733
[45705] 1
TOTHEEOLDCAUSE 内蒙临河市 08-09 03:07 -> 山西省汾阳市 08-09 21:18 973 67733
[45712] Breeze 微风 is.the.Opposition@that.has 3
[45713] Leizi 惊蛰 by.a.corresponding@political.a 1
[45717] 1
LEAVESOFGRASS 河南省卫辉市 08-11 18:41 -> 吉林省辽源市 08-11 19:58 485 57520
[45725] -1
[45729] Elysium 极境 feudal.lords@vassals.guildmast 3
[45737] 1850160
[45741] 1
LEAVESOFGRASS 天津市 08-01 08:12 -> 北京市 08-01 20:47 2314 57520
[45744] 1
Ithinkallwarthr 贵州省贵阳市 07-03 21:22 -> 山西省介休市 07-04 05:42 852 51915
[45752] 1
LeavesofGrass 浙江省慈溪市 06-14 03:15 -> 黑龙江省大庆市 06-14 19:30 1494 1298
[45756] 1
AndtodefineAmeric 广东省河源市 07-06 20:55 -> 江苏省淮安市 07-07 01:21 438 53839
[45762] -1
[45769] 11
[pending] LeavesofGrass 广东省揭阳市 07-10 04:33 -> 黑龙江省佳木斯市 07-10 11:34 711 11743
[success] INSCRIPTIONS 广西桂平市 08-05 07:35 -> 安徽省淮北市 08-05 15:48 199 8811
[success] LeavesofGrass 黑龙江省大庆市 06-28 19:34 -> 湖北省孝感市 06-28 21:55 453 9048
[success] IHEARDthatyouask 浙江省临安市 07-20 11:03 -> 湖南省娄底市 07-21 01:55 912 7167
[pending] LeavesofGrass 广东省揭阳市 06-25 04:33 -> 山东省济南市 06-25 16:51 1168 17195
[success] INSCRIPTIONS 安徽省淮北市 08-04 15:57 -> 山东省平度市 08-05 01:49 171 11304
[success] INSCRIPTIONS 辽宁省庄河市 08-04 22:42 -> 广西桂平市 08-05 07:25 397 15310
[success] INSCRIPTIONS 广西桂平市 08-05 07:35 -> 天津市 08-06 06:58 841 2758
[pending] LeavesofGrass 山东省济南市 06-25 16:58 -> 河南省辉县市 06-26 02:13 842 6831
[success] LeavesofGrass 浙江省慈溪市 06-12 03:15 -> 黑龙江省佳木斯市 06-12 11:34 792 11049
[success] IHEARDthatyouask 广东省台山市 08-05 16:07 -> 湖南省娄底市 08-06 01:55 320 3574
[45772] 1
Ithinkallwarthr 湖南省涟源市 07-29 16:58 -> 河北省邯郸市 07-30 02:11 1025 51915
[45776] 6576424
[45783] 1
Thousternremorsel 北京市 07-13 07:49 -> 江苏省武进市 07-13 19:29 481 24953
[45786] 1182458
[45793] 11270952
[45798] 1
Deathlessthroughout 辽宁省凤城市 06-08 19:58 -> 黑龙江省鸡西市 06-09 04:53 1127 43088
[45801] queue
[45809] Cliffheart 崖心 opponents.in@power.Where 3
[45817] 5394833
[45821] -1
[45822] 0
[45830] 4845360
[45836] 55952
[45838] 1
LEAVESOFGRASS 山西省离石市 07-11 06:04 -> 北京市 07-11 20:47 2695 57520
[45842] queue
[45850] 1253493
[45851] 1
Ithinkallwarthr 山东省枣庄市 07-15 20:18 -> 贵州省贵阳市 07-15 21:16 371 46399
[45857] 1640952
[45861] 3258625
[45867] 1
INSCRIPTIONS 广西桂平市 07-11 07:35 -> 天津市 07-12 06:58 841 40848
[45874] 1
puzzletheNewWorld 辽宁省灯塔市 07-16 05:44 -> 陕西省咸阳市 07-16 09:07 510 66413
[45884] 1
Afterastrangesad 吉林省松原市 06-16 07:20 -> 吉林省龙井市 06-16 16:29 1469 45046
[45887] 1
Thousternremorsel 北京市 07-09 07:49 -> 广东省增城市 07-09 14:43 353 24953
[45891] 1092183
[45892] -1
[45894] 1
TOTHEEOLDCAUSE 内蒙临河市 07-31 03:07 -> 辽宁省阜新市 07-31 11:11 647 67733
[45901] Vermeil 红云 stood.in.constant@opposition.t 2
[45908] -1
[45915] 1
puzzletheNewWorld 河南省郑州市 07-30 11:01 -> 广西百色市 07-31 01:47 1290 58362
[45924] 1
Farfarmorestood 北京市 07-07 02:49 -> 吉林省图们市 07-07 11:44 254 67803
[45932] 9361548
[45939] 197936
[45942] 1
TOTHEEOLDCAUSE 江苏省大丰市 08-14 05:56 -> 辽宁省阜新市 08-14 11:11 406 67187
[45943] 1
Farfarmorestood 北京市 07-07 02:49 -> 山西省孝义市 07-07 18:55 982 67803
[45944] 24
[success] LEAVESOFGRASS 湖南省娄底市 07-23 01:34 -> 河南省卫辉市 07-23 18:34 2146 4898
[success] LeavesofGrass 浙江省慈溪市 06-08 03:15 -> 广东省揭阳市 06-08 04:27 81 2802
[success] INSCRIPTIONS 广西桂平市 08-05 07:35 -> 天津市 08-06 06:58 841 13138
[pending] LeavesofGrass 浙江省慈溪市 07-07 03:15 -> 吉林省白山市 07-07 20:59 1805 10047
[success] INSCRIPTIONS 广西桂平市 08-10 07:35 -> 山东省平度市 08-11 01:49 370 17005
[success] TOTHEEOLDCAUSE 江苏省大丰市 08-08 05:56 -> 山西省汾阳市 08-08 21:18 732 1860
[success] LeavesofGrass 山东省济南市 06-23 16:58 -> 吉林省白山市 06-23 20:59 556 3748
[success] INSCRIPTIONS 辽宁省庄河市 07-16 22:42 -> 山东省平度市 07-18 01:49 767 13823
[success] INSCRIPTIONS 安徽省淮北市 07-14 15:57 -> 山东省平度市 07-15 01:49 171 2128
[success] LeavesofGrass 内蒙海拉尔市 07-02 23:15 -> 黑龙江省大庆市 07-03 19:30 1803 4071
[success] INSCRIPTIONS 山东省平度市 07-28 01:53 -> 天津市 07-28 06:58 471 18754
[pending] LeavesofGrass 山东省济南市 06-15 16:58 -> 吉林省白山市 06-15 20:59 556 16885
[success] puzzletheNewWorld 陕西省咸阳市 07-01 09:13 -> 山东省烟台市 07-01 23:52 1070 5881
[success] INSCRIPTIONS 广西桂平市 08-13 07:35 -> 天津市 08-14 06:58 841 4519
[success] LeavesofGrass 山西省孝义市 06-27 08:08 -> 山东省济南市 06-27 16:51 860 18411
[success] LeavesofGrass 浙江省慈溪市 06-17 03:15 -> 湖北省孝感市 06-17 21:55 1947 10328
[success] LeavesofGrass 黑龙江省佳木斯市 06-15 11:40 -> 湖北省孝感市 06-15 21:55 1155 3535
[success] INSCRIPTIONS 辽宁省庄河市 07-13 22:42 -> 天津市 07-15 06:58 1238 2160
[success] INSCRIPTIONS 广西桂平市 07-12 07:35 -> 天津市 07-13 06:58 841 7357
[success] LeavesofGrass 山东省济南市 07-01 16:58 -> 吉林省白山市 07-01 20:59 556 3029
[success] LeavesofGrass 山西省孝义市 06-22 08:08 -> 湖北省孝感市 06-22 21:55 1558 14138
[success] LeavesofGrass 黑龙江省佳木斯市 06-21 11:40 -> 吉林省白山市 06-21 20:59 1013 40
[success] LeavesofGrass 黑龙江省鸡西市 06-26 13:01 -> 黑龙江省大庆市 06-26 19:30 588 14341
[success] LeavesofGrass 内蒙海拉尔市 06-04 23:15 -> 山东省济南市 06-05 16:51 1558 15160
[45949] 1
Thousternremorsel 河南省永城市 06-29 05:35 -> 广东省增城市 06-29 14:43 654 24953
[45953] 856586
[45956] 1
Deathlessthroughout 浙江省上虞市 06-12 16:31 -> 广西南宁市 06-13 06:48 1907 43088
[45961] queue
[45962] 1370402
[45967] Popukar 泡普 The.manufacturing@system.took 2
[45972] 1
Farfarmorestood 北京市 07-03 02:49 -> 吉林省图们市 07-03 11:44 254 67803
[45979] 1
LeavesofGrass 河南省辉县市 07-06 02:21 -> 内蒙临河市 07-06 04:56 334 34818
[45989] 7299538
[45996] 1167732
[46002] 1
puzzletheNewWorld 吉林省桦甸市 07-02 07:49 -> 广西百色市 07-03 01:47 1747 52169
[46006] 166566
[46007] 1
Afterastrangesad 辽宁省丹东市 06-16 02:50 -> 吉林省龙井市 06-16 16:29 2165 45046
[46017] queue
[46027] 1
Thousternremorsel 江苏省武进市 06-16 19:33 -> 黑龙江省肇东市 06-17 04:22 262 24953
[46029] Plume 翎羽 with.a.Manifesto@of.the 1
[46039] -1
[46044] 1
everwillbereally 浙江省慈溪市 07-28 11:23 -> 广西柳州市 07-28 23:05 600 96649
[46046] Bison 拜松 there.taxable@third.estate 1
[46054] OHYLozuHDnOYX 乷仯嵝唬寿 itself.in.the@modern.represent 3
[46057] Deepcolor 深海 into.the.background@every.clas 1
[46059] 1
TOtheeoldcause 新疆阜康市 06-05 05:30 -> 江西省贵溪市 06-05 10:21 1101 87484
[46066] -1
[46070] queue
[46072] Aak 阿阿 the.bourgeoisie@possesses.howe 3
[46078] 8168275
[46083] queue
[46084] -1
[46088] 1
Ithinkallwarthr 内蒙东胜市 07-19 09:46 -> 福建省厦门市 07-19 21:12 275 51915
[46096] queue
[46097] ShiraYuki 白雪 Middle.Ages@We.see 2
[46107] Steward 史都华德 division.of@labour.between 4
[46117] 2017951
[46121] Vermeil 红云 stood.in.constant@opposition.t 2
[46124] queue
[46128] 1357767
[46134] 5185620
[46136] 1
INSCRIPTIONS 山东省平度市 08-11 01:53 -> 天津市 08-11 06:58 471 28691
[46142] 1
everwillbereally 浙江省慈溪市 07-19 11:23 -> 广西柳州市 07-19 23:05 600 96649
[46145] 1
Afterastrangesad 河北省武安市 07-10 08:25 -> 四川省资阳市 07-10 17:33 1572 45046
[46152] 1
advanceinthisbook 湖北省当阳市 07-28 01:15 -> 陕西省汉中市 07-29 05:10 2958 51458
[46162] queue
[46172] -1
[46180] queue
[46182] 1
LEAVESOFGRASS 贵州省凯里市 08-29 00:17 -> 湖南省郴州市 08-29 12:31 1765 57520
[46188] 1
advanceinthisbook 湖北省枝江市 07-06 22:29 -> 山东省淄博市 07-07 02:33 856 51458
[46192] -1
[46196] 1
Thousternremorsel 河南省永城市 07-26 05:35 -> 黑龙江省肇东市 07-27 04:22 1044 24953
[46204] 8260140
[46212] 1
puzzletheNewWorld 河南省郑州市 08-18 11:01 -> 海南省万宁市 08-18 23:27 761 58870
[46214] 262990
[46222] -1
[46228] -1
[46238] 0
[46239] 0
[46240] -1
[46250] -1
[46254] -1
[46260] -1
[46265] 0
[46272] 0
[46282] -1
[46291] -1
[46299] -1
[46309] -1
[46319] -1
[46323] -1
[46333] -1
[46341] -1
[46349] -1
[46358] -1
[46368] -1
[46374] -1
[46375] -1
[46381] -1
[46389] -1
[46399] -1
[46407] 0
[46409] -1
[46414] 0
[46417] -1
[46419] -1
[46425] -1
[46432] -1
[46433] -1
[46437] -1
[46438] -1
[46446] -1
[46453] 0
[46455] -1
[46456] -1
[46462] -1
[46463] -1
[46467] 0
[46473] 0
[46480] 0
[46484] -1
[46486] -1
[46494] -1
[46501] -1
[46507] -1
[46513] -1
[46517] 0
[46523] 0
[46533] -1
[46543] 0
[46544] -1
[46545] -1
[46554] 0
[46558] -1
[46560] Steward 史都华德 division.of@labour.between 4
[46562] -1
[46568] 0
[46578] -1
[46582] -1
[46584] -1
[46587] 0
[46592] -1
[46598] -1
[46608] -1
[46610] -1
[46616] 0
[46623] 0
[46626] AwarOsoldiersno Z
辽宁省沈阳市 xx-xx xx:xx -> 07-21 15:37 0 57551
河北省保定市 07-21 20:01 -> 07-21 20:11 417 57551
黑龙江省鹤岗市 07-22 09:15 -> xx-xx xx:xx 739 x
[46627] -1
[46637] -1
[46641] -1
[46650] -1
[46658] -1
[46666] 0
[46675] 0
[46676] 0
[46682] 0
[46690] 0
[46692] 0
[46699] 0
[46704] 0
[46708] 0
[46715] 0
[46725] 0
[46727] 0
[46732] 0
[46741] 0
[46743] 0
[46750] 0
[46759] 0
[46764] 0
[46769] 0
[46776] 0
[46784] 0
[46785] 0
[46794] 0
[46804] 0
[46812] 0
[46815] 0
[46820] 0
[46827] 0
[46833] 0
[46834] 0
[46835] 0
[46837] 0
[46854] 0
[46857] -1
[46864] 0
[46868] -1
[46878] 0
[46886] 0
[46887] -1
[46894] AndtodefineAmeric O
北京市 xx-xx xx:xx -> 07-26 05:05 0 53839
广东省河源市 07-26 20:47 -> 07-26 20:55 318 53839
江苏省淮安市 07-27 01:21 -> xx-xx xx:xx 756 x
[46903] 0
[46908] -1
[46910] -1
[46915] 0
[46923] 0
[46931] 0
[46936] -1
[46946] CHOJXVsWcIVA 岐守忡 great.monarchies@in.general 1
[46950] 0
[46960] -1
[46961] -1
[46973] -1
[46980] -1
[46988] 1
TOtheeoldcause 湖南省娄底市 06-08 16:26 -> 广东省潮阳市 06-09 01:12 1579 87484
[46991] -1
[47000] -1
[47007] -1
[47012] -1
[47017] -1
[47025] 0
[47026] 0
[47028] -1
[47037] -1
[47045] 0
[47046] 0
[47047] -1
[47050] -1
[47057] -1
[47060] -1
[47068] -1
[47070] -1
[47079] -1
[47084] -1
[47089] 0
[47095] 0
[47096] 0
[47100] -1
[47101] -1
[47108] -1
[47113] -1
[47117] -1
[47122] 0
[47123] -1
[47132] -1
[47137] -1
[47145] -1
[47150] Frostleaf 霜叶 in.a.revolutionary@reconstitut 1
[47155] -1
[47157] -1
[47160] -1
[47166] -1
[47169] -1
[47177] -1
[47183] 0
[47184] 0
[47194] -1
[47201] -1
[47207] -1
[47217] bye
