[6] 0
[11] 0
[15] 0
[22] 0
[23] I_am_the_admin 奥斯卡 foo@bar.com 10
[33] 0
[38] 0
[48] 0
[50] 0
[51] 0
[56] 0
[62] -1
[76] -1
[78] 0
[84] 0
[85] Reed 苇草 PARTY.A.spectre@is.haunting 8
[95] -1
[96] -1
[98] 0
[107] -1
[114] -1
[124] 0
[134] 0
[140] -1
[143] -1
[145] -1
[153] 0
[161] 0
[165] 0
[173] -1
[181] 0
[186] -1
[196] -1
[206] 0
[209] 0
[210] -1
[212] 0
[214] -1
[222] 0
[225] 0
[227] Reed 苇草 PARTY.A.spectre@is.haunting 8
[231] 0
[237] 0
[240] -1
[249] 0
[253] 0
[256] -1
[263] 0
[271] -1
[276] 0
[277] -1
[283] -1
[284] -1
[289] 0
[298] -1
[304] Sesa 慑砂 Europethe.spectre@of.Communism 9
[305] -1
[311] -1
[319] -1
[323] 0
[331] 0
[340] 0
[346] -1
[355] -1
[362] -1
[372] 0
[375] -1
[383] -1
[389] 0
[390] -1
[398] 0
[405] 0
[412] -1
[416] -1
[419] -1
[421] -1
[428] -1
[432] 0
[436] -1
[446] -1
[452] 0
[454] -1
[463] -1
[465] -1
[471] -1
[473] -1
[480] 0
[489] -1
[494] 0
[495] 0
[499] 0
[504] -1
[511] -1
[519] 0
[526] -1
[534] 0
[539] -1
[543] -1
[545] -1
[547] -1
[552] -1
[557] -1
[559] -1
[569] 0
[576] 0
[584] -1
[590] -1
[594] JRflRrSUPeXiaMj 鞌栀板 YrCExsPgMexGVPaYMtqxTfFuSsSIr 1
[597] -1
[601] -1
[608] 0
[614] 0
[618] 0
[621] 0
[622] 0
[629] -1
[631] 0
[639] -1
[644] -1
[650] -1
[651] -1
[654] -1
[659] -1
[660] 0
[668] 0
[673] -1
[682] -1
[692] -1
[700] Meteor 流星 MANIFESTO.OF@THE.COMMUNIST 8
[705] Reed 苇草 PARTY.A.spectre@is.haunting 8
[708] -1
[712] 0
[718] -1
[725] -1
[727] 0
[737] -1
[738] pzOKwunVYLPkuW 锿謠湥 GWXCzWY 3
[747] 0
[756] 0
[759] JRflRrSUPeXiaMj 鞌栀板 YrCExsPgMexGVPaYMtqxTfFuSsSIr 1
[762] -1
[770] 0
[780] -1
[790] 0
[797] -1
[801] -1
[804] -1
[812] -1
[822] 0
[832] -1
[835] -1
[841] -1
[847] 0
[850] 0
[852] -1
[862] 0
[870] -1
[871] -1
[873] -1
[877] -1
[884] 0
[894] -1
[900] -1
[903] 0
[904] -1
[910] -1
[912] -1
[916] 0
[922] -1
[928] 0
[933] -1
[938] -1
[943] -1
[946] 0
[954] -1
[962] 0
[969] -1
[979] 0
[983] -1
[988] -1
[989] -1
[990] -1
[995] -1
[997] 0
[999] 0
[1009] -1
[1017] 0
[1023] -1
[1033] -1
[1037] -1
[1039] -1
[1049] -1
[1056] -1
[1062] -1
[1072] -1
[1075] -1
[1082] 0
[1083] -1
[1090] -1
[1091] -1
[1092] -1
[1097] -1
[1099] 0
[1101] 0
[1107] 0
[1111] 0
[1114] Reed 苇草 PARTY.A.spectre@is.haunting 8
[1121] -1
[1124] I_am_the_admin 奥斯卡 foo@bar.com 10
[1130] 0
[1132] 0
[1136] 0
[1144] 0
[1148] 0
[1150] 0
[1153] 0
[1159] Reed 苇草 PARTY.A.spectre@is.haunting 8
[1160] 0
[1162] 0
[1164] 0
[1170] 0
[1174] 0
[1181] 0
[1190] Kroos 克洛丝 All.the.Powers@of.old 6
[1192] Meteor 流星 MANIFESTO.OF@THE.COMMUNIST 8
[1198] Reed 苇草 PARTY.A.spectre@is.haunting 8
[1207] Leizi 惊蛰 French.Radicals@and.German 5
[1215] Rangers 巡林者 a.holy.alliance@to.exorcise 6
[1217] 0
[1218] 0
[1222] 0
[1227] 0
[1232] 0
[1239] 0
[1241] Breeze 微风 has.not.been@decried.as 3
[1243] 0
[1249] 0
[1259] 0
[1266] 0
[1269] 0
[1271] 0
[1274] Schwarz 黑黑 is.the.Opposition@that.has 3
[1282] Hung 吽吽 Communistic@by.its 4
[1284] Hibiscus 芙蓉 not.hurled@back.the 7
[1289] 0
[1295] Schwarz 黑黑 is.the.Opposition@that.has 3
[1303] Hung 吽吽 Communistic@by.its 4
[1305] Adnachiel 安德切尔 branding.reproach@of.Communism 4
[1307] -1
[1312] Hung 吽吽 Communistic@by.its 4
[1321] -1
[1324] 0
[1330] 0
[1335] 0
[1342] 0
[1344] Adnachiel 安德切尔 branding.reproach@of.Communism 4
[1351] 0
[1355] -1
[1365] 0
[1372] -1
[1376] -1
[1379] Schwarz 黑黑 is.the.Opposition@that.has 3
[1381] 0
[1390] -1
[1397] 0
[1407] 0
[1409] -1
[1418] 0
[1425] -1
[1431] -1
[1434] -1
[1441] -1
[1451] -1
[1453] -1
[1461] -1
[1467] -1
[1472] -1
[1482] -1
[1485] 0
[1487] -1
[1494] 0
[1502] 0
[1506] -1
[1515] -1
[1518] -1
[1526] 0
[1534] -1
[1543] -1
[1546] 0
[1549] -1
[1559] -1
[1567] 0
[1568] Breeze 微风 has.not.been@decried.as 3
[1570] 0
[1573] -1
[1577] -1
[1582] -1
[1586] 0
[1596] -1
[1597] -1
[1602] -1
[1603] 0
[1609] -1
[1611] Schwarz 黑黑 is.the.Opposition@that.has 3
[1616] Hibiscus 芙蓉 not.hurled@back.the 7
[1626] 0
[1635] -1
[1636] -1
[1642] -1
[1645] -1
[1652] 0
[1656] 0
[1660] -1
[1667] -1
[1673] -1
[1683] -1
[1692] -1
[1698] -1
[1699] 0
[1706] -1
[1716] -1
[1722] -1
[1728] 0
[1732] -1
[1738] -1
[1745] 0
[1754] -1
[1757] -1
[1765] -1
[1775] -1
[1785] -1
[1790] -1
[1796] -1
[1798] 0
[1800] -1
[1810] -1
[1818] -1
[1819] -1
[1829] -1
[1830] -1
[1833] -1
[1838] -1
[1841] -1
[1846] -1
[1853] -1
[1862] 0
[1872] -1
[1876] -1
[1882] -1
[1885] -1
[1889] 0
[1898] -1
[1905] 0
[1907] 0
[1911] -1
[1912] -1
[1921] -1
[1925] 0
[1930] -1
[1933] 0
[1938] 0
[1947] Yato 夜刀 the.party.in@opposition.that 5
[1949] -1
[1957] 0
[1966] -1
[1967] -1
[1973] -1
[1979] 0
[1985] -1
[1988] -1
[1997] 0
[2003] -1
[2010] -1
[2014] -1
[2024] 0
[2034] -1
[2042] -1
[2044] -1
[2053] 0
[2061] 0
[2067] -1
[2073] 0
[2080] -1
[2081] -1
[2089] 0
[2091] -1
[2097] 0
[2106] 0
[2109] -1
[2118] 0
[2127] -1
[2135] -1
[2138] Schwarz 黑黑 is.the.Opposition@that.has 3
[2141] -1
[2149] Cuora 蛇屠箱 this.spectre@Pope.and 5
[2152] Breeze 微风 has.not.been@decried.as 3
[2161] -1
[2162] -1
[2163] -1
[2169] Breeze 微风 has.not.been@decried.as 3
[2175] -1
[2181] -1
[2182] -1
[2192] -1
[2197] 0
[2205] -1
[2214] 0
[2220] -1
[2226] 0
[2227] 0
[2233] -1
[2234] YQnItvmvlVdRwl 骎襩媖 cKKvhE 0
[2242] -1
[2248] -1
[2256] Kroos 克洛丝 All.the.Powers@of.old 6
[2266] -1
[2267] 0
[2276] -1
[2284] -1
[2286] -1
[2292] -1
[2299] -1
[2301] -1
[2308] Hung 吽吽 Communistic@by.its 1
[2309] -1
[2317] Breeze 微风 has.not.been@decried.as 3
[2319] 0
[2329] -1
[2333] -1
[2342] 0
[2350] 0
[2359] 0
[2364] -1
[2371] -1
[2373] 0
[2379] -1
[2388] -1
[2391] -1
[2401] 0
[2410] -1
[2420] -1
[2422] -1
[2424] 0
[2429] -1
[2434] -1
[2443] -1
[2445] 0
[2447] -1
[2455] 0
[2464] 0
[2469] -1
[2471] -1
[2481] 0
[2487] 0
[2503] 0
[2512] -1
[2513] -1
[2520] -1
[2525] -1
[2531] Cuora 蛇屠箱 this.spectre@Pope.and 5
[2537] -1
[2547] -1
[2556] -1
[2561] -1
[2568] 0
[2569] -1
[2575] -1
[2579] 0
[2587] -1
[2590] 0
[2599] -1
[2604] -1
[2607] -1
[2617] 0
[2622] -1
[2632] -1
[2633] -1
[2636] -1
[2637] -1
[2638] 0
[2644] -1
[2648] 0
[2649] -1
[2653] -1
[2662] 0
[2663] -1
[2671] -1
[2673] 0
[2679] -1
[2688] -1
[2696] -1
[2706] Breeze 微风 has.not.been@decried.as 3
[2716] -1
[2718] -1
[2721] -1
[2728] 0
[2737] -1
[2743] 0
[2746] -1
[2747] -1
[2757] -1
[2763] -1
[2765] Sesa 慑砂 Europethe.spectre@of.Communism 9
[2772] Breeze 微风 has.not.been@decried.as 9
[2776] 0
[2779] -1
[2785] -1
[2793] Kroos 克洛丝 All.the.Powers@of.old 6
[2798] -1
[2807] -1
[2817] 0
[2822] -1
[2832] Sesa 慑砂 Europethe.spectre@of.Communism 9
[2840] -1
[2845] -1
[2855] 0
[2857] -1
[2864] YQnItvmvlVdRwl 骎襩媖 cKKvhE 0
[2867] Adnachiel 安德切尔 branding.reproach@of.Communism 4
[2872] 0
[2879] -1
[2886] 0
[2887] 0
[2889] -1
[2899] 0
[2901] Deepcolor 深海色 against.the@more.advanced 8
[2902] 0
[2910] -1
[2917] -1
[2924] -1
[2934] -1
[2940] 0
[2942] 0
[2952] -1
[2958] -1
[2960] -1
[2969] -1
[2978] -1
[2983] tuGRUzxcSiQxLtg B
北京 xx-xx xx:xx -> 08-09 04:26 0 87741
浙江大学 08-09 04:37 -> xx-xx xx:xx 34596 x
[2990] -1
[2995] -1
[3003] -1
[3004] -1
[3008] -1
[3016] 0
[3017] -1
[3019] -1
[3022] -1
[3028] -1
[3038] -1
[3041] 1
BfMAMDZhoQY 温州 07-22 23:18 -> 北京 07-22 23:31 33002 2746
[3043] bye
