[641945] 0
[641955] -1
[641961] -1
[641963] -1
[641964] -1
[641970] -1
[641979] DcqJauamBqtUCJvDVU 宫妇含 be.said.religious@moral.philos 2
[641980] -1
[641985] -1
[641988] -1
[641994] -1
[642001] -1
[642006] -1
[642011] 0
[642020] -1
[642026] -1
[642027] -1
[642033] -1
[642034] -1
[642043] PaEXbuEWipT 俵婍僗唢 more.and.more@the.character 1
[642044] wPGsEmBzKKwaIRdS 後屉廉宓 only.by.the@united.action 3
[642045] -1
[642050] -1
[642059] -1
[642065] -1
[642066] RYLvLwlwkIkyFt 嵬价僆划 you.charge@us.with 1
[642068] 0
[642070] 0
[642074] 0
[642078] -1
[642079] 0
[642084] 0
[642091] -1
[642101] -1
[642105] -1
[642115] 0
[642123] -1
[642131] -1
[642132] -1
[642139] -1
[642140] -1
[642146] 0
[642150] -1
[642159] Silence 赫默 with.separate@interests.laws 1
[642168] 0
[642174] -1
[642179] -1
[642181] -1
[642187] -1
[642195] -1
[642205] -1
[642207] VVfEeaRuYUVYJpVxIqTf 宺屭堃 marriage.is@in.reality 1
[642208] 0
[642216] -1
[642220] -1
[642225] 0
[642231] 0
[642236] -1
[642244] -1
[642247] LfiizTvRPXTMHFZOxYzS 喨孜徒 multiplicity@and.variety 2
[642250] 0
[642258] 0
[642266] -1
[642269] 0
[642272] -1
[642282] -1
[642284] -1
[642288] 0
[642297] -1
[642307] -1
[642316] 0
[642318] 0
[642320] -1
[642325] iqbZMtzYhWeO 墮兛妓 yoke.of.feudal@absolutism.mana 4
[642326] -1
[642333] -1
[642338] -1
[642345] APmHuCsMgzcBeRqpjW 倒圬埁墩 social.relations@and.in 1
[642348] -1
[642352] -1
[642361] -1
[642369] -1
[642375] -1
[642382] -1
[642383] oIpTseTPkbwkIkdAf 宲坖 the.bourgeoisie@itself.You 1
[642388] -1
[642397] -1
[642404] -1
[642413] Beagle 米格 has.been.the@first.to 2
[642416] -1
[642421] -1
[642426] -1
[642435] 0
[642438] -1
[642446] -1
[642453] 0
[642459] 0
[642469] -1
[642471] 0
[642479] -1
[642489] -1
[642497] -1
[642498] 0
[642508] 0
[642516] -1
[642517] iZJnoETXlSCUdSZZuyh 们兪墈喦 in.the.conditions@of.his 2
[642520] vRUfduHaQTynacdxlDgk 厌庂岢嵋 quantum.of@the.means 1
[642523] -1
[642529] 0
[642530] 0
[642540] -1
[642541] 0
[642551] 1
Farfromtheclanko 天津市 08-05 08:04 -> 江西省宜春市 08-05 18:56 1651 99519
[642556] -1
[642560] 4315200
[642564] 0
[642573] -1
[642576] 1
INcabindshipsat 内蒙丰镇市 06-22 20:58 -> 湖南省醴陵市 06-23 08:10 677 51973
[642582] EgsoTYTSgPRS 咽啨 But.you.Communists@would.intro 1
[642586] -1
[642592] 32577237
[642601] 0
[642603] -1
[642604] 2970708
[642611] queue
[642614] 0
[642616] 1
youngfellowsrobus 重庆市合川市 08-07 00:11 -> 天津市 08-07 02:26 826 37325
[642623] queue
[642632] -1
[642639] 30
Arouseforyoumust 天津市 07-01 11:09 -> 北京市 07-01 12:05 425 98632
Theboatmansinging 天津市 07-01 03:24 -> 北京市 07-01 05:32 118 97301
Andmenacingvoice 天津市 07-01 23:38 -> 北京市 07-02 01:55 166 68110
imperiouswaves 天津市 07-01 21:25 -> 北京市 07-01 23:58 354 8291
Asawheelonitsax 天津市 07-01 21:22 -> 北京市 07-02 00:10 74 22511
Imbuedastheypass 天津市 07-01 11:55 -> 北京市 07-01 14:51 327 86349
bythembesaid 天津市 07-01 08:03 -> 北京市 07-01 11:16 476 54197
Forlifeanddeath 天津市 07-01 07:47 -> 北京市 07-01 11:27 351 1822
tomewhyshouldyo 天津市 07-01 02:24 -> 北京市 07-01 06:06 535 70982
AndtodefineAmeric 天津市 07-01 15:10 -> 北京市 07-01 18:58 196 8857
POETSTOCOME 天津市 07-01 03:45 -> 北京市 07-01 07:49 670 78167
AwarOsoldiersno 天津市 07-01 10:06 -> 北京市 07-01 14:27 824 35926
Farfarmorestood 天津市 07-01 05:53 -> 北京市 07-01 10:44 742 3138
Ibutadvanceamome 天津市 07-01 13:27 -> 北京市 07-01 18:19 899 85755
quenchlessindispen 天津市 07-01 12:12 -> 北京市 07-01 17:05 869 7176
racesthelifethat 天津市 07-01 18:56 -> 北京市 07-02 00:25 1365 28384
Andsowillsomeone 天津市 07-01 17:53 -> 北京市 07-02 00:11 1548 87950
Thouseethingprinci 天津市 07-01 05:45 -> 北京市 07-01 12:42 97 20962
Ofphysiologyfromt 天津市 07-01 17:13 -> 北京市 07-02 00:19 452 67542
Leavingittoyouto 天津市 07-01 20:07 -> 北京市 07-02 03:27 1020 56270
advanceinthisbook 天津市 07-01 09:28 -> 北京市 07-01 16:53 738 3264
Iseekformyownus 天津市 07-01 19:56 -> 北京市 07-02 06:45 1444 81637
TOTHEEOLDCAUSE 天津市 07-01 21:41 -> 北京市 07-02 09:18 1458 25369
Forthfromtheware 天津市 07-01 19:29 -> 北京市 07-02 11:08 1920 52791
WHATplaceisbesieg 天津市 07-01 07:48 -> 北京市 07-02 03:11 2925 68258
Themasonsinginghi 天津市 07-01 23:44 -> 北京市 07-02 19:12 1565 58767
thoucentre 天津市 07-01 07:23 -> 北京市 07-02 03:47 619 63652
one 天津市 07-01 04:04 -> 北京市 07-02 01:49 1628 63828
Whohaveexploredth 天津市 07-01 00:54 -> 北京市 07-01 23:06 2399 84384
STRANGERifyoupas 天津市 07-01 16:44 -> 北京市 07-02 17:07 1378 25320
[642647] -1
[642650] 0
[642658] -1
[642663] 56266210
[642671] 0
[642676] 0
[642683] -1
[642687] 0
[642697] -1
[642699] lwZTOBNkzLhKSH 寙刂嘺 are.daily.more@and.more 2
[642705] queue
[642709] -1
[642719] 0
[642728] 0
[642729] -1
[642736] -1
[642738] 1
Thereforefortheet 福建省莆田市 07-09 06:45 -> 天津市 07-09 17:29 721 50590
[642741] 0
[642747] 0
[642753] 0
[642758] 1
Thesechantsforthe 重庆市永川市 08-15 21:52 -> 云南省开远市 08-16 05:48 415 70166
[642767] 0
[642777] -1
[642780] IoDieDdCJiCt 嗣噯嗉夜 the.Communistic@modes.of 1
[642783] 1
intervals 辽宁省北票市 08-07 07:01 -> 江苏省无锡市 08-07 18:21 649 37525
[642787] -1
[642791] 0
[642792] -1
[642794] 0
[642801] 0
[642811] -1
[642814] -1
[642821] -1
[642831] 0
[642833] -1
[642840] HwBdpSpmKvKwpacnp 墙乮刖冫 country.we@find.new 1
[642844] 0
[642854] 9088338
[642860] 22842360
[642870] 1
AndtodefineAmeric 天津市 07-07 15:10 -> 广东省广州市 07-08 02:52 714 8509
[642874] 395640
[642878] 5
[success] Farfarmorestood 山西省忻州市 06-24 07:01 -> 北京市 06-24 10:44 315 1256
[success] THOUreaderthrobbes 山西省汾阳市 07-30 16:48 -> 黑龙江省海伦市 07-31 06:11 2140 10674
[success] whatyouwanted 黑龙江省海伦市 07-17 14:27 -> 河南省偃师市 07-17 17:12 62 5758
[pending] LeavesofGrass 山东省兖州市 06-21 16:23 -> 吉林省松原市 06-22 06:42 833 6146
[success] INSCRIPTIONS 广东省新会市 07-12 23:52 -> 福建省龙海市 07-13 03:20 527 901
[642886] 0
[642891] queue
[642892] 1
intervals 江苏省无锡市 07-22 18:24 -> 河南省孟州市 07-23 03:12 777 43039
[642897] 0
[642901] 0
[642905] 0
[642909] -1
[642913] -1
[642920] -1
[642922] 0
[642925] -1
[642926] 18924816
[642929] 0
[642932] 0
[642938] -1
[642942] -1
[642945] -1
[642951] 0
[642958] 0
[642966] 0
[642975] 1
Theserecitativesfo 河北省晋州市 08-12 05:27 -> 湖南省常宁市 08-12 23:55 1390 11434
[642977] -1
[642984] queue
[642992] -1
[642998] 1
oftheseStatesoro 吉林省长春市 06-16 02:41 -> 江苏省兴化市 06-16 07:53 435 5133
[643007] queue
[643012] -1
[643020] -1
[643026] -1
[643032] queue
[643040] 0
[643049] 0
[643052] -1
[643058] 0
[643061] queue
[643063] queue
[643070] 0
[643071] 0
[643074] 0
[643081] 0
[643089] yOQCtVJKoBhiOzMC 乍俸异忘 previous.mode@of.appropriation 1
[643098] 1479320
[643099] -1
[643102] 12
[pending] TOFOREIGNLANDS 吉林省长春市 06-29 21:34 -> 山西省潞城市 06-30 08:19 347 226
[success] racesthelifethat 吉林省珲春市 06-20 04:08 -> 河南省登封市 06-20 13:16 886 140
[success] Thedelicioussingin 河南省郑州市 07-31 15:13 -> 河北省任丘市 07-31 20:46 139 4984
[pending] LeavesofGrass 湖北省荆州市 08-26 21:20 -> 安徽省宿州市 08-27 08:24 1150 367
[success] LeavesofGrass 北京市 07-28 14:47 -> 山东省兖州市 07-28 16:14 479 283
[pending] LeavesofGrass 湖北省荆州市 07-29 21:20 -> 浙江省海宁市 07-30 02:15 375 4427
[success] Andisthisthensa 江苏省常熟市 06-24 14:52 -> 吉林省辽源市 06-25 03:55 1265 2611
[pending] LeavesofGrass 北京市 07-03 14:47 -> 吉林省松原市 07-04 06:42 1312 7269
[pending] TOFOREIGNLANDS 吉林省长春市 06-13 21:34 -> 天津市 06-14 18:55 364 1267
[pending] LeavesofGrass 山东省兖州市 06-28 16:23 -> 湖北省荆州市 06-28 21:14 121 7932
[pending] INSCRIPTIONS 山西省霍州市 07-21 09:31 -> 河南省漯河市 07-21 19:50 1591 6662
[success] LeavesofGrass 北京市 06-27 14:47 -> 天津市 06-27 15:36 153 15162
[643107] -1
[643117] 0
[643120] 981180
[643124] 1
Onlyafewhintsa 内蒙满洲里市 07-09 01:23 -> 海南省琼山市 07-09 06:07 833 24404
[643133] 0
[643137] 0
[643139] -1
[643146] moBNDmAhnqIRmzOuQJFi 儂仜 in.the.most@advanced.countries 2
[643154] 0
[643162] lZpMuNFBNjoj 亅压剀 production@owned.by 3
[643170] queue
[643175] 1
[pending] INSCRIPTIONS 河南省禹州市 07-21 01:17 -> 河南省洛阳市 07-21 10:21 1043 20154
[643181] 0
[643184] 0
[643194] 0
[643197] 0
[643201] 8355720
[643210] 9190320
[643213] 0
[643219] 0
[643221] 386512
[643229] 0
[643234] 2476249
[643237] 0
[643241] 109928
[643251] queue
[643261] -1
[643265] 1
THOUreaderthrobbes 黑龙江省伊春市 08-01 19:17 -> 山东省招远市 08-01 20:59 244 59329
[643266] Istina 真理 nobility.and@in.fact 2
[643271] 0
[643278] 0
[643286] 0
[643296] 563528
[643299] 0
[643301] 1
Forthatwhichwasl 四川省彭州市 07-20 08:19 -> 安徽省淮北市 07-20 12:21 343 23523
[643302] 1
Thouseethingprinci 辽宁省朝阳市 06-29 07:14 -> 北京市 06-29 12:42 11 35662
[643304] 2
bythembesaid 北京市 07-13 11:22 -> 江苏省泰兴市 07-14 03:22 1435 20389
SHUTnotyourdoors 北京市 07-13 22:15 -> 江苏省泰兴市 07-14 19:14 2796 80574
[643305] -1
[643306] queue
[643314] queue
[643320] -1
[643322] 1
[success] Mewherevermylife 内蒙东胜市 06-22 11:28 -> 湖南省株洲市 06-22 22:16 1422 690
[643326] 0
[643333] -1
[643335] 0
[643338] 1995796
[643343] 0
[643344] cdPPTFHWFLrHFAUAInLI 媈峂姍 by.social.And@your.education 1
[643352] 1687518
[643359] -1
[643360] 15562080
[643367] -1
[643374] 0
[643377] May 梅梅 all.earlier@epochs.would 4
[643387] 1
andreward 广西东兴市 07-21 04:53 -> 江苏省扬州市 07-21 10:01 769 53168
[643390] PoOPwTHtJG 孪啕 These.labourers@who.must 2
[643392] 0
[643402] 0
[643407] 0
[643408] 0
[643412] -1
[643422] 0
[643432] -1
[643433] -1
[643436] 336730
[643444] 1155384
[643450] -1
[643458] 12
[pending] TOFOREIGNLANDS 吉林省长春市 06-29 21:34 -> 山西省潞城市 06-30 08:19 347 226
[success] racesthelifethat 吉林省珲春市 06-20 04:08 -> 河南省登封市 06-20 13:16 886 140
[success] Thedelicioussingin 河南省郑州市 07-31 15:13 -> 河北省任丘市 07-31 20:46 139 4984
[pending] LeavesofGrass 湖北省荆州市 08-26 21:20 -> 安徽省宿州市 08-27 08:24 1150 367
[success] LeavesofGrass 北京市 07-28 14:47 -> 山东省兖州市 07-28 16:14 479 283
[pending] LeavesofGrass 湖北省荆州市 07-29 21:20 -> 浙江省海宁市 07-30 02:15 375 4427
[success] Andisthisthensa 江苏省常熟市 06-24 14:52 -> 吉林省辽源市 06-25 03:55 1265 2611
[pending] LeavesofGrass 北京市 07-03 14:47 -> 吉林省松原市 07-04 06:42 1312 7269
[pending] TOFOREIGNLANDS 吉林省长春市 06-13 21:34 -> 天津市 06-14 18:55 364 1267
[pending] LeavesofGrass 山东省兖州市 06-28 16:23 -> 湖北省荆州市 06-28 21:14 121 7932
[pending] INSCRIPTIONS 山西省霍州市 07-21 09:31 -> 河南省漯河市 07-21 19:50 1591 6662
[success] LeavesofGrass 北京市 06-27 14:47 -> 天津市 06-27 15:36 153 15162
[643467] -1
[643468] 0
[643474] QqElEjffyyv 倘徘丹啊佦 the.modern@proletarians.thanks 4
[643475] 1
youIfolditherei 辽宁省大连市 08-08 13:39 -> 广西钦州市 08-08 22:47 1193 1502
[643482] 2628584
[643485] SjPgCTwjBF 匾倇亗 material.drawn@from.the 1
[643491] 0
[643496] 0
[643501] -1
[643503] 0
[643507] 0
[643509] 19911246
[643516] -1
[643526] 16555987
[643532] 0
[643534] -1
[643535] 0
[643537] 0
[643547] 2554740
[643553] 1769812
[643560] 2
POETSTOCOME 北京市 08-05 07:53 -> 江苏省连云港市 08-05 19:40 1245 78167
Theleastinsector 北京市 08-05 08:28 -> 江苏省连云港市 08-05 23:37 1950 8047
[643564] -1
[643569] 0
[643576] -1
[643577] 0
[643580] rTuajjmlgyFeLIjgyezB 岳夤侾 miserable.highways@required.ce 1
[643582] -1
[643585] queue
[643587] 0
[643592] 0
[643594] 0
[643597] 0
[643603] queue
[643612] 2
Thecarpentersingin 北京市 06-14 11:29 -> 广东省潮州市 06-14 15:46 438 55910
WHENIreadthebook 北京市 06-14 01:21 -> 广东省潮州市 06-15 06:31 3796 68789
[643619] 1
Thewoodcuttersso 重庆市江津市 06-16 03:11 -> 河南省偃师市 06-16 14:24 521 46645
[643629] -1
[643637] -1
[643647] -1
[643657] -1
[643664] 0
[643669] 0
[643674] -1
[643675] 1745324
[643677] 5714686
[643678] -1
[643681] 0
[643691] 0
[643692] 0
[643700] 1
[success] Farfarmorestood 北京市 06-26 10:53 -> 山东省聊城市 06-26 17:36 364 302
[643706] 1
Bysailorsyoungand 北京市 07-19 16:49 -> 河北省安国市 07-19 20:29 158 82860
[643710] 684780
[643713] 0
[643720] 0
[643729] 2282020
[643735] BAOUnXVkUQMFjHBXl 塦勀厰峁夌 total.of.productive@forces.as 2
[643740] sXDKveqFLLIxUXgWpVPd 寗剢严 freedom.is@undoubtedly.aimed 2
[643741] -1
[643749] 0
[643751] -1
[643755] -1
[643756] OTguELBWwBqXqxNZqfz 呄妷复 property.into@capital.from 3
[643764] 0
[643766] -1
[643769] 8084
[643771] 0
[643774] 0
[643781] 4527738
[643788] 0
[643794] 0
[643795] hPtZVeeTBRghl 呜峛哷尳吿 first.with@the.aristocracy 4
[643804] 0
[643813] -1
[643822] 0
[643826] queue
[643828] 0
[643836] 18202455
[643845] -1
[643850] rMasgLeXHxFRCB 基宂垇勣俗 so.far.itself@national.though 1
[643858] queue
[643867] queue
[643870] 0
[643874] 1537600
[643879] dCycERbUaYf 丯厍墜坘儹 with.their@labour.they 2
[643881] queue
[643883] -1
[643893] 0
[643898] 6336888
[643899] FzwyJTGPTPJZPE 傥噉 class.is.the@formation.and 2
[643901] 0
[643911] queue
[643913] 0
[643914] -1
[643915] 0
[643916] 1
Consorttoeveryshi 江西省瑞昌市 08-08 06:04 -> 北京市 08-08 11:25 455 47351
[643920] -1
[643927] fhtcQMbpEdqYvOAaCLf 峁塗儞哦寒 gigantic.means@of.production 1
[643934] TGBOFDzqwpfUikbfHKK 堿堭婿伄妭 at.all.a.distinctive@feature.o 1
[643936] queue
[643940] 4863768
[643941] 0
[643948] 0
[643953] 0
[643960] 0
[643965] 1
Andwithhimhorsea 广东省汕头市 08-12 03:46 -> 辽宁省锦州市 08-12 04:33 271 93569
[643973] queue
[643983] 8785788
[643988] 24288810
[643994] -1
[643999] 0
[644001] 0
[644010] -1
[644018] 0
[644022] aVvZCPjyfnOLjJIR 仅土僇塥 various.stages@of.development 4
[644030] 4411932
[644039] 945120
[644044] -1
[644048] 1
Returninguponmypo 吉林省白城市 08-06 21:03 -> 江苏省扬中市 08-06 23:31 447 48627
[644055] 1
Andsowillsomeone 河南省沁阳市 08-08 16:20 -> 天津市 08-08 17:48 334 87950
[644063] -1
[644071] 0
[644075] 0
[644076] 2717352
[644078] 14
[success] WHATPLACEISBESIEG 安徽省芜湖市 08-02 14:52 -> 广东省茂名市 08-02 17:07 226 3030
[pending] TOFOREIGNLANDS 吉林省长春市 06-17 21:34 -> 山西省潞城市 06-18 08:19 347 690
[success] Thewordsofmybook 福建省晋江市 08-15 17:13 -> 河北省遵化市 08-15 19:52 236 15881
[pending] LeavesofGrass 天津市 08-16 15:43 -> 湖北省荆州市 08-16 21:14 447 7001
[pending] INSCRIPTIONS 广东省佛山市 07-08 20:54 -> 河南省长葛市 07-09 07:31 993 9246
[success] Imbuedastheypass 陕西省汉中市 07-25 10:02 -> 湖南省永州市 07-26 04:45 2460 3088
[success] APhantomarosebefo 江西省贵溪市 06-13 00:32 -> 广东省兴宁市 06-13 04:39 79 5517
[success] Imbuedastheypass 云南省潞西市 07-19 03:25 -> 吉林省辽源市 07-19 07:13 328 16820
[pending] INSCRIPTIONS 河南省禹州市 07-18 01:17 -> 河南省洛阳市 07-18 10:21 1043 7821
[success] INSCRIPTIONS 安徽省淮北市 07-01 00:08 -> 广西防城港市 07-01 03:11 581 8123
[success] LeavesofGrass 吉林省松原市 08-07 06:49 -> 安徽省宿州市 08-07 08:24 438 43
[success] LeavesofGrass 北京市 07-23 14:47 -> 天津市 07-23 15:36 153 4906
[pending] TOFOREIGNLANDS 山东省滕州市 06-20 02:54 -> 山西省潞城市 06-20 08:19 168 970
[pending] LeavesofGrass 天津市 06-19 15:43 -> 山东省兖州市 06-19 16:14 326 3314
[644085] 1
rebuffsasthetree 湖南省永州市 07-05 03:10 -> 内蒙扎兰屯市 07-05 07:33 1203 93904
[644091] 0
[644101] 6862932
[644107] 0
[644113] 0
[644118] 1
ThefirststepIsay 北京市 06-24 23:54 -> 云南省宣威市 06-25 03:50 1048 8279
[644125] 60357
[644134] 0
[644142] 0
[644145] -1
[644154] 0
[644159] -1
[644163] -1
[644172] 0
[644176] 1
himselfinhisownr 福建省福州市 08-09 00:42 -> 海南省万宁市 08-09 03:22 424 84861
[644185] 1
STILLTHOUGHTHEONE 广东省普宁市 06-23 23:31 -> 福建省漳州市 06-24 04:39 276 8986
[644195] rTuajjmlgyFeLIjgyezB 岳夤侾 miserable.highways@required.ce 1
[644200] 0
[644208] 10001719
[644212] Nightingale 夜莺 itself.so.the@disappearance.of 3
[644220] -1
[644225] 0
[644229] 0
[644234] 0
[644237] -1
[644240] 0
[644246] 1
recess 河北省邯郸市 07-10 06:21 -> 四川省绵阳市 07-10 10:39 483 25800
[644254] 1
racesthelifethat 福建省泉州市 07-13 04:55 -> 广东省化州市 07-13 09:26 805 27335
[644256] 423
[644262] yFoHDXqQTKEALeA 弥囉劊 religious.a@philosophical.and 3
[644272] 2
[success] Withallitsangrya 广东省茂名市 07-31 01:42 -> 吉林省长春市 07-31 13:48 1818 8560
[success] Mewherevermylife 内蒙东胜市 06-22 11:28 -> 湖南省株洲市 06-22 22:16 1422 690
[644277] -1
[644283] -1
[644284] -1
[644290] 0
[644292] AlTABsPKPnJIlkn 廻啩傲嵩則 are.besides@eternal.truths 1
[644296] 0
[644300] 1
ThefirststepIsay 河南省孟州市 07-16 00:49 -> 浙江省慈溪市 07-16 09:16 1156 8279
[644310] 0
[644311] 0
[644316] queue
[644319] 0
[644326] ObhHEldJSheGuiIgQDOY 哝嬸 at.the.disposal@of.society 1
[644327] -1
[644329] 1702887
[644337] -1
[644346] 1
Oneyetofcontrad 江苏省宜兴市 07-14 19:40 -> 吉林省长春市 07-15 16:40 897 58923
[644347] 213366
[644348] 0
[644351] -1
[644355] 0
[644364] 1
Theboatmansinging 江苏省海门市 06-29 16:26 -> 云南省曲靖市 06-30 01:07 1095 97301
[644365] -1
[644371] -1
[644372] 528
[644378] -1
[644382] zsctrzRAULGsFCjrDQql 儍囵忷勨冼 else.does.the@history.of 2
[644385] hrjyBKLgJtQZhuIJ 主嚃徕 overriding@law.It 3
[644391] 1
Orsomelonebarkbu 江苏省淮阴市 06-25 13:08 -> 山西省长治市 06-26 05:11 1361 94969
[644392] 2
Toconfrontnights 天津市 06-14 14:22 -> 浙江省嵊州市 06-14 19:57 118 83178
Andmenacingvoice 天津市 06-14 23:38 -> 浙江省嵊州市 06-15 16:11 2822 68110
[644399] 919648
[644403] queue
[644409] 9749160
[644410] -1
[644420] 7415292
[644429] 0
[644434] 11989372
[644435] 0
[644444] xhRbBOLxfCSqcFZVJm 宋佞喗佡 been.invented@or.discovered 4
[644451] 0
[644458] 2476600
[644462] 1
evenhermoonsails 浙江省奉化市 06-07 12:15 -> 北京市 06-07 21:29 646 50632
[644466] queue
[644467] -1
[644474] 0
[644477] 430542
[644483] queue
[644487] 6
[success] AndtodefineAmeric 天津市 07-02 15:10 -> 广东省广州市 07-03 02:52 714 603
[success] STILLthoughtheone 陕西省宝鸡市 08-09 01:09 -> 江苏省锡山市 08-09 05:34 442 11004
[success] WHENIreadthebook 内蒙根河市 07-19 23:22 -> 黑龙江省五常市 07-20 21:29 3086 7364
[success] Asawheelonitsax 天津市 06-18 21:22 -> 福建省晋江市 06-19 03:30 93 5464
[success] whatyouwanted 山东省文登市 06-29 17:58 -> 湖北省松滋市 06-30 03:10 1663 1514
[success] TOTHEEOLDCAUSE 黑龙江省哈尔滨市 06-21 06:11 -> 湖南省洪江市 06-21 17:37 1203 5646
[644496] -1
[644499] -1
[644509] -1
[644514] 1
AwarOsoldiersno 湖南省武冈市 07-30 00:43 -> 四川省阆中市 07-30 02:14 404 34671
[644519] 1267350
[644522] 0
[644523] -1
[644524] 3074295
[644529] queue
[644538] -1
[644541] 98226
[644550] 1
Andisthisthensa 山东省烟台市 07-01 10:34 -> 浙江省永康市 07-02 01:32 1149 28688
[644556] 0
[644564] 0
[644573] -1
[644581] 9928299
[644582] 11394960
[644589] -1
[644595] 0
[644596] 0
[644606] 4549215
[644610] 2
IHEARAMERICASIN 北京市 07-30 06:20 -> 江苏省扬州市 07-31 00:42 579 86947
andreward 北京市 07-30 15:38 -> 江苏省扬州市 07-31 10:01 2414 53168
[644615] -1
[644618] OBCnqbLPCRUubMikbKBz 來効 requires.for@his.maintenance 1
[644619] queue
[644628] -1
[644632] 1
puzzletheNewWorld 黑龙江省齐齐哈尔市 06-22 15:11 -> 安徽省阜阳市 06-23 14:37 2964 1325
[644633] 45
[success] imperiouswaves 河南省平顶山市 07-22 13:21 -> 福建省泉州市 07-22 17:56 967 1761
[pending] LeavesofGrass 山东省兖州市 06-29 16:23 -> 吉林省松原市 06-30 06:42 833 15318
[success] intervals 浙江省宁波市 07-15 18:17 -> 天津市 07-17 05:41 2417 8238
[success] Iseekformyownus 黑龙江省伊春市 07-07 01:42 -> 新疆喀什市 07-07 15:59 2386 620
[pending] LeavesofGrass 山东省兖州市 07-14 16:23 -> 安徽省宿州市 07-15 08:24 1271 954
[success] gestionsofthebrin 山东省日照市 08-18 12:32 -> 北京市 08-18 13:25 66 2668
[success] INCABINDSHIPSAT 江苏省仪征市 07-13 19:41 -> 广西梧州市 07-14 05:08 1090 2895
[success] thefieldtheworld 吉林省敦化市 06-19 09:35 -> 贵州省铜仁市 06-19 22:12 831 686
[pending] LeavesofGrass 北京市 08-15 14:47 -> 浙江省海宁市 08-16 02:15 975 9451
[success] TOFOREIGNLANDS 山西省潞城市 07-16 08:22 -> 天津市 07-16 18:55 17 447
[pending] LeavesofGrass 湖北省荆州市 06-29 21:20 -> 安徽省宿州市 06-30 08:24 1150 16296
[pending] LeavesofGrass 湖北省荆州市 06-18 21:20 -> 吉林省松原市 06-19 06:42 712 15764
[pending] LeavesofGrass 北京市 07-18 14:47 -> 浙江省海宁市 07-19 02:15 975 7298
[success] advanceandretreat 浙江省上虞市 08-02 07:01 -> 吉林省公主岭市 08-02 22:59 129 1645
[success] advanceandretreat 江苏省昆山市 07-05 21:13 -> 湖南省汩罗市 07-06 16:57 354 4291
[pending] LeavesofGrass 天津市 08-23 15:43 -> 山东省兖州市 08-23 16:14 326 5359
[pending] LeavesofGrass 天津市 06-21 15:43 -> 浙江省海宁市 06-22 02:15 822 12784
[pending] TOFOREIGNLANDS 山东省滕州市 07-19 02:54 -> 天津市 07-19 18:55 185 1241
[success] YetutterthewordD 天津市 08-12 03:22 -> 广东省东莞市 08-12 23:40 128 198
[pending] LeavesofGrass 天津市 08-27 15:43 -> 安徽省宿州市 08-28 08:24 1597 7019
[pending] TOFOREIGNLANDS 吉林省长春市 07-14 21:34 -> 山西省潞城市 07-15 08:19 347 52
[pending] INSCRIPTIONS 贵州省都匀市 07-03 06:12 -> 福建省龙海市 07-04 03:20 2530 20511
[success] LeavesofGrass 北京市 08-02 14:47 -> 天津市 08-02 15:36 153 4034
[pending] TOFOREIGNLANDS 吉林省长春市 07-03 21:34 -> 天津市 07-04 18:55 364 703
[success] thoucentre 江苏省靖江市 07-11 11:55 -> 河南省孟州市 07-11 19:26 179 3612
[pending] LeavesofGrass 山东省兖州市 08-16 16:23 -> 浙江省海宁市 08-17 02:15 496 9916
[pending] LeavesofGrass 北京市 06-19 14:47 -> 吉林省松原市 06-20 06:42 1312 8510
[success] LeavesofGrass 吉林省松原市 06-19 06:49 -> 安徽省宿州市 06-19 08:24 438 12010
[pending] INSCRIPTIONS 北京市 07-13 13:06 -> 广东省佛山市 07-13 20:46 1194 17618
[success] whatyouwanted 山东省文登市 06-12 17:58 -> 贵州省清镇市 06-13 01:17 1060 9978
[pending] TOFOREIGNLANDS 吉林省长春市 06-22 21:34 -> 天津市 06-23 18:55 364 667
[pending] INSCRIPTIONS 辽宁省沈阳市 06-14 08:14 -> 河南省漯河市 06-14 19:50 1708 10935
[success] LoItooamcomec 甘肃省金昌市 07-13 02:38 -> 江苏省句容市 07-13 11:45 1032 6246
[success] INSCRIPTIONS 广东省佛山市 07-06 20:54 -> 吉林省九台市 07-07 01:32 151 3022
[success] LeavesofGrass 吉林省松原市 06-29 06:49 -> 安徽省宿州市 06-29 08:24 438 13747
[pending] INSCRIPTIONS 山西省霍州市 07-01 09:31 -> 江苏省吴县市 07-01 17:57 1217 13178
[success] puzzletheNewWorld 江西省九江市 08-11 19:49 -> 天津市 08-12 07:44 1238 2362
[success] Thesechantsforthe 云南省开远市 07-30 05:52 -> 北京市 07-30 07:24 451 10510
[pending] INSCRIPTIONS 安徽省淮北市 07-18 00:08 -> 河南省洛阳市 07-18 10:21 1139 20490
[success] INSCRIPTIONS 河南省洛阳市 07-04 10:26 -> 吉林省九台市 07-05 01:32 1630 1634
[pending] INSCRIPTIONS 北京市 07-12 13:06 -> 广东省新会市 07-12 23:42 1279 4470
[success] TOFOREIGNLANDS 山东省滕州市 07-01 02:54 -> 山西省潞城市 07-01 08:19 168 22
[pending] LeavesofGrass 北京市 07-21 14:47 -> 吉林省松原市 07-22 06:42 1312 10701
[pending] TOFOREIGNLANDS 山东省滕州市 07-13 02:54 -> 山西省潞城市 07-13 08:19 168 861
[success] LeavesofGrass 北京市 07-14 14:47 -> 天津市 07-14 15:36 153 5297
[644637] 0
[644642] -1
[644652] 1
Pressingthepulseo 北京市 07-05 20:37 -> 贵州省毕节市 07-06 18:16 3517 30406
[644654] 1
LoItooamcomec 湖南省耒阳市 07-25 12:32 -> 福建省宁德市 07-25 23:31 949 52568
[644662] 0
[644665] LcsijRdqzCNgYFX 塐圃尗倓 with.a.common@plan.Equal 3
[644674] -1
[644679] 6899816
[644687] -1
[644691] 308661
[644701] 0
[644706] 1
Howtheyinuretoth 河南省洛阳市 07-23 22:03 -> 广东省花都市 07-24 00:40 293 54878
[644715] 0
[644716] -1
[644723] 33
Asawheelonitsax 天津市 07-07 21:22 -> 北京市 07-08 00:10 74 19606
Thouseethingprinci 天津市 07-07 05:45 -> 北京市 07-07 12:42 97 19750
Theboatmansinging 天津市 07-07 03:24 -> 北京市 07-07 05:32 118 97301
Andmenacingvoice 天津市 07-07 23:38 -> 北京市 07-08 01:55 166 68110
AndtodefineAmeric 天津市 07-07 15:10 -> 北京市 07-07 18:58 196 8509
Imbuedastheypass 天津市 07-07 11:55 -> 北京市 07-07 14:51 327 86349
Forlifeanddeath 天津市 07-07 07:47 -> 北京市 07-07 11:27 351 2380
imperiouswaves 天津市 07-07 21:25 -> 北京市 07-07 23:58 354 8291
Arouseforyoumust 天津市 07-07 11:09 -> 北京市 07-07 12:05 425 98632
Ofphysiologyfromt 天津市 07-07 17:13 -> 北京市 07-08 00:19 452 52172
bythembesaid 天津市 07-07 08:03 -> 北京市 07-07 11:16 476 54197
tomewhyshouldyo 天津市 07-07 02:24 -> 北京市 07-07 06:06 535 70982
Thesechantsforthe 天津市 07-07 23:32 -> 北京市 07-08 07:24 573 72255
thoucentre 天津市 07-07 07:23 -> 北京市 07-08 03:47 619 48604
POETSTOCOME 天津市 07-07 03:45 -> 北京市 07-07 07:49 670 78167
Arivermanorama 天津市 07-07 01:10 -> 北京市 07-07 07:44 678 32075
Notphysiognomyalon 天津市 07-07 07:49 -> 北京市 07-07 13:06 733 36656
advanceinthisbook 天津市 07-07 09:28 -> 北京市 07-07 16:53 738 5777
Farfarmorestood 天津市 07-07 05:53 -> 北京市 07-07 10:44 742 5299
AwarOsoldiersno 天津市 07-07 10:06 -> 北京市 07-07 14:27 824 28159
quenchlessindispen 天津市 07-07 12:12 -> 北京市 07-07 17:05 869 7176
Ibutadvanceamome 天津市 07-07 13:27 -> 北京市 07-07 18:19 899 85755
Leavingittoyouto 天津市 07-07 20:07 -> 北京市 07-08 03:27 1020 56270
racesthelifethat 天津市 07-07 18:56 -> 北京市 07-08 00:25 1365 28012
STRANGERifyoupas 天津市 07-07 16:44 -> 北京市 07-08 17:07 1378 25320
Iseekformyownus 天津市 07-07 19:56 -> 北京市 07-08 06:45 1444 81637
TOTHEEOLDCAUSE 天津市 07-07 21:41 -> 北京市 07-08 09:18 1458 30229
Andsowillsomeone 天津市 07-07 17:53 -> 北京市 07-08 00:11 1548 87950
Themasonsinginghi 天津市 07-07 23:44 -> 北京市 07-08 19:12 1565 58767
one 天津市 07-07 04:04 -> 北京市 07-08 01:49 1628 91003
Forthfromtheware 天津市 07-07 19:29 -> 北京市 07-08 11:08 1920 52791
Whohaveexploredth 天津市 07-07 00:54 -> 北京市 07-07 23:06 2399 83040
WHATplaceisbesieg 天津市 07-07 07:48 -> 北京市 07-08 03:11 2925 68258
[644731] -1
[644734] -1
[644736] -1
[644745] 0
[644754] 0
[644756] queue
[644763] 0
[644773] utpukhWeOxMumfluic 寗季墛媸吴 bourgeois.family@will.vanish 1
[644777] -1
[644779] -1
[644786] 1
Iprojectthehistor 广西宜州市 06-17 20:01 -> 山西省古交市 06-17 21:47 15 65470
[644788] queue
[644795] 1
Asifanymanreall 广东省增城市 06-05 16:19 -> 贵州省六盘水市 06-05 19:30 497 54768
[644799] 11223302
[644806] 2860599
[644812] 660040
[644821] 0
[644828] queue
[644838] ObhHEldJSheGuiIgQDOY 哝嬸 at.the.disposal@of.society 1
[644839] 0
[644843] 27
[success] ThereforeIsendyou 内蒙海拉尔市 08-08 23:10 -> 贵州省兴义市 08-09 01:24 649 93
[pending] TOFOREIGNLANDS 吉林省长春市 06-15 21:34 -> 山东省滕州市 06-16 02:46 179 1037
[success] advanceandretreat 浙江省上虞市 08-23 07:01 -> 湖南省汩罗市 08-23 16:57 87 7068
[pending] LeavesofGrass 山东省兖州市 06-28 16:23 -> 安徽省宿州市 06-29 08:24 1271 7142
[success] ThereforeIsendyou 广东省增城市 08-12 10:31 -> 云南省安宁市 08-12 14:35 417 26
[success] knownotwhitherye 福建省龙海市 06-14 02:03 -> 天津市 06-14 08:52 1013 15059
[success] LeavesofGrass 山东省兖州市 07-11 16:23 -> 湖北省荆州市 07-11 21:14 121 3
[pending] LeavesofGrass 天津市 06-30 15:43 -> 吉林省松原市 07-01 06:42 1159 2912
[pending] LeavesofGrass 山东省兖州市 08-21 16:23 -> 湖北省荆州市 08-21 21:14 121 8090
[success] Asifanymanreall 云南省保山市 07-14 19:53 -> 云南省开远市 07-15 13:35 2229 13027
[pending] INSCRIPTIONS 辽宁省沈阳市 06-22 08:14 -> 河北省任丘市 06-23 06:25 2439 4414
[success] LeavesofGrass 浙江省海宁市 06-22 02:24 -> 安徽省宿州市 06-22 08:24 775 375
[pending] LeavesofGrass 山东省兖州市 07-22 16:23 -> 吉林省松原市 07-23 06:42 833 10393
[pending] TOFOREIGNLANDS 山西省潞城市 07-20 08:22 -> 天津市 07-20 18:55 17 1301
[pending] LeavesofGrass 湖北省荆州市 08-22 21:20 -> 浙江省海宁市 08-23 02:15 375 6820
[pending] INSCRIPTIONS 广西防城港市 07-13 03:19 -> 辽宁省沈阳市 07-13 08:04 259 14329
[success] aparadoxappearsth 河北省承德市 07-12 13:06 -> 浙江省余姚市 07-13 09:09 1905 2087
[pending] TOFOREIGNLANDS 吉林省长春市 07-13 21:34 -> 天津市 07-14 18:55 364 649
[success] Wefeelthelongpul 山东省邹城市 07-23 20:03 -> 天津市 07-24 07:09 2114 821
[success] andreward 广西东兴市 06-28 04:53 -> 江西省宜春市 06-28 07:44 333 4667
[pending] LeavesofGrass 浙江省海宁市 07-14 02:24 -> 安徽省宿州市 07-14 08:24 775 11430
[success] Theserecitativesfo 河北省晋州市 06-07 05:27 -> 贵州省六盘水市 06-07 11:23 434 977
[success] LeavesofGrass 天津市 08-29 15:43 -> 安徽省宿州市 08-30 08:24 1597 12860
[success] INSCRIPTIONS 广西防城港市 07-01 03:19 -> 广东省佛山市 07-01 20:46 2037 3859
[success] LeavesofGrass 天津市 08-24 15:43 -> 湖北省荆州市 08-24 21:14 447 2582
[success] INSCRIPTIONS 河南省禹州市 06-12 01:17 -> 吉林省九台市 06-13 01:32 2673 14997
[success] LeavesofGrass 北京市 07-17 14:47 -> 浙江省海宁市 07-18 02:15 975 3267
[644845] 1
[pending] TOFOREIGNLANDS 山东省滕州市 07-16 02:54 -> 山西省潞城市 07-16 08:19 168 671
[644854] PTOwnBFMstUQF 庐乌圯姲 bourgeois.production@by.means 1
[644859] -1
[644862] 1
[success] recess 辽宁省灯塔市 07-08 15:28 -> 吉林省长春市 07-08 17:01 220 4296
[644871] 1
IHEARDthatyouask 江苏省海门市 06-23 21:05 -> 湖北省应城市 06-24 02:25 846 5644
[644878] 1
Orwithdrawntomuse 吉林省通化市 07-24 21:41 -> 湖北省孝感市 07-25 00:58 152 9225
[644887] 0
[644891] -1
[644892] 0
[644895] yqjajHiSREkIrE 啘婣叧伹嗈 in.order.to@oppress.a 3
[644896] 0
[644899] TCfJRQNtzIcFjEaqR 媕姘始尘 organised.as@the.ruling 4
[644906] dpbxsBhBocJfWaXW 卾壚屳 of.inheritance@Confiscation.of 1
[644909] 3449565
[644915] 0
[644925] 0
[644926] queue
[644928] 0
[644930] Rope 暗索 themselves@In.one 3
[644937] 18560740
[644941] 1
AwarOsoldiersno 四川省阆中市 06-16 02:22 -> 北京市 06-16 14:27 2238 35926
[644951] 3
LoIsendtothatp 山西省忻州市 06-17 20:01 -> 天津市 06-18 01:02 659 22387
Thoseofmechanics 山西省忻州市 06-17 03:47 -> 天津市 06-17 14:35 991 50268
AwarOsoldiersno 山西省忻州市 06-17 22:31 -> 天津市 06-18 10:02 1866 35926
[644960] -1
[644961] -1
[644969] queue
[644976] queue
[644981] 2110135
[644985] -1
[644994] -1
[644998] 1
Butyouanewbrood 湖北省枝江市 07-28 23:27 -> 辽宁省新民市 07-29 10:14 608 70457
[645008] 0
[645016] -1
[645019] -1
[645023] 39105714
[645024] 0
[645034] 56462
[645037] 10410
[645039] 4211592
[645046] 1
oftheseStatesoro 河北省邢台市 08-16 01:04 -> 江苏省句容市 08-16 08:17 941 6803
[645056] -1
[645057] 1376067
[645064] 861574
[645074] 8269052
[645082] queue
[645092] jreKWOYTOPAdjT 凫屫崚 whole.They@do.not 2
[645101] 0
[645110] queue
[645114] 1
crimeslessimporta 北京市 06-25 03:34 -> 湖北省孝感市 06-25 21:46 2649 93916
[645123] 1
bards 安徽省蚌埠市 07-25 17:02 -> 辽宁省沈阳市 07-25 19:09 409 78339
[645133] queue
[645138] 1
THOUreaderthrobbes 山西省汾阳市 07-17 16:48 -> 四川省乐山市 07-18 10:00 2469 59329
[645142] -1
[645148] 1
Leavingittoyouto 山东省青州市 08-13 11:53 -> 陕西省宝鸡市 08-13 20:50 948 56270
[645156] 0
[645157] -1
[645164] -1
[645170] 0
[645174] 1340874
[645179] 0
[645185] 0
[645186] 44784450
[645194] 169645
[645203] 0
[645209] 0
[645215] 0
[645220] FdocBxLBEW 偰坌並 to.comprehend@that.mans 2
[645224] 84180
[645230] 0
[645233] 23482500
[645241] 0
[645246] queue
[645250] 1
youIfolditherei 辽宁省沈阳市 07-22 00:12 -> 浙江省温岭市 07-23 05:21 3240 1655
[645260] 0
[645267] 0
[645273] -1
[645280] -1
[645287] 12681432
[645297] 1
AwarOsoldiersno 山西省忻州市 07-08 22:31 -> 山东省青州市 07-09 08:14 1166 35926
[645298] 2709280
[645308] 0
[645314] -1
[645324] okzVpYMVuRvonkXNKBKK 傓媷境伩 the.interests@of.minorities 3
[645332] 1
TOTHEEOLDCAUSE 天津市 07-02 21:41 -> 黑龙江省黑河市 07-02 22:56 167 27166
[645337] OpYfOxYNmRKKPoEqcqM 嵨廱 religion.are@to.him 2
[645340] 0
[645343] -1
[645351] 1
evenhermoonsails 江西省赣州市 07-31 00:08 -> 天津市 07-31 03:54 760 50632
[645360] Lappland 拉普 material.so@also.in 4
[645366] 0
[645367] 0
[645371] -1
[645376] 1
POETSTOCOME 江苏省泰州市 07-25 23:35 -> 北京市 07-26 07:49 1095 78167
[645378] 0
[645384] -1
[645391] 0
[645398] 0
[645402] DuhrnKhBVNS 唼卲嵴 other.classes@decay.and 2
[645411] 4264704
[645420] 521710
[645429] -1
[645434] 5428200
[645435] queue
[645438] -1
[645445] 0
[645449] BKmIDuBQfLhn 厢啉 our.present@society.cannot 1
[645452] -1
[645457] 1
gestionsofthebrin 辽宁省沈阳市 08-21 23:36 -> 广西贵港市 08-22 01:48 463 90304
[645465] 284256
[645470] 160310
[645473] KuGKzRdPedu 崮儘 worldmarket@to.uniformity 3
[645480] 1738864
[645482] hneTbJWtzBZMvCPBGu 婦哆佞崎 so.many.bourgeois@prejudices.b 1
[645486] -1
[645494] 20
[success] Asawheelonitsax 天津市 06-04 21:22 -> 北京市 06-05 00:10 74 763
[success] Thereforefortheet 浙江省上虞市 07-12 21:55 -> 山东省莱西市 07-13 16:49 948 12020
[success] irrationalthings 辽宁省盘锦市 07-28 21:14 -> 海南省儋州市 07-30 00:31 1982 464
[pending] LeavesofGrass 山东省兖州市 08-07 16:23 -> 湖北省荆州市 08-07 21:14 121 11475
[pending] LeavesofGrass 山东省兖州市 08-31 16:23 -> 安徽省宿州市 09-01 08:24 1271 2317
[success] themorningoratn 江苏省姜堰市 07-06 15:35 -> 湖北省鄂州市 07-07 00:58 870 4960
[success] theMuseIsaythe 吉林省长春市 07-11 04:05 -> 陕西省西安市 07-11 08:15 218 10
[success] puzzletheNewWorld 河北省丰南市 06-14 16:42 -> 江西省上饶市 06-14 18:45 442 5037
[success] LeavesofGrass 北京市 07-07 14:47 -> 天津市 07-07 15:36 153 641
[pending] LeavesofGrass 天津市 06-27 15:43 -> 吉林省松原市 06-28 06:42 1159 5458
[pending] TOFOREIGNLANDS 吉林省长春市 06-14 21:34 -> 山西省潞城市 06-15 08:19 347 1485
[success] LoItooamcomec 湖南省耒阳市 07-10 12:32 -> 北京市 07-10 20:24 820 4122
[success] Herenotthelandf 江西省乐平市 07-20 04:45 -> 天津市 07-20 11:12 983 13514
[success] advanceandretreat 四川省泸州市 07-13 19:54 -> 吉林省公主岭市 07-14 22:59 422 3006
[pending] LeavesofGrass 天津市 06-23 15:43 -> 安徽省宿州市 06-24 08:24 1597 16237
[pending] LeavesofGrass 北京市 07-11 14:47 -> 浙江省海宁市 07-12 02:15 975 16370
[success] LeavesofGrass 北京市 08-06 14:47 -> 湖北省荆州市 08-06 21:14 600 6469
[success] IHEARDthatyouask 海南省万宁市 07-11 06:55 -> 四川省广汉市 07-11 21:58 1155 2372
[success] LeavesofGrass 山东省兖州市 06-22 16:23 -> 湖北省荆州市 06-22 21:14 121 2756
[pending] LeavesofGrass 湖北省荆州市 08-15 21:20 -> 安徽省宿州市 08-16 08:24 1150 10051
[645498] 0
[645502] 403992
[645507] 0
[645516] 0
[645525] 5
[pending] LeavesofGrass 山东省兖州市 08-08 16:23 -> 湖北省荆州市 08-08 21:14 121 16361
[success] Bysailorsyoungand 广西玉林市 08-07 23:33 -> 上海市 08-08 09:08 644 10714
[success] happy 山东省莱芜市 07-09 07:17 -> 吉林省长春市 07-09 10:32 345 8911
[success] Withallitsangrya 广东省茂名市 07-31 01:42 -> 吉林省长春市 07-31 13:48 1818 8560
[success] Mewherevermylife 内蒙东胜市 06-22 11:28 -> 湖南省株洲市 06-22 22:16 1422 690
[645528] 2
irrationalthings 辽宁省沈阳市 07-04 09:41 -> 湖南省醴陵市 07-04 14:40 356 8956
WHATplaceisbesieg 辽宁省沈阳市 07-04 05:40 -> 湖南省醴陵市 07-04 08:45 528 51406
[645536] -1
[645544] 3
Iseekformyownus 辽宁省沈阳市 07-30 12:16 -> 山东省胶南市 07-30 23:19 1114 81637
ThenfalternotObo 辽宁省沈阳市 07-30 09:15 -> 山东省胶南市 07-31 01:27 1485 21779
SHUTnotyourdoors 辽宁省沈阳市 07-30 23:32 -> 山东省胶南市 07-31 22:44 2998 80574
[645549] 264366
[645554] 0
[645558] 1
Youtooasaloneba 河北省承德市 08-22 19:59 -> 内蒙东胜市 08-23 20:30 2462 67959
[645559] queue
[645560] queue
[645567] queue
[645572] queue
[645580] 0
[645589] 4993890
[645593] 0
[645602] queue
[645612] 15
[success] Forthatwhichwasl 北京市 07-27 05:19 -> 山东省曲阜市 07-27 15:32 1604 4623
[success] Andisthisthensa 江苏省常熟市 08-11 14:52 -> 广西东兴市 08-11 20:38 324 3566
[success] andfoam 北京市 07-07 14:51 -> 广东省普宁市 07-08 09:29 1336 4802
[success] greaterthanbefore 海南省海口市 07-09 02:41 -> 北京市 07-09 06:06 301 5967
[success] Andmenacingvoice 湖北省黄冈市 07-17 02:40 -> 浙江省嵊州市 07-17 16:11 2505 3701
[success] Imbuedastheypass 北京市 07-29 15:00 -> 吉林省辽源市 07-30 07:13 2079 19219
[success] theTennesseeorfa 浙江省舟山市 08-10 21:42 -> 新疆米泉市 08-11 13:55 2865 3905
[success] BEGINNINGmystudies 山西省晋城市 06-10 00:59 -> 河北省唐山市 06-10 15:20 463 3103
[pending] INSCRIPTIONS 广西防城港市 06-27 03:19 -> 河南省洛阳市 06-27 10:21 558 16500
[success] Hereareourthought 陕西省延安市 07-21 06:53 -> 辽宁省本溪市 07-21 07:38 84 10960
[success] whatyouwanted 广西贺州市 08-20 15:17 -> 河南省邓州市 08-21 09:39 3417 3374
[pending] TOFOREIGNLANDS 吉林省长春市 07-10 21:34 -> 山东省滕州市 07-11 02:46 179 1883
[success] INCABINDSHIPSAT 江西省临川市 07-16 08:57 -> 福建省漳州市 07-16 14:16 933 730
[success] Herenotthelandf 贵州省都匀市 07-05 08:51 -> 广西钦州市 07-06 03:38 2123 12309
[success] Wefeelthelongpul 广西河池市 08-09 09:42 -> 北京市 08-09 15:08 1331 1126
[645614] 1
theTennesseeorfa 安徽省芜湖市 08-08 23:45 -> 江苏省泰州市 08-09 20:37 2685 87847
[645619] 0
[645629] 1
quenchlessindispen 北京市 07-24 17:09 -> 青海省德令哈市 07-24 23:40 1238 7176
[645633] -1
[645640] jfpmxwMrdgZZgsSZ 厂匲巼僚啵 imported.wares@that.compete 4
[645648] 40979640
[645658] 60
[pending] INSCRIPTIONS 山西省霍州市 07-20 09:31 -> 福建省龙海市 07-21 03:20 2273 5094
[success] Wagedinmybookwit 河北省晋州市 07-28 12:07 -> 内蒙乌兰浩特市 07-28 20:38 332 5257
[success] STARTINGfromfishs 山东省荣成市 07-25 10:02 -> 广东省连州市 07-25 23:03 1272 14878
[pending] LeavesofGrass 山东省兖州市 08-02 16:23 -> 浙江省海宁市 08-03 02:15 496 14958
[success] ASIPONDERDINSIL 浙江省宁波市 08-13 17:24 -> 山东省菏泽市 08-14 16:36 2871 11347
[success] Theperfumethefai 山东省滕州市 08-16 14:14 -> 江苏省常州市 08-17 00:09 1113 12180
[pending] INSCRIPTIONS 安徽省淮北市 07-20 00:08 -> 广东省新会市 07-20 23:42 2703 10504
[pending] LeavesofGrass 湖北省荆州市 07-15 21:20 -> 安徽省宿州市 07-16 08:24 1150 4886
[success] Hereareourthought 辽宁省营口市 06-27 11:56 -> 湖南省永州市 06-28 13:12 614 9247
[success] himselfinhisownr 甘肃省酒泉市 07-21 18:43 -> 河北省冀州市 07-21 20:26 379 19569
[pending] LeavesofGrass 北京市 06-25 14:47 -> 安徽省宿州市 06-26 08:24 1750 4620
[success] Findingmyoccupatio 北京市 07-20 16:15 -> 吉林省长春市 07-21 02:40 1890 13213
[success] theMuseIsaythe 广西北流市 07-30 00:40 -> 陕西省西安市 07-30 08:15 507 102
[success] IHEARAMERICASINGI 山东省淄博市 06-19 06:39 -> 四川省都江堰市 06-19 20:34 134 307
[pending] LeavesofGrass 北京市 08-10 14:47 -> 浙江省海宁市 08-11 02:15 975 14883
[success] ONESSELFIsinga 河北省沧州市 07-24 18:28 -> 北京市 07-25 04:28 13 425
[success] irrationalthings 河北省丰南市 07-27 07:05 -> 辽宁省沈阳市 07-27 09:38 46 369
[success] AndtodefineAmeric 天津市 06-28 15:10 -> 陕西省西安市 06-28 23:39 232 1986
[pending] INSCRIPTIONS 山西省霍州市 06-12 09:31 -> 河南省洛阳市 06-12 10:21 182 14190
[success] Howtheyinuretoth 天津市 08-04 19:29 -> 内蒙赤峰市 08-05 15:08 2243 5953
[success] INSCRIPTIONS 江苏省吴县市 06-14 18:06 -> 吉林省九台市 06-15 01:32 595 878
[pending] TOFOREIGNLANDS 山东省滕州市 06-25 02:54 -> 天津市 06-25 18:55 185 727
[pending] TOFOREIGNLANDS 山西省潞城市 06-28 08:22 -> 天津市 06-28 18:55 17 789
[success] TOFOREIGNLANDS 山西省潞城市 06-14 08:22 -> 天津市 06-14 18:55 17 234
[pending] LeavesofGrass 天津市 06-28 15:43 -> 安徽省宿州市 06-29 08:24 1597 12549
[pending] LeavesofGrass 天津市 07-23 15:43 -> 吉林省松原市 07-24 06:42 1159 15893
[success] LeavesofGrass 浙江省海宁市 08-31 02:24 -> 安徽省宿州市 08-31 08:24 775 11962
[pending] INSCRIPTIONS 河南省洛阳市 07-07 10:26 -> 河北省任丘市 07-08 06:25 2140 13049
[pending] LeavesofGrass 湖北省荆州市 06-27 21:20 -> 吉林省松原市 06-28 06:42 712 1305
[pending] LeavesofGrass 吉林省松原市 08-08 06:49 -> 安徽省宿州市 08-08 08:24 438 13004
[success] Withallitsangrya 甘肃省玉门市 07-17 21:21 -> 广东省茂名市 07-18 01:36 457 2746
[success] puzzletheNewWorld 北京市 07-30 01:22 -> 山东省泰安市 07-30 12:26 1611 2902
[pending] LeavesofGrass 北京市 08-10 14:47 -> 吉林省松原市 08-11 06:42 1312 12757
[success] Ofphysiologyfromt 山西省朔州市 07-30 15:52 -> 北京市 07-31 00:19 466 16503
[success] thefieldtheworld 江苏省淮安市 08-13 09:09 -> 山西省朔州市 08-13 17:22 844 3948
[success] TOTHEEOLDCAUSE 黑龙江省哈尔滨市 07-03 06:11 -> 江西省萍乡市 07-03 19:53 1411 179
[pending] TOFOREIGNLANDS 山西省潞城市 07-18 08:22 -> 天津市 07-18 18:55 17 260
[success] LeavesofGrass 湖北省荆州市 08-21 21:20 -> 浙江省海宁市 08-22 02:15 375 4925
[success] bards 湖南省韶山市 08-10 20:13 -> 北京市 08-11 15:02 2401 18732
[success] puzzletheNewWorld 河北省河间市 08-13 02:02 -> 安徽省阜阳市 08-13 14:37 1782 4760
[success] LeavesofGrass 吉林省松原市 07-16 06:49 -> 安徽省宿州市 07-16 08:24 438 11809
[success] puzzletheNewWorld 河北省丰南市 08-01 16:42 -> 江西省上饶市 08-01 18:45 442 1954
[success] INSCRIPTIONS 安徽省淮北市 06-24 00:08 -> 河南省长葛市 06-25 07:31 3611 15367
[pending] LeavesofGrass 山东省兖州市 08-08 16:23 -> 浙江省海宁市 08-09 02:15 496 12798
[pending] INSCRIPTIONS 河南省禹州市 06-18 01:17 -> 广东省澄海市 06-18 15:53 1698 11288
[success] LeavesofGrass 北京市 08-02 14:47 -> 浙江省海宁市 08-03 02:15 975 1030
[success] INSCRIPTIONS 安徽省淮北市 07-04 00:08 -> 北京市 07-04 12:58 1424 16815
[success] TOFOREIGNLANDS 吉林省长春市 07-17 21:34 -> 山西省潞城市 07-18 08:19 347 1403
[pending] LeavesofGrass 北京市 07-01 14:47 -> 浙江省海宁市 07-02 02:15 975 15243
[success] IHEARDthatyouask 江苏省东台市 07-05 13:02 -> 广东省韶关市 07-05 18:48 571 1607
[success] TOFOREIGNLANDS 吉林省长春市 06-27 21:34 -> 天津市 06-28 18:55 364 1427
[pending] LeavesofGrass 北京市 07-23 14:47 -> 安徽省宿州市 07-24 08:24 1750 12580
[success] LeavesofGrass 天津市 07-11 15:43 -> 湖北省荆州市 07-11 21:14 447 9125
[success] LeavesofGrass 浙江省海宁市 07-28 02:24 -> 安徽省宿州市 07-28 08:24 775 10788
[success] LeavesofGrass 天津市 06-20 15:43 -> 浙江省海宁市 06-21 02:15 822 2089
[success] INSCRIPTIONS 山西省霍州市 07-14 09:31 -> 广东省新会市 07-14 23:42 1746 1702
[success] LeavesofGrass 天津市 08-06 15:43 -> 湖北省荆州市 08-06 21:14 447 6334
[success] LeavesofGrass 天津市 08-30 15:43 -> 山东省兖州市 08-30 16:14 326 1219
[success] LeavesofGrass 北京市 07-05 14:47 -> 湖北省荆州市 07-05 21:14 600 5491
[success] LeavesofGrass 山东省兖州市 07-06 16:23 -> 浙江省海宁市 07-07 02:15 496 13689
[645661] 2
leavesoffwork 北京市 07-01 22:45 -> 江苏省靖江市 07-02 00:14 98 23167
Pressingthepulseo 北京市 07-01 20:37 -> 江苏省靖江市 07-02 05:40 1112 50162
[645663] 0
[645666] 0
[645670] queue
[645671] 0
[645673] 0
[645679] 0
[645680] 21
[pending] TOFOREIGNLANDS 山东省滕州市 07-18 02:54 -> 天津市 07-18 18:55 185 951
[success] knownotwhitherye 四川省崇州市 08-04 14:09 -> 浙江省永康市 08-05 07:09 3450 12981
[pending] LeavesofGrass 湖北省荆州市 08-27 21:20 -> 浙江省海宁市 08-28 02:15 375 12256
[success] LeavesofGrass 天津市 08-06 15:43 -> 湖北省荆州市 08-06 21:14 447 7990
[success] LeavesofGrass 北京市 08-07 14:47 -> 山东省兖州市 08-07 16:14 479 15803
[pending] LeavesofGrass 北京市 07-04 14:47 -> 浙江省海宁市 07-05 02:15 975 6852
[success] INSCRIPTIONS 广东省澄海市 06-17 15:57 -> 江苏省吴县市 06-17 17:57 380 15269
[pending] LeavesofGrass 北京市 07-11 14:47 -> 湖北省荆州市 07-11 21:14 600 12245
[success] LeavesofGrass 浙江省海宁市 08-25 02:24 -> 吉林省松原市 08-25 06:42 337 4065
[success] INSCRIPTIONS 贵州省都匀市 06-13 06:12 -> 河南省漯河市 06-13 19:50 1848 9639
[success] INSCRIPTIONS 吉林省九台市 06-26 01:42 -> 河北省任丘市 06-26 06:25 510 17115
[pending] INSCRIPTIONS 山西省霍州市 06-16 09:31 -> 河北省任丘市 06-17 06:25 2322 8700
[success] AndtodefineAmeric 北京市 07-14 19:05 -> 广东省广州市 07-15 02:52 518 403
[success] puzzletheNewWorld 广西河池市 07-07 05:15 -> 广东省顺德市 07-07 09:31 246 4163
[success] LeavesofGrass 浙江省海宁市 06-23 02:24 -> 安徽省宿州市 06-23 08:24 775 14270
[success] INSCRIPTIONS 辽宁省沈阳市 07-01 08:14 -> 山西省霍州市 07-01 09:27 117 3864
[success] INSCRIPTIONS 北京市 06-14 13:06 -> 广东省澄海市 06-14 15:53 370 5516
[success] puzzletheNewWorld 浙江省瑞安市 08-12 10:56 -> 山东省泰安市 08-12 12:26 418 6915
[success] INSCRIPTIONS 安徽省淮北市 06-27 00:08 -> 河南省洛阳市 06-27 10:21 1139 7858
[success] LeavesofGrass 山东省兖州市 08-13 16:23 -> 湖北省荆州市 08-13 21:14 121 8469
[success] INSCRIPTIONS 贵州省都匀市 07-11 06:12 -> 河北省任丘市 07-12 06:25 2579 13232
[645687] 1
thoucentre 湖北省襄樊市 06-26 00:19 -> 河南省孟州市 06-26 19:26 758 63652
[645696] 0
[645700] 0
[645710] 0
[645712] bBInHXHeaSeTCAw 墘億倲 in.Germany@has.stripped 4
[645718] seGAcPPYgzOr 巷嗄屃坲姀 been.reproached@with.the 3
[645719] 5
[success] beneathourfeet 山西省汾阳市 07-28 12:04 -> 黑龙江省齐齐哈尔市 07-28 22:27 244 345
[pending] IHEARDthatyouask 江苏省海门市 07-11 21:05 -> 浙江省余姚市 07-11 23:19 582 1834
[success] irrationalthings 辽宁省盘锦市 08-01 21:14 -> 海南省儋州市 08-03 00:31 1982 2226
[success] LeavesofGrass 山东省兖州市 08-24 16:23 -> 浙江省海宁市 08-25 02:15 496 3100
[success] IHEARDthatyouask 广东省清远市 07-11 20:11 -> 湖北省老河口市 07-11 21:35 784 493
[645725] EMMYqOVJSQvBRBKfbB 僩厧弚幮哭 proclaims.gain@to.be 4
[645734] 0
[645741] 19974000
[645751] queue
[645759] 0
[645769] -1
[645778] 0
[645781] 0
[645791] queue
[645794] 1
aggregatesrulersa 新疆乌苏市 08-04 08:52 -> 吉林省大安市 08-05 01:25 1502 70053
[645803] 7946760
[645812] 0
[645815] 6366415
[645817] queue
[645823] 0
[645829] 0
[645833] 0
[645842] 1923152
[645851] 19
Andsowillsomeone 北京市 07-02 00:19 -> 吉林省长春市 07-02 01:04 99 87632
ChanterofPersonali 北京市 07-02 14:13 -> 吉林省长春市 07-02 16:28 343 83483
oftheseStatesoro 北京市 07-02 00:08 -> 吉林省长春市 07-02 02:32 651 6803
Thoseofmechanics 北京市 07-02 00:31 -> 吉林省长春市 07-02 03:06 488 50268
statelybelowemulou 北京市 07-02 18:00 -> 吉林省长春市 07-02 22:40 507 47428
AwarOsoldiersno 北京市 07-02 14:33 -> 吉林省长春市 07-02 19:26 309 29242
immortal 北京市 07-02 05:45 -> 吉林省长春市 07-02 10:59 400 72614
knownotwhitherye 北京市 07-02 17:06 -> 吉林省长春市 07-03 00:54 1141 66058
tomewhyshouldyo 北京市 07-02 06:09 -> 吉林省长春市 07-02 15:32 1569 70982
happy 北京市 07-02 00:14 -> 吉林省长春市 07-02 10:32 1174 52651
Findingmyoccupatio 北京市 07-02 16:15 -> 吉林省长春市 07-03 02:40 1890 70240
Awareofthefreshf 北京市 07-02 07:14 -> 吉林省长春市 07-02 18:42 524 52876
Oneyetofcontrad 北京市 07-02 02:18 -> 吉林省长春市 07-02 16:40 490 58923
Farfromtheclanko 北京市 07-02 05:56 -> 吉林省长春市 07-03 00:18 2517 99519
greaterthanbefore 北京市 07-02 06:15 -> 吉林省长春市 07-03 02:09 2944 40663
bythembesaid 北京市 07-02 11:22 -> 吉林省长春市 07-03 10:35 3033 53196
Wherejoyousfullof 北京市 07-02 22:33 -> 吉林省长春市 07-03 23:42 1306 47442
leavesoffwork 北京市 07-02 22:45 -> 吉林省长春市 07-04 01:33 3942 23167
recess 北京市 07-02 12:54 -> 吉林省长春市 07-03 17:01 3607 25800
[645852] 0
[645856] 1
Iseekformyownus 天津市 06-17 19:56 -> 江苏省江都市 06-18 22:49 3527 68406
[645859] 2079840
[645868] -1
[645869] 1
Bysailorsyoungand 北京市 07-29 16:49 -> 四川省达州市 07-30 10:38 1697 71267
[645878] 0
[645881] -1
[645883] -1
[645887] 0
[645893] 1
Notphysiognomyalon 江苏省如皋市 07-16 02:48 -> 辽宁省沈阳市 07-16 10:28 660 30845
[645903] 3
knownotwhitherye 北京市 07-03 17:06 -> 湖北省当阳市 07-03 20:50 657 66058
Findingmyoccupatio 北京市 07-03 16:15 -> 湖北省当阳市 07-03 20:20 665 81488
TOTHEEOLDCAUSE 北京市 07-03 09:25 -> 湖北省当阳市 07-04 00:07 1672 24085
[645906] 806248
[645909] 0
[645915] 7990408
[645922] 8605935
[645928] 1
Theperfumethefai 河南省南阳市 08-12 04:13 -> 辽宁省沈阳市 08-12 04:35 11 85674
[645937] 135945
[645940] iDpkOiysWE 嶤庄 does.this.accusation@reduce.it 1
[645950] 1
Iseekformyownus 山东省胶南市 07-02 23:29 -> 甘肃省张掖市 07-03 03:45 240 81637
[645954] 0
[645957] UiIGqnUjUjoh 係孚協姀 proletariat@with.its 3
[645965] -1
[645970] 0
[645972] 0
[645976] 0
[645979] -1
[645980] 2994048
[645985] -1
[645992] WqnzgKfScIgSjqndfA 凭廓噐娅 no.man.of.the@power.to 2
[645994] -1
[646001] 0
[646008] 8543026
[646009] 0
[646011] 1
Deathlessthroughout 河南省禹州市 08-03 17:23 -> 青海省格尔木市 08-04 03:13 66 47933
[646013] -1
[646017] -1
[646021] 0
[646024] 0
[646029] queue
[646038] 1
BEGINNINGmystudies 广西玉林市 08-04 21:14 -> 河北省唐山市 08-05 15:20 849 49023
[646047] 0
[646056] 1
Arouseforyoumust 河南省焦作市 07-26 16:10 -> 四川省广元市 07-26 23:19 1147 98632
[646062] -1
[646067] 1
Butyouyeuntoldla 河南省安阳市 07-04 08:57 -> 广东省普宁市 07-04 19:21 855 59783
[646077] 0
[646085] 2150532
[646088] queue
[646095] 1
Thoseofmechanics 山东省邹城市 07-11 05:21 -> 山西省阳泉市 07-11 11:49 727 49066
[646096] -1
[646103] 0
[646107] 0
[646112] 168311
[646116] 0
[646117] -1
[646119] -1
[646125] 548688
[646128] -1
[646130] -1
[646137] 0
[646144] 0
[646154] 923726
[646161] 0
[646163] -1
[646164] 17411688
[646171] 0
[646176] 650747
[646182] 6315274
[646184] 1
LoIsendtothatp 江苏省兴化市 07-03 10:38 -> 山西省忻州市 07-03 19:52 1048 20350
[646186] 2458900
[646189] 0
[646199] queue
[646205] 7902674
[646209] KYdjttkehYwiqf 娹卡哝 Combination@of.agriculture 1
[646216] 0
[646222] 3
Thoupeerlesspassi 天津市 07-19 16:10 -> 广东省南海市 07-19 21:07 1213 97434
Farfarmorestood 天津市 07-19 05:53 -> 广东省南海市 07-19 20:11 1390 3624
Theboatmansinging 天津市 07-19 03:24 -> 广东省南海市 07-19 17:55 2174 97301
[646231] Mousse 慕斯 in.the.modes@of.production 3
[646241] -1
[646243] -1
[646250] -1
[646260] 60
[pending] INSCRIPTIONS 山西省霍州市 07-20 09:31 -> 福建省龙海市 07-21 03:20 2273 5094
[success] Wagedinmybookwit 河北省晋州市 07-28 12:07 -> 内蒙乌兰浩特市 07-28 20:38 332 5257
[success] STARTINGfromfishs 山东省荣成市 07-25 10:02 -> 广东省连州市 07-25 23:03 1272 14878
[pending] LeavesofGrass 山东省兖州市 08-02 16:23 -> 浙江省海宁市 08-03 02:15 496 14958
[success] ASIPONDERDINSIL 浙江省宁波市 08-13 17:24 -> 山东省菏泽市 08-14 16:36 2871 11347
[success] Theperfumethefai 山东省滕州市 08-16 14:14 -> 江苏省常州市 08-17 00:09 1113 12180
[pending] INSCRIPTIONS 安徽省淮北市 07-20 00:08 -> 广东省新会市 07-20 23:42 2703 10504
[pending] LeavesofGrass 湖北省荆州市 07-15 21:20 -> 安徽省宿州市 07-16 08:24 1150 4886
[success] Hereareourthought 辽宁省营口市 06-27 11:56 -> 湖南省永州市 06-28 13:12 614 9247
[success] himselfinhisownr 甘肃省酒泉市 07-21 18:43 -> 河北省冀州市 07-21 20:26 379 19569
[pending] LeavesofGrass 北京市 06-25 14:47 -> 安徽省宿州市 06-26 08:24 1750 4620
[success] Findingmyoccupatio 北京市 07-20 16:15 -> 吉林省长春市 07-21 02:40 1890 13213
[success] theMuseIsaythe 广西北流市 07-30 00:40 -> 陕西省西安市 07-30 08:15 507 102
[success] IHEARAMERICASINGI 山东省淄博市 06-19 06:39 -> 四川省都江堰市 06-19 20:34 134 307
[pending] LeavesofGrass 北京市 08-10 14:47 -> 浙江省海宁市 08-11 02:15 975 14883
[success] ONESSELFIsinga 河北省沧州市 07-24 18:28 -> 北京市 07-25 04:28 13 425
[success] irrationalthings 河北省丰南市 07-27 07:05 -> 辽宁省沈阳市 07-27 09:38 46 369
[success] AndtodefineAmeric 天津市 06-28 15:10 -> 陕西省西安市 06-28 23:39 232 1986
[pending] INSCRIPTIONS 山西省霍州市 06-12 09:31 -> 河南省洛阳市 06-12 10:21 182 14190
[success] Howtheyinuretoth 天津市 08-04 19:29 -> 内蒙赤峰市 08-05 15:08 2243 5953
[success] INSCRIPTIONS 江苏省吴县市 06-14 18:06 -> 吉林省九台市 06-15 01:32 595 878
[pending] TOFOREIGNLANDS 山东省滕州市 06-25 02:54 -> 天津市 06-25 18:55 185 727
[pending] TOFOREIGNLANDS 山西省潞城市 06-28 08:22 -> 天津市 06-28 18:55 17 789
[success] TOFOREIGNLANDS 山西省潞城市 06-14 08:22 -> 天津市 06-14 18:55 17 234
[pending] LeavesofGrass 天津市 06-28 15:43 -> 安徽省宿州市 06-29 08:24 1597 12549
[pending] LeavesofGrass 天津市 07-23 15:43 -> 吉林省松原市 07-24 06:42 1159 15893
[success] LeavesofGrass 浙江省海宁市 08-31 02:24 -> 安徽省宿州市 08-31 08:24 775 11962
[pending] INSCRIPTIONS 河南省洛阳市 07-07 10:26 -> 河北省任丘市 07-08 06:25 2140 13049
[pending] LeavesofGrass 湖北省荆州市 06-27 21:20 -> 吉林省松原市 06-28 06:42 712 1305
[pending] LeavesofGrass 吉林省松原市 08-08 06:49 -> 安徽省宿州市 08-08 08:24 438 13004
[success] Withallitsangrya 甘肃省玉门市 07-17 21:21 -> 广东省茂名市 07-18 01:36 457 2746
[success] puzzletheNewWorld 北京市 07-30 01:22 -> 山东省泰安市 07-30 12:26 1611 2902
[pending] LeavesofGrass 北京市 08-10 14:47 -> 吉林省松原市 08-11 06:42 1312 12757
[success] Ofphysiologyfromt 山西省朔州市 07-30 15:52 -> 北京市 07-31 00:19 466 16503
[success] thefieldtheworld 江苏省淮安市 08-13 09:09 -> 山西省朔州市 08-13 17:22 844 3948
[success] TOTHEEOLDCAUSE 黑龙江省哈尔滨市 07-03 06:11 -> 江西省萍乡市 07-03 19:53 1411 179
[pending] TOFOREIGNLANDS 山西省潞城市 07-18 08:22 -> 天津市 07-18 18:55 17 260
[success] LeavesofGrass 湖北省荆州市 08-21 21:20 -> 浙江省海宁市 08-22 02:15 375 4925
[success] bards 湖南省韶山市 08-10 20:13 -> 北京市 08-11 15:02 2401 18732
[success] puzzletheNewWorld 河北省河间市 08-13 02:02 -> 安徽省阜阳市 08-13 14:37 1782 4760
[success] LeavesofGrass 吉林省松原市 07-16 06:49 -> 安徽省宿州市 07-16 08:24 438 11809
[success] puzzletheNewWorld 河北省丰南市 08-01 16:42 -> 江西省上饶市 08-01 18:45 442 1954
[success] INSCRIPTIONS 安徽省淮北市 06-24 00:08 -> 河南省长葛市 06-25 07:31 3611 15367
[pending] LeavesofGrass 山东省兖州市 08-08 16:23 -> 浙江省海宁市 08-09 02:15 496 12798
[pending] INSCRIPTIONS 河南省禹州市 06-18 01:17 -> 广东省澄海市 06-18 15:53 1698 11288
[success] LeavesofGrass 北京市 08-02 14:47 -> 浙江省海宁市 08-03 02:15 975 1030
[success] INSCRIPTIONS 安徽省淮北市 07-04 00:08 -> 北京市 07-04 12:58 1424 16815
[success] TOFOREIGNLANDS 吉林省长春市 07-17 21:34 -> 山西省潞城市 07-18 08:19 347 1403
[pending] LeavesofGrass 北京市 07-01 14:47 -> 浙江省海宁市 07-02 02:15 975 15243
[success] IHEARDthatyouask 江苏省东台市 07-05 13:02 -> 广东省韶关市 07-05 18:48 571 1607
[success] TOFOREIGNLANDS 吉林省长春市 06-27 21:34 -> 天津市 06-28 18:55 364 1427
[pending] LeavesofGrass 北京市 07-23 14:47 -> 安徽省宿州市 07-24 08:24 1750 12580
[success] LeavesofGrass 天津市 07-11 15:43 -> 湖北省荆州市 07-11 21:14 447 9125
[success] LeavesofGrass 浙江省海宁市 07-28 02:24 -> 安徽省宿州市 07-28 08:24 775 10788
[success] LeavesofGrass 天津市 06-20 15:43 -> 浙江省海宁市 06-21 02:15 822 2089
[success] INSCRIPTIONS 山西省霍州市 07-14 09:31 -> 广东省新会市 07-14 23:42 1746 1702
[success] LeavesofGrass 天津市 08-06 15:43 -> 湖北省荆州市 08-06 21:14 447 6334
[success] LeavesofGrass 天津市 08-30 15:43 -> 山东省兖州市 08-30 16:14 326 1219
[success] LeavesofGrass 北京市 07-05 14:47 -> 湖北省荆州市 07-05 21:14 600 5491
[success] LeavesofGrass 山东省兖州市 07-06 16:23 -> 浙江省海宁市 07-07 02:15 496 13689
[646262] 0
[646269] 0
[646275] FViZqqgCusoOhhGqj 卪團噠帳 untenable.but@which.in 1
[646283] 0
[646292] 0
[646295] -1
[646304] -1
[646312] -1
[646318] -1
[646319] -1
[646323] motion 浙江省慈溪市 07-24 00:56 -> 北京市 07-24 07:03 686 59373
Wefeelthelongpul 北京市 07-24 15:12 -> 湖南省汩罗市 07-24 16:47 279 9517
[646326] -1
[646336] 0
[646340] -1
[646347] -1
[646352] 0
[646358] 0
[646362] -1
[646368] -1
[646372] -1
[646379] -1
[646380] -1
[646381] -1
[646387] -1
[646393] -1
[646395] -1
[646403] -1
[646410] -1
[646418] -1
[646420] -1
[646424] 0
[646430] -1
[646431] 0
[646433] 0
[646434] -1
[646436] -1
[646443] -1
[646448] -1
[646456] -1
[646458] -1
[646461] 0
[646469] -1
[646478] -1
[646483] -1
[646489] 0
[646492] -1
[646493] -1
[646494] -1
[646499] -1
[646509] -1
[646515] 0
[646521] -1
[646527] -1
[646534] 0
[646544] -1
[646553] -1
[646559] -1
[646565] -1
[646566] XQYyKvkCclqU 丂姡廛 among.the.bourgeoisie@But.this 1
[646575] -1
[646585] -1
[646595] 0
[646599] -1
[646601] -1
[646604] 0
[646606] -1
[646613] -1
[646614] -1
[646624] -1
[646634] 0
[646642] -1
[646649] 0
[646655] 0
[646665] -1
[646673] -1
[646680] 0
[646689] -1
[646692] -1
[646700] -1
[646707] 0
[646713] -1
[646722] -1
[646723] 0
[646725] LOtheunboundedse N
新疆博乐市 xx-xx xx:xx -> 07-24 02:14 0 42869
河北省邢台市 07-24 03:13 -> 07-24 03:19 106 42869
内蒙乌兰浩特市 07-24 03:39 -> 07-24 03:46 298 42869
山西省太原市 07-24 06:28 -> 07-24 06:36 692 42869
河南省巩义市 07-24 09:22 -> 07-24 09:30 908 42869
湖北省汉川市 07-24 10:24 -> 07-24 10:33 1295 42869
山西省孝义市 07-24 12:48 -> 07-24 12:55 1467 42869
新疆奎屯市 07-24 13:21 -> 07-24 13:27 1928 42869
北京市 07-24 14:25 -> 07-24 14:29 2143 42869
贵州省铜仁市 07-24 17:24 -> 07-24 17:33 2294 42869
广东省顺德市 07-24 18:43 -> 07-24 18:48 2484 42869
吉林省双辽市 07-24 20:08 -> 07-24 20:13 2588 42869
黑龙江省鸡西市 07-24 22:02 -> 07-24 22:11 2911 42869
山东省乳山市 07-24 22:42 -> 07-24 22:45 3250 42869
黑龙江省绥芬河市 07-24 23:52 -> 07-24 23:58 3446 42869
河北省藁城市 07-25 00:41 -> 07-25 00:48 3639 42869
黑龙江省齐齐哈尔市 07-25 01:16 -> xx-xx xx:xx 3881 x
[646735] 0
[646741] -1
[646745] -1
[646750] -1
[646751] -1
[646759] -1
[646766] -1
[646773] -1
[646776] -1
[646785] 0
[646789] 0
[646792] -1
[646797] -1
[646807] 0
[646810] -1
[646819] -1
[646821] -1
[646825] 0
[646826] -1
[646834] -1
[646838] -1
[646848] -1
[646853] -1
[646855] 0
[646857] -1
[646860] 0
[646866] -1
[646874] -1
[646879] -1
[646881] -1
[646889] -1
[646899] -1
[646909] -1
[646915] 0
[646919] -1
[646929] 0
[646933] -1
[646935] 0
[646942] -1
[646946] -1
[646947] 0
[646950] 0
[646954] 0
[646961] 0
[646968] 0
[646972] -1
[646977] 0
[646979] -1
[646984] -1
[646985] -1
[646989] -1
[646992] -1
[647000] -1
[647009] -1
[647016] TheFemaleequallyw I
广东省河源市 xx-xx xx:xx -> 08-09 07:30 0 35057
吉林省四平市 08-09 11:08 -> 08-09 11:16 168 22637
辽宁省沈阳市 08-09 23:38 -> 08-09 23:43 319 45692
山西省霍州市 08-10 08:33 -> xx-xx xx:xx 362 x
[647018] mWxOmmzqyNmnRA m
内蒙海拉尔市 xx-xx xx:xx -> 07-03 22:18 0 32521
广东省澄海市 07-03 22:31 -> 07-03 22:40 2576 32521
江苏省溧阳市 07-03 22:51 -> 07-03 22:57 21382 32521
广东省清远市 07-03 23:05 -> 07-03 23:15 79516 32521
浙江省海宁市 07-03 23:23 -> 07-03 23:35 141862 32521
湖北省利川市 07-03 23:42 -> 07-03 23:55 227579 32521
江西省井冈山市 07-04 00:03 -> 07-04 00:13 228949 32521
江苏省淮阴市 07-04 00:21 -> 07-04 00:31 242442 32521
江苏省泰州市 07-04 00:37 -> 07-04 00:42 249553 32521
广东省顺德市 07-04 00:55 -> 07-04 01:09 332933 32521
河北省邢台市 07-04 01:21 -> 07-04 01:28 360953 32521
河北省任丘市 07-04 01:34 -> 07-04 01:45 386160 32521
内蒙通辽市 07-04 01:56 -> 07-04 02:06 425233 32521
陕西省西安市 07-04 02:20 -> 07-04 02:35 506986 32521
湖北省黄石市 07-04 02:47 -> 07-04 02:53 538755 32521
贵州省六盘水市 07-04 03:04 -> 07-04 03:16 550894 32521
江西省南昌市 07-04 03:31 -> 07-04 03:41 577673 32521
黑龙江省讷河市 07-04 03:51 -> 07-04 04:05 656996 32521
广东省四会市 07-04 04:12 -> 07-04 04:21 695100 32521
安徽省淮北市 07-04 04:29 -> 07-04 04:42 732001 32521
广东省潮州市 07-04 04:47 -> 07-04 04:52 800640 32521
湖南省临湘市 07-04 04:58 -> 07-04 05:12 821639 32521
辽宁省丹东市 07-04 05:21 -> 07-04 05:27 864281 32521
山东省菏泽市 07-04 05:42 -> 07-04 05:53 915956 32521
广东省珠海市 07-04 06:01 -> 07-04 06:12 994313 32521
广东省吴川市 07-04 06:18 -> 07-04 06:30 1045784 32521
辽宁省凌海市 07-04 06:37 -> 07-04 06:43 1052038 32521
内蒙乌海市 07-04 06:57 -> 07-04 07:09 1065874 32521
黑龙江省宁安市 07-04 07:16 -> 07-04 07:25 1134065 32521
河南省舞钢市 07-04 07:39 -> 07-04 07:54 1208402 32521
黑龙江省五大连池市 07-04 08:03 -> 07-04 08:11 1299596 32521
云南省景洪市 07-04 08:18 -> 07-04 08:24 1358233 32521
江西省南康市 07-04 08:29 -> 07-04 08:36 1451131 32521
河南省安阳市 07-04 08:46 -> 07-04 08:57 1474071 32521
江西省上饶市 07-04 09:03 -> 07-04 09:08 1553033 32521
湖南省常宁市 07-04 09:19 -> 07-04 09:25 1627292 32521
浙江省衢州市 07-04 09:33 -> 07-04 09:41 1696184 32521
福建省建瓯市 07-04 09:50 -> 07-04 10:02 1790529 32521
宁夏吴忠市 07-04 10:15 -> 07-04 10:21 1864931 32521
河北省沧州市 07-04 10:29 -> 07-04 10:34 1953411 32521
辽宁省普兰店市 07-04 10:40 -> 07-04 10:55 2035604 32521
青海省格尔木市 07-04 11:09 -> 07-04 11:18 2135138 32521
海南省万宁市 07-04 11:33 -> 07-04 11:46 2172559 32521
湖南省洪江市 07-04 11:54 -> 07-04 12:07 2177482 32521
云南省开远市 07-04 12:18 -> 07-04 12:29 2272620 32521
黑龙江省佳木斯市 07-04 12:38 -> 07-04 12:50 2289865 32521
新疆阿图什市 07-04 13:02 -> 07-04 13:16 2381315 32521
湖北省汉川市 07-04 13:29 -> 07-04 13:40 2408660 32521
湖北省钟祥市 07-04 13:52 -> 07-04 14:01 2423820 32521
广东省深圳市 07-04 14:16 -> 07-04 14:28 2440919 32521
广西玉林市 07-04 14:35 -> 07-04 14:43 2501326 32521
内蒙根河市 07-04 14:55 -> 07-04 15:06 2561070 32521
湖北省襄樊市 07-04 15:19 -> 07-04 15:24 2618420 32521
云南省楚雄市 07-04 15:38 -> 07-04 15:46 2696620 32521
湖北省老河口市 07-04 15:53 -> 07-04 16:08 2729233 32521
山东省临沂市 07-04 16:16 -> 07-04 16:29 2806121 32521
河北省晋州市 07-04 16:41 -> 07-04 16:54 2862420 32521
广东省三水市 07-04 17:00 -> 07-04 17:14 2942773 32521
新疆乌鲁木齐市 07-04 17:21 -> 07-04 17:35 2990193 32521
辽宁省兴城市 07-04 17:48 -> 07-04 17:53 3079897 32521
湖北省当阳市 07-04 18:04 -> 07-04 18:17 3133350 32521
河北省河间市 07-04 18:26 -> 07-04 18:40 3155977 32521
山西省高平市 07-04 18:48 -> 07-04 18:56 3240424 32521
吉林省集安市 07-04 19:10 -> 07-04 19:16 3273673 32521
辽宁省大石桥市 07-04 19:28 -> 07-04 19:38 3331526 32521
湖南省武冈市 07-04 19:44 -> 07-04 19:56 3425364 32521
浙江省诸暨市 07-04 20:02 -> 07-04 20:15 3432491 32521
广西贺州市 07-04 20:26 -> 07-04 20:40 3485052 32521
山东省济宁市 07-04 20:51 -> xx-xx xx:xx 3558720 x
[647019] -1
[647021] -1
[647026] 0
[647032] 0
[647038] 0
[647039] 0
[647040] 0
[647049] 0
[647058] 0
[647067] 0
[647075] 0
[647081] 0
[647091] 0
[647096] 0
[647101] 0
[647111] 0
[647116] 0
[647123] 0
[647125] 0
[647133] 0
[647140] 0
[647150] 0
[647151] 0
[647160] 0
[647166] 0
[647167] 0
[647172] 0
[647175] 0
[647176] 0
[647178] 0
[647179] 0
[647182] 0
[647192] 0
[647195] 0
[647203] 0
[647210] 0
[647212] 0
[647222] 0
[647225] 0
[647234] 0
[647238] 0
[647239] 0
[647242] 0
[647251] 0
[647257] 0
[647265] 0
[647275] 0
[647280] -1
[647286] 0
[647296] -1
[647305] queue
[647308] -1
[647315] 1
ThenfalternotObo 山西省潞城市 07-13 05:20 -> 浙江省宁波市 07-13 17:11 1497 26813
[647318] 1
else 山东省日照市 07-23 22:28 -> 陕西省咸阳市 07-24 12:10 1169 51880
[647326] 174986
[647333] -1
[647339] 3
[success] quenchlessindispen 新疆阜康市 06-24 15:11 -> 云南省昆明市 06-25 03:12 2115 1631
[success] Theskyoerarchesh 广东省四会市 08-01 07:47 -> 湖南省娄底市 08-02 08:18 1140 2241
[success] Farfromtheclanko 吉林省长春市 08-07 00:23 -> 河南省卫辉市 08-07 05:12 706 12873
[647343] 1
Arivermanorama 山东省兖州市 07-22 15:44 -> 北京市 07-23 07:44 1552 27140
[647348] -1
[647358] 0
[647361] 0
[647369] queue
[647376] queue
[647381] 11598528
[647390] 0
[647398] 1
Thoupeerlesspassi 新疆阿图什市 07-20 10:44 -> 江苏省仪征市 07-21 01:08 2002 63256
[647408] VDggvUrdYjDty 塿幣徃墟 has.established@the.worldmarke 2
[647413] -1
[647422] seGAcPPYgzOr 巷嗄屃坲姀 been.reproached@with.the 3
[647426] 1
evenhermoonsails 山东省海阳市 06-21 13:42 -> 湖南省涟源市 06-21 19:36 469 50632
[647435] 766480
[647438] 0
[647440] 0
[647448] LiyDgRsRuZOkhWOG 亙们侘 they.unite@to.form 4
[647452] 7
[pending] LeavesofGrass 北京市 08-18 14:47 -> 浙江省海宁市 08-19 02:15 975 7781
[pending] INSCRIPTIONS 江苏省吴县市 06-27 18:06 -> 福建省龙海市 06-28 03:20 1056 12963
[success] Deathlessthroughout 河南省禹州市 07-12 17:23 -> 广西东兴市 07-13 17:38 190 11162
[success] ThefirststepIsay 辽宁省葫芦岛市 06-13 19:04 -> 河北省冀州市 06-14 06:58 2159 1230
[success] gestionsofthebrin 北京市 08-05 13:35 -> 黑龙江省海伦市 08-05 14:05 103 1544
[pending] INSCRIPTIONS 北京市 06-14 13:06 -> 江苏省吴县市 06-14 17:57 750 7792
[pending] LeavesofGrass 天津市 08-20 15:43 -> 安徽省宿州市 08-21 08:24 1597 5127
[647453] hDMrZoDpWLlswjxvj 弖奁二 action.of.the@leading.civilise 1
[647462] -1
[647469] 1
recess 湖北省恩施市 07-30 13:54 -> 天津市 07-30 17:23 613 25800
[647470] queue
[647479] 0
[647481] -1
[647488] 0
[647498] 0
[647502] 0
[647507] -1
[647508] -1
[647509] 1
Mewherevermylife 山东省文登市 08-19 07:47 -> 广西钦州市 08-20 02:35 2785 20932
[647516] 1
intervals 江苏省无锡市 07-04 18:24 -> 河南省孟州市 07-05 03:12 777 35979
[647519] qcZPdfGItvYj 张廚兘 price.of.wagelabour@is.the 2
[647523] WrTmDHMnOnnj 图凚丣幵 only.so.long@as.they 2
[647530] GkhAQGRxLBnc 墼匶徛凴 and.private@The.Communists 2
[647533] Utage 宴宴 ways.the.course@of.development 2
[647542] 0
[647550] 1
Thouorbofmanyorb 辽宁省大石桥市 08-22 18:00 -> 湖北省丹江口市 08-22 21:37 190 18655
[647558] 70906
[647560] 1
Younotareminiscen 黑龙江省哈尔滨市 07-21 03:33 -> 安徽省宿州市 07-21 15:50 1511 5931
[647566] queue
[647574] 3141929
[647576] 1
Iprojectthehistor 山东省枣庄市 07-27 10:42 -> 山西省古交市 07-27 21:47 600 50514
[647586] 753541
[647587] 0
[647591] queue
[647595] 3717340
[647602] -1
[647606] 2
Andmenacingvoice 北京市 07-19 02:00 -> 黑龙江省五常市 07-19 06:19 708 57650
WHENIreadthebook 北京市 07-19 01:21 -> 黑龙江省五常市 07-19 21:29 2597 55949
[647608] 3285625
[647613] 13
WHATPLACEISBESIEG 吉林省长春市 06-29 22:28 -> 天津市 06-30 02:02 233 18986
Whohaveexploredth 吉林省长春市 06-29 20:33 -> 天津市 06-30 00:46 512 65685
here 吉林省长春市 06-29 17:25 -> 天津市 06-29 23:24 1052 21775
immortal 吉林省长春市 06-29 11:04 -> 天津市 06-29 18:34 652 66474
knownotwhitherye 吉林省长春市 06-29 00:59 -> 天津市 06-29 08:52 1810 66058
puzzletheNewWorld 吉林省长春市 06-29 22:42 -> 天津市 06-30 07:44 1001 8600
Awareofthefreshf 吉林省长春市 06-29 18:50 -> 天津市 06-30 04:07 447 52876
ChanterofPersonali 吉林省长春市 06-29 16:35 -> 天津市 06-30 02:22 1645 83483
Thoseofmechanics 吉林省长春市 06-29 03:10 -> 天津市 06-29 14:35 1096 50268
POETSTOCOME 吉林省长春市 06-29 14:23 -> 天津市 06-30 03:41 1368 78167
Thewordsofmybook 吉林省长春市 06-29 23:38 -> 天津市 06-30 13:45 3135 93987
statelybelowemulou 吉林省长春市 06-29 22:45 -> 天津市 06-30 19:46 2728 47428
TOFOREIGNLANDS 吉林省长春市 06-29 21:34 -> 天津市 06-30 18:55 364 9
[647617] 1
Theshoemakersingin 吉林省榆树市 07-06 17:57 -> 河北省晋州市 07-06 19:55 451 80603
[647620] -1
[647629] BHdlNzATFooKCTT 寅嵔嫑塑僭 this.sense@the.theory 3
[647634] -1
[647641] 0
[647649] 0
[647657] -1
[647662] -1
[647667] 24100432
[647677] 0
[647685] 0
[647693] 0
[647700] 213264
[647703] 1376760
[647704] queue
[647714] CeNdzoNCJUBmjYvWKvvB 壸俚奤 by.a.more.equable@distribution 2
[647724] 0
[647733] -1
[647734] queue
[647739] 3336804
[647745] -1
[647752] 0
[647762] 5
[success] leavesoffwork 北京市 08-14 22:45 -> 江西省宜春市 08-15 21:13 3685 208
[pending] INSCRIPTIONS 广西防城港市 07-14 03:19 -> 吉林省九台市 07-15 01:32 2188 20144
[success] Herenotthelandf 天津市 06-26 11:16 -> 广西钦州市 06-27 03:38 2000 9987
[success] aparadoxappearsth 河北省任丘市 07-04 19:48 -> 湖南省永州市 07-05 03:39 717 13847
[success] Farfarmorestood 北京市 06-26 10:53 -> 山东省聊城市 06-26 17:36 364 302
[647764] 1
thedeckhandsingin 河南省荥阳市 08-06 08:49 -> 陕西省汉中市 08-06 20:29 835 62936
[647770] 1
BEGINNINGmystudies 广西玉林市 06-13 21:14 -> 河北省唐山市 06-14 15:20 849 44405
[647771] 105362
[647776] 0
[647780] 5833152
[647788] -1
[647791] 0
[647794] -1
[647799] 0
[647806] 0
[647812] queue
[647821] FiyKGHPwyxZotr 傧倿嫂 of.many.members@nay.in 1
[647828] LjHqqqQgleEWxgmEtttQ 备卻卡 completely@vanish.except 2
[647834] queue
[647844] queue
[647849] dzJQIiHUfzw 届双啵廂嚅 birth.begins@its.struggle 2
[647856] 6943848
[647864] queue
[647871] 1486076
[647875] 0
[647881] -1
[647882] 4427340
[647888] queue
[647896] queue
[647905] -1
[647907] 6605700
[647911] 1
andfoam 黑龙江省虎林市 06-24 08:17 -> 黑龙江省绥化市 06-25 12:34 1988 31566
[647914] 0
[647922] 0
[647931] ybqHjCglEWhq 塼弜匾垔婈 of.property@that.preceded 3
[647932] 1
LoIsendtothatp 山东省龙口市 06-18 05:32 -> 山西省孝义市 06-18 06:54 447 22387
[647939] 1
Thouorbofmanyorb 辽宁省大石桥市 07-03 18:00 -> 北京市 07-04 04:28 282 18655
[647947] 3
face 新疆和田市 08-04 13:40 -> 北京市 08-04 18:18 566 8002
BEGINNINGMYSTUDIES 新疆和田市 08-04 07:46 -> 北京市 08-04 12:29 231 13965
melancholyrhythm 新疆和田市 08-04 10:12 -> 北京市 08-04 17:41 3 76074
[647953] queue
[647958] 37469984
[647965] 0
[647972] 0
[647975] -1
[647983] 0
[647987] ObTWsbeBIAILc 嶆危佅巳嫠 from.a.historical@movement.goi 1
[647992] 17
[success] statelybelowemulou 山西省高平市 06-21 21:56 -> 四川省自贡市 06-22 11:59 1940 3405
[pending] LeavesofGrass 湖北省荆州市 08-08 21:20 -> 安徽省宿州市 08-09 08:24 1150 4382
[success] Chantonsailonb 湖北省潜江市 08-12 12:32 -> 甘肃省天水市 08-12 21:04 371 11352
[success] Iamamanwhosaun 广西凭祥市 08-24 12:15 -> 陕西省宝鸡市 08-24 12:51 141 3
[pending] INSCRIPTIONS 广西防城港市 07-07 03:19 -> 广东省佛山市 07-07 20:46 2037 10732
[success] life 安徽省黄山市 07-29 05:29 -> 浙江省嘉兴市 07-30 09:40 3418 12249
[success] WHATplaceisbesieg 河南省三门峡市 06-05 07:36 -> 广东省深圳市 06-05 07:56 207 16887
[pending] LeavesofGrass 北京市 07-16 14:47 -> 山东省兖州市 07-16 16:14 479 13797
[success] LeavesofGrass 北京市 07-14 14:47 -> 天津市 07-14 15:36 153 589
[success] here 辽宁省沈阳市 07-04 16:18 -> 吉林省长春市 07-04 17:18 335 747
[success] ONESSELFIsinga 河北省沧州市 08-24 18:28 -> 河南省鹤壁市 08-25 08:12 70 527
[pending] LeavesofGrass 北京市 08-10 14:47 -> 安徽省宿州市 08-11 08:24 1750 5286
[pending] INSCRIPTIONS 北京市 07-01 13:06 -> 江苏省吴县市 07-01 17:57 750 17358
[success] AndtodefineAmeric 北京市 06-27 19:05 -> 陕西省西安市 06-27 23:39 36 559
[success] INSCRIPTIONS 辽宁省沈阳市 06-12 08:14 -> 山西省霍州市 06-12 09:27 117 3327
[pending] INSCRIPTIONS 江苏省吴县市 07-15 18:06 -> 吉林省九台市 07-16 01:32 595 1012
[success] INSCRIPTIONS 北京市 07-03 13:06 -> 吉林省九台市 07-04 01:32 1345 123
[647993] 3367580
[647998] queue
[648006] 6585681
[648009] -1
[648011] 20514060
[648019] 3948194
[648024] APwoLnYjYLSkOECfSzWT 嗳寏孋坣 the.means.of@communication.and 1
[648033] queue
[648043] 0
[648049] -1
[648055] -1
[648059] -1
[648069] 363384
[648078] queue
[648086] -1
[648094] 6753500
[648104] 2005242
[648105] 0
[648119] -1
[648125] WHATPLACEISBESIEG 四川省宜宾市 06-16 06:11 -> 广东省茂名市 06-16 17:07 1362 18986
Expectingthemaint 广东省茂名市 06-16 18:19 -> 山东省莱阳市 06-16 20:46 961 37423
[648127] -1
[648137] -1
[648145] puzzletheNewWorld 河北省河间市 07-15 02:02 -> 天津市 07-15 07:44 582 11265
THOUreaderthrobbes 天津市 07-15 09:06 -> 山东省胶州市 07-15 13:24 819 59329
[648146] -1
[648156] -1
[648157] 0
[648161] 0
[648163] 0
[648170] -1
[648172] -1
[648174] -1
[648178] -1
[648183] -1
[648190] -1
[648199] -1
[648201] -1
[648208] -1
[648212] -1
[648214] 39
[success] Thereforefortheet 甘肃省酒泉市 07-08 12:22 -> 江西省丰城市 07-08 22:50 734 11639
[success] LeavesofGrass 北京市 06-29 14:47 -> 天津市 06-29 15:36 153 642
[pending] LeavesofGrass 山东省兖州市 08-17 16:23 -> 浙江省海宁市 08-18 02:15 496 11313
[success] Howdearanddreadfu 河北省沧州市 07-25 06:45 -> 山西省阳泉市 07-25 08:31 713 3473
[success] TOFOREIGNLANDS 山西省潞城市 06-14 08:22 -> 天津市 06-14 18:55 17 108
[success] ThereforeIsendyou 山东省青岛市 07-22 06:16 -> 云南省安宁市 07-22 14:35 534 583
[pending] INSCRIPTIONS 河南省洛阳市 06-23 10:26 -> 北京市 06-23 12:58 285 16795
[success] life 山西省朔州市 07-08 09:33 -> 黑龙江省铁力市 07-09 00:45 1788 1313
[pending] LeavesofGrass 北京市 08-06 14:47 -> 浙江省海宁市 08-07 02:15 975 9203
[success] Thouseethingprinci 天津市 06-09 05:45 -> 北京市 06-09 12:42 97 6304
[success] TOFOREIGNLANDS 吉林省长春市 06-13 21:34 -> 山东省滕州市 06-14 02:46 179 942
[success] LeavesofGrass 天津市 08-19 15:43 -> 湖北省荆州市 08-19 21:14 447 982
[pending] LeavesofGrass 天津市 07-07 15:43 -> 浙江省海宁市 07-08 02:15 822 4584
[pending] INSCRIPTIONS 山西省霍州市 07-14 09:31 -> 福建省龙海市 07-15 03:20 2273 20322
[success] LeavesofGrass 湖北省荆州市 07-09 21:20 -> 浙江省海宁市 07-10 02:15 375 9717
[pending] LeavesofGrass 天津市 07-11 15:43 -> 湖北省荆州市 07-11 21:14 447 7491
[success] puzzletheNewWorld 山西省永济市 06-27 17:17 -> 广西河池市 06-28 05:09 1537 1205
[success] LeavesofGrass 北京市 06-28 14:47 -> 天津市 06-28 15:36 153 16039
[success] LeavesofGrass 浙江省海宁市 08-24 02:24 -> 吉林省松原市 08-24 06:42 337 8890
[success] LeavesofGrass 天津市 06-17 15:43 -> 山东省兖州市 06-17 16:14 326 6407
[success] INSCRIPTIONS 安徽省淮北市 07-03 00:08 -> 吉林省九台市 07-04 01:32 2769 10670
[success] INSCRIPTIONS 河南省漯河市 07-13 19:59 -> 河南省长葛市 07-14 07:31 1063 13674
[success] Thesechantsforthe 天津市 08-01 23:32 -> 北京市 08-02 07:24 573 16487
[success] IHEARDthatyouask 新疆和田市 06-26 18:31 -> 湖北省应城市 06-27 02:25 1704 1254
[success] TOFOREIGNLANDS 山西省潞城市 07-07 08:22 -> 天津市 07-07 18:55 17 158
[success] INSCRIPTIONS 山西省霍州市 07-07 09:31 -> 河南省长葛市 07-08 07:31 2654 12774
[success] TOFOREIGNLANDS 山东省滕州市 06-14 02:54 -> 山西省潞城市 06-14 08:19 168 673
[success] LeavesofGrass 吉林省松原市 07-27 06:49 -> 安徽省宿州市 07-27 08:24 438 4982
[success] INSCRIPTIONS 河南省漯河市 07-20 19:59 -> 广东省新会市 07-20 23:42 155 3261
[success] AwarOsoldiersno 山东省滕州市 06-27 09:38 -> 辽宁省东港市 06-27 20:32 1739 2491
[success] INSCRIPTIONS 河南省洛阳市 07-10 10:26 -> 广东省新会市 07-10 23:42 1564 1649
[success] TOFOREIGNLANDS 山西省潞城市 07-13 08:22 -> 天津市 07-13 18:55 17 1067
[success] TOTHEEOLDCAUSE 浙江省绍兴市 06-14 03:36 -> 湖北省当阳市 06-15 00:07 2253 2665
[success] LeavesofGrass 湖北省荆州市 08-22 21:20 -> 吉林省松原市 08-23 06:42 712 14157
[success] TOFOREIGNLANDS 吉林省长春市 06-21 21:34 -> 天津市 06-22 18:55 364 1460
[success] INSCRIPTIONS 河南省洛阳市 06-15 10:26 -> 河北省任丘市 06-16 06:25 2140 17619
[success] LeavesofGrass 浙江省海宁市 06-18 02:24 -> 安徽省宿州市 06-18 08:24 775 3535
[success] LeavesofGrass 天津市 07-24 15:43 -> 安徽省宿州市 07-25 08:24 1597 12331
[success] LeavesofGrass 北京市 07-02 14:47 -> 吉林省松原市 07-03 06:42 1312 11085
[648222] 0
[648231] -1
[648241] -1
[648246] -1
[648248] 0
[648256] -1
[648262] 0
[648263] -1
[648264] -1
[648272] -1
[648273] -1
[648282] -1
[648283] 0
[648291] 0
[648297] -1
[648302] -1
[648303] -1
[648311] -1
[648316] -1
[648322] -1
[648327] -1
[648329] -1
[648332] -1
[648338] -1
[648347] -1
[648354] -1
[648356] -1
[648366] -1
[648376] 0
[648378] -1
[648381] -1
[648383] -1
[648392] 0
[648396] -1
[648402] 0
[648407] -1
[648409] -1
[648411] -1
[648421] -1
[648431] -1
[648441] -1
[648443] 0
[648444] 0
[648450] -1
[648457] -1
[648464] -1
[648470] 0
[648476] -1
[648482] -1
[648486] -1
[648492] -1
[648496] -1
[648504] 0
[648513] -1
[648522] -1
[648526] 0
[648532] -1
[648538] -1
[648541] -1
[648543] 0
[648545] -1
[648551] 0
[648557] -1
[648563] -1
[648566] -1
[648574] -1
[648576] 0
[648583] -1
[648591] -1
[648593] puzzletheNewWorld 河北省河间市 07-02 02:02 -> 天津市 07-02 07:44 582 2716
THOUreaderthrobbes 天津市 07-13 09:06 -> 山西省汾阳市 07-13 16:44 1587 59329
[648596] -1
[648605] -1
[648606] 0
[648614] -1
[648620] 0
[648626] 0
[648632] 0
[648642] 0
[648650] 0
[648658] 0
[648666] 0
[648676] 0
[648686] 0
[648690] 0
[648696] 0
[648701] 0
[648704] 0
[648710] 0
[648714] 0
[648719] 0
[648729] 0
[648737] 0
[648743] 0
[648750] 0
[648756] 0
[648762] 0
[648772] 0
[648777] 0
[648785] 0
[648790] 0
[648796] 0
[648802] 0
[648804] 0
[648809] 0
[648811] 0
[648813] 0
[648815] 0
[648821] 0
[648828] 0
[648834] 0
[648838] 0
[648846] 0
[648852] 0
[648859] 0
[648865] 0
[648875] 0
[648883] 0
[648885] 0
[648889] 0
[648892] 0
[648901] 0
[648908] 0
[648912] 0
[648916] 0
[648923] 0
[648926] 0
[648933] -1
[648934] -1
[648944] -1
[648951] -1
[648959] -1
[648960] 0
[648969] -1
[648978] 0
[648983] -1
[648984] -1
[648992] -1
[648995] -1
[648996] -1
[649001] 0
[649009] 0
[649013] -1
[649019] 0
[649026] 0
[649029] 0
[649031] 0
[649040] 0
[649044] 0
[649053] -1
[649058] -1
[649067] -1
[649076] -1
[649079] -1
[649088] -1
[649097] -1
[649102] -1
[649110] -1
[649117] -1
[649126] -1
[649132] -1
[649141] -1
[649151] -1
[649157] -1
[649166] -1
[649174] 0
[649176] -1
[649180] -1
[649186] -1
[649192] -1
[649198] -1
[649199] -1
[649203] -1
[649208] -1
[649217] -1
[649220] 0
[649222] -1
[649229] -1
[649238] -1
[649247] -1
[649248] 0
[649254] -1
[649256] -1
[649266] -1
[649273] theMuseIsaythe N
广西北流市 xx-xx xx:xx -> 08-18 00:40 0 1283
吉林省长春市 08-18 04:01 -> 08-18 04:05 289 1283
内蒙根河市 08-18 06:40 -> 08-18 06:46 499 1283
陕西省西安市 08-18 08:15 -> 08-18 08:19 507 1283
天津市 08-18 12:35 -> 08-18 12:39 532 1283
北京市 08-18 18:41 -> 08-18 18:48 703 1283
河北省承德市 08-18 22:41 -> 08-18 22:49 857 1467
云南省昭通市 08-19 01:04 -> xx-xx xx:xx 1066 x
[649281] 0
[649284] 0
[649290] -1
[649292] -1
[649298] -1
[649301] -1
[649307] 0
[649308] 0
[649318] 0
[649324] 0
[649326] 0
[649329] 0
[649335] 0
[649341] 0
[649349] 0
[649352] 0
[649353] 0
[649356] 0
[649361] 0
[649371] 0
[649380] 0
[649381] 0
[649384] 0
[649393] 0
[649398] 0
[649403] 0
[649405] 0
[649412] 0
[649418] 0
[649425] 0
[649427] 0
[649433] 0
[649435] 0
[649440] 0
[649448] 0
[649451] 0
[649457] 0
[649463] 0
[649468] 0
[649471] 0
[649480] 0
[649486] 0
[649487] 0
[649495] 0
[649496] 0
[649504] 0
[649505] 0
[649511] 0
[649513] 0
[649515] 0
[649518] 0
[649526] 0
[649535] 0
[649539] 0
[649548] 0
[649558] 0
[649567] 0
[649573] 0
[649576] 0
[649582] 27343990
[649587] 0
[649592] queue
[649594] queue
[649595] queue
[649604] queue
[649605] -1
[649614] HbBEZrOVDJfSbub 対厂保凵切 you.educate@by.the 3
[649621] 3859884
[649628] queue
[649635] NdZFoyDGrYjcMPtFo 供廚刴 Communist.is@the.same 4
[649636] -1
[649645] -1
[649651] 3198132
[649655] 3476425
[649659] queue
[649661] 7018236
[649671] 13333440
[649681] 89916
[649682] fwzMKdphhSQOMmda 嶧徐卲帅侷 is.wagelabour@Wagelabour.rests 2
[649688] 28068675
[649692] 0
[649699] queue
[649708] 1
oftheseStatesoro 河北省邢台市 06-25 01:04 -> 山东省禹城市 06-25 15:16 1669 5811
[649709] 0
[649716] -1
[649726] 0
[649733] DaTwkAojfIshg 傷勵嫕庽 the.abolition@of.this 2
[649743] 0
[649746] 32
[pending] INSCRIPTIONS 河南省禹州市 07-03 01:17 -> 广东省新会市 07-03 23:42 2607 1322
[success] Awareofthebuffalo 广东省清远市 07-03 05:49 -> 河南省焦作市 07-03 21:06 1108 3355
[success] immortal 浙江省龙泉市 07-18 02:45 -> 北京市 07-18 05:41 470 16908
[success] Iprojectthehistor 福建省厦门市 07-21 06:43 -> 内蒙丰镇市 07-22 05:50 1635 3320
[pending] TOFOREIGNLANDS 山东省滕州市 07-16 02:54 -> 天津市 07-16 18:55 185 1650
[pending] LeavesofGrass 北京市 08-07 14:47 -> 山东省兖州市 08-07 16:14 479 11964
[success] rebuffsasthetree 山东省乳山市 07-09 11:01 -> 辽宁省北票市 07-09 21:45 1484 8317
[success] Thouseethingprinci 天津市 06-20 05:45 -> 湖南省张家界市 06-20 23:07 726 3166
[success] INSCRIPTIONS 河南省漯河市 07-11 19:59 -> 福建省龙海市 07-12 03:20 682 2289
[success] LeavesofGrass 浙江省海宁市 07-09 02:24 -> 安徽省宿州市 07-09 08:24 775 7894
[success] Farfarmorestood 江西省井冈山市 07-11 00:38 -> 广东省云浮市 07-11 03:53 237 1190
[success] Returninguponmypo 江苏省扬中市 07-26 23:36 -> 贵州省凯里市 07-27 18:00 2155 4096
[success] TOFOREIGNLANDS 吉林省长春市 06-14 21:34 -> 山东省滕州市 06-15 02:46 179 44
[success] Returninguponmypo 河北省廊坊市 08-20 03:03 -> 湖北省枣阳市 08-20 15:38 1537 5270
[pending] LeavesofGrass 山东省兖州市 08-10 16:23 -> 吉林省松原市 08-11 06:42 833 4284
[pending] LeavesofGrass 天津市 07-11 15:43 -> 山东省兖州市 07-11 16:14 326 9193
[success] ThereforeIsendyou 山东省莱阳市 07-16 00:06 -> 北京市 07-16 03:42 569 18
[pending] LeavesofGrass 北京市 07-08 14:47 -> 湖北省荆州市 07-08 21:14 600 15574
[pending] TOFOREIGNLANDS 吉林省长春市 07-14 21:34 -> 天津市 07-15 18:55 364 639
[success] LeavesofGrass 山东省兖州市 06-28 16:23 -> 浙江省海宁市 06-29 02:15 496 1375
[pending] LeavesofGrass 湖北省荆州市 06-28 21:20 -> 安徽省宿州市 06-29 08:24 1150 15713
[pending] INSCRIPTIONS 辽宁省沈阳市 07-08 08:14 -> 福建省龙海市 07-09 03:20 2390 13142
[success] INSCRIPTIONS 安徽省淮北市 06-19 00:08 -> 广西防城港市 06-19 03:11 581 9980
[success] INSCRIPTIONS 河南省漯河市 07-18 19:59 -> 吉林省九台市 07-19 01:32 221 14506
[pending] INSCRIPTIONS 安徽省淮北市 06-18 00:08 -> 吉林省九台市 06-19 01:32 2769 7041
[success] advanceinthisbook 湖北省利川市 06-24 03:47 -> 江苏省南京市 06-24 09:09 512 1179
[pending] INSCRIPTIONS 广西防城港市 07-19 03:19 -> 河南省长葛市 07-20 07:31 3030 3341
[pending] LeavesofGrass 天津市 06-27 15:43 -> 安徽省宿州市 06-28 08:24 1597 6205
[pending] LeavesofGrass 北京市 07-10 14:47 -> 湖北省荆州市 07-10 21:14 600 4592
[pending] INSCRIPTIONS 安徽省淮北市 07-04 00:08 -> 江苏省吴县市 07-04 17:57 2174 20757
[success] AwarOsoldiersno 广东省珠海市 07-20 12:51 -> 北京市 07-20 14:27 747 1064
[success] LeavesofGrass 天津市 08-10 15:43 -> 湖北省荆州市 08-10 21:14 447 9584
[649756] 1672402
[649765] 16541496
[649772] 0
[649777] 1
quenchlessindispen 北京市 08-03 17:09 -> 辽宁省辽阳市 08-03 17:51 7 7176
[649782] 712034
[649792] 0
[649793] 0
[649802] 0
[649803] 1804941
[649810] 742071
[649812] 1
Thewordsofmybook 天津市 06-09 13:54 -> 吉林省梅河口市 06-09 15:01 509 91980
[649822] -1
[649832] -1
[649838] 1
thefieldtheworld 山东省济南市 08-01 03:06 -> 山西省朔州市 08-01 17:22 1335 18108
[649848] MPUodecXyaMlPpRmkoie 婃偹哪彧噓 in.the.development@of.class 1
[649851] 1
Butyouyeuntoldla 河南省安阳市 08-04 08:57 -> 广东省普宁市 08-04 19:21 855 45409
[649858] queue
[649859] -1
[649868] 0
[649877] XPwbImCQUMEkoLfjRi 嗭仑丣 machinery.etc@Modern.industry 3
[649878] 0
[649884] queue
[649890] 539175
[649896] 0
[649903] queue
[649913] 1
ASIPONDERDINSIL 安徽省明光市 07-17 23:08 -> 山东省肥城市 07-18 01:30 316 92982
[649915] GkhAQGRxLBnc 墼匶徛凴 and.private@The.Communists 2
[649919] 0
[649929] 1
Forthatwhichwasl 海南省万宁市 07-24 15:30 -> 吉林省德惠市 07-25 13:13 2488 23523
[649933] 0
[649941] 0
[649944] 0
[649950] -1
[649952] 1
oftheseStatesoro 北京市 06-13 00:08 -> 河南省商丘市 06-13 13:16 1767 6803
[649955] ZjkHHPlbmoky 卉哘媱 subjection@to.capital 1
[649959] -1
[649965] 2018770
[649970] 2017026
[649972] 0
[649975] 0
[649985] queue
[649989] 3578430
[649997] -1
[650004] 1
LoItooamcomec 福建省建瓯市 06-28 14:35 -> 浙江省瑞安市 06-28 16:23 259 56506
[650008] queue
[650012] 3294109
[650015] queue
[650017] -1
[650022] 1
youngfellowsrobus 天津市 07-21 02:32 -> 安徽省黄山市 07-21 08:47 569 30819
[650032] -1
[650040] 1
ThefirststepIsay 辽宁省葫芦岛市 07-17 19:04 -> 北京市 07-17 23:48 1086 8279
[650046] 0
[650052] 0
[650057] 0
[650060] 0
[650062] 0
[650071] 0
[650081] -1
[650088] -1
[650096] 0
[650100] 304512
[650105] 0
[650106] 73910
[650108] 708585
[650114] -1
[650122] 6
[pending] LeavesofGrass 北京市 06-26 14:47 -> 安徽省宿州市 06-27 08:24 1750 835
[success] leavesoffwork 北京市 08-14 22:45 -> 江西省宜春市 08-15 21:13 3685 208
[pending] INSCRIPTIONS 广西防城港市 07-14 03:19 -> 吉林省九台市 07-15 01:32 2188 20144
[success] Herenotthelandf 天津市 06-26 11:16 -> 广西钦州市 06-27 03:38 2000 9987
[success] aparadoxappearsth 河北省任丘市 07-04 19:48 -> 湖南省永州市 07-05 03:39 717 13847
[success] Farfarmorestood 北京市 06-26 10:53 -> 山东省聊城市 06-26 17:36 364 302
[650130] 3
POETSTOCOME 天津市 06-09 03:45 -> 黑龙江省哈尔滨市 06-09 05:42 416 78167
TOTHEEOLDCAUSE 天津市 06-09 21:41 -> 黑龙江省哈尔滨市 06-10 06:02 951 26103
toeverysea 天津市 06-09 19:09 -> 黑龙江省哈尔滨市 06-10 11:49 2114 75655
[650134] 0
[650140] kcJCpQYzTIqEznkBGZ 妛帒噆厙 of.your.bourgeois@notions.of 2
[650141] 932100
[650149] 1
THOUreaderthrobbes 山东省招远市 08-03 21:03 -> 吉林省四平市 08-04 08:46 1378 59329
[650151] -1
[650156] 0
[650157] 0
[650161] 0
[650168] -1
[650171] DhajYBLdzp 夹修 the.Communistic@mode.of 1
[650176] queue
[650183] 0
[650187] -1
[650190] -1
[650193] 0
[650202] 1639662
[650203] 51
[pending] INSCRIPTIONS 贵州省都匀市 06-20 06:12 -> 吉林省九台市 06-21 01:32 2069 349
[pending] LeavesofGrass 北京市 06-24 14:47 -> 安徽省宿州市 06-25 08:24 1750 6971
[success] intervals 北京市 06-15 16:06 -> 江苏省无锡市 06-15 18:21 359 2099
[pending] TOFOREIGNLANDS 吉林省长春市 06-27 21:34 -> 山东省滕州市 06-28 02:46 179 649
[success] Withwhistlingwinds 辽宁省沈阳市 07-09 15:33 -> 河南省项城市 07-10 00:23 1106 9982
[success] Pressingthepulseo 河北省沙河市 07-06 01:42 -> 甘肃省嘉峪关市 07-06 08:25 1441 2202
[success] Asifanymanreall 广西钦州市 06-09 01:32 -> 福建省石狮市 06-09 05:25 766 7153
[success] INSCRIPTIONS 吉林省九台市 07-05 01:42 -> 河南省长葛市 07-05 07:31 842 4577
[success] toeverysea 吉林省白山市 07-03 21:21 -> 湖南省韶山市 07-04 05:18 630 17708
[success] youIfolditherei 黑龙江省海林市 08-05 07:57 -> 四川省德阳市 08-05 10:55 588 5
[pending] LeavesofGrass 北京市 08-09 14:47 -> 吉林省松原市 08-10 06:42 1312 11300
[success] BEGINNINGMYSTUDIES 北京市 08-11 12:32 -> 河北省迁安市 08-11 20:04 503 486
[success] TOFOREIGNLANDS 吉林省长春市 06-26 21:34 -> 山东省滕州市 06-27 02:46 179 351
[success] Howpeoplerespondt 浙江省临安市 08-10 03:12 -> 福建省石狮市 08-10 18:18 809 2409
[pending] LeavesofGrass 天津市 06-30 15:43 -> 浙江省海宁市 07-01 02:15 822 10202
[pending] LeavesofGrass 北京市 06-25 14:47 -> 湖北省荆州市 06-25 21:14 600 1507
[pending] LeavesofGrass 天津市 06-23 15:43 -> 湖北省荆州市 06-23 21:14 447 14172
[success] puzzletheNewWorld 江苏省金坛市 08-04 04:36 -> 广东省顺德市 08-04 09:31 311 1006
[pending] LeavesofGrass 湖北省荆州市 06-20 21:20 -> 安徽省宿州市 06-21 08:24 1150 5153
[success] Withallitsangrya 北京市 07-14 08:28 -> 山东省蓬莱市 07-14 19:58 1656 8442
[pending] LeavesofGrass 北京市 07-13 14:47 -> 浙江省海宁市 07-14 02:15 975 13297
[success] puzzletheNewWorld 辽宁省盘锦市 07-23 17:56 -> 吉林省长春市 07-23 22:34 504 424
[pending] LeavesofGrass 北京市 07-18 14:47 -> 吉林省松原市 07-19 06:42 1312 3102
[success] knownotwhitherye 云南省安宁市 08-17 03:00 -> 四川省绵竹市 08-17 05:25 371 6092
[success] LeavesofGrass 浙江省海宁市 08-27 02:24 -> 安徽省宿州市 08-27 08:24 775 2045
[success] puzzletheNewWorld 吉林省长春市 07-28 22:42 -> 江西省上饶市 07-29 18:45 2683 6088
[pending] LeavesofGrass 山东省兖州市 08-05 16:23 -> 湖北省荆州市 08-05 21:14 121 13711
[success] Withwhistlingwinds 吉林省长春市 07-06 02:06 -> 甘肃省酒泉市 07-06 21:10 1633 11848
[pending] INSCRIPTIONS 辽宁省沈阳市 07-20 08:14 -> 河南省长葛市 07-21 07:31 2771 9029
[success] Thoupeerlesspassi 黑龙江省哈尔滨市 07-12 02:07 -> 河北省南宫市 07-12 07:49 837 19249
[pending] LeavesofGrass 天津市 06-28 15:43 -> 安徽省宿州市 06-29 08:24 1597 15045
[pending] LeavesofGrass 浙江省海宁市 08-04 02:24 -> 安徽省宿州市 08-04 08:24 775 5416
[success] INSCRIPTIONS 贵州省都匀市 06-20 06:12 -> 辽宁省沈阳市 06-20 08:04 140 925
[success] ASIPONDERDINSIL 山东省肥城市 08-06 01:38 -> 安徽省阜阳市 08-06 11:35 701 9963
[success] imperiouswaves 吉林省通化市 06-30 05:48 -> 福建省泉州市 06-30 17:56 2992 1953
[pending] LeavesofGrass 天津市 06-20 15:43 -> 吉林省松原市 06-21 06:42 1159 5332
[pending] INSCRIPTIONS 广东省澄海市 07-06 15:57 -> 河北省任丘市 07-07 06:25 1485 13840
[success] Thesechantsforthe 重庆市永川市 08-04 21:52 -> 云南省开远市 08-05 05:48 415 21965
[pending] LeavesofGrass 北京市 08-19 14:47 -> 安徽省宿州市 08-20 08:24 1750 11513
[success] IHEARDthatyouask 新疆和田市 06-21 18:31 -> 江苏省海门市 06-21 20:58 858 1819
[pending] INSCRIPTIONS 河南省洛阳市 07-09 10:26 -> 广东省澄海市 07-09 15:53 655 1187
[success] TOFOREIGNLANDS 山东省滕州市 06-23 02:54 -> 山西省潞城市 06-23 08:19 168 569
[pending] INSCRIPTIONS 广西防城港市 07-08 03:19 -> 江苏省吴县市 07-08 17:57 1593 11496
[pending] LeavesofGrass 吉林省松原市 08-24 06:49 -> 安徽省宿州市 08-24 08:24 438 12853
[pending] INSCRIPTIONS 辽宁省沈阳市 06-28 08:14 -> 广东省澄海市 06-28 15:53 954 12324
[success] TheFemaleequallyw 广东省河源市 08-12 07:30 -> 吉林省四平市 08-12 11:08 168 6423
[success] LeavesofGrass 北京市 07-27 14:47 -> 山东省兖州市 07-27 16:14 479 6967
[success] Iaboveallpromote 山东省昌邑市 08-02 05:25 -> 云南省宣威市 08-02 11:58 866 7229
[success] Theserecitativesfo 吉林省白山市 06-28 16:52 -> 湖南省常宁市 06-28 23:55 607 1208
[pending] LeavesofGrass 山东省兖州市 07-30 16:23 -> 安徽省宿州市 07-31 08:24 1271 12216
[success] thefieldtheworld 江苏省淮安市 07-09 09:09 -> 重庆市合川市 07-09 10:36 503 4669
[650208] 2893462
[650212] 1964084
[650213] 11110248
[650217] 1865682
[650218] 0
[650219] 1
Iamamanwhosaun 重庆市南川市 08-03 17:34 -> 甘肃省合作市 08-03 20:46 639 39527
[650227] -1
[650232] 0
[650235] 0
[650237] 1
Asifanymanreall 湖南省涟源市 07-08 03:46 -> 云南省安宁市 07-08 08:54 534 46819
[650240] utAgwUpnjiRJtuGjyIIR 婣巰崹仼夋 upon.society@as.an 2
[650245] 1
toeverysea 安徽省界首市 07-02 02:08 -> 江苏省南京市 07-02 12:27 1993 82877
[650252] 6819254
[650262] 17
[success] evenhermoonsails 浙江省奉化市 06-16 12:15 -> 湖南省涟源市 06-16 19:36 501 4026
[success] Nationality 北京市 07-05 10:28 -> 河南省登封市 07-06 04:08 2243 894
[success] Thewoodcuttersso 河南省偃师市 06-18 14:33 -> 内蒙满洲里市 06-18 18:45 395 11517
[success] WHATPLACEISBESIEG 安徽省芜湖市 08-02 14:52 -> 广东省茂名市 08-02 17:07 226 3030
[pending] TOFOREIGNLANDS 吉林省长春市 06-17 21:34 -> 山西省潞城市 06-18 08:19 347 690
[success] Thewordsofmybook 福建省晋江市 08-15 17:13 -> 河北省遵化市 08-15 19:52 236 15881
[pending] LeavesofGrass 天津市 08-16 15:43 -> 湖北省荆州市 08-16 21:14 447 7001
[pending] INSCRIPTIONS 广东省佛山市 07-08 20:54 -> 河南省长葛市 07-09 07:31 993 9246
[success] Imbuedastheypass 陕西省汉中市 07-25 10:02 -> 湖南省永州市 07-26 04:45 2460 3088
[success] APhantomarosebefo 江西省贵溪市 06-13 00:32 -> 广东省兴宁市 06-13 04:39 79 5517
[success] Imbuedastheypass 云南省潞西市 07-19 03:25 -> 吉林省辽源市 07-19 07:13 328 16820
[pending] INSCRIPTIONS 河南省禹州市 07-18 01:17 -> 河南省洛阳市 07-18 10:21 1043 7821
[success] INSCRIPTIONS 安徽省淮北市 07-01 00:08 -> 广西防城港市 07-01 03:11 581 8123
[success] LeavesofGrass 吉林省松原市 08-07 06:49 -> 安徽省宿州市 08-07 08:24 438 43
[success] LeavesofGrass 北京市 07-23 14:47 -> 天津市 07-23 15:36 153 4906
[pending] TOFOREIGNLANDS 山东省滕州市 06-20 02:54 -> 山西省潞城市 06-20 08:19 168 970
[pending] LeavesofGrass 天津市 06-19 15:43 -> 山东省兖州市 06-19 16:14 326 3314
[650265] 1
Theboatmansinging 天津市 07-17 03:24 -> 山东省即墨市 07-18 03:34 3454 97301
[650275] 0
[650279] 0
[650288] 1
IHEARAMERICASIN 辽宁省沈阳市 07-22 13:48 -> 江苏省扬州市 07-23 00:42 476 86947
[650294] 0
[650297] queue
[650301] 7689368
[650305] MRVCOOqeBQ 全屨岿 rents.of.land@to.public 1
[650309] -1
[650313] -1
[650319] 0
[650326] -1
[650331] 0
[650337] 0
[650343] 0
[650349] MxOBJIQSeBli 兒侃嵟啯唯 rapidly.as@possible.Of 3
[650359] queue
[650362] 32340
[650372] MbzJSdQgbSbKfJ 吇壥廋 is.the.exploitation@of.the 1
[650380] 832320
[650388] 1
Forlifeanddeath 福建省永安市 06-09 20:28 -> 吉林省白山市 06-10 17:46 2082 2226
[650389] 415998
[650392] 238680
[650393] 17
[success] TOYOU 河南省商丘市 08-08 01:16 -> 四川省绵阳市 08-08 17:42 402 4641
[success] STARTINGFROMPAUMAN 北京市 07-03 22:38 -> 辽宁省沈阳市 07-04 08:18 420 4952
[success] Forthatwhichwasl 北京市 07-27 05:19 -> 山东省曲阜市 07-27 15:32 1604 4623
[success] Andisthisthensa 江苏省常熟市 08-11 14:52 -> 广西东兴市 08-11 20:38 324 3566
[success] andfoam 北京市 07-07 14:51 -> 广东省普宁市 07-08 09:29 1336 4802
[success] greaterthanbefore 海南省海口市 07-09 02:41 -> 北京市 07-09 06:06 301 5967
[success] Andmenacingvoice 湖北省黄冈市 07-17 02:40 -> 浙江省嵊州市 07-17 16:11 2505 3701
[success] Imbuedastheypass 北京市 07-29 15:00 -> 吉林省辽源市 07-30 07:13 2079 19219
[success] theTennesseeorfa 浙江省舟山市 08-10 21:42 -> 新疆米泉市 08-11 13:55 2865 3905
[success] BEGINNINGmystudies 山西省晋城市 06-10 00:59 -> 河北省唐山市 06-10 15:20 463 3103
[pending] INSCRIPTIONS 广西防城港市 06-27 03:19 -> 河南省洛阳市 06-27 10:21 558 16500
[success] Hereareourthought 陕西省延安市 07-21 06:53 -> 辽宁省本溪市 07-21 07:38 84 10960
[success] whatyouwanted 广西贺州市 08-20 15:17 -> 河南省邓州市 08-21 09:39 3417 3374
[pending] TOFOREIGNLANDS 吉林省长春市 07-10 21:34 -> 山东省滕州市 07-11 02:46 179 1883
[success] INCABINDSHIPSAT 江西省临川市 07-16 08:57 -> 福建省漳州市 07-16 14:16 933 730
[success] Herenotthelandf 贵州省都匀市 07-05 08:51 -> 广西钦州市 07-06 03:38 2123 12309
[success] Wefeelthelongpul 广西河池市 08-09 09:42 -> 北京市 08-09 15:08 1331 1126
[650395] sePWQontEJR 庛傜嶢受 of.the.State@Extension.of 1
[650399] 0
[650406] 0
[650409] WibCQkZCxQYjl 嬭卵 and.deeper@below.the 3
[650413] yFoHDXqQTKEALeA 弥囉劊 religious.a@philosophical.and 3
[650418] 1409760
[650423] 1771848
[650427] SgovTAQcXSLOdmEa 嚘乵 bourgeoisie@to.freedom 3
[650430] queue
[650439] -1
[650442] bBInHXHeaSeTCAw 墘億倲 in.Germany@has.stripped 4
[650443] 43512
[650444] 0
[650450] 18
[pending] LeavesofGrass 北京市 08-28 14:47 -> 山东省兖州市 08-28 16:14 479 10207
[pending] INSCRIPTIONS 吉林省九台市 06-26 01:42 -> 河南省长葛市 06-26 07:31 842 12941
[success] TOFOREIGNLANDS 山东省滕州市 07-06 02:54 -> 天津市 07-06 18:55 185 87
[success] puzzletheNewWorld 广西河池市 07-03 05:15 -> 山东省泰安市 07-03 12:26 924 4917
[pending] INSCRIPTIONS 河南省漯河市 06-12 19:59 -> 河南省长葛市 06-13 07:31 1063 1748
[pending] TOFOREIGNLANDS 吉林省长春市 07-03 21:34 -> 天津市 07-04 18:55 364 729
[success] dayorundermanya 吉林省磐石市 07-27 07:40 -> 江苏省江阴市 07-27 16:00 156 10
[pending] INSCRIPTIONS 广东省佛山市 06-27 20:54 -> 河北省任丘市 06-28 06:25 661 20347
[success] Shecleavestheethe 湖北省石首市 07-28 11:45 -> 贵州省清镇市 07-28 16:20 198 9942
[success] TOFOREIGNLANDS 吉林省长春市 07-10 21:34 -> 山东省滕州市 07-11 02:46 179 1169
[pending] LeavesofGrass 山东省兖州市 08-21 16:23 -> 吉林省松原市 08-22 06:42 833 13981
[pending] LeavesofGrass 北京市 08-04 14:47 -> 吉林省松原市 08-05 06:42 1312 14493
[pending] LeavesofGrass 天津市 08-05 15:43 -> 浙江省海宁市 08-06 02:15 822 7457
[pending] TOFOREIGNLANDS 吉林省长春市 07-20 21:34 -> 山东省滕州市 07-21 02:46 179 1763
[success] advanceinthisbook 江西省樟树市 07-26 19:35 -> 湖北省利川市 07-27 03:38 794 559
[pending] LeavesofGrass 北京市 07-06 14:47 -> 安徽省宿州市 07-07 08:24 1750 10004
[pending] LeavesofGrass 北京市 08-17 14:47 -> 湖北省荆州市 08-17 21:14 600 8524
[pending] LeavesofGrass 湖北省荆州市 08-04 21:20 -> 吉林省松原市 08-05 06:42 712 14657
[650451] queue
[650456] 100464
[650460] 4054810
[650464] 0
[650467] ThefirststepIsay 四川省西昌市 07-02 16:41 -> 北京市 07-02 23:48 1483 8279
Farfromtheclanko 北京市 07-03 05:56 -> 广东省云浮市 07-03 14:35 1369 99519
[650472] Angelina 安洁 all.morality@instead.of 2
[650479] uKnfWwsBovueJxhaP 势寧姵嬮啝 are.instruments@of.labour 2
[650484] 0
[650490] 0
[650498] 0
[650506] -1
[650513] -1
[650520] NuJVkqVwLIRPfCPPg 咨劦刹击 schools.Abolition@of.childrens 1
[650526] queue
[650531] 0
[650533] ZLvOXHmxBRQZHE 初妍唆壸匏 and.general@education.in 2
[650539] yXhqQWequLjsQXuBzie 媖宀墏 factory.labour@in.its 3
[650546] 8548220
[650553] 2
beam 吉林省长春市 07-12 04:57 -> 河北省安国市 07-12 09:04 381 79885
Iaboveallpromote 吉林省长春市 07-12 01:17 -> 河北省安国市 07-12 17:04 2921 37352
[650555] -1
[650565] 0
[650572] 0
[650579] 0
[650587] -1
[650590] 28101
[650593] 0
[650597] 2
Butstopandloiter 北京市 08-17 09:39 -> 黑龙江省牡丹江市 08-17 10:42 97 63333
POETStocomeorato 北京市 08-17 01:22 -> 黑龙江省牡丹江市 08-17 16:57 2350 27224
[650598] 1
INCABINDSHIPSAT 云南省宣威市 07-20 23:41 -> 湖南省娄底市 07-21 06:42 718 21978
[650599] -1
[650601] 0
[650611] -1
[650615] -1
[650625] -1
[650626] -1
[650629] -1
[650634] Broca 布洛 culture.That@culture.the 2
[650643] queue
[650648] 0
[650657] queue
[650666] EnODTMDDLaNmqgHQBeU 匔嬉宣受 democracy.The@proletariat.will 1
[650673] gsyvCSXCIhOSrU 嵯传匀徎 the.outgrowth@of.the 4
[650675] -1
[650680] 0
[650683] 144936
[650688] CeJuMyKXgOTGsAGJPYQ 兽冓寛 own.bourgeois@form.of 3
[650694] 1
Orasoldiercampd 四川省峨眉山市 06-27 16:00 -> 广西防城港市 06-28 17:29 1790 61180
[650703] 2
POETSTOCOME 天津市 07-14 03:45 -> 河南省舞钢市 07-14 11:49 1170 78167
advanceinthisbook 天津市 07-14 09:28 -> 河南省舞钢市 07-15 01:11 1935 5777
[650709] 0
[650717] hneTbJWtzBZMvCPBGu 婦哆佞崎 so.many.bourgeois@prejudices.b 1
[650727] 34944
[650732] 2687474
[650741] 0
[650748] 0
[650755] 412920
[650760] 1
Asifanymanreall 云南省保山市 07-13 19:53 -> 湖南省涟源市 07-14 03:41 1205 54768
[650770] 0
[650771] 0
[650778] 10023568
[650787] 0
[650790] nKCmvvwpFmFLvNnL 彆嬄啙 survived.this@change.There 3
[650799] uqtIykbNgTj 夛垉庘 express.in@general.terms 4
[650802] queue
[650803] 0
[650809] 0
[650816] -1
[650826] -1
[650831] 0
[650837] 0
[650840] 0
[650850] queue
[650851] 0
[650856] 0
[650861] 0
[650865] 18
[success] Asawheelonitsax 北京市 07-05 00:20 -> 福建省晋江市 07-05 03:30 19 1479
[success] evenhermoonsails 浙江省奉化市 06-16 12:15 -> 湖南省涟源市 06-16 19:36 501 4026
[success] Nationality 北京市 07-05 10:28 -> 河南省登封市 07-06 04:08 2243 894
[success] Thewoodcuttersso 河南省偃师市 06-18 14:33 -> 内蒙满洲里市 06-18 18:45 395 11517
[success] WHATPLACEISBESIEG 安徽省芜湖市 08-02 14:52 -> 广东省茂名市 08-02 17:07 226 3030
[pending] TOFOREIGNLANDS 吉林省长春市 06-17 21:34 -> 山西省潞城市 06-18 08:19 347 690
[success] Thewordsofmybook 福建省晋江市 08-15 17:13 -> 河北省遵化市 08-15 19:52 236 15881
[pending] LeavesofGrass 天津市 08-16 15:43 -> 湖北省荆州市 08-16 21:14 447 7001
[pending] INSCRIPTIONS 广东省佛山市 07-08 20:54 -> 河南省长葛市 07-09 07:31 993 9246
[success] Imbuedastheypass 陕西省汉中市 07-25 10:02 -> 湖南省永州市 07-26 04:45 2460 3088
[success] APhantomarosebefo 江西省贵溪市 06-13 00:32 -> 广东省兴宁市 06-13 04:39 79 5517
[success] Imbuedastheypass 云南省潞西市 07-19 03:25 -> 吉林省辽源市 07-19 07:13 328 16820
[pending] INSCRIPTIONS 河南省禹州市 07-18 01:17 -> 河南省洛阳市 07-18 10:21 1043 7821
[success] INSCRIPTIONS 安徽省淮北市 07-01 00:08 -> 广西防城港市 07-01 03:11 581 8123
[success] LeavesofGrass 吉林省松原市 08-07 06:49 -> 安徽省宿州市 08-07 08:24 438 43
[success] LeavesofGrass 北京市 07-23 14:47 -> 天津市 07-23 15:36 153 4906
[pending] TOFOREIGNLANDS 山东省滕州市 06-20 02:54 -> 山西省潞城市 06-20 08:19 168 970
[pending] LeavesofGrass 天津市 06-19 15:43 -> 山东省兖州市 06-19 16:14 326 3314
[650870] saCsoImwuavR 儱垹娗咶 the.course@of.the 1
[650872] queue
[650879] -1
[650883] 1
crimeslessimporta 山东省莱西市 06-23 11:32 -> 内蒙东胜市 06-23 14:49 391 93916
[650891] 4534170
[650901] 0
[650910] 0
[650911] 0
[650917] 4894676
[650926] -1
[650927] 0
[650930] queue
[650933] queue
[650934] -1
[650943] 19398
[650945] NjAmfkMwIZHckUiipF 发咐 the.same.character@into.one 3
[650953] 1
youngfellowsrobus 重庆市合川市 07-31 00:11 -> 河南省登封市 07-31 18:55 2589 36987
[650956] queue
[650962] 0
[650972] 0
[650982] queue
[650992] -1
[651002] lgjJOVtYXogQASbL 呣媒儃塍 improved.means@of.communicatio 2
[651008] 0
[651013] 1
Thedelicioussingin 广西桂林市 08-01 03:18 -> 四川省都江堰市 08-01 05:22 152 44635
[651023] 0
[651026] 0
[651029] Gavial 嘉维 admire.found@its.fitting 1
[651035] 1
[success] greaterthanbefore 浙江省嘉兴市 07-17 11:18 -> 江西省井冈山市 07-17 16:43 1263 3590
[651041] hneTbJWtzBZMvCPBGu 婦哆佞崎 so.many.bourgeois@prejudices.b 1
[651047] 0
[651055] -1
[651056] 0
[651058] DpPzQmLlBjLYxR 劅厖嘖岄全 into.the.proletariat@they.thus 3
[651067] -1
[651070] 2
WHENIreadthebook 内蒙根河市 08-07 23:22 -> 北京市 08-08 01:16 489 71397
theMuseIsaythe 内蒙根河市 08-07 06:46 -> 北京市 08-07 18:41 204 1467
[651079] OtpAXiQhHtgU 嬈佋人 determined@by.the 3
[651082] 0
[651092] 22109724
[651097] 0
[651104] -1
[651109] bIMnYzoRhAMIoUahpa 倝利 today.the.proletariat@alone.is 1
[651115] 2827851
[651118] 0
[651121] ProjeKTRed 红红 the.other.brave@words.of 2
[651124] 1
Shecleavestheethe 江苏省扬中市 08-11 22:45 -> 河南省长葛市 08-12 04:23 723 96917
[651133] 1798342
[651140] 1
STRANGERifyoupas 内蒙满洲里市 08-05 15:13 -> 北京市 08-05 17:07 299 25320
[651143] 0
[651152] queue
[651154] 0
[651155] -1
[651156] -1
[651165] 1
YetutterthewordD 湖北省鄂州市 07-23 13:39 -> 河南省济源市 07-24 06:58 379 6835
[651174] -1
[651183] queue
[651184] -1
[651189] 3615063
[651196] 1
INcabindshipsat 福建省龙岩市 07-15 14:21 -> 北京市 07-16 17:03 1640 41113
[651198] 2127632
[651199] 1
LeavesofGrass 天津市 07-02 15:43 -> 山东省兖州市 07-02 16:14 326 40
[651207] 296814
[651214] 9293800
[651217] 72039
[651218] -1
[651222] -1
[651226] YMiHVxaDHSMeIRy 府俢 in.the.past@have.continually 1
[651228] 1
bythembesaid 江苏省江都市 08-15 13:51 -> 浙江省临安市 08-16 09:27 2435 54197
[651229] 240262
[651238] Gavial 嘉维 admire.found@its.fitting 1
[651239] -1
[651246] 0
[651255] -1
[651260] 1834560
[651263] 0
[651271] 0
[651274] 0
[651275] queue
[651280] 0
[651290] YhwQcpEowflv 儦姎俉 and.juridical@ideas.have 2
[651297] 16
[success] INSCRIPTIONS 北京市 07-13 13:06 -> 河南省漯河市 07-13 19:50 1124 10577
[pending] LeavesofGrass 浙江省海宁市 07-14 02:24 -> 吉林省松原市 07-14 06:42 337 8213
[success] ASIponderdinsil 河北省三河市 06-12 00:29 -> 吉林省延吉市 06-13 03:01 2287 112
[pending] LeavesofGrass 天津市 07-20 15:43 -> 湖北省荆州市 07-20 21:14 447 11241
[pending] TOFOREIGNLANDS 山东省滕州市 07-18 02:54 -> 天津市 07-18 18:55 185 1857
[success] INSCRIPTIONS 广东省新会市 07-11 23:52 -> 河南省长葛市 07-12 07:31 908 12634
[success] puzzletheNewWorld 北京市 07-13 01:22 -> 江苏省金坛市 07-13 04:27 622 5030
[pending] TOFOREIGNLANDS 吉林省长春市 07-16 21:34 -> 天津市 07-17 18:55 364 1345
[pending] LeavesofGrass 北京市 07-14 14:47 -> 安徽省宿州市 07-15 08:24 1750 9094
[pending] LeavesofGrass 天津市 07-18 15:43 -> 安徽省宿州市 07-19 08:24 1597 9203
[pending] INSCRIPTIONS 河南省漯河市 06-15 19:59 -> 广东省新会市 06-15 23:42 155 13942
[success] LeavesofGrass 天津市 08-24 15:43 -> 山东省兖州市 08-24 16:14 326 6850
[pending] LeavesofGrass 北京市 07-18 14:47 -> 安徽省宿州市 07-19 08:24 1750 7081
[pending] TOFOREIGNLANDS 山东省滕州市 06-26 02:54 -> 天津市 06-26 18:55 185 1453
[success] TOFOREIGNLANDS 吉林省长春市 06-23 21:34 -> 山西省潞城市 06-24 08:19 347 1363
[success] Thesechantsforthe 重庆市永川市 07-13 21:52 -> 北京市 07-14 07:24 866 10910
[651305] -1
[651310] queue
[651318] FkFzdfJcHRczo 御厐九奒 on.private@gain.In 1
[651328] 1
Youtooasaloneba 广东省清远市 07-20 23:54 -> 北京市 07-21 11:03 1502 67959
[651331] -1
[651340] QkmoVyJYnMcnJWsmdS 嫓專啦 classcharacter@Let.us 2
[651348] -1
[651350] queue
[651359] 7
[success] INSCRIPTIONS 北京市 06-25 13:06 -> 广东省澄海市 06-25 15:53 370 1116
[success] Farfarmorestood 广东省云浮市 06-24 03:56 -> 新疆阿勒泰市 06-24 14:14 1114 1334
[success] inthedarkness 辽宁省沈阳市 07-11 12:51 -> 云南省宣威市 07-11 23:12 1571 2124
[success] Arivermanorama 安徽省巢湖市 08-16 11:41 -> 福建省莆田市 08-16 12:33 144 1481
[success] Deathlessthroughout 青海省格尔木市 07-12 03:18 -> 广西东兴市 07-12 17:38 124 6502
[pending] INSCRIPTIONS 河南省洛阳市 07-04 10:26 -> 广东省佛山市 07-04 20:46 1479 13566
[success] puzzletheNewWorld 河北省河间市 07-12 02:02 -> 山东省泰安市 07-12 12:26 1314 2068
[651367] 0
[651376] queue
[651379] 0
[651381] queue
[651391] 0
[651400] SgovTAQcXSLOdmEa 嚘乵 bourgeoisie@to.freedom 3
[651401] 5202036
[651402] -1
[651408] 0
[651410] 0
[651415] -1
[651419] pxLzqstzTPrKqqpka 峒墦 political.arena@The.bourgeoisi 1
[651425] 1859085
[651426] IEKENnSqVSm 垹咥 have.disappeared@and.all 2
[651427] 0
[651428] queue
[651434] 6
[success] Thesechantsforthe 天津市 07-08 23:32 -> 云南省开远市 07-09 05:48 122 1188
[success] toeverysea 吉林省白山市 08-07 21:21 -> 江苏省镇江市 08-08 09:40 1423 19725
[success] Howdearanddreadfu 河南省三门峡市 07-12 19:12 -> 广东省惠州市 07-13 04:34 1468 1675
[success] Theperfumethefai 新疆伊宁市 08-04 18:37 -> 天津市 08-05 07:20 1737 10024
[success] YetutterthewordD 湖北省鄂州市 08-17 13:39 -> 广东省东莞市 08-17 23:40 121 1391
[pending] LeavesofGrass 山东省兖州市 07-17 16:23 -> 湖北省荆州市 07-17 21:14 121 13342
[651436] -1
[651442] -1
[651445] 19
IHEARAMERICASIN 北京市 08-05 06:20 -> 辽宁省沈阳市 08-05 13:45 103 86947
Masterofallormis 北京市 08-05 06:47 -> 辽宁省沈阳市 08-05 23:24 307 51215
inthedarkness 北京市 08-05 09:59 -> 辽宁省沈阳市 08-05 12:46 438 99197
SHUTnotyourdoors 北京市 08-05 22:15 -> 辽宁省沈阳市 08-05 23:24 477 80574
Forthfromtheware 北京市 08-05 11:17 -> 辽宁省沈阳市 08-05 16:32 535 52791
Withwhistlingwinds 北京市 08-05 07:15 -> 辽宁省沈阳市 08-05 15:23 539 43305
Thouorbofmanyorb 北京市 08-05 04:33 -> 辽宁省沈阳市 08-06 05:31 768 14388
WHENIreadthebook 北京市 08-05 01:21 -> 辽宁省沈阳市 08-05 06:57 820 71397
gestionsofthebrin 北京市 08-05 13:35 -> 辽宁省沈阳市 08-05 23:28 820 76386
Withallitsangrya 北京市 08-05 08:28 -> 辽宁省沈阳市 08-05 16:17 913 34553
LEAVESOFGRASS 北京市 08-05 07:06 -> 辽宁省沈阳市 08-05 18:02 1033 99406
rebuffsasthetree 北京市 08-05 07:44 -> 辽宁省沈阳市 08-05 16:22 1245 93904
thelandberead 北京市 08-05 08:46 -> 辽宁省沈阳市 08-05 18:10 1326 77821
immortal 北京市 08-05 05:45 -> 辽宁省沈阳市 08-05 21:48 1383 72614
Theperfumethefai 北京市 08-05 16:37 -> 辽宁省沈阳市 08-06 04:35 1396 70739
Mewherevermylife 北京市 08-05 05:29 -> 辽宁省沈阳市 08-05 21:38 1937 25122
youngfellowsrobus 北京市 08-05 20:38 -> 辽宁省沈阳市 08-06 07:56 1943 37325
tomewhyshouldyo 北京市 08-05 06:09 -> 辽宁省沈阳市 08-06 02:19 3534 70982
Farfromtheclanko 北京市 08-05 05:56 -> 辽宁省沈阳市 08-06 08:54 4187 99519
[651453] 0
[651454] 1
Deathlessthroughout 河南省禹州市 07-14 17:23 -> 广西东兴市 07-15 17:38 190 47933
[651462] 0
[651464] 0
[651466] queue
[651467] 36826822
[651469] 0
[651474] 1
inthedarkness 吉林省长春市 07-14 08:43 -> 新疆克拉玛依市 07-14 15:18 1569 99197
[651479] 1
Arouseforyoumust 天津市 06-15 11:09 -> 安徽省淮南市 06-15 20:46 1710 98632
[651482] 2
Thoseofmechanics 北京市 06-11 00:31 -> 山西省忻州市 06-11 03:38 593 50268
LoIsendtothatp 北京市 06-11 04:47 -> 山西省忻州市 06-11 19:52 1921 22387
[651487] 0
[651494] 0
[651504] 0
[651513] 0
[651518] orXBOeMnTHTKLPYE 姏囲墁叢 mode.of.production@These.measu 3
[651519] queue
[651526] 18985940
[651529] 1688508
[651536] -1
[651538] 1
WHATplaceisbesieg 内蒙东胜市 06-13 16:53 -> 湖南省醴陵市 06-14 08:45 1754 65929
[651546] -1
[651553] 0
[651555] -1
[651565] -1
[651573] oVBUhMeIrr 剉僤厧匏 is.to.be.openly@and.officially 1
[651580] 0
[651586] 0
[651592] 0
[651596] queue
[651606] 1173216
[651611] -1
[651621] 0
[651625] zerIqSVzEpf 墵含徇 emigrants.and@rebels.Centralis 1
[651631] 1
Iprojectthehistor 福建省厦门市 07-24 06:43 -> 山西省古交市 07-24 21:47 935 65470
[651638] queue
[651641] 4059505
[651642] queue
[651645] -1
[651654] -1
[651662] WZDkIwrnyswxiZq 埠啄哸堥嬷 and.for.the@propagation.of 3
[651668] Broca 布洛 concentrated@in.the 2
[651675] 0
[651677] 0
[651681] 0
[651683] 60201360
[651689] 0
[651698] GkhAQGRxLBnc 墼匶徛凴 and.private@The.Communists 2
[651708] 0
[651709] 0
[651715] RjzlqtkXpUjAamNV 佑娻哔丆 a.social.power@When.therefore 3
[651723] -1
[651729] -1
[651733] eBGzskhxBDOtMQKNjpCX 归寔囫圲弉 of.women.which@they.pretend 1
[651743] -1
[651744] queue
[651754] 335
[651761] queue
[651763] 0
[651769] 1004400
[651771] queue
[651778] -1
[651785] 1532320
[651791] qnFPfzlCFYeBokbXaz 侔夥 the.artisan@the.peasant 2
[651798] -1
[651806] 0
[651812] 1
dayorundermanya 吉林省磐石市 07-24 07:40 -> 江苏省江阴市 07-24 16:00 156 18059
[651822] 0
[651826] 0
[651828] 0
[651838] -1
[651844] 0
[651848] 260926
[651856] -1
[651866] -1
[651874] -1
[651876] -1
[651881] -1
[651886] -1
[651895] 0
[651899] 0
[651902] 2
[pending] LeavesofGrass 浙江省海宁市 08-26 02:24 -> 安徽省宿州市 08-26 08:24 775 15646
[pending] INSCRIPTIONS 河南省漯河市 06-16 19:59 -> 河北省任丘市 06-17 06:25 731 7609
[651909] -1
[651910] -1
[651918] -1
[651925] -1
[651933] -1
[651941] -1
[651948] 0
[651953] 0
[651963] -1
[651969] 0
[651972] -1
[651979] -1
[651983] 0
[651990] -1
[652000] -1
[652009] 0
[652011] 0
[652017] 0
[652022] -1
[652023] 0
[652032] -1
[652040] -1
[652050] -1
[652060] -1
[652069] -1
[652070] -1
[652077] -1
[652084] -1
[652092] -1
[652094] -1
[652096] -1
[652100] -1
[652105] -1
[652112] -1
[652117] -1
[652119] 0
[652127] -1
[652133] -1
[652139] -1
[652141] -1
[652142] -1
[652150] -1
[652152] -1
[652156] -1
[652163] -1
[652172] 0
[652178] 0
[652184] -1
[652185] -1
[652188] -1
[652191] -1
[652199] -1
[652204] -1
[652214] -1
[652224] 0
[652234] -1
[652239] -1
[652241] -1
[652244] 0
[652252] -1
[652257] -1
[652265] 0
[652271] -1
[652272] 0
[652277] 0
[652279] -1
[652285] 0
[652291] 0
[652294] -1
[652302] -1
[652312] -1
[652316] -1
[652317] -1
[652323] 0
[652324] 1
Thewordsofmybook 福建省晋江市 08-22 17:13 -> 黑龙江省齐齐哈尔市 08-23 05:46 2000 93987
[652330] -1
[652339] 0
[652342] -1
[652352] -1
[652360] 0
[652367] -1
[652369] 0
[652376] 0
[652379] -1
[652388] -1
[652395] 0
[652400] -1
[652409] -1
[652415] 0
[652425] -1
[652429] -1
[652430] -1
[652432] 0
[652438] -1
[652446] 0
[652451] -1
[652457] -1
[652460] -1
[652464] -1
[652474] melancholyrhythm 江苏省昆山市 07-18 04:56 -> 北京市 07-18 17:41 163 84609
aparadoxappearsth 北京市 07-18 22:27 -> 陕西省商州市 07-19 02:31 408 57902
[652480] 0
[652489] -1
[652496] -1
[652502] 0
[652505] -1
[652515] -1
[652525] 0
[652531] -1
[652532] -1
[652533] -1
[652539] -1
[652545] -1
[652553] -1
[652558] -1
[652568] -1
[652569] -1
[652575] 0
[652585] -1
[652593] -1
[652601] 0
[652608] 0
[652612] -1
[652615] -1
[652616] -1
[652624] 0
[652630] 0
[652640] -1
[652647] bye
