[31793] -1
[31801] -1
[31805] -1
[31807] 0
[31810] -1
[31816] -1
[31820] -1
[31827] -1
[31834] -1
[31840] -1
[31846] -1
[31848] -1
[31857] -1
[31865] -1
[31867] -1
[31869] -1
[31875] -1
[31876] 0
[31884] -1
[31893] -1
[31895] -1
[31898] -1
[31904] -1
[31906] -1
[31913] -1
[31921] -1
[31927] -1
[31934] 0
[31938] 0
[31940] -1
[31942] -1
[31952] -1
[31958] 0
[31965] -1
[31974] -1
[31977] -1
[31985] 0
[31988] -1
[31991] -1
[31996] -1
[31998] 0
[32005] -1
[32010] -1
[32011] -1
[32015] -1
[32022] 0
[32023] -1
[32028] 0
[32034] 0
[32041] -1
[32044] -1
[32050] -1
[32059] -1
[32060] -1
[32063] -1
[32073] 1
INSCRIPTIONS 广东省佛山市 07-04 20:54 -> 福建省龙海市 07-05 03:20 612 84654
[32082] -1
[32084] -1
[32090] -1
[32095] 1
IHEARDthatyouask 新疆和田市 07-03 18:31 -> 四川省广汉市 07-04 21:58 3368 12443
[32104] 0
[32112] 0
[32114] 0
[32122] -1
[32123] -1
[32128] -1
[32136] -1
[32141] -1
[32143] -1
[32146] 0
[32152] 0
[32161] -1
[32167] -1
[32171] -1
[32175] -1
[32176] -1
[32183] -1
[32193] -1
[32198] 1
puzzletheNewWorld 安徽省阜阳市 07-20 14:46 -> 江西省上饶市 07-20 18:45 482 28380
[32204] -1
[32211] -1
[32212] 0
[32220] -1
[32224] -1
[32234] -1
[32235] -1
[32245] -1
[32251] 0
[32254] -1
[32258] -1
[32264] 0
[32267] -1
[32271] -1
[32275] -1
[32279] -1
[32280] 0
[32289] -1
[32299] 0
[32306] -1
[32309] -1
[32311] -1
[32318] -1
[32321] -1
[32322] 1
IHEARDthatyouask 江苏省海门市 07-12 21:05 -> 湖南省邵阳市 07-13 05:53 1228 12443
[32324] -1
[32326] -1
[32332] -1
[32338] 0
[32341] -1
[32351] -1
[32361] -1
[32363] -1
[32371] 0
[32375] -1
[32380] -1
[32386] -1
[32395] 0
[32404] 0
[32408] -1
[32418] -1
[32420] -1
[32426] -1
[32431] -1
[32436] -1
[32439] -1
[32444] -1
[32449] 0
[32455] -1
[32463] -1
[32465] -1
[32474] 0
[32484] -1
[32492] Sideroca 铸铁 aims.their@tendencies.and 4
[32497] -1
[32502] -1
[32510] -1
[32518] -1
[32526] -1
[32527] -1
[32532] -1
[32537] -1
[32544] -1
[32549] -1
[32550] 0
[32553] 0
[32556] 0
[32565] -1
[32566] -1
[32569] -1
[32574] puzzletheNewWorld 山西省永济市 07-07 17:17 -> 北京市 07-08 01:16 850 28380
INSCRIPTIONS 北京市 07-08 13:06 -> 河南省漯河市 07-08 19:50 1124 28580
[32581] 0
[32588] -1
[32593] 0
[32597] -1
[32606] -1
[32607] -1
[32610] 0
[32615] -1
[32622] 0
[32626] -1
[32635] -1
[32644] -1
[32648] 0
[32654] -1
[32661] 0
[32663] -1
[32668] -1
[32669] -1
[32674] -1
[32679] -1
[32685] -1
[32688] 0
[32698] -1
[32707] -1
[32708] -1
[32709] -1
[32713] 0
[32716] -1
[32726] -1
[32727] -1
[32729] -1
[32734] -1
[32735] 0
[32741] -1
[32750] -1
[32757] 0
[32763] 0
[32768] 0
[32771] -1
[32774] -1
[32778] -1
[32782] -1
[32783] -1
[32789] 0
[32796] -1
[32804] 0
[32811] -1
[32820] -1
[32824] 0
[32833] -1
[32842] 0
[32848] -1
[32857] 0
[32863] -1
[32865] 0
[32871] -1
[32873] -1
[32882] -1
[32892] 0
[32898] -1
[32905] IHEARDthatyouask H
新疆和田市 xx-xx xx:xx -> 06-27 18:31 0 12443
广东省清远市 06-27 20:02 -> 06-27 20:11 466 12443
江苏省海门市 06-27 20:58 -> 06-27 21:05 858 12443
湖北省老河口市 06-27 21:35 -> 06-27 21:39 1250 12443
浙江省余姚市 06-27 23:19 -> 06-27 23:22 1440 12443
湖北省应城市 06-28 02:25 -> 06-28 02:32 1704 12443
湖南省邵阳市 06-28 05:53 -> 06-28 05:57 2086 12443
海南省万宁市 06-28 06:50 -> 06-28 06:55 2213 12443
黑龙江省五常市 06-28 09:09 -> 06-28 09:18 2619 12443
江苏省东台市 06-28 12:53 -> 06-28 13:02 2782 12443
天津市 06-28 15:51 -> 06-28 15:54 3231 12443
广东省韶关市 06-28 18:48 -> 06-28 18:53 3353 12443
四川省广汉市 06-28 21:58 -> xx-xx xx:xx 3368 x
[32915] -1
[32920] LeavesofGrass L
北京市 xx-xx xx:xx -> 08-25 14:47 0 66757
天津市 08-25 15:36 -> 08-25 15:43 153 33258
山东省兖州市 08-25 16:14 -> 08-25 16:23 479 33258
湖北省荆州市 08-25 21:14 -> 08-25 21:20 600 16592
浙江省海宁市 08-26 02:15 -> 08-26 02:24 975 32078
吉林省松原市 08-26 06:42 -> 08-26 06:49 1312 55433
安徽省宿州市 08-26 08:24 -> xx-xx xx:xx 1750 x
[32927] 0
[32935] -1
[32939] -1
[32942] -1
[32950] -1
[32958] -1
[32961] -1
[32970] -1
[32972] -1
[32978] puzzletheNewWorld N
黑龙江省齐齐哈尔市 xx-xx xx:xx -> 07-30 15:11 0 28380
山西省永济市 07-30 17:13 -> 07-30 17:17 35 28380
辽宁省盘锦市 07-30 17:48 -> 07-30 17:56 259 28380
江西省九江市 07-30 19:41 -> 07-30 19:49 526 28380
吉林省长春市 07-30 22:34 -> 07-30 22:42 763 28380
北京市 07-31 01:16 -> 07-31 01:22 885 28380
河北省河间市 07-31 01:52 -> 07-31 02:02 1182 28380
江苏省金坛市 07-31 04:27 -> 07-31 04:36 1507 28380
广西河池市 07-31 05:09 -> 07-31 05:15 1572 28380
天津市 07-31 07:44 -> 07-31 07:51 1764 28380
广东省顺德市 07-31 09:31 -> 07-31 09:38 1818 28380
浙江省瑞安市 07-31 10:49 -> 07-31 10:56 2078 28380
山东省泰安市 07-31 12:26 -> 07-31 12:36 2496 28380
湖北省枝江市 07-31 12:57 -> 07-31 13:05 2788 28380
安徽省阜阳市 07-31 14:37 -> 07-31 14:46 2964 28380
河北省丰南市 07-31 16:34 -> 07-31 16:42 3004 28380
江西省上饶市 07-31 18:45 -> xx-xx xx:xx 3446 x
[32984] -1
[32986] 0
[32993] -1
[32996] -1
[33000] -1
[33001] -1
[33006] 0
[33010] 0
[33013] 0
[33015] 0
[33023] 0
[33030] 0
[33032] 0
[33037] 0
[33039] 0
[33043] 0
[33052] 0
[33053] 0
[33061] 0
[33062] 0
[33069] 0
[33077] 0
[33087] 0
[33094] 0
[33098] 0
[33107] 0
[33115] 0
[33117] 0
[33122] 0
[33131] 0
[33141] 0
[33145] 0
[33146] 0
[33156] 0
[33166] 0
[33174] 0
[33182] 0
[33192] 0
[33194] 0
[33203] 0
[33204] 0
[33210] 0
[33219] 0
[33229] 0
[33230] 0
[33235] 0
[33242] 0
[33249] 0
[33255] 0
[33260] 0
[33265] 0
[33275] 0
[33284] 0
[33292] 0
[33297] 0
[33307] 0
[33317] 0
[33322] 0
[33329] 0
[33339] 0
[33344] 0
[33349] 0
[33350] 0
[33353] 0
[33360] 0
[33365] 0
[33366] 0
[33371] 0
[33372] 0
[33376] 0
[33379] 0
[33385] 0
[33391] 0
[33399] 0
[33408] 0
[33416] 0
[33417] 0
[33420] 0
[33427] 0
[33431] 0
[33439] 0
[33448] 0
[33451] 0
[33456] 0
[33458] 0
[33459] 0
[33464] 0
[33467] 0
[33477] 0
[33485] 0
[33495] 0
[33502] 0
[33503] 0
[33511] 0
[33513] Platinum 白金 classes.again@subordinate.grad 1
[33514] 3968403
[33522] 0
[33526] 11554032
[33531] 0
[33533] 10364256
[33543] Mousse 慕斯 longer.sufficed@Thereupon.stea 3
[33552] 0
[33560] 779740
[33565] 0
[33571] 190344
[33572] 1
puzzletheNewWorld 浙江省瑞安市 07-01 10:56 -> 山东省泰安市 07-01 12:26 418 28380
[33578] 0
[33584] 0
[33590] Durnar 坚雷 of.the.earliest@towns.From 3
[33598] Vigna 红豆 middle.class@by.industrial 4
[33604] 0
[33614] -1
[33620] 0
[33624] 0
[33625] 18182775
[33635] -1
[33642] Bagpipe 风笛 of.manufacture@was.taken 3
[33646] 28934
[33653] 0
[33660] 20615022
[33668] 0
[33675] -1
[33683] Provence 普罗旺斯 in.London.and@sketched.the 3
[33687] 8450269
[33689] 8695
[33693] 0
[33696] Melantha 玫兰 The.manufacturing@system.took 1
[33701] 911040
[33710] Savage 暴行 vanished.in@the.face 4
[33716] Vanilla 香草 of.the.Cape@opened.up 2
[33722] 1
puzzletheNewWorld 江苏省金坛市 07-17 04:36 -> 广西河池市 07-17 05:09 65 28380
[33729] -1
[33738] -1
[33739] 0
[33748] -1
[33749] 6118229
[33752] 4988073
[33757] 11765600
[33765] 25377858
[33773] -1
[33779] 1
INSCRIPTIONS 安徽省淮北市 06-27 00:08 -> 广东省新会市 06-27 23:42 2703 66193
[33788] 1
INSCRIPTIONS 北京市 07-07 13:06 -> 广东省澄海市 07-07 15:53 370 84654
[33791] -1
[33794] 0
[33799] Specter 幽灵鲨 the.bourgeoisie@possesses.howe 4
[33800] Snowsant 雪雉 nationalities@have.assembled 3
[33805] 0
[33811] 0
[33814] 0
[33824] Savage 暴行 vanished.in@the.face 4
[33825] 1
puzzletheNewWorld 北京市 07-23 01:22 -> 河北省河间市 07-23 01:52 297 28380
[33827] 1
INSCRIPTIONS 广西防城港市 07-08 03:19 -> 山西省霍州市 07-08 09:27 376 35307
[33836] 1656127
[33845] 2701408
[33854] 1
IHEARDthatyouask 湖南省邵阳市 07-12 05:57 -> 天津市 07-12 15:51 1145 12443
[33862] 0
[33869] 1
INSCRIPTIONS 安徽省淮北市 06-14 00:08 -> 江苏省吴县市 06-14 17:57 2174 51069
[33876] 0
[33877] Broca 布洛 two.great.hostile@camps.into 2
[33886] 0
[33896] Siege 推进 elements.of@the.bourgeoisie 2
[33897] 1
TOFOREIGNLANDS 吉林省长春市 06-28 21:34 -> 山东省滕州市 06-29 02:46 179 6498
[33902] 0
[33905] 9
[success] LeavesofGrass 吉林省松原市 08-10 06:49 -> 安徽省宿州市 08-10 08:24 438 11470
[success] LeavesofGrass 山东省兖州市 07-24 16:23 -> 安徽省宿州市 07-25 08:24 1271 4312
[success] INSCRIPTIONS 广东省新会市 06-16 23:52 -> 吉林省九台市 06-17 01:32 66 10987
[success] LeavesofGrass 浙江省海宁市 08-25 02:24 -> 安徽省宿州市 08-25 08:24 775 11868
[success] LeavesofGrass 湖北省荆州市 08-27 21:20 -> 安徽省宿州市 08-28 08:24 1150 14870
[success] LeavesofGrass 北京市 07-08 14:47 -> 湖北省荆州市 07-08 21:14 600 8615
[success] LeavesofGrass 北京市 08-12 14:47 -> 湖北省荆州市 08-12 21:14 600 2946
[success] LeavesofGrass 北京市 08-15 14:47 -> 山东省兖州市 08-15 16:14 479 11381
[success] LeavesofGrass 北京市 08-08 14:47 -> 安徽省宿州市 08-09 08:24 1750 2856
[33912] 4866000
[33915] 0
[33925] 2849520
[33933] 4335
[33941] 0
[33949] 19010862
[33954] 7438690
[33962] Breeze 微风 has.not.been@decried.as 3
[33968] Beagle 米格 the.increase@in.the 2
[33970] 8440145
[33980] Aak 阿阿 were.developed@The.discovery 3
[33990] -1
[33993] 10379840
[33998] -1
[33999] 0
[34007] 571162
[34016] 0
[34017] 2484112
[34024] 22219920
[34031] 6014750
[34033] 6171544
[34034] 497224
[34038] Executor 送葬人 place.of.the@old.ones 4
[34040] 0
[34049] 3621000
[34059] -1
[34062] 1
TOFOREIGNLANDS 吉林省长春市 07-18 21:34 -> 山东省滕州市 07-19 02:46 179 7812
[34064] 0
[34071] Perfumer 调香师 a.whole.is@more.and 2
[34081] 15530130
[34088] 17731530
[34097] 0
[34103] 0
[34106] 0
[34114] 22035891
[34122] 0
[34127] 0
[34137] 0
[34144] SilverAsh 银灰 following.Manifesto@to.be 4
[34151] 0
[34159] 0
[34168] 0
[34172] 5696685
[34174] 1
INSCRIPTIONS 贵州省都匀市 07-15 06:12 -> 辽宁省沈阳市 07-15 08:04 140 84654
[34179] 914260
[34186] 8995200
[34190] -1
[34192] 0
[34198] 0
[34199] 0
[34202] 0
[34210] Phantom 傀影 and.machinery@revolutionised.i 4
[34220] 200910
[34227] 16587140
[34228] 1
TOFOREIGNLANDS 山东省滕州市 06-27 02:54 -> 天津市 06-27 18:55 185 6446
[34235] Snowsant 雪雉 nationalities@have.assembled 3
[34245] 6878955
[34250] 0
[34251] 12260130
[34255] 4285875
[34264] 5109072
[34267] 0
[34270] GreyThroat 灰喉 industrial@production.was 3
[34277] 1807982
[34280] 1
LeavesofGrass 山东省兖州市 07-13 16:23 -> 吉林省松原市 07-14 06:42 833 2800
[34286] 4998063
[34294] Myrtle 桃金娘 meet.this.nursery@tale.of 3
[34303] 24148360
[34307] 7125814
[34308] Nightingale 夜莺 trade.with@the.colonies 3
[34316] 0
[34323] 8967744
[34324] 1789492
[34330] 6159594
[34339] 22056908
[34348] 0
[34355] 0
[34360] Blaze 煌煌 each.other@Bourgeoisie.and 2
[34366] 0
[34374] 0
[34376] 0
[34385] Provence 普罗旺斯 in.London.and@sketched.the 3
[34395] Mousse 慕斯 longer.sufficed@Thereupon.stea 3
[34404] Indra 因陀罗 millionaires@the.leaders 1
[34413] 4937136
[34419] 1
INSCRIPTIONS 辽宁省沈阳市 06-30 08:14 -> 河南省漯河市 06-30 19:50 1708 84654
[34420] 5103416
[34424] 0
[34426] 0
[34431] 1
puzzletheNewWorld 江西省九江市 07-03 19:49 -> 广西河池市 07-04 05:09 1046 28380
[34437] -1
[34439] 0
[34447] 0
[34454] 1297368
[34458] 0
[34465] 1
IHEARDthatyouask 湖北省老河口市 07-11 21:39 -> 黑龙江省五常市 07-12 09:09 1369 12443
[34466] 422406
[34471] 2710800
[34480] 2943038
[34482] Matterhorn 角峰 itself.a.Power@II.It 3
[34483] 43204030
[34485] 0
[34487] 1
puzzletheNewWorld 吉林省长春市 08-02 22:42 -> 山东省泰安市 08-03 12:26 1733 28380
[34490] 0
[34500] 0
[34502] 0
[34506] 1868878
[34512] 0
[34514] 0
[34516] 0
[34522] 3734656
[34526] Specter 幽灵鲨 the.bourgeoisie@possesses.howe 4
[34529] 3807120
[34538] Phantom 傀影 and.machinery@revolutionised.i 4
[34548] 3909984
[34556] 0
[34561] 0
[34568] 5
[success] INSCRIPTIONS 河南省禹州市 06-20 01:17 -> 广东省新会市 06-20 23:42 2607 14487
[success] LeavesofGrass 北京市 08-01 14:47 -> 天津市 08-01 15:36 153 9235
[success] INSCRIPTIONS 广东省佛山市 07-01 20:54 -> 福建省龙海市 07-02 03:20 612 11121
[pending] LeavesofGrass 天津市 07-23 15:43 -> 安徽省宿州市 07-24 08:24 1597 8220
[success] LeavesofGrass 山东省兖州市 07-25 16:23 -> 安徽省宿州市 07-26 08:24 1271 13982
[34574] 0
[34579] 1
LeavesofGrass 天津市 07-17 15:43 -> 安徽省宿州市 07-18 08:24 1597 24144
[34580] Breeze 微风 has.not.been@decried.as 3
[34583] Amiya 阿米娅 Freeman.and@slave.patrician 2
[34588] 1
INSCRIPTIONS 广东省新会市 06-15 23:52 -> 吉林省九台市 06-16 01:32 66 47141
[34592] 0
[34602] 2419074
[34610] 0
[34611] 4616304
[34615] 0
[34625] 0
[34629] -1
[34636] 10646654
[34640] Hellagur 赫拉格 not.done.away@with.class 2
[34647] Flamebringer 炎客 that.each.time@ended.either 3
[34649] May 梅梅 means.of.exchange@and.in 4
[34656] 0
[34658] 5397256
[34666] 7226946
[34669] Executor 送葬人 place.of.the@old.ones 4
[34673] 3549990
[34678] 35976150
[34683] 0
[34687] 35371
[34694] 1
LeavesofGrass 天津市 07-08 15:43 -> 安徽省宿州市 07-09 08:24 1597 30255
[34700] 8732502
[34703] 0
[34709] 0
[34719] 550740
[34728] Phantom 傀影 and.machinery@revolutionised.i 4
[34732] Meteorite 陨星 has.simplified@the.class 4
[34740] 0
[34743] 2849625
[34748] 6484410
[34758] 1
puzzletheNewWorld 江西省九江市 07-28 19:49 -> 浙江省瑞安市 07-29 10:49 1552 28380
[34768] 13234200
[34772] 1
LeavesofGrass 北京市 08-28 14:47 -> 天津市 08-28 15:36 153 59707
[34775] Shining 闪灵 division.of@labour.between 4
[34782] 1874327
[34787] 1
TOFOREIGNLANDS 吉林省长春市 07-13 21:34 -> 山西省潞城市 07-14 08:19 347 6536
[34789] 1696365
[34797] 8537307
[34807] 2413200
[34813] 1
LeavesofGrass 天津市 07-01 15:43 -> 湖北省荆州市 07-01 21:14 447 7846
[34822] May 梅梅 America.paved@the.way 4
[34825] 0
[34831] 2
puzzletheNewWorld 吉林省长春市 06-15 22:42 -> 天津市 06-16 07:44 1001 28380
TOFOREIGNLANDS 吉林省长春市 06-15 21:34 -> 天津市 06-16 18:55 364 7812
[34841] 1
INSCRIPTIONS 北京市 07-05 13:06 -> 广东省澄海市 07-05 15:53 370 84654
[34843] 2750462
[34845] 0
[34850] 637439
[34852] Croissant 可颂 This.market@has.given 4
[34861] 0
[34865] 0
[34874] 1
IHEARDthatyouask 天津市 06-30 15:54 -> 广东省韶关市 06-30 18:48 122 12443
[34883] 20385151
[34892] 1855890
[34902] 16056288
[34903] 0
[34906] 10980184
[34907] 3827875
[34913] 189168
[34922] 1
TOFOREIGNLANDS 吉林省长春市 07-03 21:34 -> 山西省潞城市 07-04 08:19 347 6726
[34930] -1
[34936] 2483142
[34944] -1
[34951] -1
[34955] 0
[34959] 1346544
[34964] Amiya 阿米娅 Freeman.and@slave.patrician 2
[34970] Blaze 煌煌 each.other@Bourgeoisie.and 2
[34978] 0
[34982] Ethan 伊桑 party.itself@To.this 3
[34985] 2845875
[34989] -1
[34990] 1
puzzletheNewWorld 辽宁省盘锦市 07-09 17:56 -> 吉林省长春市 07-09 22:34 504 27732
[35000] 1
TOFOREIGNLANDS 吉林省长春市 06-28 21:34 -> 山西省潞城市 06-29 08:19 347 6498
[35003] Ambriel 安比尔 in.each.single@workshop.Meanti 2
[35009] 2698092
[35010] 0
[35011] 0
[35021] -1
[35031] -1
[35035] 3733302
[35045] 1
INSCRIPTIONS 安徽省淮北市 07-21 00:08 -> 辽宁省沈阳市 07-21 08:04 840 60044
[35051] 6
[success] LeavesofGrass 山东省兖州市 08-08 16:23 -> 安徽省宿州市 08-09 08:24 1271 14074
[success] INSCRIPTIONS 贵州省都匀市 07-09 06:12 -> 北京市 07-09 12:58 724 3459
[success] INSCRIPTIONS 河南省禹州市 06-23 01:17 -> 吉林省九台市 06-24 01:32 2673 10699
[success] LeavesofGrass 天津市 07-23 15:43 -> 湖北省荆州市 07-23 21:14 447 6105
[success] LeavesofGrass 山东省兖州市 07-12 16:23 -> 安徽省宿州市 07-13 08:24 1271 4279
[success] LeavesofGrass 浙江省海宁市 07-22 02:24 -> 安徽省宿州市 07-22 08:24 775 15841
[35061] 0
[35067] 0
[35076] 2208024
[35079] Flamebringer 炎客 that.each.time@ended.either 3
[35086] 9995520
[35089] 0
[35098] -1
[35104] Spot 斑点 guilds.now@no.longer 2
[35111] 0
[35115] 1
IHEARDthatyouask 新疆和田市 06-24 18:31 -> 湖北省应城市 06-25 02:25 1704 12443
[35119] 29959160
[35125] Meteorite 陨星 has.simplified@the.class 4
[35130] Adnachiel 安德切尔 branding.reproach@of.Communism 4
[35132] 1
TOFOREIGNLANDS 山西省潞城市 06-26 08:22 -> 天津市 06-26 18:55 17 7812
[35138] Ambriel 安比尔 in.each.single@workshop.Meanti 2
[35140] 1
puzzletheNewWorld 浙江省瑞安市 06-25 10:56 -> 湖北省枝江市 06-25 12:57 710 28380
[35143] 3
[success] LeavesofGrass 山东省兖州市 07-26 16:23 -> 浙江省海宁市 07-27 02:15 496 1835
[success] LeavesofGrass 浙江省海宁市 08-18 02:24 -> 安徽省宿州市 08-18 08:24 775 6113
[success] INSCRIPTIONS 河南省禹州市 06-24 01:17 -> 贵州省都匀市 06-24 06:08 604 19935
[35148] Sideroca 铸铁 aims.their@tendencies.and 4
[35150] 519428
[35158] 1
LeavesofGrass 山东省兖州市 07-19 16:23 -> 湖北省荆州市 07-19 21:14 121 57084
[35159] 1
puzzletheNewWorld 江西省九江市 08-13 19:49 -> 河北省丰南市 08-14 16:34 2478 28380
[35167] 0
[35168] 6143175
[35169] Indra 因陀罗 millionaires@the.leaders 1
[35175] 1496040
[35178] 293232
[35180] Adnachiel 安德切 branding.reproach@of.Communism 4
[35183] 332377
[35191] 8673025
[35200] 0
[35209] 0
[35214] 563836
[35220] 1520637
[35230] 1
INSCRIPTIONS 贵州省都匀市 06-25 06:12 -> 福建省龙海市 06-26 03:20 2530 84654
[35234] 0
[35241] Chen 陈陈 colonisation@of.America 4
[35250] 14467
[35257] 0
[35265] 3994122
[35270] Shining 闪灵 division.of@labour.between 4
[35274] queue
[35282] 20537420
[35287] -1
[35289] 5164992
[35292] 0
[35295] 2065125
[35296] 0
[35301] 3232873
[35306] 0
[35308] 1
TOFOREIGNLANDS 山西省潞城市 07-08 08:22 -> 天津市 07-08 18:55 17 7812
[35311] 0
[35316] 1406690
[35318] -1
[35324] 0
[35334] 0
[35340] 9258590
[35343] Savage 暴行 vanished.in@the.face 4
[35352] Schwarz 黑黑 an.immense@development.to 3
[35358] 1
LeavesofGrass 山东省兖州市 08-29 16:23 -> 湖北省荆州市 08-29 21:14 121 16759
[35365] 0
[35374] 0
[35380] 1
TOFOREIGNLANDS 山西省潞城市 06-29 08:22 -> 天津市 06-29 18:55 17 7812
[35385] 0
[35387] 169336
[35391] 702156
[35394] 2
[success] INSCRIPTIONS 河南省禹州市 07-01 01:17 -> 广东省澄海市 07-01 15:53 1698 9456
[success] IHEARDthatyouask 黑龙江省五常市 07-11 09:18 -> 广东省韶关市 07-11 18:48 734 2438
[35400] 0
[35406] 853770
[35415] 3247
[35418] 10916053
[35426] 2811900
[35432] 0
[35436] 4240808
[35440] 1
TOFOREIGNLANDS 山西省潞城市 07-17 08:22 -> 天津市 07-17 18:55 17 7812
[35446] 0
[35454] 0
[35463] -1
[35468] 6579
[35472] 0
[35482] 275723
[35492] 0
[35497] 0
[35505] 1
INSCRIPTIONS 河南省洛阳市 06-13 10:26 -> 河南省长葛市 06-14 07:31 2472 71946
[35510] 2
LeavesofGrass 北京市 07-30 14:47 -> 天津市 07-30 15:36 153 22705
puzzletheNewWorld 北京市 07-30 01:22 -> 天津市 07-30 07:44 879 28380
[35511] 1535628
[35514] 7
[success] LeavesofGrass 北京市 08-19 14:47 -> 山东省兖州市 08-19 16:14 479 12056
[success] LeavesofGrass 山东省兖州市 07-22 16:23 -> 浙江省海宁市 07-23 02:15 496 1340
[success] INSCRIPTIONS 广东省新会市 06-15 23:52 -> 河北省任丘市 06-16 06:25 576 19894
[success] LeavesofGrass 天津市 07-08 15:43 -> 山东省兖州市 07-08 16:14 326 4546
[success] LeavesofGrass 北京市 08-30 14:47 -> 湖北省荆州市 08-30 21:14 600 13558
[success] INSCRIPTIONS 河南省禹州市 07-12 01:17 -> 广东省澄海市 07-12 15:53 1698 16507
[success] LeavesofGrass 北京市 07-07 14:47 -> 天津市 07-07 15:36 153 8456
[35516] 0
[35522] 0
[35525] 0
[35532] May 梅梅 communication@by.land 4
[35536] 1
[success] INSCRIPTIONS 贵州省都匀市 07-11 06:12 -> 河北省任丘市 07-12 06:25 2579 13232
[35539] 0
[35540] 6618976
[35548] Silence 赫默 commerce.to@navigation.to 1
[35554] 2565657
[35557] 0
[35558] Sideroca 铸铁 This.development@has.in 4
[35561] 12416800
[35564] 0
[35569] 1
LeavesofGrass 天津市 08-20 15:43 -> 吉林省松原市 08-21 06:42 1159 35435
[35572] Platinum 白金 classes.again@subordinate.grad 1
[35581] 8
[success] TOFOREIGNLANDS 山东省滕州市 07-07 02:54 -> 天津市 07-07 18:55 185 47
[pending] LeavesofGrass 山东省兖州市 07-13 16:23 -> 安徽省宿州市 07-14 08:24 1271 4387
[success] LeavesofGrass 天津市 07-15 15:43 -> 安徽省宿州市 07-16 08:24 1597 10822
[success] LeavesofGrass 天津市 08-20 15:43 -> 山东省兖州市 08-20 16:14 326 15356
[success] LeavesofGrass 天津市 07-16 15:43 -> 湖北省荆州市 07-16 21:14 447 13214
[success] LeavesofGrass 天津市 07-17 15:43 -> 吉林省松原市 07-18 06:42 1159 14161
[success] LeavesofGrass 天津市 08-24 15:43 -> 山东省兖州市 08-24 16:14 326 8887
[success] LeavesofGrass 湖北省荆州市 07-26 21:20 -> 安徽省宿州市 07-27 08:24 1150 931
[35591] queue
[35597] 0
[35602] 1
LeavesofGrass 北京市 08-31 14:47 -> 天津市 08-31 15:36 153 49321
[35610] Bison 拜松 feudal.lords@vassals.guildmast 4
[35619] 0
[35626] 1
INSCRIPTIONS 安徽省淮北市 06-24 00:08 -> 河南省长葛市 06-25 07:31 3611 52831
[35635] 39569276
[35643] 0
[35650] Provence 普罗旺斯 in.London.and@sketched.the 3
[35656] 0
[35666] Sideroca 铸铁 This.development@has.in 4
[35671] 0
[35679] Frostleaf 霜叶 fresh.ground@for.the 4
[35680] 1
LeavesofGrass 天津市 07-30 15:43 -> 湖北省荆州市 07-30 21:14 447 3369
[35686] 1
TOFOREIGNLANDS 山东省滕州市 06-19 02:54 -> 山西省潞城市 06-19 08:19 168 7812
[35690] 1688707
[35691] 0
[35694] Croissant 可颂 This.market@has.given 4
[35699] 6048000
[35708] 1
INSCRIPTIONS 河南省漯河市 07-19 19:59 -> 吉林省九台市 07-20 01:32 221 72073
[35715] 6
[success] INSCRIPTIONS 河南省洛阳市 07-20 10:26 -> 河北省任丘市 07-21 06:25 2140 7751
[success] TOFOREIGNLANDS 山东省滕州市 07-09 02:54 -> 山西省潞城市 07-09 08:19 168 1233
[success] LeavesofGrass 浙江省海宁市 07-21 02:24 -> 吉林省松原市 07-21 06:42 337 14551
[success] LeavesofGrass 吉林省松原市 07-02 06:49 -> 安徽省宿州市 07-02 08:24 438 2051
[success] LeavesofGrass 山东省兖州市 08-10 16:23 -> 湖北省荆州市 08-10 21:14 121 11303
[success] LeavesofGrass 天津市 07-23 15:43 -> 湖北省荆州市 07-23 21:14 447 15035
[35719] 0
[35729] 1
IHEARDthatyouask 广东省清远市 06-27 20:11 -> 江苏省东台市 06-28 12:53 2316 9796
[35731] 3827210
[35740] Rope 暗索 and.plebeian@lord.and 3
[35742] 0
[35746] -1
[35747] 0
[35757] 0
[35767] 0
[35774] 0
[35780] 0
[35783] 5
[success] LeavesofGrass 北京市 07-27 14:47 -> 浙江省海宁市 07-28 02:15 975 2884
[success] LeavesofGrass 湖北省荆州市 08-22 21:20 -> 安徽省宿州市 08-23 08:24 1150 4074
[success] INSCRIPTIONS 安徽省淮北市 06-25 00:08 -> 河南省禹州市 06-25 01:12 96 10530
[success] LeavesofGrass 吉林省松原市 06-25 06:49 -> 安徽省宿州市 06-25 08:24 438 4688
[success] LeavesofGrass 吉林省松原市 08-07 06:49 -> 安徽省宿州市 08-07 08:24 438 14461
[35789] 13412000
[35798] 1
TOFOREIGNLANDS 吉林省长春市 07-09 21:34 -> 山西省潞城市 07-10 08:19 347 5988
[35807] Phantom 傀影 and.machinery@revolutionised.i 4
[35812] Beagle 米格 the.increase@in.the 2
[35822] 0
[35832] 1936632
[35839] 5562000
[35841] 28033250
[35845] 17819584
[35853] 0
[35861] 0
[35862] 3029100
[35872] 0
[35877] 2285892
[35880] 0
[35886] 0
[35889] 479752
[35896] 10
[success] LeavesofGrass 北京市 08-20 14:47 -> 吉林省松原市 08-21 06:42 1312 13582
[success] LeavesofGrass 北京市 07-22 14:47 -> 安徽省宿州市 07-23 08:24 1750 9293
[success] LeavesofGrass 山东省兖州市 08-27 16:23 -> 吉林省松原市 08-28 06:42 833 13918
[success] INSCRIPTIONS 安徽省淮北市 06-12 00:08 -> 广东省新会市 06-12 23:42 2703 19082
[success] INSCRIPTIONS 河南省洛阳市 06-20 10:26 -> 广东省新会市 06-20 23:42 1564 17481
[success] LeavesofGrass 吉林省松原市 08-22 06:49 -> 安徽省宿州市 08-22 08:24 438 6287
[success] LeavesofGrass 天津市 07-03 15:43 -> 浙江省海宁市 07-04 02:15 822 548
[success] LeavesofGrass 山东省兖州市 07-30 16:23 -> 安徽省宿州市 07-31 08:24 1271 12358
[success] LeavesofGrass 北京市 07-20 14:47 -> 浙江省海宁市 07-21 02:15 975 1521
[success] LeavesofGrass 吉林省松原市 08-21 06:49 -> 安徽省宿州市 08-21 08:24 438 7085
[35905] 1
LeavesofGrass 天津市 06-26 15:43 -> 湖北省荆州市 06-26 21:14 447 24025
[35906] 0
[35909] Breeze 微风 has.not.been@decried.as 3
[35913] 7193516
[35920] -1
[35922] 4547141
[35927] 20839316
[35934] Ethan 伊桑 party.itself@To.this 3
[35939] 10698048
[35943] 62266
[35952] 99703
[35959] Phantom 傀影 and.machinery@revolutionised.i 4
[35962] 0
[35964] 0
[35969] 0
[35970] 0
[35974] 0
[35975] 17077156
[35976] 0
[35979] 4
[success] LeavesofGrass 天津市 08-17 15:43 -> 湖北省荆州市 08-17 21:14 447 11159
[success] TOFOREIGNLANDS 吉林省长春市 07-16 21:34 -> 山东省滕州市 07-17 02:46 179 1770
[success] puzzletheNewWorld 北京市 06-11 01:22 -> 广东省顺德市 06-11 09:31 933 5681
[success] INSCRIPTIONS 河南省漯河市 07-21 19:59 -> 吉林省九台市 07-22 01:32 221 4223
[35982] 2725814
[35992] 10895100
[35999] Bagpipe 风笛 of.manufacture@was.taken 3
[36005] 0
[36009] 0
[36013] Midnight 月见夜 journeymen@apprentices.serfs 2
[36019] 0
[36020] May 梅梅 communication@by.land 4
[36030] 0
[36034] 10
[success] TOFOREIGNLANDS 吉林省长春市 06-27 21:34 -> 天津市 06-28 18:55 364 1427
[pending] LeavesofGrass 北京市 07-23 14:47 -> 安徽省宿州市 07-24 08:24 1750 12580
[success] LeavesofGrass 天津市 07-11 15:43 -> 湖北省荆州市 07-11 21:14 447 9125
[success] LeavesofGrass 浙江省海宁市 07-28 02:24 -> 安徽省宿州市 07-28 08:24 775 10788
[success] LeavesofGrass 天津市 06-20 15:43 -> 浙江省海宁市 06-21 02:15 822 2089
[success] INSCRIPTIONS 山西省霍州市 07-14 09:31 -> 广东省新会市 07-14 23:42 1746 1702
[success] LeavesofGrass 天津市 08-06 15:43 -> 湖北省荆州市 08-06 21:14 447 6334
[success] LeavesofGrass 天津市 08-30 15:43 -> 山东省兖州市 08-30 16:14 326 1219
[success] LeavesofGrass 北京市 07-05 14:47 -> 湖北省荆州市 07-05 21:14 600 5491
[success] LeavesofGrass 山东省兖州市 07-06 16:23 -> 浙江省海宁市 07-07 02:15 496 13689
[36039] Chen 陈陈 colonisation@of.America 4
[36046] 10968699
[36050] 643200
[36052] NoirCorne 黑角 of.division@of.labour 4
[36054] 5119280
[36063] 0
[36071] 1672307
[36078] 0
[36086] 0
[36088] 1
puzzletheNewWorld 山东省泰安市 08-07 12:36 -> 湖北省枝江市 08-07 12:57 292 28380
[36094] 1
INSCRIPTIONS 贵州省都匀市 07-16 06:12 -> 河北省任丘市 07-17 06:25 2579 65025
[36103] Chen 陈陈 colonisation@of.America 4
[36106] 3503040
[36112] 2749764
[36115] 0
[36122] 0
[36130] 5354349
[36139] -1
[36144] 12810707
[36151] 0
[36154] Shining 闪灵 division.of@labour.between 4
[36156] puzzletheNewWorld N
黑龙江省齐齐哈尔市 xx-xx xx:xx -> 08-06 15:11 0 28380
山西省永济市 08-06 17:13 -> 08-06 17:17 35 28380
辽宁省盘锦市 08-06 17:48 -> 08-06 17:56 259 28380
江西省九江市 08-06 19:41 -> 08-06 19:49 526 28380
吉林省长春市 08-06 22:34 -> 08-06 22:42 763 28380
北京市 08-07 01:16 -> 08-07 01:22 885 28380
河北省河间市 08-07 01:52 -> 08-07 02:02 1182 28380
江苏省金坛市 08-07 04:27 -> 08-07 04:36 1507 28380
广西河池市 08-07 05:09 -> 08-07 05:15 1572 28380
天津市 08-07 07:44 -> 08-07 07:51 1764 28380
广东省顺德市 08-07 09:31 -> 08-07 09:38 1818 28380
浙江省瑞安市 08-07 10:49 -> 08-07 10:56 2078 28380
山东省泰安市 08-07 12:26 -> 08-07 12:36 2496 28380
湖北省枝江市 08-07 12:57 -> 08-07 13:05 2788 28380
安徽省阜阳市 08-07 14:37 -> 08-07 14:46 2964 28380
河北省丰南市 08-07 16:34 -> 08-07 16:42 3004 28380
江西省上饶市 08-07 18:45 -> xx-xx xx:xx 3446 x
[36158] 0
[36164] 0
[36173] Myrtle 桃金娘 meet.this.nursery@tale.of 3
[36182] 0
[36191] 0
[36201] 0
[36205] ShiraYuki 白雪 thereby.to@the.revolutionary 1
[36209] 0
[36212] Hung 吽吽 Communistic@by.its 4
[36215] 732450
[36216] 2676000
[36221] Chen 陈陈 colonisation@of.America 4
[36228] 0
[36238] 6149400
[36245] 1065864
[36249] Midnight 月见夜 journeymen@apprentices.serfs 2
[36258] 0
[36259] 6306175
[36266] 11662
[36273] 0
[36278] 0
[36288] 1
puzzletheNewWorld 广东省顺德市 07-14 09:38 -> 湖北省枝江市 07-14 12:57 970 28380
[36290] Savage 暴行 vanished.in@the.face 4
[36295] 0
[36303] 0
[36308] 8118072
[36310] 0
[36316] 0
[36318] 0
[36321] Plume 翎羽 and.Danish@languages.I 1
[36330] 3149487
[36333] 4044030
[36338] Perfumer 调香师 a.whole.is@more.and 2
[36343] -1
[36345] 1
LeavesofGrass 北京市 06-26 14:47 -> 湖北省荆州市 06-26 21:14 600 24025
[36352] 14253855
[36354] 57602
[36359] 506143
[36367] 0
[36377] Schwarz 黑黑 an.immense@development.to 3
[36381] 1
LeavesofGrass 北京市 06-19 14:47 -> 吉林省松原市 06-20 06:42 1312 16115
[36391] 1
INSCRIPTIONS 贵州省都匀市 07-21 06:12 -> 北京市 07-21 12:58 724 60044
[36395] 0
[36402] 0
[36408] Lappland 拉普兰德 modern.bourgeois@Modern.indust 4
[36418] 20308448
[36420] 0
[36422] 10418850
[36428] Savage 暴行 vanished.in@the.face 4
[36435] 0
[36443] Melantha 玫兰 The.manufacturing@system.took 1
[36448] -1
[36458] 1
TOFOREIGNLANDS 山东省滕州市 07-13 02:54 -> 山西省潞城市 07-13 08:19 168 7812
[36460] 5398880
[36470] 6934004
[36480] 1024749
[36486] 0
[36492] -1
[36500] Gummy 古米 of.whole.industrial@armies.the 3
[36509] Astesia 星极 face.of.the@whole.world 3
[36519] Nightingale 夜莺 trade.with@the.colonies 3
[36521] 0
[36525] Jessica 杰西卡 for.which.the@discovery.of 2
[36528] 0
[36533] 13
[success] LeavesofGrass 浙江省海宁市 08-08 02:24 -> 安徽省宿州市 08-08 08:24 775 8137
[success] puzzletheNewWorld 河北省河间市 06-20 02:02 -> 湖北省枝江市 06-20 12:57 1606 5765
[success] INSCRIPTIONS 江苏省吴县市 06-22 18:06 -> 河南省长葛市 06-23 07:31 1437 4275
[success] INSCRIPTIONS 贵州省都匀市 06-21 06:12 -> 广东省佛山市 06-21 20:46 1918 15620
[success] TOFOREIGNLANDS 吉林省长春市 07-10 21:34 -> 山西省潞城市 07-11 08:19 347 1646
[success] LeavesofGrass 浙江省海宁市 07-31 02:24 -> 吉林省松原市 07-31 06:42 337 4620
[success] LeavesofGrass 天津市 07-23 15:43 -> 浙江省海宁市 07-24 02:15 822 5373
[success] LeavesofGrass 北京市 06-25 14:47 -> 山东省兖州市 06-25 16:14 479 11307
[success] LeavesofGrass 吉林省松原市 07-02 06:49 -> 安徽省宿州市 07-02 08:24 438 10550
[success] LeavesofGrass 天津市 06-23 15:43 -> 吉林省松原市 06-24 06:42 1159 10140
[success] LeavesofGrass 北京市 07-01 14:47 -> 浙江省海宁市 07-02 02:15 975 3923
[success] LeavesofGrass 天津市 08-11 15:43 -> 湖北省荆州市 08-11 21:14 447 64
[refunded] LeavesofGrass 吉林省松原市 07-02 06:49 -> 安徽省宿州市 07-02 08:24 438 15575
[36536] 0
[36541] Indra 因陀 millionaires@the.leaders 1
[36542] 0
[36550] 1
puzzletheNewWorld 江苏省金坛市 08-13 04:36 -> 山东省泰安市 08-13 12:26 989 24188
[36559] 0
[36561] 0
[36567] 4
[success] TOFOREIGNLANDS 吉林省长春市 06-26 21:34 -> 天津市 06-27 18:55 364 1549
[success] INSCRIPTIONS 河南省洛阳市 07-15 10:26 -> 河南省漯河市 07-15 19:50 1409 3504
[success] INSCRIPTIONS 广东省佛山市 07-22 20:54 -> 广东省新会市 07-22 23:42 85 2313
[success] INSCRIPTIONS 辽宁省沈阳市 07-01 08:14 -> 河南省漯河市 07-01 19:50 1708 2464
[36569] 0
[36575] Amiya 阿米娅 Freeman.and@slave.patrician 2
[36585] 0
[36593] 0
[36600] 1
puzzletheNewWorld 辽宁省盘锦市 07-11 17:56 -> 河北省丰南市 07-12 16:34 2745 28380
[36601] Savage 暴行 vanished.in@the.face 4
[36607] 2
LeavesofGrass 北京市 07-31 14:47 -> 天津市 07-31 15:36 153 65422
puzzletheNewWorld 北京市 07-31 01:22 -> 天津市 07-31 07:44 879 28380
[36614] 25833888
[36623] 6
[success] LeavesofGrass 山东省兖州市 07-12 16:23 -> 吉林省松原市 07-13 06:42 833 15379
[success] LeavesofGrass 天津市 08-10 15:43 -> 山东省兖州市 08-10 16:14 326 15672
[pending] LeavesofGrass 天津市 07-01 15:43 -> 安徽省宿州市 07-02 08:24 1597 8420
[success] TOFOREIGNLANDS 山东省滕州市 06-24 02:54 -> 天津市 06-24 18:55 185 697
[success] LeavesofGrass 北京市 08-29 14:47 -> 湖北省荆州市 08-29 21:14 600 14989
[success] LeavesofGrass 天津市 08-18 15:43 -> 吉林省松原市 08-19 06:42 1159 5314
[36625] 407378
[36629] 19076439
[36630] queue
[36634] 0
[36642] 0
[36651] 5202
[36653] 13419630
[36662] Sora 空空 of.America@the.rounding 2
[36672] -1
[36681] Melantha 玫兰 The.manufacturing@system.took 1
[36689] 0
[36695] 130150
[36700] Amiya 阿米 Freeman.and@slave.patrician 2
[36706] 0
[36710] 1
INSCRIPTIONS 贵州省都匀市 06-26 06:12 -> 辽宁省沈阳市 06-26 08:04 140 84654
[36719] 300625
[36723] -1
[36726] Breeze 微风 has.not.been@decried.as 3
[36736] 1
LeavesofGrass 天津市 08-03 15:43 -> 浙江省海宁市 08-04 02:15 822 45699
[36745] 0
[36755] 0
[36761] 22260000
[36766] bye
