[277492] -1
[277498] -1
[277502] -1
[277508] -1
[277511] -1
[277518] 0
[277528] -1
[277533] 0
[277543] 0
[277549] -1
[277551] -1
[277552] 0
[277553] -1
[277555] -1
[277557] 0
[277562] 0
[277569] -1
[277572] 0
[277582] 0
[277586] -1
[277592] -1
[277599] -1
[277602] -1
[277605] 0
[277611] -1
[277618] -1
[277626] -1
[277631] 0
[277639] -1
[277645] -1
[277654] -1
[277659] -1
[277664] -1
[277672] -1
[277675] -1
[277676] 0
[277684] 0
[277693] -1
[277698] 0
[277707] -1
[277712] 0
[277720] 0
[277727] -1
[277734] -1
[277742] 0
[277743] -1
[277751] -1
[277757] -1
[277758] -1
[277766] 0
[277772] -1
[277777] 0
[277785] -1
[277791] -1
[277794] BEGINNINGMYSTUDI Q
山东省潍坊市 xx-xx xx:xx -> 06-22 14:48 0 59391
陕西省安康市 06-22 17:40 -> 06-22 17:50 478 59391
陕西省延安市 06-22 18:13 -> 06-22 18:17 588 59391
江西省高安市 06-22 18:50 -> 06-22 18:59 745 59391
湖南省怀化市 06-22 22:02 -> 06-22 22:08 892 59391
北京市 06-23 01:05 -> 06-23 01:09 1350 59391
新疆昌吉市 06-23 04:10 -> 06-23 04:16 1685 59391
甘肃省玉门市 06-23 05:30 -> 06-23 05:35 1780 59391
贵州省遵义市 06-23 08:06 -> 06-23 08:15 2273 59391
甘肃省临夏市 06-23 09:50 -> xx-xx xx:xx 2539 x
[277798] 0
[277803] -1
[277806] -1
[277814] 0
[277822] 0
[277823] -1
[277826] -1
[277832] 0
[277840] -1
[277842] -1
[277846] -1
[277853] -1
[277854] -1
[277856] 0
[277857] -1
[277866] -1
[277876] 0
[277882] -1
[277888] 0
[277892] -1
[277897] -1
[277907] -1
[277908] ItoohaughtyShade 陕西省安康市 08-09 18:17 -> 北京市 08-09 22:52 786 44025
Forlifeanddeath 北京市 08-10 17:56 -> 广东省三水市 08-11 02:03 490 51926
[277911] -1
[277916] -1
[277923] -1
[277925] -1
[277933] 0
[277942] 0
[277952] -1
[277953] -1
[277955] -1
[277965] -1
[277971] 0
[277976] -1
[277981] -1
[277985] 0
[277986] -1
[277993] 0
[277999] -1
[278004] 0
[278008] -1
[278013] -1
[278018] -1
[278027] -1
[278031] 0
[278032] -1
[278038] -1
[278043] -1
[278047] -1
[278054] 0
[278064] -1
[278072] -1
[278081] 0
[278087] -1
[278093] -1
[278101] -1
[278106] 0
[278110] -1
[278116] -1
[278122] 0
[278125] -1
[278127] 0
[278130] -1
[278136] -1
[278141] Hoshiguma 星熊 of.the.ruling@classes.are 1
[278146] -1
[278148] -1
[278151] 0
[278154] -1
[278160] -1
[278162] -1
[278164] -1
[278171] -1
[278175] -1
[278183] -1
[278188] -1
[278190] -1
[278196] -1
[278199] -1
[278202] -1
[278211] -1
[278220] -1
[278226] -1
[278232] 0
[278235] 0
[278236] 0
[278238] -1
[278247] -1
[278254] 0
[278255] -1
[278260] -1
[278262] -1
[278267] -1
[278269] -1
[278277] -1
[278282] -1
[278292] -1
[278301] -1
[278302] 0
[278312] -1
[278317] -1
[278318] -1
[278323] -1
[278326] -1
[278336] -1
[278345] -1
[278351] -1
[278358] -1
[278360] -1
[278362] -1
[278363] -1
[278369] -1
[278370] -1
[278373] 0
[278379] 0
[278382] 0
[278384] -1
[278386] -1
[278389] -1
[278392] -1
[278394] 0
[278401] -1
[278408] 0
[278409] -1
[278419] -1
[278428] -1
[278438] bye
