[10] 0
[18] 0
[28] 0
[33] 0
[37] Ptilopsis 白面 MANIFESTO.OF@THE.COMMUNIST 9
[40] 0
[48] 0
[51] 0
[53] 0
[54] 0
[55] -1
[58] Vigna 红豆 PARTY.A.spectre@is.haunting 7
[63] 0
[68] 0
[73] 0
[82] 0
[89] 0
[90] Saria 塞雷娅 All.the.Powers@of.old 7
[92] Orchid 梓兰 a.holy.alliance@to.exorcise 5
[93] 0
[100] 0
[103] Hellagur 赫拉格 this.spectre@Pope.and 5
[110] -1
[112] Saria 塞雷娅 All.the.Powers@of.old 7
[113] 0
[119] 0
[123] -1
[128] -1
[135] 0
[140] 0
[148] -1
[157] -1
[160] 0
[165] 0
[173] 0
[175] 0
[177] 0
[179] 0
[186] -1
[192] 0
[194] 0
[200] Saria 塞雷娅 All.the.Powers@of.old 7
[201] Specter 幽灵鲨 French.Radicals@and.German 8
[206] 0
[210] 0
[214] Firewatch 守林人 has.not.been@decried.as 5
[221] 0
[228] 0
[234] Exusiai 能天使 the.party.in@opposition.that 7
[236] 0
[244] -1
[246] 0
[251] 0
[254] BluePoison 蓝毒 Europethe.spectre@of.Communism 7
[257] Lava 炎熔 opponents.in@power.Where 8
[266] 0
[275] 0
[282] 0
[283] 0
[288] 0
[296] 0
[299] -1
[308] 0
[314] 0
[319] Firewatch 守林人 has.not.been@decried.as 5
[326] 0
[331] 0
[339] Gravel 砾砾 opposition@parties.as 4
[341] 0
[348] 0
[349] 0
[354] 0
[361] Ambriel 安比尔 I.Communism@is.already 4
[369] 0
[374] Ambriel 安比尔 I.Communism@is.already 4
[382] Franka 芙兰卡 against.the@more.advanced 4
[387] 0
[388] 0
[398] 0
[401] 0
[411] Gravel 砾砾 opposition@parties.as 4
[413] Gitano 远山 is.high.time@that.Communists 3
[414] 0
[420] 0
[424] Ambriel 安比尔 I.Communism@is.already 4
[431] Gravel 砾砾 opposition@parties.as 4
[439] 0
[445] 0
[447] 0
[454] 0
[455] 0
[458] 0
[463] 0
[472] 0
[481] 0
[487] 0
[491] Sideroca 铸铁 acknowledged@by.all 4
[498] Ambriel 安比尔 I.Communism@is.already 4
[507] 0
[516] 0
[525] Franka 芙兰卡 against.the@more.advanced 4
[531] 0
[533] -1
[536] Gravel 砾砾 opposition@parties.as 4
[542] Gitano 远山 is.high.time@that.Communists 3
[547] Gitano 远山 is.high.time@that.Communists 3
[553] 0
[555] -1
[563] 0
[569] 0
[576] Franka 芙兰卡 against.the@more.advanced 4
[577] Sideroca 铸铁 acknowledged@by.all 4
[584] Gravel 砾砾 opposition@parties.as 4
[592] 0
[593] NoirCorne 黑角 should.openly@in.the 4
[595] 0
[597] 0
[606] Gitano 远山 in.London.and@sketched.the 3
[616] Franka 芙兰卡 against.the@more.advanced 4
[624] 0
[634] 0
[635] 0
[636] 0
[646] 0
[647] Ambriel 安比尔 I.Communism@is.already 4
[649] 0
[656] 0
[658] 0
[665] 0
[672] 0
[679] 0
[683] 0
[684] 0
[689] 0
[690] 0
[693] 0
[696] 0
[700] 0
[702] 0
[707] 0
[708] 0
[710] 0
[717] 0
[726] 0
[733] 0
[737] Gravel 砾砾 opposition@parties.as 4
[739] Executor 送葬人 published.in@the.English 4
[743] Broca 布洛卡 Freeman.and@slave.patrician 5
[752] 0
[761] 0
[767] Zima 凛冬 serf.guildmaster@and.journeyma 2
[775] 24647100
[778] Ambriel 安比尔 I.Communism@is.already 4
[787] 10042650
[790] 24324440
[792] 0
[795] 0
[800] 4824867
[810] Matterhorn 角峰 French.German@Italian.Flemish 1
[817] 0
[825] Perfumer 调香师 and.plebeian@lord.and 2
[828] Cardigan 卡缇 BOURGEOIS.AND@PROLETARIANS.The 4
[836] 1
LeavesofGrass 黑龙江省黑河市 08-19 07:19 -> 黑龙江省五常市 08-20 08:09 3220 70866
[845] 0
[852] Durin 杜林 history.of@class.struggles 2
[858] 1
LeavesofGrass 天津市 08-05 16:17 -> 黑龙江省五常市 08-06 08:09 1526 70866
[863] 0
[867] Zima 凛冬 in.a.word.oppressor@and.oppres 2
[877] 0
[886] 0
[895] 0
[903] Gitano 远山 in.London.and@sketched.the 3
[910] 35532940
[919] 14790072
[924] 8865792
[933] Gitano 远山 in.London.and@sketched.the 3
[940] Cardigan 卡缇 BOURGEOIS.AND@PROLETARIANS.The 4
[948] 0
[958] 0
[968] 0
[969] 491050
[974] 10039474
[984] 0
[993] 0
[1000] 0
[1001] 15026128
[1002] NoirCorne 黑角 should.openly@in.the 4
[1011] 0
[1017] 0
[1025] 0
[1032] Gitano 远山 in.London.and@sketched.the 3
[1038] 0
[1042] 5531100
[1043] 28610988
[1045] Cardigan 卡缇 BOURGEOIS.AND@PROLETARIANS.The 4
[1047] 1
LeavesofGrass 辽宁省沈阳市 08-04 15:03 -> 河南省周口市 08-05 02:37 1352 32266
[1048] 16622056
[1054] 0
[1057] 1
LeavesofGrass 黑龙江省黑河市 08-05 07:19 -> 河南省林州市 08-05 11:48 670 70866
[1064] 0
[1069] Nightmare 夜魔 one.another@carried.on 4
[1070] 0
[1078] Sideroca 铸铁 acknowledged@by.all 4
[1088] 0
[1094] 0
[1101] 0
[1105] Durin 杜林 history.of@class.struggles 2
[1111] 0
[1117] 0
[1123] Blaze 煌煌 end.Communists@of.various 2
[1128] 1
LeavesofGrass 山东省昌邑市 08-07 04:19 -> 黑龙江省五常市 08-07 08:09 320 70866
[1137] 0
[1141] -1
[1143] 0
[1145] 26716140
[1152] 1572545
[1153] Gravel 砾砾 opposition@parties.as 4
[1158] 3945240
[1160] Blaze 煌煌 end.Communists@of.various 2
[1166] 0
[1172] 0
[1178] 0
[1180] 0
[1187] 1
LeavesofGrass 内蒙乌兰浩特市 07-28 09:34 -> 河南省周口市 07-29 02:37 2320 70866
[1192] 0
[1198] 5360832
[1206] 1
LeavesofGrass 辽宁省沈阳市 07-22 15:03 -> 新疆塔城市 07-22 18:41 839 55758
[1208] 166404
[1214] 15574986
[1218] 0
[1226] 2555520
[1232] Ambriel 安比尔 I.Communism@is.already 4
[1239] Matterhorn 角峰 French.German@Italian.Flemish 1
[1241] 15235891
[1249] Gravel 砾砾 opposition@parties.as 4
[1251] 40096200
[1254] 0
[1263] 0
[1264] Gitano 远山 the.contending@classes.In 3
[1269] 1
LeavesofGrass 北京市 08-12 04:37 -> 河南省周口市 08-13 02:37 2630 60179
[1272] 45382680
[1273] 0
[1283] 8764960
[1291] 0
[1301] Matterhorn 角峰 French.German@Italian.Flemish 1
[1304] 0
[1310] 1576552
[1311] 21015445
[1318] Zima 凛冬 in.a.word.oppressor@and.oppres 2
[1327] 0
[1330] 55224516
[1339] Cardigan 卡缇 BOURGEOIS.AND@PROLETARIANS.The 4
[1346] 26537400
[1354] 0
[1361] 0
[1369] 783626
[1370] 0
[1376] 0
[1383] 0
[1385] -1
[1394] 0
[1402] 0
[1407] 18133152
[1416] 408936
[1419] Ceylon 锡兰 in.the.common@ruin.of 4
[1428] -1
[1436] 0
[1443] 2984940
[1452] 0
[1460] 0
[1468] 638313
[1469] 1660420
[1477] 15329730
[1478] 207111
[1487] 2786025
[1488] 0
[1491] 0
[1497] 0
[1501] 1825792
[1507] 0
[1509] 0
[1514] 34940038
[1522] 0
[1525] 0
[1527] 0
[1529] Gitano 远山 the.contending@classes.In 3
[1535] 0
[1543] 0
[1548] Skyfire 天火 society.at@large.or 4
[1557] 22110410
[1566] 0
[1567] 0
[1569] 0
[1572] 24348400
[1573] 3408600
[1576] 0
[1586] 0
[1591] Popukar 泡普卡 manifold.gradation@of.social 2
[1596] 0
[1599] 0
[1609] 9351920
[1612] 4091472
[1622] 0
[1632] 0
[1641] 1
LeavesofGrass 天津市 08-12 16:17 -> 黑龙江省五常市 08-13 08:09 1526 60179
[1649] 4510096
[1656] Franka 芙兰卡 against.the@more.advanced 4
[1657] Popukar 泡普卡 manifold.gradation@of.social 2
[1659] 0
[1665] 1
LeavesofGrass 山西省侯马市 07-28 13:16 -> 新疆塔城市 07-28 18:41 1196 70866
[1674] 6389270
[1675] Ceylon 锡兰 in.the.common@ruin.of 4
[1681] NoirCorne 黑角 should.openly@in.the 4
[1686] NoirCorne 黑角 should.openly@in.the 4
[1687] 15947625
[1694] 0
[1698] 0
[1708] Nightmare 夜魔 one.another@carried.on 4
[1717] 0
[1721] -1
[1725] 0
[1727] 0
[1732] 0
[1734] Blaze 煌煌 end.Communists@of.various 2
[1742] 0
[1743] 1124851
[1747] 0
[1757] 0
[1766] Zima 凛冬 in.a.word.oppressor@and.oppres 2
[1770] 11129580
[1773] 24913676
[1775] 1
LeavesofGrass 天津市 08-01 16:17 -> 山东省昌邑市 08-02 04:14 1206 70866
[1780] Popukar 泡普卡 manifold.gradation@of.social 2
[1784] 0
[1785] 19683768
[1793] 9449770
[1800] Steward 史都华德 in.a.revolutionary@reconstitut 3
[1807] 0
[1813] 0
[1817] Gravel 砾砾 opposition@parties.as 4
[1819] 170670
[1824] 0
[1827] Franka 芙兰卡 against.the@more.advanced 4
[1830] 0
[1840] 4812981
[1850] 455433
[1853] 2469890
[1856] Gitano 远山 the.contending@classes.In 3
[1864] 10893456
[1868] 0
[1877] 0
[1879] 0
[1881] 0
[1891] 5022160
[1896] 19296522
[1905] 8985136
[1915] 0
[1925] Sideroca 铸铁 acknowledged@by.all 4
[1931] 7051660
[1932] 6111222
[1940] Matterhorn 角峰 French.German@Italian.Flemish 1
[1947] 4413506
[1949] 0
[1956] -1
[1958] 0
[1965] 0
[1971] -1
[1972] 0
[1977] 4593764
[1979] Executor 送葬人 published.in@the.English 4
[1986] 0
[1994] 0
[1995] 20923560
[1998] 1305256
[2001] 1
LeavesofGrass 河南省林州市 07-26 11:56 -> 山东省昌邑市 07-27 04:14 2230 46522
[2002] 49566024
[2008] 0
[2011] 3982880
[2021] 1400680
[2028] 6732820
[2032] 2009280
[2038] 0
[2043] 0
[2047] 1762125
[2049] 0
[2054] 1
LeavesofGrass 河南省林州市 08-12 11:56 -> 新疆塔城市 08-12 18:41 1381 60179
[2063] 0
[2065] 0
[2068] 0
[2074] 1928680
[2079] Ceylon 锡兰 in.the.common@ruin.of 4
[2087] 7803546
[2090] Ceylon 锡兰 in.the.common@ruin.of 4
[2097] 1
LeavesofGrass 辽宁省沈阳市 07-17 15:03 -> 黑龙江省五常市 07-18 08:09 2008 65183
[2103] 2714880
[2111] -1
[2116] 26299084
[2121] 23265396
[2123] 1
LeavesofGrass 内蒙乌兰浩特市 08-02 09:34 -> 山东省昌邑市 08-03 04:14 2656 56236
[2133] Blaze 煌煌 end.Communists@of.various 2
[2134] 0
[2144] 0
[2148] 0
[2158] 6713245
[2160] 213795
[2162] 0
[2170] Deepcolor 深海色 classes.again@subordinate.grad 3
[2178] -1
[2179] 0
[2188] 0
[2194] 0
[2203] 0
[2210] 1
LeavesofGrass 辽宁省沈阳市 08-04 15:03 -> 浙江省平湖市 08-05 07:38 1703 29635
[2220] 1215804
[2229] 0
[2238] 0
[2240] 0
[2250] 5178840
[2251] 0
[2255] 941760
[2258] -1
[2259] 587664
[2264] 13387440
[2265] 7029880
[2267] 2926980
[2271] Franka 芙兰卡 against.the@more.advanced 4
[2281] 0
[2287] 7264512
[2295] Utage 宴宴 in.almost.all@of.these 3
[2302] 0
[2310] 0
[2312] Sideroca 铸铁 acknowledged@by.all 4
[2319] 1
LeavesofGrass 河南省林州市 08-21 11:56 -> 黑龙江省五常市 08-22 08:09 2550 69025
[2321] 2726477
[2326] 0
[2329] -1
[2336] 1
LeavesofGrass 河南省林州市 08-16 11:56 -> 辽宁省丹东市 08-16 19:33 1725 62458
[2344] Ansel 安赛尔 nationalities@have.assembled 6
[2345] 0
[2353] 0
[2356] 1
LeavesofGrass 河南省林州市 07-24 11:56 -> 辽宁省丹东市 07-24 19:33 1725 45604
[2360] 0
[2367] Zima 凛冬 in.a.word.oppressor@and.oppres 2
[2370] 1829760
[2378] 24097653
[2385] 0
[2388] Angelina 安洁莉娜 slaves.in.the@Middle.Ages 4
[2391] 0
[2394] Yato 夜刀 that.has.sprouted@from.the 1
[2396] 4819269
[2400] 0
[2402] 6726627
[2408] Nearl 临光 feudal.lords@vassals.guildmast 2
[2415] 0
[2419] 0
[2427] 0
[2428] 0
[2434] 30211230
[2443] 0
[2447] 1
LeavesofGrass 北京市 08-06 04:37 -> 新疆塔城市 08-06 18:41 2117 53862
[2448] -1
[2453] 0
[2454] Nearl 临光 feudal.lords@vassals.guildmast 2
[2460] 28184553
[2465] 0
[2469] 7685373
[2473] Ambriel 安比尔 I.Communism@is.already 4
[2479] 2603640
[2483] -1
[2484] W 达不溜 now.open.fight@a.fight 4
[2493] 0
[2495] Skyfire 天火 society.at@large.or 4
[2503] 0
[2508] 30506135
[2518] 997542
[2523] Nearl 临光 feudal.lords@vassals.guildmast 2
[2527] 6694153
[2536] 0
[2543] 0
[2548] 0
[2550] 0
[2558] 0
[2560] 0
[2562] 1
LeavesofGrass 内蒙乌兰浩特市 08-23 09:34 -> 山东省昌邑市 08-24 04:14 2656 56316
[2565] 4652929
[2573] 1
LeavesofGrass 河南省林州市 08-12 11:56 -> 新疆塔城市 08-12 18:41 1381 60179
[2579] 1
LeavesofGrass 河南省周口市 08-09 02:47 -> 黑龙江省五常市 08-09 08:09 656 57967
[2583] 0
[2593] Ceylon 锡兰 in.the.common@ruin.of 4
[2594] 0
[2597] 0
[2607] 0
[2612] 0
[2617] 1
LeavesofGrass 天津市 07-30 16:17 -> 新疆塔城市 07-30 18:41 357 70866
[2621] 0
[2623] -1
[2629] 0
[2637] 0
[2640] Executor 送葬人 published.in@the.English 4
[2642] 1
LeavesofGrass 黑龙江省黑河市 08-21 07:19 -> 浙江省平湖市 08-22 07:38 2915 69025
[2645] 1
LeavesofGrass 北京市 07-13 04:37 -> 新疆塔城市 07-13 18:41 2117 70866
[2652] Yato 夜刀 that.has.sprouted@from.the 1
[2660] 19990240
[2669] 0
[2676] Durin 杜林 history.of@class.struggles 2
[2683] May 梅梅 place.of.the@old.ones 3
[2690] 0
[2700] 0
[2710] 0
[2717] 3030120
[2726] 0
[2733] Yato 夜刀 Our.epoch.the@epoch.of 1
[2739] 1
LeavesofGrass 辽宁省沈阳市 08-10 15:03 -> 河南省周口市 08-11 02:37 1352 67089
[2741] 0
[2748] 2121927
[2750] 38042138
[2751] 0
[2757] 0
[2759] 0
[2760] Executor 送葬人 published.in@the.English 4
[2767] 0
[2769] 0
[2773] 0
[2779] 1
LeavesofGrass 山西省侯马市 08-06 13:16 -> 黑龙江省五常市 08-07 08:09 2365 49365
[2781] 0
[2791] 1
LeavesofGrass 天津市 08-17 16:17 -> 辽宁省营口市 08-17 23:03 718 70670
[2800] 37588608
[2809] 0
[2816] Matterhorn 角峰 French.German@Italian.Flemish 1
[2824] 0
[2830] Perfumer 调香师 and.plebeian@lord.and 2
[2831] 0
[2839] 0
[2845] Steward 史都华德 in.a.revolutionary@reconstitut 3
[2852] 0
[2854] 20726784
[2860] 28642720
[2868] 0
[2869] 0
[2873] 1
LeavesofGrass 山西省侯马市 07-16 13:16 -> 黑龙江省五常市 07-17 08:09 2365 47338
[2880] 231300
[2884] 0
[2894] Ambriel 安比尔 I.Communism@is.already 4
[2904] 811200
[2909] Mousse 慕斯 everywhere@a.complicated 3
[2912] 0
[2922] 1
LeavesofGrass 河南省林州市 07-26 11:56 -> 山东省昌邑市 07-27 04:14 2230 46522
[2932] 0
[2940] 28771135
[2949] 0
[2950] 0
[2960] 1
LeavesofGrass 内蒙乌兰浩特市 07-20 09:34 -> 河南省周口市 07-21 02:37 2320 45723
[2970] Gitano 远山 the.contending@classes.In 3
[2979] 0
[2980] 827594
[2983] 0
[2990] 0
[2997] 0
[3005] May 梅梅 a.whole.is@more.and 3
[3006] 1
LeavesofGrass 山西省侯马市 07-26 13:16 -> 浙江省平湖市 07-27 07:38 2060 46522
[3015] 1
LeavesofGrass 北京市 08-02 04:37 -> 天津市 08-02 16:12 1760 56236
[3020] 14266756
[3021] 0
[3030] 0
[3035] 0
[3037] Executor 送葬人 published.in@the.English 4
[3042] 0
[3043] 21648834
[3045] Breeze 微风 into.various@orders.a 4
[3046] 0
[3054] 0
[3063] 0
[3069] Vermeil 红云 history.we@find.almost 3
[3071] Executor 送葬 two.great.hostile@camps.into 4
[3072] 1
LeavesofGrass 黑龙江省黑河市 07-19 07:19 -> 天津市 07-19 16:12 1694 67322
[3074] 0
[3078] Sideroca 铸铁 acknowledged@by.all 4
[3084] 0
[3090] 3678210
[3098] 21710650
[3107] 0
[3108] Ambriel 安比尔 I.Communism@is.already 4
[3112] Sora 空空 ruins.of.feudal@society.has 4
[3115] Skyfire 天火 society.at@large.or 4
[3120] 28852208
[3128] 2160925
[3137] 246120
[3140] 0
[3149] 1
LeavesofGrass 山西省侯马市 08-25 13:16 -> 辽宁省丹东市 08-25 19:33 1540 54030
[3154] 0
[3156] 1
LeavesofGrass 黑龙江省黑河市 07-31 07:19 -> 辽宁省沈阳市 07-31 14:55 1212 48744
[3159] 0
[3166] 52947318
[3175] Sora 空空 ruins.of.feudal@society.has 4
[3179] 16283412
[3184] 0
[3193] Utage 宴宴 in.almost.all@of.these 3
[3194] 36261600
[3201] 6496377
[3203] 6347288
[3208] 0
[3211] 0
[3219] 16797664
[3228] Steward 史都华德 in.a.revolutionary@reconstitut 3
[3229] 0
[3236] 0
[3243] Nearl 临光 feudal.lords@vassals.guildmast 2
[3252] 0
[3258] W 达不溜 now.open.fight@a.fight 4
[3261] 0
[3263] 0
[3265] 0
[3268] 0
[3270] 0
[3279] 0
[3288] Ifrit 伊芙利特 this.distinctive@feature.it 4
[3297] Nearl 临光 feudal.lords@vassals.guildmast 2
[3298] 27683200
[3306] 0
[3316] 0
[3317] 0
[3326] Ansel 安赛尔 nationalities@have.assembled 6
[3328] -1
[3333] 947025
[3338] queue
[3344] 0
[3347] 11326025
[3353] Zima 凛冬 in.a.word.oppressor@and.oppres 2
[3356] 9473538
[3361] 298224
[3370] 13175136
[3376] Adnachiel 安德切尔 The.modern@bourgeois.society 3
[3381] 8582570
[3383] Earthspirit 地灵 stood.in.constant@opposition.t 4
[3391] 0
[3397] 9927504
[3405] 18856664
[3409] 0
[3416] 22690288
[3418] 0
[3425] Popukar 泡普卡 manifold.gradation@of.social 2
[3430] 0
[3431] 0
[3432] 0
[3440] NoirCorne 黑角 should.openly@in.the 4
[3449] 0
[3453] 5435315
[3460] Utage 宴宴 in.almost.all@of.these 3
[3466] 4789512
[3476] 0
[3482] 3213635
[3491] 1
LeavesofGrass 辽宁省营口市 08-20 23:06 -> 河南省周口市 08-21 02:37 152 61208
[3492] 2333184
[3502] 1
LeavesofGrass 辽宁省丹东市 07-29 19:38 -> 辽宁省营口市 07-29 23:03 17 50949
[3511] 602018
[3516] 155340
[3526] 8908312
[3535] 0
[3536] Ambriel 安比尔 I.Communism@is.already 4
[3545] 5579890
[3552] Vanilla 香草 each.other@Bourgeoisie.and 2
[3560] Cardigan 卡缇 BOURGEOIS.AND@PROLETARIANS.The 4
[3565] 5065280
[3572] 26979993
[3582] 1
LeavesofGrass 山西省侯马市 08-22 13:16 -> 辽宁省沈阳市 08-22 14:55 357 45883
[3589] 5689046
[3590] 4692480
[3594] 683688
[3603] 1
LeavesofGrass 新疆塔城市 07-17 18:50 -> 浙江省平湖市 07-18 07:38 864 53170
[3608] 22126884
[3617] 0
[3622] Nightmare 夜魔 one.another@carried.on 4
[3627] 0
[3634] 0
[3641] Ambriel 安比尔 I.Communism@is.already 4
[3645] 0
[3655] Gitano 远山 the.contending@classes.In 3
[3657] 15581844
[3666] 0
[3667] 0
[3672] 2499381
[3677] 0
[3678] 0
[3683] 1
LeavesofGrass 山西省侯马市 08-06 13:16 -> 辽宁省沈阳市 08-06 14:55 357 50299
[3690] 1
LeavesofGrass 内蒙乌兰浩特市 08-15 09:34 -> 山西省侯马市 08-15 13:12 611 64368
[3694] 11939622
[3701] 0
[3708] 2120202
[3713] 0
[3718] Vanilla 香草 each.other@Bourgeoisie.and 2
[3722] 0
[3731] 0
[3736] Ceylon 锡兰 in.the.common@ruin.of 4
[3745] 0
[3753] Breeze 微风 into.various@orders.a 4
[3755] 9092720
[3756] 1
INSCRIPTIONS 湖南省醴陵市 08-03 22:10 -> 广东省高州市 08-04 01:49 231 50498
[3765] Cliffheart 崖心 sprang.the@chartered.burghers 2
[3771] 23301800
[3775] -1
[3781] W 达不溜 now.open.fight@a.fight 4
[3789] 10178748
[3791] 0
[3797] 0
[3805] Nearl 临光 feudal.lords@vassals.guildmast 2
[3814] 7779968
[3823] 0
[3831] 0
[3841] 0
[3850] 0
[3859] 0
[3862] 1
LeavesofGrass 辽宁省丹东市 08-04 19:38 -> 黑龙江省五常市 08-05 08:09 825 29635
[3863] 0
[3866] 233653
[3875] 0
[3879] 0
[3880] 0
[3890] -1
[3900] 0
[3907] 2793948
[3916] Utage 宴宴 in.almost.all@of.these 3
[3917] 1
INSCRIPTIONS 上海市 06-25 17:47 -> 湖南省醴陵市 06-25 22:05 87 50498
[3927] 0
[3930] 1
INSCRIPTIONS 北京市 06-21 12:15 -> 上海市 06-21 17:44 169 50498
[3940] 0
[3946] 0
[3952] 12386157
[3959] 15750504
[3964] 12362616
[3967] 0
[3969] 0
[3976] 4691908
[3983] 1
INSCRIPTIONS 广东省高州市 06-16 01:56 -> 辽宁省沈阳市 06-16 07:35 256 50498
[3992] 13153628
[4001] 0
[4003] 0
[4013] 0
[4019] 0
[4029] Breeze 微风 into.various@orders.a 4
[4033] Popukar 泡普卡 manifold.gradation@of.social 2
[4041] Mousse 慕斯 everywhere@a.complicated 3
[4048] 0
[4058] 8938096
[4068] 0
[4073] Earthspirit 地灵 stood.in.constant@opposition.t 4
[4082] 0
[4083] Yato 夜刀 Our.epoch.the@epoch.of 1
[4088] 28307250
[4092] 5302123
[4101] 22325600
[4107] 17783320
[4113] 0
[4123] 1
LeavesofGrass 河南省林州市 08-19 11:56 -> 浙江省平湖市 08-20 07:38 2245 10775
[4129] 0
[4137] 0
[4147] 2528429
[4153] Sora 空空 ruins.of.feudal@society.has 4
[4163] 0
[4168] 0
[4178] 0
[4179] Yato 夜刀 Our.epoch.the@epoch.of 1
[4186] 110695
[4193] 0
[4202] 0
[4205] 0
[4209] 2526229
[4210] -1
[4215] 289802
[4223] Mousse 慕斯 everywhere@a.complicated 3
[4224] 0
[4232] 10682431
[4242] 0
[4246] 9992580
[4247] 1
INSCRIPTIONS 北京市 06-22 12:15 -> 辽宁省沈阳市 06-23 07:35 743 50498
[4249] 1
INSCRIPTIONS 广东省高州市 06-25 01:56 -> 黑龙江省哈尔滨市 06-25 10:12 303 50498
[4253] 0
[4261] 6199180
[4262] 3262098
[4272] 4292475
[4281] Durin 杜林 history.of@class.struggles 2
[4290] Siege 推进之王 the.bourgeoisie@possesses.howe 1
[4300] 2193672
[4307] 5412280
[4310] Siege 推进之王 the.bourgeoisie@possesses.howe 1
[4316] 1
LeavesofGrass 辽宁省沈阳市 07-25 15:03 -> 辽宁省营口市 07-25 23:03 1200 52214
[4324] 2239713
[4333] 457600
[4337] Yato 夜刀 Our.epoch.the@epoch.of 1
[4346] 1
INSCRIPTIONS 辽宁省沈阳市 07-20 07:42 -> 黑龙江省七台河市 07-20 15:01 312 50498
[4348] 0
[4354] 0
[4355] 0
[4361] 14272678
[4365] 1
INSCRIPTIONS 辽宁省沈阳市 08-04 07:42 -> 内蒙海拉尔市 08-04 15:34 577 50498
[4367] 0
[4372] Breeze 微风 into.various@orders.a 4
[4378] 28319576
[4383] 0
[4387] Perfumer 调香师 and.plebeian@lord.and 2
[4390] 739015
[4397] Matterhorn 角峰 French.German@Italian.Flemish 1
[4405] 4384392
[4413] -1
[4416] 0
[4418] 0
[4426] 0
[4430] 5406760
[4433] 0
[4440] 0
[4448] Franka 芙兰卡 against.the@more.advanced 4
[4454] 4800675
[4462] Utage 宴宴 in.almost.all@of.these 3
[4472] 0
[4477] 0
[4485] 37875
[4489] 9125800
[4498] 9459864
[4501] Adnachiel 安德切尔 The.modern@bourgeois.society 3
[4504] 11035024
[4506] 0
[4516] 47625270
[4518] 0
[4524] 1309932
[4534] 0
[4535] 0
[4542] Mayer 梅尔 of.America@the.rounding 2
[4547] Mousse 慕斯 everywhere@a.complicated 3
[4555] 35697840
[4557] Angelina 安洁莉娜 slaves.in.the@Middle.Ages 4
[4559] 0
[4568] W 达不溜 of.the.Cape@opened.up 4
[4569] NoirCorne 黑角 should.openly@in.the 4
[4577] Angelina 安洁莉娜 slaves.in.the@Middle.Ages 4
[4587] 0
[4591] 7512110
[4599] 0
[4602] -1
[4610] 2987075
[4616] 0
[4620] 17487660
[4629] 8221336
[4633] Ambriel 安比尔 I.Communism@is.already 4
[4641] 1
LeavesofGrass 北京市 07-15 04:37 -> 浙江省平湖市 07-16 07:38 2981 40873
[4642] 1
INSCRIPTIONS 湖南省醴陵市 06-17 22:10 -> 黑龙江省七台河市 06-18 15:01 799 45899
[4644] -1
[4645] 13576824
[4653] 9913200
[4663] 0
[4669] Pramanix 初雪 has.simplified@the.class 1
[4673] 0
[4675] 494690
[4677] 0
[4685] 0
[4692] 0
[4693] 1627717
[4695] May 梅梅 and.Chinese@markets.the 3
[4700] 1
LeavesofGrass 黑龙江省黑河市 08-14 07:19 -> 浙江省平湖市 08-15 07:38 2915 38872
[4709] 0
[4719] 3139032
[4723] 1
LeavesofGrass 辽宁省沈阳市 08-12 15:03 -> 浙江省平湖市 08-13 07:38 1703 51824
[4731] 0
[4733] 4865346
[4738] 0
[4745] 1
INSCRIPTIONS 上海市 07-30 17:47 -> 黑龙江省七台河市 07-31 15:01 886 50498
[4751] 0
[4758] Nightingale 夜莺 were.developed@The.discovery 2
[4768] 0
[4769] 0
[4772] 0
[4775] 0
[4784] 6269340
[4788] 1
INSCRIPTIONS 上海市 06-27 17:47 -> 广东省高州市 06-28 01:49 318 50498
[4793] 1737870
[4796] 4395600
[4805] 5229140
[4815] Ifrit 伊芙利特 this.distinctive@feature.it 4
[4825] 0
[4835] WaaiFu 槐琥 new.forms.of@struggle.in 4
[4844] Utage 宴宴 in.almost.all@of.these 3
[4849] Popukar 泡普卡 manifold.gradation@of.social 2
[4854] Adnachiel 安德切尔 The.modern@bourgeois.society 3
[4856] 0
[4857] 6005375
[4862] 1
INSCRIPTIONS 上海市 06-10 17:47 -> 内蒙海拉尔市 06-11 15:34 1151 50498
[4870] 0
[4875] Ceylon 锡兰 in.the.common@ruin.of 4
[4884] 2443470
[4889] 23402028
[4893] Cliffheart 崖心 sprang.the@chartered.burghers 2
[4903] Cardigan 卡缇 BOURGEOIS.AND@PROLETARIANS.The 4
[4913] Vermeil 红云 history.we@find.almost 3
[4916] 0
[4919] -1
[4920] 566040
[4930] 7635600
[4931] 786255
[4934] 0
[4939] Ambriel 安比尔 I.Communism@is.already 4
[4943] 1
INSCRIPTIONS 湖南省醴陵市 07-07 22:10 -> 辽宁省沈阳市 07-08 07:35 487 47095
[4946] Mostima 莫斯提马 not.done.away@with.class 4
[4953] Yato 夜刀 Our.epoch.the@epoch.of 1
[4958] 0
[4959] 1
LeavesofGrass 河南省林州市 08-23 11:56 -> 河南省周口市 08-24 02:37 1894 45553
[4969] Vanilla 香草 each.other@Bourgeoisie.and 2
[4973] Vermeil 红云 history.we@find.almost 3
[4977] Angelina 安洁莉娜 slaves.in.the@Middle.Ages 4
[4978] Earthspirit 地灵 stood.in.constant@opposition.t 4
[4984] Franka 芙兰卡 against.the@more.advanced 4
[4989] Mousse 慕斯 everywhere@a.complicated 3
[4999] 6406540
[5000] 0
[5002] 0
[5012] 0
[5018] 0
[5027] -1
[5029] 2340549
[5030] 0
[5040] 20582925
[5042] 0
[5044] 18665660
[5049] Nearl 临光 feudal.lords@vassals.guildmast 2
[5053] 0
[5058] Nightingale 夜莺 were.developed@The.discovery 2
[5066] Blaze 煌煌 end.Communists@of.various 2
[5067] 7082670
[5072] 0
[5081] 0
[5090] 0
[5092] 3136926
[5097] 1
INSCRIPTIONS 北京市 06-23 12:15 -> 黑龙江省七台河市 06-24 15:01 1055 50498
[5098] 6216084
[5102] 0
[5104] Vanilla 香草 each.other@Bourgeoisie.and 2
[5107] 0
[5110] 0
[5112] 0
[5122] 1128280
[5130] 11294140
[5134] 16565549
[5144] 0
[5149] 0
[5158] Broca 布洛卡 Freeman.and@slave.patrician 5
[5166] Nearl 临光 feudal.lords@vassals.guildmast 2
[5169] 3834460
[5171] Istina 真理 the.increase@in.the 2
[5180] 0
[5189] Ceylon 锡兰 in.the.common@ruin.of 4
[5190] -1
[5196] 3040000
[5200] 1
INSCRIPTIONS 辽宁省沈阳市 07-27 07:42 -> 黑龙江省哈尔滨市 07-27 10:12 47 50498
[5209] Texas 德克萨斯 antagonisms@Society.as 3
[5218] 0
[5222] 0
[5228] 0
[5229] 0
[5234] Sora 空空 ruins.of.feudal@society.has 4
[5237] -1
[5243] 1
INSCRIPTIONS 广东省高州市 07-17 01:56 -> 黑龙江省七台河市 07-17 15:01 568 44332
[5244] 7212300
[5245] 507558
[5255] 0
[5263] Durin 杜林 history.of@class.struggles 2
[5269] 0
[5270] 5544477
[5272] 2951676
[5276] Earthspirit 地灵 stood.in.constant@opposition.t 4
[5286] 13151816
[5296] 1
INSCRIPTIONS 北京市 07-15 12:15 -> 黑龙江省七台河市 07-16 15:01 1055 50498
[5303] 3293784
[5305] 8240256
[5314] 14012635
[5318] 1
INSCRIPTIONS 上海市 07-22 17:47 -> 广东省高州市 07-23 01:49 318 50498
[5328] -1
[5338] Durin 杜林 history.of@class.struggles 2
[5341] 0
[5351] Durnar 坚雷 elements.of@the.bourgeoisie 1
[5353] Nightingale 夜莺 were.developed@The.discovery 2
[5362] 0
[5368] 0
[5373] 0
[5379] 0
[5388] Blaze 煌煌 end.Communists@of.various 2
[5393] 0
[5401] 2101760
[5409] 0
[5416] 910845
[5417] 0
[5420] 0
[5430] 4401705
[5431] Ceylon 锡兰 in.the.common@ruin.of 4
[5434] 975360
[5443] Orchid 梓兰 a.holy.alliance@to.exorcise 5
[5451] 0
[5456] 1
LeavesofGrass 新疆塔城市 08-24 18:50 -> 河南省周口市 08-25 02:37 513 19285
[5463] 3245391
[5470] 9734007
[5478] 19287424
[5480] 4394544
[5489] 1
INSCRIPTIONS 黑龙江省哈尔滨市 07-19 10:15 -> 黑龙江省七台河市 07-19 15:01 265 50498
[5496] 1
LeavesofGrass 黑龙江省黑河市 07-15 07:19 -> 浙江省平湖市 07-16 07:38 2915 40873
[5498] Matterhorn 角峰 French.German@Italian.Flemish 1
[5507] 1
INSCRIPTIONS 湖南省醴陵市 07-30 22:10 -> 辽宁省沈阳市 07-31 07:35 487 50498
[5514] Gavial 嘉维尔 more.splitting@up.into 3
[5515] 8395140
[5518] 0
[5527] 8306545
[5534] 1
INSCRIPTIONS 辽宁省沈阳市 07-13 07:42 -> 内蒙海拉尔市 07-13 15:34 577 50498
[5543] 3784836
[5549] 38752700
[5558] 0
[5565] 0
[5575] 30034720
[5582] Snowsant 雪雉 these.burgesses@the.first 4
[5591] 18805950
[5598] 0
[5604] Gavial 嘉维尔 more.splitting@up.into 3
[5606] 0
[5607] 451248
[5608] 14428742
[5615] Mostima 莫斯提马 not.done.away@with.class 4
[5623] 0
[5628] 0
[5638] 0
[5647] 5965580
[5654] Utage 宴宴 in.almost.all@of.these 3
[5656] Angelina 安洁莉娜 slaves.in.the@Middle.Ages 4
[5658] Durnar 坚雷 elements.of@the.bourgeoisie 1
[5660] 0
[5662] 0
[5666] 15555760
[5676] 0
[5686] 0
[5690] 8067960
[5695] 3008015
[5703] 1641497
[5704] 0
[5713] 11564108
[5715] 8040149
[5720] 0
[5724] Kroos 克洛丝 element.in@the.tottering 1
[5733] 2659190
[5738] 1444401
[5747] 0
[5750] 0
[5752] Ceylon 锡兰 in.the.common@ruin.of 4
[5756] Nightingale 夜莺 were.developed@The.discovery 2
[5759] 0
[5766] 0
[5773] 0
[5774] 9849931
[5783] 7447424
[5789] Perfumer 调香师 and.plebeian@lord.and 2
[5796] 0
[5801] 10524024
[5810] 0
[5819] 9135720
[5827] 0
[5828] 23453515
[5837] Siege 推进之王 the.bourgeoisie@possesses.howe 1
[5840] 0
[5844] Nearl 临光 feudal.lords@vassals.guildmast 2
[5848] 26572480
[5856] May 梅梅 and.Chinese@markets.the 3
[5864] 203928
[5874] 0
[5877] 17784039
[5881] 0
[5883] Durin 杜林 history.of@class.struggles 2
[5885] 0
[5886] 1
LeavesofGrass 黑龙江省黑河市 07-26 07:19 -> 浙江省平湖市 07-27 07:38 2915 29110
[5896] 464407
[5900] 11462360
[5907] 0
[5914] 11786688
[5921] May 梅梅 and.Chinese@markets.the 3
[5931] NoirCorne 黑角 should.openly@in.the 4
[5940] 0
[5942] 0
[5946] 0
[5948] 3836944
[5949] Sesa 慑砂 fresh.ground@for.the 2
[5954] 1
LeavesofGrass 山东省昌邑市 07-22 04:19 -> 浙江省平湖市 07-22 07:38 15 62034
[5956] 10244190
[5959] 0
[5966] 0
[5972] 0
[5973] 0
[5976] 0
[5985] Nearl 临光 feudal.lords@vassals.guildmast 2
[5994] -1
[6002] 2094336
[6005] Gummy 古米 colonisation@of.America 2
[6012] Swire 诗怀雅 but.established@new.classes 2
[6020] 5657231
[6028] 4750441
[6033] 1
LeavesofGrass 北京市 07-25 04:37 -> 辽宁省丹东市 07-25 19:33 2461 52214
[6038] 26423757
[6047] SilverAsh 银灰 never.before@known.and 2
[6050] Nightmare 夜魔 one.another@carried.on 4
[6057] 5799288
[6066] 0
[6071] Kroos 克洛丝 element.in@the.tottering 1
[6073] 0
[6076] 0
[6077] Popukar 泡普卡 manifold.gradation@of.social 2
[6080] -1
[6084] Snowsant 雪雉 these.burgesses@the.first 4
[6094] 2087064
[6103] Spot 斑点 feudal.society@a.rapid 2
[6110] 748163
[6114] Executor 送葬 two.great.hostile@camps.into 4
[6123] 1
INSCRIPTIONS 北京市 06-10 12:15 -> 内蒙海拉尔市 06-11 15:34 1320 40607
[6131] Earthspirit 地灵 stood.in.constant@opposition.t 4
[6136] Weedy 温蒂 means.of.exchange@and.in 2
[6140] Siege 推进之王 the.bourgeoisie@possesses.howe 1
[6149] 3893904
[6156] Franka 芙兰卡 against.the@more.advanced 4
[6161] 1
LeavesofGrass 黑龙江省黑河市 08-19 07:19 -> 新疆塔城市 08-19 18:41 2051 23281
[6169] Kroos 克洛丝 element.in@the.tottering 1
[6175] 0
[6181] 6842136
[6190] 0
[6195] 21553092
[6200] 4689375
[6208] queue
[6217] 3123200
[6225] Pramanix 初雪 has.simplified@the.class 1
[6227] Siege 推进之王 the.bourgeoisie@possesses.howe 1
[6237] 2551479
[6247] Adnachiel 安德切尔 The.modern@bourgeois.society 3
[6253] 0
[6257] Istina 真理 the.increase@in.the 2
[6263] Hibiscus 芙蓉 development@The.feudal 4
[6273] Executor 送葬 two.great.hostile@camps.into 4
[6280] 0
[6288] 449792
[6294] 1
INSCRIPTIONS 广东省高州市 07-07 01:56 -> 黑龙江省七台河市 07-07 15:01 568 50498
[6301] 9081930
[6308] Gitano 远山 the.contending@classes.In 3
[6315] Zima 凛冬 in.a.word.oppressor@and.oppres 2
[6319] 6226881
[6320] Gitano 远山 the.contending@classes.In 3
[6322] -1
[6331] Yato 夜刀 Our.epoch.the@epoch.of 1
[6335] 0
[6337] May 梅梅 and.Chinese@markets.the 3
[6341] 11975496
[6348] 0
[6351] 1108631
[6354] -1
[6362] 328035
[6366] 0
[6367] 0
[6369] 0
[6375] 0
[6384] 12103260
[6391] Gitano 远山 the.contending@classes.In 3
[6398] -1
[6405] 13000680
[6406] Mousse 慕斯 everywhere@a.complicated 3
[6410] 0
[6420] 0
[6423] Blaze 煌煌 system.of.industry@under.which 2
[6429] -1
[6435] 0
[6439] 2803659
[6445] 46363218
[6447] SilverAsh 银灰 never.before@known.and 2
[6455] Texas 德克萨 industrial@production.was 3
[6464] Weedy 温蒂 means.of.exchange@and.in 2
[6474] 0
[6481] Utage 宴宴 in.almost.all@of.these 3
[6486] 6239622
[6493] 0
[6503] Ifrit 伊芙利特 this.distinctive@feature.it 4
[6513] 0
[6514] 0
[6524] 2215190
[6532] 0
[6535] 4719778
[6538] 2981307
[6545] 0
[6552] 0
[6559] 0
[6569] 2247907
[6571] 8659868
[6579] 5007248
[6586] 1762530
[6589] 1411919
[6592] Matterhorn 角峰 French.German@Italian.Flemish 1
[6600] Ifrit 伊芙利特 this.distinctive@feature.it 4
[6607] Durin 杜林 history.of@class.struggles 2
[6613] 0
[6619] Utage 宴宴 in.almost.all@of.these 3
[6624] 0
[6627] Pramanix 初雪 has.simplified@the.class 1
[6632] Blaze 煌煌 system.of.industry@under.which 2
[6636] Utage 宴宴 in.almost.all@of.these 3
[6640] 0
[6650] 33387850
[6655] 1
LeavesofGrass 天津市 08-24 16:17 -> 山东省昌邑市 08-25 04:14 1206 19285
[6658] 599196
[6668] 0
[6670] Reed 苇草 thereby.to@the.revolutionary 1
[6672] 0
[6680] 25977966
[6681] 236081
[6686] 0
[6688] Weedy 温蒂 means.of.exchange@and.in 2
[6689] Steward 史都华德 in.a.revolutionary@reconstitut 3
[6693] Executor 送葬 two.great.hostile@camps.into 4
[6698] 2310072
[6702] 11857098
[6703] Ifrit 伊芙利特 this.distinctive@feature.it 4
[6710] 1
INSCRIPTIONS 黑龙江省哈尔滨市 07-27 10:15 -> 黑龙江省七台河市 07-27 15:01 265 47435
[6719] 448380
[6727] Yato 夜刀 Our.epoch.the@epoch.of 1
[6734] WaaiFu 槐琥 new.forms.of@struggle.in 4
[6736] Vermeil 红云 history.we@find.almost 3
[6743] 1642765
[6751] 4140474
[6760] 10902094
[6763] 0
[6769] queue
[6779] Sesa 慑砂 fresh.ground@for.the 2
[6787] 0
[6788] 0
[6790] 0
[6795] 1
LeavesofGrass 河南省林州市 08-19 11:56 -> 新疆塔城市 08-19 18:41 1381 10615
[6804] 0
[6806] Swire 诗怀雅 but.established@new.classes 2
[6812] NoirCorne 黑角 should.openly@in.the 4
[6816] 3317006
[6824] Weedy 温蒂 means.of.exchange@and.in 2
[6831] Istina 真理 the.increase@in.the 2
[6839] 1
LeavesofGrass 内蒙乌兰浩特市 08-10 09:34 -> 河南省林州市 08-10 11:48 426 48109
[6844] 0
[6846] 0
[6848] WaaiFu 槐琥 new.forms.of@struggle.in 4
[6852] Sesa 慑砂 fresh.ground@for.the 2
[6859] 0
[6861] 31534600
[6871] 0
[6875] 10513056
[6884] 1340900
[6886] Blaze 煌煌 system.of.industry@under.which 2
[6892] 0
[6894] 0
[6902] Sesa 慑砂 fresh.ground@for.the 2
[6910] 0
[6918] 3348612
[6926] 1783185
[6934] 0
[6939] 0
[6940] 0
[6950] 1
INSCRIPTIONS 北京市 06-26 12:15 -> 广东省高州市 06-27 01:49 487 40198
[6960] 1
LeavesofGrass 黑龙江省黑河市 08-09 07:19 -> 山西省侯马市 08-09 13:12 855 58228
[6968] 0
[6978] Ceylon 锡兰 in.the.common@ruin.of 4
[6980] 0
[6989] 0
[6996] Vermeil 红云 history.we@find.almost 3
[7003] -1
[7013] 29032172
[7018] 0
[7026] 1519310
[7028] 1
INSCRIPTIONS 黑龙江省七台河市 07-28 15:05 -> 内蒙海拉尔市 07-28 15:34 265 50498
[7031] 0
[7040] Durnar 坚雷 elements.of@the.bourgeoisie 1
[7045] 5937462
[7050] 0
[7057] 0
[7060] 3290709
[7061] 0
[7071] Snowsant 雪雉 these.burgesses@the.first 4
[7080] 0
[7083] 0
[7091] 1
INSCRIPTIONS 上海市 06-05 17:47 -> 辽宁省沈阳市 06-06 07:35 574 38879
[7099] 0
[7109] 2045887
[7112] 0
[7113] 0
[7115] Courier 讯使 arrangement@of.society 4
[7116] 0
[7121] 7771775
[7123] Myrtle 桃金娘 guilds.now@no.longer 1
[7126] 4545606
[7133] 46255968
[7140] 0
[7148] 0
[7151] 0
[7156] 0
[7162] 1503020
[7168] 0
[7171] 0
[7180] 0
[7184] 0
[7185] WaaiFu 槐琥 new.forms.of@struggle.in 4
[7190] 4692600
[7196] 885720
[7200] 9947891
[7202] WaaiFu 槐琥 new.forms.of@struggle.in 4
[7205] 0
[7215] 16712704
[7218] 1845432
[7227] 3496032
[7236] 0
[7240] 0
[7243] May 梅梅 and.Chinese@markets.the 3
[7248] 0
[7257] 737490
[7263] 0
[7271] 0
[7280] W 达不溜 of.the.Cape@opened.up 4
[7286] 0
[7292] 8251256
[7298] Leizi 惊蛰 The.manufacturing@system.took 3
[7300] Popukar 泡普卡 manifold.gradation@of.social 2
[7309] Dobermann 杜宾 Proletariat@From.the 2
[7316] -1
[7318] 0
[7321] 0
[7331] 32749650
[7340] 0
[7343] 543979
[7348] 1372370
[7349] Gitano 远山 the.contending@classes.In 3
[7359] Rangers 巡林者 monopolised@by.closed 3
[7366] 0
[7374] Myrtle 桃金娘 guilds.now@no.longer 1
[7380] 4350447
[7386] 1
INSCRIPTIONS 北京市 08-04 12:15 -> 广东省高州市 08-05 01:49 487 41712
[7387] 0
[7395] 33304096
[7399] 0
[7408] 0
[7412] 0
[7419] -1
[7429] 0
[7431] 0
[7432] -1
[7436] 0
[7443] 1849916
[7444] Provence 普罗旺斯 the.different@corporate.guilds 2
[7454] WaaiFu 槐琥 new.forms.of@struggle.in 4
[7460] 0
[7469] 29508160
[7477] 0
[7478] Cardigan 卡缇 BOURGEOIS.AND@PROLETARIANS.The 4
[7487] 7053312
[7488] Gitano 远山 the.contending@classes.In 3
[7497] 63040
[7504] 0
[7510] Ambriel 安比尔 I.Communism@is.already 4
[7514] SilverAsh 银灰 never.before@known.and 2
[7524] 3027519
[7528] Hibiscus 芙蓉 development@The.feudal 4
[7530] 13144500
[7540] Ceylon 锡兰 in.the.common@ruin.of 4
[7548] 4801300
[7556] 1
LeavesofGrass 北京市 08-25 04:37 -> 山西省侯马市 08-25 13:12 921 54030
[7559] 1
LeavesofGrass 新疆塔城市 08-02 18:50 -> 辽宁省丹东市 08-02 19:33 344 60176
[7561] Myrtle 桃金娘 guilds.now@no.longer 1
[7567] Kroos 克洛丝 element.in@the.tottering 1
[7569] Earthspirit 地灵 stood.in.constant@opposition.t 4
[7576] 3485673
[7578] 0
[7584] Zima 凛冬 in.a.word.oppressor@and.oppres 2
[7587] Zima 凛冬 in.a.word.oppressor@and.oppres 2
[7591] 0
[7597] 0
[7603] 0
[7605] 0
[7615] 7737039
[7618] Mostima 莫斯提马 not.done.away@with.class 4
[7627] 0
[7632] Kroos 克洛丝 element.in@the.tottering 1
[7633] 0
[7638] 0
[7643] 0
[7650] Yato 夜刀 Our.epoch.the@epoch.of 1
[7656] 3882462
[7663] Sideroca 铸铁 acknowledged@by.all 4
[7667] 1
LeavesofGrass 黑龙江省黑河市 07-25 07:19 -> 黑龙江省五常市 07-26 08:09 3220 52214
[7668] 4948734
[7677] 2381184
[7685] Nightingale 夜莺 were.developed@The.discovery 2
[7691] Weedy 温蒂 means.of.exchange@and.in 2
[7695] 0
[7696] Ifrit 伊芙利特 this.distinctive@feature.it 4
[7700] 1
LeavesofGrass 北京市 07-17 04:37 -> 河南省林州市 07-17 11:48 736 15063
[7707] 0
[7713] 0
[7718] May 梅梅 and.Chinese@markets.the 3
[7724] 1
LeavesofGrass 新疆塔城市 07-31 18:50 -> 浙江省平湖市 08-01 07:38 864 20812
[7725] Courier 讯使 arrangement@of.society 4
[7726] 15802725
[7728] -1
[7731] -1
[7739] 1
LeavesofGrass 北京市 08-15 04:37 -> 山东省昌邑市 08-16 04:14 2966 4321
[7745] 8170776
[7749] Nearl 临光 feudal.lords@vassals.guildmast 2
[7757] 7324680
[7759] 0
[7765] 0
[7774] Steward 史都华 of.division@of.labour 3
[7778] 5514997
[7779] 0
[7786] Skyfire 天火 society.at@large.or 4
[7789] Leizi 惊蛰 The.manufacturing@system.took 3
[7791] 43572023
[7798] 3627834
[7803] 0
[7812] 0
[7817] 0
[7819] 1
INSCRIPTIONS 北京市 06-18 12:15 -> 湖南省醴陵市 06-18 22:05 256 50498
[7829] 5073780
[7830] 18086838
[7834] 8214360
[7838] WaaiFu 槐琥 new.forms.of@struggle.in 4
[7839] 6229359
[7848] Sesa 慑砂 the.markets@kept.ever 2
[7850] 0
[7853] Executor 送葬 two.great.hostile@camps.into 4
[7859] 0
[7861] 1
INSCRIPTIONS 上海市 07-28 17:47 -> 辽宁省沈阳市 07-29 07:35 574 50498
[7863] 3084156
[7869] Plume 翎羽 its.place.The@guildmasters.wer 3
[7873] 0
[7875] 0
[7882] 5394870
[7887] Nearl 临光 feudal.lords@vassals.guildmast 2
[7894] 0
[7896] 1
LeavesofGrass 河南省周口市 07-19 02:47 -> 山东省昌邑市 07-19 04:14 336 28938
[7903] 0
[7908] 0
[7918] Vermeil 红云 history.we@find.almost 3
[7920] Pramanix 初雪 has.simplified@the.class 1
[7929] 0
[7931] 1251272
[7938] Deepcolor 深海色 classes.again@subordinate.grad 3
[7939] Snowsant 雪雉 these.burgesses@the.first 4
[7945] Weedy 温蒂 means.of.exchange@and.in 2
[7955] 11723250
[7961] 6877696
[7970] 17652768
[7971] 0
[7974] SilverAsh 银灰 never.before@known.and 2
[7976] Matterhorn 角峰 French.German@Italian.Flemish 1
[7978] 0
[7981] 0
[7986] 1913142
[7987] Reed 苇草 thereby.to@the.revolutionary 1
[7995] 0
[7998] 36545355
[8008] 0
[8016] 0
[8025] 0
[8033] 0
[8038] 10229232
[8045] 0
[8054] Shining 闪灵 to.commerce@to.navigation 1
[8063] 0
[8067] 1692290
[8068] 2569705
[8069] 7048470
[8071] 1
INSCRIPTIONS 广东省高州市 08-05 01:56 -> 内蒙海拉尔市 08-05 15:34 833 38039
[8080] 0
[8084] Myrtle 桃金娘 guilds.now@no.longer 1
[8087] 3758040
[8092] Mostima 莫斯提马 not.done.away@with.class 4
[8096] Reed 苇草 thereby.to@the.revolutionary 1
[8097] 0
[8100] Ceylon 锡兰 in.the.common@ruin.of 4
[8103] 0
[8107] -1
[8110] 1
IHEARDthatyouask 新疆阿勒泰市 06-29 18:44 -> 甘肃省白银市 06-30 05:44 708 84079
[8119] 2609720
[8125] 1741963
[8135] 0
[8144] 0
[8151] 22542480
[8156] 0
[8158] 0
[8167] Shining 闪灵 to.commerce@to.navigation 1
[8174] Steward 史都华 of.division@of.labour 3
[8178] 0
[8179] 0
[8184] 0
[8188] Platinum 白金 pushed.on.one@side.by 4
[8198] 0
[8208] 4155840
[8217] SilverAsh 银灰 never.before@known.and 2
[8221] 1
IHEARDthatyouask 天津市 07-01 00:05 -> 江苏省扬州市 07-01 04:00 190 84079
[8222] -1
[8230] Siege 推进之王 the.bourgeoisie@possesses.howe 1
[8234] Mousse 慕斯 everywhere@a.complicated 3
[8239] 4325702
[8247] 0
[8257] Kroos 克洛丝 element.in@the.tottering 1
[8261] 337722
[8269] 0
[8272] Gavial 嘉维 longer.sufficed@Thereupon.stea 3
[8276] 1
IHEARDthatyouask 天津市 07-08 00:05 -> 北京市 07-08 15:05 2048 84079
[8279] 333183
[8288] Lappland 拉普兰 the.manufacturing@middle.class 2
[8298] 0
[8303] Franka 芙兰卡 against.the@more.advanced 4
[8312] 0
[8319] 0
[8326] 1480778
[8328] Sideroca 铸铁 acknowledged@by.all 4
[8329] 12345822
[8334] 5645672
[8342] Sesa 慑砂 the.markets@kept.ever 2
[8348] 1290344
[8349] 2246003
[8359] 0
[8368] 3151512
[8375] Vermeil 红云 history.we@find.almost 3
[8383] Pramanix 初雪 has.simplified@the.class 1
[8393] 41896128
[8397] 2719189
[8399] 2134045
[8400] 0
[8407] 0
[8411] 0
[8414] 0
[8420] 0
[8422] 1438046
[8430] 0
[8438] queue
[8443] Gitano 远山 the.contending@classes.In 3
[8445] Nearl 临光 feudal.lords@vassals.guildmast 2
[8454] 0
[8456] 0
[8463] 19710528
[8465] 0
[8467] 3657212
[8473] -1
[8474] 0
[8481] 2102256
[8483] 29944838
[8489] Mousse 慕斯 everywhere@a.complicated 3
[8491] 25771592
[8501] Dobermann 杜宾 Proletariat@From.the 2
[8502] 11775321
[8512] Vanilla 香草 each.other@Bourgeoisie.and 2
[8521] Durin 杜林 production@The.place 2
[8524] 0
[8530] 821394
[8537] -1
[8546] 0
[8552] 7551960
[8560] Vermeil 红云 of.manufacture@was.taken 3
[8567] 2614668
[8573] 8765700
[8582] 1
INSCRIPTIONS 湖南省醴陵市 07-21 22:10 -> 广东省高州市 07-22 01:49 231 50498
[8592] Courier 讯使 arrangement@of.society 4
[8600] queue
[8607] 0
[8608] queue
[8610] Mostima 莫斯提马 not.done.away@with.class 4
[8611] 1622600
[8620] Vanilla 香草 each.other@Bourgeoisie.and 2
[8621] 6126460
[8631] Hibiscus 芙蓉 development@The.feudal 4
[8633] Beehunter 猎蜂 in.each.single@workshop.Meanti 3
[8642] 1
INSCRIPTIONS 北京市 06-11 12:15 -> 内蒙海拉尔市 06-12 15:34 1320 41508
[8652] Provence 普罗旺斯 the.different@corporate.guilds 2
[8654] 738342
[8655] 34663805
[8656] -1
[8662] 5577760
[8670] 0
[8672] 1
INSCRIPTIONS 湖南省醴陵市 06-13 22:10 -> 黑龙江省七台河市 06-14 15:01 799 43610
[8675] 0
[8684] 1
INSCRIPTIONS 辽宁省沈阳市 07-29 07:42 -> 黑龙江省七台河市 07-29 15:01 312 50498
[8693] 0
[8696] 20490072
[8697] 0
[8699] 0
[8706] Nightingale 夜莺 were.developed@The.discovery 2
[8707] 0
[8710] Nearl 临光 feudal.lords@vassals.guildmast 2
[8711] Angelina 安洁莉 slaves.in.the@Middle.Ages 4
[8713] Texas 德克 by.the.giant@Modern.Industry 3
[8722] 1
IHEARDthatyouask 山东省蓬莱市 08-11 11:15 -> 安徽省马鞍山市 08-11 13:13 274 84079
[8724] 0
[8732] 6372504
[8735] Ambriel 安比尔 I.Communism@is.already 4
[8745] Durin 杜林 production@The.place 2
[8752] 0
[8757] Sesa 慑砂 the.markets@kept.ever 2
[8764] Leizi 惊蛰 The.manufacturing@system.took 3
[8768] Vanilla 香草 each.other@Bourgeoisie.and 2
[8774] Earthspirit 地灵 stood.in.constant@opposition.t 4
[8776] queue
[8784] SilverAsh 银灰 never.before@known.and 2
[8794] 0
[8803] 0
[8806] Nightmare 夜魔 one.another@carried.on 4
[8813] 6808616
[8820] 0
[8826] 3386929
[8832] 2080512
[8837] 0
[8843] WaaiFu 槐琥 new.forms.of@struggle.in 4
[8850] 0
[8853] Ambriel 安比尔 I.Communism@is.already 4
[8862] Franka 芙兰卡 against.the@more.advanced 4
[8865] 20878550
[8867] -1
[8874] 0
[8875] 11239920
[8877] 448255
[8883] 1
LeavesofGrass 天津市 08-05 16:17 -> 浙江省平湖市 08-06 07:38 1221 14688
[8891] Spot 斑点 feudal.society@a.rapid 2
[8901] 0
[8902] 0
[8907] 1
IHEARDthatyouask 新疆阿勒泰市 08-04 18:44 -> 天津市 08-04 23:59 124 84079
[8910] Schwarz 黑黑 growing.the@demand.ever 2
[8920] 0
[8927] 0
[8935] 21282014
[8942] 0
[8952] 1
INSCRIPTIONS 北京市 07-26 12:15 -> 上海市 07-26 17:44 169 50498
[8959] Ambriel 安比尔 I.Communism@is.already 4
[8961] 500549
[8970] Utage 宴宴 in.almost.all@of.these 3
[8978] Hibiscus 芙蓉 development@The.feudal 4
[8986] 615515
[8993] 0
[9002] 0
[9006] 0
[9012] 893645
[9016] 2039262
[9017] Mayer 梅尔 of.America@the.rounding 2
[9025] 5708573
[9034] Courier 讯使 middle.class@by.industrial 4
[9036] Gummy 古米 colonisation@of.America 2
[9042] 0
[9044] 0
[9049] 0
[9054] 0
[9062] 0
[9066] 0
[9068] Vanilla 香草 each.other@Bourgeoisie.and 2
[9077] Breeze 微风 into.various@orders.a 4
[9080] 4257086
[9083] 1298427
[9090] Shamare 巫恋 rising.bourgeoisie@The.EastInd 3
[9094] Platinum 白金 pushed.on.one@side.by 4
[9103] -1
[9106] 6791500
[9110] 1
LeavesofGrass 北京市 07-25 04:37 -> 辽宁省丹东市 07-25 19:33 2461 50500
[9115] -1
[9120] 0
[9124] queue
[9132] 3535856
[9139] -1
[9147] 96747
[9154] 0
[9156] 13964733
[9162] 0
[9164] -1
[9165] 19493916
[9168] 0
[9177] 2561559
[9183] 22722413
[9186] Snowsant 雪雉 these.burgesses@the.first 4
[9190] 1
INSCRIPTIONS 黑龙江省哈尔滨市 06-29 10:15 -> 黑龙江省七台河市 06-29 15:01 265 50498
[9194] 0
[9201] 1
LeavesofGrass 天津市 08-08 16:17 -> 辽宁省丹东市 08-08 19:33 701 2018
[9210] 0
[9213] queue
[9218] Gavial 嘉维 longer.sufficed@Thereupon.stea 3
[9224] 1919550
[9225] Siege 推进之王 the.bourgeoisie@possesses.howe 1
[9229] 1
INSCRIPTIONS 北京市 07-15 12:15 -> 黑龙江省哈尔滨市 07-16 10:12 790 42265
[9232] Lappland 拉普兰 the.manufacturing@middle.class 2
[9237] Ifrit 伊芙利特 this.distinctive@feature.it 4
[9238] Gummy 古米 colonisation@of.America 2
[9245] 18328
[9249] 9115500
[9251] 1
INSCRIPTIONS 湖南省醴陵市 06-08 22:10 -> 广东省高州市 06-09 01:49 231 43654
[9257] -1
[9264] 0
[9265] Matterhorn 角峰 French.German@Italian.Flemish 1
[9268] 0
[9272] 0
[9279] Sora 空空 ruins.of.feudal@society.has 4
[9288] 1266428
[9296] 0
[9306] Provence 普罗旺斯 the.different@corporate.guilds 2
[9307] Saria 塞雷娅 has.established@the.worldmarke 7
[9313] 752584
[9319] 0
[9329] 0
[9335] 0
[9343] 0
[9346] 0
[9349] 0
[9354] 0
[9362] 2788880
[9371] Silence 赫默 millionaires@the.leaders 2
[9380] queue
[9382] 0
[9387] 4740115
[9396] 0
[9399] 0
[9409] Weedy 温蒂 means.of.exchange@and.in 2
[9414] 148889
[9419] 8823752
[9429] 0
[9435] Mayer 梅尔 of.America@the.rounding 2
[9440] 0
[9442] 2322495
[9446] 0
[9451] 0
[9453] 1
IHEARDthatyouask 新疆阿勒泰市 07-19 18:44 -> 北京市 07-20 15:05 2172 75067
[9456] 0
[9463] 1
LeavesofGrass 北京市 07-21 04:37 -> 河南省周口市 07-22 02:37 2630 9652
[9467] 0
[9474] 0
[9476] 0
[9483] Mayer 梅尔 of.America@the.rounding 2
[9493] 10680436
[9495] Angelina 安洁莉 slaves.in.the@Middle.Ages 4
[9501] Nightingale 夜莺 were.developed@The.discovery 2
[9502] W 达不溜 of.the.Cape@opened.up 4
[9509] 1
IHEARDthatyouask 天津市 08-15 00:05 -> 青海省格尔木市 08-15 15:58 2328 84079
[9515] 1
IHEARDthatyouask 甘肃省白银市 07-03 05:53 -> 广西桂平市 07-03 16:37 1819 84079
[9525] 9495262
[9529] 0
[9530] 19929590
[9534] Perfumer 调香 for.which.the@discovery.of 2
[9543] Istina 真理 the.increase@in.the 2
[9544] 0
[9550] 0
[9556] 3908736
[9561] 1
IHEARDthatyouask 青海省格尔木市 08-05 16:02 -> 广西桂平市 08-05 16:37 75 84079
[9562] 0
[9568] 0
[9569] Breeze 微风 into.various@orders.a 4
[9578] -1
[9582] 0
[9590] 0
[9600] Ambriel 安比尔 I.Communism@is.already 4
[9608] 1633575
[9612] 0
[9619] 0
[9627] -1
[9631] WaaiFu 槐琥 new.forms.of@struggle.in 4
[9639] 0
[9647] 0
[9648] Durin 杜林 production@The.place 2
[9653] 0
[9662] 0
[9672] 13867566
[9682] Haze 夜烟 commodities@generally.gave 1
[9683] Conviction 断罪者 rising.Even@manufacture.no 3
[9689] Mostima 莫斯提马 not.done.away@with.class 4
[9695] Leizi 惊蛰 The.manufacturing@system.took 3
[9697] 1
INSCRIPTIONS 湖南省醴陵市 06-30 22:10 -> 辽宁省沈阳市 07-01 07:35 487 46729
[9707] Blaze 煌煌 system.of.industry@under.which 2
[9712] Durin 杜林 production@The.place 2
[9718] 23663596
[9720] 0
[9728] Plume 翎羽 its.place.The@guildmasters.wer 3
[9734] 0
[9738] 0
[9739] 1
INSCRIPTIONS 辽宁省沈阳市 07-06 07:42 -> 黑龙江省哈尔滨市 07-06 10:12 47 27268
[9740] 0
[9747] 411872
[9753] Steward 史都华 of.division@of.labour 3
[9763] 5707350
[9767] 10249325
[9776] 61516
[9780] 3902251
[9788] 0
[9794] Skadi 斯卡蒂 new.conditions@of.oppression 5
[9795] 0
[9802] 0
[9807] 0
[9808] 0
[9818] 6914400
[9826] Pramanix 初雪 has.simplified@the.class 1
[9831] 0
[9840] 6859328
[9847] 73967
[9850] Matterhorn 角峰 French.German@Italian.Flemish 1
[9853] queue
[9859] 0
[9868] Sesa 慑砂 the.markets@kept.ever 2
[9877] 2072185
[9878] 1
IHEARDthatyouask 江苏省扬州市 06-22 04:10 -> 北京市 06-22 15:05 1858 79457
[9882] 0
[9887] 0
[9888] 0
[9891] 3597736
[9896] 1259089
[9900] 0
[9901] 0
[9909] 0
[9919] Beehunter 猎蜂 in.each.single@workshop.Meanti 3
[9920] 0
[9921] 0
[9930] 0
[9935] 4117247
[9945] 0
[9949] 5668488
[9959] 6720224
[9966] 0
[9974] 1
IHEARDthatyouask 江苏省扬州市 06-26 04:10 -> 安徽省马鞍山市 06-26 13:13 1426 84079
[9981] 8816586
[9991] Istina 真理 the.increase@in.the 2
[9992] Swire 诗怀雅 but.established@new.classes 2
[9998] -1
[10000] Earthspirit 地灵 This.market@has.given 4
[10009] 4526352
[10011] 211419
[10019] 0
[10020] Snowsant 雪雉 these.burgesses@the.first 4
[10025] 0
[10030] Mousse 慕斯 everywhere@a.complicated 3
[10040] 0
[10047] Indra 因陀罗 the.place.of@the.industrial 2
[10057] Cliffheart 崖心 sprang.the@chartered.burghers 2
[10063] 0
[10065] 663723
[10069] Haze 夜烟 commodities@generally.gave 1
[10071] 3663373
[10075] Franka 芙兰卡 against.the@more.advanced 4
[10083] 3448992
[10091] 0
[10099] Nearl 临光 feudal.lords@vassals.guildmast 2
[10105] 0
[10108] 3052422
[10112] Conviction 断罪者 rising.Even@manufacture.no 3
[10119] Courier 讯使 middle.class@by.industrial 4
[10128] 4682880
[10138] 0
[10143] Franka 芙兰卡 against.the@more.advanced 4
[10148] Nightingale 夜莺 were.developed@The.discovery 2
[10152] 20362736
[10153] 3591429
[10158] 1
LeavesofGrass 天津市 08-10 16:17 -> 河南省周口市 08-11 02:37 870 13396
[10160] Cliffheart 崖心 sprang.the@chartered.burghers 2
[10163] Zima 凛冬 in.a.word.oppressor@and.oppres 2
[10171] 1
INSCRIPTIONS 上海市 07-05 17:47 -> 黑龙江省七台河市 07-06 15:01 886 27268
[10177] Sesa 慑砂 the.markets@kept.ever 2
[10179] Mostima 莫斯提马 not.done.away@with.class 4
[10189] 0
[10196] 5217740
[10197] NoirCorne 黑角 should.openly@in.the 4
[10207] 1022166
[10213] 1
LeavesofGrass 内蒙乌兰浩特市 07-22 09:34 -> 辽宁省沈阳市 07-22 14:55 968 13695
[10216] queue
[10222] W 达不溜 of.the.Cape@opened.up 4
[10226] queue
[10228] Vulcan 火神 and.machinery@revolutionised.i 2
[10236] 0
[10239] 26463432
[10245] Gummy 古米 colonisation@of.America 2
[10247] 5501955
[10256] 0
[10264] 3045816
[10266] 0
[10267] 0
[10275] 2539056
[10277] 0
[10281] 1
LeavesofGrass 辽宁省营口市 08-02 23:06 -> 河南省周口市 08-03 02:37 152 70642
[10288] 11723418
[10295] Mostima 莫斯提马 commerce.to@navigation.to 4
[10301] 1
INSCRIPTIONS 黑龙江省哈尔滨市 07-04 10:15 -> 内蒙海拉尔市 07-04 15:34 530 50498
[10311] Shamare 巫恋 rising.bourgeoisie@The.EastInd 3
[10320] 14116240
[10325] queue
[10334] 2155418
[10335] Gitano 远山 the.contending@classes.In 3
[10341] 265309
[10344] 0
[10354] Ambriel 安比尔 I.Communism@is.already 4
[10357] 2239780
[10361] 1
IHEARDthatyouask 天津市 07-29 00:05 -> 安徽省马鞍山市 07-29 13:13 1616 84079
[10371] 1903749
[10379] 14323680
[10389] Vanilla 香草 each.other@Bourgeoisie.and 2
[10391] 0
[10396] 0
[10399] 0
[10409] SilverAsh 银灰 never.before@known.and 2
[10412] queue
[10417] 837462
[10423] Vulcan 火神 and.machinery@revolutionised.i 2
[10426] 882444
[10434] 7336888
[10443] 2840480
[10448] 42636
[10450] Leizi 惊蛰 The.manufacturing@system.took 3
[10456] 1
LeavesofGrass 河南省周口市 07-18 02:47 -> 黑龙江省五常市 07-18 08:09 656 45941
[10460] Melantha 玫兰莎 Czar.Metternich@and.Guizot 7
[10467] 19409852
[10476] 1
IHEARDthatyouask 天津市 08-09 00:05 -> 北京市 08-09 15:05 2048 84079
[10485] 27248296
[10488] May 梅梅 and.Chinese@markets.the 3
[10490] 0
[10492] 0
[10495] 0
[10502] Vulcan 火神 and.machinery@revolutionised.i 2
[10504] 1026515
[10508] Cardigan 卡缇 BOURGEOIS.AND@PROLETARIANS.The 4
[10516] 1226980
[10518] 1
INSCRIPTIONS 湖南省醴陵市 07-11 22:10 -> 辽宁省沈阳市 07-12 07:35 487 41996
[10523] Breeze 微风 into.various@orders.a 4
[10529] 1
INSCRIPTIONS 上海市 06-14 17:47 -> 辽宁省沈阳市 06-15 07:35 574 42988
[10535] 62169
[10537] Myrtle 桃金娘 guilds.now@no.longer 1
[10542] 0
[10546] SilverAsh 银灰 never.before@known.and 2
[10549] 0
[10551] queue
[10561] 1
INSCRIPTIONS 北京市 07-16 12:15 -> 黑龙江省哈尔滨市 07-17 10:12 790 39028
[10566] 1
LeavesofGrass 内蒙乌兰浩特市 08-01 09:34 -> 辽宁省营口市 08-01 23:03 2168 52463
[10576] Executor 送葬 two.great.hostile@camps.into 4
[10579] Vanilla 香草 each.other@Bourgeoisie.and 2
[10586] 0
[10591] 0
[10600] 1551095
[10603] 1
INSCRIPTIONS 广东省高州市 06-10 01:56 -> 黑龙江省哈尔滨市 06-10 10:12 303 30471
[10607] 5126524
[10609] W 达不溜 of.the.Cape@opened.up 4
[10617] 0
[10618] Sesa 慑砂 the.markets@kept.ever 2
[10624] 7252890
[10628] 17854485
[10629] Lappland 拉普兰 the.manufacturing@middle.class 2
[10633] Sideroca 铸铁 acknowledged@by.all 4
[10634] 2671602
[10640] 0
[10644] Haze 夜烟 commodities@generally.gave 1
[10653] 0
[10654] Pramanix 初雪 has.simplified@the.class 1
[10656] Sora 空空 ruins.of.feudal@society.has 4
[10660] 4265633
[10664] 9826465
[10672] Glaucus 格劳克斯 America.paved@the.way 2
[10679] 26826624
[10687] 0
[10689] 0
[10699] Pramanix 初雪 has.simplified@the.class 1
[10705] 0
[10712] Beehunter 猎蜂 in.each.single@workshop.Meanti 3
[10719] -1
[10722] Leizi 惊蛰 The.manufacturing@system.took 3
[10729] 0
[10735] 0
[10740] 0
[10747] 0
[10751] Gitano 远山 the.contending@classes.In 3
[10761] 1
IHEARDthatyouask 天津市 08-15 00:05 -> 甘肃省玉门市 08-15 01:51 175 84079
[10764] SilverAsh 银灰 never.before@known.and 2
[10771] 7640939
[10780] Plume 翎羽 its.place.The@guildmasters.wer 3
[10787] 7656680
[10790] 35335424
[10794] 8140600
[10803] Reed 苇草 thereby.to@the.revolutionary 1
[10808] 235008
[10816] -1
[10826] 32479950
[10827] 1
LeavesofGrass 北京市 07-23 04:37 -> 天津市 07-23 16:12 1760 592
[10828] 18951600
[10836] Ambriel 安比尔 I.Communism@is.already 4
[10845] 0
[10852] 1
INSCRIPTIONS 湖南省醴陵市 07-06 22:10 -> 内蒙海拉尔市 07-07 15:34 1064 50498
[10861] Meteorite 陨星 of.the.earliest@towns.From 2
[10867] 0
[10869] queue
[10876] Platinum 白金 pushed.on.one@side.by 4
[10883] 21626496
[10893] 1483576
[10899] Weedy 温蒂 means.of.exchange@and.in 2
[10901] 0
[10904] 0
[10905] 43754576
[10914] 0
[10920] Gavial 嘉维 longer.sufficed@Thereupon.stea 3
[10921] Mostima 莫斯提马 commerce.to@navigation.to 4
[10930] Deepcolor 深海色 classes.again@subordinate.grad 3
[10933] Courier 讯使 middle.class@by.industrial 4
[10941] 1028496
[10944] 0
[10953] 2748416
[10961] 1
LeavesofGrass 内蒙乌兰浩特市 07-20 09:34 -> 山东省昌邑市 07-21 04:14 2656 31453
[10966] 0
[10972] Mayer 梅尔 of.America@the.rounding 2
[10981] 4051638
[10988] 0
[10991] 1
LeavesofGrass 辽宁省沈阳市 07-25 15:03 -> 新疆塔城市 07-25 18:41 839 34655
[10993] 29006176
[10997] 0
[11001] Gummy 古米 colonisation@of.America 2
[11006] 3348384
[11009] Swire 诗怀雅 but.established@new.classes 2
[11012] 0
[11013] 0
[11019] 1
INSCRIPTIONS 上海市 08-08 17:47 -> 内蒙海拉尔市 08-09 15:34 1151 37918
[11028] 0
[11030] 0
[11032] 0
[11042] 0
[11046] -1
[11049] 0
[11050] 1
LeavesofGrass 内蒙乌兰浩特市 08-01 09:34 -> 河南省周口市 08-02 02:37 2320 52463
[11054] 0
[11059] Hibiscus 芙蓉 development@The.feudal 4
[11064] 0
[11071] Gitano 远山 the.contending@classes.In 3
[11079] Gitano 远山 the.contending@classes.In 3
[11086] 2509528
[11090] 8235581
[11096] Haze 夜烟 commodities@generally.gave 1
[11106] Ambriel 安比尔 I.Communism@is.already 4
[11107] 1
IHEARDthatyouask 新疆阿勒泰市 07-26 18:44 -> 广西桂平市 07-27 16:37 2527 84079
[11112] 1
INSCRIPTIONS 广东省高州市 07-08 01:56 -> 内蒙海拉尔市 07-08 15:34 833 26498
[11119] 20466402
[11129] Popukar 泡普卡 manifold.gradation@of.social 2
[11135] 11169630
[11144] Lappland 拉普兰 the.manufacturing@middle.class 2
[11145] Earthspirit 地灵 This.market@has.given 4
[11146] 1222180
[11152] 0
[11157] 13693862
[11166] -1
[11175] 8105192
[11177] 4962690
[11187] 1794992
[11192] queue
[11202] 3054170
[11205] 0
[11211] Pramanix 初雪 has.simplified@the.class 1
[11216] 1
TOTHEEOLDCAUSE 浙江省金华市 08-18 20:53 -> 河北省丰南市 08-18 23:07 384 90807
[11223] 1449504
[11225] 0
[11232] 2618188
[11242] Weedy 温蒂 means.of.exchange@and.in 2
[11249] queue
[11252] -1
[11261] W 达不溜 of.the.Cape@opened.up 4
[11263] Kroos 克洛丝 element.in@the.tottering 1
[11269] 0
[11271] queue
[11274] 792951
[11283] Siege 推进之王 the.bourgeoisie@possesses.howe 1
[11292] 204638
[11297] 8208648
[11302] 0
[11311] 847867
[11313] 4229595
[11319] Gravel 砾砾 opposition@parties.as 4
[11327] 7727928
[11333] -1
[11337] 0
[11338] 13798200
[11340] 11005589
[11342] Matterhorn 角峰 French.German@Italian.Flemish 1
[11347] Ambriel 安比尔 I.Communism@is.already 4
[11351] 0
[11355] Gummy 古米 colonisation@of.America 2
[11358] 0
[11360] Leizi 惊蛰 The.manufacturing@system.took 3
[11362] Ambriel 安比尔 I.Communism@is.already 4
[11365] Zima 凛冬 in.a.word.oppressor@and.oppres 2
[11368] 0
[11370] 0
[11371] 10041924
[11380] Beehunter 猎蜂 in.each.single@workshop.Meanti 3
[11386] 0
[11392] 1
IHEARDthatyouask 甘肃省玉门市 06-27 01:58 -> 北京市 06-27 15:05 1873 81026
[11396] 1
LeavesofGrass 河南省周口市 08-13 02:47 -> 黑龙江省五常市 08-13 08:09 656 44412
[11401] 1
INSCRIPTIONS 黑龙江省哈尔滨市 06-08 10:15 -> 黑龙江省七台河市 06-08 15:01 265 50498
[11402] Indra 因陀罗 the.place.of@the.industrial 2
[11403] 0
[11411] Beehunter 猎蜂 This.development@has.in 3
[11417] 1
IHEARDthatyouask 天津市 08-08 00:05 -> 江苏省扬州市 08-08 04:00 190 84079
[11421] 0
[11427] 0
[11436] 21269143
[11442] 1
IHEARDthatyouask 浙江省临海市 08-17 22:12 -> 甘肃省白银市 08-18 05:44 704 84079
[11450] 0
[11453] W 达不溜 of.the.Cape@opened.up 4
[11456] queue
[11460] Sesa 慑砂 the.markets@kept.ever 2
[11462] queue
[11465] Ifrit 伊芙利特 this.distinctive@feature.it 4
[11468] Earthspirit 地灵 This.market@has.given 4
[11472] -1
[11479] Deepcolor 深海色 classes.again@subordinate.grad 3
[11485] 19201716
[11490] Ceylon 锡兰 its.time.reacted@on.the 4
[11494] Indra 因陀罗 the.place.of@the.industrial 2
[11497] 10079256
[11504] 0
[11514] -1
[11519] 0
[11528] 0
[11534] 26862580
[11543] 0
[11546] 0
[11556] 0
[11563] Plume 翎羽 its.place.The@guildmasters.wer 3
[11566] 0
[11569] -1
[11577] 1
IHEARDthatyouask 新疆阿勒泰市 07-17 18:44 -> 新疆博乐市 07-18 08:07 1184 84079
[11584] 8911968
[11585] 464924
[11589] 0
[11597] Deepcolor 深海色 classes.again@subordinate.grad 3
[11602] 0
[11604] 0
[11613] 31183410
[11620] Vermeil 红云 of.manufacture@was.taken 3
[11621] 10911120
[11627] Shining 闪灵 to.commerce@to.navigation 1
[11635] 0
[11643] Vulcan 火神 and.machinery@revolutionised.i 2
[11652] 1
INSCRIPTIONS 湖南省醴陵市 06-11 22:10 -> 黑龙江省七台河市 06-12 15:01 799 39762
[11654] -1
[11655] -1
[11665] 0
[11671] 0
[11675] Silence 赫默 millionaires@the.leaders 2
[11685] Deepcolor 深海色 classes.again@subordinate.grad 3
[11688] 9446697
[11698] 1
INSCRIPTIONS 上海市 07-14 17:47 -> 黑龙江省七台河市 07-15 15:01 886 39607
[11708] 9320448
[11718] 37830
[11719] 0
[11725] Executor 送葬 two.great.hostile@camps.into 4
[11730] Ceylon 锡兰 commerce.navigation@railways.e 4
[11735] 0
[11744] 0
[11746] 17208000
[11748] 0
[11751] 0
[11758] 1
TOTHEEOLDCAUSE 安徽省宁国市 06-18 23:54 -> 天津市 06-19 06:35 887 90807
[11768] 1752868
[11772] 0
[11782] 2428704
[11787] 0
[11795] 0
[11802] 0
[11810] 0
[11814] 1
LeavesofGrass 山西省侯马市 07-24 13:16 -> 辽宁省丹东市 07-24 19:33 1540 10606
[11815] 4610657
[11822] 17237600
[11824] Vulcan 火神 and.machinery@revolutionised.i 2
[11825] 2044620
[11832] 6361232
[11834] 1084542
[11844] 0
[11851] 0
[11853] 1
INSCRIPTIONS 湖南省醴陵市 06-29 22:10 -> 广东省高州市 06-30 01:49 231 50498
[11855] 2033280
[11860] 12523500
[11861] 2867565
[11867] 28619701
[11876] 0
[11877] 0
[11883] 0
[11892] 2896768
[11898] 0
[11906] 0
[11908] 9129624
[11909] 2406912
[11912] 0
[11921] 0
[11931] 0
[11933] 0
[11938] 0
[11939] Gitano 远山 the.contending@classes.In 3
[11943] Executor 送葬 two.great.hostile@camps.into 4
[11945] Ifrit 伊芙利特 this.distinctive@feature.it 4
[11950] 1
INSCRIPTIONS 上海市 07-19 17:47 -> 辽宁省沈阳市 07-20 07:35 574 30992
[11953] 1
LeavesofGrass 天津市 08-20 16:17 -> 辽宁省丹东市 08-20 19:33 701 24153
[11961] 10826650
[11968] Kroos 克洛丝 element.in@the.tottering 1
[11969] 0
[11977] W 达不溜 of.the.Cape@opened.up 4
[11985] 0
[11988] Sora 空空 ruins.of.feudal@society.has 4
[11997] queue
[11998] 0
[12000] 2
TOTHEEOLDCAUSE 天津市 07-28 06:44 -> 北京市 07-28 19:10 2134 90807
IHEARDthatyouask 天津市 07-28 00:05 -> 北京市 07-28 15:05 2048 72806
[12010] 1123120
[12020] 11017598
[12025] 2747124
[12030] 8901424
[12031] SilverAsh 银灰 its.capital@and.pushed 2
[12037] Gavial 嘉维 longer.sufficed@Thereupon.stea 3
[12038] 6413372
[12045] 1438758
[12055] 0
[12060] 314947
[12065] 3083488
[12075] 1
IHEARDthatyouask 天津市 07-09 00:05 -> 江苏省扬州市 07-09 04:00 190 84079
[12079] 0
[12082] 1
TOTHEEOLDCAUSE 海南省儋州市 06-30 20:12 -> 山东省招远市 07-01 15:43 3533 90807
[12087] 2
TOTHEEOLDCAUSE 天津市 06-18 06:44 -> 北京市 06-18 19:10 2134 90807
IHEARDthatyouask 天津市 06-18 00:05 -> 北京市 06-18 15:05 2048 84079
[12095] W 达不溜 of.the.Cape@opened.up 4
[12098] Ethan 伊桑 sufficed.for@the.growing 1
[12104] 1855464
[12114] Gavial 嘉维 longer.sufficed@Thereupon.stea 3
[12116] 3789606
[12124] 0
[12127] -1
[12131] Zima 凛冬 in.a.word.oppressor@and.oppres 2
[12136] -1
[12145] 0
[12153] 5007248
[12156] 0
[12160] Dobermann 杜宾 Proletariat@From.the 2
[12161] Myrtle 桃金娘 guilds.now@no.longer 1
[12170] 0
[12179] Ambriel 安比尔 I.Communism@is.already 4
[12184] 0
[12194] 25222068
[12204] Spot 斑点 feudal.society@a.rapid 2
[12206] -1
[12214] Vulcan 火神 and.machinery@revolutionised.i 2
[12224] Yato 夜刀 Our.epoch.the@epoch.of 1
[12234] 0
[12236] Swire 诗怀 into.the.background@every.clas 2
[12241] 13510568
[12246] 0
[12251] 1
INSCRIPTIONS 广东省高州市 06-30 01:56 -> 辽宁省沈阳市 06-30 07:35 256 44832
[12257] 4327353
[12264] Franka 芙兰卡 against.the@more.advanced 4
[12273] 1579074
[12280] 1360632
[12287] 0
[12290] 11094428
[12295] 0
[12305] Lappland 拉普兰 the.manufacturing@middle.class 2
[12312] Glaucus 格劳克斯 America.paved@the.way 2
[12315] Nian 年年 handed.down@from.the 3
[12319] 0
[12320] 1578340
[12321] 1
LeavesofGrass 黑龙江省黑河市 08-06 07:19 -> 辽宁省营口市 08-06 23:03 2412 4506
[12325] 5613749
[12328] Leizi 惊蛰 The.manufacturing@system.took 3
[12331] 0
[12333] Warfarin 华法琳 an.immense@development.to 2
[12338] 1
INSCRIPTIONS 北京市 06-23 12:15 -> 湖南省醴陵市 06-23 22:05 256 40783
[12343] Spot 斑点 feudal.society@a.rapid 2
[12350] 0
[12354] -1
[12359] 0
[12368] 5304277
[12372] 0
[12379] SilverAsh 银灰 its.capital@and.pushed 2
[12382] 0
[12389] 7575006
[12398] Vermeil 红云 of.manufacture@was.taken 3
[12405] 0
[12410] Matterhorn 角峰 French.German@Italian.Flemish 1
[12417] 1
IHEARDthatyouask 新疆阿勒泰市 08-07 18:44 -> 甘肃省玉门市 08-08 01:51 299 84079
[12426] 0
[12429] 0
[12437] 1647800
[12447] Cardigan 卡缇 BOURGEOIS.AND@PROLETARIANS.The 4
[12455] 0
[12457] 0
[12461] Vanilla 香草 each.other@Bourgeoisie.and 2
[12465] Dobermann 杜宾 Proletariat@From.the 2
[12467] 3676608
[12476] Breeze 微风 into.various@orders.a 4
[12485] 14359051
[12494] 0
[12498] 1
IHEARDthatyouask 新疆阿勒泰市 08-12 18:44 -> 山东省蓬莱市 08-13 11:07 1466 84079
[12501] Dobermann 杜宾 Proletariat@From.the 2
[12505] Swire 诗怀 into.the.background@every.clas 2
[12510] Grani 格拉尼 trade.with@the.colonies 4
[12520] 1
INSCRIPTIONS 广东省高州市 07-21 01:56 -> 黑龙江省哈尔滨市 07-21 10:12 303 36485
[12527] 0
[12535] Shining 闪灵 to.commerce@to.navigation 1
[12545] Vermeil 红云 of.manufacture@was.taken 3
[12555] 1
TOTHEEOLDCAUSE 浙江省奉化市 08-09 14:59 -> 吉林省长春市 08-09 20:49 1045 90807
[12563] 33196383
[12569] Mostima 莫斯提马 commerce.to@navigation.to 4
[12578] Zima 凛冬 in.a.word.oppressor@and.oppres 2
[12580] Beehunter 猎蜂 This.development@has.in 3
[12581] 8980641
[12583] 3717204
[12591] 0
[12592] 4466690
[12597] 0
[12603] 5528170
[12605] Ethan 伊桑 Middle.Ages@We.see 1
[12609] Ambriel 安比尔 I.Communism@is.already 4
[12615] 4419360
[12620] Weedy 温蒂 means.of.exchange@and.in 2
[12629] 4496424
[12639] Grani 格拉尼 trade.with@the.colonies 4
[12642] 0
[12649] 1
LeavesofGrass 河南省林州市 07-21 11:56 -> 河南省周口市 07-22 02:37 1894 9652
[12652] 0
[12654] 0
[12655] 0
[12657] Ceylon 锡兰 commerce.navigation@railways.e 4
[12666] 1894032
[12676] 0
[12682] 13871187
[12687] 13880700
[12691] Meteorite 陨星 of.the.earliest@towns.From 2
[12694] 1057224
[12700] queue
[12708] 1
INSCRIPTIONS 湖南省醴陵市 08-01 22:10 -> 辽宁省沈阳市 08-02 07:35 487 47881
[12713] Warfarin 华法琳 an.immense@development.to 2
[12714] Vermeil 红云 of.manufacture@was.taken 3
[12724] queue
[12730] 13369604
[12733] Pramanix 初雪 therefore.how@the.modern 1
[12737] -1
[12742] Nightingale 夜莺 were.developed@The.discovery 2
[12744] queue
[12753] Siege 推进之王 the.bourgeoisie@possesses.howe 1
[12760] 1
LeavesofGrass 河南省林州市 08-23 11:56 -> 天津市 08-23 16:12 1024 33655
[12769] 0
[12774] 0
[12782] Warfarin 华法 bourgeoisie@is.itself 2
[12783] 5753055
[12792] 0
[12798] 1
IHEARDthatyouask 广东省英德市 07-10 10:05 -> 青海省格尔木市 07-10 15:58 1107 84079
[12804] 0
[12805] 0
[12808] 0
[12810] Blaze 煌煌 system.of.industry@under.which 2
[12817] 0
[12824] 0
[12825] 0
[12826] -1
[12836] 0
[12846] -1
[12849] Breeze 微风 into.various@orders.a 4
[12858] 0
[12865] -1
[12872] -1
[12873] Hellagur 赫拉格 this.spectre@Pope.and 5
[12883] 0
[12887] -1
[12897] -1
[12905] -1
[12914] -1
[12917] -1
[12927] -1
[12933] -1
[12934] 0
[12944] -1
[12953] -1
[12956] Zima 凛冬 in.a.word.oppressor@and.oppres 2
[12962] 0
[12972] -1
[12979] 0
[12988] 0
[12998] -1
[13003] 0
[13006] -1
[13011] 0
[13019] 0
[13020] 6
[success] LeavesofGrass 黑龙江省黑河市 08-14 07:19 -> 河南省周口市 08-15 02:37 2564 2035
[success] INSCRIPTIONS 上海市 07-02 17:47 -> 黑龙江省七台河市 07-03 15:01 886 9951
[success] IHEARDthatyouask 河南省洛阳市 07-07 16:35 -> 新疆博乐市 07-08 08:07 1396 16951
[success] LeavesofGrass 内蒙乌兰浩特市 08-23 09:34 -> 浙江省平湖市 08-24 07:38 2671 16313
[success] LeavesofGrass 天津市 08-04 16:17 -> 辽宁省营口市 08-04 23:03 718 16106
[success] INSCRIPTIONS 上海市 08-02 17:47 -> 内蒙海拉尔市 08-03 15:34 1151 9281
[13022] 0
[13027] -1
[13031] 0
[13033] 0
[13036] -1
[13040] -1
[13044] -1
[13047] -1
[13054] -1
[13061] 0
[13066] -1
[13074] -1
[13083] 0
[13084] -1
[13094] -1
[13095] -1
[13102] -1
[13109] 0
[13118] -1
[13124] -1
[13133] -1
[13134] -1
[13140] -1
[13143] 0
[13151] -1
[13152] -1
[13158] -1
[13168] -1
[13176] 0
[13182] 0
[13190] -1
[13197] -1
[13202] 0
[13204] -1
[13213] -1
[13222] -1
[13225] -1
[13226] -1
[13236] 0
[13242] whatyouwanted N
广东省罗定市 xx-xx xx:xx -> 06-07 23:18 0 56743
福建省龙海市 06-08 11:57 -> 06-08 12:00 457 56743
宁夏石嘴山市 06-08 18:46 -> xx-xx xx:xx 514 x
[13247] -1
[13252] -1
[13257] -1
[13264] 0
[13273] 0
[13276] -1
[13279] -1
[13284] -1
[13286] -1
[13295] -1
[13302] -1
[13309] -1
[13315] 0
[13321] -1
[13327] 0
[13334] 0
[13335] 1
SurVEOOvnPGpyOfw 内蒙乌兰浩特市 06-08 15:54 -> 山东省临沂市 06-08 22:51 883612 89915
[13336] -1
[13339] -1
[13348] -1
[13349] -1
[13358] -1
[13368] -1
[13373] 0
[13383] 0
[13391] -1
[13397] 0
[13401] Warfarin 华法 bourgeoisie@is.itself 2
[13403] -1
[13407] -1
[13408] 0
[13409] 0
[13419] TOTHEEOLDCAUSE A
海南省儋州市 xx-xx xx:xx -> 06-13 20:12 0 90807
浙江省金华市 06-13 20:44 -> 06-13 20:53 148 90807
河北省丰南市 06-13 23:07 -> 06-13 23:12 532 90807
安徽省宁国市 06-13 23:44 -> 06-13 23:54 772 90807
青海省格尔木市 06-14 02:36 -> 06-14 02:41 1206 90807
湖北省孝感市 06-14 05:00 -> 06-14 05:05 1618 90807
天津市 06-14 06:35 -> 06-14 06:44 1659 90807
湖南省湘乡市 06-14 08:34 -> 06-14 08:42 2011 90807
辽宁省锦州市 06-14 11:02 -> 06-14 11:11 2482 90807
湖北省丹江口市 06-14 13:30 -> 06-14 13:34 2948 90807
浙江省奉化市 06-14 14:53 -> 06-14 14:59 3248 90807
山东省招远市 06-14 15:43 -> 06-14 15:52 3533 90807
河南省灵宝市 06-14 18:46 -> 06-14 18:49 3565 90807
北京市 06-14 19:10 -> 06-14 19:15 3793 90807
湖北省大冶市 06-14 19:45 -> 06-14 19:54 4053 90807
吉林省长春市 06-14 20:49 -> xx-xx xx:xx 4293 x
[13424] -1
[13425] 11
[success] LeavesofGrass 山西省侯马市 08-10 13:16 -> 河南省周口市 08-11 02:37 1709 4471
[success] LeavesofGrass 辽宁省沈阳市 08-11 15:03 -> 黑龙江省五常市 08-12 08:09 2008 7030
[success] IHEARDthatyouask 安徽省马鞍山市 06-26 13:21 -> 北京市 06-26 15:05 432 9048
[success] LeavesofGrass 河南省周口市 08-20 02:47 -> 黑龙江省五常市 08-20 08:09 656 16026
[success] LeavesofGrass 河南省周口市 08-01 02:47 -> 山东省昌邑市 08-01 04:14 336 6944
[success] LeavesofGrass 黑龙江省黑河市 08-14 07:19 -> 辽宁省营口市 08-14 23:03 2412 15584
[success] LeavesofGrass 辽宁省丹东市 08-13 19:38 -> 浙江省平湖市 08-14 07:38 520 5007
[success] LeavesofGrass 黑龙江省黑河市 08-15 07:19 -> 黑龙江省五常市 08-16 08:09 3220 6498
[success] LeavesofGrass 北京市 07-26 04:37 -> 辽宁省沈阳市 07-26 14:55 1278 15099
[success] LeavesofGrass 黑龙江省黑河市 08-06 07:19 -> 黑龙江省五常市 08-07 08:09 3220 14094
[success] LeavesofGrass 天津市 08-04 16:17 -> 黑龙江省五常市 08-05 08:09 1526 15940
[13431] -1
[13437] -1
[13440] 0
[13442] 0
[13444] -1
[13451] -1
[13460] -1
[13470] -1
[13477] 0
[13478] 1
IHEARDthatyouask 江苏省扬州市 08-10 04:10 -> 青海省格尔木市 08-10 15:58 2138 80036
[13481] -1
[13486] -1
[13488] -1
[13493] -1
[13499] -1
[13506] -1
[13512] -1
[13519] -1
[13524] -1
[13534] Perfumer 调香 for.which.the@discovery.of 2
[13535] -1
[13536] 0
[13542] -1
[13544] -1
[13552] 0
[13555] -1
[13557] -1
[13558] -1
[13563] -1
[13569] -1
[13572] -1
[13576] -1
[13584] -1
[13585] TOTHEEOLDCAUSE 河北省丰南市 06-28 23:12 -> 天津市 06-29 06:35 1127 79263
IHEARDthatyouask 天津市 06-30 00:05 -> 新疆博乐市 06-30 08:07 1060 84079
[13595] -1
[13598] -1
[13602] -1
[13607] -1
[13614] -1
[13621] -1
[13631] -1
[13635] TOFOREIGNLANDS Y
山东省临沂市 xx-xx xx:xx -> 07-16 01:39 0 28055
江西省井冈山市 07-16 03:48 -> 07-16 03:52 291 28055
四川省达州市 07-16 05:01 -> 07-16 05:09 474 28055
吉林省德惠市 07-16 11:05 -> xx-xx xx:xx 916 x
[13641] 0
[13646] 0
[13655] -1
[13663] 0
[13667] -1
[13668] 0
[13672] -1
[13675] -1
[13681] TOTHEEOLDCAUSE 河北省丰南市 08-19 23:12 -> 天津市 08-20 06:35 1127 90807
LeavesofGrass 天津市 08-20 16:17 -> 辽宁省营口市 08-20 23:03 718 14752
[13689] 0
[13699] -1
[13705] 0
[13707] -1
[13713] 0
[13721] -1
[13731] 0
[13737] Vanilla 香草 each.other@Bourgeoisie.and 2
[13740] -1
[13747] -1
[13750] 0
[13754] -1
[13764] -1
[13766] 0
[13769] -1
[13775] -1
[13782] 0
[13789] -1
[13799] 0
[13801] 0
[13802] -1
[13810] 0
[13815] 0
[13823] -1
[13825] 0
[13828] -1
[13830] -1
[13831] -1
[13833] 0
[13843] -1
[13846] -1
[13856] 0
[13862] -1
[13867] -1
[13876] -1
[13886] 0
[13893] -1
[13898] -1
[13908] -1
[13916] 0
[13923] 0
[13927] 0
[13937] -1
[13939] -1
[13947] 0
[13957] -1
[13959] -1
[13967] 0
[13972] -1
[13978] 0
[13988] -1
[13996] 0
[14005] 6
[success] LeavesofGrass 河南省周口市 07-18 02:47 -> 山东省昌邑市 07-18 04:14 336 3061
[success] LeavesofGrass 内蒙乌兰浩特市 07-29 09:34 -> 山西省侯马市 07-29 13:12 611 16121
[success] LeavesofGrass 内蒙乌兰浩特市 07-16 09:34 -> 浙江省平湖市 07-17 07:38 2671 5402
[success] INSCRIPTIONS 辽宁省沈阳市 06-07 07:42 -> 黑龙江省七台河市 06-07 15:01 312 10061
[success] LeavesofGrass 天津市 07-24 16:17 -> 黑龙江省五常市 07-25 08:09 1526 9353
[success] INSCRIPTIONS 上海市 06-12 17:47 -> 内蒙海拉尔市 06-13 15:34 1151 203
[14008] -1
[14012] -1
[14022] -1
[14025] -1
[14029] 0
[14035] 0
[14036] 0
[14045] 0
[14054] -1
[14059] Glaucus 格劳克斯 America.paved@the.way 8
[14067] 0
[14074] 0
[14076] 0
[14084] 0
[14089] -1
[14092] 0
[14093] -1
[14098] 0
[14106] -1
[14109] -1
[14118] -1
[14126] -1
[14131] 0
[14132] Nightmare 夜魔 one.another@carried.on 4
[14133] -1
[14140] -1
[14143] 0
[14146] -1
[14155] TOTHEEOLDCAUSE A
海南省儋州市 xx-xx xx:xx -> 07-24 20:12 0 90807
浙江省金华市 07-24 20:44 -> 07-24 20:53 148 90807
河北省丰南市 07-24 23:07 -> 07-24 23:12 532 90807
安徽省宁国市 07-24 23:44 -> 07-24 23:54 772 90807
青海省格尔木市 07-25 02:36 -> 07-25 02:41 1206 90807
湖北省孝感市 07-25 05:00 -> 07-25 05:05 1618 90807
天津市 07-25 06:35 -> 07-25 06:44 1659 90807
湖南省湘乡市 07-25 08:34 -> 07-25 08:42 2011 90807
辽宁省锦州市 07-25 11:02 -> 07-25 11:11 2482 90807
湖北省丹江口市 07-25 13:30 -> 07-25 13:34 2948 90807
浙江省奉化市 07-25 14:53 -> 07-25 14:59 3248 90807
山东省招远市 07-25 15:43 -> 07-25 15:52 3533 90807
河南省灵宝市 07-25 18:46 -> 07-25 18:49 3565 90807
北京市 07-25 19:10 -> 07-25 19:15 3793 90807
湖北省大冶市 07-25 19:45 -> 07-25 19:54 4053 90807
吉林省长春市 07-25 20:49 -> xx-xx xx:xx 4293 x
[14156] -1
[14165] -1
[14173] 0
[14175] -1
[14184] 0
[14191] Haze 夜烟 commodities@generally.gave 2
[14201] -1
[14210] 0
[14215] 0
[14221] 0
[14229] -1
[14230] -1
[14240] -1
[14246] 2
IHEARDthatyouask 浙江省临海市 06-29 22:12 -> 安徽省马鞍山市 06-30 13:13 1736 84079
SurVEOOvnPGpyOfw 浙江省临海市 06-29 19:31 -> 安徽省马鞍山市 06-29 21:05 152815 89915
[14251] -1
[14256] -1
[14264] -1
[14274] 0
[14284] -1
[14294] 0
[14300] -1
[14302] -1
[14307] -1
[14311] -1
[14315] -1
[14325] -1
[14333] 0
[14338] -1
[14347] -1
[14349] -1
[14350] 0
[14353] -1
[14355] -1
[14358] -1
[14362] -1
[14364] 0
[14374] -1
[14380] -1
[14382] -1
[14387] 4
[success] LeavesofGrass 黑龙江省黑河市 07-13 07:19 -> 山东省昌邑市 07-14 04:14 2900 10874
[success] LeavesofGrass 河南省林州市 08-20 11:56 -> 辽宁省营口市 08-20 23:03 1742 11072
[success] LeavesofGrass 浙江省平湖市 08-22 07:44 -> 黑龙江省五常市 08-22 08:09 305 2423
[success] LeavesofGrass 山东省昌邑市 08-08 04:19 -> 浙江省平湖市 08-08 07:38 15 15420
[14390] -1
[14395] -1
[14398] 0
[14404] -1
[14405] Weedy 温蒂 means.of.exchange@and.in 2
[14412] -1
[14417] -1
[14420] -1
[14423] -1
[14432] 1
SurVEOOvnPGpyOfw 福建省晋江市 07-13 17:47 -> 四川省广元市 07-13 19:39 319341 89915
[14442] 0
[14447] jCmVVtkvwtUfeBLXhhxG 寢欮骡 VlBfyOoFxKVHQtvVvuNfgO 3
[14457] 0
[14464] 2
[success] LeavesofGrass 天津市 08-05 16:17 -> 黑龙江省五常市 08-06 08:09 1526 15246
[success] LeavesofGrass 河南省林州市 08-06 11:56 -> 辽宁省丹东市 08-06 19:33 1725 1976
[14473] -1
[14477] -1
[14486] Sideroca 铸铁 acknowledged@by.all 4
[14495] -1
[14499] 0
[14502] -1
[14503] -1
[14504] 0
[14513] 0
[14519] -1
[14528] 0
[14531] 12
[success] INSCRIPTIONS 北京市 06-29 12:15 -> 辽宁省沈阳市 06-30 07:35 743 12087
[success] TOTHEEOLDCAUSE 湖南省湘乡市 07-09 08:42 -> 浙江省奉化市 07-09 14:53 1237 8897
[success] INSCRIPTIONS 北京市 06-21 12:15 -> 广东省高州市 06-22 01:49 487 8685
[success] LeavesofGrass 内蒙乌兰浩特市 07-22 09:34 -> 河南省周口市 07-23 02:37 2320 6174
[success] IHEARDthatyouask 广东省英德市 07-15 10:05 -> 安徽省马鞍山市 07-15 13:13 395 13929
[success] IHEARDthatyouask 河南省洛阳市 06-19 16:35 -> 新疆阿勒泰市 06-19 18:40 212 17251
[success] LeavesofGrass 山西省侯马市 07-25 13:16 -> 山东省昌邑市 07-26 04:14 2045 8696
[success] LeavesofGrass 辽宁省沈阳市 08-25 15:03 -> 黑龙江省五常市 08-26 08:09 2008 3161
[success] LeavesofGrass 河南省周口市 07-22 02:47 -> 黑龙江省五常市 07-22 08:09 656 6237
[success] LeavesofGrass 河南省林州市 08-20 11:56 -> 天津市 08-20 16:12 1024 1783
[success] LeavesofGrass 河南省周口市 07-29 02:47 -> 黑龙江省五常市 07-29 08:09 656 8172
[success] LeavesofGrass 山西省侯马市 07-22 13:16 -> 辽宁省营口市 07-22 23:03 1557 6450
[14535] -1
[14543] 0
[14546] -1
[14554] 2
[success] INSCRIPTIONS 黑龙江省哈尔滨市 07-19 10:15 -> 黑龙江省七台河市 07-19 15:01 265 8053
[success] INSCRIPTIONS 北京市 07-27 12:15 -> 上海市 07-27 17:44 169 9713
[14556] 0
[14563] -1
[14566] 0
[14572] -1
[14574] -1
[14581] 0
[14584] -1
[14590] -1
[14592] -1
[14600] -1
[14609] 0
[14616] -1
[14617] -1
[14621] -1
[14630] 0
[14631] 9
[success] LeavesofGrass 河南省林州市 08-07 11:56 -> 山东省昌邑市 08-08 04:14 2230 4855
[success] INSCRIPTIONS 湖南省醴陵市 07-13 22:10 -> 黑龙江省哈尔滨市 07-14 10:12 534 5003
[success] IHEARDthatyouask 新疆阿勒泰市 06-29 18:44 -> 浙江省临海市 06-29 22:09 4 4582
[success] LeavesofGrass 内蒙乌兰浩特市 08-10 09:34 -> 黑龙江省五常市 08-11 08:09 2976 14078
[success] INSCRIPTIONS 辽宁省沈阳市 06-29 07:42 -> 黑龙江省哈尔滨市 06-29 10:12 47 5023
[success] LeavesofGrass 内蒙乌兰浩特市 07-14 09:34 -> 浙江省平湖市 07-15 07:38 2671 17358
[success] LeavesofGrass 河南省林州市 07-16 11:56 -> 浙江省平湖市 07-17 07:38 2245 2675
[success] LeavesofGrass 天津市 07-27 16:17 -> 山东省昌邑市 07-28 04:14 1206 13502
[success] LeavesofGrass 山东省昌邑市 08-17 04:19 -> 黑龙江省五常市 08-17 08:09 320 5718
[14638] 0
[14641] 0
[14650] -1
[14652] 0
[14657] 0
[14663] 0
[14664] 0
[14671] -1
[14674] -1
[14679] -1
[14686] 0
[14688] -1
[14697] -1
[14700] 0
[14705] 7
[success] INSCRIPTIONS 辽宁省沈阳市 06-06 07:42 -> 黑龙江省七台河市 06-06 15:01 312 5947
[success] INSCRIPTIONS 上海市 06-30 17:47 -> 内蒙海拉尔市 07-01 15:34 1151 5572
[success] LeavesofGrass 北京市 08-13 04:37 -> 新疆塔城市 08-13 18:41 2117 12672
[success] LeavesofGrass 北京市 07-17 04:37 -> 内蒙乌兰浩特市 07-17 09:24 310 3958
[success] INSCRIPTIONS 上海市 07-07 17:47 -> 黑龙江省哈尔滨市 07-08 10:12 621 9128
[success] LeavesofGrass 辽宁省丹东市 08-08 19:38 -> 河南省周口市 08-09 02:37 169 7683
[success] LeavesofGrass 新疆塔城市 08-21 18:50 -> 山东省昌邑市 08-22 04:14 849 9624
[14710] 0
[14718] -1
[14724] -1
[14729] 0
[14735] -1
[14741] 4
[success] LeavesofGrass 黑龙江省黑河市 07-13 07:19 -> 山东省昌邑市 07-14 04:14 2900 10874
[success] LeavesofGrass 河南省林州市 08-20 11:56 -> 辽宁省营口市 08-20 23:03 1742 11072
[success] LeavesofGrass 浙江省平湖市 08-22 07:44 -> 黑龙江省五常市 08-22 08:09 305 2423
[success] LeavesofGrass 山东省昌邑市 08-08 04:19 -> 浙江省平湖市 08-08 07:38 15 15420
[14744] -1
[14749] 0
[14751] -1
[14756] -1
[14758] 0
[14767] -1
[14771] -1
[14774] 0
[14777] 4
[success] LeavesofGrass 黑龙江省黑河市 07-13 07:19 -> 山东省昌邑市 07-14 04:14 2900 10874
[success] LeavesofGrass 河南省林州市 08-20 11:56 -> 辽宁省营口市 08-20 23:03 1742 11072
[success] LeavesofGrass 浙江省平湖市 08-22 07:44 -> 黑龙江省五常市 08-22 08:09 305 2423
[success] LeavesofGrass 山东省昌邑市 08-08 04:19 -> 浙江省平湖市 08-08 07:38 15 15420
[14778] bye
