[9] 0
[16] 0
[24] I_am_the_admin 奥斯卡 foo@bar.com 10
[30] 0
[32] 0
[41] 0
[49] 0
[55] 0
[63] 0
[65] 0
[75] 0
[82] 0
[92] 0
[101] -1
[107] 0
[111] 0
[120] Greyy 格雷伊 Europe.have@entered.into 4
[122] Blaze 煌煌 All.the.Powers@of.old 4
[129] Greyy 格雷伊 Europe.have@entered.into 4
[131] 0
[133] 0
[135] 0
[141] Greyy 格雷伊 Czar.Metternich@and.Guizot 4
[142] 0
[144] 0
[148] Beagle 米格鲁 Europethe.spectre@of.Communism 4
[149] 0
[153] 0
[156] -1
[164] 0
[171] 0
[174] Beagle 米格 Europethe.spectre@of.Communism 4
[184] Nightmare 夜魔 policespies@Where.is 3
[192] Leizi 惊蛰 this.spectre@Pope.and 1
[193] 0
[202] -1
[211] Rangers 巡林者 the.party.in@opposition.that 3
[219] Beagle 米格 Europethe.spectre@of.Communism 4
[228] Jessica 杰西卡 has.not.been@decried.as 2
[232] 0
[242] 0
[247] WaaiFu 槐琥 French.Radicals@and.German 2
[253] 0
[258] 0
[264] 0
[268] 0
[269] 0
[271] 0
[277] 0
[280] 0
[285] 0
[287] 0
[292] 0
[299] 0
[300] Nightmare 夜魔 policespies@Where.is 3
[318] -1
[321] 0
[326] WaaiFu 槐琥 French.Radicals@and.German 2
[328] 0
[333] 0
[339] -1
[340] Hibiscus 芙蓉 Communistic@by.its 1
[345] -1
[353] 0
[354] -1
[361] -1
[368] -1
[371] -1
[375] 0
[383] -1
[387] -1
[390] -1
[392] -1
[401] 0
[405] -1
[413] 0
[414] Greyy 格雷伊 Czar.Metternich@and.Guizot 4
[419] -1
[425] Schwarz 黑黑 is.the.Opposition@that.has 1
[435] 0
[445] -1
[448] 0
[450] 0
[455] 0
[465] -1
[466] -1
[467] -1
[475] 0
[484] 0
[494] -1
[501] -1
[509] Nightmare 夜魔 policespies@Where.is 3
[517] Manticore 狮蝎 not.hurled@back.the 2
[519] Executor 送葬人 opposition@parties.as 1
[524] 0
[530] 0
[531] 0
[534] Firewatch 守林人 opponents.in@power.Where 2
[537] -1
[547] -1
[550] 0
[555] -1
[559] 0
[566] 0
[573] -1
[577] 0
[582] -1
[591] 0
[592] 0
[596] Executor 送葬人 opposition@parties.as 1
[605] 0
[611] -1
[613] -1
[622] 0
[625] 0
[631] -1
[640] -1
[647] WaaiFu 槐琥 French.Radicals@and.German 2
[657] 0
[666] -1
[673] -1
[677] Executor 送葬人 opposition@parties.as 1
[686] -1
[691] 0
[694] -1
[700] -1
[704] -1
[713] 0
[714] -1
[717] -1
[723] 0
[733] -1
[738] 0
[740] 0
[743] -1
[753] 0
[763] 0
[766] 0
[775] 0
[783] 0
[787] 0
[795] 0
[797] -1
[805] -1
[808] -1
[814] -1
[815] 0
[821] Rangers 巡林者 the.party.in@opposition.that 3
[829] 0
[831] 0
[835] -1
[845] -1
[849] -1
[857] 0
[859] -1
[864] 0
[871] -1
[876] 0
[885] 0
[887] -1
[897] 0
[900] 0
[910] -1
[915] -1
[924] -1
[933] 0
[943] -1
[947] -1
[957] -1
[958] -1
[967] 0
[968] -1
[975] -1
[980] -1
[990] -1
[996] -1
[1001] 0
[1004] -1
[1012] 0
[1018] -1
[1023] -1
[1024] -1
[1032] -1
[1037] 0
[1044] 0
[1054] 0
[1060] 0
[1061] -1
[1068] 0
[1072] -1
[1073] 0
[1079] -1
[1089] -1
[1094] 0
[1101] -1
[1110] Schwarz 黑黑 is.the.Opposition@that.has 1
[1120] 0
[1122] Schwarz 黑黑 is.the.Opposition@that.has 1
[1125] Jessica 杰西卡 has.not.been@decried.as 2
[1127] -1
[1132] Eyjafjalla 艾雅法拉 against.the@more.advanced 2
[1142] 0
[1144] -1
[1151] -1
[1152] -1
[1158] -1
[1159] 0
[1161] Nightmare 夜魔 policespies@Where.is 3
[1165] -1
[1175] -1
[1182] Popukar 泡普卡 PARTY.A.spectre@is.haunting 4
[1186] -1
[1196] -1
[1200] 0
[1204] -1
[1207] -1
[1210] -1
[1219] 0
[1229] -1
[1236] 0
[1242] -1
[1245] -1
[1248] -1
[1253] -1
[1256] 0
[1265] -1
[1274] 0
[1284] 0
[1291] -1
[1295] 0
[1304] 0
[1306] -1
[1311] -1
[1321] -1
[1330] vLWoIIi 貉珹憤 LSIUKvFWKX 1
[1334] -1
[1342] -1
[1348] -1
[1352] 0
[1357] -1
[1358] 0
[1362] Eyjafjalla 艾雅法拉 against.the@more.advanced 2
[1370] -1
[1376] Jessica 杰西卡 has.not.been@decried.as 2
[1381] -1
[1391] 0
[1393] 0
[1403] 0
[1410] 0
[1420] -1
[1425] -1
[1426] -1
[1433] Rangers 巡林者 the.party.in@opposition.that 3
[1441] -1
[1446] 0
[1455] 0
[1458] -1
[1459] 0
[1465] -1
[1473] -1
[1479] -1
[1482] -1
[1484] -1
[1487] -1
[1494] 0
[1496] -1
[1501] -1
[1506] -1
[1516] -1
[1523] -1
[1531] -1
[1540] -1
[1543] 0
[1548] 0
[1550] -1
[1555] 0
[1559] -1
[1567] 0
[1569] 0
[1578] 0
[1581] 0
[1585] 0
[1592] 0
[1597] 0
[1607] 0
[1611] 0
[1616] 0
[1618] 0
[1621] 0
[1623] 0
[1628] 0
[1638] 0
[1645] 0
[1653] 0
[1656] 0
[1664] 0
[1665] 0
[1670] 0
[1679] Broca 布洛卡 branding.reproach@of.Communism 1
[1688] Manticore 狮蝎 not.hurled@back.the 2
[1692] 0
[1702] 0
[1711] Beagle 米格 Europethe.spectre@of.Communism 4
[1712] 0
[1713] 0
[1717] 0
[1725] 0
[1734] -1
[1739] 0
[1748] 0
[1749] Greyy 格雷伊 Czar.Metternich@and.Guizot 4
[1751] Hibiscus 芙蓉 Communistic@by.its 1
[1753] 0
[1758] 0
[1768] 0
[1769] 0
[1779] 0
[1780] 0
[1782] 0
[1792] Broca 布洛卡 branding.reproach@of.Communism 1
[1795] Manticore 狮蝎 not.hurled@back.the 2
[1797] 0
[1798] 0
[1800] Broca 布洛卡 branding.reproach@of.Communism 1
[1809] Leizi 惊蛰 this.spectre@Pope.and 1
[1819] 0
[1827] 0
[1828] Nightmare 夜魔 policespies@Where.is 3
[1835] 0
[1845] 0
[1850] 0
[1858] 0
[1865] 0
[1871] -1
[1873] Schwarz 黑黑 is.the.Opposition@that.has 1
[1877] 0
[1879] 0
[1885] 0
[1890] 0
[1897] 0
[1903] Broca 布洛卡 branding.reproach@of.Communism 1
[1910] 0
[1913] 0
[1921] 0
[1927] 0
[1937] 0
[1941] 0
[1945] 0
[1954] 0
[1959] 0
[1966] 0
[1971] 0
[1972] 0
[1978] 0
[1986] Earthspirit 地灵 I.Communism@is.already 3
[1993] 0
[1997] -1
[1999] Yato 夜刀 meet.this.nursery@tale.of 3
[2009] 0
[2024] -1
[2031] 0
[2033] -1
[2042] 0
[2043] -1
[2051] 0
[2056] 0
[2062] -1
[2067] 0
[2068] -1
[2074] 0
[2080] 0
[2082] -1
[2088] Durnar 坚雷 adversaries@Two.things 1
[2094] -1
[2102] -1
[2108] -1
[2111] 0
[2120] -1
[2126] 0
[2133] -1
[2143] -1
[2151] 0
[2160] -1
[2163] -1
[2165] 0
[2167] -1
[2176] Rangers 巡林者 the.party.in@opposition.that 3
[2184] -1
[2194] 0
[2195] -1
[2196] -1
[2204] -1
[2214] -1
[2220] 0
[2221] -1
[2222] -1
[2232] 0
[2241] 0
[2246] -1
[2254] 0
[2256] -1
[2257] 0
[2259] -1
[2269] -1
[2275] -1
[2279] -1
[2287] -1
[2288] 0
[2298] -1
[2302] 0
[2310] -1
[2311] -1
[2321] -1
[2322] -1
[2329] Cliffheart 崖心 in.London.and@sketched.the 1
[2332] 0
[2333] -1
[2339] -1
[2344] 0
[2354] -1
[2355] 0
[2365] -1
[2368] 0
[2371] -1
[2372] Manticore 狮蝎 not.hurled@back.the 2
[2373] 0
[2383] 0
[2393] -1
[2401] -1
[2406] -1
[2416] Croissant 可颂 French.German@Italian.Flemish 1
[2424] Ethan 伊桑 acknowledged@by.all 3
[2433] -1
[2448] 0
[2449] Croissant 可颂 French.German@Italian.Flemish 1
[2452] -1
[2454] -1
[2461] 0
[2464] -1
[2474] -1
[2479] 0
[2483] 0
[2487] 0
[2492] Eyjafjalla 艾雅法拉 against.the@more.advanced 2
[2497] -1
[2504] -1
[2511] -1
[2520] 0
[2528] -1
[2530] -1
[2532] -1
[2537] -1
[2541] -1
[2545] 0
[2551] -1
[2560] 0
[2562] 0
[2567] -1
[2570] -1
[2577] -1
[2584] -1
[2586] 0
[2587] -1
[2595] 0
[2597] 0
[2604] -1
[2606] 0
[2614] -1
[2623] 0
[2626] -1
[2632] 0
[2638] 0
[2647] eVxDkanVqfKE R
浙江大学 xx-xx xx:xx -> 07-06 14:30 0 63773
北京 07-06 14:39 -> xx-xx xx:xx 4812 x
[2649] -1
[2659] Purestream 清流 party.itself@To.this 1
[2669] -1
[2674] 0
[2677] -1
[2678] -1
[2682] -1
[2689] 0
[2694] -1
[2695] 0
[2698] -1
[2700] Hoshiguma 星熊 is.high.time@that.Communists 2
[2706] -1
[2710] -1
[2715] -1
[2723] -1
[2728] -1
[2734] -1
[2737] 0
[2743] Plume 翎羽 should.openly@in.the 2
[2745] Rangers 巡林者 the.party.in@opposition.that 3
[2746] -1
[2750] 0
[2755] -1
[2759] 0
[2765] -1
[2774] -1
[2782] -1
[2788] -1
[2793] 0
[2803] 0
[2806] -1
[2809] 0
[2818] 0
[2825] 0
[2832] 0
[2841] 0
[2844] 0
[2848] -1
[2851] -1
[2858] -1
[2865] -1
[2866] 0
[2871] -1
[2878] -1
[2885] 0
[2892] Schwarz 黑黑 is.the.Opposition@that.has 1
[2895] 0
[2904] -1
[2908] -1
[2910] 0
[2911] -1
[2912] -1
[2918] -1
[2925] Durnar 坚雷 adversaries@Two.things 1
[2934] 0
[2937] -1
[2947] -1
[2955] -1
[2961] 0
[2968] -1
[2976] 0
[2978] -1
[2983] -1
[2993] -1
[3003] 0
[3005] Schwarz 黑黑 is.the.Opposition@that.has 1
[3009] 0
[3013] 0
[3023] -1
[3025] -1
[3034] -1
[3042] 0
[3052] 0
[3053] 0
[3058] -1
[3067] -1
[3074] -1
[3080] -1
[3087] -1
[3092] 0
[3095] -1
[3099] -1
[3108] 0
[3112] -1
[3114] -1
[3118] Conviction 断罪者 end.Communists@of.various 2
[3125] 0
[3130] -1
[3137] -1
[3140] -1
[3142] 0
[3144] Durnar 坚雷 adversaries@Two.things 1
[3154] -1
[3163] -1
[3173] -1
[3182] -1
[3184] -1
[3192] 0
[3201] -1
[3205] 0
[3211] Nightmare 夜魔 policespies@Where.is 3
[3217] -1
[3226] -1
[3232] bye
