[61119] -1
[61129] -1
[61134] -1
[61143] -1
[61144] -1
[61151] 0
[61155] -1
[61165] -1
[61172] 0
[61174] -1
[61184] -1
[61193] -1
[61200] 0
[61203] -1
[61208] -1
[61215] -1
[61216] -1
[61224] -1
[61227] -1
[61235] -1
[61237] -1
[61242] -1
[61248] -1
[61257] -1
[61262] -1
[61269] 0
[61270] -1
[61272] 0
[61279] -1
[61283] -1
[61285] -1
[61293] -1
[61296] -1
[61305] 0
[61313] -1
[61317] -1
[61319] -1
[61320] -1
[61329] -1
[61339] 0
[61348] -1
[61357] 0
[61366] 0
[61376] 0
[61380] 0
[61383] -1
[61388] -1
[61390] -1
[61394] 0
[61395] -1
[61400] -1
[61408] -1
[61411] -1
[61419] -1
[61428] -1
[61436] -1
[61441] -1
[61450] TOTHEEOLDCAUSE V
新疆奎屯市 xx-xx xx:xx -> 06-28 11:20 0 33971
山东省聊城市 06-28 13:37 -> 06-28 13:46 134 33971
河北省唐山市 06-28 15:26 -> 06-28 15:34 277 33971
新疆库尔勒市 06-28 16:31 -> 06-28 16:36 604 33971
湖北省麻城市 06-28 20:14 -> 06-28 20:21 743 33971
河南省周口市 06-28 23:49 -> 06-28 23:57 1106 33971
山东省滕州市 06-29 01:56 -> 06-29 02:06 1111 33971
吉林省长春市 06-29 04:46 -> 06-29 04:55 1257 33971
山西省太原市 06-29 07:46 -> 06-29 07:56 1665 33971
安徽省桐城市 06-29 11:13 -> 06-29 11:16 2034 33971
宁夏银川市 06-29 14:45 -> 06-29 14:55 2067 33971
四川省绵阳市 06-29 17:54 -> 06-29 17:59 2373 33971
广东省湛江市 06-29 19:57 -> xx-xx xx:xx 2554 x
[61451] -1
[61458] -1
[61468] -1
[61474] -1
[61478] 0
[61486] -1
[61487] 0
[61493] 0
[61497] 0
[61498] -1
[61499] -1
[61504] -1
[61513] 0
[61516] -1
[61521] -1
[61523] -1
[61524] 0
[61534] AndtodefineAmeric 湖北省黄冈市 06-28 01:14 -> 吉林省榆树市 06-28 03:30 135 80198
ocXEuytxLvHZ 吉林省榆树市 06-28 16:33 -> 河南省灵宝市 06-28 17:10 16433 34302
[61535] -1
[61540] -1
[61541] -1
[61551] 0
[61552] 0
[61554] -1
[61562] -1
[61570] 0
[61573] -1
[61579] 0
[61586] -1
[61596] 0
[61602] -1
[61610] -1
[61611] -1
[61620] -1
[61628] -1
[61636] -1
[61644] -1
[61646] -1
[61648] -1
[61657] -1
[61661] -1
[61663] 0
[61669] -1
[61676] jDFgmWnwFqk 云南省安宁市 07-01 20:00 -> 湖南省岳阳市 07-01 21:02 226558 90647
puzzletheNewWorld 湖南省岳阳市 07-02 17:01 -> 北京市 07-03 02:45 585 47885
[61680] 0
[61683] -1
[61685] -1
[61687] -1
[61689] -1
[61698] -1
[61702] 0
[61709] -1
[61712] 0
[61718] -1
[61723] -1
[61725] -1
[61730] -1
[61738] -1
[61747] -1
[61754] 0
[61756] -1
[61763] -1
[61771] -1
[61777] -1
[61782] -1
[61788] -1
[61795] -1
[61800] 0
[61807] -1
[61817] -1
[61822] -1
[61832] -1
[61835] -1
[61837] -1
[61844] -1
[61851] -1
[61853] -1
[61859] 0
[61869] -1
[61873] -1
[61881] 0
[61885] -1
[61890] -1
[61894] -1
[61902] -1
[61906] -1
[61912] 0
[61920] AndtodefineAmeric 江苏省吴江市 08-05 17:00 -> 北京市 08-05 22:38 501 80198
whatyouwanted 北京市 08-06 02:12 -> 吉林省双辽市 08-06 14:29 1661 30519
[61921] 0
[61923] -1
[61928] -1
[61933] TOFOREIGNLANDS H
浙江省临安市 xx-xx xx:xx -> 06-30 21:04 0 92870
河北省张家口市 06-30 22:48 -> 06-30 22:51 412 92870
湖南省常宁市 07-01 02:11 -> 07-01 02:20 851 92870
北京市 07-01 02:50 -> 07-01 02:59 912 92870
广西凭祥市 07-01 06:01 -> 07-01 06:08 1068 92870
江西省鹰潭市 07-01 08:37 -> 07-01 08:47 1225 92870
湖北省洪湖市 07-01 11:19 -> 07-01 11:29 1713 92870
辽宁省铁岭市 07-01 12:11 -> 07-01 12:14 1797 92870
海南省通什市 07-01 13:23 -> 07-01 13:26 1827 92870
浙江省乐清市 07-01 16:23 -> 07-01 16:28 2075 92870
江苏省淮安市 07-01 19:12 -> 07-01 19:20 2449 92870
四川省攀枝花市 07-01 20:01 -> 07-01 20:11 2680 92870
甘肃省敦煌市 07-01 20:48 -> 07-01 20:57 2867 92870
重庆市江津市 07-02 00:04 -> xx-xx xx:xx 3353 x
[61939] -1
[61946] -1
[61956] -1
[61965] TOTHEEOLDCAUSE V
新疆奎屯市 xx-xx xx:xx -> 06-23 11:20 0 33971
山东省聊城市 06-23 13:37 -> 06-23 13:46 134 33971
河北省唐山市 06-23 15:26 -> 06-23 15:34 277 33971
新疆库尔勒市 06-23 16:31 -> 06-23 16:36 604 33971
湖北省麻城市 06-23 20:14 -> 06-23 20:21 743 33971
河南省周口市 06-23 23:49 -> 06-23 23:57 1106 33971
山东省滕州市 06-24 01:56 -> 06-24 02:06 1111 33971
吉林省长春市 06-24 04:46 -> 06-24 04:55 1257 33971
山西省太原市 06-24 07:46 -> 06-24 07:56 1665 33971
安徽省桐城市 06-24 11:13 -> 06-24 11:16 2034 33971
宁夏银川市 06-24 14:45 -> 06-24 14:55 2067 33971
四川省绵阳市 06-24 17:54 -> 06-24 17:59 2373 33971
广东省湛江市 06-24 19:57 -> xx-xx xx:xx 2554 x
[61967] -1
[61972] -1
[61982] 0
[61983] 0
[61985] puzzletheNewWorld O
辽宁省辽阳市 xx-xx xx:xx -> 08-01 13:05 0 47885
湖南省岳阳市 08-01 16:56 -> 08-01 17:01 379 47885
黑龙江省尚志市 08-01 20:04 -> 08-01 20:11 805 47885
北京市 08-02 02:45 -> 08-02 02:54 964 47885
河南省登封市 08-02 09:52 -> 08-02 09:56 1419 47885
四川省绵竹市 08-02 14:44 -> xx-xx xx:xx 1718 x
[61990] -1
[61997] -1
[62003] puzzletheNewWorld O
辽宁省辽阳市 xx-xx xx:xx -> 08-08 13:05 0 47885
湖南省岳阳市 08-08 16:56 -> 08-08 17:01 379 47885
黑龙江省尚志市 08-08 20:04 -> 08-08 20:11 805 47885
北京市 08-09 02:45 -> 08-09 02:54 964 47885
河南省登封市 08-09 09:52 -> 08-09 09:56 1419 47885
四川省绵竹市 08-09 14:44 -> xx-xx xx:xx 1718 x
[62011] -1
[62013] -1
[62019] -1
[62023] -1
[62032] -1
[62039] 0
[62044] 0
[62049] -1
[62056] -1
[62066] -1
[62069] -1
[62078] -1
[62080] -1
[62089] 0
[62092] 0
[62096] 0
[62102] 0
[62109] 0
[62112] 0
[62121] 0
[62125] 0
[62127] 0
[62137] 0
[62145] 0
[62148] 0
[62149] 0
[62155] 0
[62164] 0
[62166] 0
[62172] 0
[62182] 0
[62191] 0
[62197] 0
[62200] 0
[62201] 0
[62204] 0
[62214] 0
[62215] 0
[62217] 0
[62218] 0
[62222] 0
[62226] 0
[62228] 0
[62235] 0
[62245] 0
[62248] 0
[62250] 0
[62253] 0
[62254] 0
[62258] 0
[62266] 0
[62271] 0
[62273] 0
[62277] 0
[62278] 0
[62280] 0
[62288] 1
LeavesofGrass 浙江省杭州市 07-21 11:52 -> 辽宁省抚顺市 07-21 14:21 402 98306
[62292] 8227100
[62300] 23929591
[62306] 2011890
[62311] Plume 翎羽 serf.guildmaster@and.journeyma 2
[62313] Aak 阿阿 in.almost.all@of.these 1
[62315] 1
whatyouwanted 四川省华蓥市 07-11 09:39 -> 内蒙东胜市 07-11 20:46 2267 30519
[62316] -1
[62319] 1
whatyouwanted 广东省揭阳市 07-27 06:37 -> 广东省高州市 07-27 10:58 868 30519
[62324] 1
LeavesofGrass 河南省灵宝市 07-04 23:45 -> 浙江省慈溪市 07-05 09:48 1011 192
[62334] -1
[62342] 0
[62352] 1706070
[62359] 1
INSCRIPTIONS 广东省高要市 07-13 21:40 -> 江苏省扬州市 07-14 08:14 764 55484
[62363] 1
LeavesofGrass 陕西省安康市 07-04 17:25 -> 福建省建阳市 07-04 21:14 646 21287
[62370] 1
IHEARDthatyouask 新疆吐鲁番市 07-16 05:55 -> 天津市 07-16 06:30 496 91153
[62376] queue
[62381] 1
whatyouwanted 山东省莱州市 07-10 10:08 -> 吉林省双辽市 07-10 14:29 405 30519
[62390] 2073084
[62391] 23217076
[62394] 1
whatyouwanted 山东省乳山市 07-22 04:53 -> 安徽省阜阳市 07-22 08:17 674 30519
[62404] -1
[62409] 3110366
[62416] 1
LeavesofGrass 陕西省安康市 07-12 17:25 -> 河南省偃师市 07-13 03:28 1506 24464
[62426] 1
IHEARDthatyouask 新疆吐鲁番市 08-06 05:55 -> 天津市 08-06 06:30 496 91153
[62433] queue
[62434] 1
LeavesofGrass 广东省四会市 06-28 15:39 -> 湖南省衡阳市 06-28 16:17 240 49313
[62441] 1291979
[62448] Mayer 梅尔 colonisation@of.America 1
[62450] Durin 杜林 feudal.society@a.rapid 1
[62457] 0
[62466] queue
[62476] 1809584
[62483] -1
[62493] 2895560
[62502] 7035574
[62505] 1561000
[62510] 1
INSCRIPTIONS 云南省安宁市 08-18 20:50 -> 北京市 08-19 06:40 700 69011
[62511] 0
[62520] 10622656
[62522] 9438282
[62526] 1
whatyouwanted 甘肃省兰州市 07-28 21:27 -> 四川省华蓥市 07-29 09:33 1434 30519
[62531] 5001168
[62533] 1
IHEARDthatyouask 天津市 07-07 06:35 -> 四川省彭州市 07-07 23:13 249 91153
[62538] 1
LeavesofGrass 陕西省安康市 07-31 17:25 -> 广东省花都市 08-01 01:39 1274 4397
[62547] 1997936
[62556] -1
[62566] 1
IHEARDthatyouask 新疆吐鲁番市 07-24 05:55 -> 天津市 07-24 06:30 496 69741
[62574] -1
[62579] 1
puzzletheNewWorld 辽宁省辽阳市 07-10 13:05 -> 黑龙江省尚志市 07-10 20:04 805 47885
[62587] Greyy 格雷伊 bourgeoisie@developed.increase 4
[62592] Mousse 慕斯 history.of@class.struggles 1
[62594] 0
[62597] W 达不溜 in.each.single@workshop.Meanti 1
[62603] 16476720
[62612] Snowsant 雪雉 new.forms.of@struggle.in 2
[62618] 0
[62628] 10698324
[62630] Steward 史都华德 society.at@large.or 1
[62635] 0
[62642] 3849588
[62646] 32332770
[62652] BluePoison 蓝毒 that.has.sprouted@from.the 1
[62659] 619404
[62666] 2000635
[62671] 12531189
[62674] Earthspirit 地灵 I.Communism@is.already 3
[62682] Shining 闪灵 the.Spectre@of.Communism 2
[62688] NoirCorne 黑角 its.time.reacted@on.the 1
[62698] -1
[62703] 5599308
[62712] 1
INSCRIPTIONS 江苏省扬州市 07-01 08:17 -> 新疆米泉市 07-01 14:38 650 70655
[62716] 0
[62723] 1939399
[62732] Ambriel 安比尔 millionaires@the.leaders 1
[62737] 23890824
[62746] 1
whatyouwanted 福建省建阳市 07-20 00:03 -> 内蒙东胜市 07-20 20:46 3494 30519
[62753] 1
LeavesofGrass 河北省河间市 08-02 18:11 -> 新疆伊宁市 08-03 08:52 2076 58844
[62756] 1
puzzletheNewWorld 辽宁省辽阳市 06-11 13:05 -> 河南省登封市 06-12 09:52 1419 47885
[62761] Mayer 梅尔 colonisation@of.America 1
[62764] 14446160
[62768] 1
INSCRIPTIONS 云南省安宁市 07-11 20:50 -> 广东省惠阳市 07-12 01:32 289 45249
[62776] 4888000
[62777] -1
[62778] 1
puzzletheNewWorld 湖南省岳阳市 07-10 17:01 -> 河南省登封市 07-11 09:52 1040 47885
[62782] Hellagur 赫拉格 The.manufacturing@system.took 1
[62791] 0
[62792] 1
LeavesofGrass 陕西省安康市 07-13 17:25 -> 广东省花都市 07-14 01:39 1274 5148
[62795] 2379442
[62796] 1
IHEARDthatyouask 天津市 07-26 06:35 -> 四川省彭州市 07-26 23:13 249 91153
[62804] 0
[62806] 24272427
[62816] queue
[62825] 5991000
[62829] 10060449
[62831] 5767375
[62837] 13101140
[62841] 11418464
[62846] 1
LeavesofGrass 黑龙江省海林市 07-29 22:56 -> 新疆博乐市 07-30 06:04 1039 47178
[62848] 5088716
[62854] 1
INSCRIPTIONS 黑龙江省五大连池市 07-05 19:22 -> 北京市 07-06 06:40 856 45203
[62855] Estelle 艾丝黛尔 This.development@has.in 3
[62859] 32761264
[62863] 1
IHEARDthatyouask 新疆吐鲁番市 08-03 05:55 -> 天津市 08-03 06:30 496 90075
[62865] 16191216
[62874] 1
whatyouwanted 四川省华蓥市 08-04 09:39 -> 内蒙东胜市 08-04 20:46 2267 30519
[62877] 1
puzzletheNewWorld 黑龙江省尚志市 07-21 20:11 -> 北京市 07-22 02:45 159 47885
[62885] 1163565
[62889] Franka 芙兰 of.division@of.labour 1
[62895] 0
[62904] Platinum 白金 handed.down@from.the 2
[62912] 1
IHEARDthatyouask 天津市 07-14 06:35 -> 广东省云浮市 07-14 18:52 229 78448
[62916] 1
INSCRIPTIONS 广东省惠阳市 06-28 01:41 -> 湖北省枣阳市 06-28 11:59 1099 53412
[62918] queue
[62926] 1
INSCRIPTIONS 黑龙江省五大连池市 07-05 19:22 -> 广东省惠阳市 07-06 01:32 445 45203
[62931] Catapult 空爆 two.great.hostile@camps.into 1
[62938] Sideroca 铸铁 rising.bourgeoisie@The.EastInd 1
[62939] 15
[success] INSCRIPTIONS 贵州省清镇市 07-13 16:24 -> 云南省安宁市 07-13 20:42 329 9454
[success] puzzletheNewWorld 北京市 06-20 02:54 -> 河南省登封市 06-20 09:52 455 10824
[success] IHEARDthatyouask 新疆吐鲁番市 08-02 05:55 -> 天津市 08-02 06:30 496 4111
[pending] LeavesofGrass 河北省河间市 07-31 18:11 -> 新疆伊宁市 08-01 08:52 2076 7118
[success] IHEARDthatyouask 天津市 08-02 06:35 -> 广东省云浮市 08-02 18:52 229 22363
[success] LeavesofGrass 河北省河间市 07-22 18:11 -> 广东省花都市 07-23 01:39 1249 20798
[success] IHEARDthatyouask 天津市 07-12 06:35 -> 广东省云浮市 07-12 18:52 229 18330
[success] LeavesofGrass 广东省四会市 07-29 15:39 -> 新疆伊宁市 07-30 08:52 2829 5207
[success] IHEARDthatyouask 天津市 07-08 06:35 -> 广东省云浮市 07-08 18:52 229 10008
[success] LeavesofGrass 辽宁省抚顺市 07-06 14:24 -> 福建省建阳市 07-06 21:14 1379 4676
[success] INSCRIPTIONS 黑龙江省五大连池市 07-15 19:22 -> 湖北省枣阳市 07-16 11:59 1544 4503
[success] LeavesofGrass 湖南省衡阳市 07-31 16:20 -> 新疆伊宁市 08-01 08:52 2589 14976
[success] IHEARDthatyouask 广东省云浮市 07-21 19:00 -> 四川省彭州市 07-21 23:13 20 4231
[success] LeavesofGrass 广东省花都市 07-07 01:43 -> 新疆博乐市 07-07 06:04 425 772
[success] LeavesofGrass 河北省河间市 07-28 18:11 -> 新疆博乐市 07-29 06:04 1674 3528
[62947] 1
IHEARDthatyouask 新疆吐鲁番市 08-03 05:55 -> 天津市 08-03 06:30 496 90075
[62950] 1
INSCRIPTIONS 江苏省扬州市 07-21 08:17 -> 湖北省枣阳市 07-21 11:59 488 61097
[62951] 1
whatyouwanted 甘肃省兰州市 07-12 21:27 -> 福建省建阳市 07-12 23:59 207 30519
[62955] 1
puzzletheNewWorld 河南省登封市 07-30 09:56 -> 四川省绵竹市 07-30 14:44 299 47885
[62963] -1
[62969] Zima 凛冬 industrial@production.was 2
[62973] 2356122
[62977] Reed 苇草 has.established@the.worldmarke 2
[62982] -1
[62992] 4759165
[63000] 8730904
[63010] 1
puzzletheNewWorld 湖南省岳阳市 06-17 17:01 -> 北京市 06-18 02:45 585 47885
[63018] Specter 幽灵鲨 and.plebeian@lord.and 1
[63023] 1865383
[63025] queue
[63027] -1
[63029] 1
whatyouwanted 甘肃省兰州市 07-07 21:27 -> 四川省华蓥市 07-08 09:33 1434 30519
[63036] 1
LeavesofGrass 河南省灵宝市 07-16 23:45 -> 广东省花都市 07-17 01:39 114 83607
[63042] 0
[63052] Gravel 砾砾 that.each.time@ended.either 1
[63062] 8253048
[63066] -1
[63075] 126140
[63076] Pramanix 初雪 means.of.exchange@and.in 1
[63086] 1
puzzletheNewWorld 河南省登封市 07-25 09:56 -> 四川省绵竹市 07-25 14:44 299 47885
[63090] Gummy 古米 commerce.to@navigation.to 1
[63097] Myrtle 桃金娘 in.proportion@as.industry 1
[63107] -1
[63110] Gravel 砾砾 that.each.time@ended.either 1
[63116] Shining 闪灵 the.Spectre@of.Communism 2
[63124] 1
whatyouwanted 甘肃省兰州市 07-28 21:27 -> 四川省华蓥市 07-29 09:33 1434 30519
[63125] Kroos 克洛丝 extension.of@industry.and 1
[63131] 8605170
[63141] 1
whatyouwanted 辽宁省盖州市 08-07 20:30 -> 北京市 08-08 02:07 1076 30519
[63150] -1
[63160] 1
IHEARDthatyouask 新疆吐鲁番市 07-29 05:55 -> 天津市 07-29 06:30 496 84364
[63170] -1
[63177] Flamebringer 炎客 nationalities@have.assembled 2
[63184] Angelina 安洁莉 two.great.classes@directly.fac 1
[63193] Nightmare 夜魔 policespies@Where.is 3
[63195] 13226590
[63198] Cliffheart 崖心 in.London.and@sketched.the 1
[63201] 1
LeavesofGrass 浙江省平湖市 07-26 08:59 -> 陕西省安康市 07-26 17:15 1535 39803
[63203] 1617278
[63211] Franka 芙兰 of.division@of.labour 1
[63212] Bagpipe 风笛 bourgeoisie@is.itself 2
[63222] 1
LeavesofGrass 浙江省平湖市 07-05 08:59 -> 浙江省慈溪市 07-06 09:48 3706 8492
[63228] bye
