[63231] -1
[63233] -1
[63236] -1
[63242] -1
[63245] -1
[63247] -1
[63253] -1
[63259] -1
[63262] 0
[63269] -1
[63273] -1
[63275] -1
[63278] -1
[63287] 0
[63291] Vigna 红豆 the.manufacturing@middle.class 1
[63301] -1
[63306] -1
[63309] -1
[63315] Skadi 斯卡 slaves.in.the@Middle.Ages 2
[63318] Shamare 巫恋 rising.Even@manufacture.no 1
[63325] -1
[63332] -1
[63340] -1
[63341] Bibeak 柏喙 into.the.background@every.clas 1
[63349] -1
[63352] Ifrit 伊芙利特 one.another@carried.on 2
[63359] -1
[63363] 0
[63373] -1
[63378] ProjeKTRed 红红 everywhere@a.complicated 1
[63385] Yato 夜刀 meet.this.nursery@tale.of 3
[63386] 0
[63392] -1
[63402] 0
[63404] -1
[63412] -1
[63417] -1
[63427] Weedy 温蒂 development@The.feudal 2
[63429] -1
[63430] 0
[63431] -1
[63433] 0
[63439] Ambriel 安比尔 millionaires@the.leaders 1
[63446] Cuora 蛇屠箱 trade.with@the.colonies 1
[63452] ProjeKTRed 红红 everywhere@a.complicated 1
[63455] -1
[63461] -1
[63467] Mostima 莫斯提马 of.the.earliest@towns.From 2
[63474] Scavenger 清道夫 division.of@labour.between 1
[63483] -1
[63489] -1
[63493] Specter 幽灵鲨 and.plebeian@lord.and 1
[63498] Blaze 煌煌 of.a.series@of.revolutions 4
[63504] -1
[63510] 0
[63514] Purestream 清流 party.itself@To.this 1
[63517] -1
[63527] 0
[63529] Sesa 慑砂 This.market@has.given 1
[63532] Siege 推进之王 monopolised@by.closed 1
[63533] Myrtle 桃金娘 in.proportion@as.industry 1
[63534] -1
[63538] Hung 吽吽 itself.a.Power@II.It 1
[63548] Conviction 断罪 vanished.in@the.face 2
[63556] Nearl 临光 history.we@find.almost 1
[63565] Provence 普罗旺 face.of.the@whole.world 1
[63571] -1
[63576] -1
[63581] -1
[63589] 0
[63592] 0
[63602] -1
[63609] -1
[63615] Vermeil 红云 production@The.place 1
[63618] 0
[63623] Firewatch 守林人 opponents.in@power.Where 2
[63624] 0
[63634] -1
[63641] Matoimaru 缠丸 in.the.same@proportion.the 1
[63643] -1
[63652] 0
[63657] Sussurro 苏苏 to.industry@an.impulse 2
[63661] Myrtle 桃金娘 in.proportion@as.industry 1
[63670] Sussurro 苏苏 to.industry@an.impulse 2
[63671] Schwarz 黑黑 of.manufacture@was.taken 1
[63675] 0
[63676] 0
[63680] -1
[63687] -1
[63696] -1
[63699] Bibeak 柏喙 into.the.background@every.clas 1
[63705] Steward 史都华德 society.at@large.or 1
[63707] -1
[63709] Glaucus 格劳克斯 the.increase@in.the 2
[63713] -1
[63720] -1
[63722] Cardigan 卡缇 the.markets@kept.ever 1
[63727] Gitano 远山 sprang.the@chartered.burghers 1
[63733] 0
[63738] Catapult 空爆 two.great.hostile@camps.into 1
[63740] 0
[63743] 0
[63753] 6744800
[63754] -1
[63764] 7428184
[63773] -1
[63781] 1
whatyouwanted 山东省莱州市 07-15 10:08 -> 江西省高安市 07-15 17:46 1248 30519
[63789] Bison 拜松 classes.again@subordinate.grad 1
[63793] 1
puzzletheNewWorld 黑龙江省尚志市 07-10 20:11 -> 四川省绵竹市 07-11 14:44 913 47885
[63797] Haze 夜烟 result.from@this.fact 1
[63798] -1
[63804] -1
[63807] -1
[63811] 0
[63817] Orchid 梓兰 and.of.exchange@Each.step 1
[63827] Glaucus 格劳克斯 the.increase@in.the 2
[63836] -1
[63844] -1
[63849] 4981980
[63856] -1
[63866] 7379775
[63876] 1
puzzletheNewWorld 湖南省岳阳市 07-20 17:01 -> 河南省登封市 07-21 09:52 1040 47885
[63882] 1
LeavesofGrass 宁夏石嘴山市 07-06 19:25 -> 新疆伊宁市 07-07 08:52 1855 8018
[63892] 1
puzzletheNewWorld 辽宁省辽阳市 07-04 13:05 -> 四川省绵竹市 07-05 14:44 1718 47885
[63897] 1
whatyouwanted 山东省莱州市 08-04 10:08 -> 广东省高州市 08-04 10:58 176 30519
[63907] 1
LeavesofGrass 浙江省平湖市 07-21 08:59 -> 宁夏石嘴山市 07-21 19:18 1781 93617
[63914] 1
LeavesofGrass 宁夏石嘴山市 06-28 19:25 -> 新疆伊宁市 06-29 08:52 1855 8355
[63923] 15418256
[63933] -1
[63937] 0
[63944] 1
puzzletheNewWorld 黑龙江省尚志市 06-20 20:11 -> 四川省绵竹市 06-21 14:44 913 47885
[63950] 5014132
[63953] 3908970
[63963] 1
whatyouwanted 福建省建阳市 07-22 00:03 -> 湖北省松滋市 07-22 21:35 3707 30519
[63972] 1
whatyouwanted 安徽省阜阳市 07-14 08:24 -> 山东省莱州市 07-14 10:04 486 30519
[63975] 11156300
[63982] 1
puzzletheNewWorld 湖南省岳阳市 07-23 17:01 -> 北京市 07-24 02:45 585 47885
[63988] -1
[63991] 5452128
[63995] 9339450
[63996] queue
[64000] 10913488
[64006] 1
LeavesofGrass 河南省灵宝市 07-11 23:45 -> 浙江省慈溪市 07-12 09:48 1011 41253
[64007] Matterhorn 角峰 an.immense@development.to 1
[64010] 1
whatyouwanted 山东省乳山市 07-28 04:53 -> 广东省揭阳市 07-28 06:33 468 30519
[64014] 0
[64024] 1
whatyouwanted 山东省乳山市 08-09 04:53 -> 新疆阿克苏市 08-09 15:55 1916 30519
[64025] -1
[64031] 1
[success] LeavesofGrass 新疆塔城市 07-14 07:38 -> 河北省河间市 07-14 18:01 1851 23933
[64032] 25960075
[64041] 1
AndtodefineAmeric 河南省周口市 07-18 06:54 -> 湖南省吉首市 07-18 11:01 601 80198
[64045] 2454642
[64048] 0
[64050] -1
[64060] 21493981
[64067] -1
[64071] Ansel 安赛尔 now.open.fight@a.fight 2
[64078] 1
puzzletheNewWorld 湖南省岳阳市 07-12 17:01 -> 四川省绵竹市 07-13 14:44 1339 47885
[64082] Hibiscus 芙蓉 Communistic@by.its 1
[64085] 248248
[64092] Earthspirit 地灵 I.Communism@is.already 3
[64093] 1
LeavesofGrass 新疆塔城市 08-04 07:38 -> 湖南省衡阳市 08-04 16:17 1338 76234
[64097] 1
AndtodefineAmeric 辽宁省朝阳市 08-01 18:50 -> 吉林省榆树市 08-02 03:30 647 80198
[64101] 2782512
[64105] Exusiai 能天使 of.America@the.rounding 1
[64110] 1
AndtodefineAmeric 北京市 07-01 22:48 -> 湖北省黄冈市 07-02 01:07 50 80198
[64112] 68469600
[64116] 1
INSCRIPTIONS 黑龙江省五大连池市 08-06 19:22 -> 广东省高要市 08-06 21:36 292 47554
[64126] 5201443
[64127] Leizi 惊蛰 this.spectre@Pope.and 1
[64137] -1
[64145] -1
[64147] Beagle 米格 Europethe.spectre@of.Communism 4
[64155] 1
whatyouwanted 甘肃省兰州市 07-28 21:27 -> 新疆阿克苏市 07-29 15:55 2657 30519
[64165] 1
IHEARDthatyouask 天津市 07-12 06:35 -> 四川省彭州市 07-12 23:13 249 72823
[64170] 13
[success] INSCRIPTIONS 湖北省枣阳市 07-11 12:03 -> 新疆米泉市 07-11 14:38 162 17176
[success] LeavesofGrass 陕西省安康市 07-22 17:25 -> 河南省偃师市 07-23 03:28 1506 3718
[success] puzzletheNewWorld 湖南省岳阳市 06-30 17:01 -> 黑龙江省尚志市 06-30 20:04 426 1454
[pending] LeavesofGrass 浙江省杭州市 07-13 11:52 -> 河南省偃师市 07-14 03:28 2641 11233
[success] LeavesofGrass 福建省建阳市 07-24 21:19 -> 浙江省慈溪市 07-25 09:48 1525 10455
[success] LeavesofGrass 广东省四会市 07-06 15:39 -> 河南省偃师市 07-07 03:28 2234 14906
[success] INSCRIPTIONS 贵州省清镇市 08-06 16:24 -> 新疆米泉市 08-07 14:38 1879 5641
[success] INSCRIPTIONS 黑龙江省五大连池市 06-17 19:22 -> 湖北省枣阳市 06-18 11:59 1544 8923
[success] LeavesofGrass 河南省灵宝市 07-15 23:45 -> 广东省花都市 07-16 01:39 114 2769
[success] LeavesofGrass 广东省四会市 07-12 15:39 -> 新疆博乐市 07-13 06:04 2427 9684
[pending] LeavesofGrass 湖南省衡阳市 07-14 16:20 -> 新疆博乐市 07-15 06:04 2187 24112
[success] INSCRIPTIONS 广东省惠阳市 07-13 01:41 -> 湖北省枣阳市 07-13 11:59 1099 9374
[success] INSCRIPTIONS 黑龙江省五大连池市 06-18 19:22 -> 江苏省扬州市 06-19 08:14 1056 8250
[64180] -1
[64186] 1
LeavesofGrass 广东省花都市 07-19 01:43 -> 浙江省慈溪市 07-19 09:48 897 90620
[64195] 7200440
[64198] 34227333
[64205] Rope 暗索 pushed.on.one@side.by 1
[64209] Matterhorn 角峰 an.immense@development.to 1
[64215] -1
[64224] 1
IHEARDthatyouask 新疆吐鲁番市 07-23 05:55 -> 天津市 07-23 06:30 496 80974
[64227] 4152457
[64231] Reed 苇草 has.established@the.worldmarke 2
[64241] -1
[64249] Firewatch 守林人 opponents.in@power.Where 2
[64258] -1
[64260] -1
[64264] -1
[64266] 1
AndtodefineAmeric 天津市 06-29 08:57 -> 山西省榆次市 06-29 16:11 1942 80198
[64273] 6462400
[64280] Pramanix 初雪 means.of.exchange@and.in 1
[64287] 1
LeavesofGrass 福建省建阳市 07-20 21:19 -> 新疆博乐市 07-21 06:04 1053 31829
[64294] 1936116
[64299] 9796530
[64303] 0
[64307] 3551451
[64314] 1
LeavesofGrass 辽宁省抚顺市 07-29 14:24 -> 福建省建阳市 07-29 21:14 1379 2735
[64324] 1
whatyouwanted 广东省高州市 07-22 11:08 -> 吉林省四平市 07-22 18:18 1489 30519
[64328] 1
puzzletheNewWorld 河南省登封市 07-03 09:56 -> 四川省绵竹市 07-03 14:44 299 47885
[64333] Sora 空空 have.patricians@knights.plebei 1
[64336] 947760
[64346] queue
[64351] Bibeak 柏喙 in.the.development@of.the 1
[64357] 0
[64367] Breeze 微风 America.paved@the.way 1
[64372] -1
[64376] -1
[64379] -1
[64380] 1
puzzletheNewWorld 北京市 08-09 02:54 -> 河南省登封市 08-09 09:52 455 47885
[64388] 14763665
[64393] 1
INSCRIPTIONS 黑龙江省五大连池市 08-03 19:22 -> 广东省高要市 08-03 21:36 292 53166
[64394] -1
[64399] 1
INSCRIPTIONS 黑龙江省五大连池市 06-25 19:22 -> 湖北省枣阳市 06-26 11:59 1544 56817
[64401] Hellagur 赫拉格 The.manufacturing@system.took 1
[64405] 1
LeavesofGrass 河南省灵宝市 07-05 23:45 -> 浙江省慈溪市 07-06 09:48 1011 50544
[64415] 1
LeavesofGrass 宁夏石嘴山市 06-29 19:25 -> 河南省灵宝市 06-29 23:39 914 21712
[64416] 1
INSCRIPTIONS 广东省高要市 08-07 21:40 -> 广东省惠阳市 08-08 01:32 153 56762
[64419] queue
[64423] 1
INSCRIPTIONS 贵州省清镇市 07-23 16:24 -> 新疆米泉市 07-24 14:38 1879 58536
[64425] 1
LeavesofGrass 黑龙江省海林市 07-20 22:56 -> 河南省偃师市 07-21 03:28 846 31829
[64431] Lava 炎熔 modern.bourgeois@Modern.indust 1
[64440] Scavenger 清道夫 division.of@labour.between 1
[64443] 1
IHEARDthatyouask 天津市 07-15 06:35 -> 广东省云浮市 07-15 18:52 229 80293
[64450] 1
puzzletheNewWorld 北京市 06-12 02:54 -> 河南省登封市 06-12 09:52 455 47885
[64457] 5782942
[64466] -1
[64470] 1
puzzletheNewWorld 湖南省岳阳市 07-17 17:01 -> 河南省登封市 07-18 09:52 1040 47885
[64480] 1
IHEARDthatyouask 广东省云浮市 08-04 19:00 -> 四川省彭州市 08-04 23:13 20 87991
[64481] 1
IHEARDthatyouask 新疆吐鲁番市 07-20 05:55 -> 广东省云浮市 07-20 18:52 725 91153
[64485] 1
INSCRIPTIONS 广东省高要市 08-01 21:40 -> 广东省惠阳市 08-02 01:32 153 60484
[64489] 1
AndtodefineAmeric 山西省榆次市 08-26 16:15 -> 河南省周口市 08-27 06:51 1082 80198
[64495] 1
whatyouwanted 广东省揭阳市 07-13 06:37 -> 山东省莱州市 07-13 10:04 692 30519
[64497] 1
whatyouwanted 辽宁省盖州市 07-08 20:30 -> 湖北省利川市 07-08 22:24 503 30519
[64501] Ethan 伊桑 acknowledged@by.all 3
[64510] 251620
[64513] -1
[64517] 1128400
[64518] -1
[64520] 1
IHEARDthatyouask 新疆吐鲁番市 07-14 05:55 -> 广东省云浮市 07-14 18:52 725 78448
[64530] Courier 讯使 publish.their@views.their 1
[64535] -1
[64539] 1
INSCRIPTIONS 广东省高要市 08-06 21:40 -> 新疆米泉市 08-07 14:38 1414 47554
[64543] 13369000
[64553] -1
[64563] 1
puzzletheNewWorld 辽宁省辽阳市 06-27 13:05 -> 河南省登封市 06-28 09:52 1419 47885
[64573] Warfarin 华法琳 the.different@corporate.guilds 1
[64579] -1
[64584] 5134941
[64587] 1
AndtodefineAmeric 山东省高密市 07-09 13:02 -> 湖北省黄冈市 07-10 01:07 1500 80198
[64593] Nian 年年 wants.of.the@new.markets 1
[64602] 12334078
[64608] -1
[64617] Cuora 蛇屠箱 trade.with@the.colonies 1
[64624] 1
AndtodefineAmeric 北京市 07-23 22:48 -> 湖南省吉首市 07-24 11:01 1042 80198
[64633] -1
[64637] Lappland 拉普兰德 manifold.gradation@of.social 1
[64646] 1
IHEARDthatyouask 天津市 07-28 06:35 -> 四川省彭州市 07-28 23:13 249 75790
[64653] 1121120
[64654] 1
INSCRIPTIONS 贵州省清镇市 08-01 16:24 -> 湖北省枣阳市 08-02 11:59 1717 60484
[64656] -1
[64665] 2132190
[64670] Warfarin 华法琳 the.different@corporate.guilds 1
[64671] 1
IHEARDthatyouask 广东省云浮市 07-14 19:00 -> 四川省彭州市 07-14 23:13 20 78448
[64673] Angelina 安洁莉 two.great.classes@directly.fac 1
[64683] 1
puzzletheNewWorld 辽宁省辽阳市 08-04 13:05 -> 黑龙江省尚志市 08-04 20:04 805 47885
[64689] 9731800
[64693] 801560
[64695] 8584938
[64703] 1
IHEARDthatyouask 天津市 07-18 06:35 -> 广东省云浮市 07-18 18:52 229 82374
[64712] 0
[64720] 0
[64725] Matoimaru 缠丸 in.the.same@proportion.the 1
[64727] 1
IHEARDthatyouask 新疆吐鲁番市 07-31 05:55 -> 广东省云浮市 07-31 18:52 725 71921
[64737] -1
[64747] -1
[64751] 1
whatyouwanted 辽宁省盖州市 07-08 20:30 -> 北京市 07-09 02:07 1076 30519
[64760] 0
[64764] Meteorite 陨星 bourgeoisie@was.accompanied 3
[64772] -1
[64774] Chen 陈陈 into.various@orders.a 2
[64775] 0
[64785] 0
[64786] -1
[64792] -1
[64798] 1
whatyouwanted 北京市 07-24 02:12 -> 湖北省松滋市 07-24 21:35 3269 30519
[64807] 33940
[64809] 0
[64817] 18414000
[64818] 0
[64821] 11072704
[64826] 1
whatyouwanted 河南省洛阳市 07-13 13:03 -> 新疆阿克苏市 07-13 15:55 417 30519
[64827] -1
[64836] 1
AndtodefineAmeric 广东省高明市 07-16 13:35 -> 吉林省榆树市 07-17 03:30 1427 80198
[64845] -1
[64850] -1
[64860] -1
[64870] 0
[64880] -1
[64882] -1
[64883] 0
[64891] -1
[64896] -1
[64901] 0
[64904] -1
[64909] 0
[64911] 0
[64921] 0
[64928] 0
[64930] -1
[64934] -1
[64940] -1
[64944] -1
[64952] -1
[64953] -1
[64960] -1
[64964] -1
[64965] -1
[64975] 0
[64978] -1
[64984] -1
[64994] 0
[64996] -1
[64997] 0
[64998] 0
[65000] 0
[65005] 0
[65013] 0
[65018] 0
[65025] 0
[65035] 0
[65042] 0
[65043] 0
[65048] 0
[65050] 0
[65051] 0
[65055] 0
[65064] 0
[65073] 0
[65079] 0
[65083] 0
[65092] 0
[65095] 0
[65096] 0
[65097] 0
[65106] 0
[65107] 0
[65110] 0
[65111] 0
[65118] 0
[65119] 0
[65127] 0
[65128] 1
LeavesofGrass 辽宁省抚顺市 07-03 14:24 -> 黑龙江省海林市 07-03 22:46 1393 11396
[65131] 1
IHEARDthatyouask 新疆吐鲁番市 07-21 05:55 -> 广东省云浮市 07-21 18:52 725 70205
[65133] 1
LeavesofGrass 福建省建阳市 07-08 21:19 -> 河南省灵宝市 07-08 23:39 514 75785
[65142] Rangers 巡林 arrangement@of.society 3
[65146] Glaucus 格劳克斯 the.increase@in.the 2
[65155] -1
[65159] -1
[65160] 225885
[65170] 1
LeavesofGrass 湖南省衡阳市 07-28 16:20 -> 福建省建阳市 07-28 21:14 1134 5509
[65179] 9551943
[65184] 1
puzzletheNewWorld 辽宁省辽阳市 07-01 13:05 -> 北京市 07-02 02:45 964 47885
[65187] -1
[65188] 0
[65198] Lava 炎熔 modern.bourgeois@Modern.indust 1
[65199] 1
puzzletheNewWorld 辽宁省辽阳市 06-17 13:05 -> 四川省绵竹市 06-18 14:44 1718 47885
[65201] 1
puzzletheNewWorld 河南省登封市 06-15 09:56 -> 四川省绵竹市 06-15 14:44 299 47885
[65206] 6
[success] INSCRIPTIONS 黑龙江省五大连池市 07-17 19:22 -> 江苏省扬州市 07-18 08:14 1056 7832
[success] INSCRIPTIONS 广东省高要市 06-17 21:40 -> 北京市 06-18 06:40 564 1448
[success] LeavesofGrass 新疆塔城市 07-09 07:38 -> 浙江省杭州市 07-09 11:46 691 10367
[pending] LeavesofGrass 新疆塔城市 07-31 07:38 -> 浙江省慈溪市 08-01 09:48 3997 22374
[success] IHEARDthatyouask 新疆吐鲁番市 07-11 05:55 -> 四川省彭州市 07-11 23:13 745 19915
[success] LeavesofGrass 黑龙江省海林市 07-30 22:56 -> 广东省花都市 07-31 01:39 614 20787
[65210] Shamare 巫恋 rising.Even@manufacture.no 1
[65220] 1
INSCRIPTIONS 云南省安宁市 07-22 20:50 -> 广东省惠阳市 07-23 01:32 289 70655
[65227] 1
INSCRIPTIONS 黑龙江省五大连池市 07-26 19:22 -> 广东省惠阳市 07-27 01:32 445 65676
[65232] ProjeKTRed 红红 everywhere@a.complicated 1
[65242] Meteorite 陨星 bourgeoisie@was.accompanied 3
[65250] -1
[65260] Schwarz 黑黑 of.manufacture@was.taken 1
[65266] Executor 送葬人 history.of@all.hitherto 1
[65271] Silence 赫默 stood.in.constant@opposition.t 1
[65277] 1338324
[65287] 1
IHEARDthatyouask 新疆吐鲁番市 07-30 05:55 -> 广东省云浮市 07-30 18:52 725 68880
[65296] 11
[success] INSCRIPTIONS 北京市 07-19 06:46 -> 江苏省扬州市 07-19 08:14 200 4776
[success] INSCRIPTIONS 贵州省清镇市 08-21 16:24 -> 江苏省扬州市 08-22 08:14 1229 12569
[success] INSCRIPTIONS 北京市 07-05 06:46 -> 湖北省枣阳市 07-05 11:59 688 1305
[success] INSCRIPTIONS 广东省高要市 08-10 21:40 -> 北京市 08-11 06:40 564 3889
[success] LeavesofGrass 广东省花都市 07-03 01:43 -> 新疆博乐市 07-03 06:04 425 8326
[success] LeavesofGrass 辽宁省抚顺市 07-13 14:24 -> 浙江省慈溪市 07-14 09:48 2904 16399
[success] LeavesofGrass 河北省河间市 07-27 18:11 -> 河南省偃师市 07-28 03:28 1481 13901
[success] LeavesofGrass 宁夏石嘴山市 07-29 19:25 -> 黑龙江省海林市 07-29 22:46 414 5204
[success] LeavesofGrass 浙江省杭州市 08-03 11:52 -> 宁夏石嘴山市 08-03 19:18 1381 21107
[success] LeavesofGrass 辽宁省抚顺市 07-06 14:24 -> 河北省河间市 07-06 18:01 758 8673
[success] LeavesofGrass 福建省建阳市 07-30 21:19 -> 黑龙江省海林市 07-30 22:46 14 2433
[65306] Vermeil 红云 production@The.place 1
[65307] 1
LeavesofGrass 新疆伊宁市 07-13 08:57 -> 浙江省慈溪市 07-13 09:48 70 79931
[65315] 1
AndtodefineAmeric 山东省高密市 07-23 13:02 -> 江西省吉安市 07-23 21:09 1185 80198
[65320] 8317080
[65327] 1
IHEARDthatyouask 新疆吐鲁番市 07-23 05:55 -> 天津市 07-23 06:30 496 80974
[65332] 1
whatyouwanted 福建省建阳市 07-21 00:03 -> 湖北省松滋市 07-21 21:35 3707 30519
[65340] 8665200
[65345] -1
[65348] 1
INSCRIPTIONS 广东省高要市 06-22 21:40 -> 湖北省枣阳市 06-23 11:59 1252 70655
[65351] 1
INSCRIPTIONS 广东省惠阳市 08-10 01:41 -> 江苏省扬州市 08-10 08:14 611 56479
[65359] 0
[65364] 1
LeavesofGrass 辽宁省抚顺市 07-31 14:24 -> 浙江省慈溪市 08-01 09:48 2904 4397
[65365] 1
AndtodefineAmeric 江苏省吴江市 08-07 17:00 -> 江西省南康市 08-08 05:58 769 80198
[65372] 20400
[65377] -1
[65383] -1
[65393] 3348840
[65403] 11729536
[65413] -1
[65417] 1
whatyouwanted 福建省建阳市 07-28 00:03 -> 湖北省松滋市 07-28 21:35 3707 30519
[65421] 13342844
[65430] Estelle 艾丝黛尔 This.development@has.in 3
[65437] queue
[65445] 3901752
[65453] 1
LeavesofGrass 新疆塔城市 07-27 07:38 -> 河南省偃师市 07-28 03:28 3332 28381
[65454] 1
puzzletheNewWorld 北京市 08-05 02:54 -> 河南省登封市 08-05 09:52 455 47885
[65461] 900900
[65462] 1
LeavesofGrass 浙江省平湖市 07-20 08:59 -> 浙江省慈溪市 07-21 09:48 3706 21438
[65463] Yato 夜刀 meet.this.nursery@tale.of 3
[65471] Warfarin 华法琳 the.different@corporate.guilds 1
[65472] 0
[65475] 3858384
[65477] -1
[65483] -1
[65488] 1
AndtodefineAmeric 辽宁省朝阳市 06-21 18:50 -> 吉林省榆树市 06-22 03:30 647 80198
[65493] -1
[65500] Ptilopsis 白面鸮 this.distinctive@feature.it 2
[65504] -1
[65510] Firewatch 守林人 opponents.in@power.Where 2
[65518] 11172600
[65522] 1
whatyouwanted 河南省洛阳市 07-11 13:03 -> 吉林省四平市 07-11 18:18 1326 30519
[65523] GreyThroat 灰喉 Freeman.and@slave.patrician 1
[65531] 1
INSCRIPTIONS 贵州省清镇市 08-07 16:24 -> 新疆米泉市 08-08 14:38 1879 55683
[65535] -1
[65536] Matterhorn 角峰 an.immense@development.to 1
[65544] 1
INSCRIPTIONS 贵州省清镇市 07-31 16:24 -> 广东省惠阳市 08-01 01:32 618 70655
[65550] 1
LeavesofGrass 辽宁省抚顺市 07-26 14:24 -> 新疆伊宁市 07-27 08:52 2834 27148
[65551] Elysium 极境 has.simplified@the.class 3
[65561] -1
[65565] 8621700
[65573] 18060224
[65583] 5299532
[65592] 8431150
[65594] Ansel 安赛尔 now.open.fight@a.fight 2
[65596] queue
[65601] 46963952
[65609] Exusiai 能天使 of.America@the.rounding 1
[65614] 2070618
[65616] -1
[65624] 0
[65630] 23942215
[65638] -1
[65645] 1
INSCRIPTIONS 黑龙江省五大连池市 06-17 19:22 -> 湖北省枣阳市 06-18 11:59 1544 47268
[65655] -1
[65657] 1
AndtodefineAmeric 江苏省吴江市 07-01 17:00 -> 湖南省吉首市 07-02 11:01 1543 74617
[65664] 1
LeavesofGrass 辽宁省抚顺市 07-27 14:24 -> 广东省花都市 07-28 01:39 2007 28381
[65666] Nightingale 夜莺 of.that.class@An.oppressed 1
[65668] -1
[65678] -1
[65687] 1
IHEARDthatyouask 新疆吐鲁番市 07-19 05:55 -> 四川省彭州市 07-19 23:13 745 75765
[65694] 56574988
[65700] -1
[65709] Silence 赫默 stood.in.constant@opposition.t 1
[65714] 1
IHEARDthatyouask 天津市 07-17 06:35 -> 四川省彭州市 07-17 23:13 249 91153
[65722] Ambriel 安比尔 millionaires@the.leaders 1
[65727] -1
[65730] Ethan 伊桑 acknowledged@by.all 3
[65735] 1
whatyouwanted 福建省建阳市 07-09 00:03 -> 广东省高州市 07-09 10:58 1870 30519
[65737] -1
[65742] Saria 塞雷娅 in.the.common@ruin.of 1
[65747] 1
puzzletheNewWorld 河南省登封市 06-22 09:56 -> 四川省绵竹市 06-22 14:44 299 47885
[65752] SilverAsh 银灰 feudal.lords@vassals.guildmast 1
[65755] 1836126
[65760] 1
INSCRIPTIONS 江苏省扬州市 06-26 08:17 -> 湖北省枣阳市 06-26 11:59 488 59751
[65770] 1
AndtodefineAmeric 云南省保山市 06-21 09:33 -> 江西省吉安市 06-21 21:09 1918 80198
[65778] -1
[65783] -1
[65791] 0
[65801] 0
[65805] 0
[65815] -1
[65822] 0
[65831] -1
[65839] -1
[65841] -1
[65847] -1
[65857] Executor 送葬人 history.of@all.hitherto 1
[65864] -1
[65867] 0
[65872] -1
[65881] -1
[65886] -1
[65894] -1
[65904] -1
[65907] -1
[65915] 0
[65923] -1
[65931] -1
[65935] 0
[65937] 0
[65943] 0
[65952] 0
[65962] 0
[65965] 0
[65967] 0
[65970] -1
[65975] -1
[65981] -1
[65982] -1
[65983] -1
[65988] -1
[65995] -1
[66001] -1
[66003] 6
[success] INSCRIPTIONS 云南省安宁市 06-27 20:50 -> 江苏省扬州市 06-28 08:14 900 12414
[success] LeavesofGrass 浙江省杭州市 08-04 11:52 -> 广东省四会市 08-04 15:34 407 555
[success] LeavesofGrass 河南省灵宝市 07-07 23:45 -> 河南省偃师市 07-08 03:28 346 22468
[success] INSCRIPTIONS 北京市 07-16 06:46 -> 新疆米泉市 07-16 14:38 850 15383
[success] LeavesofGrass 浙江省杭州市 07-08 11:52 -> 陕西省安康市 07-08 17:15 1135 7380
[success] LeavesofGrass 福建省建阳市 07-15 21:19 -> 浙江省慈溪市 07-16 09:48 1525 10964
[66011] 0
[66018] 0
[66020] -1
[66030] -1
[66031] -1
[66034] 0
[66038] 4
[success] INSCRIPTIONS 云南省安宁市 08-15 20:50 -> 新疆米泉市 08-16 14:38 1550 11880
[success] IHEARDthatyouask 广东省云浮市 07-10 19:00 -> 四川省彭州市 07-10 23:13 20 12581
[success] LeavesofGrass 浙江省平湖市 07-31 08:59 -> 新疆博乐市 08-01 06:04 3234 4582
[success] LeavesofGrass 福建省建阳市 07-12 21:19 -> 新疆伊宁市 07-13 08:52 1455 22986
[66039] -1
[66040] 0
[66050] 0
[66053] 17
[success] LeavesofGrass 陕西省安康市 08-04 17:25 -> 广东省花都市 08-05 01:39 1274 14176
[success] LeavesofGrass 陕西省安康市 06-29 17:25 -> 福建省建阳市 06-29 21:14 646 19093
[success] LeavesofGrass 河南省偃师市 07-16 03:31 -> 浙江省慈溪市 07-16 09:48 665 22201
[success] INSCRIPTIONS 黑龙江省五大连池市 08-01 19:22 -> 江苏省扬州市 08-02 08:14 1056 5163
[success] IHEARDthatyouask 新疆吐鲁番市 07-25 05:55 -> 四川省彭州市 07-25 23:13 745 18745
[success] LeavesofGrass 新疆塔城市 07-04 07:38 -> 河北省河间市 07-04 18:01 1851 5208
[success] INSCRIPTIONS 北京市 06-17 06:46 -> 湖北省枣阳市 06-17 11:59 688 1553
[success] INSCRIPTIONS 云南省安宁市 07-05 20:50 -> 广东省惠阳市 07-06 01:32 289 9367
[pending] LeavesofGrass 浙江省平湖市 07-04 08:59 -> 陕西省安康市 07-04 17:15 1535 23018
[success] LeavesofGrass 新疆塔城市 07-25 07:38 -> 广东省四会市 07-25 15:34 1098 2919
[success] LeavesofGrass 河北省河间市 07-29 18:11 -> 宁夏石嘴山市 07-29 19:18 221 13309
[success] INSCRIPTIONS 贵州省清镇市 07-13 16:24 -> 北京市 07-14 06:40 1029 15171
[success] LeavesofGrass 广东省花都市 07-29 01:43 -> 新疆伊宁市 07-29 08:52 827 16611
[success] LeavesofGrass 浙江省杭州市 07-23 11:52 -> 黑龙江省海林市 07-23 22:46 1795 13472
[success] LeavesofGrass 河南省灵宝市 06-28 23:45 -> 新疆博乐市 06-29 06:04 539 22553
[success] INSCRIPTIONS 贵州省清镇市 08-12 16:24 -> 新疆米泉市 08-13 14:38 1879 7632
[success] LeavesofGrass 广东省四会市 07-05 15:39 -> 福建省建阳市 07-05 21:14 1374 21326
[66059] 0
[66065] 0
[66074] -1
[66081] -1
[66088] -1
[66093] 0
[66095] -1
[66096] -1
[66102] Warfarin 华法琳 the.different@corporate.guilds 1
[66104] -1
[66110] 0
[66120] 0
[66124] Executor 送葬人 history.of@all.hitherto 1
[66126] 5
[success] LeavesofGrass 黑龙江省海林市 06-30 22:56 -> 河南省灵宝市 06-30 23:39 500 11982
[success] INSCRIPTIONS 广东省高要市 08-20 21:40 -> 广东省惠阳市 08-21 01:32 153 12640
[success] IHEARDthatyouask 天津市 07-24 06:35 -> 四川省彭州市 07-24 23:13 249 17863
[success] INSCRIPTIONS 广东省高要市 08-14 21:40 -> 广东省惠阳市 08-15 01:32 153 13605
[success] INSCRIPTIONS 广东省惠阳市 08-11 01:41 -> 湖北省枣阳市 08-11 11:59 1099 6244
[66131] -1
[66139] -1
[66146] 0
[66149] -1
[66151] -1
[66161] 0
[66171] -1
[66177] -1
[66183] -1
[66190] -1
[66198] 0
[66199] -1
[66208] -1
[66211] 0
[66216] 0
[66225] -1
[66233] Haze 夜烟 result.from@this.fact 1
[66242] 0
[66243] -1
[66250] puzzletheNewWorld O
辽宁省辽阳市 xx-xx xx:xx -> 07-23 13:05 0 47885
湖南省岳阳市 07-23 16:56 -> 07-23 17:01 379 47885
黑龙江省尚志市 07-23 20:04 -> 07-23 20:11 805 47885
北京市 07-24 02:45 -> 07-24 02:54 964 47885
河南省登封市 07-24 09:52 -> 07-24 09:56 1419 47885
四川省绵竹市 07-24 14:44 -> xx-xx xx:xx 1718 x
[66257] -1
[66260] -1
[66264] -1
[66265] -1
[66273] 0
[66278] -1
[66282] -1
[66287] -1
[66291] -1
[66295] 0
[66303] -1
[66309] 0
[66311] -1
[66317] -1
[66320] -1
[66329] -1
[66331] -1
[66334] -1
[66338] -1
[66343] 0
[66350] 0
[66355] -1
[66357] 0
[66359] 0
[66361] 0
[66371] 0
[66379] -1
[66383] 0
[66385] 0
[66389] INSCRIPTIONS J
贵州省清镇市 xx-xx xx:xx -> 06-15 16:24 0 70334
黑龙江省五大连池市 06-15 19:12 -> 06-15 19:22 173 68161
云南省安宁市 06-15 20:42 -> 06-15 20:50 329 67686
广东省高要市 06-15 21:36 -> 06-15 21:40 465 67686
广东省惠阳市 06-16 01:32 -> 06-16 01:41 618 67686
北京市 06-16 06:40 -> 06-16 06:46 1029 67686
江苏省扬州市 06-16 08:14 -> 06-16 08:17 1229 67686
湖北省枣阳市 06-16 11:59 -> 06-16 12:03 1717 69859
新疆米泉市 06-16 14:38 -> xx-xx xx:xx 1879 x
[66399] -1
[66407] 0
[66413] Perfumer 调香师 the.earlier@epochs.of 1
[66416] -1
[66417] 0
[66424] -1
[66431] 0
[66436] -1
[66439] 0
[66442] 0
[66445] -1
[66449] 0
[66450] Mayer 梅尔 colonisation@of.America 1
[66456] -1
[66465] 0
[66470] 0
[66478] 0
[66482] 0
[66486] -1
[66488] 0
[66494] -1
[66500] -1
[66501] -1
[66503] 0
[66508] -1
[66517] -1
[66524] -1
[66534] Chen 陈陈 into.various@orders.a 2
[66541] -1
[66549] -1
[66554] -1
[66563] -1
[66564] -1
[66572] 0
[66581] -1
[66582] -1
[66585] -1
[66592] 0
[66594] Grani 格拉尼 serfs.of.the@Middle.Ages 1
[66597] -1
[66603] -1
[66607] -1
[66615] 0
[66622] 0
[66625] 0
[66629] -1
[66637] -1
[66641] -1
[66647] -1
[66652] 1
[success] IHEARDthatyouask 天津市 07-09 06:35 -> 广东省云浮市 07-09 18:52 229 18133
[66655] 0
[66663] -1
[66665] -1
[66675] -1
[66679] -1
[66686] -1
[66687] 0
[66689] -1
[66694] -1
[66704] -1
[66708] 1
LeavesofGrass 辽宁省抚顺市 08-03 14:24 -> 河南省灵宝市 08-03 23:39 1893 47463
[66718] 0
[66721] -1
[66730] -1
[66734] -1
[66743] -1
[66748] 0
[66751] -1
[66759] -1
[66761] 0
[66768] 0
[66775] 0
[66782] -1
[66790] -1
[66792] 0
[66796] -1
[66806] -1
[66809] 0
[66816] -1
[66817] 0
[66818] 0
[66820] 0
[66825] 5
[success] LeavesofGrass 黑龙江省海林市 06-30 22:56 -> 河南省灵宝市 06-30 23:39 500 11982
[success] INSCRIPTIONS 广东省高要市 08-20 21:40 -> 广东省惠阳市 08-21 01:32 153 12640
[success] IHEARDthatyouask 天津市 07-24 06:35 -> 四川省彭州市 07-24 23:13 249 17863
[success] INSCRIPTIONS 广东省高要市 08-14 21:40 -> 广东省惠阳市 08-15 01:32 153 13605
[success] INSCRIPTIONS 广东省惠阳市 08-11 01:41 -> 湖北省枣阳市 08-11 11:59 1099 6244
[66834] -1
[66840] -1
[66849] -1
[66856] -1
[66863] -1
[66867] -1
[66871] -1
[66878] -1
[66888] -1
[66896] -1
[66906] -1
[66908] -1
[66918] -1
[66924] -1
[66933] -1
[66943] -1
[66946] -1
[66952] -1
[66957] -1
[66966] -1
[66971] 0
[66980] -1
[66986] 0
[66994] -1
[66998] -1
[67007] -1
[67010] -1
[67016] bye
