[165033] -1
[165043] -1
[165050] 0
[165052] -1
[165054] -1
[165060] -1
[165066] -1
[165073] 0
[165076] -1
[165078] 0
[165080] -1
[165087] -1
[165093] 0
[165095] 0
[165101] -1
[165105] -1
[165114] -1
[165120] 0
[165125] -1
[165135] -1
[165137] -1
[165138] -1
[165140] -1
[165149] -1
[165154] -1
[165159] 0
[165160] 0
[165163] -1
[165166] 0
[165176] -1
[165177] -1
[165181] 0
[165183] -1
[165189] 0
[165195] -1
[165200] 0
[165201] -1
[165203] -1
[165210] 0
[165212] -1
[165219] -1
[165227] 0
[165236] 0
[165238] -1
[165241] -1
[165250] 76
[success] Thoupeerlesspassi 山东省章丘市 07-25 15:15 -> 广东省高要市 07-26 15:16 2716 1070
[success] TOFOREIGNLANDS 广东省开平市 07-01 16:49 -> 湖南省武冈市 07-02 01:51 210 6528
[pending] LeavesofGrass 广东省兴宁市 07-13 08:14 -> 浙江省湖州市 07-13 09:54 154 9594
[success] LeavesofGrass 湖南省汩罗市 08-15 21:58 -> 黑龙江省齐齐哈尔市 08-16 06:17 1079 4363
[success] YetutterthewordD 四川省雅安市 08-09 00:53 -> 浙江省富阳市 08-10 03:50 3534 6676
[pending] LeavesofGrass 河北省霸州市 07-20 01:28 -> 辽宁省沈阳市 07-20 13:53 1731 9551
[success] ThereforeIsendyou 福建省建瓯市 08-13 06:34 -> 四川省广汉市 08-13 11:55 17 2225
[success] TOFOREIGNLANDS 北京市 07-12 13:09 -> 江西省乐平市 07-12 17:49 247 17013
[success] LeavesofGrass 河北省霸州市 07-23 01:28 -> 辽宁省沈阳市 07-23 13:53 1731 2662
[success] onthee 湖北省宜昌市 08-17 06:24 -> 贵州省清镇市 08-17 15:09 431 1706
[success] Ofphysiologyfromt 海南省东方市 07-22 02:07 -> 四川省绵阳市 07-22 10:48 1178 5384
[pending] LeavesofGrass 湖南省张家界市 08-23 02:32 -> 四川省成都市 08-23 14:46 1793 672
[success] YetutterthewordD 四川省邛崃市 08-07 21:38 -> 浙江省嘉兴市 08-07 23:23 608 1361
[success] TheFemaleequallyw 浙江省温岭市 08-23 15:14 -> 内蒙集宁市 08-24 04:32 2369 41
[success] LeavesofGrass 浙江省上虞市 08-25 20:35 -> 湖南省汩罗市 08-25 21:51 308 5112
[pending] LeavesofGrass 黑龙江省齐齐哈尔市 06-19 06:26 -> 辽宁省沈阳市 06-19 13:53 1015 3455
[success] everwillbereally 北京市 08-12 09:48 -> 甘肃省西峰市 08-12 14:33 573 2897
[success] Afterastrangesad 广西贵港市 08-13 11:10 -> 山东省聊城市 08-13 15:00 321 7088
[success] TOFOREIGNLANDS 北京市 06-30 13:09 -> 江西省乐平市 06-30 17:49 247 18084
[pending] LeavesofGrass 湖南省张家界市 06-19 02:32 -> 浙江省湖州市 06-19 09:54 959 10369
[pending] LeavesofGrass 湖南省汩罗市 06-21 21:58 -> 浙江省湖州市 06-22 09:54 1720 3707
[success] Asawheelonitsax 湖北省黄冈市 07-16 08:12 -> 河北省衡水市 07-17 02:29 1065 2553
[pending] TOFOREIGNLANDS 湖南省武冈市 06-30 01:58 -> 江西省乐平市 06-30 17:49 792 9520
[success] Thoupeerlesspassi 辽宁省本溪市 07-10 20:00 -> 山东省曲阜市 07-11 04:30 754 1198
[success] TOFOREIGNLANDS 湖南省武冈市 07-26 01:58 -> 广东省佛山市 07-26 05:20 411 8323
[success] whatyouwanted 北京市 07-18 19:23 -> 浙江省温州市 07-19 20:10 2273 14460
[pending] TOFOREIGNLANDS 广东省开平市 07-30 16:49 -> 广东省佛山市 07-31 05:20 621 13197
[success] Withvastresultst 安徽省安庆市 08-17 04:58 -> 内蒙霍林郭勒市 08-17 09:55 114 9192
[pending] TOFOREIGNLANDS 广东省佛山市 07-18 05:26 -> 江西省乐平市 07-18 17:49 381 9710
[success] LeavesofGrass 山东省栖霞市 08-05 16:01 -> 浙江省上虞市 08-05 20:28 227 618
[success] Ithinkallwarthr 湖北省枝江市 06-30 13:17 -> 吉林省白城市 06-30 19:22 254 10856
[success] ONESSELFISING 山东省海阳市 06-28 22:28 -> 河北省唐山市 06-29 13:14 244 9110
[success] whatyouwanted 北京市 08-01 19:23 -> 河北省藁城市 08-02 02:12 483 10596
[pending] LeavesofGrass 江西省瑞昌市 08-14 15:27 -> 浙江省湖州市 08-15 09:54 2626 6991
[pending] LeavesofGrass 湖南省张家界市 08-01 02:32 -> 四川省成都市 08-01 14:46 1793 11147
[success] TOtheeoldcause 河南省郑州市 08-26 16:35 -> 河北省河间市 08-26 18:13 474 4702
[pending] LeavesofGrass 湖南省汩罗市 07-19 21:58 -> 湖南省张家界市 07-20 02:26 761 1710
[pending] AndtodefineAmeric 四川省简阳市 06-21 02:11 -> 山东省滕州市 06-21 04:56 464 8220
[success] Afterastrangesad 海南省三亚市 07-23 10:05 -> 内蒙牙克石市 07-23 16:35 993 12925
[pending] LeavesofGrass 湖南省汩罗市 06-17 21:58 -> 广东省兴宁市 06-18 08:09 1566 9824
[success] Ithinkallwarthr 河南省驻马店市 08-22 03:13 -> 湖北省枝江市 08-22 13:13 450 397
[success] AndtodefineAmeric 浙江省绍兴市 06-11 16:55 -> 山东省滕州市 06-12 04:56 962 3719
[success] LeavesofGrass 广东省兴宁市 08-12 08:14 -> 辽宁省沈阳市 08-12 13:53 528 675
[success] AndtodefineAmeric 四川省简阳市 06-16 02:11 -> 山东省滕州市 06-16 04:56 464 7409
[success] AndtodefineAmeric 四川省简阳市 07-03 02:11 -> 山东省滕州市 07-03 04:56 464 15951
[success] TOFOREIGNLANDS 湖南省武冈市 07-21 01:58 -> 北京市 07-21 13:05 545 10136
[success] LeavesofGrass 湖南省张家界市 08-04 02:32 -> 辽宁省沈阳市 08-04 13:53 1333 85
[success] ThereforeIsendyou 福建省建瓯市 07-28 06:34 -> 广东省茂名市 07-28 12:51 319 4344
[success] AndtodefineAmeric 浙江省绍兴市 07-25 16:55 -> 山东省滕州市 07-26 04:56 962 11637
[success] TOFOREIGNLANDS 广东省佛山市 07-28 05:26 -> 北京市 07-28 13:05 134 15184
[pending] LeavesofGrass 江西省瑞昌市 06-12 15:27 -> 黑龙江省齐齐哈尔市 06-13 06:17 1985 8235
[pending] LeavesofGrass 山东省栖霞市 08-02 16:01 -> 浙江省湖州市 08-03 09:54 2255 10768
[success] ThereforeIsendyou 福建省建瓯市 08-04 06:34 -> 四川省广汉市 08-04 11:55 17 1690
[success] LeavesofGrass 浙江省上虞市 07-15 20:35 -> 湖南省张家界市 07-16 02:26 1069 7838
[success] ThereforeIsendyou 福建省建瓯市 08-10 06:34 -> 福建省福州市 08-10 21:56 348 2576
[success] ThereforeIsendyou 四川省广汉市 08-09 12:01 -> 广东省茂名市 08-09 12:51 302 447
[success] TOFOREIGNLANDS 北京市 07-14 13:09 -> 江西省乐平市 07-14 17:49 247 7724
[success] LeavesofGrass 河北省霸州市 08-18 01:28 -> 辽宁省沈阳市 08-18 13:53 1731 10713
[success] AndtodefineAmeric 四川省简阳市 06-12 02:11 -> 山东省滕州市 06-12 04:56 464 10889
[success] AndtodefineAmeric 四川省简阳市 07-12 02:11 -> 山东省滕州市 07-12 04:56 464 6176
[success] TOFOREIGNLANDS 广东省佛山市 07-08 05:26 -> 北京市 07-08 13:05 134 12321
[success] TOFOREIGNLANDS 广东省开平市 07-26 16:49 -> 北京市 07-27 13:05 755 464
[success] AndtodefineAmeric 浙江省绍兴市 06-12 16:55 -> 四川省简阳市 06-13 02:06 498 9027
[success] TOFOREIGNLANDS 北京市 07-27 13:09 -> 江西省乐平市 07-27 17:49 247 17069
[success] AndtodefineAmeric 四川省简阳市 07-07 02:11 -> 山东省滕州市 07-07 04:56 464 7985
[success] LeavesofGrass 湖南省张家界市 07-25 02:32 -> 辽宁省沈阳市 07-25 13:53 1333 7469
[success] LeavesofGrass 湖南省汩罗市 08-19 21:58 -> 黑龙江省齐齐哈尔市 08-20 06:17 1079 9222
[success] LeavesofGrass 湖南省张家界市 08-09 02:32 -> 广东省兴宁市 08-09 08:09 805 8881
[success] TOFOREIGNLANDS 湖南省武冈市 07-24 01:58 -> 广东省佛山市 07-24 05:20 411 4033
[success] LeavesofGrass 黑龙江省齐齐哈尔市 08-02 06:26 -> 广东省兴宁市 08-02 08:09 487 2997
[success] TOFOREIGNLANDS 广东省开平市 07-29 16:49 -> 湖南省武冈市 07-30 01:51 210 15378
[success] LeavesofGrass 湖南省汩罗市 06-14 21:58 -> 广东省兴宁市 06-15 08:09 1566 5357
[success] LeavesofGrass 浙江省上虞市 06-23 20:35 -> 四川省成都市 06-24 14:46 2862 10467
[success] LeavesofGrass 山东省栖霞市 06-21 16:01 -> 黑龙江省齐齐哈尔市 06-22 06:17 1614 2038
[success] LeavesofGrass 浙江省上虞市 08-08 20:35 -> 黑龙江省齐齐哈尔市 08-09 06:17 1387 2562
[success] LeavesofGrass 广东省兴宁市 08-03 08:14 -> 辽宁省沈阳市 08-03 13:53 528 8586
[165256] -1
[165264] -1
[165267] -1
[165272] -1
[165273] -1
[165282] 0
[165283] -1
[165288] -1
[165290] -1
[165297] -1
[165299] 76
[success] Thoupeerlesspassi 山东省章丘市 07-25 15:15 -> 广东省高要市 07-26 15:16 2716 1070
[success] TOFOREIGNLANDS 广东省开平市 07-01 16:49 -> 湖南省武冈市 07-02 01:51 210 6528
[pending] LeavesofGrass 广东省兴宁市 07-13 08:14 -> 浙江省湖州市 07-13 09:54 154 9594
[success] LeavesofGrass 湖南省汩罗市 08-15 21:58 -> 黑龙江省齐齐哈尔市 08-16 06:17 1079 4363
[success] YetutterthewordD 四川省雅安市 08-09 00:53 -> 浙江省富阳市 08-10 03:50 3534 6676
[pending] LeavesofGrass 河北省霸州市 07-20 01:28 -> 辽宁省沈阳市 07-20 13:53 1731 9551
[success] ThereforeIsendyou 福建省建瓯市 08-13 06:34 -> 四川省广汉市 08-13 11:55 17 2225
[success] TOFOREIGNLANDS 北京市 07-12 13:09 -> 江西省乐平市 07-12 17:49 247 17013
[success] LeavesofGrass 河北省霸州市 07-23 01:28 -> 辽宁省沈阳市 07-23 13:53 1731 2662
[success] onthee 湖北省宜昌市 08-17 06:24 -> 贵州省清镇市 08-17 15:09 431 1706
[success] Ofphysiologyfromt 海南省东方市 07-22 02:07 -> 四川省绵阳市 07-22 10:48 1178 5384
[pending] LeavesofGrass 湖南省张家界市 08-23 02:32 -> 四川省成都市 08-23 14:46 1793 672
[success] YetutterthewordD 四川省邛崃市 08-07 21:38 -> 浙江省嘉兴市 08-07 23:23 608 1361
[success] TheFemaleequallyw 浙江省温岭市 08-23 15:14 -> 内蒙集宁市 08-24 04:32 2369 41
[success] LeavesofGrass 浙江省上虞市 08-25 20:35 -> 湖南省汩罗市 08-25 21:51 308 5112
[pending] LeavesofGrass 黑龙江省齐齐哈尔市 06-19 06:26 -> 辽宁省沈阳市 06-19 13:53 1015 3455
[success] everwillbereally 北京市 08-12 09:48 -> 甘肃省西峰市 08-12 14:33 573 2897
[success] Afterastrangesad 广西贵港市 08-13 11:10 -> 山东省聊城市 08-13 15:00 321 7088
[success] TOFOREIGNLANDS 北京市 06-30 13:09 -> 江西省乐平市 06-30 17:49 247 18084
[pending] LeavesofGrass 湖南省张家界市 06-19 02:32 -> 浙江省湖州市 06-19 09:54 959 10369
[pending] LeavesofGrass 湖南省汩罗市 06-21 21:58 -> 浙江省湖州市 06-22 09:54 1720 3707
[success] Asawheelonitsax 湖北省黄冈市 07-16 08:12 -> 河北省衡水市 07-17 02:29 1065 2553
[pending] TOFOREIGNLANDS 湖南省武冈市 06-30 01:58 -> 江西省乐平市 06-30 17:49 792 9520
[success] Thoupeerlesspassi 辽宁省本溪市 07-10 20:00 -> 山东省曲阜市 07-11 04:30 754 1198
[success] TOFOREIGNLANDS 湖南省武冈市 07-26 01:58 -> 广东省佛山市 07-26 05:20 411 8323
[success] whatyouwanted 北京市 07-18 19:23 -> 浙江省温州市 07-19 20:10 2273 14460
[pending] TOFOREIGNLANDS 广东省开平市 07-30 16:49 -> 广东省佛山市 07-31 05:20 621 13197
[success] Withvastresultst 安徽省安庆市 08-17 04:58 -> 内蒙霍林郭勒市 08-17 09:55 114 9192
[pending] TOFOREIGNLANDS 广东省佛山市 07-18 05:26 -> 江西省乐平市 07-18 17:49 381 9710
[success] LeavesofGrass 山东省栖霞市 08-05 16:01 -> 浙江省上虞市 08-05 20:28 227 618
[success] Ithinkallwarthr 湖北省枝江市 06-30 13:17 -> 吉林省白城市 06-30 19:22 254 10856
[success] ONESSELFISING 山东省海阳市 06-28 22:28 -> 河北省唐山市 06-29 13:14 244 9110
[success] whatyouwanted 北京市 08-01 19:23 -> 河北省藁城市 08-02 02:12 483 10596
[pending] LeavesofGrass 江西省瑞昌市 08-14 15:27 -> 浙江省湖州市 08-15 09:54 2626 6991
[pending] LeavesofGrass 湖南省张家界市 08-01 02:32 -> 四川省成都市 08-01 14:46 1793 11147
[success] TOtheeoldcause 河南省郑州市 08-26 16:35 -> 河北省河间市 08-26 18:13 474 4702
[pending] LeavesofGrass 湖南省汩罗市 07-19 21:58 -> 湖南省张家界市 07-20 02:26 761 1710
[pending] AndtodefineAmeric 四川省简阳市 06-21 02:11 -> 山东省滕州市 06-21 04:56 464 8220
[success] Afterastrangesad 海南省三亚市 07-23 10:05 -> 内蒙牙克石市 07-23 16:35 993 12925
[pending] LeavesofGrass 湖南省汩罗市 06-17 21:58 -> 广东省兴宁市 06-18 08:09 1566 9824
[success] Ithinkallwarthr 河南省驻马店市 08-22 03:13 -> 湖北省枝江市 08-22 13:13 450 397
[success] AndtodefineAmeric 浙江省绍兴市 06-11 16:55 -> 山东省滕州市 06-12 04:56 962 3719
[success] LeavesofGrass 广东省兴宁市 08-12 08:14 -> 辽宁省沈阳市 08-12 13:53 528 675
[success] AndtodefineAmeric 四川省简阳市 06-16 02:11 -> 山东省滕州市 06-16 04:56 464 7409
[success] AndtodefineAmeric 四川省简阳市 07-03 02:11 -> 山东省滕州市 07-03 04:56 464 15951
[success] TOFOREIGNLANDS 湖南省武冈市 07-21 01:58 -> 北京市 07-21 13:05 545 10136
[success] LeavesofGrass 湖南省张家界市 08-04 02:32 -> 辽宁省沈阳市 08-04 13:53 1333 85
[success] ThereforeIsendyou 福建省建瓯市 07-28 06:34 -> 广东省茂名市 07-28 12:51 319 4344
[success] AndtodefineAmeric 浙江省绍兴市 07-25 16:55 -> 山东省滕州市 07-26 04:56 962 11637
[success] TOFOREIGNLANDS 广东省佛山市 07-28 05:26 -> 北京市 07-28 13:05 134 15184
[pending] LeavesofGrass 江西省瑞昌市 06-12 15:27 -> 黑龙江省齐齐哈尔市 06-13 06:17 1985 8235
[pending] LeavesofGrass 山东省栖霞市 08-02 16:01 -> 浙江省湖州市 08-03 09:54 2255 10768
[success] ThereforeIsendyou 福建省建瓯市 08-04 06:34 -> 四川省广汉市 08-04 11:55 17 1690
[success] LeavesofGrass 浙江省上虞市 07-15 20:35 -> 湖南省张家界市 07-16 02:26 1069 7838
[success] ThereforeIsendyou 福建省建瓯市 08-10 06:34 -> 福建省福州市 08-10 21:56 348 2576
[success] ThereforeIsendyou 四川省广汉市 08-09 12:01 -> 广东省茂名市 08-09 12:51 302 447
[success] TOFOREIGNLANDS 北京市 07-14 13:09 -> 江西省乐平市 07-14 17:49 247 7724
[success] LeavesofGrass 河北省霸州市 08-18 01:28 -> 辽宁省沈阳市 08-18 13:53 1731 10713
[success] AndtodefineAmeric 四川省简阳市 06-12 02:11 -> 山东省滕州市 06-12 04:56 464 10889
[success] AndtodefineAmeric 四川省简阳市 07-12 02:11 -> 山东省滕州市 07-12 04:56 464 6176
[success] TOFOREIGNLANDS 广东省佛山市 07-08 05:26 -> 北京市 07-08 13:05 134 12321
[success] TOFOREIGNLANDS 广东省开平市 07-26 16:49 -> 北京市 07-27 13:05 755 464
[success] AndtodefineAmeric 浙江省绍兴市 06-12 16:55 -> 四川省简阳市 06-13 02:06 498 9027
[success] TOFOREIGNLANDS 北京市 07-27 13:09 -> 江西省乐平市 07-27 17:49 247 17069
[success] AndtodefineAmeric 四川省简阳市 07-07 02:11 -> 山东省滕州市 07-07 04:56 464 7985
[success] LeavesofGrass 湖南省张家界市 07-25 02:32 -> 辽宁省沈阳市 07-25 13:53 1333 7469
[success] LeavesofGrass 湖南省汩罗市 08-19 21:58 -> 黑龙江省齐齐哈尔市 08-20 06:17 1079 9222
[success] LeavesofGrass 湖南省张家界市 08-09 02:32 -> 广东省兴宁市 08-09 08:09 805 8881
[success] TOFOREIGNLANDS 湖南省武冈市 07-24 01:58 -> 广东省佛山市 07-24 05:20 411 4033
[success] LeavesofGrass 黑龙江省齐齐哈尔市 08-02 06:26 -> 广东省兴宁市 08-02 08:09 487 2997
[success] TOFOREIGNLANDS 广东省开平市 07-29 16:49 -> 湖南省武冈市 07-30 01:51 210 15378
[success] LeavesofGrass 湖南省汩罗市 06-14 21:58 -> 广东省兴宁市 06-15 08:09 1566 5357
[success] LeavesofGrass 浙江省上虞市 06-23 20:35 -> 四川省成都市 06-24 14:46 2862 10467
[success] LeavesofGrass 山东省栖霞市 06-21 16:01 -> 黑龙江省齐齐哈尔市 06-22 06:17 1614 2038
[success] LeavesofGrass 浙江省上虞市 08-08 20:35 -> 黑龙江省齐齐哈尔市 08-09 06:17 1387 2562
[success] LeavesofGrass 广东省兴宁市 08-03 08:14 -> 辽宁省沈阳市 08-03 13:53 528 8586
[165300] -1
[165310] -1
[165314] -1
[165318] 0
[165327] 0
[165332] -1
[165342] -1
[165346] -1
[165355] -1
[165356] -1
[165365] -1
[165367] -1
[165371] -1
[165381] -1
[165385] 0
[165390] -1
[165395] -1
[165396] 0
[165402] -1
[165412] -1
[165416] 0
[165417] 1
AukZKquxRCRluHCRrx 四川省简阳市 06-11 22:11 -> 湖北省安陆市 06-12 01:43 512756 16960
[165426] -1
[165436] -1
[165443] -1
[165445] -1
[165448] 0
[165452] -1
[165453] -1
[165457] 0
[165467] -1
[165477] 0
[165487] -1
[165488] -1
[165495] -1
[165501] 0
[165509] 0
[165511] -1
[165514] -1
[165522] -1
[165527] 0
[165528] -1
[165530] 0
[165540] -1
[165546] -1
[165553] -1
[165562] -1
[165571] -1
[165574] -1
[165582] 0
[165588] -1
[165597] -1
[165606] -1
[165611] -1
[165614] -1
[165623] -1
[165628] -1
[165636] 0
[165641] TheFemaleequallyw Z
山西省运城市 xx-xx xx:xx -> 08-01 23:19 0 24546
河南省义马市 08-02 01:33 -> 08-02 01:36 138 24546
山西省大同市 08-02 03:20 -> 08-02 03:24 459 24546
江苏省东台市 08-02 04:17 -> 08-02 04:20 642 24546
北京市 08-02 06:30 -> 08-02 06:35 1029 24546
四川省阆中市 08-02 07:24 -> 08-02 07:27 1515 24546
河北省南宫市 08-02 08:54 -> 08-02 09:01 1851 24546
新疆昌吉市 08-02 10:31 -> 08-02 10:39 1934 24546
河北省鹿泉市 08-02 11:36 -> 08-02 11:42 2032 24546
江苏省海门市 08-02 12:44 -> 08-02 12:49 2301 24546
陕西省汉中市 08-02 13:15 -> 08-02 13:25 2304 24546
浙江省温岭市 08-02 15:10 -> 08-02 15:14 2648 24546
辽宁省铁法市 08-02 16:08 -> 08-02 16:18 3058 24546
河南省灵宝市 08-02 17:59 -> 08-02 18:07 3345 24546
广东省河源市 08-02 20:34 -> 08-02 20:44 3662 24546
广东省顺德市 08-02 21:53 -> 08-02 21:57 4065 24546
江苏省盐城市 08-02 23:40 -> 08-02 23:50 4421 24546
江西省南昌市 08-03 01:49 -> 08-03 01:55 4515 24546
海南省三亚市 08-03 02:31 -> 08-03 02:41 4709 24546
内蒙集宁市 08-03 04:32 -> xx-xx xx:xx 5017 x
[165650] ItoohaughtyShade Z
辽宁省本溪市 xx-xx xx:xx -> 07-01 02:58 0 94029
湖北省孝感市 07-01 05:07 -> 07-01 05:12 32 94029
河南省驻马店市 07-01 07:33 -> 07-01 07:40 384 94029
北京市 07-01 08:24 -> 07-01 08:33 836 94029
贵州省仁怀市 07-01 08:59 -> 07-01 09:03 853 94029
江苏省锡山市 07-01 10:23 -> 07-01 10:27 1101 94029
安徽省铜陵市 07-01 11:04 -> 07-01 11:09 1151 94029
河北省冀州市 07-01 12:55 -> 07-01 12:58 1401 94029
河北省深州市 07-01 14:37 -> 07-01 14:43 1553 94029
陕西省兴平市 07-01 16:16 -> 07-01 16:25 2006 94029
山东省肥城市 07-01 17:30 -> 07-01 17:38 2132 94029
甘肃省天水市 07-01 19:22 -> 07-01 19:32 2342 94029
河南省南阳市 07-01 20:51 -> 07-01 20:54 2567 94029
四川省自贡市 07-01 23:23 -> 07-01 23:32 2708 94029
江苏省常州市 07-02 00:05 -> 07-02 00:12 2930 94029
广西贵港市 07-02 02:33 -> 07-02 02:39 3140 94029
山东省高密市 07-02 03:55 -> 07-02 03:58 3425 94029
山东省菏泽市 07-02 04:47 -> xx-xx xx:xx 3820 x
[165656] -1
[165662] one O
吉林省蛟河市 xx-xx xx:xx -> 08-09 01:24 0 40111
辽宁省北宁市 08-09 04:39 -> 08-09 04:48 496 40111
四川省绵阳市 08-09 08:10 -> 08-09 08:19 557 40111
北京市 08-09 10:51 -> 08-09 11:00 797 40111
湖南省株洲市 08-09 11:36 -> 08-09 11:39 1178 40111
黑龙江省哈尔滨市 08-09 16:37 -> 08-09 16:40 1294 40522
山东省青岛市 08-09 17:16 -> 08-09 17:23 1389 40522
河北省新乐市 08-09 21:15 -> 08-09 21:25 1419 40522
湖南省益阳市 08-10 01:08 -> 08-10 01:13 1735 40522
河北省丰南市 08-10 05:11 -> xx-xx xx:xx 2001 x
[165670] 0
[165674] -1
[165675] 0
[165683] -1
[165685] -1
[165693] 0
[165702] 0
[165704] 0
[165708] 0
[165714] 0
[165720] 0
[165729] 0
[165733] 0
[165739] 0
[165748] 0
[165756] 0
[165765] 0
[165773] 0
[165777] 0
[165779] 0
[165782] 0
[165791] 0
[165793] 0
[165800] 0
[165802] 0
[165805] 0
[165809] 0
[165819] 0
[165828] 0
[165831] 0
[165836] 0
[165840] 0
[165849] 0
[165857] 0
[165867] 0
[165877] 0
[165881] 0
[165890] 0
[165899] 0
[165908] 0
[165917] 0
[165924] 0
[165932] 0
[165940] queue
[165949] -1
[165953] 1
ASIPONDERDINSIL 四川省简阳市 08-22 14:45 -> 广西钦州市 08-23 11:15 2324 68742
[165963] queue
[165973] 4944655
[165980] 1
Andmenacingvoice 辽宁省兴城市 07-15 23:26 -> 山东省胶南市 07-16 23:32 3519 75099
[165985] 1
TOFOREIGNLANDS 北京市 07-26 13:09 -> 江西省乐平市 07-26 17:49 247 485
[165990] 1
ASIponderdinsil 安徽省滁州市 06-11 13:24 -> 湖南省湘潭市 06-12 05:47 358 61375
[165991] 0
[165995] 1
ASIponderdinsil 安徽省滁州市 06-25 13:24 -> 天津市 06-26 16:14 778 61375
[165996] 0
[166005] 1
Themakingofperfec 福建省福鼎市 07-02 09:15 -> 内蒙根河市 07-02 17:37 973 39586
[166014] 5029302
[166024] 1
Ithinkallwarthr 河南省驻马店市 06-22 03:13 -> 湖北省枝江市 06-22 13:13 450 72641
[166031] 0
[166040] 1
one 辽宁省北宁市 07-18 04:48 -> 北京市 07-18 10:51 301 30863
[166046] 42
[pending] LeavesofGrass 湖南省汩罗市 06-13 21:58 -> 黑龙江省齐齐哈尔市 06-14 06:17 1079 3708
[pending] LeavesofGrass 江西省瑞昌市 07-05 15:27 -> 四川省成都市 07-06 14:46 3460 813
[success] YetutterthewordD 山东省安丘市 07-08 22:15 -> 浙江省富阳市 07-09 03:50 861 4770
[pending] LeavesofGrass 山东省栖霞市 06-11 16:01 -> 四川省成都市 06-12 14:46 3089 6820
[success] LeavesofGrass 湖南省汩罗市 07-23 21:58 -> 广东省兴宁市 07-24 08:09 1566 26
[pending] LeavesofGrass 河北省霸州市 06-28 01:28 -> 浙江省湖州市 06-28 09:54 1357 3148
[success] YetutterthewordD 湖南省怀化市 07-21 22:51 -> 广东省廉江市 07-22 06:00 743 1353
[success] one 吉林省蛟河市 07-27 01:24 -> 北京市 07-27 10:51 797 7805
[success] whatyouwanted 黑龙江省黑河市 07-01 16:49 -> 黑龙江省七台河市 07-02 15:26 1705 7025
[success] onthee 贵州省清镇市 07-30 15:14 -> 浙江省平湖市 07-30 17:56 424 1558
[pending] LeavesofGrass 浙江省上虞市 08-23 20:35 -> 辽宁省沈阳市 08-24 13:53 2402 4024
[pending] LeavesofGrass 黑龙江省齐齐哈尔市 06-28 06:26 -> 辽宁省沈阳市 06-28 13:53 1015 2950
[success] LeavesofGrass 湖南省张家界市 08-15 02:32 -> 四川省成都市 08-15 14:46 1793 449
[success] whatyouwanted 黑龙江省黑河市 07-09 16:49 -> 海南省通什市 07-10 12:23 1209 1920
[pending] AndtodefineAmeric 浙江省绍兴市 07-02 16:55 -> 山东省滕州市 07-03 04:56 962 11500
[success] Thesechantsforthe 河北省唐山市 06-25 05:03 -> 河南省郑州市 06-25 17:56 1115 1001
[success] ONESSELFIsinga 湖北省黄石市 07-27 02:23 -> 湖北省十堰市 07-27 09:51 614 11206
[pending] LeavesofGrass 山东省栖霞市 07-25 16:01 -> 广东省兴宁市 07-26 08:09 2101 3740
[success] Aroundtheideaoft 广西桂林市 06-25 03:18 -> 安徽省亳州市 06-26 03:40 2973 11582
[success] LeavesofGrass 江西省瑞昌市 08-19 15:27 -> 辽宁省沈阳市 08-20 13:53 3000 5496
[success] LeavesofGrass 湖南省汩罗市 07-12 21:58 -> 浙江省湖州市 07-13 09:54 1720 1961
[success] LeavesofGrass 江西省瑞昌市 07-08 15:27 -> 浙江省上虞市 07-08 20:28 598 1921
[success] LeavesofGrass 山东省栖霞市 06-09 16:01 -> 浙江省上虞市 06-09 20:28 227 10862
[success] LeavesofGrass 湖南省张家界市 06-12 02:32 -> 四川省成都市 06-12 14:46 1793 4341
[pending] LeavesofGrass 湖南省汩罗市 06-28 21:58 -> 广东省兴宁市 06-29 08:09 1566 10346
[success] TOFOREIGNLANDS 湖南省武冈市 07-09 01:58 -> 江西省乐平市 07-09 17:49 792 15486
[success] ThereforeIsendyou 广东省茂名市 08-17 13:00 -> 福建省福州市 08-17 21:56 29 2845
[success] LeavesofGrass 浙江省湖州市 08-12 10:04 -> 四川省成都市 08-12 14:46 834 6800
[success] AndtodefineAmeric 四川省简阳市 07-07 02:11 -> 山东省滕州市 07-07 04:56 464 15785
[success] LeavesofGrass 江西省瑞昌市 07-22 15:27 -> 河北省霸州市 07-23 01:21 1269 3980
[success] TOFOREIGNLANDS 广东省佛山市 07-28 05:26 -> 江西省乐平市 07-28 17:49 381 10518
[success] TOFOREIGNLANDS 湖南省武冈市 07-02 01:58 -> 江西省乐平市 07-02 17:49 792 1771
[pending] LeavesofGrass 江西省瑞昌市 07-09 15:27 -> 湖南省张家界市 07-10 02:26 1667 6625
[success] AndtodefineAmeric 四川省简阳市 06-21 02:11 -> 山东省滕州市 06-21 04:56 464 5446
[success] TOFOREIGNLANDS 广东省开平市 07-15 16:49 -> 北京市 07-16 13:05 755 17334
[success] TOFOREIGNLANDS 广东省佛山市 07-30 05:26 -> 江西省乐平市 07-30 17:49 381 13788
[success] TOFOREIGNLANDS 广东省开平市 07-01 16:49 -> 江西省乐平市 07-02 17:49 1002 21107
[success] LeavesofGrass 山东省栖霞市 07-03 16:01 -> 四川省成都市 07-04 14:46 3089 8626
[success] LeavesofGrass 湖南省汩罗市 08-08 21:58 -> 四川省成都市 08-09 14:46 2554 10154
[success] TOFOREIGNLANDS 广东省开平市 07-25 16:49 -> 湖南省武冈市 07-26 01:51 210 8507
[success] LeavesofGrass 河北省霸州市 08-08 01:28 -> 黑龙江省齐齐哈尔市 08-08 06:17 716 7837
[success] LeavesofGrass 江西省瑞昌市 08-26 15:27 -> 四川省成都市 08-27 14:46 3460 2999
[166048] 1
everwillbereally 新疆阿勒泰市 07-31 02:06 -> 江苏省宜兴市 07-31 04:49 540 12127
[166052] 1
Themakingofperfec 海南省万宁市 07-17 04:43 -> 山东省海阳市 07-17 06:30 337 39586
[166061] 1
OfLifeimmenseinp 江西省樟树市 08-11 13:01 -> 内蒙满洲里市 08-11 14:38 600 83441
[166067] queue
[166073] Ceobe 刻俄 life.and.death@question.for 3
[166076] 1
Themakingofperfec 浙江省兰溪市 07-08 13:51 -> 内蒙根河市 07-08 17:37 177 39586
[166084] Glaucus 格劳 This.development@has.in 2
[166094] Amiya 阿米 for.its.products@chases.the 1
[166095] -1
[166104] 3167577
[166112] queue
[166122] queue
[166131] ShiraYuki 白雪 old.local.and@national.seclusi 3
[166138] 276199
[166141] 34539639
[166150] 1
one 湖南省株洲市 08-05 11:39 -> 河北省丰南市 08-06 05:11 823 32832
[166157] 1
TheFemaleequallyw 新疆昌吉市 08-19 10:39 -> 江苏省海门市 08-19 12:44 367 22316
[166159] Frostleaf 霜叶 to.with.reverent@awe.It 3
[166169] queue
[166170] queue
[166179] 1
INCABINDSHIPSA 吉林省桦甸市 07-08 01:13 -> 河南省济源市 07-08 04:38 38 46894
[166186] 4289520
[166187] 1
ONESSELFISING 江苏省仪征市 07-08 20:47 -> 河北省唐山市 07-09 13:14 260 43203
[166195] 10427904
[166199] -1
[166204] 1
TOtheeoldcause 河北省黄骅市 07-11 20:43 -> 浙江省江山市 07-12 00:15 737 54218
[166207] 1
APhantomarosebefo 广东省恩平市 08-12 04:25 -> 湖北省荆门市 08-12 11:18 1243 1488
[166216] queue
[166220] 1
Andmenacingvoice 黑龙江省黑河市 08-08 20:27 -> 吉林省吉林市 08-08 22:49 419 75099
[166229] 1091097
[166237] 5760452
[166242] Amiya 阿米 for.its.products@chases.the 1
[166245] -1
[166248] queue
[166255] 1
APhantomarosebefo 天津市 06-21 23:03 -> 安徽省宣州市 06-22 10:35 2260 1488
[166263] 13535061
[166269] 2
TOFOREIGNLANDS 北京市 06-25 13:09 -> 江西省乐平市 06-25 17:49 247 15817
Thouseethingprinci 北京市 06-25 23:54 -> 江西省乐平市 06-26 13:41 1839 19256
[166272] -1
[166275] -1
[166276] 0
[166283] -1
[166287] Schwarz 黑黑 intellectual@creations.of 1
[166296] 1
Andmenacingvoice 吉林省和龙市 08-09 14:23 -> 河南省济源市 08-09 17:52 534 64570
[166300] 1
TheModernManIsin 安徽省阜阳市 07-26 14:11 -> 辽宁省大连市 07-26 22:23 713 14288
[166309] 2489940
[166317] queue
[166318] -1
[166323] 1
Thoupeerlesspassi 北京市 07-24 00:25 -> 山东省曲阜市 07-24 04:30 341 5982
[166327] Vulcan 火神 intellectual@production.The 3
[166328] 0
[166329] -1
[166330] 0
[166339] 1
itself 天津市 08-08 12:31 -> 海南省琼海市 08-08 14:13 246 25157
[166342] 1
itself 广东省惠州市 08-22 20:28 -> 广西桂平市 08-23 13:29 1390 25157
[166347] 6013392
[166352] -1
[166357] -1
[166359] -1
[166366] 857660
[166376] queue
[166382] Vulcan 火神 intellectual@production.The 3
[166391] 2177685
[166399] Ptilopsis 白面 productions@of.the 1
[166403] 63873
[166410] Haze 夜烟 wants.requiring@for.their 3
[166415] 1
INCABINDSHIPSA 河南省济源市 06-16 04:46 -> 河南省孟州市 06-16 07:20 142 56269
[166423] Phantom 傀影 Middle.Ages@We.see 2
[166425] Catapult 空爆 publish.their@views.their 4
[166427] 1
thoucentre 浙江省江山市 07-06 00:33 -> 山东省栖霞市 07-06 05:03 244 51699
[166428] -1
[166433] 33
[success] onthee 湖北省宜昌市 08-03 06:24 -> 浙江省平湖市 08-03 17:56 855 2547
[success] ThereforeIsendyou 四川省广汉市 08-05 12:01 -> 福建省福州市 08-05 21:56 331 2386
[success] INCABINDSHIPSA 吉林省桦甸市 07-21 01:13 -> 河南省孟州市 07-21 07:20 180 6642
[success] Thegeniusofpoets 广东省茂名市 07-06 22:08 -> 河南省孟州市 07-07 05:43 269 1006
[success] LeavesofGrass 河北省霸州市 07-02 01:28 -> 辽宁省沈阳市 07-02 13:53 1731 772
[success] AndtodefineAmeric 四川省简阳市 08-01 02:11 -> 山东省滕州市 08-01 04:56 464 518
[success] Withvastresultst 北京市 08-21 01:07 -> 浙江省江山市 08-21 20:37 941 9258
[success] TOFOREIGNLANDS 广东省开平市 07-15 16:49 -> 湖南省武冈市 07-16 01:51 210 1829
[pending] TOFOREIGNLANDS 湖南省武冈市 07-28 01:58 -> 广东省佛山市 07-28 05:20 411 20742
[success] LeavesofGrass 山东省栖霞市 08-03 16:01 -> 河北省霸州市 08-04 01:21 898 6948
[success] LeavesofGrass 湖南省汩罗市 06-24 21:58 -> 黑龙江省齐齐哈尔市 06-25 06:17 1079 239
[success] LeavesofGrass 江西省瑞昌市 07-28 15:27 -> 山东省栖霞市 07-28 15:56 371 4518
[success] whatyouwanted 湖南省郴州市 07-28 12:40 -> 黑龙江省七台河市 07-29 15:26 1877 20274
[success] LeavesofGrass 湖南省张家界市 07-22 02:32 -> 四川省成都市 07-22 14:46 1793 5074
[success] TOFOREIGNLANDS 广东省开平市 06-30 16:49 -> 湖南省武冈市 07-01 01:51 210 3466
[success] LeavesofGrass 浙江省上虞市 08-10 20:35 -> 黑龙江省齐齐哈尔市 08-11 06:17 1387 1378
[pending] TOFOREIGNLANDS 广东省开平市 07-05 16:49 -> 广东省佛山市 07-06 05:20 621 18931
[success] AndtodefineAmeric 四川省简阳市 07-03 02:11 -> 山东省滕州市 07-03 04:56 464 7749
[success] LeavesofGrass 广东省兴宁市 08-21 08:14 -> 浙江省湖州市 08-21 09:54 154 4577
[refunded] LeavesofGrass 江西省瑞昌市 08-22 15:27 -> 山东省栖霞市 08-22 15:56 371 3641
[success] LeavesofGrass 江西省瑞昌市 06-29 15:27 -> 辽宁省沈阳市 06-30 13:53 3000 773
[pending] LeavesofGrass 江西省瑞昌市 08-05 15:27 -> 黑龙江省齐齐哈尔市 08-06 06:17 1985 8455
[success] TOFOREIGNLANDS 广东省开平市 07-02 16:49 -> 广东省佛山市 07-03 05:20 621 4240
[success] AndtodefineAmeric 四川省简阳市 07-03 02:11 -> 山东省滕州市 07-03 04:56 464 14664
[success] LeavesofGrass 黑龙江省齐齐哈尔市 06-23 06:26 -> 广东省兴宁市 06-23 08:09 487 4351
[pending] LeavesofGrass 湖南省汩罗市 07-31 21:58 -> 河北省霸州市 08-01 01:21 363 8301
[success] Afterastrangesad 广西贵港市 06-27 11:10 -> 山东省聊城市 06-27 15:00 321 13691
[success] one 黑龙江省哈尔滨市 07-21 16:40 -> 河北省新乐市 07-21 21:15 125 7322
[success] LeavesofGrass 浙江省上虞市 07-19 20:35 -> 湖南省汩罗市 07-19 21:51 308 2064
[success] ThereforeIsendyou 广东省茂名市 08-18 13:00 -> 福建省福州市 08-18 21:56 29 4390
[success] TOFOREIGNLANDS 湖南省武冈市 07-21 01:58 -> 广东省佛山市 07-21 05:20 411 9947
[success] LeavesofGrass 江西省瑞昌市 08-07 15:27 -> 浙江省上虞市 08-07 20:28 598 9766
[success] advanceinthisbook 黑龙江省五大连池市 07-10 08:13 -> 湖南省益阳市 07-10 17:51 1720 929
[166443] 1
itself 天津市 06-26 12:31 -> 广西桂平市 06-27 13:29 2179 25157
[166452] Earthspirit 地灵 of.philistine@sentimentalism.i 2
[166460] queue
[166468] 1
Asawheelonitsax 湖北省应城市 06-18 14:26 -> 湖北省安陆市 06-18 20:40 295 45169
[166470] 8659652
[166477] -1
[166479] Bagpipe 风笛 surpassing@Egyptian.pyramids 1
[166483] 0
[166484] queue
[166494] Phantom 傀影 Middle.Ages@We.see 2
[166499] 1
Themakingofperfec 海南省万宁市 08-05 04:43 -> 内蒙根河市 08-05 17:37 1726 39586
[166500] 1
ThereforeIsendyou 福建省建瓯市 08-10 06:34 -> 广东省茂名市 08-10 12:51 319 1147
[166501] -1
[166505] queue
[166511] queue
[166517] Ceylon 锡兰 bourgeoisie@wherever.it 1
[166518] 1
INCABINDSHIPSA 河南省济源市 07-11 04:46 -> 河南省孟州市 07-11 07:20 142 56269
[166521] 1
Andthatisthethem 湖南省吉首市 06-24 06:37 -> 甘肃省武威市 06-24 08:45 368 8988
[166527] 2
one 辽宁省北宁市 07-22 04:48 -> 四川省绵阳市 07-22 08:10 61 40522
AukZKquxRCRluHCRrx 辽宁省北宁市 07-22 11:33 -> 四川省绵阳市 07-22 12:14 100964 16960
[166533] 8
[pending] TOFOREIGNLANDS 湖南省武冈市 07-17 01:58 -> 广东省佛山市 07-17 05:20 411 12521
[pending] TOFOREIGNLANDS 湖南省武冈市 07-14 01:58 -> 广东省佛山市 07-14 05:20 411 12175
[success] whatyouwanted 湖南省郴州市 07-23 12:40 -> 北京市 07-23 19:18 249 16417
[success] AwarOsoldiersno 山西省临汾市 07-02 20:26 -> 天津市 07-03 18:59 976 4650
[success] TOFOREIGNLANDS 广东省开平市 07-23 16:49 -> 湖南省武冈市 07-24 01:51 210 452
[success] LeavesofGrass 浙江省湖州市 08-06 10:04 -> 四川省成都市 08-06 14:46 834 1181
[pending] LeavesofGrass 山东省栖霞市 07-09 16:01 -> 浙江省湖州市 07-10 09:54 2255 7606
[success] advanceinthisbook 湖南省郴州市 07-17 23:20 -> 湖南省岳阳市 07-18 19:38 2967 3911
[166538] 1
Andthatisthethem 河南省新密市 07-13 23:37 -> 山东省禹城市 07-14 02:40 174 8988
[166541] Nearl 临光 only.at.home@but.in 1
[166545] Weedy 温蒂 accomplished@wonders.far 1
[166554] 541140
[166563] queue
[166571] Ceobe 刻俄 life.and.death@question.for 3
[166576] Earthspirit 地灵 individual@nations.become 2
[166586] NoirCorne 黑角 products.are@consumed.not 3
[166591] 373584
[166598] queue
[166606] Chen 陈陈 common.property@National.onesi 1
[166613] 1
TOFOREIGNLANDS 广东省佛山市 07-18 05:26 -> 江西省乐平市 07-18 17:49 381 271
[166621] 0
[166629] 667480
[166636] 1
Ithinkallwarthr 河南省驻马店市 08-05 03:13 -> 湖北省枝江市 08-05 13:13 450 72641
[166638] queue
[166644] Astesia 星极 sufficed.for@the.growing 1
[166646] 699208
[166654] -1
[166661] 1
Theserecitativesfo 湖北省松滋市 07-18 04:35 -> 山东省栖霞市 07-19 10:45 3383 35425
[166664] 154164
[166670] Chen 陈陈 common.property@National.onesi 1
[166679] Shamare 巫恋 of.distant@lands.and 1
[166680] -1
[166684] Astesia 星极 sufficed.for@the.growing 1
[166689] queue
[166696] Meteor 流星 everywhere@The.bourgeoisie 2
[166706] 18002894
[166712] Nightmare 夜魔 remotest.zones@industries.whos 2
[166720] 82320
[166725] NoirCorne 黑角 products.are@consumed.not 3
[166728] 1
onthee 湖北省宜昌市 07-25 06:24 -> 贵州省清镇市 07-25 15:09 431 10777
[166729] 2628756
[166733] Weedy 温蒂 accomplished@wonders.far 1
[166735] 1
Thoupeerlesspassi 山东省章丘市 07-28 15:15 -> 山东省荣成市 07-28 23:20 365 6304
[166738] queue
[166747] Magallan 麦哲 relation.to@a.mere 1
[166748] 1
ONESSELFIsinga 湖北省黄石市 07-21 02:23 -> 贵州省清镇市 07-21 09:21 236 60850
[166757] queue
[166762] 39
[success] Andmenacingvoice 浙江省临海市 08-14 02:18 -> 山东省临清市 08-14 03:56 234 11234
[success] one 四川省绵阳市 08-03 08:19 -> 河北省新乐市 08-03 21:15 862 10046
[success] Theserecitativesfo 湖北省荆门市 07-11 23:16 -> 新疆昌吉市 07-12 06:54 813 3211
[pending] LeavesofGrass 浙江省上虞市 08-07 20:35 -> 辽宁省沈阳市 08-08 13:53 2402 11157
[pending] TOFOREIGNLANDS 湖南省武冈市 07-16 01:58 -> 江西省乐平市 07-16 17:49 792 17348
[success] TOFOREIGNLANDS 广东省开平市 07-26 16:49 -> 北京市 07-27 13:05 755 6791
[pending] LeavesofGrass 山东省栖霞市 07-26 16:01 -> 湖南省张家界市 07-27 02:26 1296 10374
[pending] TOFOREIGNLANDS 湖南省武冈市 06-25 01:58 -> 江西省乐平市 06-25 17:49 792 12060
[success] LeavesofGrass 浙江省上虞市 07-02 20:35 -> 辽宁省沈阳市 07-03 13:53 2402 708
[pending] LeavesofGrass 湖南省张家界市 07-05 02:32 -> 黑龙江省齐齐哈尔市 07-05 06:17 318 396
[success] Withallitsangrya 江苏省常熟市 07-30 03:59 -> 江苏省丹阳市 07-30 23:45 2595 162
[success] OfLifeimmenseinp 河北省衡水市 07-17 16:18 -> 吉林省集安市 07-18 02:55 1147 9994
[success] LeavesofGrass 浙江省上虞市 06-11 20:35 -> 河北省霸州市 06-12 01:21 671 3081
[success] Thouseethingprinci 安徽省宁国市 07-06 15:35 -> 辽宁省沈阳市 07-07 10:04 2728 548
[success] Afterastrangesad 广东省花都市 07-02 05:11 -> 海南省三亚市 07-02 10:00 66 8476
[success] LeavesofGrass 广东省兴宁市 08-04 08:14 -> 四川省成都市 08-04 14:46 988 3586
[success] thoucentre 山东省莱州市 06-29 18:12 -> 山东省文登市 06-30 10:57 1353 243
[pending] LeavesofGrass 河北省霸州市 07-15 01:28 -> 辽宁省沈阳市 07-15 13:53 1731 4153
[success] TOFOREIGNLANDS 广东省开平市 07-20 16:49 -> 江西省乐平市 07-21 17:49 1002 8686
[success] TOFOREIGNLANDS 广东省佛山市 06-25 05:26 -> 北京市 06-25 13:05 134 4085
[pending] TOFOREIGNLANDS 广东省佛山市 07-20 05:26 -> 江西省乐平市 07-20 17:49 381 19664
[success] TOFOREIGNLANDS 广东省开平市 06-27 16:49 -> 北京市 06-28 13:05 755 5041
[success] LeavesofGrass 黑龙江省齐齐哈尔市 06-22 06:26 -> 浙江省湖州市 06-22 09:54 641 5735
[success] LeavesofGrass 湖南省张家界市 06-09 02:32 -> 四川省成都市 06-09 14:46 1793 3372
[success] whatyouwanted 北京市 07-29 19:23 -> 江西省景德镇市 07-30 15:52 1950 3815
[success] ThereforeIsendyou 福建省建瓯市 08-22 06:34 -> 广东省茂名市 08-22 12:51 319 4560
[success] LeavesofGrass 山东省栖霞市 06-27 16:01 -> 湖南省张家界市 06-28 02:26 1296 1300
[success] ThereforeIsendyou 福建省建瓯市 08-21 06:34 -> 广东省茂名市 08-21 12:51 319 4499
[success] TOFOREIGNLANDS 北京市 07-29 13:09 -> 江西省乐平市 07-29 17:49 247 15263
[success] AndtodefineAmeric 四川省简阳市 07-25 02:11 -> 山东省滕州市 07-25 04:56 464 15624
[success] TOFOREIGNLANDS 北京市 07-12 13:09 -> 江西省乐平市 07-12 17:49 247 4867
[success] LeavesofGrass 山东省栖霞市 08-18 16:01 -> 湖南省汩罗市 08-18 21:51 535 6261
[success] AndtodefineAmeric 浙江省绍兴市 07-07 16:55 -> 山东省滕州市 07-08 04:56 962 9633
[success] LeavesofGrass 河北省霸州市 08-16 01:28 -> 黑龙江省齐齐哈尔市 08-16 06:17 716 5587
[success] LeavesofGrass 山东省栖霞市 07-02 16:01 -> 浙江省湖州市 07-03 09:54 2255 3138
[success] LeavesofGrass 浙江省上虞市 06-19 20:35 -> 河北省霸州市 06-20 01:21 671 5910
[success] LeavesofGrass 江西省瑞昌市 07-31 15:27 -> 四川省成都市 08-01 14:46 3460 4125
[success] LeavesofGrass 山东省栖霞市 06-29 16:01 -> 四川省成都市 06-30 14:46 3089 4883
[success] LeavesofGrass 黑龙江省齐齐哈尔市 07-03 06:26 -> 辽宁省沈阳市 07-03 13:53 1015 3074
[166771] -1
[166772] 2
AukZKquxRCRluHCRrx 四川省简阳市 07-01 22:11 -> 山东省滕州市 07-01 23:00 149763 16960
AndtodefineAmeric 四川省简阳市 07-01 02:11 -> 山东省滕州市 07-01 04:56 464 62365
[166773] queue
[166778] 5396853
[166780] 897000
[166786] 1
Themakingofperfec 山西省阳泉市 08-09 00:42 -> 内蒙根河市 08-09 17:37 2011 39586
[166794] 3243474
[166799] 1
Andmenacingvoice 广东省顺德市 08-17 00:59 -> 广东省惠阳市 08-17 04:41 524 75099
[166806] 1
Withfingerpointing 吉林省桦甸市 08-22 10:05 -> 浙江省平湖市 08-23 05:55 443 10457
[166815] 1
TheFemaleequallyw 山西省大同市 07-30 03:24 -> 内蒙集宁市 07-31 04:32 4558 24546
[166823] 9414366
[166832] 2022343
[166842] Rope 暗索 kind.The.need@of.a 4
[166844] queue
[166853] -1
[166860] queue
[166861] 16181160
[166870] 549696
[166873] queue
[166883] BluePoison 蓝毒 and.narrowmindedness@become.mo 3
[166890] Skyfire 天火 in.every.country@To.the 4
[166896] 1
bards 四川省简阳市 08-23 11:04 -> 新疆哈密市 08-23 14:37 373 79471
[166900] 14868672
[166903] 1
ONESSELFISING 江苏省仪征市 06-13 20:47 -> 江苏省溧阳市 06-14 20:24 278 45810
[166911] -1
[166913] Skyfire 天火 in.every.country@To.the 4
[166917] queue
[166926] -1
[166928] 1076882
[166929] queue
[166936] 34122903
[166945] -1
[166954] -1
[166956] -1
[166962] queue
[166964] 1
YetutterthewordD 山西省长治市 07-11 19:36 -> 黑龙江省五大连池市 07-11 23:51 357 39871
[166971] 1
OfLifeimmenseinp 云南省玉溪市 08-02 04:06 -> 四川省江油市 08-02 09:33 431 83441
[166972] -1
[166975] 0
[166983] Weedy 温蒂 accomplished@wonders.far 1
[166984] 1
Themakingofperfec 福建省福鼎市 07-21 09:15 -> 内蒙根河市 07-21 17:37 973 39586
[166985] 396012
[166988] 25
[success] AndtodefineAmeric 四川省简阳市 07-24 02:11 -> 山东省滕州市 07-24 04:56 464 1635
[success] Andmenacingvoice 江西省赣州市 07-07 11:49 -> 吉林省吉林市 07-07 22:49 1662 13064
[success] onthee 贵州省清镇市 07-25 15:14 -> 浙江省平湖市 07-25 17:56 424 2352
[success] APhantomarosebefo 安徽省宣州市 08-14 10:39 -> 广东省江门市 08-14 12:34 346 204
[success] ThereforeIsendyou 福建省建瓯市 08-02 06:34 -> 福建省福州市 08-02 21:56 348 4492
[pending] LeavesofGrass 河北省霸州市 07-27 01:28 -> 黑龙江省齐齐哈尔市 07-27 06:17 716 3873
[pending] LeavesofGrass 湖南省汩罗市 08-27 21:58 -> 河北省霸州市 08-28 01:21 363 6091
[success] YetutterthewordD 浙江省嘉兴市 08-12 23:32 -> 浙江省富阳市 08-14 03:50 3567 4774
[pending] LeavesofGrass 浙江省上虞市 07-03 20:35 -> 广东省兴宁市 07-04 08:09 1874 10759
[success] Ofphysiologyfromt 浙江省余姚市 07-30 21:13 -> 云南省曲靖市 07-31 04:49 626 17718
[success] ASIponderdinsil 安徽省滁州市 06-08 13:24 -> 湖南省湘潭市 06-09 05:47 358 10328
[success] TOtheeoldcause 江苏省扬州市 08-06 18:47 -> 甘肃省平凉市 08-07 14:18 2313 10794
[success] Afterastrangesad 广东省花都市 07-15 05:11 -> 广西贵港市 07-15 11:07 304 11521
[pending] LeavesofGrass 江西省瑞昌市 07-10 15:27 -> 辽宁省沈阳市 07-11 13:53 3000 11327
[pending] LeavesofGrass 湖南省汩罗市 07-25 21:58 -> 黑龙江省齐齐哈尔市 07-26 06:17 1079 11339
[pending] TOFOREIGNLANDS 北京市 07-26 13:09 -> 江西省乐平市 07-26 17:49 247 21004
[success] LeavesofGrass 江西省瑞昌市 07-03 15:27 -> 广东省兴宁市 07-04 08:09 2472 171
[pending] LeavesofGrass 河北省霸州市 08-03 01:28 -> 浙江省湖州市 08-03 09:54 1357 9588
[success] LeavesofGrass 江西省瑞昌市 07-02 15:27 -> 四川省成都市 07-03 14:46 3460 4778
[success] LeavesofGrass 浙江省上虞市 08-05 20:35 -> 湖南省汩罗市 08-05 21:51 308 5201
[success] AndtodefineAmeric 四川省简阳市 06-14 02:11 -> 山东省滕州市 06-14 04:56 464 15773
[pending] LeavesofGrass 黑龙江省齐齐哈尔市 06-18 06:26 -> 广东省兴宁市 06-18 08:09 487 6905
[success] AndtodefineAmeric 四川省简阳市 06-10 02:11 -> 山东省滕州市 06-10 04:56 464 5765
[refunded] LeavesofGrass 浙江省上虞市 07-17 20:35 -> 湖南省张家界市 07-18 02:26 1069 6603
[success] LeavesofGrass 河北省霸州市 08-24 01:28 -> 浙江省湖州市 08-24 09:54 1357 116
[166996] 685344
[166998] 0
[167001] 1
itself 天津市 07-06 12:31 -> 海南省琼海市 07-06 14:13 246 25157
[167010] 1
Afterastrangesad 广西贵港市 07-03 11:10 -> 河南省荥阳市 07-03 12:36 199 60784
[167013] 1
ASIponderdinsil 安徽省滁州市 07-13 13:24 -> 天津市 07-14 16:14 778 61375
[167020] queue
[167026] 1
everwillbereally 广东省中山市 08-08 22:33 -> 新疆阿勒泰市 08-10 01:58 3571 20778
[167028] 1
Thouseethingprinci 辽宁省沈阳市 07-05 10:12 -> 山东省安丘市 07-05 16:17 886 19256
[167029] 646844
[167035] 11048946
[167040] 918917
[167042] -1
[167044] 15131244
[167054] 20
[success] itself 海南省琼海市 07-02 14:16 -> 广东省惠州市 07-02 20:21 543 688
[success] ThereforeIsendyou 福建省建瓯市 07-25 06:34 -> 四川省广汉市 07-25 11:55 17 3469
[pending] ThereforeIsendyou 福建省建瓯市 08-13 06:34 -> 四川省广汉市 08-13 11:55 17 3191
[success] AndtodefineAmeric 浙江省绍兴市 07-31 16:55 -> 山东省滕州市 08-01 04:56 962 200
[success] Withallitsangrya 安徽省六安市 07-28 08:32 -> 山东省即墨市 07-28 19:39 1973 501
[pending] LeavesofGrass 江西省瑞昌市 07-16 15:27 -> 辽宁省沈阳市 07-17 13:53 3000 6317
[pending] TOFOREIGNLANDS 广东省佛山市 07-28 05:26 -> 江西省乐平市 07-28 17:49 381 13948
[success] Thouseethingprinci 云南省个旧市 06-08 03:35 -> 吉林省梅河口市 06-08 17:38 2295 362
[success] ThereforeIsendyou 福建省建瓯市 07-31 06:34 -> 广东省茂名市 07-31 12:51 319 1959
[success] TOFOREIGNLANDS 广东省开平市 07-30 16:49 -> 北京市 07-31 13:05 755 773
[success] Thesechantsforthe 安徽省阜阳市 07-19 15:41 -> 河南省郑州市 07-19 17:56 342 14875
[success] LeavesofGrass 山东省栖霞市 06-27 16:01 -> 湖南省汩罗市 06-27 21:51 535 6581
[pending] LeavesofGrass 广东省兴宁市 07-08 08:14 -> 辽宁省沈阳市 07-08 13:53 528 596
[success] LeavesofGrass 湖南省汩罗市 06-13 21:58 -> 黑龙江省齐齐哈尔市 06-14 06:17 1079 1899
[success] TOFOREIGNLANDS 湖南省武冈市 07-04 01:58 -> 北京市 07-04 13:05 545 8342
[success] TOtheeoldcause 吉林省临江市 08-11 23:15 -> 山西省潞城市 08-11 23:46 493 3878
[success] LeavesofGrass 湖南省汩罗市 07-09 21:58 -> 浙江省湖州市 07-10 09:54 1720 10763
[success] TOFOREIGNLANDS 广东省佛山市 07-17 05:26 -> 北京市 07-17 13:05 134 16942
[success] LeavesofGrass 黑龙江省齐齐哈尔市 07-05 06:26 -> 辽宁省沈阳市 07-05 13:53 1015 641
[success] LeavesofGrass 湖南省汩罗市 08-21 21:58 -> 辽宁省沈阳市 08-22 13:53 2094 9689
[167059] 1
Ofphysiologyfromt 江苏省句容市 07-11 18:13 -> 北京市 07-11 19:35 466 74150
[167060] -1
[167069] Weedy 温蒂 accomplished@wonders.far 1
[167074] 1
bards 福建省邵武市 07-29 21:53 -> 江西省德兴市 07-30 11:58 1673 79471
[167077] 1
ASIponderdinsil 安徽省滁州市 06-08 13:24 -> 湖南省湘潭市 06-09 05:47 358 51047
[167084] queue
[167087] 1
Themakingofperfec 山东省海阳市 08-11 06:40 -> 山西省永济市 08-11 19:27 1809 39586
[167089] Rangers 巡林 direction.universal@interdepen 2
[167090] 29
[pending] AndtodefineAmeric 浙江省绍兴市 07-22 16:55 -> 四川省简阳市 07-23 02:06 498 15837
[success] LeavesofGrass 山东省栖霞市 08-06 16:01 -> 浙江省湖州市 08-07 09:54 2255 296
[pending] LeavesofGrass 黑龙江省齐齐哈尔市 07-19 06:26 -> 广东省兴宁市 07-19 08:09 487 10768
[pending] TOFOREIGNLANDS 广东省开平市 06-25 16:49 -> 广东省佛山市 06-26 05:20 621 9852
[success] TOFOREIGNLANDS 北京市 06-30 13:09 -> 江西省乐平市 06-30 17:49 247 9212
[success] Astomedirectingl 辽宁省锦州市 06-14 16:47 -> 山东省潍坊市 06-14 22:03 1097 13143
[success] LeavesofGrass 江西省瑞昌市 06-11 15:27 -> 山东省栖霞市 06-11 15:56 371 3192
[pending] LeavesofGrass 浙江省上虞市 08-12 20:35 -> 四川省成都市 08-13 14:46 2862 5714
[pending] LeavesofGrass 浙江省上虞市 08-25 20:35 -> 四川省成都市 08-26 14:46 2862 852
[pending] TOFOREIGNLANDS 湖南省武冈市 07-06 01:58 -> 北京市 07-06 13:05 545 20126
[pending] LeavesofGrass 浙江省上虞市 07-27 20:35 -> 广东省兴宁市 07-28 08:09 1874 10667
[success] ThereforeIsendyou 福建省建瓯市 07-28 06:34 -> 广东省茂名市 07-28 12:51 319 1937
[success] TOtheeoldcause 吉林省临江市 07-31 23:15 -> 河南省荥阳市 08-01 01:49 889 6730
[success] LeavesofGrass 湖南省汩罗市 07-28 21:58 -> 河北省霸州市 07-29 01:21 363 2029
[success] TOFOREIGNLANDS 北京市 07-09 13:09 -> 江西省乐平市 07-09 17:49 247 19044
[success] ThereforeIsendyou 福建省建瓯市 08-15 06:34 -> 福建省福州市 08-15 21:56 348 3597
[pending] LeavesofGrass 湖南省张家界市 07-10 02:32 -> 黑龙江省齐齐哈尔市 07-10 06:17 318 2895
[success] Theserecitativesfo 黑龙江省七台河市 07-10 08:12 -> 黑龙江省肇东市 07-10 22:05 1515 5054
[pending] TOFOREIGNLANDS 广东省开平市 07-26 16:49 -> 北京市 07-27 13:05 755 19860
[success] LeavesofGrass 湖南省张家界市 07-22 02:32 -> 四川省成都市 07-22 14:46 1793 6034
[pending] LeavesofGrass 江西省瑞昌市 06-26 15:27 -> 浙江省湖州市 06-27 09:54 2626 8452
[success] TOFOREIGNLANDS 广东省开平市 07-13 16:49 -> 北京市 07-14 13:05 755 5509
[success] whatyouwanted 湖南省郴州市 08-14 12:40 -> 河北省藁城市 08-15 02:12 732 19102
[pending] LeavesofGrass 湖南省张家界市 08-27 02:32 -> 四川省成都市 08-27 14:46 1793 5454
[success] TOFOREIGNLANDS 湖南省武冈市 07-03 01:58 -> 江西省乐平市 07-03 17:49 792 3666
[success] LeavesofGrass 江西省瑞昌市 06-26 15:27 -> 山东省栖霞市 06-26 15:56 371 7945
[success] TOFOREIGNLANDS 广东省佛山市 07-01 05:26 -> 北京市 07-01 13:05 134 11122
[success] LeavesofGrass 河北省霸州市 07-20 01:28 -> 四川省成都市 07-20 14:46 2191 9261
[success] LeavesofGrass 山东省栖霞市 07-31 16:01 -> 辽宁省沈阳市 08-01 13:53 2629 3231
[167091] 67
[pending] LeavesofGrass 江西省瑞昌市 06-08 15:27 -> 河北省霸州市 06-09 01:21 1269 9764
[pending] LeavesofGrass 山东省栖霞市 06-21 16:01 -> 四川省成都市 06-22 14:46 3089 4137
[pending] LeavesofGrass 湖南省张家界市 06-09 02:32 -> 浙江省湖州市 06-09 09:54 959 3133
[success] advanceinthisbook 广东省湛江市 07-20 12:23 -> 广东省揭阳市 07-20 17:05 964 973
[pending] TOFOREIGNLANDS 湖南省武冈市 07-07 01:58 -> 北京市 07-07 13:05 545 2824
[success] everwillbereally 山东省平度市 08-21 08:28 -> 浙江省嵊州市 08-21 15:37 1392 292
[pending] TOFOREIGNLANDS 广东省佛山市 07-29 05:26 -> 江西省乐平市 07-29 17:49 381 10292
[success] AndtodefineAmeric 浙江省绍兴市 07-05 16:55 -> 山东省滕州市 07-06 04:56 962 1300
[success] LeavesofGrass 湖南省汩罗市 08-13 21:58 -> 河北省霸州市 08-14 01:21 363 9205
[pending] LeavesofGrass 河北省霸州市 08-27 01:28 -> 黑龙江省齐齐哈尔市 08-27 06:17 716 6118
[success] TOFOREIGNLANDS 广东省开平市 06-27 16:49 -> 湖南省武冈市 06-28 01:51 210 13533
[pending] LeavesofGrass 浙江省上虞市 08-14 20:35 -> 浙江省湖州市 08-15 09:54 2028 3177
[pending] TOFOREIGNLANDS 湖南省武冈市 07-28 01:58 -> 北京市 07-28 13:05 545 12165
[success] whatyouwanted 河北省藁城市 08-16 02:20 -> 海南省通什市 08-16 12:23 649 17287
[pending] TOFOREIGNLANDS 广东省开平市 07-14 16:49 -> 江西省乐平市 07-15 17:49 1002 19018
[success] TOFOREIGNLANDS 广东省开平市 07-23 16:49 -> 广东省佛山市 07-24 05:20 621 1086
[success] ThereforeIsendyou 四川省广汉市 08-21 12:01 -> 福建省福州市 08-21 21:56 331 169
[pending] TOFOREIGNLANDS 广东省开平市 07-10 16:49 -> 江西省乐平市 07-11 17:49 1002 9283
[success] Withvastresultst 江苏省锡山市 07-25 19:35 -> 浙江省江山市 07-26 20:37 1215 3430
[success] Withvastresultst 北京市 08-19 01:07 -> 湖北省广水市 08-20 05:46 1512 6287
[pending] LeavesofGrass 浙江省上虞市 08-22 20:35 -> 辽宁省沈阳市 08-23 13:53 2402 1505
[success] AndtodefineAmeric 浙江省绍兴市 07-27 16:55 -> 山东省滕州市 07-28 04:56 962 1514
[pending] LeavesofGrass 广东省兴宁市 07-31 08:14 -> 辽宁省沈阳市 07-31 13:53 528 9159
[success] TOtheeoldcause 河北省黄骅市 08-01 20:43 -> 江苏省宜兴市 08-01 21:53 340 10634
[success] ThereforeIsendyou 福建省建瓯市 08-12 06:34 -> 广东省茂名市 08-12 12:51 319 5090
[success] Asawheelonitsax 湖北省黄冈市 07-10 08:12 -> 黑龙江省鸡西市 07-10 23:31 912 960
[success] TOtheeoldcause 福建省漳平市 08-17 20:31 -> 甘肃省平凉市 08-18 14:18 2244 10614
[success] ThereforeIsendyou 福建省建瓯市 07-29 06:34 -> 福建省福州市 07-29 21:56 348 1848
[success] LeavesofGrass 广东省兴宁市 08-08 08:14 -> 四川省成都市 08-08 14:46 988 1370
[pending] TOFOREIGNLANDS 广东省佛山市 07-06 05:26 -> 江西省乐平市 07-06 17:49 381 6573
[success] TOtheeoldcause 北京市 08-03 11:50 -> 河北省黄骅市 08-03 20:38 1402 6191
[success] LeavesofGrass 黑龙江省齐齐哈尔市 07-28 06:26 -> 四川省成都市 07-28 14:46 1475 2026
[success] LeavesofGrass 江西省瑞昌市 08-14 15:27 -> 湖南省张家界市 08-15 02:26 1667 3818
[pending] LeavesofGrass 山东省栖霞市 06-20 16:01 -> 浙江省湖州市 06-21 09:54 2255 4430
[success] ThereforeIsendyou 四川省广汉市 08-09 12:01 -> 福建省福州市 08-09 21:56 331 3546
[pending] TOFOREIGNLANDS 广东省开平市 07-26 16:49 -> 江西省乐平市 07-27 17:49 1002 22470
[success] ThereforeIsendyou 四川省广汉市 07-26 12:01 -> 福建省福州市 07-26 21:56 331 4948
[success] LeavesofGrass 浙江省湖州市 08-18 10:04 -> 辽宁省沈阳市 08-18 13:53 374 1835
[success] LeavesofGrass 江西省瑞昌市 06-30 15:27 -> 山东省栖霞市 06-30 15:56 371 9291
[success] Thesechantsforthe 湖南省常德市 07-31 11:43 -> 辽宁省沈阳市 07-31 21:56 1483 11171
[success] AndtodefineAmeric 浙江省绍兴市 07-07 16:55 -> 山东省滕州市 07-08 04:56 962 5793
[success] Withallitsangrya 黑龙江省富锦市 08-20 14:10 -> 山东省潍坊市 08-20 15:35 532 200
[success] whatyouwanted 广东省茂名市 07-27 22:58 -> 江西省景德镇市 07-28 15:52 1486 6950
[success] ThereforeIsendyou 广东省茂名市 08-24 13:00 -> 福建省福州市 08-24 21:56 29 4189
[success] TOFOREIGNLANDS 广东省佛山市 07-04 05:26 -> 北京市 07-04 13:05 134 11304
[success] Thouseethingprinci 安徽省宁国市 06-24 15:35 -> 北京市 06-24 23:46 1557 1908
[success] Theserecitativesfo 甘肃省张掖市 06-09 16:38 -> 四川省泸州市 06-10 01:40 1134 4982
[success] everwillbereally 广东省中山市 08-09 22:33 -> 河南省许昌市 08-10 20:39 3310 5379
[success] TOFOREIGNLANDS 北京市 07-23 13:09 -> 江西省乐平市 07-23 17:49 247 18116
[success] AndtodefineAmeric 浙江省绍兴市 06-18 16:55 -> 四川省简阳市 06-19 02:06 498 13962
[success] AndtodefineAmeric 浙江省绍兴市 06-10 16:55 -> 山东省滕州市 06-11 04:56 962 3152
[pending] LeavesofGrass 浙江省上虞市 06-23 20:35 -> 辽宁省沈阳市 06-24 13:53 2402 1927
[success] Afterastrangesad 海南省三亚市 06-19 10:05 -> 广西贵港市 06-19 11:07 238 7837
[pending] TOFOREIGNLANDS 广东省开平市 07-10 16:49 -> 江西省乐平市 07-11 17:49 1002 19009
[success] TOFOREIGNLANDS 广东省开平市 06-25 16:49 -> 湖南省武冈市 06-26 01:51 210 12669
[pending] LeavesofGrass 湖南省汩罗市 06-23 21:58 -> 黑龙江省齐齐哈尔市 06-24 06:17 1079 10843
[success] AwarOsoldiersno 山西省临汾市 07-28 20:26 -> 天津市 07-29 18:59 976 10554
[success] AndtodefineAmeric 浙江省绍兴市 07-30 16:55 -> 四川省简阳市 07-31 02:06 498 8829
[success] LeavesofGrass 黑龙江省齐齐哈尔市 06-19 06:26 -> 辽宁省沈阳市 06-19 13:53 1015 6955
[success] AndtodefineAmeric 四川省简阳市 07-29 02:11 -> 山东省滕州市 07-29 04:56 464 5675
[success] whatyouwanted 海南省通什市 07-16 12:29 -> 黑龙江省七台河市 07-16 15:26 496 18801
[success] LeavesofGrass 江西省瑞昌市 06-17 15:27 -> 浙江省上虞市 06-17 20:28 598 6005
[success] LeavesofGrass 山东省栖霞市 07-28 16:01 -> 四川省成都市 07-29 14:46 3089 5485
[success] LeavesofGrass 湖南省汩罗市 06-22 21:58 -> 湖南省张家界市 06-23 02:26 761 1266
[success] AndtodefineAmeric 四川省简阳市 07-25 02:11 -> 山东省滕州市 07-25 04:56 464 13612
[success] LeavesofGrass 浙江省上虞市 07-05 20:35 -> 四川省成都市 07-06 14:46 2862 6281
[success] TOFOREIGNLANDS 湖南省武冈市 07-30 01:58 -> 北京市 07-30 13:05 545 14629
[167099] Earthspirit 地灵 individual@nations.become 2
[167108] 1
Theserecitativesfo 河南省南阳市 07-09 16:08 -> 河南省林州市 07-09 17:55 643 35578
[167110] queue
[167113] NoirCorne 黑角 products.are@consumed.not 3
[167117] 1
Andmenacingvoice 湖北省孝感市 07-25 01:48 -> 吉林省和龙市 07-25 14:19 1974 75099
[167121] Spot 斑点 dislodged.by@new.industries 3
[167131] Savage 暴行 and.man.than@naked.selfinteres 4
[167137] 15427750
[167145] 1
ThereforeIsendyou 福建省建瓯市 08-20 06:34 -> 四川省广汉市 08-20 11:55 17 10484
[167150] Ceylon 锡兰 bourgeoisie@wherever.it 1
[167155] Mousse 慕斯 the.instruments@of.production 4
[167156] 1207792
[167158] 401886
[167160] 1
Withfingerpointing 广东省顺德市 06-26 20:00 -> 天津市 06-27 09:48 513 11381
[167164] 297984
[167168] 4337970
[167176] 1
bards 辽宁省阜新市 07-23 23:00 -> 浙江省温岭市 07-24 01:49 448 79471
[167186] May 梅梅 of.the.feudal@nobility.an 4
[167189] -1
[167194] -1
[167196] 59
[success] LeavesofGrass 江西省瑞昌市 08-01 15:27 -> 湖南省张家界市 08-02 02:26 1667 646
[pending] LeavesofGrass 江西省瑞昌市 06-19 15:27 -> 黑龙江省齐齐哈尔市 06-20 06:17 1985 4787
[pending] LeavesofGrass 山东省栖霞市 08-01 16:01 -> 浙江省湖州市 08-02 09:54 2255 2593
[pending] LeavesofGrass 黑龙江省齐齐哈尔市 07-01 06:26 -> 四川省成都市 07-01 14:46 1475 4676
[success] LeavesofGrass 浙江省上虞市 07-16 20:35 -> 四川省成都市 07-17 14:46 2862 870
[pending] LeavesofGrass 山东省栖霞市 08-11 16:01 -> 黑龙江省齐齐哈尔市 08-12 06:17 1614 3856
[success] AndtodefineAmeric 浙江省绍兴市 07-23 16:55 -> 四川省简阳市 07-24 02:06 498 10099
[pending] LeavesofGrass 山东省栖霞市 08-15 16:01 -> 黑龙江省齐齐哈尔市 08-16 06:17 1614 8765
[pending] AndtodefineAmeric 四川省简阳市 06-10 02:11 -> 山东省滕州市 06-10 04:56 464 11333
[success] Ithinkallwarthr 河南省驻马店市 08-06 03:13 -> 湖北省枝江市 08-06 13:13 450 13827
[success] whatyouwanted 黑龙江省黑河市 07-21 16:49 -> 海南省通什市 07-22 12:23 1209 10979
[pending] LeavesofGrass 河北省霸州市 06-15 01:28 -> 辽宁省沈阳市 06-15 13:53 1731 7851
[pending] TOFOREIGNLANDS 广东省开平市 07-18 16:49 -> 湖南省武冈市 07-19 01:51 210 18796
[success] LeavesofGrass 江西省瑞昌市 08-19 15:27 -> 山东省栖霞市 08-19 15:56 371 8938
[pending] LeavesofGrass 浙江省上虞市 07-04 20:35 -> 黑龙江省齐齐哈尔市 07-05 06:17 1387 5078
[success] ThereforeIsendyou 福建省建瓯市 08-16 06:34 -> 四川省广汉市 08-16 11:55 17 702
[pending] TOFOREIGNLANDS 广东省佛山市 07-12 05:26 -> 北京市 07-12 13:05 134 7973
[success] advanceinthisbook 湖南省永州市 08-15 14:36 -> 辽宁省沈阳市 08-15 15:44 215 5015
[success] Thesechantsforthe 江苏省姜堰市 07-14 20:16 -> 江苏省宿迁市 07-15 06:34 1074 4870
[success] LeavesofGrass 江西省瑞昌市 08-09 15:27 -> 浙江省上虞市 08-09 20:28 598 4780
[success] APhantomarosebefo 北京市 06-25 01:17 -> 广东省江门市 06-25 12:34 1841 282
[pending] TOFOREIGNLANDS 北京市 07-24 13:09 -> 江西省乐平市 07-24 17:49 247 16075
[success] Thoupeerlesspassi 浙江省宁波市 07-11 17:35 -> 山东省曲阜市 07-12 04:30 829 468
[success] LeavesofGrass 湖南省汩罗市 08-10 21:58 -> 湖南省张家界市 08-11 02:26 761 8305
[pending] LeavesofGrass 湖南省汩罗市 07-26 21:58 -> 广东省兴宁市 07-27 08:09 1566 9946
[pending] LeavesofGrass 山东省栖霞市 08-01 16:01 -> 四川省成都市 08-02 14:46 3089 11077
[success] Returninguponmypo 浙江省瑞安市 08-13 00:36 -> 新疆哈密市 08-13 08:05 428 6378
[pending] LeavesofGrass 山东省栖霞市 08-11 16:01 -> 黑龙江省齐齐哈尔市 08-12 06:17 1614 7976
[success] LeavesofGrass 湖南省汩罗市 07-29 21:58 -> 河北省霸州市 07-30 01:21 363 2016
[success] YetutterthewordD 湖北省丹江口市 07-26 09:36 -> 黑龙江省五大连池市 07-26 23:51 1910 8323
[pending] LeavesofGrass 江西省瑞昌市 07-10 15:27 -> 浙江省湖州市 07-11 09:54 2626 9988
[pending] LeavesofGrass 浙江省上虞市 07-24 20:35 -> 湖南省张家界市 07-25 02:26 1069 10163
[success] ONESSELFIsinga 贵州省清镇市 08-06 09:24 -> 四川省广汉市 08-06 20:38 848 2244
[success] LeavesofGrass 山东省栖霞市 07-05 16:01 -> 黑龙江省齐齐哈尔市 07-06 06:17 1614 7017
[success] Withvastresultst 江苏省锡山市 08-11 19:35 -> 内蒙霍林郭勒市 08-12 09:55 793 1452
[success] LeavesofGrass 山东省栖霞市 08-08 16:01 -> 湖南省汩罗市 08-08 21:51 535 2832
[refunded] LeavesofGrass 河北省霸州市 07-01 01:28 -> 湖南省张家界市 07-01 02:26 398 5773
[success] Thesechantsforthe 吉林省九台市 07-12 03:20 -> 江西省吉安市 07-12 23:26 2321 6116
[success] Thoupeerlesspassi 浙江省宁波市 07-13 17:35 -> 湖南省永州市 07-14 11:31 1774 1346
[success] whatyouwanted 黑龙江省黑河市 08-07 16:49 -> 海南省通什市 08-08 12:23 1209 3444
[success] TOFOREIGNLANDS 广东省开平市 06-29 16:49 -> 江西省乐平市 06-30 17:49 1002 8454
[success] AndtodefineAmeric 浙江省绍兴市 06-13 16:55 -> 山东省滕州市 06-14 04:56 962 14812
[success] AndtodefineAmeric 浙江省绍兴市 06-10 16:55 -> 四川省简阳市 06-11 02:06 498 15835
[success] TOFOREIGNLANDS 广东省佛山市 07-04 05:26 -> 北京市 07-04 13:05 134 15179
[success] AndtodefineAmeric 浙江省绍兴市 06-11 16:55 -> 四川省简阳市 06-12 02:06 498 9895
[success] AwarOsoldiersno 云南省保山市 08-06 16:08 -> 山西省临汾市 08-06 20:22 451 8512
[success] AndtodefineAmeric 浙江省绍兴市 07-09 16:55 -> 山东省滕州市 07-10 04:56 962 9490
[success] LeavesofGrass 江西省瑞昌市 07-31 15:27 -> 浙江省湖州市 08-01 09:54 2626 2931
[success] LeavesofGrass 浙江省上虞市 07-23 20:35 -> 辽宁省沈阳市 07-24 13:53 2402 4629
[success] LeavesofGrass 湖南省汩罗市 06-20 21:58 -> 辽宁省沈阳市 06-21 13:53 2094 1916
[success] TOFOREIGNLANDS 广东省开平市 07-11 16:49 -> 江西省乐平市 07-12 17:49 1002 17603
[success] ThereforeIsendyou 四川省广汉市 08-12 12:01 -> 福建省福州市 08-12 21:56 331 3694
[success] AndtodefineAmeric 浙江省绍兴市 06-15 16:55 -> 山东省滕州市 06-16 04:56 962 12140
[success] LeavesofGrass 山东省栖霞市 07-11 16:01 -> 湖南省张家界市 07-12 02:26 1296 2049
[success] LeavesofGrass 江西省瑞昌市 08-27 15:27 -> 山东省栖霞市 08-27 15:56 371 8727
[success] LeavesofGrass 山东省栖霞市 08-24 16:01 -> 河北省霸州市 08-25 01:21 898 665
[success] TOFOREIGNLANDS 广东省开平市 07-28 16:49 -> 北京市 07-29 13:05 755 4079
[success] LeavesofGrass 山东省栖霞市 07-09 16:01 -> 浙江省湖州市 07-10 09:54 2255 3845
[success] LeavesofGrass 江西省瑞昌市 07-12 15:27 -> 辽宁省沈阳市 07-13 13:53 3000 9882
[167197] Rope 暗索 kind.The.need@of.a 4
[167207] queue
[167209] 1
one 辽宁省北宁市 08-11 04:48 -> 湖南省株洲市 08-11 11:36 682 40522
[167219] -1
[167223] 1
onthee 贵州省清镇市 07-25 15:14 -> 浙江省平湖市 07-25 17:56 424 8425
[167228] 1
one 辽宁省北宁市 08-01 04:48 -> 湖南省株洲市 08-01 11:36 682 40503
[167231] queue
[167239] 4629515
[167246] 1
Ithinkallwarthr 河南省驻马店市 07-24 03:13 -> 湖北省枝江市 07-24 13:13 450 66986
[167247] 3025848
[167250] SilverAsh 银灰 satisfaction@the.products 4
[167251] 1
Withvastresultst 北京市 07-28 01:07 -> 四川省成都市 07-28 15:40 555 52872
[167253] Grani 格拉 now.open.fight@a.fight 1
[167262] 1
advanceinthisbook 福建省三明市 07-01 17:41 -> 黑龙江省五大连池市 07-02 08:09 1848 41181
[167263] 960344
[167271] Cliffheart 崖心 of.division@of.labour 1
[167276] -1
[167284] 1
ONESSELFISING 新疆阿克苏市 06-28 18:44 -> 江苏省溧阳市 06-29 20:24 699 42554
[167286] 255519
[167296] 2506458
[167305] 1
everwillbereally 四川省江油市 08-11 23:49 -> 山东省临清市 08-12 04:06 632 22582
[167315] Nightmare 夜魔 remotest.zones@industries.whos 2
[167316] 1
whatyouwanted 湖南省郴州市 07-28 12:40 -> 河北省藁城市 07-29 02:12 732 51709
[167319] 1
INCABINDSHIPSA 河南省济源市 07-21 04:46 -> 河南省孟州市 07-21 07:20 142 49627
[167323] 1
Asawheelonitsax 湖北省安陆市 07-15 20:49 -> 河北省衡水市 07-16 02:29 437 45169
[167324] -1
[167331] 1
Astomedirectingl 辽宁省锦州市 06-21 16:47 -> 辽宁省沈阳市 06-21 19:30 178 86468
[167333] 4646004
[167334] 1
Thousternremorsel 广东省茂名市 08-05 02:49 -> 北京市 08-05 03:37 393 47842
[167338] -1
[167345] 1
AwarOsoldiersno 云南省保山市 08-02 16:08 -> 黑龙江省双鸭山市 08-03 15:26 1123 66593
[167348] 0
[167353] 1
Theserecitativesfo 河南省南阳市 07-14 16:08 -> 新疆昌吉市 07-15 06:54 1949 36068
[167355] 1
ONESSELFIsinga 贵州省清镇市 07-27 09:24 -> 江西省吉安市 07-27 17:08 618 49644
[167362] 548208
[167372] 18778128
[167373] queue
[167375] 5621730
[167377] queue
[167382] Broca 布洛 conducted.expeditions@that.put 4
[167383] -1
[167387] 1
Thegeniusofpoets 江西省瑞金市 07-21 13:38 -> 辽宁省北票市 07-21 20:07 233 6859
[167396] queue
[167403] -1
[167407] 0
[167415] 3074154
[167425] 0
[167427] 34392
[167437] 2826474
[167446] Mayer 梅尔 division.of@labour.between 2
[167450] 152880
[167458] WaaiFu 槐琥 new.conditions@of.oppression 2
[167468] 1
OfLifeimmenseinp 安徽省界首市 07-31 23:53 -> 内蒙满洲里市 08-01 14:38 2625 78896
[167472] 3537177
[167482] 2
TheFemaleequallyw 北京市 08-18 06:35 -> 江苏省海门市 08-18 12:44 1272 23161
Thesechantsforthe 北京市 08-18 07:42 -> 江苏省海门市 08-19 03:40 2095 65145
[167490] Sideroca 铸铁 of.a.series@of.revolutions 2
[167496] 10228416
[167506] 1
LeavesofGrass 浙江省湖州市 07-01 10:04 -> 辽宁省沈阳市 07-01 13:53 374 33026
[167513] 6638400
[167520] queue
[167529] Sideroca 铸铁 of.a.series@of.revolutions 2
[167534] 7708386
[167536] 368403
[167545] 401801
[167547] 1
whatyouwanted 北京市 06-25 19:23 -> 浙江省温州市 06-26 20:10 2273 62678
[167554] -1
[167562] queue
[167569] queue
[167585] 0
[167594] -1
[167603] -1
[167606] 0
[167615] -1
[167617] -1
[167627] 0
[167635] 0
[167636] 0
[167644] -1
[167651] Vanilla 香草 distinguish@the.bourgeois 2
[167654] -1
[167657] 0
[167663] 0
[167666] 0
[167670] -1
[167672] 0
[167679] 0
[167688] -1
[167694] -1
[167704] 0
[167712] -1
[167718] -1
[167720] 0
[167726] -1
[167727] -1
[167731] -1
[167739] -1
[167745] -1
[167748] -1
[167752] 0
[167754] -1
[167760] -1
[167766] -1
[167767] -1
[167768] -1
[167773] -1
[167780] -1
[167784] 0
[167787] 0
[167795] -1
[167800] -1
[167805] -1
[167809] -1
[167815] 0
[167820] -1
[167829] 0
[167837] -1
[167839] 0
[167846] -1
[167847] -1
[167850] 0
[167860] 0
[167866] 0
[167872] -1
[167874] -1
[167880] -1
[167887] 21
[success] LeavesofGrass 山东省栖霞市 07-28 16:01 -> 黑龙江省齐齐哈尔市 07-29 06:17 1614 249
[success] Afterastrangesad 湖北省汉川市 07-29 12:00 -> 内蒙牙克石市 07-29 16:35 626 9202
[pending] TOFOREIGNLANDS 广东省开平市 07-30 16:49 -> 湖南省武冈市 07-31 01:51 210 14834
[success] OfLifeimmenseinp 吉林省集安市 07-30 03:01 -> 北京市 07-30 10:35 1387 3565
[success] AndtodefineAmeric 浙江省绍兴市 06-22 16:55 -> 四川省简阳市 06-23 02:06 498 14723
[success] onthee 湖北省宜昌市 08-15 06:24 -> 浙江省平湖市 08-15 17:56 855 537
[pending] LeavesofGrass 湖南省汩罗市 08-07 21:58 -> 广东省兴宁市 08-08 08:09 1566 8956
[success] LeavesofGrass 山东省栖霞市 07-29 16:01 -> 黑龙江省齐齐哈尔市 07-30 06:17 1614 807
[success] Withvastresultst 江苏省锡山市 07-13 19:35 -> 浙江省江山市 07-14 20:37 1215 8680
[success] AndtodefineAmeric 浙江省绍兴市 06-28 16:55 -> 山东省滕州市 06-29 04:56 962 2130
[success] LeavesofGrass 江西省瑞昌市 06-16 15:27 -> 四川省成都市 06-17 14:46 3460 8506
[success] LeavesofGrass 辽宁省沈阳市 08-21 14:00 -> 四川省成都市 08-21 14:46 460 3913
[success] ThereforeIsendyou 福建省建瓯市 08-21 06:34 -> 福建省福州市 08-21 21:56 348 952
[success] LeavesofGrass 浙江省上虞市 08-26 20:35 -> 湖南省汩罗市 08-26 21:51 308 10550
[success] AndtodefineAmeric 四川省简阳市 07-15 02:11 -> 山东省滕州市 07-15 04:56 464 15876
[success] LeavesofGrass 河北省霸州市 07-17 01:28 -> 广东省兴宁市 07-17 08:09 1203 4475
[success] LeavesofGrass 浙江省湖州市 08-02 10:04 -> 辽宁省沈阳市 08-02 13:53 374 8097
[success] LeavesofGrass 河北省霸州市 07-25 01:28 -> 浙江省湖州市 07-25 09:54 1357 11111
[success] LeavesofGrass 浙江省上虞市 06-16 20:35 -> 黑龙江省齐齐哈尔市 06-17 06:17 1387 1232
[success] LeavesofGrass 河北省霸州市 06-29 01:28 -> 黑龙江省齐齐哈尔市 06-29 06:17 716 8534
[success] LeavesofGrass 湖南省汩罗市 07-11 21:58 -> 黑龙江省齐齐哈尔市 07-12 06:17 1079 10561
[167890] Beehunter 猎蜂 State.exclusive@political.sway 1
[167899] 0
[167908] -1
[167909] 0
[167919] -1
[167926] -1
[167936] -1
[167938] 0
[167946] -1
[167956] -1
[167962] -1
[167970] bye
