[216284] -1
[216291] -1
[216299] -1
[216308] -1
[216318] -1
[216327] -1
[216330] -1
[216333] -1
[216337] -1
[216342] -1
[216343] -1
[216347] -1
[216357] -1
[216363] 0
[216372] -1
[216380] -1
[216387] -1
[216394] 0
[216398] -1
[216408] -1
[216413] -1
[216419] -1
[216429] -1
[216434] -1
[216442] -1
[216450] -1
[216453] -1
[216456] -1
[216458] -1
[216464] 0
[216471] -1
[216472] -1
[216479] -1
[216483] -1
[216487] -1
[216496] 0
[216506] -1
[216509] -1
[216517] -1
[216519] Sesa 慑砂 antiquated@before.they 1
[216523] -1
[216526] -1
[216534] -1
[216538] -1
[216541] -1
[216551] -1
[216553] -1
[216563] -1
[216568] 0
[216577] Texas 德克 In.one.word@for.exploitation 1
[216584] -1
[216586] -1
[216589] -1
[216597] -1
[216607] -1
[216609] -1
[216619] -1
[216624] Matterhorn 角峰 brutal.display@of.vigour 2
[216631] -1
[216636] -1
[216644] -1
[216648] -1
[216650] Shining 闪灵 of.a.series@of.revolutions 1
[216659] Hoshiguma 星熊 surpassing@Egyptian.pyramids 1
[216661] -1
[216670] ShiraYuki 白雪 has.greatly@increased.the 2
[216674] -1
[216679] -1
[216687] -1
[216692] -1
[216699] jMUyqfzeDwOik 幆彯啦年 one.frontier@and.one 2
[216706] -1
[216708] 0
[216715] -1
[216720] -1
[216724] -1
[216725] KBZaRvbyQyT 剓夲嗖 the.feet.of@industry.the 3
[216728] -1
[216732] Amiya 阿米 conducted.expeditions@that.put 2
[216740] ShiraYuki 白雪 has.greatly@increased.the 2
[216741] -1
[216749] -1
[216754] gpFaLBtSpeRyivwQeXGy 夲嘉 these.means@of.production 1
[216764] -1
[216774] -1
[216779] -1
[216788] 0
[216794] 0
[216800] QKoHnGujcnKjqgkeZEGU 宷嶒 the.absolute@monarchy.as 1
[216808] Beehunter 猎蜂 even.the.most@barbarian.nation 2
[216816] -1
[216819] -1
[216825] -1
[216832] -1
[216840] 0
[216844] -1
[216847] -1
[216855] Beagle 米格鲁 in.London.and@sketched.the 1
[216861] 0
[216863] -1
[216869] VxiaZOUemDj 別嶲埽企 every.quarter@of.the 1
[216879] TnjKjHWYPNWMmzi 倖忇应 exchange.on@whose.foundation 1
[216885] 0
[216894] 0
[216895] 16685468
[216898] Skadi 斯卡蒂 therefore.how@the.modern 2
[216903] 2
advanceinthisbook 北京市 07-19 21:51 -> 湖北省当阳市 07-20 01:08 596 51458
Theserecitativesfo 北京市 07-19 13:29 -> 湖北省当阳市 07-20 10:32 4868 60492
[216905] 8592453
[216911] -1
[216920] 10250826
[216930] 54
[success] LoItooamcomec 辽宁省大石桥市 08-04 10:08 -> 福建省福鼎市 08-04 18:53 566 18111
[success] advanceinthisbook 湖北省当阳市 07-15 01:15 -> 黑龙江省富锦市 07-15 05:25 587 5468
[success] Andmenacingvoice 湖北省石首市 07-31 05:41 -> 广东省化州市 07-31 12:06 1039 22591
[success] INSCRIPTIONS 山东省平度市 08-18 01:53 -> 天津市 08-18 06:58 471 8394
[success] Astomedirectingl 新疆和田市 06-20 18:46 -> 上海市 06-21 05:18 1340 6002
[pending] LeavesofGrass 黑龙江省佳木斯市 06-22 11:40 -> 湖北省孝感市 06-22 21:55 1155 6568
[pending] LeavesofGrass 黑龙江省鸡西市 07-02 13:01 -> 黑龙江省大庆市 07-02 19:30 588 17458
[success] OfLifeimmenseinp 黑龙江省鹤岗市 07-30 10:45 -> 内蒙临河市 07-30 16:51 461 5047
[pending] LeavesofGrass 山西省孝义市 06-08 08:08 -> 河南省辉县市 06-09 02:13 1702 15384
[pending] LeavesofGrass 湖北省孝感市 06-21 22:03 -> 河南省辉县市 06-22 02:13 144 7016
[pending] LeavesofGrass 浙江省慈溪市 06-18 03:15 -> 黑龙江省大庆市 06-18 19:30 1494 16304
[pending] LeavesofGrass 黑龙江省佳木斯市 06-17 11:40 -> 吉林省白山市 06-17 20:59 1013 2692
[success] LeavesofGrass 山东省济南市 06-20 16:58 -> 吉林省白山市 06-20 20:59 556 4574
[pending] LeavesofGrass 黑龙江省佳木斯市 07-06 11:40 -> 内蒙临河市 07-07 04:56 1633 12489
[pending] LeavesofGrass 山西省孝义市 07-06 08:08 -> 河南省辉县市 07-07 02:13 1702 3659
[pending] LeavesofGrass 山西省孝义市 07-09 08:08 -> 黑龙江省佳木斯市 07-09 11:34 403 10641
[success] LeavesofGrass 吉林省白山市 07-04 21:05 -> 河南省辉县市 07-05 02:13 286 629
[pending] LeavesofGrass 山西省孝义市 06-06 08:08 -> 内蒙临河市 06-07 04:56 2036 9503
[pending] INSCRIPTIONS 辽宁省庄河市 08-18 22:42 -> 天津市 08-20 06:58 1238 19738
[pending] LeavesofGrass 山东省济南市 06-29 16:58 -> 河南省辉县市 06-30 02:13 842 1228
[pending] INSCRIPTIONS 广西桂平市 07-11 07:35 -> 天津市 07-12 06:58 841 8083
[pending] INSCRIPTIONS 广西桂平市 08-03 07:35 -> 天津市 08-04 06:58 841 6212
[pending] LeavesofGrass 浙江省慈溪市 06-20 03:15 -> 内蒙临河市 06-21 04:56 2425 9501
[success] IHEARDthatyouask 山东省滨州市 08-05 15:28 -> 湖南省娄底市 08-06 01:55 773 161
[success] theMuseIsaythe 四川省邛崃市 08-21 00:47 -> 天津市 08-21 08:51 1289 8786
[success] Thesechantsforthe 天津市 07-05 09:42 -> 福建省福安市 07-05 16:52 934 12541
[pending] LeavesofGrass 内蒙海拉尔市 06-25 23:15 -> 黑龙江省佳木斯市 06-26 11:34 1101 6987
[success] ONESSELFISING 云南省开远市 07-29 17:46 -> 山东省昌邑市 07-30 16:15 3988 4023
[pending] LeavesofGrass 山西省孝义市 06-30 08:08 -> 内蒙临河市 07-01 04:56 2036 3749
[success] one 海南省通什市 08-29 06:55 -> 江苏省宜兴市 08-29 10:25 406 10827
[success] puzzletheNewWorld 河南省新密市 06-26 08:21 -> 四川省达州市 06-26 18:46 1058 7683
[success] ONESSELFISING 河北省沧州市 07-04 18:53 -> 甘肃省嘉峪关市 07-05 06:20 1936 19791
[success] Thouorbofmanyorb 广东省梅州市 08-13 16:05 -> 贵州省六盘水市 08-13 17:32 364 19247
[pending] LeavesofGrass 山东省济南市 07-07 16:58 -> 湖北省孝感市 07-07 21:55 698 4737
[success] AndtodefineAmeric 北京市 08-18 05:05 -> 广东省河源市 08-18 20:47 318 10671
[success] IHEARDthatyouask 天津市 08-19 04:45 -> 浙江省临安市 08-19 10:58 380 1705
[success] Afterastrangesad 北京市 06-21 23:36 -> 新疆喀什市 06-22 12:29 1718 4002
[success] one 福建省龙海市 08-21 00:19 -> 海南省通什市 08-21 06:47 1803 1124
[success] Theserecitativesfo 广西玉林市 07-06 17:16 -> 浙江省桐乡市 07-07 09:31 3157 7710
[success] TOTHEEOLDCAUSE 辽宁省阜新市 07-16 11:17 -> 山西省汾阳市 07-16 21:18 326 11977
[success] Withallitsangrya 湖北省利川市 07-20 04:45 -> 湖南省株洲市 07-20 12:53 1042 223
[pending] LeavesofGrass 广东省揭阳市 07-01 04:33 -> 湖北省孝感市 07-01 21:55 1866 8072
[success] AndtodefineAmeric 北京市 08-02 05:05 -> 广东省河源市 08-02 20:47 318 8414
[pending] LeavesofGrass 黑龙江省鸡西市 06-06 13:01 -> 黑龙江省大庆市 06-06 19:30 588 2473
[success] INSCRIPTIONS 辽宁省庄河市 07-10 22:42 -> 山东省平度市 07-12 01:49 767 7137
[success] LeavesofGrass 黑龙江省大庆市 07-01 19:34 -> 河南省辉县市 07-02 02:13 597 14974
[success] LeavesofGrass 广东省揭阳市 06-22 04:33 -> 黑龙江省大庆市 06-22 19:30 1413 4135
[pending] LeavesofGrass 浙江省慈溪市 07-02 03:15 -> 山东省济南市 07-02 16:51 1249 9494
[pending] LeavesofGrass 广东省揭阳市 06-27 04:33 -> 湖北省孝感市 06-27 21:55 1866 3647
[success] INSCRIPTIONS 山东省平度市 08-19 01:53 -> 天津市 08-19 06:58 471 4629
[success] LeavesofGrass 浙江省慈溪市 06-17 03:15 -> 山东省济南市 06-17 16:51 1249 11617
[success] IHEARDthatyouask 广东省台山市 07-05 16:07 -> 湖南省娄底市 07-06 01:55 320 180
[success] LeavesofGrass 黑龙江省鸡西市 06-13 13:01 -> 山东省济南市 06-13 16:51 343 998
[success] LeavesofGrass 吉林省白山市 06-16 21:05 -> 内蒙临河市 06-17 04:56 620 17612
[216938] 1
Knowstthounotthe 广东省河源市 06-14 00:06 -> 河南省焦作市 06-14 14:28 114 53268
[216943] -1
[216946] 1229560
[216951] 1
everwillbereally 河南省平顶山市 07-27 18:00 -> 广西柳州市 07-27 23:05 171 77404
[216954] Beagle 米格鲁 in.London.and@sketched.the 1
[216964] KDZDcWktOhwZIWvizmU 卆忸堈坏 intellectual@creations.of 1
[216968] 13059318
[216975] -1
[216982] 1
advanceinthisbook 湖南省临湘市 07-07 16:12 -> 陕西省汉中市 07-08 05:10 1194 51458
[216988] 4782990
[216991] 1
INcabindshipsat 河北省冀州市 08-11 20:44 -> 内蒙丰镇市 08-12 00:32 286 81926
[217000] -1
[217007] 1
bards 辽宁省沈阳市 08-21 22:14 -> 江苏省常州市 08-22 03:56 1418 43034
[217008] 1
IHEARDthatyouask 浙江省临安市 07-08 11:03 -> 山东省滨州市 07-08 15:18 139 14771
[217013] 1
TheModernManIsin 云南省昆明市 07-23 15:55 -> 天津市 07-24 06:00 938 58264
[217015] 1
IHEARDthatyouask 天津市 08-12 04:45 -> 吉林省长春市 08-12 08:48 106 21405
[217023] -1
[217032] Fang 芬芬 this.spectre@Pope.and 4
[217036] -1
[217042] 31311552
[217045] -1
[217054] -1
[217064] -1
[217066] 1302714
[217068] -1
[217073] 6689760
[217083] -1
[217089] 1
Ofphysiologyfromt 内蒙二连浩特市 07-31 00:06 -> 山东省莱阳市 07-31 10:17 1323 65277
[217093] 1
Wagedinmybookwit 浙江省永康市 08-03 12:06 -> 青海省西宁市 08-03 23:27 1292 50968
[217103] 0
[217109] 1
one 安徽省巢湖市 08-18 01:27 -> 山东省淄博市 08-18 02:58 319 65881
[217111] 1
Aroundtheideaoft 吉林省珲春市 07-29 11:05 -> 湖北省丹江口市 07-29 17:14 134 13656
[217121] 1
Ofphysiologyfromt 山西省运城市 07-25 19:57 -> 黑龙江省鸡西市 07-26 03:59 665 55446
[217125] -1
[217135] 1
Thousternremorsel 云南省开远市 06-27 12:18 -> 广东省增城市 06-27 14:43 262 20078
[217144] 9747175
[217149] 1794741
[217153] 1
Andmenacingvoice 内蒙霍林郭勒市 06-26 18:06 -> 河南省新郑市 06-26 19:52 22 97769
[217154] 1
BeitsothenIans 浙江省宁波市 08-23 14:01 -> 云南省思茅市 08-23 23:15 152 3538
[217160] 0
[217161] 9856906
[217163] 1
Thegeniusofpoets 湖北省潜江市 08-18 13:49 -> 山东省济宁市 08-19 03:00 877 69186
[217169] -1
[217174] -1
[217175] 1785544
[217179] 1
Astomedirectingl 新疆和田市 06-20 18:46 -> 贵州省凯里市 06-21 11:15 2173 70790
[217181] 9891936
[217188] 2840322
[217194] 2329168
[217199] -1
[217200] -1
[217207] 1
OfLifeimmenseinp 福建省建阳市 07-06 13:37 -> 山东省临清市 07-06 18:04 523 25073
[217209] 5787900
[217217] -1
[217223] 0
[217225] -1
[217231] -1
[217233] 0
[217237] 0
[217245] ICGVpzsdfYUUCy 嚴圳嘤匬 whole.populations@conjured.out 1
[217248] -1
[217255] 0
[217259] 1
INSCRIPTIONS 辽宁省庄河市 07-19 22:42 -> 广西桂平市 07-20 07:25 397 58291
[217269] 1
onthee 江苏省泰兴市 08-01 13:35 -> 山东省滨州市 08-02 04:17 1155 45316
[217277] 1
Astomedirectingl 湖北省广水市 06-25 07:51 -> 上海市 06-26 05:18 2275 76792
[217282] -1
[217285] 1
TheFemaleequallyw 黑龙江省双城市 07-05 05:00 -> 安徽省六安市 07-05 19:59 223 31363
[217291] 1544829
[217294] Cliffheart 崖心 opponents.in@power.Where 3
[217296] -1
[217304] -1
[217310] 1
Ithinkallwarthr 河北省邯郸市 06-25 02:21 -> 贵州省铜仁市 06-25 15:45 824 51915
[217320] 1
onthee 北京市 08-15 09:52 -> 河南省焦作市 08-15 17:56 901 44299
[217328] -1
[217336] 2500272
[217339] -1
[217340] queue
[217344] 1367874
[217352] -1
[217361] 2761460
[217365] 0
[217373] queue
[217376] 2080221
[217379] 1
Deathlessthroughout 湖南省张家界市 06-15 12:48 -> 江苏省高邮市 06-15 17:21 611 43088
[217382] -1
[217385] 2181872
[217391] Vulcan 火神 science.into@its.paid 1
[217399] 2159538
[217403] -1
[217413] 0
[217416] 0
[217417] -1
[217423] 1
Farfarmorestood 安徽省贵池市 06-29 20:51 -> 北京市 06-30 02:43 631 67803
[217424] 5292
[217430] 1
INcabindshipsat 福建省泉州市 08-06 22:44 -> 河南省平顶山市 08-08 01:37 3498 81926
[217435] 1
ASIponderdinsil 安徽省黄山市 06-21 13:21 -> 河北省南宫市 06-21 17:35 663 93623
[217437] 1
itself 广东省澄海市 08-10 17:10 -> 江西省南昌市 08-11 08:46 1335 87644
[217442] 3421728
[217444] -1
[217453] -1
[217463] -1
[217468] 2455384
[217474] 602855
[217478] 1
bards 辽宁省沈阳市 08-20 22:14 -> 四川省都江堰市 08-20 23:35 75 43034
[217481] -1
[217484] 461700
[217494] 1
theMuseIsaythe 北京市 07-03 09:24 -> 山西省河津市 07-04 05:59 3333 58743
[217500] -1
[217501] -1
[217511] -1
[217512] -1
[217513] 1
ItoohaughtyShade 内蒙扎兰屯市 06-03 22:38 -> 青海省西宁市 06-04 01:05 215 64126
[217515] 3239538
[217517] -1
[217520] 14
[success] LEAVESOFGRASS 湖南省岳阳市 07-12 05:08 -> 北京市 07-12 20:47 2703 11584
[pending] INSCRIPTIONS 广西桂平市 07-12 07:35 -> 山东省平度市 07-13 01:49 370 18610
[pending] LeavesofGrass 山西省孝义市 07-08 08:08 -> 黑龙江省大庆市 07-08 19:30 1105 9683
[pending] LeavesofGrass 黑龙江省大庆市 06-17 19:34 -> 吉林省白山市 06-17 20:59 311 1916
[pending] LeavesofGrass 广东省揭阳市 06-15 04:33 -> 黑龙江省大庆市 06-15 19:30 1413 16348
[pending] LeavesofGrass 山西省孝义市 06-11 08:08 -> 山东省济南市 06-11 16:51 860 9872
[success] INSCRIPTIONS 辽宁省庄河市 07-30 22:42 -> 安徽省淮北市 07-31 15:48 596 1915
[success] INSCRIPTIONS 山东省平度市 07-11 01:53 -> 天津市 07-11 06:58 471 11297
[success] INSCRIPTIONS 辽宁省庄河市 08-17 22:42 -> 安徽省淮北市 08-18 15:48 596 149
[success] LeavesofGrass 河南省辉县市 06-10 02:21 -> 内蒙临河市 06-10 04:56 334 11922
[pending] LeavesofGrass 山东省济南市 07-09 16:58 -> 吉林省白山市 07-09 20:59 556 5464
[success] INSCRIPTIONS 辽宁省庄河市 08-19 22:42 -> 广西桂平市 08-20 07:25 397 10585
[success] LeavesofGrass 内蒙海拉尔市 06-30 23:15 -> 山西省孝义市 07-01 07:58 698 5368
[pending] LeavesofGrass 黑龙江省佳木斯市 06-06 11:40 -> 黑龙江省大庆市 06-06 19:30 702 9700
[217528] 5850927
[217531] 0
[217541] 18699230
[217548] 29
[success] AwarOsoldiersno 辽宁省沈阳市 08-11 15:37 -> 河北省保定市 08-11 20:01 417 14031
[pending] INSCRIPTIONS 安徽省淮北市 07-21 15:57 -> 天津市 07-22 06:58 642 3996
[success] IHEARDthatyouask 山东省滨州市 07-01 15:28 -> 吉林省舒兰市 07-01 21:49 507 3047
[success] Thouorbofmanyorb 江苏省宿迁市 07-15 01:32 -> 天津市 07-15 09:59 708 8175
[success] Thesechantsforthe 辽宁省营口市 07-10 14:09 -> 山东省胶州市 07-10 18:09 202 14061
[success] puzzletheNewWorld 河南省新密市 07-21 08:21 -> 陕西省咸阳市 07-21 09:07 221 8121
[success] AwarOsoldiersno 辽宁省沈阳市 07-18 15:37 -> 河北省保定市 07-18 20:01 417 11470
[success] Forlifeanddeath 山东省枣庄市 08-06 00:30 -> 广西北流市 08-06 01:48 118 10420
[pending] INSCRIPTIONS 辽宁省庄河市 07-21 22:42 -> 山东省平度市 07-23 01:49 767 17232
[success] Thesechantsforthe 山东省胶州市 06-11 18:14 -> 湖北省恩施市 06-11 21:05 92 7231
[success] INSCRIPTIONS 山东省平度市 08-07 01:53 -> 天津市 08-07 06:58 471 20469
[pending] LeavesofGrass 吉林省白山市 06-11 21:05 -> 内蒙临河市 06-12 04:56 620 10238
[pending] LeavesofGrass 吉林省白山市 07-06 21:05 -> 河南省辉县市 07-07 02:13 286 17612
[pending] INSCRIPTIONS 安徽省淮北市 07-20 15:57 -> 天津市 07-21 06:58 642 5739
[success] LeavesofGrass 黑龙江省大庆市 06-23 19:34 -> 河南省辉县市 06-24 02:13 597 14104
[pending] INSCRIPTIONS 辽宁省庄河市 07-20 22:42 -> 天津市 07-22 06:58 1238 11327
[success] Afterastrangesad 湖北省天门市 06-10 09:58 -> 新疆喀什市 06-10 12:29 379 2921
[success] Thousternremorsel 云南省开远市 07-24 12:18 -> 江苏省武进市 07-24 19:29 390 1435
[success] Ithinkallwarthr 贵州省贵阳市 07-03 21:22 -> 山西省介休市 07-04 05:42 852 95
[success] OfLifeimmenseinp 安徽省宣州市 07-20 03:32 -> 内蒙临河市 07-20 16:51 2609 4688
[success] IHEARDthatyouask 天津市 08-01 04:45 -> 吉林省舒兰市 08-01 21:49 1026 4628
[refunded] IHEARDthatyouask 天津市 07-24 04:45 -> 广东省台山市 07-24 16:01 972 2362
[success] everwillbereally 浙江省慈溪市 08-05 11:23 -> 河南省平顶山市 08-05 17:51 429 11767
[pending] LeavesofGrass 黑龙江省佳木斯市 07-04 11:40 -> 黑龙江省大庆市 07-04 19:30 702 13182
[success] puzzletheNewWorld 四川省达州市 07-17 18:55 -> 广西百色市 07-18 01:47 630 3151
[success] TOtheeoldcause 黑龙江省五常市 07-03 21:23 -> 黑龙江省哈尔滨市 07-04 09:46 2245 9179
[success] INSCRIPTIONS 辽宁省庄河市 08-17 22:42 -> 广西桂平市 08-18 07:25 397 17352
[pending] LeavesofGrass 吉林省白山市 06-06 21:05 -> 内蒙临河市 06-07 04:56 620 16201
[success] AndtodefineAmeric 广东省河源市 08-20 20:55 -> 江苏省淮安市 08-21 01:21 438 3009
[217550] -1
[217553] 1
Andmenacingvoice 福建省武夷山市 08-04 14:34 -> 安徽省芜湖市 08-04 15:39 197 97769
[217556] 1
bards 宁夏青铜峡市 08-16 00:21 -> 江苏省常州市 08-16 03:56 901 43034
[217564] -1
[217573] -1
[217577] 12871854
[217579] 4425939
[217588] 2552261
[217590] 3253670
[217598] -1
[217606] -1
[217613] 45
[success] AndtodefineAmeric 北京市 08-07 05:05 -> 广东省河源市 08-07 20:47 318 6791
[success] IHEARDthatyouask 山东省滨州市 08-15 15:28 -> 吉林省舒兰市 08-15 21:49 507 4103
[success] INSCRIPTIONS 山东省平度市 08-13 01:53 -> 天津市 08-13 06:58 471 18243
[success] LoItooamcomec 浙江省临安市 07-18 05:14 -> 新疆乌鲁木齐市 07-18 13:57 1028 16231
[success] INSCRIPTIONS 广西桂平市 07-21 07:35 -> 安徽省淮北市 07-21 15:48 199 9152
[success] INSCRIPTIONS 山东省平度市 07-19 01:53 -> 天津市 07-19 06:58 471 6402
[success] INSCRIPTIONS 广西桂平市 08-11 07:35 -> 山东省平度市 08-12 01:49 370 2314
[success] INSCRIPTIONS 广西桂平市 08-04 07:35 -> 天津市 08-05 06:58 841 2253
[success] AwarOsoldiersno 辽宁省沈阳市 07-08 15:37 -> 黑龙江省鹤岗市 07-09 09:15 739 7815
[success] LeavesofGrass 黑龙江省大庆市 07-04 19:34 -> 湖北省孝感市 07-04 21:55 453 17341
[pending] LeavesofGrass 浙江省慈溪市 06-24 03:15 -> 黑龙江省佳木斯市 06-24 11:34 792 5857
[pending] LeavesofGrass 山东省济南市 06-17 16:58 -> 吉林省白山市 06-17 20:59 556 17575
[success] IHEARDthatyouask 山东省滨州市 07-22 15:28 -> 广东省台山市 07-22 16:01 453 3012
[success] LeavesofGrass 广东省揭阳市 06-16 04:33 -> 山东省济南市 06-16 16:51 1168 8212
[success] INSCRIPTIONS 安徽省淮北市 07-22 15:57 -> 天津市 07-23 06:58 642 4148
[pending] LeavesofGrass 黑龙江省鸡西市 06-23 13:01 -> 内蒙临河市 06-24 04:56 1519 10235
[success] IHEARDthatyouask 浙江省临安市 08-18 11:03 -> 广东省台山市 08-18 16:01 592 5364
[pending] LeavesofGrass 吉林省白山市 06-19 21:05 -> 河南省辉县市 06-20 02:13 286 15990
[pending] LeavesofGrass 内蒙海拉尔市 06-21 23:15 -> 吉林省白山市 06-22 20:59 2114 10888
[success] puzzletheNewWorld 辽宁省灯塔市 07-01 05:44 -> 海南省万宁市 07-01 23:27 1448 16300
[success] INSCRIPTIONS 广西桂平市 07-10 07:35 -> 安徽省淮北市 07-10 15:48 199 5194
[pending] LeavesofGrass 山西省孝义市 07-08 08:08 -> 湖北省孝感市 07-08 21:55 1558 1771
[success] Ithinkallwarthr 湖南省涟源市 06-27 16:58 -> 贵州省铜仁市 06-28 15:45 1849 4602
[success] INSCRIPTIONS 广西桂平市 08-11 07:35 -> 安徽省淮北市 08-11 15:48 199 3287
[success] IHEARDthatyouask 吉林省长春市 07-30 08:52 -> 四川省江油市 07-31 00:41 963 2925
[success] advanceinthisbook 黑龙江省富锦市 06-28 05:28 -> 重庆市 06-28 11:22 481 11640
[success] puzzletheNewWorld 海南省万宁市 07-02 23:30 -> 山东省烟台市 07-02 23:52 132 9363
[pending] INSCRIPTIONS 广西桂平市 07-10 07:35 -> 天津市 07-11 06:58 841 18424
[success] IHEARDthatyouask 吉林省长春市 08-05 08:52 -> 山东省滨州市 08-05 15:18 413 3613
[success] INSCRIPTIONS 广西桂平市 07-14 07:35 -> 安徽省淮北市 07-14 15:48 199 4210
[success] INSCRIPTIONS 广西桂平市 07-11 07:35 -> 天津市 07-12 06:58 841 14280
[success] puzzletheNewWorld 陕西省咸阳市 07-18 09:13 -> 山东省烟台市 07-18 23:52 1070 5022
[pending] LeavesofGrass 山西省孝义市 06-28 08:08 -> 吉林省白山市 06-28 20:59 1416 8576
[success] IHEARDthatyouask 浙江省临安市 07-25 11:03 -> 四川省江油市 07-26 00:41 689 5901
[success] INSCRIPTIONS 安徽省淮北市 07-22 15:57 -> 天津市 07-23 06:58 642 16630
[pending] LeavesofGrass 山西省孝义市 06-30 08:08 -> 内蒙临河市 07-01 04:56 2036 14674
[pending] LeavesofGrass 黑龙江省鸡西市 06-08 13:01 -> 山东省济南市 06-08 16:51 343 12346
[success] LeavesofGrass 黑龙江省大庆市 06-30 19:34 -> 吉林省白山市 06-30 20:59 311 16317
[success] LeavesofGrass 内蒙海拉尔市 06-09 23:15 -> 浙江省慈溪市 06-10 03:08 309 17723
[success] INSCRIPTIONS 辽宁省庄河市 08-03 22:42 -> 广西桂平市 08-04 07:25 397 12967
[success] LeavesofGrass 山东省济南市 06-26 16:58 -> 湖北省孝感市 06-26 21:55 698 6546
[success] LeavesofGrass 黑龙江省佳木斯市 06-08 11:40 -> 黑龙江省大庆市 06-08 19:30 702 10977
[success] LeavesofGrass 内蒙海拉尔市 06-21 23:15 -> 山西省孝义市 06-22 07:58 698 5212
[success] LeavesofGrass 湖北省孝感市 07-03 22:03 -> 河南省辉县市 07-04 02:13 144 3687
[success] LeavesofGrass 浙江省慈溪市 06-09 03:15 -> 吉林省白山市 06-09 20:59 1805 1475
[217621] queue
[217628] -1
[217638] 2
OfLifeimmenseinp 黑龙江省鸡西市 07-08 08:14 -> 内蒙临河市 07-08 16:51 1412 25073
LeavesofGrass 黑龙江省鸡西市 07-08 13:01 -> 内蒙临河市 07-09 04:56 1519 436
[217641] 1
AndtodefineAmeric 北京市 07-17 05:05 -> 广东省河源市 07-17 20:47 318 34006
[217642] 0
[217646] queue
[217653] 1
Withvastresultst 辽宁省灯塔市 08-05 04:37 -> 福建省龙岩市 08-05 10:01 842 78113
[217660] -1
[217665] -1
[217670] 1
Thesechantsforthe 天津市 07-02 09:42 -> 福建省福安市 07-02 16:52 934 59968
[217674] -1
[217682] -1
[217692] 1
Withallitsangrya 江西省九江市 07-08 08:53 -> 安徽省宿州市 07-09 00:20 2352 2882
[217694] -1
[217704] 0
[217710] 1
Withallitsangrya 山东省即墨市 07-11 18:58 -> 河北省新乐市 07-11 19:54 479 3709
[217717] -1
[217721] McGiraFHLj 堫北娠 country.we@find.new 1
[217722] 1
TOtheeoldcause 黑龙江省宁安市 08-06 17:08 -> 黑龙江省哈尔滨市 08-07 09:46 2776 87484
[217728] 35240
[217735] zxcNjvGhrWySvG 係匪妀弮 to.capitulate@It.compels 1
[217738] -1
[217748] Bagpipe 风笛 into.civilisation@The.cheap 2
[217756] 226047
[217761] 1
Thesechantsforthe 湖北省恩施市 06-17 21:15 -> 甘肃省西峰市 06-17 22:31 288 47391
[217766] 0
[217773] 1
TheFemaleequallyw 河北省藁城市 07-15 03:45 -> 安徽省六安市 07-15 19:59 513 46882
[217775] 1
TheModernManIsin 陕西省西安市 06-20 11:40 -> 云南省昆明市 06-20 15:45 524 62222
[217784] 1
Theserecitativesfo 四川省邛崃市 07-18 09:43 -> 甘肃省武威市 07-18 20:59 2271 46322
[217786] 582920
[217789] 1446270
[217793] 1330840
[217799] 1
Deathlessthroughout 辽宁省凤城市 06-10 19:58 -> 四川省绵阳市 06-11 13:08 2415 43088
[217807] -1
[217814] 1
Withfingerpointing 湖北省应城市 07-21 11:27 -> 新疆库尔勒市 07-22 00:20 1077 92164
[217815] -1
[217824] 1
LeavesofGrass 广东省揭阳市 06-15 04:33 -> 黑龙江省佳木斯市 06-15 11:34 711 5082
[217827] 1
onthee 山西省原平市 08-05 12:19 -> 甘肃省平凉市 08-05 12:58 76 58697
[217828] 1077250
[217836] -1
[217839] 1
Aroundtheideaoft 湖北省丹江口市 06-21 17:18 -> 安徽省桐城市 06-21 19:03 262 16386
[217845] 1
puzzletheNewWorld 陕西省咸阳市 07-01 09:13 -> 河南省驻马店市 07-01 15:17 572 11817
[217852] 1
Cheerfulforfreest 新疆库尔勒市 07-12 09:09 -> 福建省南平市 07-12 19:48 1135 73847
[217856] 1
Cheerfulforfreest 福建省福安市 07-28 07:47 -> 甘肃省天水市 07-28 16:42 1139 58135
[217865] -1
[217869] HDczNhUOeGFiCSaljN 乆仳冾哉嗠 and.manufacturing@industry.in 2
[217872] Cardigan 卡缇 has.stripped@of.its 4
[217880] -1
[217884] 1
TheModernManIsin 山东省蓬莱市 07-10 12:46 -> 湖南省岳阳市 07-11 01:08 282 75527
[217888] 1
everwillbereally 浙江省慈溪市 07-20 11:23 -> 广西柳州市 07-20 23:05 600 79002
[217894] 1
itself 广东省澄海市 06-20 17:10 -> 湖北省老河口市 06-20 22:37 610 89048
[217903] 0
[217904] queue
[217910] -1
[217918] 1
ONESSELFISING 浙江省衢州市 07-10 02:29 -> 广东省高州市 07-10 07:48 998 81585
[217924] queue
[217931] 1
IHEARDthatyouask 浙江省临安市 08-05 11:03 -> 山东省滨州市 08-05 15:18 139 20885
[217938] 1
Asawheelonitsax 江苏省苏州市 06-24 04:18 -> 黑龙江省北安市 06-24 14:32 632 72205
[217942] 1
Thousternremorsel 天津市 06-24 00:52 -> 内蒙东胜市 06-24 09:48 353 24953
[217944] 0
[217948] 694088
[217957] 1
Aroundtheideaoft 湖北省丹江口市 07-18 17:18 -> 安徽省桐城市 07-18 19:03 262 16386
[217963] -1
[217973] 1
ASIponderdinsil 广西钦州市 06-15 11:55 -> 安徽省滁州市 06-16 06:07 3113 80197
[217974] 1
Withfingerpointing 四川省成都市 07-28 13:42 -> 山东省龙口市 07-29 01:26 1005 92164
[217983] queue
[217985] -1
[217995] -1
[217999] Sideroca 铸铁 the.heavy.artillery@with.which 1
[218006] Steward 史都 globe.It.must@nestle.everywher 4
[218009] -1
[218016] queue
[218023] -1
[218025] 1
Astomedirectingl 湖北省广水市 07-07 07:51 -> 山东省招远市 07-08 00:56 1963 76792
[218028] 2362572
[218036] 0
[218042] 71
[success] IHEARDthatyouask 天津市 08-13 04:45 -> 吉林省长春市 08-13 08:48 106 6548
[success] Theserecitativesfo 四川省邛崃市 07-03 09:43 -> 广东省澄海市 07-03 17:52 1455 994
[success] Thegeniusofpoets 湖北省潜江市 07-22 13:49 -> 山东省济宁市 07-23 03:00 877 3710
[success] everwillbereally 河南省平顶山市 08-17 18:00 -> 广西柳州市 08-17 23:05 171 2700
[success] INSCRIPTIONS 辽宁省庄河市 07-31 22:42 -> 安徽省淮北市 08-01 15:48 596 3908
[success] INSCRIPTIONS 安徽省淮北市 08-18 15:57 -> 天津市 08-19 06:58 642 15408
[pending] INSCRIPTIONS 辽宁省庄河市 08-05 22:42 -> 山东省平度市 08-07 01:49 767 9602
[pending] INSCRIPTIONS 山东省平度市 08-09 01:53 -> 天津市 08-09 06:58 471 5657
[success] Deathlessthroughout 辽宁省凤城市 06-13 19:58 -> 陕西省铜川市 06-13 20:28 299 7108
[success] IHEARDthatyouask 吉林省长春市 07-01 08:52 -> 湖南省娄底市 07-02 01:55 1186 7408
[pending] INSCRIPTIONS 辽宁省庄河市 07-16 22:42 -> 天津市 07-18 06:58 1238 12675
[success] TheModernManIsin 山东省蓬莱市 06-25 12:46 -> 山东省青岛市 06-25 20:28 104 9667
[success] LeavesofGrass 内蒙海拉尔市 07-03 23:15 -> 广东省揭阳市 07-04 04:27 390 14120
[success] Ofphysiologyfromt 河南省新密市 07-25 22:32 -> 江西省瑞昌市 07-26 01:58 99 9831
[success] INSCRIPTIONS 辽宁省庄河市 07-21 22:42 -> 安徽省淮北市 07-22 15:48 596 4726
[success] theMuseIsaythe 吉林省松原市 07-27 22:08 -> 辽宁省大连市 07-28 07:54 1571 4847
[pending] LeavesofGrass 内蒙海拉尔市 06-09 23:15 -> 湖北省孝感市 06-10 21:55 2256 1778
[pending] LeavesofGrass 浙江省慈溪市 06-30 03:15 -> 黑龙江省佳木斯市 06-30 11:34 792 8103
[pending] INSCRIPTIONS 广西桂平市 08-15 07:35 -> 山东省平度市 08-16 01:49 370 19096
[success] TOtheeoldcause 山东省青州市 07-10 06:45 -> 北京市 07-10 13:26 1193 1012
[pending] LeavesofGrass 内蒙海拉尔市 06-24 23:15 -> 黑龙江省佳木斯市 06-25 11:34 1101 17174
[pending] LeavesofGrass 黑龙江省佳木斯市 06-16 11:40 -> 黑龙江省大庆市 06-16 19:30 702 17466
[success] Theserecitativesfo 广东省澄海市 07-02 18:00 -> 甘肃省武威市 07-02 20:59 816 3255
[success] AwarOsoldiersno 辽宁省沈阳市 06-17 15:37 -> 黑龙江省鹤岗市 06-18 09:15 739 8991
[success] Aroundtheideaoft 湖北省丹江口市 08-10 17:18 -> 安徽省桐城市 08-10 19:03 262 3272
[success] puzzletheNewWorld 辽宁省灯塔市 08-11 05:44 -> 海南省万宁市 08-11 23:27 1448 2253
[success] IHEARDthatyouask 浙江省临安市 08-07 11:03 -> 广东省台山市 08-07 16:01 592 3581
[pending] LeavesofGrass 黑龙江省大庆市 06-22 19:34 -> 湖北省孝感市 06-22 21:55 453 12314
[success] Thousternremorsel 河南省永城市 06-17 05:35 -> 云南省开远市 06-17 12:09 392 4509
[success] INSCRIPTIONS 辽宁省庄河市 08-01 22:42 -> 广西桂平市 08-02 07:25 397 19808
[pending] INSCRIPTIONS 辽宁省庄河市 08-07 22:42 -> 广西桂平市 08-08 07:25 397 20005
[success] puzzletheNewWorld 吉林省桦甸市 08-05 07:49 -> 广西百色市 08-06 01:47 1747 15572
[success] puzzletheNewWorld 陕西省咸阳市 07-25 09:13 -> 四川省达州市 07-25 18:46 837 15234
[success] INSCRIPTIONS 广西桂平市 08-02 07:35 -> 安徽省淮北市 08-02 15:48 199 19462
[success] INSCRIPTIONS 山东省平度市 08-08 01:53 -> 天津市 08-08 06:58 471 7587
[pending] INSCRIPTIONS 辽宁省庄河市 08-05 22:42 -> 天津市 08-07 06:58 1238 2879
[pending] LeavesofGrass 浙江省慈溪市 06-08 03:15 -> 河南省辉县市 06-09 02:13 2091 7924
[success] LeavesofGrass 广东省揭阳市 07-05 04:33 -> 黑龙江省鸡西市 07-05 12:58 825 1591
[success] Withvastresultst 吉林省和龙市 07-24 19:58 -> 河南省灵宝市 07-25 06:09 1600 6170
[pending] LeavesofGrass 山西省孝义市 07-08 08:08 -> 内蒙临河市 07-09 04:56 2036 15126
[success] Thouorbofmanyorb 广东省梅州市 06-24 16:05 -> 吉林省磐石市 06-24 18:38 499 11437
[pending] INSCRIPTIONS 安徽省淮北市 07-14 15:57 -> 山东省平度市 07-15 01:49 171 14606
[pending] LeavesofGrass 浙江省慈溪市 06-15 03:15 -> 黑龙江省鸡西市 06-15 12:58 906 7279
[success] IHEARDthatyouask 山东省滨州市 08-17 15:28 -> 四川省江油市 08-18 00:41 550 6339
[pending] LeavesofGrass 内蒙海拉尔市 07-04 23:15 -> 内蒙临河市 07-06 04:56 2734 4060
[pending] LeavesofGrass 浙江省慈溪市 06-25 03:15 -> 河南省辉县市 06-26 02:13 2091 14231
[success] Theserecitativesfo 辽宁省凌海市 07-15 16:02 -> 广东省澄海市 07-15 17:52 677 6970
[success] Withallitsangrya 河北省迁安市 07-17 15:33 -> 安徽省宿州市 07-18 00:20 1545 868
[success] INSCRIPTIONS 山东省平度市 07-11 01:53 -> 天津市 07-11 06:58 471 17727
[success] AndtodefineAmeric 北京市 07-07 05:05 -> 广东省河源市 07-07 20:47 318 9332
[pending] INSCRIPTIONS 辽宁省庄河市 08-06 22:42 -> 山东省平度市 08-08 01:49 767 10900
[pending] LeavesofGrass 浙江省慈溪市 06-07 03:15 -> 河南省辉县市 06-08 02:13 2091 7352
[success] IHEARDthatyouask 四川省江油市 08-08 00:49 -> 湖南省娄底市 08-08 01:55 223 1522
[success] LeavesofGrass 内蒙海拉尔市 07-01 23:15 -> 浙江省慈溪市 07-02 03:08 309 13968
[pending] LeavesofGrass 广东省揭阳市 06-20 04:33 -> 黑龙江省大庆市 06-20 19:30 1413 16817
[success] Deathlessthroughout 湖南省张家界市 07-13 12:48 -> 陕西省延安市 07-14 11:16 2787 2889
[success] LeavesofGrass 浙江省慈溪市 06-12 03:15 -> 山西省孝义市 06-12 07:58 389 3144
[success] INSCRIPTIONS 安徽省淮北市 08-05 15:57 -> 山东省平度市 08-06 01:49 171 10028
[success] LeavesofGrass 山西省孝义市 07-08 08:08 -> 黑龙江省佳木斯市 07-08 11:34 403 14937
[success] INSCRIPTIONS 广西桂平市 08-16 07:35 -> 天津市 08-17 06:58 841 11848
[success] LeavesofGrass 浙江省慈溪市 06-25 03:15 -> 黑龙江省佳木斯市 06-25 11:34 792 3465
[success] LeavesofGrass 黑龙江省佳木斯市 06-09 11:40 -> 黑龙江省鸡西市 06-09 12:58 114 6496
[pending] LeavesofGrass 浙江省慈溪市 06-29 03:15 -> 内蒙临河市 06-30 04:56 2425 6941
[success] LeavesofGrass 黑龙江省鸡西市 06-22 13:01 -> 吉林省白山市 06-22 20:59 899 2349
[success] LeavesofGrass 广东省揭阳市 06-11 04:33 -> 黑龙江省佳木斯市 06-11 11:34 711 13942
[success] INSCRIPTIONS 辽宁省庄河市 08-11 22:42 -> 天津市 08-13 06:58 1238 5186
[success] INSCRIPTIONS 辽宁省庄河市 08-11 22:42 -> 安徽省淮北市 08-12 15:48 596 5905
[success] INSCRIPTIONS 广西桂平市 07-31 07:35 -> 安徽省淮北市 07-31 15:48 199 3234
[success] LeavesofGrass 黑龙江省大庆市 07-10 19:34 -> 内蒙临河市 07-11 04:56 931 8031
[success] LeavesofGrass 浙江省慈溪市 06-29 03:15 -> 湖北省孝感市 06-29 21:55 1947 10871
[success] LeavesofGrass 黑龙江省鸡西市 07-02 13:01 -> 吉林省白山市 07-02 20:59 899 8896
[218044] Zima 凛冬 and.more.colossal@productive.f 2
[218050] Meteorite 陨星 production@and.has 2
[218053] -1
[218063] -1
[218073] 1
Theboundlessblueo 四川省峨眉山市 08-09 21:04 -> 吉林省舒兰市 08-10 11:32 795 76459
[218076] 1
AndtodefineAmeric 北京市 08-17 05:05 -> 广东省河源市 08-17 20:47 318 51008
[218078] 1
ONESSELFISING 广东省惠州市 07-25 23:19 -> 北京市 07-26 14:22 3221 82964
[218081] 22362640
[218089] 2298270
[218094] 4008366
[218102] Hung 吽吽 direction.universal@interdepen 3
[218103] 11948896
[218111] -1
[218120] 1
puzzletheNewWorld 陕西省咸阳市 07-01 09:13 -> 河南省驻马店市 07-01 15:17 572 11817
[218129] -1
[218130] 1
AwarOsoldiersno 辽宁省沈阳市 07-21 15:37 -> 河北省保定市 07-21 20:01 417 50171
[218136] 1
TOtheeoldcause 新疆阜康市 08-07 05:30 -> 江西省宜春市 08-07 08:01 391 87484
[218146] 20
[success] IHEARDthatyouask 山东省滨州市 08-15 15:28 -> 广东省台山市 08-15 16:01 453 499
[pending] IHEARDthatyouask 山东省滨州市 07-19 15:28 -> 吉林省舒兰市 07-19 21:49 507 6623
[success] TheModernManIsin 山东省蓬莱市 06-15 12:46 -> 天津市 06-16 06:00 1041 1314
[success] IHEARDthatyouask 浙江省临安市 07-05 11:03 -> 吉林省舒兰市 07-05 21:49 646 2764
[success] Farfarmorestood 吉林省四平市 07-05 23:49 -> 山西省孝义市 07-06 18:55 1139 8654
[success] Thesechantsforthe 福建省福安市 06-17 16:55 -> 江苏省高邮市 06-18 01:35 775 12577
[success] Afterastrangesad 辽宁省丹东市 06-05 02:50 -> 湖北省天门市 06-05 09:50 1120 1029
[success] LEAVESOFGRASS 山西省离石市 08-24 06:04 -> 天津市 08-24 08:03 381 14326
[success] Thegeniusofpoets 吉林省龙井市 07-24 23:48 -> 广东省英德市 07-25 09:30 746 4622
[success] one 辽宁省沈阳市 07-28 20:27 -> 山东省兖州市 07-29 08:18 2352 14090
[success] puzzletheNewWorld 吉林省桦甸市 08-18 07:49 -> 河南省郑州市 08-18 10:51 457 12820
[pending] INSCRIPTIONS 辽宁省庄河市 07-25 22:42 -> 安徽省淮北市 07-26 15:48 596 16808
[pending] LeavesofGrass 浙江省慈溪市 06-14 03:15 -> 湖北省孝感市 06-14 21:55 1947 11364
[pending] INSCRIPTIONS 广西桂平市 07-25 07:35 -> 天津市 07-26 06:58 841 5761
[success] one 甘肃省平凉市 07-31 14:39 -> 辽宁省铁法市 07-31 16:35 767 2606
[success] Themakingofperfec 湖北省老河口市 07-16 06:54 -> 江西省临川市 07-16 09:36 226 7871
[success] ONESSELFISING 河北省沧州市 07-29 18:53 -> 内蒙满洲里市 07-30 11:08 2922 6203
[pending] INSCRIPTIONS 辽宁省庄河市 07-27 22:42 -> 山东省平度市 07-29 01:49 767 10736
[success] IHEARDthatyouask 吉林省长春市 07-16 08:52 -> 四川省江油市 07-17 00:41 963 597
[success] AndtodefineAmeric 北京市 06-21 05:05 -> 广东省河源市 06-21 20:47 318 12765
[218152] Earthspirit 地灵 uncertainty@and.agitation 2
[218153] 1
ONESSELFISING 云南省宣威市 07-27 12:33 -> 吉林省公主岭市 07-27 23:52 1219 82964
[218162] -1
[218167] Utage 宴宴 satisfaction@the.products 1
[218171] 16734175
[218180] -1
[218183] VxiaZOUemDj 別嶲埽企 every.quarter@of.the 1
[218186] Plume 翎羽 with.a.Manifesto@of.the 1
[218193] 1466865
[218200] 2
Wagedinmybookwit 北京市 07-23 19:55 -> 山西省榆次市 07-24 02:42 553 50968
onthee 北京市 07-23 09:52 -> 山西省榆次市 07-24 10:21 2359 41587
[218201] 1
BeitsothenIans 浙江省宁波市 08-06 14:01 -> 云南省思茅市 08-06 23:15 152 3538
[218207] 0
[218214] 498730
[218219] Nian 年年 one.word.the@feudal.relations 1
[218229] 7570940
[218234] 0
[218241] Firewatch 守林 after.its.own@image.The 1
[218244] 1
theMuseIsaythe 山西省河津市 07-11 06:02 -> 天津市 07-11 08:51 766 58743
[218252] 1
AwarOsoldiersno 辽宁省沈阳市 06-16 15:37 -> 河北省保定市 06-16 20:01 417 57551
[218255] -1
[218262] 1
Thouorbofmanyorb 江苏省宿迁市 07-31 01:32 -> 山东省日照市 07-31 08:40 417 84891
[218269] -1
[218279] 1
Farfarmorestood 湖北省枣阳市 07-08 15:23 -> 山西省孝义市 07-08 18:55 657 67803
[218287] -1
[218290] 1
LEAVESOFGRASS 湖南省郴州市 07-22 12:38 -> 北京市 07-22 20:47 1505 57520
[218292] 1
ItoohaughtyShade 辽宁省盖州市 06-15 16:56 -> 湖北省天门市 06-16 04:04 1757 64126
[218302] -1
[218305] 1
Ithinkallwarthr 湖南省涟源市 06-19 16:58 -> 福建省厦门市 06-20 21:12 1975 51915
[218313] Ptilopsis 白面鸮 of.property@became.no 2
[218316] -1
[218321] 1
ItoohaughtyShade 吉林省榆树市 07-09 13:20 -> 辽宁省盖州市 07-09 16:47 417 64126
[218324] kMcXcTXLVpEvmpxE 剉囧墄 longer.compatible@with.the 2
[218330] -1
[218331] 1
onthee 湖北省枣阳市 07-12 08:51 -> 山西省原平市 07-13 12:14 3010 48279
[218334] 1
one 宁夏吴忠市 08-09 21:57 -> 海南省通什市 08-10 06:47 1975 65881
[218336] -1
[218344] 1
LeavesofGrass 黑龙江省佳木斯市 06-22 11:40 -> 黑龙江省大庆市 06-22 19:30 702 317
[218346] ProjeKTRed 红红 family.its@sentimental.veil 2
[218349] -1
[218352] -1
[218362] Nearl 临光 already.developed@productive.f 1
[218372] 0
[218379] 1
LEAVESOFGRASS 湖南省岳阳市 07-29 05:08 -> 辽宁省阜新市 07-29 14:51 1393 57520
[218387] queue
[218393] -1
[218401] 15748434
[218406] Cliffheart 崖心 opponents.in@power.Where 3
[218411] 759135
[218412] 0
[218419] KDZDcWktOhwZIWvizmU 卆忸堈坏 intellectual@creations.of 1
[218422] 1
TOTHEEOLDCAUSE 内蒙临河市 08-11 03:07 -> 江苏省大丰市 08-11 05:52 241 38012
[218430] 1
one 福建省龙海市 07-19 00:19 -> 辽宁省铁法市 07-19 16:35 4316 65881
[218435] 1
thefieldtheworld 吉林省大安市 06-23 07:15 -> 山西省侯马市 06-24 07:45 3501 29348
[218441] queue
[218447] 0
[218448] 1
Aroundtheideaoft 山东省乳山市 08-02 22:24 -> 河北省霸州市 08-03 05:17 401 16386
[218454] 1
Forlifeanddeath 山东省莱芜市 07-24 19:32 -> 山东省枣庄市 07-25 00:20 395 83563
[218458] -1
[218463] ebayvcmsLPZj 则労儅 common.property@National.onesi 1
[218468] 0
[218478] Liskarm 雷蛇 industrial@production.was 4
[218487] 1
Theboundlessblueo 浙江省奉化市 07-25 02:12 -> 河南省漯河市 07-25 04:48 24 76459
[218496] 10828210
[218504] 1774292
[218509] Utage 宴宴 satisfaction@the.products 1
[218516] queue
[218523] 1
INCABINDSHIPSAT 内蒙二连浩特市 06-04 18:00 -> 河北省冀州市 06-04 23:07 772 94184
[218532] 1
Deathlessthroughout 江苏省高邮市 06-13 17:30 -> 贵州省都匀市 06-14 08:47 1750 35980
[218533] -1
[218542] 1
one 辽宁省沈阳市 08-09 20:27 -> 山东省新泰市 08-10 11:51 2936 65881
[218543] Frostleaf 霜叶 whole.surface@of.the 1
[218545] 1
Thousternremorsel 云南省开远市 06-28 12:18 -> 黑龙江省肇东市 06-29 04:22 652 24953
[218550] 1
Aroundtheideaoft 吉林省珲春市 06-06 11:05 -> 湖北省丹江口市 06-06 17:14 134 16386
[218555] OYWucgxaNgnIMuyq 危乻 forces.to.man@machinery.applic 1
[218558] 1
Withvastresultst 吉林省和龙市 07-15 19:58 -> 广东省吴川市 07-16 03:37 994 78113
[218564] Haze 夜烟 cathedrals@it.has 3
[218569] 1
bards 北京市 06-20 18:56 -> 吉林省九台市 06-21 01:15 976 43034
[218577] 1
TOTHEEOLDCAUSE 内蒙临河市 08-05 03:07 -> 江苏省大丰市 08-05 05:52 241 67733
[218581] 1
ONESSELFISING 甘肃省嘉峪关市 08-04 06:27 -> 内蒙满洲里市 08-04 11:08 986 82964
[218582] Hellagur 赫拉 development@The.feudal 1
[218585] 1
Withfingerpointing 内蒙锡林浩特市 07-16 02:38 -> 安徽省淮南市 07-16 12:16 537 92164
[218588] Franka 芙兰 they.became@so.many 3
[218596] kMcXcTXLVpEvmpxE 剉囧墄 longer.compatible@with.the 2
[218604] 1
puzzletheNewWorld 河南省新密市 07-09 08:21 -> 海南省万宁市 07-09 23:27 1159 17495
[218607] 1
Thegeniusofpoets 湖北省潜江市 08-05 13:49 -> 陕西省安康市 08-05 20:35 451 72036
[218613] 1
Theboundlessblueo 浙江省桐乡市 08-04 16:52 -> 河南省漯河市 08-05 04:48 912 76459
[218621] 3
[success] INSCRIPTIONS 辽宁省庄河市 08-11 22:42 -> 安徽省淮北市 08-12 15:48 596 2977
[success] LeavesofGrass 浙江省慈溪市 07-04 03:15 -> 黑龙江省大庆市 07-04 19:30 1494 13549
[success] LeavesofGrass 内蒙海拉尔市 06-30 23:15 -> 河南省辉县市 07-02 02:13 2400 13903
[218622] -1
[218628] 2824258
[218637] queue
[218644] 1
Thouorbofmanyorb 天津市 07-07 10:05 -> 贵州省六盘水市 07-07 17:32 738 84891
[218648] queue
[218649] 1
Withallitsangrya 河北省迁安市 07-24 15:33 -> 河北省新乐市 07-24 19:54 920 3709
[218654] 1
LoItooamcomec 辽宁省北票市 07-06 02:10 -> 江苏省兴化市 07-06 05:41 1212 76789
[218659] fnDkPgmqNd 儔壐孍 word.it.creates@a.world 1
[218662] 0
[218667] Plume 翎羽 with.a.Manifesto@of.the 1
[218670] 1
Ofphysiologyfromt 内蒙二连浩特市 08-26 00:06 -> 广东省陆丰市 08-26 15:11 1856 65277
[218671] 1
Themakingofperfec 山东省胶州市 07-26 21:06 -> 贵州省兴义市 07-27 02:36 796 69556
[218672] 1
ONESSELFISING 广西合山市 08-05 04:05 -> 山东省昌邑市 08-05 16:15 2355 82964
[218682] 1
advanceinthisbook 重庆市 06-23 11:27 -> 山东省淄博市 06-24 02:33 1594 42338
[218692] -1
[218701] -1
[218702] 1
itself 湖北省老河口市 08-06 22:46 -> 山西省霍州市 08-07 05:56 592 89048
[218704] -1
[218714] TnjKjHWYPNWMmzi 倖忇应 exchange.on@whose.foundation 1
[218722] 1
OfLifeimmenseinp 福建省建阳市 07-30 13:37 -> 黑龙江省鹤岗市 07-31 10:39 3730 25073
[218732] Shamare 巫恋 cosmopolitan@character.to 2
[218736] 1
OfLifeimmenseinp 山东省临清市 07-14 18:13 -> 甘肃省平凉市 07-15 09:35 2799 25073
[218746] Vulcan 火神 science.into@its.paid 1
[218749] 1
Wagedinmybookwit 云南省大理市 07-24 06:55 -> 青海省西宁市 07-24 23:27 1584 50968
[218754] queue
[218756] 1
Andthatisthethem 北京市 08-01 17:53 -> 宁夏吴忠市 08-02 20:37 1260 54850
[218758] 1
Terribleinbeauty 湖南省冷水江市 06-24 13:48 -> 福建省邵武市 06-25 12:16 2214 57826
[218766] 0
[218776] queue
[218783] 18854080
[218790] Shamare 巫恋 cosmopolitan@character.to 2
[218799] 1
Cheerfulforfreest 河北省迁安市 08-05 04:32 -> 辽宁省开原市 08-06 05:55 3177 73847
[218808] -1
[218810] queue
[218817] 1
Ofphysiologyfromt 内蒙二连浩特市 07-12 00:06 -> 山东省莱阳市 07-12 10:17 1323 57449
[218819] VEunczXgDWL 伐幔姭囕嫕 bourgeois.the@East.on 1
[218826] 1
Themakingofperfec 贵州省遵义市 08-16 11:59 -> 河北省黄骅市 08-16 16:48 433 69556
[218833] 1896882
[218837] 2650701
[218847] 12723486
[218852] -1
[218859] -1
[218866] 1
BeitsothenIans 河北省安国市 08-23 12:57 -> 辽宁省灯塔市 08-24 06:19 794 3538
[218869] 2914095
[218878] 15782400
[218886] 1
Terribleinbeauty 湖南省沅江市 07-17 12:31 -> 黑龙江省北安市 07-18 02:53 1389 57826
[218892] queue
[218899] -1
[218907] 1
advanceinthisbook 湖南省临湘市 06-28 16:12 -> 陕西省汉中市 06-29 05:10 1194 51458
[218914] 6054804
[218916] 1
Returninguponmypo 广西贵港市 07-08 20:38 -> 甘肃省天水市 07-08 23:31 430 82856
[218924] 30010880
[218930] Hung 吽吽 fetters.They@had.to 3
[218938] -1
[218948] 1
Terribleinbeauty 湖南省冷水江市 07-13 13:48 -> 浙江省东阳市 07-14 07:04 1754 57826
[218950] 1
TheModernManIsin 山东省蓬莱市 06-25 12:46 -> 云南省昆明市 06-25 15:45 103 65860
[218952] queue
[218954] queue
[218960] 1
Andmenacingvoice 福建省武夷山市 07-10 14:34 -> 内蒙二连浩特市 07-11 01:42 1817 81828
[218969] 0
[218979] 6313010
[218984] 1
Thegeniusofpoets 山东省济宁市 08-03 03:09 -> 广东省英德市 08-03 09:30 442 72036
[218991] queue
[218997] 19386
[219000] queue
[219007] 11820900
[219012] 795012
[219014] 1
Ithinkallwarthr 湖南省涟源市 07-07 16:58 -> 贵州省贵阳市 07-07 21:16 539 51915
[219019] -1
[219028] Themakingofperfec N
山东省胶州市 xx-xx xx:xx -> 08-03 21:06 0 69556
云南省玉溪市 08-03 23:24 -> 08-03 23:28 453 69556
贵州省兴义市 08-04 02:36 -> 08-04 02:46 796 69556
广西玉林市 08-04 05:08 -> 08-04 05:12 1255 69556
湖北省老河口市 08-04 06:49 -> 08-04 06:54 1662 69556
江西省临川市 08-04 09:36 -> 08-04 09:43 1888 69556
江苏省新沂市 08-04 11:16 -> 08-04 11:25 2099 69556
贵州省遵义市 08-04 11:54 -> 08-04 11:59 2173 69556
江西省德兴市 08-04 13:44 -> 08-04 13:51 2235 69556
河北省黄骅市 08-04 16:48 -> 08-04 16:55 2606 69556
北京市 08-04 19:00 -> 08-04 19:03 2650 69556
广东省汕头市 08-04 19:42 -> xx-xx xx:xx 2868 x
[219035] -1
[219041] 1
Asawheelonitsax 江苏省苏州市 06-12 04:18 -> 黑龙江省北安市 06-12 14:32 632 47897
[219051] -1
[219056] opzEWXZYVTgIKR 咁劥嵗屃 a.few.hands@The.necessary 2
[219065] Zima 凛冬 and.more.colossal@productive.f 2
[219068] Utage 宴宴 satisfaction@the.products 1
[219072] 1
Deathlessthroughout 浙江省上虞市 07-13 16:31 -> 广西南宁市 07-14 06:48 1907 34536
[219073] queue
[219078] 42
[success] puzzletheNewWorld 河南省驻马店市 08-10 15:23 -> 海南省万宁市 08-10 23:27 366 10374
[success] TOtheeoldcause 黑龙江省讷河市 07-31 03:53 -> 新疆阜康市 07-31 05:22 380 4316
[success] IHEARDthatyouask 天津市 07-22 04:45 -> 四川省江油市 07-23 00:41 1069 7115
[success] IHEARDthatyouask 天津市 08-17 04:45 -> 浙江省临安市 08-17 10:58 380 604
[pending] INSCRIPTIONS 辽宁省庄河市 07-14 22:42 -> 天津市 07-16 06:58 1238 2958
[success] TOTHEEOLDCAUSE 内蒙临河市 08-22 03:07 -> 辽宁省阜新市 08-22 11:11 647 14192
[success] TheModernManIsin 山东省蓬莱市 07-30 12:46 -> 浙江省温州市 07-31 10:26 1249 15961
[pending] INSCRIPTIONS 辽宁省庄河市 07-14 22:42 -> 山东省平度市 07-16 01:49 767 3088
[success] Cheerfulforfreest 河北省武安市 07-03 23:59 -> 广东省汕头市 07-05 00:26 3149 4533
[success] IHEARDthatyouask 天津市 08-10 04:45 -> 吉林省舒兰市 08-10 21:49 1026 5613
[success] INSCRIPTIONS 安徽省淮北市 08-10 15:57 -> 天津市 08-11 06:58 642 6047
[success] Deathlessthroughout 贵州省都匀市 07-11 08:54 -> 四川省绵阳市 07-11 13:08 719 7702
[success] everwillbereally 浙江省慈溪市 08-15 11:23 -> 河南省平顶山市 08-15 17:51 429 15611
[success] INSCRIPTIONS 安徽省淮北市 08-09 15:57 -> 天津市 08-10 06:58 642 1018
[success] INSCRIPTIONS 广西桂平市 07-30 07:35 -> 天津市 07-31 06:58 841 9432
[success] INSCRIPTIONS 广西桂平市 07-11 07:35 -> 安徽省淮北市 07-11 15:48 199 3424
[pending] LeavesofGrass 山西省孝义市 06-08 08:08 -> 黑龙江省鸡西市 06-08 12:58 517 8589
[success] INSCRIPTIONS 辽宁省庄河市 07-12 22:42 -> 广西桂平市 07-13 07:25 397 6976
[success] puzzletheNewWorld 辽宁省灯塔市 07-07 05:44 -> 海南省万宁市 07-07 23:27 1448 2924
[success] IHEARDthatyouask 浙江省临安市 07-05 11:03 -> 山东省滨州市 07-05 15:18 139 3615
[success] IHEARDthatyouask 四川省江油市 08-15 00:49 -> 湖南省娄底市 08-15 01:55 223 6550
[success] IHEARDthatyouask 吉林省长春市 07-07 08:52 -> 四川省江油市 07-08 00:41 963 5761
[success] AndtodefineAmeric 北京市 07-18 05:05 -> 广东省河源市 07-18 20:47 318 11705
[pending] LeavesofGrass 内蒙海拉尔市 07-05 23:15 -> 湖北省孝感市 07-06 21:55 2256 6258
[success] INSCRIPTIONS 辽宁省庄河市 08-14 22:42 -> 山东省平度市 08-16 01:49 767 1063
[success] INSCRIPTIONS 辽宁省庄河市 08-01 22:42 -> 山东省平度市 08-03 01:49 767 9868
[success] LeavesofGrass 湖北省孝感市 06-29 22:03 -> 河南省辉县市 06-30 02:13 144 9564
[success] INSCRIPTIONS 辽宁省庄河市 08-01 22:42 -> 山东省平度市 08-03 01:49 767 4111
[success] IHEARDthatyouask 吉林省舒兰市 07-21 21:57 -> 四川省江油市 07-22 00:41 43 1171
[success] IHEARDthatyouask 天津市 08-19 04:45 -> 吉林省舒兰市 08-19 21:49 1026 2577
[pending] LeavesofGrass 黑龙江省鸡西市 06-16 13:01 -> 内蒙临河市 06-17 04:56 1519 9400
[success] LeavesofGrass 黑龙江省佳木斯市 06-19 11:40 -> 黑龙江省大庆市 06-19 19:30 702 1220
[pending] LeavesofGrass 广东省揭阳市 06-29 04:33 -> 黑龙江省鸡西市 06-29 12:58 825 17121
[success] INSCRIPTIONS 辽宁省庄河市 07-21 22:42 -> 天津市 07-23 06:58 1238 18735
[success] INSCRIPTIONS 辽宁省庄河市 07-22 22:42 -> 天津市 07-24 06:58 1238 21434
[success] LeavesofGrass 黑龙江省佳木斯市 06-05 11:40 -> 内蒙临河市 06-06 04:56 1633 14862
[success] LeavesofGrass 黑龙江省鸡西市 07-08 13:01 -> 湖北省孝感市 07-08 21:55 1041 13180
[success] LeavesofGrass 内蒙海拉尔市 06-27 23:15 -> 河南省辉县市 06-29 02:13 2400 4027
[success] LeavesofGrass 广东省揭阳市 07-06 04:33 -> 山西省孝义市 07-06 07:58 308 4009
[success] INSCRIPTIONS 广西桂平市 08-03 07:35 -> 安徽省淮北市 08-03 15:48 199 16345
[success] INSCRIPTIONS 辽宁省庄河市 07-18 22:42 -> 广西桂平市 07-19 07:25 397 19746
[success] LeavesofGrass 黑龙江省鸡西市 06-28 13:01 -> 内蒙临河市 06-29 04:56 1519 3915
[219088] 1
ASIponderdinsil 辽宁省沈阳市 06-23 09:40 -> 广西钦州市 06-23 11:47 167 93623
[219094] 1417682
[219101] 1
Theboundlessblueo 河南省漯河市 07-19 04:57 -> 湖南省益阳市 07-19 20:31 1246 76459
[219103] 1829943
[219113] 0
[219123] queue
[219132] 1
everwillbereally 河南省平顶山市 07-22 18:00 -> 广西柳州市 07-22 23:05 171 84091
[219141] -1
[219151] -1
[219155] queue
[219164] 0
[219170] 1
Farfarmorestood 安徽省贵池市 07-21 20:51 -> 山西省孝义市 07-22 18:55 1613 54017
[219177] -1
[219179] 418824
[219182] 2247069
[219183] -1
[219189] 1
INcabindshipsat 河北省冀州市 07-04 20:44 -> 湖北省大冶市 07-05 04:45 627 81926
[219195] queue
[219196] 1
Asawheelonitsax 江苏省苏州市 06-12 04:18 -> 北京市 06-12 19:01 693 47897
[219199] 1
Wagedinmybookwit 湖北省汉川市 07-15 09:49 -> 黑龙江省哈尔滨市 07-16 07:41 1882 38560
[219204] 1
Themakingofperfec 云南省玉溪市 07-17 23:28 -> 江西省德兴市 07-18 13:44 1782 69556
[219214] 1
BeitsothenIans 浙江省宁波市 08-05 14:01 -> 吉林省图们市 08-06 13:53 656 3538
[219223] -1
[219224] WaaiFu 槐琥 of.communication@draws.all 3
[219232] 1
Afterastrangesad 北京市 06-06 23:36 -> 新疆喀什市 06-07 12:29 1718 43262
[219238] Nian 年年 one.word.the@feudal.relations 1
[219239] queue
[219241] 1
Terribleinbeauty 江西省赣州市 06-16 16:59 -> 湖北省天门市 06-17 05:17 1429 57826
[219243] 1
TOTHEEOLDCAUSE 内蒙临河市 08-27 03:07 -> 山西省汾阳市 08-27 21:18 973 67733
[219245] -1
[219254] gpFaLBtSpeRyivwQeXGy 夲嘉 these.means@of.production 1
[219263] 0
[219264] 2571077
[219268] 19
[success] theMuseIsaythe 北京市 07-16 09:24 -> 山东省乐陵市 07-17 10:28 4647 2738
[success] Withvastresultst 辽宁省灯塔市 07-14 04:37 -> 河南省灵宝市 07-14 06:09 481 15740
[success] AndtodefineAmeric 广东省河源市 07-27 20:55 -> 江苏省淮安市 07-28 01:21 438 5394
[success] OfLifeimmenseinp 安徽省宣州市 07-05 03:32 -> 新疆克拉玛依市 07-05 05:24 527 4843
[success] INcabindshipsat 吉林省龙井市 07-02 13:56 -> 河南省辉县市 07-02 14:51 212 11582
[success] AndtodefineAmeric 北京市 08-02 05:05 -> 江苏省淮安市 08-03 01:21 756 7
[pending] LeavesofGrass 山西省孝义市 06-06 08:08 -> 黑龙江省佳木斯市 06-06 11:34 403 10328
[success] BeitsothenIans 河北省安国市 08-01 12:57 -> 浙江省宁波市 08-01 13:51 479 350
[success] OfLifeimmenseinp 北京市 07-21 23:26 -> 内蒙临河市 07-22 16:51 2941 3491
[success] TOTHEEOLDCAUSE 江苏省大丰市 08-25 05:56 -> 辽宁省阜新市 08-25 11:11 406 13452
[success] INSCRIPTIONS 辽宁省庄河市 07-17 22:42 -> 广西桂平市 07-18 07:25 397 606
[success] advanceinthisbook 浙江省温州市 06-24 02:36 -> 湖南省临湘市 06-24 16:02 1533 3115
[success] puzzletheNewWorld 吉林省桦甸市 08-20 07:49 -> 河南省新密市 08-20 08:17 59 2055
[success] Thesechantsforthe 北京市 06-12 23:55 -> 江苏省高邮市 06-13 01:35 136 4398
[pending] IHEARDthatyouask 天津市 07-13 04:45 -> 四川省江油市 07-14 00:41 1069 7290
[success] INSCRIPTIONS 广西桂平市 07-30 07:35 -> 安徽省淮北市 07-30 15:48 199 11493
[success] Farfarmorestood 安徽省贵池市 07-20 20:51 -> 山西省孝义市 07-21 18:55 1613 8036
[success] LeavesofGrass 河南省辉县市 06-14 02:21 -> 内蒙临河市 06-14 04:56 334 6537
[success] LeavesofGrass 内蒙海拉尔市 06-25 23:15 -> 山西省孝义市 06-26 07:58 698 8789
[219275] dLaaIVwFwjaVDaEbAJpw 呰佂姮 means.of.production@and.of 1
[219278] -1
[219282] Haze 夜烟 cathedrals@it.has 3
[219287] sqjxsGOIxBUdlvaFKV 嚉岾婌 has.torn.away@from.the 2
[219295] 22082752
[219300] 1
Thegeniusofpoets 陕西省安康市 08-08 20:43 -> 广东省英德市 08-09 09:30 868 72036
[219309] 264520
[219312] 1
Andthatisthethem 四川省宜宾市 07-27 22:15 -> 宁夏吴忠市 07-28 20:37 782 54850
[219319] 15816600
[219327] -1
[219336] -1
[219344] Elysium 极境 feudal.lords@vassals.guildmast 3
[219353] 7001246
[219362] -1
[219372] -1
[219380] queue
[219383] 6905522
[219384] 1
INSCRIPTIONS 山东省平度市 08-01 01:53 -> 天津市 08-01 06:58 471 16435
[219385] 441000
[219391] 19455135
[219396] 1
INSCRIPTIONS 广西桂平市 07-31 07:35 -> 天津市 08-01 06:58 841 2085
[219397] -1
[219399] 0
[219408] 1
TOTHEEOLDCAUSE 辽宁省阜新市 07-10 11:17 -> 山西省汾阳市 07-10 21:18 326 67733
[219416] Spot 斑点 obstinate.hatred@of.foreigners 3
[219424] queue
[219426] 504109
[219434] 1
TheFemaleequallyw 河北省藁城市 06-26 03:45 -> 黑龙江省双城市 06-26 04:50 290 46882
[219438] 2
Mergedinitsspirit 安徽省马鞍山市 06-30 12:41 -> 北京市 06-30 16:58 750 85568
LEAVESOFGRASS 安徽省马鞍山市 06-30 22:57 -> 北京市 07-01 20:47 3348 57520
[219443] 1
one 四川省绵阳市 08-15 12:34 -> 吉林省松原市 08-15 22:26 2308 43731
[219453] 1
puzzletheNewWorld 辽宁省灯塔市 08-01 05:44 -> 河南省郑州市 08-01 10:51 687 60084
[219462] -1
[219469] 1
Farfarmorestood 吉林省四平市 07-21 23:49 -> 江苏省新沂市 07-22 05:28 184 61809
[219477] 1
AndtodefineAmeric 北京市 07-21 05:05 -> 广东省河源市 07-21 20:47 318 49325
[219486] 1557468
[219495] -1
[219497] queue
[219498] queue
[219500] queue
[219508] 1
BeitsothenIans 河北省安国市 08-05 12:57 -> 吉林省图们市 08-06 13:53 1135 3538
[219509] 113685
[219510] -1
[219518] 31
[pending] LeavesofGrass 黑龙江省鸡西市 06-05 13:01 -> 山东省济南市 06-05 16:51 343 4650
[success] Astomedirectingl 山东省招远市 06-27 01:00 -> 贵州省凯里市 06-27 11:15 1145 14615
[success] AwarOsoldiersno 辽宁省沈阳市 08-11 15:37 -> 河北省保定市 08-11 20:01 417 14031
[pending] INSCRIPTIONS 安徽省淮北市 07-21 15:57 -> 天津市 07-22 06:58 642 3996
[success] IHEARDthatyouask 山东省滨州市 07-01 15:28 -> 吉林省舒兰市 07-01 21:49 507 3047
[success] Thouorbofmanyorb 江苏省宿迁市 07-15 01:32 -> 天津市 07-15 09:59 708 8175
[success] Thesechantsforthe 辽宁省营口市 07-10 14:09 -> 山东省胶州市 07-10 18:09 202 14061
[success] puzzletheNewWorld 河南省新密市 07-21 08:21 -> 陕西省咸阳市 07-21 09:07 221 8121
[success] AwarOsoldiersno 辽宁省沈阳市 07-18 15:37 -> 河北省保定市 07-18 20:01 417 11470
[success] Forlifeanddeath 山东省枣庄市 08-06 00:30 -> 广西北流市 08-06 01:48 118 10420
[pending] INSCRIPTIONS 辽宁省庄河市 07-21 22:42 -> 山东省平度市 07-23 01:49 767 17232
[success] Thesechantsforthe 山东省胶州市 06-11 18:14 -> 湖北省恩施市 06-11 21:05 92 7231
[success] INSCRIPTIONS 山东省平度市 08-07 01:53 -> 天津市 08-07 06:58 471 20469
[pending] LeavesofGrass 吉林省白山市 06-11 21:05 -> 内蒙临河市 06-12 04:56 620 10238
[pending] LeavesofGrass 吉林省白山市 07-06 21:05 -> 河南省辉县市 07-07 02:13 286 17612
[pending] INSCRIPTIONS 安徽省淮北市 07-20 15:57 -> 天津市 07-21 06:58 642 5739
[success] LeavesofGrass 黑龙江省大庆市 06-23 19:34 -> 河南省辉县市 06-24 02:13 597 14104
[pending] INSCRIPTIONS 辽宁省庄河市 07-20 22:42 -> 天津市 07-22 06:58 1238 11327
[success] Afterastrangesad 湖北省天门市 06-10 09:58 -> 新疆喀什市 06-10 12:29 379 2921
[success] Thousternremorsel 云南省开远市 07-24 12:18 -> 江苏省武进市 07-24 19:29 390 1435
[success] Ithinkallwarthr 贵州省贵阳市 07-03 21:22 -> 山西省介休市 07-04 05:42 852 95
[success] OfLifeimmenseinp 安徽省宣州市 07-20 03:32 -> 内蒙临河市 07-20 16:51 2609 4688
[success] IHEARDthatyouask 天津市 08-01 04:45 -> 吉林省舒兰市 08-01 21:49 1026 4628
[refunded] IHEARDthatyouask 天津市 07-24 04:45 -> 广东省台山市 07-24 16:01 972 2362
[success] everwillbereally 浙江省慈溪市 08-05 11:23 -> 河南省平顶山市 08-05 17:51 429 11767
[pending] LeavesofGrass 黑龙江省佳木斯市 07-04 11:40 -> 黑龙江省大庆市 07-04 19:30 702 13182
[success] puzzletheNewWorld 四川省达州市 07-17 18:55 -> 广西百色市 07-18 01:47 630 3151
[success] TOtheeoldcause 黑龙江省五常市 07-03 21:23 -> 黑龙江省哈尔滨市 07-04 09:46 2245 9179
[success] INSCRIPTIONS 辽宁省庄河市 08-17 22:42 -> 广西桂平市 08-18 07:25 397 17352
[pending] LeavesofGrass 吉林省白山市 06-06 21:05 -> 内蒙临河市 06-07 04:56 620 16201
[success] AndtodefineAmeric 广东省河源市 08-20 20:55 -> 江苏省淮安市 08-21 01:21 438 3009
[219520] 1
ItoohaughtyShade 安徽省亳州市 06-17 05:25 -> 宁夏银川市 06-17 08:51 235 64126
[219529] W 达不溜 distinguish@the.bourgeois 4
[219531] 1
TheModernManIsin 云南省昆明市 07-30 15:55 -> 山东省青岛市 07-30 20:28 1 59566
[219536] -1
[219541] Bison 拜松 material.drawn@from.the 1
[219548] Magallan 麦哲 a.committee@for.managing 2
[219552] 1
Ithinkallwarthr 山东省枣庄市 07-31 20:18 -> 福建省厦门市 08-01 21:12 1807 51915
[219563] -1
[219565] -1
[219566] -1
[219571] -1
[219574] 0
[219583] -1
[219587] 0
[219592] -1
[219598] 0
[219602] -1
[219612] -1
[219622] -1
[219627] -1
[219631] 0
[219640] -1
[219648] -1
[219658] 0
[219661] -1
[219669] -1
[219678] -1
[219685] -1
[219692] 0
[219696] -1
[219701] -1
[219704] 0
[219713] -1
[219717] -1
[219725] 0
[219728] -1
[219735] -1
[219744] 0
[219752] -1
[219755] -1
[219762] 0
[219763] -1
[219771] -1
[219775] -1
[219781] -1
[219788] -1
[219791] -1
[219796] -1
[219804] 0
[219808] -1
[219813] -1
[219818] -1
[219826] 0
[219829] -1
[219836] 0
[219843] 0
[219848] -1
[219858] -1
[219864] -1
[219871] -1
[219875] -1
[219886] -1
[219895] -1
[219898] -1
[219903] 0
[219908] -1
[219909] 0
[219915] -1
[219916] -1
[219918] 0
[219926] -1
[219935] 0
[219940] -1
[219948] -1
[219951] -1
[219958] 0
[219962] -1
[219968] -1
[219976] -1
[219980] -1
[219988] -1
[219996] -1
[219997] -1
[220004] 0
[220007] -1
[220015] -1
[220020] -1
[220029] 0
[220037] -1
[220047] -1
[220049] -1
[220055] -1
[220060] 0
[220068] -1
[220077] -1
[220081] -1
[220086] 0
[220094] 0
[220103] -1
[220108] -1
[220118] -1
[220126] 0
[220130] -1
[220137] -1
[220141] 0
[220148] -1
[220157] 0
[220160] 0
[220167] -1
[220169] -1
[220177] -1
[220179] 0
[220185] -1
[220187] -1
[220193] 0
[220196] -1
[220198] -1
[220206] 0
[220210] -1
[220215] -1
[220222] -1
[220224] -1
[220227] -1
[220237] -1
[220243] -1
[220245] -1
[220247] 0
[220248] -1
[220255] -1
[220258] -1
[220265] Deathlessthroughout 广东省肇庆市 06-26 21:25 -> 黑龙江省鸡西市 06-27 04:53 820 37371
Ofphysiologyfromt 黑龙江省鸡西市 07-07 04:03 -> 河南省南阳市 07-07 08:04 411 65277
[220275] -1
[220285] -1
[220289] -1
[220298] -1
[220307] -1
[220314] Ptilopsis 白面鸮 of.property@became.no 2
[220321] -1
[220331] -1
[220333] 0
[220336] -1
[220345] 0
[220350] -1
[220352] 0
[220356] -1
[220363] -1
[220364] 0
[220366] 0
[220367] -1
[220372] 0
[220380] -1
[220385] -1
[220386] -1
[220388] -1
[220391] 0
[220393] -1
[220394] -1
[220398] -1
[220399] -1
[220406] 0
[220412] -1
[220422] -1
[220425] -1
[220434] -1
[220437] -1
[220441] -1
[220451] -1
[220457] 0
[220463] 0
[220473] -1
[220481] -1
[220491] -1
[220493] 0
[220502] -1
[220507] -1
[220513] -1
[220520] 0
[220529] -1
[220533] -1
[220543] -1
[220547] -1
[220556] -1
[220565] -1
[220571] -1
[220580] -1
[220587] -1
[220597] -1
[220598] -1
[220606] -1
[220613] bye
