[376752] -1
[376753] -1
[376758] -1
[376765] -1
[376766] -1
[376773] -1
[376777] -1
[376778] -1
[376779] -1
[376787] 0
[376788] -1
[376789] -1
[376793] -1
[376801] -1
[376804] 0
[376809] -1
[376812] -1
[376820] -1
[376822] -1
[376824] -1
[376831] -1
[376840] -1
[376845] -1
[376855] -1
[376876] -1
[376883] -1
[376886] 0
[376891] -1
[376894] -1
[376904] -1
[376907] -1
[376910] -1
[376920] -1
[376923] -1
[376925] 0
[376926] -1
[376929] -1
[376937] -1
[376944] -1
[376949] -1
[376953] -1
[376961] -1
[376970] -1
[376974] -1
[376975] 0
[376983] -1
[376987] -1
[376994] -1
[377001] -1
[377007] 0
[377008] 0
[377015] -1
[377025] 0
[377030] 0
[377035] 0
[377047] -1
[377055] 0
[377062] -1
[377065] -1
[377066] -1
[377076] -1
[377083] -1
[377093] -1
[377096] -1
[377098] 0
[377101] -1
[377108] -1
[377110] INSCRIPTIONS 广西防城港市 07-20 03:19 -> 北京市 07-20 12:58 843 186
LeavesofGrass 北京市 07-20 14:47 -> 山东省兖州市 07-20 16:14 479 3277
[377114] -1
[377118] 0
[377128] -1
[377132] -1
[377142] -1
[377148] -1
[377157] 0
[377159] -1
[377169] -1
[377170] -1
[377178] -1
[377187] -1
[377189] -1
[377197] -1
[377198] -1
[377204] -1
[377207] -1
[377214] 0
[377217] -1
[377218] -1
[377224] 1
Andsowillsomeone 湖北省恩施市 07-25 15:32 -> 湖北省枝城市 07-25 17:38 73 87950
[377227] 0
[377234] 0
[377243] -1
[377251] -1
[377256] -1
[377258] -1
[377262] 0
[377268] 0
[377278] -1
[377283] -1
[377284] 0
[377287] -1
[377294] -1
[377299] -1
[377306] -1
[377311] -1
[377320] -1
[377325] 0
[377328] -1
[377332] -1
[377342] 0
[377344] -1
[377348] -1
[377355] -1
[377356] 0
[377359] Thoupeerlesspassi X
江苏省靖江市 xx-xx xx:xx -> 06-24 00:51 0 97434
黑龙江省哈尔滨市 06-24 02:00 -> 06-24 02:07 159 97434
广东省四会市 06-24 02:55 -> 06-24 03:03 566 82424
吉林省图们市 06-24 04:57 -> 06-24 05:05 645 82424
福建省龙岩市 06-24 05:57 -> 06-24 06:04 973 82424
河北省南宫市 06-24 07:49 -> 06-24 07:56 996 82424
新疆阿图什市 06-24 10:39 -> 06-24 10:44 1332 82424
山东省青岛市 06-24 12:37 -> 06-24 12:46 1741 82424
辽宁省凌海市 06-24 15:22 -> 06-24 15:32 1772 82424
天津市 06-24 16:00 -> 06-24 16:10 1809 82424
吉林省四平市 06-24 17:40 -> 06-24 17:49 2123 82424
辽宁省东港市 06-24 19:31 -> 06-24 19:40 2549 82424
广东省南海市 06-24 21:07 -> 06-24 21:10 3022 82424
广西钦州市 06-24 23:12 -> 06-24 23:21 3189 97434
江苏省仪征市 06-25 01:08 -> 06-25 01:14 3334 97434
贵州省赤水市 06-25 02:36 -> xx-xx xx:xx 3678 x
[377366] -1
[377373] 0
[377378] 0
[377380] -1
[377390] -1
[377392] -1
[377401] -1
[377405] -1
[377413] -1
[377423] -1
[377432] 0
[377439] -1
[377443] -1
[377446] -1
[377447] -1
[377450] 0
[377456] 0
[377461] -1
[377468] -1
[377470] -1
[377478] -1
[377488] -1
[377498] 0
[377499] -1
[377505] -1
[377509] -1
[377514] -1
[377518] -1
[377522] -1
[377531] -1
[377538] -1
[377547] -1
[377554] -1
[377564] -1
[377567] -1
[377577] -1
[377579] -1
[377580] 0
[377589] 0
[377599] 0
[377600] -1
[377602] 0
[377605] 0
[377611] -1
[377618] 0
[377627] -1
[377634] -1
[377642] 0
[377647] 0
[377655] -1
[377657] -1
[377666] -1
[377674] -1
[377678] -1
[377681] -1
[377683] 0
[377686] 0
[377696] 0
[377705] -1
[377713] 0
[377719] -1
[377728] -1
[377731] 0
[377738] 0
[377742] -1
[377748] 0
[377753] -1
[377758] -1
[377759] -1
[377767] 0
[377770] 0
[377775] 0
[377777] -1
[377786] 0
[377790] -1
[377792] -1
[377801] -1
[377803] -1
[377804] 0
[377814] -1
[377817] -1
[377826] -1
[377836] -1
[377843] 0
[377845] 0
[377846] 0
[377848] 0
[377854] -1
[377863] 0
[377870] -1
[377876] -1
[377878] -1
[377880] -1
[377883] -1
[377889] -1
[377894] -1
[377896] -1
[377900] 0
[377908] -1
[377911] -1
[377915] 0
[377925] -1
[377935] -1
[377937] 0
[377945] -1
[377955] 0
[377962] 0
[377967] -1
[377974] -1
[377981] -1
[377983] -1
[377988] -1
[377998] -1
[378002] -1
[378009] -1
[378017] 0
[378020] 0
[378030] -1
[378040] 0
[378041] -1
[378051] -1
[378053] -1
[378058] -1
[378060] -1
[378065] 0
[378070] -1
[378077] -1
[378080] -1
[378083] -1
[378085] 0
[378093] -1
[378096] -1
[378101] 0
[378107] 0
[378115] -1
[378116] -1
[378123] -1
[378129] -1
[378134] -1
[378143] 0
[378152] 0
[378162] -1
[378166] -1
[378167] -1
[378170] imperiouswaves E
山东省日照市 xx-xx xx:xx -> 07-19 18:26 0 8291
天津市 07-19 21:16 -> 07-19 21:25 37 8291
北京市 07-19 23:58 -> 07-20 00:06 391 8291
广东省惠阳市 07-20 00:58 -> 07-20 01:06 424 8291
湖北省宜昌市 07-20 02:03 -> 07-20 02:06 742 8291
广东省肇庆市 07-20 04:21 -> 07-20 04:25 828 8291
吉林省通化市 07-20 05:40 -> 07-20 05:48 1082 8291
辽宁省北票市 07-20 06:24 -> 07-20 06:27 1397 8291
内蒙乌兰浩特市 07-20 06:59 -> 07-20 07:05 1751 8291
陕西省榆林市 07-20 09:03 -> 07-20 09:11 1847 8291
湖北省黄石市 07-20 09:45 -> 07-20 09:49 2299 8291
黑龙江省哈尔滨市 07-20 12:35 -> 07-20 12:42 2690 8291
河南省平顶山市 07-20 13:15 -> 07-20 13:21 3107 8291
广东省阳春市 07-20 15:23 -> 07-20 15:28 3460 8291
甘肃省天水市 07-20 16:16 -> 07-20 16:21 3638 8291
河北省藁城市 07-20 17:03 -> 07-20 17:09 4064 8291
福建省泉州市 07-20 17:56 -> xx-xx xx:xx 4074 x
[378175] -1
[378183] -1
[378184] -1
[378191] 0
[378198] INcabindshipsat 河南省辉县市 07-28 10:11 -> 河北省晋州市 07-28 19:22 414 51973
Wagedinmybookwit 河北省晋州市 07-29 12:07 -> 黑龙江省穆棱市 07-30 14:28 1111 23226
[378200] 0
[378207] -1
[378214] -1
[378216] -1
[378225] -1
[378230] -1
[378238] 0
[378247] -1
[378257] -1
[378265] 0
[378271] -1
[378277] 0
[378280] -1
[378290] 0
[378292] -1
[378297] -1
[378302] 0
[378309] 0
[378313] -1
[378322] -1
[378324] bye
