[15671] -1
[15677] 0
[15687] -1
[15697] -1
[15699] -1
[15705] 0
[15709] -1
[15710] 0
[15713] -1
[15716] 0
[15724] -1
[15728] -1
[15731] -1
[15737] -1
[15740] -1
[15745] -1
[15750] 0
[15754] -1
[15763] -1
[15765] 0
[15771] -1
[15773] 0
[15774] -1
[15781] -1
[15787] -1
[15789] -1
[15791] -1
[15800] -1
[15807] 0
[15816] 0
[15818] 0
[15820] -1
[15829] -1
[15838] -1
[15839] -1
[15842] 0
[15848] -1
[15850] -1
[15851] -1
[15860] -1
[15869] -1
[15877] -1
[15885] 0
[15890] 2
bihHzZiEvi 河北省藁城市 07-12 13:51 -> 新疆库尔勒市 07-12 14:26 156420 68929
whatyouwanted 河北省藁城市 07-12 02:20 -> 新疆库尔勒市 07-12 06:13 384 86245
[15900] 0
[15903] 0
[15909] -1
[15910] -1
[15916] 0
[15918] -1
[15919] -1
[15926] -1
[15934] -1
[15944] -1
[15952] 0
[15955] -1
[15960] -1
[15964] -1
[15965] -1
[15972] -1
[15980] -1
[15987] -1
[15997] 0
[16007] -1
[16009] -1
[16010] -1
[16012] -1
[16022] -1
[16028] -1
[16031] -1
[16037] -1
[16041] -1
[16046] 0
[16052] -1
[16061] -1
[16068] -1
[16076] -1
[16078] -1
[16080] 0
[16082] -1
[16084] -1
[16093] -1
[16099] -1
[16103] -1
[16105] -1
[16108] -1
[16112] -1
[16115] -1
[16121] -1
[16128] -1
[16137] -1
[16147] -1
[16153] -1
[16163] -1
[16170] 0
[16172] 0
[16174] -1
[16176] -1
[16177] -1
[16187] -1
[16197] -1
[16201] 0
[16205] -1
[16208] 0
[16215] 0
[16218] -1
[16224] -1
[16228] -1
[16232] 0
[16242] 0
[16250] -1
[16257] -1
[16264] -1
[16270] -1
[16279] -1
[16281] -1
[16283] -1
[16291] 0
[16296] -1
[16297] -1
[16302] -1
[16312] -1
[16320] 0
[16326] 0
[16334] -1
[16343] -1
[16346] -1
[16353] -1
[16356] -1
[16358] 0
[16363] -1
[16369] -1
[16379] -1
[16380] -1
[16388] -1
[16395] -1
[16402] -1
[16403] -1
[16407] -1
[16412] -1
[16416] -1
[16426] -1
[16428] -1
[16434] -1
[16435] -1
[16436] -1
[16444] -1
[16448] -1
[16454] -1
[16462] -1
[16465] -1
[16472] -1
[16481] 0
[16487] -1
[16495] -1
[16505] -1
[16511] -1
[16516] -1
[16522] -1
[16527] -1
[16532] -1
[16535] -1
[16544] -1
[16550] 0
[16560] -1
[16569] -1
[16570] -1
[16579] 1
bihHzZiEvi 黑龙江省黑河市 07-13 15:06 -> 福建省福州市 07-13 21:11 750421 68929
[16586] 0
[16588] 0
[16591] -1
[16592] 0
[16601] 0
[16602] -1
[16603] 0
[16607] -1
[16616] 0
[16617] -1
[16625] -1
[16629] -1
[16637] KxArKNcrcL T
四川省广汉市 xx-xx xx:xx -> 07-07 12:21 0 99916
吉林省松原市 07-07 12:31 -> 07-07 12:38 48439 99916
四川省简阳市 07-07 12:49 -> 07-07 13:04 135634 99916
湖北省枝江市 07-07 13:16 -> 07-07 13:21 149459 99916
安徽省合肥市 07-07 13:35 -> 07-07 13:47 240706 99916
河北省泊头市 07-07 13:53 -> xx-xx xx:xx 319539 x
[16642] -1
[16652] -1
[16660] -1
[16665] 0
[16673] 0
[16674] -1
[16683] -1
[16689] -1
[16693] 0
[16703] -1
[16712] 0
[16720] -1
[16728] 0
[16738] -1
[16746] -1
[16752] 0
[16761] -1
[16764] -1
[16768] 0
[16776] -1
[16778] 0
[16779] -1
[16780] -1
[16789] 0
[16794] -1
[16802] -1
[16807] -1
[16815] 0
[16817] -1
[16821] -1
[16825] -1
[16828] -1
[16832] -1
[16834] -1
[16836] 0
[16844] 0
[16847] -1
[16855] LeavesofGrass Y
江西省瑞昌市 xx-xx xx:xx -> 07-16 15:27 0 35468
山东省栖霞市 07-16 15:56 -> 07-16 16:01 371 23472
浙江省上虞市 07-16 20:28 -> 07-16 20:35 598 21045
湖南省汩罗市 07-16 21:51 -> 07-16 21:58 906 29368
河北省霸州市 07-17 01:21 -> 07-17 01:28 1269 25693
湖南省张家界市 07-17 02:26 -> 07-17 02:32 1667 25693
黑龙江省齐齐哈尔市 07-17 06:17 -> 07-17 06:26 1985 25693
广东省兴宁市 07-17 08:09 -> 07-17 08:14 2472 28107
浙江省湖州市 07-17 09:54 -> 07-17 10:04 2626 32338
辽宁省沈阳市 07-17 13:53 -> 07-17 14:00 3000 31755
四川省成都市 07-17 14:46 -> xx-xx xx:xx 3460 x
[16865] -1
[16873] -1
[16881] -1
[16886] -1
[16889] -1
[16890] -1
[16894] -1
[16896] -1
[16897] -1
[16903] -1
[16904] -1
[16913] -1
[16918] -1
[16919] -1
[16929] -1
[16936] -1
[16945] -1
[16955] -1
[16960] -1
[16961] -1
[16962] -1
[16972] -1
[16976] 0
[16977] -1
[16982] -1
[16990] -1
[16992] -1
[16993] 0
[16999] -1
[17009] -1
[17013] 0
[17023] 0
[17031] 0
[17040] 0
[17043] 0
[17044] 0
[17047] 0
[17049] 0
[17054] 0
[17059] 0
[17063] 0
[17073] 0
[17083] 0
[17092] 0
[17093] 0
[17095] 0
[17102] 0
[17103] 0
[17106] 0
[17114] 0
[17115] 0
[17123] 0
[17132] 0
[17135] 0
[17136] 0
[17138] 0
[17147] 0
[17152] 0
[17154] 0
[17158] 0
[17165] 0
[17175] 0
[17180] 0
[17188] 0
[17190] 0
[17195] 0
[17199] 0
[17209] 0
[17210] 0
[17216] 0
[17218] 0
[17225] 0
[17233] 0
[17239] 0
[17242] 0
[17247] 0
[17255] 0
[17257] 0
[17266] 0
[17276] 0
[17281] 0
[17282] 0
[17292] 0
[17297] 0
[17305] 0
[17310] 0
[17316] 0
[17319] 0
[17329] 0
[17334] 0
[17344] 0
[17351] 0
[17353] 0
[17355] 0
[17357] 0
[17367] 0
[17376] 0
[17380] 0
[17385] 0
[17389] 0
[17394] 0
[17400] 0
[17407] 0
[17416] 0
[17419] 0
[17421] 0
[17424] 0
[17426] 0
[17432] -1
[17435] -1
[17440] Magallan 麦哲伦 two.great.hostile@camps.into 1
[17447] -1
[17452] -1
[17457] -1
[17458] 0
[17468] -1
[17477] -1
[17486] 0
[17493] -1
[17500] 0
[17502] 0
[17510] -1
[17516] -1
[17524] -1
[17525] 16
[success] TOFOREIGNLANDS 广东省开平市 07-15 16:49 -> 湖南省武冈市 07-16 01:51 210 11719
[success] TOFOREIGNLANDS 广东省佛山市 07-06 05:26 -> 江西省乐平市 07-06 17:49 381 5197
[success] LeavesofGrass 广东省兴宁市 08-26 08:14 -> 浙江省湖州市 08-26 09:54 154 10840
[success] TOFOREIGNLANDS 湖南省武冈市 06-28 01:58 -> 广东省佛山市 06-28 05:20 411 5062
[success] LeavesofGrass 浙江省上虞市 08-06 20:35 -> 湖南省汩罗市 08-06 21:51 308 10164
[success] LeavesofGrass 黑龙江省齐齐哈尔市 06-28 06:26 -> 广东省兴宁市 06-28 08:09 487 10896
[success] LeavesofGrass 山东省栖霞市 07-06 16:01 -> 河北省霸州市 07-07 01:21 898 6984
[success] LeavesofGrass 黑龙江省齐齐哈尔市 08-05 06:26 -> 四川省成都市 08-05 14:46 1475 10629
[success] LeavesofGrass 湖南省张家界市 07-11 02:32 -> 黑龙江省齐齐哈尔市 07-11 06:17 318 7590
[success] LeavesofGrass 江西省瑞昌市 08-21 15:27 -> 湖南省汩罗市 08-21 21:51 906 1058
[success] LeavesofGrass 河北省霸州市 06-16 01:28 -> 广东省兴宁市 06-16 08:09 1203 621
[success] LeavesofGrass 广东省兴宁市 08-25 08:14 -> 辽宁省沈阳市 08-25 13:53 528 9507
[success] LeavesofGrass 湖南省汩罗市 08-19 21:58 -> 河北省霸州市 08-20 01:21 363 9896
[success] LeavesofGrass 河北省霸州市 06-25 01:28 -> 浙江省湖州市 06-25 09:54 1357 4361
[success] LeavesofGrass 浙江省上虞市 06-16 20:35 -> 黑龙江省齐齐哈尔市 06-17 06:17 1387 6950
[success] LeavesofGrass 山东省栖霞市 06-23 16:01 -> 广东省兴宁市 06-24 08:09 2101 7497
[17533] -1
[17536] 0
[17541] Plume 翎羽 the.earlier@epochs.of 2
[17545] -1
[17550] -1
[17558] -1
[17564] -1
[17574] -1
[17577] -1
[17585] -1
[17590] 0
[17594] -1
[17596] 9
[success] LeavesofGrass 山东省栖霞市 07-15 16:01 -> 辽宁省沈阳市 07-16 13:53 2629 168
[success] TOFOREIGNLANDS 广东省开平市 06-26 16:49 -> 广东省佛山市 06-27 05:20 621 15056
[success] TOFOREIGNLANDS 湖南省武冈市 06-28 01:58 -> 北京市 06-28 13:05 545 15998
[success] LeavesofGrass 江西省瑞昌市 06-22 15:27 -> 广东省兴宁市 06-23 08:09 2472 9467
[success] LeavesofGrass 江西省瑞昌市 07-15 15:27 -> 四川省成都市 07-16 14:46 3460 124
[success] LeavesofGrass 江西省瑞昌市 07-13 15:27 -> 浙江省湖州市 07-14 09:54 2626 9423
[success] LeavesofGrass 湖南省张家界市 08-11 02:32 -> 黑龙江省齐齐哈尔市 08-11 06:17 318 8845
[success] LeavesofGrass 江西省瑞昌市 08-01 15:27 -> 湖南省汩罗市 08-01 21:51 906 10877
[success] LeavesofGrass 浙江省湖州市 07-14 10:04 -> 辽宁省沈阳市 07-14 13:53 374 10931
[17600] -1
[17609] 6
[success] LeavesofGrass 江西省瑞昌市 06-09 15:27 -> 黑龙江省齐齐哈尔市 06-10 06:17 1985 148
[success] LeavesofGrass 江西省瑞昌市 06-30 15:27 -> 黑龙江省齐齐哈尔市 07-01 06:17 1985 10380
[success] LeavesofGrass 湖南省汩罗市 08-05 21:58 -> 黑龙江省齐齐哈尔市 08-06 06:17 1079 6291
[success] LeavesofGrass 江西省瑞昌市 07-11 15:27 -> 河北省霸州市 07-12 01:21 1269 10544
[success] LeavesofGrass 浙江省湖州市 07-06 10:04 -> 辽宁省沈阳市 07-06 13:53 374 10615
[success] LeavesofGrass 山东省栖霞市 08-06 16:01 -> 广东省兴宁市 08-07 08:09 2101 3907
[17618] -1
[17627] -1
[17633] -1
[17643] 0
[17648] -1
[17658] -1
[17665] -1
[17670] -1
[17672] -1
[17675] 10
[success] LeavesofGrass 黑龙江省齐齐哈尔市 08-12 06:26 -> 浙江省湖州市 08-12 09:54 641 5691
[success] TOFOREIGNLANDS 北京市 06-27 13:09 -> 江西省乐平市 06-27 17:49 247 6185
[success] TOFOREIGNLANDS 广东省开平市 07-27 16:49 -> 湖南省武冈市 07-28 01:51 210 6988
[success] AndtodefineAmeric 浙江省绍兴市 07-14 16:55 -> 山东省滕州市 07-15 04:56 962 11083
[success] LeavesofGrass 湖南省张家界市 06-11 02:32 -> 广东省兴宁市 06-11 08:09 805 2751
[success] TOFOREIGNLANDS 广东省开平市 07-05 16:49 -> 广东省佛山市 07-06 05:20 621 6040
[success] LeavesofGrass 湖南省汩罗市 06-13 21:58 -> 辽宁省沈阳市 06-14 13:53 2094 2491
[success] LeavesofGrass 河北省霸州市 08-13 01:28 -> 湖南省张家界市 08-13 02:26 398 9072
[success] LeavesofGrass 广东省兴宁市 06-27 08:14 -> 浙江省湖州市 06-27 09:54 154 10477
[success] LeavesofGrass 浙江省上虞市 06-22 20:35 -> 河北省霸州市 06-23 01:21 671 8308
[17677] -1
[17686] -1
[17695] -1
[17697] 0
[17705] -1
[17711] 0
[17719] Sussurro 苏苏洛 each.other@Bourgeoisie.and 1
[17724] 7
[success] LeavesofGrass 山东省栖霞市 07-13 16:01 -> 湖南省汩罗市 07-13 21:51 535 1034
[success] TOFOREIGNLANDS 湖南省武冈市 07-21 01:58 -> 北京市 07-21 13:05 545 5643
[success] TOFOREIGNLANDS 广东省开平市 07-22 16:49 -> 北京市 07-23 13:05 755 8744
[success] LeavesofGrass 江西省瑞昌市 07-16 15:27 -> 河北省霸州市 07-17 01:21 1269 800
[success] LeavesofGrass 广东省兴宁市 08-27 08:14 -> 辽宁省沈阳市 08-27 13:53 528 6152
[success] TOFOREIGNLANDS 广东省开平市 07-08 16:49 -> 湖南省武冈市 07-09 01:51 210 1626
[success] LeavesofGrass 湖南省张家界市 08-19 02:32 -> 广东省兴宁市 08-19 08:09 805 9293
[17731] 0
[17738] 0
[17745] -1
[17749] -1
[17757] 0
[17761] -1
[17767] -1
[17773] 0
[17781] -1
[17784] -1
[17785] -1
[17792] 0
[17799] -1
[17809] 0
[17814] 8
[success] LeavesofGrass 浙江省上虞市 08-10 20:35 -> 四川省成都市 08-11 14:46 2862 2568
[success] TOFOREIGNLANDS 广东省开平市 06-25 16:49 -> 广东省佛山市 06-26 05:20 621 14367
[success] LeavesofGrass 浙江省上虞市 07-02 20:35 -> 湖南省汩罗市 07-02 21:51 308 5205
[success] TOFOREIGNLANDS 广东省开平市 07-07 16:49 -> 广东省佛山市 07-08 05:20 621 11889
[success] LeavesofGrass 湖南省汩罗市 06-11 21:58 -> 河北省霸州市 06-12 01:21 363 9040
[success] TOFOREIGNLANDS 湖南省武冈市 07-08 01:58 -> 北京市 07-08 13:05 545 573
[success] LeavesofGrass 山东省栖霞市 07-24 16:01 -> 广东省兴宁市 07-25 08:09 2101 3512
[success] LeavesofGrass 浙江省上虞市 07-27 20:35 -> 黑龙江省齐齐哈尔市 07-28 06:17 1387 225
[17821] 0
[17829] -1
[17837] 0
[17840] -1
[17849] 0
[17852] -1
[17860] 0
[17869] -1
[17876] -1
[17877] -1
[17883] -1
[17893] 0
[17899] 0
[17901] 0
[17911] 0
[17912] 0
[17915] -1
[17924] Skyfire 天火 of.the.earliest@towns.From 4
[17926] -1
[17934] 0
[17943] -1
[17951] 0
[17953] -1
[17959] -1
[17968] -1
[17971] -1
[17980] -1
[17985] Rangers 巡林者 one.another@carried.on 5
[17993] -1
[17994] -1
[17999] -1
[18002] -1
[18010] -1
[18015] 0
[18018] 0
[18022] 5
[success] LeavesofGrass 湖南省张家界市 08-26 02:32 -> 辽宁省沈阳市 08-26 13:53 1333 7230
[success] AndtodefineAmeric 四川省简阳市 06-15 02:11 -> 山东省滕州市 06-15 04:56 464 15664
[success] LeavesofGrass 广东省兴宁市 07-08 08:14 -> 浙江省湖州市 07-08 09:54 154 213
[success] LeavesofGrass 浙江省上虞市 08-07 20:35 -> 广东省兴宁市 08-08 08:09 1874 1223
[success] LeavesofGrass 湖南省汩罗市 08-05 21:58 -> 四川省成都市 08-06 14:46 2554 9527
[18025] -1
[18033] -1
[18043] -1
[18048] -1
[18055] -1
[18065] -1
[18071] 0
[18081] 0
[18086] 0
[18088] -1
[18093] -1
[18097] 0
[18099] -1
[18107] -1
[18116] -1
[18119] -1
[18121] -1
[18128] Hibiscus 芙蓉 history.we@find.almost 6
[18131] 0
[18137] -1
[18144] 0
[18146] 0
[18153] 0
[18162] -1
[18170] -1
[18179] Estelle 艾丝黛尔 in.each.single@workshop.Meanti 1
[18181] -1
[18188] -1
[18194] -1
[18198] -1
[18208] -1
[18215] -1
[18216] -1
[18225] -1
[18227] 0
[18228] 0
[18237] -1
[18238] 0
[18248] -1
[18251] -1
[18255] -1
[18257] -1
[18263] -1
[18270] -1
[18274] -1
[18282] 0
[18292] 0
[18293] 6
[success] TOFOREIGNLANDS 广东省开平市 07-22 16:49 -> 北京市 07-23 13:05 755 5818
[success] AndtodefineAmeric 浙江省绍兴市 07-25 16:55 -> 山东省滕州市 07-26 04:56 962 10522
[success] TOFOREIGNLANDS 北京市 07-21 13:09 -> 江西省乐平市 07-21 17:49 247 15764
[success] TOFOREIGNLANDS 广东省开平市 07-11 16:49 -> 北京市 07-12 13:05 755 12318
[success] LeavesofGrass 浙江省湖州市 06-26 10:04 -> 四川省成都市 06-26 14:46 834 8725
[success] LeavesofGrass 江西省瑞昌市 08-03 15:27 -> 山东省栖霞市 08-03 15:56 371 5319
[18301] 0
[18303] 0
[18311] -1
[18313] -1
[18323] 0
[18329] -1
[18337] 0
[18341] -1
[18345] 0
[18350] 0
[18358] 9
[success] LeavesofGrass 浙江省上虞市 06-26 20:35 -> 湖南省汩罗市 06-26 21:51 308 5920
[success] LeavesofGrass 黑龙江省齐齐哈尔市 07-31 06:26 -> 辽宁省沈阳市 07-31 13:53 1015 2245
[success] LeavesofGrass 山东省栖霞市 08-03 16:01 -> 黑龙江省齐齐哈尔市 08-04 06:17 1614 2321
[success] TOFOREIGNLANDS 广东省开平市 07-24 16:49 -> 江西省乐平市 07-25 17:49 1002 1030
[success] LeavesofGrass 江西省瑞昌市 08-06 15:27 -> 山东省栖霞市 08-06 15:56 371 7277
[success] LeavesofGrass 浙江省上虞市 06-17 20:35 -> 四川省成都市 06-18 14:46 2862 5151
[success] LeavesofGrass 湖南省汩罗市 08-20 21:58 -> 黑龙江省齐齐哈尔市 08-21 06:17 1079 5701
[success] LeavesofGrass 黑龙江省齐齐哈尔市 06-18 06:26 -> 四川省成都市 06-18 14:46 1475 8719
[success] LeavesofGrass 湖南省张家界市 06-20 02:32 -> 黑龙江省齐齐哈尔市 06-20 06:17 318 2587
[18360] -1
[18366] -1
[18376] 0
[18378] -1
[18381] -1
[18388] -1
[18393] -1
[18400] -1
[18409] -1
[18418] -1
[18419] -1
[18426] -1
[18429] -1
[18432] 0
[18439] 0
[18448] 0
[18453] -1
[18459] 0
[18460] 0
[18469] -1
[18478] 0
[18484] 0
[18492] -1
[18495] -1
[18504] 0
[18509] -1
[18518] -1
[18519] -1
[18523] -1
[18528] 0
[18533] -1
[18542] 0
[18547] -1
[18554] 0
[18556] Yato 夜刀 fresh.ground@for.the 2
[18561] bye
