[77272] -1
[77273] -1
[77278] -1
[77283] -1
[77293] -1
[77299] 0
[77302] -1
[77312] Zima 凛冬 sprang.the@chartered.burghers 2
[77321] -1
[77329] 0
[77333] -1
[77334] -1
[77344] -1
[77345] wWhfYrhMBeuQzhezMw 姵圬埧 the.product@of.a 2
[77349] -1
[77353] Earthspirit 地灵 I.Communism@is.already 2
[77363] CHOJXVsWcIVA 岐守忡 great.monarchies@in.general 1
[77370] Provence 普罗旺 of.whole.industrial@armies.the 1
[77378] -1
[77382] -1
[77386] 0
[77389] Bison 拜松 there.taxable@third.estate 1
[77392] Matoimaru 缠丸 longer.sufficed@Thereupon.stea 1
[77400] -1
[77406] 0
[77414] -1
[77423] bVSrezWUQrF 垎剝婁 the.whole.bourgeoisie@The.bour 3
[77433] Shamare 巫恋 its.place.The@guildmasters.wer 2
[77442] Texas 德克 In.one.word@for.exploitation 1
[77444] 0
[77445] Mousse 慕斯 has.set.up@that.single 2
[77450] 0
[77452] -1
[77457] Earthspirit 地灵 I.Communism@is.already 2
[77459] Yato 夜刀 the.markets@kept.ever 1
[77469] -1
[77472] 0
[77478] Yato 夜刀 the.markets@kept.ever 1
[77481] -1
[77482] Liskarm 雷蛇 industrial@production.was 4
[77486] -1
[77496] Beehunter 猎蜂 brutal.exploitation@The.bourge 2
[77504] Steward 史都华德 division.of@labour.between 4
[77510] Deepcolor 深海 into.the.background@every.clas 1
[77518] Vulcan 火神 science.into@its.paid 1
[77525] 0
[77531] -1
[77536] 0
[77542] Gitano 远山 place.of.the@old.ones 4
[77543] -1
[77550] 0
[77556] Dobermann 杜宾 bourgeoisie@was.accompanied 1
[77558] 0
[77565] 0
[77571] 0
[77572] -1
[77573] Provence 普罗旺 of.whole.industrial@armies.the 1
[77579] Bison 拜松 there.taxable@third.estate 1
[77586] -1
[77589] Matterhorn 角峰 middle.class@by.industrial 2
[77599] -1
[77608] kMcXcTXLVpEvmpxE 剉囧墄嘾塬 other.nexus@between.man 2
[77615] dLaaIVwFwjaVDaEbAJpw 呰佂姮乖勁 exchange.value@and.in 1
[77621] 0
[77623] 0
[77630] ProjeKTRed 红红 family.its@sentimental.veil 2
[77637] -1
[77642] Hoshiguma 星熊 has.put.an@end.to 1
[77652] -1
[77671] 0
[77674] -1
[77681] -1
[77691] -1
[77694] -1
[77696] -1
[77704] -1
[77709] -1
[77713] -1
[77722] 0
[77731] Mergedinitsspirit 河南省辉县市 08-03 14:04 -> 北京市 08-04 16:58 3102 85568
LEAVESOFGRASS 北京市 08-04 20:52 -> 陕西省商州市 08-05 01:36 372 57520
[77738] 0
[77747] -1
[77756] 0
[77765] -1
[77767] -1
[77774] -1
[77775] -1
[77784] 0
[77785] -1
[77789] -1
[77791] -1
[77795] -1
[77805] -1
[77807] 0
[77809] -1
[77811] 0
[77817] -1
[77822] 0
[77832] -1
[77844] -1
[77853] -1
[77862] 0
[77867] 0
[77877] -1
[77887] 0
[77891] 0
[77901] -1
[77902] 0
[77909] 0
[77915] 0
[77921] 0
[77925] -1
[77933] 0
[77936] -1
[77940] -1
[77942] 0
[77950] -1
[77952] -1
[77962] 0
[77963] -1
[77971] Mergedinitsspirit V
陕西省兴平市 xx-xx xx:xx -> 08-02 10:54 0 85568
河南省辉县市 08-02 13:59 -> 08-02 14:04 174 85568
广西凭祥市 08-02 17:39 -> 08-02 17:42 582 85568
安徽省亳州市 08-02 20:13 -> 08-02 20:16 608 85568
山西省榆次市 08-02 23:47 -> 08-02 23:52 957 85568
山西省高平市 08-03 03:30 -> 08-03 03:38 1350 85568
湖北省枝城市 08-03 05:41 -> 08-03 05:47 1398 85568
河北省遵化市 08-03 07:09 -> 08-03 07:12 1669 85568
四川省峨眉山市 08-03 08:31 -> 08-03 08:37 2138 85568
吉林省榆树市 08-03 10:25 -> 08-03 10:34 2306 85568
安徽省马鞍山市 08-03 12:34 -> 08-03 12:41 2526 85568
云南省开远市 08-03 15:49 -> 08-03 15:54 2927 85568
北京市 08-03 16:58 -> xx-xx xx:xx 3276 x
[77977] -1
[77982] -1
[77991] -1
[77992] 0
[77993] -1
[78001] 0
[78002] -1
[78012] -1
[78018] -1
[78020] -1
[78030] -1
[78034] -1
[78041] -1
[78048] -1
[78052] -1
[78054] -1
[78063] Withvastresultst D
四川省江油市 xx-xx xx:xx -> 06-23 17:36 0 78113
吉林省和龙市 06-23 19:51 -> 06-23 19:58 490 78113
广西贵港市 06-23 22:23 -> 06-23 22:33 636 78113
贵州省贵阳市 06-24 00:59 -> 06-24 01:03 856 78113
浙江省龙泉市 06-24 01:29 -> 06-24 01:35 1026 78113
广东省吴川市 06-24 03:37 -> 06-24 03:46 1484 78113
辽宁省灯塔市 06-24 04:29 -> 06-24 04:37 1609 78113
河南省灵宝市 06-24 06:09 -> 06-24 06:15 2090 78113
吉林省吉林市 06-24 06:55 -> 06-24 07:03 2398 78113
福建省龙岩市 06-24 10:01 -> 06-24 10:10 2451 78113
广东省云浮市 06-24 13:43 -> 06-24 13:47 2526 78113
重庆市合川市 06-24 16:04 -> 06-24 16:07 2643 78113
安徽省巢湖市 06-24 17:14 -> xx-xx xx:xx 2756 x
[78073] 0
[78074] -1
[78083] -1
[78091] -1
[78093] 0
[78097] -1
[78106] -1
[78111] 0
[78117] -1
[78121] -1
[78131] -1
[78140] 0
[78145] -1
[78152] -1
[78156] -1
[78158] -1
[78160] 0
[78170] -1
[78172] -1
[78177] -1
[78184] 0
[78190] -1
[78200] -1
[78209] -1
[78214] -1
[78216] -1
[78219] 0
[78221] -1
[78225] -1
[78231] 0
[78234] -1
[78240] 0
[78248] -1
[78251] -1
[78261] 0
[78266] -1
[78274] -1
[78283] -1
[78289] -1
[78291] 0
[78300] -1
[78309] -1
[78311] -1
[78318] -1
[78323] 0
[78333] -1
[78340] -1
[78343] -1
[78347] -1
[78351] -1
[78353] -1
[78363] -1
[78366] -1
[78374] -1
[78384] -1
[78387] -1
[78392] 0
[78394] -1
[78402] -1
[78409] -1
[78417] -1
[78419] 0
[78425] 0
[78427] 0
[78429] -1
[78432] -1
[78440] -1
[78448] 14
[success] INSCRIPTIONS 辽宁省庄河市 07-22 22:42 -> 安徽省淮北市 07-23 15:48 596 15899
[success] LeavesofGrass 黑龙江省佳木斯市 06-15 11:40 -> 山东省济南市 06-15 16:51 457 3815
[success] INSCRIPTIONS 辽宁省庄河市 07-20 22:42 -> 安徽省淮北市 07-21 15:48 596 18346
[pending] LeavesofGrass 黑龙江省大庆市 06-25 19:34 -> 内蒙临河市 06-26 04:56 931 8078
[success] AndtodefineAmeric 北京市 06-30 05:05 -> 江苏省淮安市 07-01 01:21 756 6094
[success] LeavesofGrass 黑龙江省佳木斯市 06-24 11:40 -> 山东省济南市 06-24 16:51 457 14397
[success] INSCRIPTIONS 辽宁省庄河市 07-23 22:42 -> 天津市 07-25 06:58 1238 18457
[success] LeavesofGrass 河南省辉县市 06-23 02:21 -> 内蒙临河市 06-23 04:56 334 12179
[success] INSCRIPTIONS 辽宁省庄河市 07-21 22:42 -> 安徽省淮北市 07-22 15:48 596 12758
[success] IHEARDthatyouask 山东省滨州市 08-10 15:28 -> 湖南省娄底市 08-11 01:55 773 6917
[success] LeavesofGrass 山东省济南市 06-10 16:58 -> 吉林省白山市 06-10 20:59 556 7697
[success] LeavesofGrass 吉林省白山市 06-12 21:05 -> 湖北省孝感市 06-12 21:55 142 16102
[success] LeavesofGrass 吉林省白山市 06-26 21:05 -> 河南省辉县市 06-27 02:13 286 10028
[success] LeavesofGrass 浙江省慈溪市 06-29 03:15 -> 山西省孝义市 06-29 07:58 389 17727
[78452] -1
[78457] -1
[78463] -1
[78469] Deepcolor 深海 into.the.background@every.clas 1
[78471] -1
[78474] 0
[78476] 1
Withallitsangrya 湖北省松滋市 06-21 02:50 -> 云南省大理市 06-21 12:01 1398 3709
[78483] 0
[78485] -1
[78486] -1
[78496] 0
[78497] -1
[78504] -1
[78508] -1
[78509] 0
[78518] 0
[78528] -1
[78535] 0
[78541] 0
[78547] 0
[78549] 0
[78554] 0
[78562] -1
[78571] -1
[78578] 0
[78582] 0
[78592] -1
[78593] 0
[78600] 0
[78605] -1
[78612] 0
[78613] -1
[78614] 0
[78620] -1
[78630] 0
[78639] -1
[78642] -1
[78648] -1
[78656] -1
[78660] -1
[78662] 0
[78672] -1
[78677] -1
[78679] -1
[78682] -1
[78684] -1
[78693] -1
[78696] -1
[78703] 0
[78710] -1
[78713] -1
[78715] -1
[78723] -1
[78725] -1
[78728] -1
[78730] -1
[78737] 0
[78744] -1
[78750] 0
[78755] IHEARDthatyouask W
天津市 xx-xx xx:xx -> 08-03 04:45 0 34088
吉林省长春市 08-03 08:48 -> 08-03 08:52 106 23471
浙江省临安市 08-03 10:58 -> 08-03 11:03 380 21931
山东省滨州市 08-03 15:18 -> 08-03 15:28 519 17930
广东省台山市 08-03 16:01 -> 08-03 16:07 972 17930
吉林省舒兰市 08-03 21:49 -> 08-03 21:57 1026 30294
四川省江油市 08-04 00:41 -> 08-04 00:49 1069 30294
湖南省娄底市 08-04 01:55 -> xx-xx xx:xx 1292 x
[78765] 0
[78768] 0
[78770] -1
[78780] 0
[78783] -1
[78788] 0
[78791] -1
[78797] -1
[78798] -1
[78805] 0
[78815] -1
[78817] -1
[78822] -1
[78826] 0
[78828] -1
[78830] -1
[78834] -1
[78844] -1
[78854] -1
[78859] 0
[78869] -1
[78879] -1
[78881] -1
[78888] 0
[78895] 0
[78903] -1
[78910] 12
[pending] LeavesofGrass 浙江省慈溪市 06-15 03:15 -> 山东省济南市 06-15 16:51 1249 8401
[success] AndtodefineAmeric 北京市 06-23 05:05 -> 江苏省淮安市 06-24 01:21 756 9123
[pending] LeavesofGrass 内蒙海拉尔市 07-06 23:15 -> 山东省济南市 07-07 16:51 1558 13198
[success] INSCRIPTIONS 安徽省淮北市 08-19 15:57 -> 天津市 08-20 06:58 642 20233
[success] INSCRIPTIONS 广西桂平市 07-17 07:35 -> 天津市 07-18 06:58 841 9119
[pending] LeavesofGrass 广东省揭阳市 07-04 04:33 -> 内蒙临河市 07-05 04:56 2344 7687
[success] INSCRIPTIONS 辽宁省庄河市 07-09 22:42 -> 广西桂平市 07-10 07:25 397 21073
[success] INSCRIPTIONS 安徽省淮北市 07-19 15:57 -> 天津市 07-20 06:58 642 19838
[success] puzzletheNewWorld 陕西省咸阳市 07-03 09:13 -> 河南省郑州市 07-03 10:51 177 15266
[success] INSCRIPTIONS 辽宁省庄河市 07-12 22:42 -> 广西桂平市 07-13 07:25 397 15665
[success] LeavesofGrass 山西省孝义市 06-08 08:08 -> 湖北省孝感市 06-08 21:55 1558 12941
[success] INSCRIPTIONS 山东省平度市 08-16 01:53 -> 天津市 08-16 06:58 471 13169
[78919] 0
[78927] -1
[78932] -1
[78942] -1
[78943] -1
[78950] 0
[78958] 0
[78959] -1
[78968] -1
[78978] -1
[78981] -1
[78985] 0
[78987] -1
[78996] 0
[79004] -1
[79013] -1
[79017] -1
[79018] -1
[79022] -1
[79024] -1
[79030] -1
[79037] -1
[79043] -1
[79047] -1
[79051] -1
[79059] -1
[79068] 0
[79077] 0
[79078] 0
[79082] -1
[79089] -1
[79096] -1
[79097] -1
[79102] -1
[79110] 0
[79114] -1
[79123] 0
[79128] -1
[79137] -1
[79138] 0
[79141] -1
[79144] -1
[79148] -1
[79156] -1
[79159] -1
[79166] 0
[79175] -1
[79184] -1
[79189] -1
[79191] -1
[79198] -1
[79199] -1
[79208] -1
[79216] 0
[79224] -1
[79228] -1
[79232] -1
[79239] 0
[79245] -1
[79248] 0
[79257] 0
[79264] 0
[79265] -1
[79273] -1
[79283] -1
[79284] 0
[79293] -1
[79300] -1
[79303] -1
[79310] 0
[79317] 0
[79320] 0
[79328] 0
[79332] -1
[79335] -1
[79343] -1
[79345] 0
[79350] 0
[79359] -1
[79360] -1
[79363] -1
[79367] 0
[79376] 0
[79384] 0
[79389] -1
[79397] -1
[79398] -1
[79408] 0
[79410] -1
[79411] 0
[79412] -1
[79422] -1
[79431] -1
[79433] -1
[79436] 0
[79443] -1
[79444] -1
[79446] 0
[79448] -1
[79449] 0
[79450] -1
[79454] -1
[79456] -1
[79465] 0
[79466] 0
[79473] -1
[79474] -1
[79481] -1
[79483] -1
[79491] 0
[79497] -1
[79504] -1
[79513] -1
[79523] -1
[79526] -1
[79536] -1
[79544] -1
[79554] -1
[79564] 0
[79574] gdpcILpfBi Q
陕西省汉中市 xx-xx xx:xx -> 08-02 00:56 0 65820
河南省商丘市 08-02 01:06 -> 08-02 01:12 5314 65820
山东省新泰市 08-02 01:20 -> 08-02 01:35 90828 65820
湖北省枝城市 08-02 01:42 -> 08-02 01:52 174845 65820
河南省沁阳市 08-02 02:01 -> 08-02 02:12 265398 65820
山东省枣庄市 08-02 02:24 -> 08-02 02:31 337055 65820
湖南省岳阳市 08-02 02:45 -> 08-02 03:00 377504 65820
西藏日喀则市 08-02 03:13 -> 08-02 03:21 461013 65820
湖南省益阳市 08-02 03:34 -> 08-02 03:46 536741 65820
青海省格尔木市 08-02 03:57 -> 08-02 04:06 601739 65820
广东省揭阳市 08-02 04:18 -> 08-02 04:24 701458 65820
广东省梅州市 08-02 04:35 -> 08-02 04:43 766034 65820
安徽省贵池市 08-02 04:57 -> 08-02 05:03 774747 65820
陕西省商州市 08-02 05:15 -> 08-02 05:27 807541 65820
辽宁省葫芦岛市 08-02 05:34 -> 08-02 05:48 884240 65820
吉林省长春市 08-02 05:53 -> 08-02 06:02 937787 65820
内蒙集宁市 08-02 06:07 -> 08-02 06:12 982766 65820
山东省胶州市 08-02 06:17 -> 08-02 06:28 1022993 65820
江西省高安市 08-02 06:40 -> 08-02 06:53 1028706 65820
吉林省磐石市 08-02 07:01 -> 08-02 07:08 1090903 65820
广西柳州市 08-02 07:18 -> 08-02 07:30 1100421 65820
辽宁省阜新市 08-02 07:45 -> 08-02 08:00 1111124 65820
广东省新会市 08-02 08:15 -> 08-02 08:29 1199378 65820
安徽省宿州市 08-02 08:35 -> 08-02 08:45 1277040 65820
辽宁省大石桥市 08-02 08:52 -> 08-02 09:07 1347319 65820
广东省肇庆市 08-02 09:20 -> 08-02 09:35 1425318 65820
湖南省郴州市 08-02 09:50 -> 08-02 09:57 1455198 65820
江苏省宿迁市 08-02 10:10 -> 08-02 10:23 1512456 65820
广西凭祥市 08-02 10:29 -> 08-02 10:34 1515606 65820
河南省新密市 08-02 10:49 -> 08-02 10:56 1600829 65820
浙江省东阳市 08-02 11:01 -> 08-02 11:16 1630362 65820
四川省资阳市 08-02 11:25 -> 08-02 11:30 1728906 65820
湖北省当阳市 08-02 11:39 -> 08-02 11:52 1801681 65820
浙江省衢州市 08-02 12:07 -> 08-02 12:21 1884275 65820
福建省武夷山市 08-02 12:36 -> 08-02 12:41 1895564 65820
江苏省武进市 08-02 12:53 -> 08-02 13:08 1905427 65820
山东省济南市 08-02 13:19 -> 08-02 13:32 1947618 65820
广东省云浮市 08-02 13:39 -> 08-02 13:49 1972058 65820
山西省潞城市 08-02 14:04 -> xx-xx xx:xx 2009104 x
[79582] -1
[79586] -1
[79589] -1
[79597] 0
[79598] 0
[79603] 0
[79604] -1
[79606] 0
[79609] -1
[79615] -1
[79618] 0
[79624] -1
[79625] 0
[79630] 0
[79637] -1
[79640] -1
[79641] -1
[79643] -1
[79649] 0
[79657] -1
[79664] -1
[79672] 0
[79676] -1
[79678] -1
[79680] -1
[79683] 0
[79687] 0
[79697] 0
[79702] -1
[79710] -1
[79715] -1
[79722] -1
[79726] -1
[79734] 0
[79735] 0
[79743] 0
[79744] 0
[79753] -1
[79759] 0
[79768] -1
[79774] 0
[79775] -1
[79782] -1
[79784] 0
[79794] -1
[79795] -1
[79803] 0
[79804] -1
[79807] -1
[79811] -1
[79820] -1
[79824] 0
[79830] -1
[79831] 0
[79835] -1
[79836] -1
[79839] -1
[79841] INSCRIPTIONS 广西桂平市 07-19 07:35 -> 天津市 07-20 06:58 841 1899
IHEARDthatyouask 天津市 07-21 04:45 -> 吉林省长春市 07-21 08:48 106 17943
[79848] -1
[79854] -1
[79856] 0
[79857] -1
[79865] -1
[79866] -1
[79873] -1
[79881] -1
[79887] -1
[79895] Rangers 巡林者 of.the.earliest@towns.From 2
[79904] -1
[79907] -1
[79912] 0
[79917] -1
[79926] 0
[79935] -1
[79939] 5
[success] LeavesofGrass 广东省揭阳市 06-05 04:33 -> 河南省辉县市 06-06 02:13 2010 10700
[success] LeavesofGrass 黑龙江省鸡西市 06-23 13:01 -> 黑龙江省大庆市 06-23 19:30 588 11409
[success] LeavesofGrass 内蒙海拉尔市 07-02 23:15 -> 浙江省慈溪市 07-03 03:08 309 16049
[success] LeavesofGrass 广东省揭阳市 06-16 04:33 -> 内蒙临河市 06-17 04:56 2344 11910
[success] LeavesofGrass 黑龙江省鸡西市 06-14 13:01 -> 河南省辉县市 06-15 02:13 1185 5719
[79941] 0
[79951] 0
[79956] 0
[79960] -1
[79970] -1
[79972] 0
[79974] -1
[79977] -1
[79984] -1
[79994] -1
[80001] 0
[80011] 0
[80018] -1
[80026] 0
[80028] -1
[80033] -1
[80040] -1
[80042] -1
[80044] -1
[80048] 0
[80050] -1
[80060] -1
[80066] 0
[80067] 0
[80075] 0
[80080] -1
[80084] -1
[80091] -1
[80099] -1
[80108] -1
[80111] -1
[80119] -1
[80126] 0
[80136] -1
[80139] -1
[80147] -1
[80153] 12
[pending] LeavesofGrass 浙江省慈溪市 06-15 03:15 -> 山东省济南市 06-15 16:51 1249 8401
[success] AndtodefineAmeric 北京市 06-23 05:05 -> 江苏省淮安市 06-24 01:21 756 9123
[pending] LeavesofGrass 内蒙海拉尔市 07-06 23:15 -> 山东省济南市 07-07 16:51 1558 13198
[success] INSCRIPTIONS 安徽省淮北市 08-19 15:57 -> 天津市 08-20 06:58 642 20233
[refunded] INSCRIPTIONS 广西桂平市 07-17 07:35 -> 天津市 07-18 06:58 841 9119
[pending] LeavesofGrass 广东省揭阳市 07-04 04:33 -> 内蒙临河市 07-05 04:56 2344 7687
[success] INSCRIPTIONS 辽宁省庄河市 07-09 22:42 -> 广西桂平市 07-10 07:25 397 21073
[success] INSCRIPTIONS 安徽省淮北市 07-19 15:57 -> 天津市 07-20 06:58 642 19838
[success] puzzletheNewWorld 陕西省咸阳市 07-03 09:13 -> 河南省郑州市 07-03 10:51 177 15266
[success] INSCRIPTIONS 辽宁省庄河市 07-12 22:42 -> 广西桂平市 07-13 07:25 397 15665
[success] LeavesofGrass 山西省孝义市 06-08 08:08 -> 湖北省孝感市 06-08 21:55 1558 12941
[success] INSCRIPTIONS 山东省平度市 08-16 01:53 -> 天津市 08-16 06:58 471 13169
[80163] 0
[80167] 0
[80172] -1
[80173] -1
[80178] -1
[80185] -1
[80195] -1
[80203] -1
[80209] -1
[80218] -1
[80222] -1
[80225] -1
[80235] -1
[80243] 0
[80250] -1
[80256] -1
[80266] -1
[80270] -1
[80273] Ithinkallwarthr B
湖南省涟源市 xx-xx xx:xx -> 07-20 16:58 0 51915
山东省枣庄市 07-20 20:12 -> 07-20 20:18 168 51915
贵州省贵阳市 07-20 21:16 -> 07-20 21:22 539 51915
河北省邯郸市 07-21 02:11 -> 07-21 02:21 1025 51915
山西省介休市 07-21 05:42 -> 07-21 05:47 1391 51915
内蒙东胜市 07-21 09:41 -> 07-21 09:46 1700 51915
贵州省铜仁市 07-21 15:45 -> 07-21 15:49 1849 51915
福建省厦门市 07-21 21:12 -> xx-xx xx:xx 1975 x
[80279] 0
[80282] -1
[80289] -1
[80296] -1
[80304] -1
[80307] -1
[80308] -1
[80310] -1
[80315] -1
[80324] 0
[80333] 0
[80338] -1
[80348] 0
[80354] Leizi 惊蛰 all.feudal@patriarchal.idyllic 1
[80358] -1
[80368] -1
[80376] -1
[80380] -1
[80386] -1
[80391] -1
[80397] -1
[80398] -1
[80406] -1
[80414] -1
[80419] 0
[80429] -1
[80433] -1
[80438] -1
[80440] -1
[80442] -1
[80449] 0
[80452] -1
[80455] -1
[80458] 0
[80468] -1
[80475] -1
[80483] 0
[80491] -1
[80495] 0
[80501] Weedy 温蒂 bourgeoisie@is.itself 2
[80505] 0
[80506] -1
[80515] -1
[80521] -1
[80526] 0
[80530] -1
[80538] -1
[80541] 0
[80550] 30
[pending] LeavesofGrass 吉林省白山市 06-06 21:05 -> 河南省辉县市 06-07 02:13 286 11547
[success] IHEARDthatyouask 吉林省长春市 07-13 08:52 -> 吉林省舒兰市 07-13 21:49 920 5324
[success] IHEARDthatyouask 山东省滨州市 08-02 15:28 -> 四川省江油市 08-03 00:41 550 6941
[success] LeavesofGrass 黑龙江省佳木斯市 06-30 11:40 -> 山东省济南市 06-30 16:51 457 6548
[success] advanceinthisbook 湖北省咸宁市 07-25 06:47 -> 重庆市 07-25 11:22 246 11754
[success] IHEARDthatyouask 山东省滨州市 07-24 15:28 -> 湖南省娄底市 07-25 01:55 773 8297
[success] puzzletheNewWorld 辽宁省灯塔市 07-30 05:44 -> 四川省达州市 07-30 18:46 1347 4433
[success] LeavesofGrass 浙江省慈溪市 06-05 03:15 -> 山西省孝义市 06-05 07:58 389 5677
[success] IHEARDthatyouask 天津市 08-10 04:45 -> 湖南省娄底市 08-11 01:55 1292 166
[success] IHEARDthatyouask 山东省滨州市 07-11 15:28 -> 广东省台山市 07-11 16:01 453 5310
[pending] LeavesofGrass 山东省济南市 06-18 16:58 -> 内蒙临河市 06-19 04:56 1176 7273
[success] INSCRIPTIONS 安徽省淮北市 08-17 15:57 -> 山东省平度市 08-18 01:49 171 6654
[pending] LeavesofGrass 黑龙江省佳木斯市 06-20 11:40 -> 河南省辉县市 06-21 02:13 1299 6388
[pending] LeavesofGrass 内蒙海拉尔市 06-05 23:15 -> 山西省孝义市 06-06 07:58 698 9963
[pending] LeavesofGrass 浙江省慈溪市 07-08 03:15 -> 黑龙江省鸡西市 07-08 12:58 906 5840
[success] LeavesofGrass 吉林省白山市 07-04 21:05 -> 湖北省孝感市 07-04 21:55 142 1986
[pending] LeavesofGrass 山西省孝义市 06-24 08:08 -> 湖北省孝感市 06-24 21:55 1558 7877
[success] INSCRIPTIONS 广西桂平市 07-14 07:35 -> 安徽省淮北市 07-14 15:48 199 5942
[success] IHEARDthatyouask 天津市 07-07 04:45 -> 山东省滨州市 07-07 15:18 519 27
[success] LeavesofGrass 山东省济南市 06-07 16:58 -> 河南省辉县市 06-08 02:13 842 17409
[success] INSCRIPTIONS 广西桂平市 08-08 07:35 -> 天津市 08-09 06:58 841 15960
[success] INSCRIPTIONS 辽宁省庄河市 08-14 22:42 -> 安徽省淮北市 08-15 15:48 596 9676
[success] puzzletheNewWorld 辽宁省灯塔市 08-02 05:44 -> 山东省烟台市 08-02 23:52 1580 13474
[success] LeavesofGrass 湖北省孝感市 06-07 22:03 -> 内蒙临河市 06-08 04:56 478 10964
[success] LeavesofGrass 浙江省慈溪市 07-04 03:15 -> 吉林省白山市 07-04 20:59 1805 9116
[success] INSCRIPTIONS 山东省平度市 08-15 01:53 -> 天津市 08-15 06:58 471 8214
[success] INSCRIPTIONS 广西桂平市 08-19 07:35 -> 山东省平度市 08-20 01:49 370 14764
[success] LeavesofGrass 山西省孝义市 06-04 08:08 -> 内蒙临河市 06-05 04:56 2036 15663
[success] LeavesofGrass 吉林省白山市 07-05 21:05 -> 湖北省孝感市 07-05 21:55 142 13101
[success] LeavesofGrass 内蒙海拉尔市 06-05 23:15 -> 湖北省孝感市 06-06 21:55 2256 14417
[80556] -1
[80561] -1
[80569] Ceobe 刻俄 and.Chinese@markets.the 1
[80574] -1
[80575] -1
[80578] 0
[80583] -1
[80585] -1
[80595] -1
[80605] 0
[80611] 0
[80618] -1
[80627] -1
[80633] -1
[80636] -1
[80642] -1
[80650] 0
[80653] -1
[80660] -1
[80666] 0
[80668] 0
[80673] -1
[80676] onthee F
湖北省枣阳市 xx-xx xx:xx -> 07-30 08:51 0 58697
北京市 07-30 09:45 -> 07-30 09:52 393 58697
江苏省溧阳市 07-30 12:06 -> 07-30 12:12 691 58697
江苏省泰兴市 07-30 13:28 -> 07-30 13:35 849 58697
福建省建瓯市 07-30 15:56 -> 07-30 16:02 1248 58697
河南省焦作市 07-30 17:56 -> 07-30 18:05 1294 58697
吉林省梅河口市 07-30 20:12 -> 07-30 20:20 1383 58697
内蒙集宁市 07-30 22:48 -> 07-30 22:58 1415 58697
河南省郑州市 07-31 01:10 -> 07-31 01:14 1874 58697
江西省宜春市 07-31 02:40 -> 07-31 02:45 1915 58697
山东省滨州市 07-31 04:17 -> 07-31 04:21 2004 58697
河南省长葛市 07-31 06:32 -> 07-31 06:35 2158 58697
吉林省双辽市 07-31 08:45 -> 07-31 08:50 2527 58697
山西省榆次市 07-31 10:21 -> 07-31 10:24 2752 58697
山西省原平市 07-31 12:14 -> 07-31 12:19 3010 58697
甘肃省平凉市 07-31 12:58 -> 07-31 13:05 3086 58697
广东省珠海市 07-31 13:56 -> 07-31 14:00 3546 58697
广东省澄海市 07-31 15:20 -> xx-xx xx:xx 3903 x
[80677] -1
[80678] 0
[80679] -1
[80680] -1
[80681] -1
[80687] -1
[80693] -1
[80697] -1
[80701] -1
[80709] -1
[80710] -1
[80720] 0
[80724] -1
[80725] -1
[80735] -1
[80738] -1
[80747] -1
[80754] -1
[80763] 0
[80767] 0
[80770] 0
[80775] -1
[80780] -1
[80783] -1
[80787] -1
[80793] -1
[80800] -1
[80809] -1
[80818] -1
[80828] -1
[80830] -1
[80834] -1
[80835] 0
[80845] -1
[80846] 0
[80849] -1
[80856] -1
[80863] -1
[80869] -1
[80878] -1
[80882] -1
[80883] -1
[80891] 0
[80899] 0
[80908] -1
[80916] 0
[80924] -1
[80925] -1
[80932] -1
[80941] -1
[80943] -1
[80944] -1
[80953] -1
[80954] 0
[80958] 0
[80963] -1
[80971] -1
[80980] 0
[80985] -1
[80990] -1
[80998] 0
[81005] -1
[81009] 0
[81015] 0
[81020] 0
[81026] -1
[81033] 0
[81035] 0
[81037] -1
[81043] -1
[81049] -1
[81057] -1
[81060] -1
[81069] -1
[81070] -1
[81075] 0
[81084] 0
[81091] -1
[81094] -1
[81100] -1
[81101] -1
[81104] -1
[81110] -1
[81120] 0
[81121] -1
[81128] -1
[81131] -1
[81136] -1
[81139] -1
[81146] -1
[81150] 0
[81159] -1
[81164] 0
[81166] 0
[81171] -1
[81174] -1
[81180] 0
[81184] -1
[81190] -1
[81194] 0
[81199] 0
[81205] -1
[81212] -1
[81215] 0
[81218] -1
[81219] -1
[81225] -1
[81229] -1
[81234] -1
[81235] -1
[81242] -1
[81249] 0
[81256] -1
[81258] -1
[81259] -1
[81266] 0
[81270] -1
[81273] 0
[81275] 0
[81276] -1
[81278] -1
[81288] 0
[81295] -1
[81301] -1
[81309] -1
[81310] 0
[81319] -1
[81326] 0
[81335] -1
[81343] 0
[81347] 0
[81355] -1
[81358] -1
[81361] -1
[81371] -1
[81372] -1
[81375] -1
[81382] 0
[81383] -1
[81393] -1
[81401] -1
[81403] -1
[81404] 0
[81406] -1
[81407] -1
[81412] -1
[81420] -1
[81429] -1
[81430] -1
[81437] -1
[81438] -1
[81439] -1
[81444] -1
[81454] 0
[81462] -1
[81466] -1
[81474] 0
[81478] 0
[81488] 0
[81493] -1
[81502] 0
[81514] -1
[81521] -1
[81530] -1
[81533] -1
[81539] 0
[81547] -1
[81556] 0
[81566] -1
[81569] 0
[81578] -1
[81581] -1
[81591] 0
[81600] 0
[81608] -1
[81617] -1
[81621] 0
[81622] -1
[81625] -1
[81632] -1
[81641] -1
[81651] -1
[81652] 0
[81658] 0
[81664] 0
[81667] Deepcolor 深海 into.the.background@every.clas 1
[81677] 0
[81681] 0
[81691] 1
NQhaQDlquQCq 贵州省贵阳市 07-04 09:54 -> 河南省灵宝市 07-04 19:49 1628747 93016
[81693] -1
[81701] -1
[81704] 0
[81714] -1
[81721] -1
[81723] -1
[81727] 0
[81733] -1
[81740] 10
[success] LeavesofGrass 浙江省慈溪市 06-17 03:15 -> 黑龙江省鸡西市 06-17 12:58 906 10966
[success] IHEARDthatyouask 四川省江油市 07-21 00:49 -> 湖南省娄底市 07-21 01:55 223 7040
[success] IHEARDthatyouask 浙江省临安市 07-21 11:03 -> 四川省江油市 07-22 00:41 689 1526
[success] LeavesofGrass 内蒙海拉尔市 06-11 23:15 -> 黑龙江省鸡西市 06-12 12:58 1215 6463
[success] LeavesofGrass 山东省济南市 06-26 16:58 -> 河南省辉县市 06-27 02:13 842 8684
[success] puzzletheNewWorld 四川省达州市 07-01 18:55 -> 广西百色市 07-02 01:47 630 11593
[success] INSCRIPTIONS 安徽省淮北市 07-26 15:57 -> 山东省平度市 07-27 01:49 171 1497
[success] IHEARDthatyouask 浙江省临安市 07-16 11:03 -> 山东省滨州市 07-16 15:18 139 2552
[success] LeavesofGrass 山东省济南市 06-21 16:58 -> 黑龙江省大庆市 06-21 19:30 245 5043
[success] LeavesofGrass 黑龙江省佳木斯市 06-23 11:40 -> 山东省济南市 06-23 16:51 457 4734
[81745] 0
[81753] -1
[81754] -1
[81756] -1
[81757] -1
[81758] 0
[81768] 0
[81769] -1
[81774] -1
[81779] -1
[81784] 0
[81789] -1
[81792] 0
[81796] -1
[81799] 0
[81809] -1
[81811] -1
[81814] -1
[81823] -1
[81825] -1
[81834] 0
[81844] -1
[81845] -1
[81846] -1
[81847] Lappland 拉普兰德 calculation@It.has 2
[81857] -1
[81861] -1
[81867] -1
[81871] -1
[81876] -1
[81878] -1
[81881] -1
[81888] 1
Afterastrangesad 安徽省芜湖市 07-05 17:20 -> 吉林省松原市 07-06 07:14 1508 45046
[81891] 0
[81892] 0
[81894] 0
[81899] -1
[81904] -1
[81913] -1
[81922] 0
[81923] -1
[81933] -1
[81936] 0
[81943] -1
[81949] -1
[81955] 0
[81959] -1
[81967] -1
[81968] -1
[81969] 0
[81971] -1
[81979] -1
[81988] -1
[81989] 0
[81999] 0
[82006] 0
[82012] 0
[82021] 0
[82027] 0
[82036] 0
[82037] 0
[82040] 0
[82044] 0
[82047] 0
[82056] 0
[82060] 0
[82061] 0
[82063] 0
[82065] 0
[82073] 0
[82079] 0
[82087] 0
[82090] 0
[82097] 0
[82101] 0
[82104] 0
[82111] 0
[82112] 0
[82117] 0
[82126] 0
[82132] 0
[82133] 0
[82134] 0
[82144] 0
[82151] 0
[82158] 0
[82161] 0
[82169] -1
[82179] -1
[82181] 0
[82189] 0
[82192] -1
[82194] -1
[82197] 0
[82204] 0
[82212] -1
[82220] -1
[82223] -1
[82231] -1
[82241] -1
[82251] 0
[82253] 0
[82260] -1
[82265] -1
[82269] -1
[82279] 0
[82286] 0
[82294] -1
[82297] -1
[82303] -1
[82306] -1
[82312] -1
[82315] 0
[82322] -1
[82325] -1
[82331] 0
[82339] 0
[82340] 0
[82350] 0
[82354] -1
[82360] -1
[82364] -1
[82372] jGdOtRfehmKFytrj Y
广西南宁市 xx-xx xx:xx -> 06-14 02:47 0 47912
新疆米泉市 06-14 02:56 -> 06-14 03:06 61444 47912
河南省永城市 06-14 03:18 -> 06-14 03:30 65250 47912
天津市 06-14 03:40 -> 06-14 03:50 122442 47912
内蒙集宁市 06-14 03:59 -> 06-14 04:10 148748 47912
辽宁省铁岭市 06-14 04:25 -> 06-14 04:38 226209 47912
湖北省咸宁市 06-14 04:49 -> 06-14 05:00 251099 47912
辽宁省庄河市 06-14 05:10 -> 06-14 05:20 257331 47912
广西柳州市 06-14 05:33 -> 06-14 05:42 258293 47912
贵州省都匀市 06-14 05:53 -> 06-14 06:04 288148 47912
辽宁省凤城市 06-14 06:18 -> 06-14 06:27 376585 47912
河南省长葛市 06-14 06:42 -> 06-14 06:53 449551 47912
吉林省图们市 06-14 07:01 -> 06-14 07:13 544751 47912
四川省峨眉山市 06-14 07:21 -> 06-14 07:36 592188 47912
辽宁省阜新市 06-14 07:50 -> 06-14 08:00 615830 47912
河南省荥阳市 06-14 08:08 -> 06-14 08:13 648636 47912
海南省万宁市 06-14 08:19 -> 06-14 08:34 748358 47912
福建省厦门市 06-14 08:39 -> 06-14 08:44 771568 47912
吉林省德惠市 06-14 08:51 -> 06-14 08:56 844376 47912
河南省平顶山市 06-14 09:02 -> 06-14 09:15 868042 47912
辽宁省凌海市 06-14 09:28 -> 06-14 09:42 944451 47912
宁夏吴忠市 06-14 09:54 -> 06-14 10:01 961119 47912
河南省新郑市 06-14 10:08 -> 06-14 10:16 993875 47912
河北省保定市 06-14 10:31 -> 06-14 10:38 1018052 47912
辽宁省大石桥市 06-14 10:43 -> 06-14 10:50 1066967 47912
甘肃省嘉峪关市 06-14 11:00 -> 06-14 11:05 1085707 47912
山东省滨州市 06-14 11:11 -> xx-xx xx:xx 1096713 x
[82382] -1
[82390] 0
[82392] -1
[82395] 0
[82405] 1
NQhaQDlquQCq 江西省宜春市 08-10 04:48 -> 安徽省淮北市 08-10 12:08 1232917 93016
[82414] 0
[82421] 0
[82431] -1
[82436] -1
[82443] -1
[82453] -1
[82461] -1
[82467] -1
[82471] 0
[82479] -1
[82482] 0
[82491] -1
[82498] 0
[82501] -1
[82509] -1
[82516] -1
[82523] 0
[82527] -1
[82528] -1
[82535] -1
[82537] -1
[82546] -1
[82553] -1
[82562] -1
[82566] -1
[82573] -1
[82580] -1
[82587] -1
[82594] -1
[82597] 0
[82606] -1
[82615] -1
[82619] 0
[82625] -1
[82629] -1
[82638] -1
[82645] -1
[82647] 1
NQhaQDlquQCq 安徽省亳州市 08-08 11:12 -> 山东省青州市 08-08 12:56 297645 93016
[82654] -1
[82658] -1
[82668] -1
[82674] -1
[82680] -1
[82688] Hibiscus 芙蓉 its.capital@and.pushed 2
[82695] -1
[82701] -1
[82705] 0
[82709] 0
[82718] -1
[82719] -1
[82725] -1
[82734] -1
[82739] 0
[82741] -1
[82742] -1
[82747] TnjKjHWYPNWMmzi 倖忇应崲 modern.State@is.but 1
[82752] -1
[82759] -1
[82768] -1
[82778] -1
[82784] -1
[82788] -1
[82796] 0
[82803] -1
[82807] -1
[82809] -1
[82817] -1
[82819] 1
Deathlessthroughout 山西省朔州市 06-10 01:42 -> 陕西省延安市 06-10 11:16 1567 43088
[82825] -1
[82826] -1
[82828] 0
[82835] -1
[82840] -1
[82845] -1
[82851] -1
[82861] -1
[82870] 0
[82871] -1
[82881] -1
[82883] -1
[82893] 0
[82901] -1
[82903] -1
[82912] -1
[82915] -1
[82921] -1
[82923] -1
[82928] 0
[82934] -1
[82938] onthee F
湖北省枣阳市 xx-xx xx:xx -> 07-28 08:51 0 58697
北京市 07-28 09:45 -> 07-28 09:52 393 58697
江苏省溧阳市 07-28 12:06 -> 07-28 12:12 691 58697
江苏省泰兴市 07-28 13:28 -> 07-28 13:35 849 58697
福建省建瓯市 07-28 15:56 -> 07-28 16:02 1248 58697
河南省焦作市 07-28 17:56 -> 07-28 18:05 1294 58697
吉林省梅河口市 07-28 20:12 -> 07-28 20:20 1383 58697
内蒙集宁市 07-28 22:48 -> 07-28 22:58 1415 58697
河南省郑州市 07-29 01:10 -> 07-29 01:14 1874 58697
江西省宜春市 07-29 02:40 -> 07-29 02:45 1915 58697
山东省滨州市 07-29 04:17 -> 07-29 04:21 2004 58697
河南省长葛市 07-29 06:32 -> 07-29 06:35 2158 58697
吉林省双辽市 07-29 08:45 -> 07-29 08:50 2527 58697
山西省榆次市 07-29 10:21 -> 07-29 10:24 2752 58697
山西省原平市 07-29 12:14 -> 07-29 12:19 3010 58697
甘肃省平凉市 07-29 12:58 -> 07-29 13:05 3086 58697
广东省珠海市 07-29 13:56 -> 07-29 14:00 3546 58697
广东省澄海市 07-29 15:20 -> xx-xx xx:xx 3903 x
[82948] -1
[82956] 0
[82959] -1
[82969] -1
[82977] -1
[82987] -1
[82994] -1
[82999] -1
[83005] -1
[83011] 0
[83019] -1
[83024] -1
[83031] -1
[83038] 0
[83041] -1
[83043] -1
[83052] -1
[83057] -1
[83059] -1
[83063] -1
[83071] 1
VmMyiL 江苏省宿迁市 08-13 20:24 -> 江苏省大丰市 08-14 02:25 1070209 73745
[83074] 0
[83082] -1
[83089] -1
[83094] Thouorbofmanyorb D
辽宁省沈阳市 xx-xx xx:xx -> 08-03 19:20 0 84891
广西百色市 08-03 21:54 -> 08-03 21:58 18 84891
江苏省宿迁市 08-04 01:28 -> 08-04 01:32 132 84891
北京市 08-04 04:31 -> 08-04 04:36 452 84891
山东省日照市 08-04 08:40 -> 08-04 08:48 549 84891
天津市 08-04 09:59 -> 08-04 10:05 840 84891
浙江省瑞安市 08-04 11:54 -> 08-04 11:58 970 84891
辽宁省兴城市 08-04 14:01 -> 08-04 14:06 982 84891
广东省梅州市 08-04 15:55 -> 08-04 16:05 1214 84891
贵州省六盘水市 08-04 17:32 -> 08-04 17:42 1578 84891
吉林省磐石市 08-04 18:38 -> xx-xx xx:xx 1713 x
[83103] 0
[83105] 0
[83113] 0
[83121] 0
[83128] 0
[83133] 0
[83134] 0
[83143] 0
[83144] 0
[83153] 0
[83154] 0
[83160] 0
[83168] 0
[83177] 0
[83186] 0
[83189] 0
[83192] 0
[83197] 0
[83198] 0
[83207] 0
[83212] 0
[83213] 0
[83220] 0
[83228] -1
[83235] -1
[83245] -1
[83255] 0
[83258] -1
[83262] 0
[83263] -1
[83270] -1
[83280] 0
[83286] -1
[83294] -1
[83300] -1
[83301] -1
[83304] 0
[83311] -1
[83317] 0
[83327] -1
[83328] 0
[83331] 0
[83335] -1
[83343] -1
[83346] -1
[83347] -1
[83348] -1
[83350] -1
[83358] -1
[83367] 0
[83370] -1
[83379] -1
[83385] 0
[83386] -1
[83396] 0
[83406] -1
[83413] -1
[83422] -1
[83424] -1
[83426] -1
[83427] -1
[83436] -1
[83439] 0
[83446] -1
[83448] -1
[83456] -1
[83458] -1
[83466] -1
[83470] -1
[83473] 0
[83475] 0
[83485] -1
[83493] -1
[83494] 0
[83499] Breeze 微风 is.the.Opposition@that.has 3
[83504] 0
[83505] -1
[83512] -1
[83518] -1
[83521] 0
[83527] -1
[83528] 0
[83536] -1
[83546] -1
[83547] -1
[83556] 0
[83561] 0
[83570] -1
[83576] 0
[83586] -1
[83596] -1
[83598] -1
[83604] 0
[83608] -1
[83617] -1
[83619] -1
[83629] -1
[83638] -1
[83642] -1
[83643] IHEARDthatyouask W
天津市 xx-xx xx:xx -> 07-01 04:45 0 26007
吉林省长春市 07-01 08:48 -> 07-01 08:52 106 34088
浙江省临安市 07-01 10:58 -> 07-01 11:03 380 34088
山东省滨州市 07-01 15:18 -> 07-01 15:28 519 34088
广东省台山市 07-01 16:01 -> 07-01 16:07 972 18728
吉林省舒兰市 07-01 21:49 -> 07-01 21:57 1026 18728
四川省江油市 07-02 00:41 -> 07-02 00:49 1069 18728
湖南省娄底市 07-02 01:55 -> xx-xx xx:xx 1292 x
[83646] -1
[83647] -1
[83655] -1
[83660] -1
[83662] -1
[83667] -1
[83670] -1
[83676] -1
[83681] -1
[83685] -1
[83693] -1
[83696] -1
[83702] -1
[83710] -1
[83712] -1
[83716] -1
[83719] -1
[83721] 0
[83722] -1
[83732] -1
[83735] -1
[83739] -1
[83748] -1
[83753] Thousternremorsel F
河南省永城市 xx-xx xx:xx -> 07-27 05:35 0 24953
北京市 07-27 07:44 -> 07-27 07:49 301 24953
云南省开远市 07-27 12:09 -> 07-27 12:18 392 24953
广东省增城市 07-27 14:43 -> 07-27 14:49 654 24953
江苏省武进市 07-27 19:29 -> 07-27 19:33 782 24953
天津市 07-28 00:43 -> 07-28 00:52 858 24953
黑龙江省肇东市 07-28 04:22 -> 07-28 04:25 1044 24953
内蒙东胜市 07-28 09:48 -> 07-28 09:55 1211 24953
西藏日喀则市 07-28 11:04 -> xx-xx xx:xx 1437 x
[83754] -1
[83762] -1
[83771] -1
[83775] -1
[83780] -1
[83786] -1
[83788] -1
[83792] -1
[83796] -1
[83805] -1
[83810] -1
[83818] -1
[83827] -1
[83835] 0
[83844] -1
[83846] 0
[83851] 0
[83852] 0
[83856] 0
[83859] 0
[83861] 0
[83863] 0
[83870] 0
[83872] 0
[83873] 0
[83878] 0
[83885] 0
[83894] 0
[83898] 0
[83901] -1
[83908] -1
[83914] -1
[83920] -1
[83922] -1
[83925] -1
[83932] -1
[83941] 0
[83948] 0
[83950] -1
[83958] -1
[83961] -1
[83965] -1
[83972] -1
[83977] -1
[83983] -1
[83993] -1
[84002] -1
[84012] -1
[84021] -1
[84026] -1
[84028] -1
[84038] -1
[84047] 0
[84048] -1
[84057] Ansel 安赛尔 in.a.word.oppressor@and.oppres 7
[84058] -1
[84065] 0
[84071] 0
[84078] -1
[84083] -1
[84090] -1
[84098] 0
[84101] -1
[84107] 0
[84109] -1
[84110] 0
[84111] -1
[84119] -1
[84123] 0
[84125] 0
[84133] 0
[84139] -1
[84142] -1
[84143] 0
[84148] -1
[84156] 0
[84157] 0
[84166] -1
[84176] -1
[84180] -1
[84185] -1
[84186] -1
[84195] 0
[84200] 0
[84204] -1
[84205] -1
[84208] 0
[84212] -1
[84220] -1
[84228] 0
[84229] -1
[84230] -1
[84236] -1
[84245] -1
[84251] -1
[84258] -1
[84264] -1
[84269] -1
[84279] -1
[84284] -1
[84291] -1
[84299] -1
[84301] 0
[84304] -1
[84312] -1
[84322] -1
[84323] -1
[84326] -1
[84335] -1
[84339] -1
[84347] -1
[84354] -1
[84361] -1
[84371] -1
[84375] 0
[84385] -1
[84388] -1
[84394] -1
[84403] -1
[84408] -1
[84417] -1
[84420] -1
[84425] -1
[84429] -1
[84439] -1
[84443] bye
