[115747] -1
[115751] -1
[115759] -1
[115762] -1
[115772] -1
[115777] -1
[115787] 0
[115797] -1
[115804] 0
[115814] 0
[115817] -1
[115821] -1
[115831] 0
[115841] -1
[115842] 0
[115850] 0
[115855] -1
[115861] 0
[115870] 0
[115871] 0
[115876] -1
[115881] -1
[115885] -1
[115892] -1
[115897] 0
[115900] -1
[115903] -1
[115906] -1
[115909] -1
[115916] 0
[115926] -1
[115928] -1
[115931] -1
[115937] 0
[115938] -1
[115945] 0
[115951] -1
[115952] -1
[115953] 0
[115963] INSCRIPTIONS J
贵州省清镇市 xx-xx xx:xx -> 07-23 16:24 0 68112
黑龙江省五大连池市 07-23 19:12 -> 07-23 19:22 173 63376
云南省安宁市 07-23 20:42 -> 07-23 20:50 329 43520
广东省高要市 07-23 21:36 -> 07-23 21:40 465 53763
广东省惠阳市 07-24 01:32 -> 07-24 01:41 618 41644
北京市 07-24 06:40 -> 07-24 06:46 1029 50900
江苏省扬州市 07-24 08:14 -> 07-24 08:17 1229 50900
湖北省枣阳市 07-24 11:59 -> 07-24 12:03 1717 63376
新疆米泉市 07-24 14:38 -> xx-xx xx:xx 1879 x
[115967] 0
[115969] -1
[115976] -1
[115981] -1
[115982] INSCRIPTIONS J
贵州省清镇市 xx-xx xx:xx -> 07-13 16:24 0 46030
黑龙江省五大连池市 07-13 19:12 -> 07-13 19:22 173 32159
云南省安宁市 07-13 20:42 -> 07-13 20:50 329 55484
广东省高要市 07-13 21:36 -> 07-13 21:40 465 51502
广东省惠阳市 07-14 01:32 -> 07-14 01:41 618 55484
北京市 07-14 06:40 -> 07-14 06:46 1029 70655
江苏省扬州市 07-14 08:14 -> 07-14 08:17 1229 70655
湖北省枣阳市 07-14 11:59 -> 07-14 12:03 1717 70655
新疆米泉市 07-14 14:38 -> xx-xx xx:xx 1879 x
[115988] -1
[115990] -1
[115995] -1
[116002] 0
[116005] 0
[116006] 0
[116008] 0
[116010] 0
[116011] 0
[116013] 0
[116015] 0
[116023] 0
[116033] 0
[116038] 0
[116043] 0
[116052] 0
[116061] 0
[116069] 0
[116078] 0
[116085] 0
[116091] 0
[116100] 0
[116101] 0
[116103] 0
[116110] 0
[116119] 0
[116126] 0
[116135] 0
[116143] 0
[116152] 0
[116157] 0
[116166] 0
[116168] 0
[116170] -1
[116174] 3221977
[116180] 3
TOtheeoldcause 天津市 08-13 17:57 -> 北京市 08-14 05:48 393 90891
AndtodefineAmeric 天津市 08-13 08:57 -> 北京市 08-13 22:38 2583 80198
Afterastrangesad 天津市 08-13 16:53 -> 北京市 08-14 20:52 4494 68496
[116189] 1
TOTHEEOLDCAUSE 湖北省麻城市 07-19 20:21 -> 安徽省桐城市 07-20 11:13 1291 33971
[116197] 1
LeavesofGrass 新疆塔城市 07-15 07:38 -> 新疆博乐市 07-16 06:04 3525 2808
[116200] Glaucus 格劳克斯 the.increase@in.the 2
[116205] queue
[116210] 0
[116220] -1
[116228] -1
[116232] 1
AndtodefineAmeric 云南省保山市 06-15 09:33 -> 湖南省吉首市 06-16 11:01 3225 80198
[116240] 7980050
[116246] NoirCorne 黑角 its.time.reacted@on.the 1
[116252] -1
[116260] -1
[116267] 1
puzzletheNewWorld 辽宁省辽阳市 07-23 13:05 -> 黑龙江省尚志市 07-23 20:04 805 47885
[116275] 8487675
[116285] 9
[success] INSCRIPTIONS 云南省安宁市 07-11 20:50 -> 广东省惠阳市 07-12 01:32 289 12405
[success] puzzletheNewWorld 辽宁省辽阳市 08-04 13:05 -> 四川省绵竹市 08-05 14:44 1718 10347
[success] LeavesofGrass 辽宁省抚顺市 07-23 14:24 -> 广东省花都市 07-24 01:39 2007 4702
[success] LeavesofGrass 浙江省平湖市 07-30 08:59 -> 浙江省杭州市 07-30 11:46 400 7918
[success] INSCRIPTIONS 黑龙江省五大连池市 07-17 19:22 -> 广东省惠阳市 07-18 01:32 445 8617
[success] INSCRIPTIONS 黑龙江省五大连池市 07-22 19:22 -> 广东省高要市 07-22 21:36 292 10060
[success] INSCRIPTIONS 广东省惠阳市 06-28 01:41 -> 湖北省枣阳市 06-28 11:59 1099 11620
[success] LeavesofGrass 新疆塔城市 06-29 07:38 -> 河南省偃师市 06-30 03:28 3332 19401
[success] LeavesofGrass 湖南省衡阳市 07-09 16:20 -> 广东省花都市 07-10 01:39 1762 21243
[116286] -1
[116290] 384680
[116292] 1
Ithinkallwarthr 山东省栖霞市 07-12 21:55 -> 河南省汝州市 07-13 09:13 1925 86945
[116298] Steward 史都华德 society.at@large.or 1
[116306] ProjeKTRed 红红 everywhere@a.complicated 1
[116313] Indra 因陀罗 ruins.of.feudal@society.has 1
[116317] Specter 幽灵鲨 and.plebeian@lord.and 1
[116319] -1
[116329] Zima 凛冬 industrial@production.was 2
[116331] 1
LeavesofGrass 陕西省安康市 08-03 17:25 -> 河北省河间市 08-03 18:01 25 47463
[116339] 0
[116347] 1
ThereforeIsendyou 山东省胶南市 07-02 10:07 -> 安徽省宁国市 07-02 19:16 632 3759
[116353] 22
[success] IHEARDthatyouask 广东省云浮市 07-21 19:00 -> 四川省彭州市 07-21 23:13 20 12236
[success] puzzletheNewWorld 黑龙江省尚志市 07-22 20:11 -> 河南省登封市 07-23 09:52 614 7048
[pending] LeavesofGrass 辽宁省抚顺市 07-07 14:24 -> 河南省偃师市 07-08 03:28 2239 23230
[pending] LeavesofGrass 浙江省杭州市 06-29 11:52 -> 新疆博乐市 06-30 06:04 2834 4682
[success] puzzletheNewWorld 辽宁省辽阳市 07-09 13:05 -> 湖南省岳阳市 07-09 16:56 379 5788
[success] INSCRIPTIONS 广东省惠阳市 06-29 01:41 -> 新疆米泉市 06-29 14:38 1261 12891
[pending] LeavesofGrass 新疆塔城市 07-16 07:38 -> 河南省偃师市 07-17 03:28 3332 12669
[pending] LeavesofGrass 浙江省杭州市 08-01 11:52 -> 黑龙江省海林市 08-01 22:46 1795 13201
[success] LeavesofGrass 广东省花都市 08-02 01:43 -> 新疆伊宁市 08-02 08:52 827 7253
[success] INSCRIPTIONS 云南省安宁市 07-01 20:50 -> 广东省惠阳市 07-02 01:32 289 15370
[success] LeavesofGrass 浙江省平湖市 08-01 08:59 -> 湖南省衡阳市 08-01 16:17 1047 2451
[pending] LeavesofGrass 浙江省平湖市 07-04 08:59 -> 河南省偃师市 07-05 03:28 3041 16680
[success] INSCRIPTIONS 广东省高要市 07-09 21:40 -> 新疆米泉市 07-10 14:38 1414 7623
[success] puzzletheNewWorld 辽宁省辽阳市 07-27 13:05 -> 北京市 07-28 02:45 964 1457
[success] LeavesofGrass 新疆博乐市 07-31 06:11 -> 浙江省慈溪市 07-31 09:48 472 15986
[success] INSCRIPTIONS 黑龙江省五大连池市 08-04 19:22 -> 广东省惠阳市 08-05 01:32 445 1123
[pending] LeavesofGrass 河南省灵宝市 07-26 23:45 -> 新疆伊宁市 07-27 08:52 941 24332
[success] LeavesofGrass 河南省灵宝市 06-30 23:45 -> 浙江省慈溪市 07-01 09:48 1011 7239
[success] INSCRIPTIONS 云南省安宁市 08-15 20:50 -> 新疆米泉市 08-16 14:38 1550 11880
[success] IHEARDthatyouask 广东省云浮市 07-10 19:00 -> 四川省彭州市 07-10 23:13 20 12581
[success] LeavesofGrass 浙江省平湖市 07-31 08:59 -> 新疆博乐市 08-01 06:04 3234 4582
[success] LeavesofGrass 福建省建阳市 07-12 21:19 -> 新疆伊宁市 07-13 08:52 1455 22986
[116354] 1
ThereforeIsendyou 浙江省舟山市 07-07 10:45 -> 河南省驻马店市 07-07 13:30 377 3759
[116364] 1
Deathlessthroughout 吉林省长春市 07-29 23:28 -> 江西省南昌市 07-30 03:32 102 73160
[116366] Exusiai 能天使 of.America@the.rounding 1
[116368] Kroos 克洛丝 extension.of@industry.and 1
[116371] GreyThroat 灰喉 Freeman.and@slave.patrician 1
[116381] -1
[116391] -1
[116397] 1
IHEARDthatyouask 广东省云浮市 07-21 19:00 -> 四川省彭州市 07-21 23:13 20 74686
[116402] 909636
[116409] 1
ThereforeIsendyou 新疆喀什市 07-31 02:53 -> 浙江省舟山市 07-31 10:35 412 3759
[116419] 14111652
[116425] -1
[116427] -1
[116431] Manticore 狮蝎 not.hurled@back.the 2
[116432] 1
TOTHEEOLDCAUSE 吉林省长春市 06-10 04:55 -> 山西省太原市 06-10 07:46 408 33971
[116437] 1
IHEARDthatyouask 新疆吐鲁番市 07-23 05:55 -> 广东省云浮市 07-23 18:52 725 53010
[116440] queue
[116441] 8383680
[116449] 1
IHEARDthatyouask 新疆吐鲁番市 07-20 05:55 -> 广东省云浮市 07-20 18:52 725 59390
[116457] queue
[116458] NoirCorne 黑角 its.time.reacted@on.the 1
[116462] 616233
[116468] Manticore 狮蝎 not.hurled@back.the 2
[116472] 1
whatyouwanted 安徽省阜阳市 07-12 08:24 -> 吉林省双辽市 07-12 14:29 891 30519
[116479] Aak 阿阿 in.almost.all@of.these 1
[116484] 4116777
[116494] 1
Afterastrangesad 山东省乳山市 08-21 18:58 -> 湖北省荆门市 08-22 00:32 949 68496
[116502] 858195
[116503] 1
puzzletheNewWorld 黑龙江省尚志市 06-22 20:11 -> 河南省登封市 06-23 09:52 614 27325
[116508] Spot 斑点 with.a.Manifesto@of.the 1
[116516] Zima 凛冬 industrial@production.was 2
[116518] -1
[116519] 1
LeavesofGrass 浙江省杭州市 07-20 11:52 -> 新疆博乐市 07-21 06:04 2834 3778
[116523] queue
[116530] ShiraYuki 白雪 and.Danish@languages.I 3
[116533] 4
[success] puzzletheNewWorld 辽宁省辽阳市 08-17 13:05 -> 湖南省岳阳市 08-17 16:56 379 7640
[success] LeavesofGrass 广东省四会市 07-04 15:39 -> 新疆博乐市 07-05 06:04 2427 81
[success] INSCRIPTIONS 广东省惠阳市 06-21 01:41 -> 新疆米泉市 06-21 14:38 1261 3863
[success] LeavesofGrass 浙江省平湖市 07-10 08:59 -> 浙江省慈溪市 07-11 09:48 3706 329
[116537] -1
[116541] Dobermann 杜宾 in.a.word.oppressor@and.oppres 1
[116545] 1
INSCRIPTIONS 贵州省清镇市 06-29 16:24 -> 湖北省枣阳市 06-30 11:59 1717 54599
[116551] 1
whatyouwanted 辽宁省盖州市 07-12 20:30 -> 河南省洛阳市 07-13 12:55 2671 30519
[116557] Snowsant 雪雉 new.forms.of@struggle.in 2
[116562] 1
AndtodefineAmeric 山东省高密市 08-21 13:02 -> 湖南省吉首市 08-22 11:01 2492 80198
[116564] -1
[116569] -1
[116571] Shamare 巫恋 rising.Even@manufacture.no 1
[116581] 0
[116582] 1680503
[116591] 1
INSCRIPTIONS 贵州省清镇市 06-14 16:24 -> 黑龙江省五大连池市 06-14 19:12 173 54547
[116596] 1408704
[116606] 34600
[116612] 15190514
[116622] Scavenger 清道夫 division.of@labour.between 1
[116627] -1
[116631] 0
[116636] 1
IHEARDthatyouask 天津市 07-24 06:35 -> 四川省彭州市 07-24 23:13 249 73290
[116646] 8312718
[116652] 1
AndtodefineAmeric 江苏省吴江市 08-27 17:00 -> 江西省南康市 08-28 05:58 769 80198
[116662] 1
LeavesofGrass 湖南省衡阳市 06-29 16:20 -> 河北省河间市 06-29 18:01 513 6530
[116664] 2465506
[116666] 1878381
[116671] 1
whatyouwanted 辽宁省盖州市 08-01 20:30 -> 山东省乳山市 08-02 04:49 1172 30519
[116676] 80145
[116681] -1
[116688] queue
[116690] 29
[success] puzzletheNewWorld 湖南省岳阳市 07-22 17:01 -> 北京市 07-23 02:45 585 1467
[success] LeavesofGrass 浙江省平湖市 06-28 08:59 -> 辽宁省抚顺市 06-28 14:21 802 18023
[success] puzzletheNewWorld 辽宁省辽阳市 08-17 13:05 -> 北京市 08-18 02:45 964 4963
[success] LeavesofGrass 广东省四会市 08-01 15:39 -> 河南省灵宝市 08-01 23:39 1888 24557
[success] INSCRIPTIONS 黑龙江省五大连池市 07-22 19:22 -> 云南省安宁市 07-22 20:42 156 15250
[success] INSCRIPTIONS 黑龙江省五大连池市 06-30 19:22 -> 广东省惠阳市 07-01 01:32 445 857
[success] IHEARDthatyouask 新疆吐鲁番市 08-03 05:55 -> 天津市 08-03 06:30 496 9496
[success] whatyouwanted 新疆阿克苏市 08-04 15:58 -> 湖北省松滋市 08-04 21:35 1257 7001
[success] LeavesofGrass 新疆塔城市 07-21 07:38 -> 宁夏石嘴山市 07-21 19:18 2072 13403
[success] IHEARDthatyouask 天津市 08-06 06:35 -> 四川省彭州市 08-06 23:13 249 3415
[success] INSCRIPTIONS 北京市 07-01 06:46 -> 湖北省枣阳市 07-01 11:59 688 2304
[pending] LeavesofGrass 浙江省平湖市 07-29 08:59 -> 黑龙江省海林市 07-29 22:46 2195 19208
[success] LeavesofGrass 陕西省安康市 08-04 17:25 -> 广东省花都市 08-05 01:39 1274 14176
[success] LeavesofGrass 陕西省安康市 06-29 17:25 -> 福建省建阳市 06-29 21:14 646 19093
[success] LeavesofGrass 河南省偃师市 07-16 03:31 -> 浙江省慈溪市 07-16 09:48 665 22201
[success] INSCRIPTIONS 黑龙江省五大连池市 08-01 19:22 -> 江苏省扬州市 08-02 08:14 1056 5163
[success] IHEARDthatyouask 新疆吐鲁番市 07-25 05:55 -> 四川省彭州市 07-25 23:13 745 18745
[success] LeavesofGrass 新疆塔城市 07-04 07:38 -> 河北省河间市 07-04 18:01 1851 5208
[success] INSCRIPTIONS 北京市 06-17 06:46 -> 湖北省枣阳市 06-17 11:59 688 1553
[success] INSCRIPTIONS 云南省安宁市 07-05 20:50 -> 广东省惠阳市 07-06 01:32 289 9367
[pending] LeavesofGrass 浙江省平湖市 07-04 08:59 -> 陕西省安康市 07-04 17:15 1535 23018
[success] LeavesofGrass 新疆塔城市 07-25 07:38 -> 广东省四会市 07-25 15:34 1098 2919
[success] LeavesofGrass 河北省河间市 07-29 18:11 -> 宁夏石嘴山市 07-29 19:18 221 13309
[success] INSCRIPTIONS 贵州省清镇市 07-13 16:24 -> 北京市 07-14 06:40 1029 15171
[success] LeavesofGrass 广东省花都市 07-29 01:43 -> 新疆伊宁市 07-29 08:52 827 16611
[success] LeavesofGrass 浙江省杭州市 07-23 11:52 -> 黑龙江省海林市 07-23 22:46 1795 13472
[success] LeavesofGrass 河南省灵宝市 06-28 23:45 -> 新疆博乐市 06-29 06:04 539 22553
[success] INSCRIPTIONS 贵州省清镇市 08-12 16:24 -> 新疆米泉市 08-13 14:38 1879 7632
[success] LeavesofGrass 广东省四会市 07-05 15:39 -> 福建省建阳市 07-05 21:14 1374 21326
[116691] 1
TOTHEEOLDCAUSE 河南省周口市 07-14 23:57 -> 广东省湛江市 07-15 19:57 1448 33971
[116693] 9541285
[116694] Rope 暗索 pushed.on.one@side.by 1
[116701] Greyy 格雷 a.committee@for.managing 4
[116704] 0
[116711] 1
LeavesofGrass 福建省建阳市 07-11 21:19 -> 黑龙江省海林市 07-11 22:46 14 15149
[116717] 5738800
[116722] 1
ThereforeIsendyou 山东省胶南市 07-26 10:07 -> 安徽省宁国市 07-26 19:16 632 3759
[116729] Zima 凛冬 industrial@production.was 2
[116738] 34679632
[116739] 1212966
[116748] -1
[116757] 1
IHEARDthatyouask 新疆吐鲁番市 08-01 05:55 -> 四川省彭州市 08-01 23:13 745 59067
[116759] 1
AndtodefineAmeric 江西省吉安市 06-25 21:19 -> 湖北省孝感市 06-26 09:22 856 80198
[116769] 23
[success] INSCRIPTIONS 黑龙江省五大连池市 08-15 19:22 -> 新疆米泉市 08-16 14:38 1706 711
[success] whatyouwanted 辽宁省盖州市 08-02 20:30 -> 广东省揭阳市 08-03 06:33 1640 5112
[success] puzzletheNewWorld 黑龙江省尚志市 07-16 20:11 -> 四川省绵竹市 07-17 14:44 913 3529
[success] puzzletheNewWorld 河南省登封市 08-08 09:56 -> 四川省绵竹市 08-08 14:44 299 6245
[success] IHEARDthatyouask 天津市 07-27 06:35 -> 广东省云浮市 07-27 18:52 229 11332
[success] INSCRIPTIONS 云南省安宁市 08-06 20:50 -> 新疆米泉市 08-07 14:38 1550 16776
[pending] LeavesofGrass 浙江省平湖市 07-16 08:59 -> 河南省偃师市 07-17 03:28 3041 13100
[pending] LeavesofGrass 湖南省衡阳市 07-25 16:20 -> 浙江省慈溪市 07-26 09:48 2659 16438
[pending] LeavesofGrass 浙江省平湖市 07-02 08:59 -> 浙江省慈溪市 07-03 09:48 3706 22938
[pending] LeavesofGrass 河南省灵宝市 06-28 23:45 -> 河南省偃师市 06-29 03:28 346 15759
[success] IHEARDthatyouask 天津市 07-22 06:35 -> 四川省彭州市 07-22 23:13 249 22684
[success] IHEARDthatyouask 新疆吐鲁番市 07-10 05:55 -> 广东省云浮市 07-10 18:52 725 1192
[pending] LeavesofGrass 新疆塔城市 07-04 07:38 -> 陕西省安康市 07-04 17:15 1826 15136
[success] AndtodefineAmeric 山东省高密市 07-06 13:02 -> 湖北省孝感市 07-07 09:22 2041 11326
[success] LeavesofGrass 浙江省平湖市 07-15 08:59 -> 河南省偃师市 07-16 03:28 3041 1685
[success] puzzletheNewWorld 湖南省岳阳市 06-16 17:01 -> 河南省登封市 06-17 09:52 1040 1206
[success] INSCRIPTIONS 广东省惠阳市 07-27 01:41 -> 湖北省枣阳市 07-27 11:59 1099 12462
[success] LeavesofGrass 辽宁省抚顺市 07-19 14:24 -> 广东省四会市 07-19 15:34 5 6788
[success] LeavesofGrass 浙江省杭州市 07-09 11:52 -> 新疆伊宁市 07-10 08:52 3236 10124
[success] INSCRIPTIONS 广东省惠阳市 08-19 01:41 -> 新疆米泉市 08-19 14:38 1261 1644
[success] IHEARDthatyouask 天津市 07-16 06:35 -> 四川省彭州市 07-16 23:13 249 1577
[success] IHEARDthatyouask 广东省云浮市 07-09 19:00 -> 四川省彭州市 07-09 23:13 20 15100
[success] INSCRIPTIONS 贵州省清镇市 08-15 16:24 -> 黑龙江省五大连池市 08-15 19:12 173 7453
[116771] 2674573
[116779] 0
[116784] Sora 空空 have.patricians@knights.plebei 1
[116793] 1
AndtodefineAmeric 山东省乐陵市 07-24 14:14 -> 辽宁省朝阳市 07-24 18:41 316 62721
[116797] 908650
[116800] Cardigan 卡缇 the.markets@kept.ever 1
[116808] 1
Deathlessthroughout 河北省安国市 07-31 10:54 -> 浙江省余姚市 07-31 13:09 393 73160
[116812] 1
TOTHEEOLDCAUSE 新疆奎屯市 07-11 11:20 -> 新疆库尔勒市 07-11 16:31 604 33971
[116821] -1
[116827] 1
ThereforeIsendyou 新疆喀什市 07-31 02:53 -> 山东省胶南市 07-31 10:01 345 3028
[116833] 14380740
[116839] 1395385
[116844] 16086950
[116854] 1
Afterastrangesad 四川省宜宾市 08-28 22:24 -> 贵州省清镇市 08-29 02:00 507 68496
[116855] -1
[116860] 1
ThereforeIsendyou 天津市 07-13 17:39 -> 湖南省汩罗市 07-13 22:09 231 3759
[116867] 2190584
[116868] Scavenger 清道夫 the.common@affairs.of 1
[116873] Ambriel 安比 itself.in.the@modern.represent 1
[116877] 1
IHEARDthatyouask 新疆吐鲁番市 07-19 05:55 -> 四川省彭州市 07-19 23:13 745 59947
[116885] -1
[116892] 1
Ithinkallwarthr 北京市 07-03 07:42 -> 湖北省丹江口市 07-03 15:37 740 86945
[116899] 16806213
[116902] 5
[success] LeavesofGrass 广东省四会市 07-05 15:39 -> 福建省建阳市 07-05 21:14 1374 9112
[success] LeavesofGrass 湖南省衡阳市 07-13 16:20 -> 新疆博乐市 07-14 06:04 2187 21931
[success] LeavesofGrass 河北省河间市 07-08 18:11 -> 福建省建阳市 07-08 21:14 621 6692
[success] INSCRIPTIONS 江苏省扬州市 08-16 08:17 -> 新疆米泉市 08-16 14:38 650 8148
[success] LeavesofGrass 浙江省平湖市 07-06 08:59 -> 陕西省安康市 07-06 17:15 1535 13122
[116909] WaaiFu 槐琥 French.Radicals@and.German 2
[116918] Vulcan 火神 commodities@generally.gave 2
[116925] Perfumer 调香师 the.earlier@epochs.of 1
[116933] -1
[116935] 3630669
[116937] 12
[success] LeavesofGrass 湖南省衡阳市 07-25 16:20 -> 浙江省慈溪市 07-26 09:48 2659 6050
[pending] LeavesofGrass 宁夏石嘴山市 07-15 19:25 -> 广东省花都市 07-16 01:39 1028 17021
[pending] LeavesofGrass 辽宁省抚顺市 06-28 14:24 -> 福建省建阳市 06-28 21:14 1379 13928
[success] IHEARDthatyouask 新疆吐鲁番市 07-22 05:55 -> 四川省彭州市 07-22 23:13 745 9830
[success] LeavesofGrass 河南省偃师市 07-22 03:31 -> 新疆伊宁市 07-22 08:52 595 5669
[success] IHEARDthatyouask 新疆吐鲁番市 07-19 05:55 -> 四川省彭州市 07-19 23:13 745 11927
[success] TOTHEEOLDCAUSE 新疆奎屯市 07-03 11:20 -> 四川省绵阳市 07-04 17:54 2373 7586
[pending] LeavesofGrass 新疆塔城市 06-28 07:38 -> 河南省灵宝市 06-28 23:39 2986 21682
[success] whatyouwanted 湖北省利川市 07-05 22:30 -> 河南省洛阳市 07-06 12:55 2168 1072
[success] puzzletheNewWorld 黑龙江省尚志市 08-06 20:11 -> 河南省登封市 08-07 09:52 614 11528
[success] IHEARDthatyouask 新疆吐鲁番市 08-01 05:55 -> 天津市 08-01 06:30 496 22003
[success] LeavesofGrass 福建省建阳市 07-13 21:19 -> 河南省偃师市 07-14 03:28 860 5793
[116942] -1
[116950] 1178125
[116952] 3936814
[116958] 8
[success] LeavesofGrass 浙江省平湖市 07-23 08:59 -> 浙江省杭州市 07-23 11:46 400 14347
[pending] LeavesofGrass 宁夏石嘴山市 07-12 19:25 -> 黑龙江省海林市 07-12 22:46 414 3394
[pending] LeavesofGrass 宁夏石嘴山市 07-04 19:25 -> 新疆博乐市 07-05 06:04 1453 12320
[success] INSCRIPTIONS 贵州省清镇市 07-27 16:24 -> 云南省安宁市 07-27 20:42 329 10001
[success] INSCRIPTIONS 广东省惠阳市 07-04 01:41 -> 江苏省扬州市 07-04 08:14 611 12010
[success] LeavesofGrass 黑龙江省海林市 07-27 22:56 -> 河南省偃师市 07-28 03:28 846 16728
[success] LeavesofGrass 浙江省平湖市 06-28 08:59 -> 宁夏石嘴山市 06-28 19:18 1781 1158
[pending] LeavesofGrass 河北省河间市 07-29 18:11 -> 新疆博乐市 07-30 06:04 1674 18081
[116961] Ptilopsis 白面鸮 this.distinctive@feature.it 2
[116965] -1
[116969] Rangers 巡林 arrangement@of.society 3
[116973] Lava 炎熔 modern.bourgeois@Modern.indust 1
[116983] 1
Ithinkallwarthr 北京市 07-24 07:42 -> 陕西省华阴市 07-24 12:17 270 86945
[116993] Exusiai 能天使 of.America@the.rounding 1
[117001] -1
[117003] 0
[117013] Plume 翎羽 serf.guildmaster@and.journeyma 2
[117018] -1
[117025] 1
Afterastrangesad 湖北省荆门市 08-15 00:40 -> 山东省胶州市 08-15 11:06 1634 68496
[117027] Croissant 可颂 French.German@Italian.Flemish 1
[117036] 4543035
[117038] Flamebringer 炎客 nationalities@have.assembled 2
[117044] 1
IHEARDthatyouask 天津市 08-06 06:35 -> 广东省云浮市 08-06 18:52 229 50930
[117054] -1
[117057] 4490558
[117062] 1
Ithinkallwarthr 黑龙江省五大连池市 07-11 09:51 -> 福建省永安市 07-12 12:09 3464 86945
[117070] -1
[117076] 3
TOtheeoldcause 天津市 08-08 17:57 -> 北京市 08-09 05:48 393 90891
AndtodefineAmeric 天津市 08-08 08:57 -> 北京市 08-08 22:38 2583 80198
Afterastrangesad 天津市 08-08 16:53 -> 北京市 08-09 20:52 4494 68496
[117078] 14386036
[117083] Earthspirit 地灵 of.the.monarchy@as.in 3
[117093] 5305548
[117099] Cutter 刻刀 France.afterwards@in.the 1
[117109] 1914800
[117115] 25072800
[117120] 2885498
[117130] -1
[117132] 1
TOTHEEOLDCAUSE 河南省周口市 06-14 23:57 -> 安徽省桐城市 06-15 11:13 928 33971
[117139] 535780
[117146] Executor 送葬人 history.of@all.hitherto 1
[117156] -1
[117160] Bison 拜松 classes.again@subordinate.grad 1
[117167] 66599
[117172] queue
[117179] 8840510
[117181] 0
[117187] 1
puzzletheNewWorld 辽宁省辽阳市 07-15 13:05 -> 黑龙江省尚志市 07-15 20:04 805 47885
[117192] -1
[117196] -1
[117200] -1
[117205] 1
Deathlessthroughout 广东省高要市 07-05 01:15 -> 河北省安国市 07-05 10:51 457 73160
[117207] 16489493
[117217] Fang 芬芬 sufficed.for@the.growing 1
[117223] 1
Deathlessthroughout 湖北省黄冈市 06-30 17:45 -> 河北省安国市 07-01 10:51 912 73160
[117232] 11007213
[117236] -1
[117241] Meteorite 陨星 bourgeoisie@was.accompanied 3
[117250] 1
AndtodefineAmeric 天津市 06-24 08:57 -> 河南省周口市 06-25 06:51 3024 80198
[117254] 0
[117257] 1
Deathlessthroughout 湖北省黄冈市 08-06 17:45 -> 北京市 08-07 04:10 477 73160
[117262] 1
INSCRIPTIONS 黑龙江省五大连池市 07-08 19:22 -> 广东省惠阳市 07-09 01:32 445 41350
[117268] 1
Deathlessthroughout 广东省高要市 07-11 01:15 -> 河北省安国市 07-11 10:51 457 73160
[117272] -1
[117273] 11
[success] IHEARDthatyouask 新疆吐鲁番市 07-26 05:55 -> 天津市 07-26 06:30 496 21077
[pending] LeavesofGrass 黑龙江省海林市 06-28 22:56 -> 浙江省慈溪市 06-29 09:48 1511 20244
[success] INSCRIPTIONS 黑龙江省五大连池市 07-23 19:22 -> 新疆米泉市 07-24 14:38 1706 7279
[success] IHEARDthatyouask 天津市 07-20 06:35 -> 广东省云浮市 07-20 18:52 229 14417
[success] LeavesofGrass 浙江省平湖市 07-21 08:59 -> 河南省灵宝市 07-21 23:39 2695 18682
[success] LeavesofGrass 湖南省衡阳市 08-02 16:20 -> 河南省灵宝市 08-02 23:39 1648 67
[success] LeavesofGrass 新疆塔城市 07-18 07:38 -> 陕西省安康市 07-18 17:15 1826 3972
[pending] LeavesofGrass 河北省河间市 07-10 18:11 -> 广东省花都市 07-11 01:39 1249 21311
[success] INSCRIPTIONS 北京市 06-21 06:46 -> 湖北省枣阳市 06-21 11:59 688 7740
[success] LeavesofGrass 广东省四会市 07-27 15:39 -> 河北省河间市 07-27 18:01 753 12111
[pending] LeavesofGrass 河北省河间市 07-11 18:11 -> 浙江省慈溪市 07-12 09:48 2146 13129
[117274] 17431473
[117280] 1
TOtheeoldcause 北京市 08-01 05:54 -> 湖北省宜昌市 08-01 10:47 424 90891
[117286] Cuora 蛇屠 there.taxable@third.estate 1
[117288] 1
INSCRIPTIONS 云南省安宁市 08-11 20:50 -> 广东省高要市 08-11 21:36 136 70655
[117297] 6057936
[117300] 0
[117305] Frostleaf 霜叶 class.under@the.sway 1
[117306] 2
INSCRIPTIONS 贵州省清镇市 08-11 16:24 -> 北京市 08-12 06:40 1029 62164
Afterastrangesad 贵州省清镇市 08-11 02:07 -> 北京市 08-11 20:52 3421 53611
[117312] 1
TOTHEEOLDCAUSE 山东省滕州市 06-13 02:06 -> 安徽省桐城市 06-13 11:13 923 33971
[117322] -1
[117326] 0
[117331] Matterhorn 角峰 an.immense@development.to 1
[117335] -1
[117339] 1
TOtheeoldcause 天津市 07-22 17:57 -> 湖北省宜昌市 07-23 10:47 817 90891
[117344] 8300544
[117348] -1
[117357] 11831345
[117358] Popukar 泡普卡 and.Chinese@markets.the 4
[117363] queue
[117365] -1
[117370] queue
[117375] 11167251
[117384] Swire 诗怀 the.place.of@the.industrial 1
[117388] Gummy 古米 commerce.to@navigation.to 1
[117390] 7119463
[117391] 1
Deathlessthroughout 浙江省余姚市 06-29 13:19 -> 江西省南昌市 06-30 03:32 852 73160
[117393] Beehunter 猎蜂 these.burgesses@the.first 2
[117402] 18885128
[117407] 17862
[117415] Courier 讯使 publish.their@views.their 1
[117421] Shamare 巫恋 rising.Even@manufacture.no 1
[117426] 1552551
[117428] 1
ThereforeIsendyou 山东省胶南市 07-11 10:07 -> 安徽省宁国市 07-11 19:16 632 3759
[117431] -1
[117436] Indra 因陀罗 ruins.of.feudal@society.has 1
[117443] 4198180
[117444] -1
[117449] 0
[117450] 1
puzzletheNewWorld 辽宁省辽阳市 06-12 13:05 -> 湖南省岳阳市 06-12 16:56 379 47885
[117455] 11764248
[117465] 1
IHEARDthatyouask 天津市 07-23 06:35 -> 四川省彭州市 07-23 23:13 249 53010
[117471] 1
puzzletheNewWorld 辽宁省辽阳市 07-14 13:05 -> 湖南省岳阳市 07-14 16:56 379 47885
[117478] -1
[117488] 1
AndtodefineAmeric 天津市 08-25 08:57 -> 广东省高明市 08-25 13:28 1341 80198
[117490] Shamare 巫恋 rising.Even@manufacture.no 1
[117500] 1
TOTHEEOLDCAUSE 山西省太原市 07-17 07:56 -> 安徽省桐城市 07-17 11:13 369 30641
[117501] Franka 芙兰 of.division@of.labour 1
[117504] GreyThroat 灰喉 Freeman.and@slave.patrician 1
[117513] 1
LeavesofGrass 广东省花都市 07-05 01:43 -> 新疆伊宁市 07-05 08:52 827 18613
[117521] 7
[success] INSCRIPTIONS 云南省安宁市 06-22 20:50 -> 新疆米泉市 06-23 14:38 1550 16176
[success] LeavesofGrass 浙江省平湖市 08-02 08:59 -> 广东省四会市 08-02 15:34 807 17820
[success] LeavesofGrass 浙江省杭州市 06-30 11:52 -> 福建省建阳市 06-30 21:14 1781 19472
[success] puzzletheNewWorld 辽宁省辽阳市 08-17 13:05 -> 湖南省岳阳市 08-17 16:56 379 7640
[success] LeavesofGrass 广东省四会市 07-04 15:39 -> 新疆博乐市 07-05 06:04 2427 81
[success] INSCRIPTIONS 广东省惠阳市 06-21 01:41 -> 新疆米泉市 06-21 14:38 1261 3863
[success] LeavesofGrass 浙江省平湖市 07-10 08:59 -> 浙江省慈溪市 07-11 09:48 3706 329
[117523] 1
IHEARDthatyouask 新疆吐鲁番市 08-04 05:55 -> 天津市 08-04 06:30 496 64941
[117527] 28924964
[117535] Utage 宴宴 and.machinery@revolutionised.i 2
[117539] 1
puzzletheNewWorld 黑龙江省尚志市 08-04 20:11 -> 四川省绵竹市 08-05 14:44 913 25514
[117548] Conviction 断罪 vanished.in@the.face 2
[117553] 11936585
[117563] 6147428
[117572] 1
INSCRIPTIONS 黑龙江省五大连池市 08-12 19:22 -> 江苏省扬州市 08-13 08:14 1056 20047
[117575] Liskarm 雷蛇 of.the.feudal@nobility.an 1
[117577] Breeze 微风 America.paved@the.way 1
[117584] 8
[success] INSCRIPTIONS 广东省惠阳市 07-25 01:41 -> 江苏省扬州市 07-25 08:14 611 109
[success] INSCRIPTIONS 广东省高要市 07-19 21:40 -> 新疆米泉市 07-20 14:38 1414 10174
[success] INSCRIPTIONS 广东省高要市 06-29 21:40 -> 广东省惠阳市 06-30 01:32 153 12277
[success] INSCRIPTIONS 黑龙江省五大连池市 07-31 19:22 -> 江苏省扬州市 08-01 08:14 1056 1334
[success] IHEARDthatyouask 广东省云浮市 07-14 19:00 -> 四川省彭州市 07-14 23:13 20 19883
[pending] LeavesofGrass 浙江省平湖市 07-15 08:59 -> 广东省花都市 07-16 01:39 2809 14712
[success] LeavesofGrass 河北省河间市 07-01 18:11 -> 河南省灵宝市 07-01 23:39 1135 11666
[success] LeavesofGrass 浙江省平湖市 08-03 08:59 -> 广东省花都市 08-04 01:39 2809 5992
[117590] Cardigan 卡缇 the.markets@kept.ever 1
[117591] 1
Deathlessthroughout 辽宁省沈阳市 08-12 21:55 -> 浙江省余姚市 08-13 13:09 965 73160
[117597] 302445
[117602] -1
[117612] 4723281
[117615] 74200
[117625] 1
AndtodefineAmeric 山东省高密市 08-11 13:02 -> 江西省南康市 08-12 05:58 1718 80198
[117635] 1
AndtodefineAmeric 山西省榆次市 07-10 16:15 -> 河南省周口市 07-11 06:51 1082 80198
[117644] Ambriel 安比 itself.in.the@modern.represent 1
[117654] -1
[117658] -1
[117661] 4104191
[117671] Popukar 泡普卡 and.Chinese@markets.the 4
[117675] 931860
[117680] Estelle 艾丝黛尔 This.development@has.in 3
[117682] 0
[117690] 1
Afterastrangesad 山东省胶州市 08-19 11:16 -> 黑龙江省海伦市 08-19 13:32 432 68496
[117698] -1
[117705] -1
[117706] 1
ThereforeIsendyou 湖南省汩罗市 07-29 22:12 -> 新疆喀什市 07-30 02:43 498 3759
[117714] Croissant 可颂 French.German@Italian.Flemish 1
[117722] 1555416
[117729] 1
TOTHEEOLDCAUSE 新疆奎屯市 06-17 11:20 -> 广东省湛江市 06-18 19:57 2554 33971
[117734] Midnight 月见夜 longer.sufficed@Thereupon.stea 1
[117744] -1
[117753] 497728
[117755] 3719016
[117756] Skyfire 天火 published.in@the.English 1
[117760] 1
puzzletheNewWorld 湖南省岳阳市 07-02 17:01 -> 北京市 07-03 02:45 585 47885
[117768] -1
[117774] -1
[117783] 1
puzzletheNewWorld 辽宁省辽阳市 08-05 13:05 -> 湖南省岳阳市 08-05 16:56 379 47885
[117787] Beehunter 猎蜂 these.burgesses@the.first 2
[117795] Gitano 远山 sprang.the@chartered.burghers 1
[117803] -1
[117811] -1
[117819] -1
[117827] -1
[117837] -1
[117842] 0
[117848] -1
[117851] -1
[117859] -1
[117862] -1
[117870] -1
[117876] -1
[117880] -1
[117890] 0
[117898] -1
[117900] -1
[117908] -1
[117916] -1
[117925] 0
[117930] -1
[117932] -1
[117935] 0
[117941] 0
[117948] -1
[117950] 0
[117955] -1
[117961] -1
[117966] 0
[117970] -1
[117971] 0
[117977] 23
[pending] LeavesofGrass 宁夏石嘴山市 07-11 19:25 -> 福建省建阳市 07-11 21:14 400 17791
[success] IHEARDthatyouask 广东省云浮市 07-21 19:00 -> 四川省彭州市 07-21 23:13 20 12236
[success] puzzletheNewWorld 黑龙江省尚志市 07-22 20:11 -> 河南省登封市 07-23 09:52 614 7048
[pending] LeavesofGrass 辽宁省抚顺市 07-07 14:24 -> 河南省偃师市 07-08 03:28 2239 23230
[pending] LeavesofGrass 浙江省杭州市 06-29 11:52 -> 新疆博乐市 06-30 06:04 2834 4682
[success] puzzletheNewWorld 辽宁省辽阳市 07-09 13:05 -> 湖南省岳阳市 07-09 16:56 379 5788
[success] INSCRIPTIONS 广东省惠阳市 06-29 01:41 -> 新疆米泉市 06-29 14:38 1261 12891
[pending] LeavesofGrass 新疆塔城市 07-16 07:38 -> 河南省偃师市 07-17 03:28 3332 12669
[pending] LeavesofGrass 浙江省杭州市 08-01 11:52 -> 黑龙江省海林市 08-01 22:46 1795 13201
[success] LeavesofGrass 广东省花都市 08-02 01:43 -> 新疆伊宁市 08-02 08:52 827 7253
[success] INSCRIPTIONS 云南省安宁市 07-01 20:50 -> 广东省惠阳市 07-02 01:32 289 15370
[success] LeavesofGrass 浙江省平湖市 08-01 08:59 -> 湖南省衡阳市 08-01 16:17 1047 2451
[pending] LeavesofGrass 浙江省平湖市 07-04 08:59 -> 河南省偃师市 07-05 03:28 3041 16680
[success] INSCRIPTIONS 广东省高要市 07-09 21:40 -> 新疆米泉市 07-10 14:38 1414 7623
[success] puzzletheNewWorld 辽宁省辽阳市 07-27 13:05 -> 北京市 07-28 02:45 964 1457
[success] LeavesofGrass 新疆博乐市 07-31 06:11 -> 浙江省慈溪市 07-31 09:48 472 15986
[success] INSCRIPTIONS 黑龙江省五大连池市 08-04 19:22 -> 广东省惠阳市 08-05 01:32 445 1123
[pending] LeavesofGrass 河南省灵宝市 07-26 23:45 -> 新疆伊宁市 07-27 08:52 941 24332
[success] LeavesofGrass 河南省灵宝市 06-30 23:45 -> 浙江省慈溪市 07-01 09:48 1011 7239
[success] INSCRIPTIONS 云南省安宁市 08-15 20:50 -> 新疆米泉市 08-16 14:38 1550 11880
[success] IHEARDthatyouask 广东省云浮市 07-10 19:00 -> 四川省彭州市 07-10 23:13 20 12581
[success] LeavesofGrass 浙江省平湖市 07-31 08:59 -> 新疆博乐市 08-01 06:04 3234 4582
[success] LeavesofGrass 福建省建阳市 07-12 21:19 -> 新疆伊宁市 07-13 08:52 1455 22986
[117982] -1
[117990] -1
[117994] -1
[118003] -1
[118007] -1
[118015] -1
[118018] 0
[118026] 0
[118032] -1
[118034] 0
[118039] -1
[118047] 0
[118050] -1
[118058] -1
[118066] 0
[118069] 0
[118071] -1
[118074] -1
[118078] -1
[118087] -1
[118094] 0
[118099] -1
[118102] 0
[118110] -1
[118119] 0
[118128] -1
[118132] -1
[118142] -1
[118144] -1
[118149] Vermeil 红云 production@The.place 1
[118150] -1
[118153] -1
[118158] -1
[118165] -1
[118173] -1
[118176] -1
[118178] -1
[118181] -1
[118184] 0
[118189] -1
[118192] -1
[118200] -1
[118202] -1
[118211] 0
[118215] -1
[118224] -1
[118234] -1
[118244] -1
[118245] 16
[success] puzzletheNewWorld 湖南省岳阳市 07-30 17:01 -> 北京市 07-31 02:45 585 3769
[success] INSCRIPTIONS 广东省惠阳市 08-10 01:41 -> 北京市 08-10 06:40 411 6234
[success] INSCRIPTIONS 广东省惠阳市 06-18 01:41 -> 湖北省枣阳市 06-18 11:59 1099 2162
[success] LeavesofGrass 浙江省平湖市 07-19 08:59 -> 黑龙江省海林市 07-19 22:46 2195 5645
[success] INSCRIPTIONS 云南省安宁市 07-07 20:50 -> 新疆米泉市 07-08 14:38 1550 11589
[success] IHEARDthatyouask 新疆吐鲁番市 07-12 05:55 -> 四川省彭州市 07-12 23:13 745 10713
[pending] LeavesofGrass 宁夏石嘴山市 06-29 19:25 -> 河南省偃师市 06-30 03:28 1260 5274
[success] LeavesofGrass 辽宁省抚顺市 07-18 14:24 -> 河南省灵宝市 07-18 23:39 1893 23153
[success] IHEARDthatyouask 新疆吐鲁番市 08-06 05:55 -> 广东省云浮市 08-06 18:52 725 14501
[success] LeavesofGrass 浙江省杭州市 07-03 11:52 -> 河北省河间市 07-03 18:01 1160 14688
[pending] LeavesofGrass 湖南省衡阳市 07-31 16:20 -> 河北省河间市 07-31 18:01 513 21726
[success] LeavesofGrass 河南省灵宝市 07-04 23:45 -> 新疆伊宁市 07-05 08:52 941 2194
[success] INSCRIPTIONS 贵州省清镇市 07-24 16:24 -> 新疆米泉市 07-25 14:38 1879 12953
[success] LeavesofGrass 浙江省杭州市 07-28 11:52 -> 黑龙江省海林市 07-28 22:46 1795 14021
[success] LeavesofGrass 浙江省杭州市 07-23 11:52 -> 福建省建阳市 07-23 21:14 1781 6199
[success] LeavesofGrass 浙江省平湖市 07-20 08:59 -> 浙江省杭州市 07-20 11:46 400 16446
[118250] -1
[118259] -1
[118261] -1
[118268] -1
[118275] -1
[118282] -1
[118290] 11
[success] INSCRIPTIONS 广东省高要市 07-27 21:40 -> 新疆米泉市 07-28 14:38 1414 352
[success] LeavesofGrass 新疆塔城市 06-29 07:38 -> 辽宁省抚顺市 06-29 14:21 1093 13898
[success] IHEARDthatyouask 广东省云浮市 07-12 19:00 -> 四川省彭州市 07-12 23:13 20 1730
[pending] LeavesofGrass 陕西省安康市 07-13 17:25 -> 新疆伊宁市 07-14 08:52 2101 11768
[success] IHEARDthatyouask 广东省云浮市 07-25 19:00 -> 四川省彭州市 07-25 23:13 20 19234
[success] INSCRIPTIONS 广东省高要市 08-19 21:40 -> 北京市 08-20 06:40 564 16660
[success] INSCRIPTIONS 广东省高要市 08-21 21:40 -> 湖北省枣阳市 08-22 11:59 1252 11738
[success] whatyouwanted 北京市 07-26 02:12 -> 内蒙东胜市 07-26 20:46 3056 2000
[success] LeavesofGrass 广东省花都市 07-05 01:43 -> 河南省偃师市 07-05 03:28 232 46
[success] LeavesofGrass 宁夏石嘴山市 06-28 19:25 -> 新疆博乐市 06-29 06:04 1453 16354
[success] INSCRIPTIONS 广东省惠阳市 07-02 01:41 -> 江苏省扬州市 07-02 08:14 611 8513
[118297] -1
[118303] -1
[118304] -1
[118306] NoirCorne 黑角 its.time.reacted@on.the 1
[118311] -1
[118321] 0
[118327] -1
[118328] -1
[118333] -1
[118335] -1
[118342] -1
[118344] 0
[118346] -1
[118349] -1
[118353] -1
[118361] -1
[118370] -1
[118376] 0
[118377] 10
[success] INSCRIPTIONS 云南省安宁市 06-19 20:50 -> 湖北省枣阳市 06-20 11:59 1388 13606
[success] IHEARDthatyouask 广东省云浮市 07-19 19:00 -> 四川省彭州市 07-19 23:13 20 12029
[success] LeavesofGrass 广东省四会市 07-08 15:39 -> 广东省花都市 07-09 01:39 2002 7390
[success] INSCRIPTIONS 贵州省清镇市 08-08 16:24 -> 江苏省扬州市 08-09 08:14 1229 8976
[success] IHEARDthatyouask 新疆吐鲁番市 07-12 05:55 -> 广东省云浮市 07-12 18:52 725 13704
[success] puzzletheNewWorld 河南省登封市 08-11 09:56 -> 四川省绵竹市 08-11 14:44 299 5067
[success] INSCRIPTIONS 黑龙江省五大连池市 08-10 19:22 -> 北京市 08-11 06:40 856 2439
[success] LeavesofGrass 浙江省平湖市 07-23 08:59 -> 福建省建阳市 07-23 21:14 2181 19980
[success] puzzletheNewWorld 湖南省岳阳市 07-20 17:01 -> 黑龙江省尚志市 07-20 20:04 426 8140
[success] LeavesofGrass 陕西省安康市 07-12 17:25 -> 广东省花都市 07-13 01:39 1274 9890
[118382] 0
[118384] -1
[118390] 0
[118395] -1
[118404] 0
[118413] 0
[118422] 19
[success] IHEARDthatyouask 天津市 07-12 06:35 -> 广东省云浮市 07-12 18:52 229 78
[pending] LeavesofGrass 陕西省安康市 07-18 17:25 -> 福建省建阳市 07-18 21:14 646 8932
[success] LeavesofGrass 河南省偃师市 07-19 03:31 -> 新疆博乐市 07-19 06:04 193 20398
[pending] LeavesofGrass 浙江省平湖市 07-13 08:59 -> 广东省花都市 07-14 01:39 2809 13309
[success] INSCRIPTIONS 江苏省扬州市 08-01 08:17 -> 新疆米泉市 08-01 14:38 650 12277
[success] puzzletheNewWorld 辽宁省辽阳市 08-15 13:05 -> 北京市 08-16 02:45 964 10385
[success] INSCRIPTIONS 广东省惠阳市 06-29 01:41 -> 北京市 06-29 06:40 411 2192
[success] INSCRIPTIONS 贵州省清镇市 06-28 16:24 -> 广东省高要市 06-28 21:36 465 6169
[pending] LeavesofGrass 河北省河间市 07-09 18:11 -> 新疆博乐市 07-10 06:04 1674 22349
[pending] INSCRIPTIONS 北京市 08-22 06:46 -> 湖北省枣阳市 08-22 11:59 688 10582
[success] LeavesofGrass 浙江省平湖市 07-12 08:59 -> 浙江省杭州市 07-12 11:46 400 12220
[success] INSCRIPTIONS 广东省高要市 08-05 21:40 -> 广东省惠阳市 08-06 01:32 153 5563
[success] INSCRIPTIONS 湖北省枣阳市 06-19 12:03 -> 新疆米泉市 06-19 14:38 162 17014
[success] IHEARDthatyouask 新疆吐鲁番市 08-04 05:55 -> 广东省云浮市 08-04 18:52 725 14320
[success] LeavesofGrass 浙江省杭州市 07-01 11:52 -> 陕西省安康市 07-01 17:15 1135 14384
[success] LeavesofGrass 新疆塔城市 08-01 07:38 -> 广东省花都市 08-02 01:39 3100 2877
[success] LeavesofGrass 浙江省杭州市 07-15 11:52 -> 广东省花都市 07-16 01:39 2409 2196
[success] LeavesofGrass 广东省四会市 07-16 15:39 -> 新疆伊宁市 07-17 08:52 2829 14699
[success] LeavesofGrass 宁夏石嘴山市 07-04 19:25 -> 黑龙江省海林市 07-04 22:46 414 17697
[118430] -1
[118438] -1
[118443] -1
[118450] -1
[118452] -1
[118460] -1
[118466] 0
[118472] -1
[118474] -1
[118481] 0
[118487] -1
[118494] -1
[118501] -1
[118504] -1
[118505] 0
[118514] 0
[118517] 0
[118518] 0
[118528] -1
[118536] -1
[118541] 0
[118549] -1
[118557] -1
[118566] -1
[118567] Orchid 梓兰 either.the@semifeudal.or 1
[118573] -1
[118580] -1
[118584] 0
[118589] -1
[118599] -1
[118603] -1
[118608] -1
[118614] -1
[118616] -1
[118617] 10
[success] puzzletheNewWorld 辽宁省辽阳市 08-13 13:05 -> 四川省绵竹市 08-14 14:44 1718 4408
[success] INSCRIPTIONS 广东省高要市 07-06 21:40 -> 新疆米泉市 07-07 14:38 1414 3743
[success] LeavesofGrass 新疆塔城市 07-26 07:38 -> 陕西省安康市 07-26 17:15 1826 3036
[success] INSCRIPTIONS 黑龙江省五大连池市 07-22 19:22 -> 云南省安宁市 07-22 20:42 156 7242
[success] IHEARDthatyouask 新疆吐鲁番市 07-13 05:55 -> 四川省彭州市 07-13 23:13 745 3196
[success] LeavesofGrass 湖南省衡阳市 06-28 16:20 -> 陕西省安康市 06-28 17:15 488 19497
[success] LeavesofGrass 浙江省平湖市 07-31 08:59 -> 浙江省杭州市 07-31 11:46 400 11936
[refunded] LeavesofGrass 黑龙江省海林市 06-28 22:56 -> 新疆博乐市 06-29 06:04 1039 23099
[success] LeavesofGrass 广东省四会市 07-23 15:39 -> 河南省偃师市 07-24 03:28 2234 3181
[success] LeavesofGrass 河南省灵宝市 07-26 23:45 -> 浙江省慈溪市 07-27 09:48 1011 11580
[118626] -1
[118635] -1
[118636] 0
[118637] -1
[118645] -1
[118648] 0
[118652] 0
[118662] -1
[118664] -1
[118670] -1
[118672] -1
[118679] -1
[118685] 0
[118686] -1
[118688] -1
[118694] 0
[118701] -1
[118706] 0
[118713] -1
[118723] 0
[118724] -1
[118732] -1
[118741] 1
LgvSVvDg 山东省聊城市 07-10 07:51 -> 黑龙江省绥芬河市 07-10 10:34 442025 41259
[118749] 0
[118756] Frostleaf 霜叶 class.under@the.sway 1
[118762] -1
[118765] 0
[118770] 0
[118774] -1
[118778] -1
[118781] -1
[118784] 1
LgvSVvDg 江苏省扬州市 07-03 13:19 -> 河南省汝州市 07-03 15:29 366599 41259
[118788] -1
[118791] 0
[118794] -1
[118804] 0
[118814] 0
[118823] -1
[118824] 0
[118834] -1
[118836] 0
[118842] -1
[118845] -1
[118846] -1
[118850] -1
[118851] -1
[118858] -1
[118859] -1
[118860] -1
[118863] -1
[118869] -1
[118875] -1
[118884] 0
[118892] -1
[118894] -1
[118898] -1
[118903] -1
[118910] -1
[118912] -1
[118919] -1
[118922] -1
[118924] -1
[118932] -1
[118942] 0
[118951] -1
[118955] -1
[118956] -1
[118960] -1
[118963] -1
[118969] 0
[118978] -1
[118987] -1
[118990] -1
[118999] -1
[119002] -1
[119004] -1
[119010] -1
[119017] -1
[119018] -1
[119027] -1
[119031] -1
[119038] -1
[119044] 0
[119050] -1
[119056] 0
[119060] 0
[119065] 0
[119068] -1
[119076] 0
[119077] -1
[119081] 0
[119090] 0
[119095] -1
[119105] 0
[119112] -1
[119117] -1
[119118] -1
[119121] -1
[119123] 0
[119126] -1
[119128] -1
[119136] 0
[119146] -1
[119156] -1
[119166] -1
[119172] 14
[success] LeavesofGrass 河南省灵宝市 07-07 23:45 -> 新疆伊宁市 07-08 08:52 941 12685
[success] INSCRIPTIONS 广东省惠阳市 07-15 01:41 -> 江苏省扬州市 07-15 08:14 611 2541
[success] LeavesofGrass 湖南省衡阳市 07-25 16:20 -> 浙江省慈溪市 07-26 09:48 2659 6050
[pending] LeavesofGrass 宁夏石嘴山市 07-15 19:25 -> 广东省花都市 07-16 01:39 1028 17021
[pending] LeavesofGrass 辽宁省抚顺市 06-28 14:24 -> 福建省建阳市 06-28 21:14 1379 13928
[success] IHEARDthatyouask 新疆吐鲁番市 07-22 05:55 -> 四川省彭州市 07-22 23:13 745 9830
[success] LeavesofGrass 河南省偃师市 07-22 03:31 -> 新疆伊宁市 07-22 08:52 595 5669
[success] IHEARDthatyouask 新疆吐鲁番市 07-19 05:55 -> 四川省彭州市 07-19 23:13 745 11927
[success] TOTHEEOLDCAUSE 新疆奎屯市 07-03 11:20 -> 四川省绵阳市 07-04 17:54 2373 7586
[pending] LeavesofGrass 新疆塔城市 06-28 07:38 -> 河南省灵宝市 06-28 23:39 2986 21682
[success] whatyouwanted 湖北省利川市 07-05 22:30 -> 河南省洛阳市 07-06 12:55 2168 1072
[success] puzzletheNewWorld 黑龙江省尚志市 08-06 20:11 -> 河南省登封市 08-07 09:52 614 11528
[success] IHEARDthatyouask 新疆吐鲁番市 08-01 05:55 -> 天津市 08-01 06:30 496 22003
[success] LeavesofGrass 福建省建阳市 07-13 21:19 -> 河南省偃师市 07-14 03:28 860 5793
[119181] -1
[119189] 0
[119195] -1
[119205] -1
[119209] 0
[119217] -1
[119223] 0
[119231] -1
[119236] -1
[119245] 0
[119247] 0
[119257] AkVMwdVekoSDw q
新疆吐鲁番市 xx-xx xx:xx -> 07-19 23:24 0 46023
辽宁省朝阳市 07-19 23:30 -> 07-19 23:35 91178 46023
新疆伊宁市 07-19 23:42 -> 07-19 23:49 175805 46023
浙江省平湖市 07-19 23:57 -> 07-20 00:05 256711 46023
吉林省长春市 07-20 00:16 -> 07-20 00:28 303045 46023
河北省张家口市 07-20 00:36 -> 07-20 00:45 349193 46023
广东省花都市 07-20 00:55 -> 07-20 01:03 388367 46023
浙江省兰溪市 07-20 01:18 -> 07-20 01:27 447066 46023
云南省保山市 07-20 01:38 -> 07-20 01:43 506421 46023
陕西省华阴市 07-20 01:54 -> 07-20 02:05 551302 46023
天津市 07-20 02:11 -> 07-20 02:24 555076 46023
湖北省松滋市 07-20 02:38 -> 07-20 02:45 611029 46023
江苏省淮安市 07-20 02:52 -> 07-20 03:00 673355 46023
安徽省阜阳市 07-20 03:09 -> 07-20 03:20 757536 46023
江西省鹰潭市 07-20 03:25 -> 07-20 03:30 806213 46023
黑龙江省穆棱市 07-20 03:35 -> 07-20 03:48 869351 46023
甘肃省兰州市 07-20 03:55 -> 07-20 04:04 894283 46023
江西省吉安市 07-20 04:10 -> 07-20 04:22 952224 46023
湖南省吉首市 07-20 04:35 -> 07-20 04:42 1035675 46023
浙江省余姚市 07-20 04:48 -> 07-20 04:53 1072078 46023
湖北省麻城市 07-20 05:01 -> 07-20 05:12 1122009 46023
山西省太原市 07-20 05:21 -> 07-20 05:32 1188479 46023
湖南省岳阳市 07-20 05:45 -> 07-20 05:58 1258889 46023
山西省榆次市 07-20 06:06 -> 07-20 06:12 1267555 46023
福建省永安市 07-20 06:18 -> 07-20 06:27 1308656 46023
江西省南康市 07-20 06:33 -> 07-20 06:44 1400310 46023
四川省绵阳市 07-20 06:54 -> 07-20 07:02 1430987 46023
河北省邢台市 07-20 07:17 -> 07-20 07:27 1449392 46023
海南省万宁市 07-20 07:38 -> 07-20 07:52 1463213 46023
宁夏银川市 07-20 08:06 -> xx-xx xx:xx 1493524 x
[119265] -1
[119271] -1
[119273] -1
[119281] -1
[119285] -1
[119294] 0
[119296] 0
[119298] 0
[119304] -1
[119309] 0
[119319] 0
[119324] -1
[119329] -1
[119336] -1
[119337] -1
[119342] -1
[119352] -1
[119360] 0
[119363] -1
[119368] 0
[119376] -1
[119384] -1
[119392] -1
[119399] -1
[119402] -1
[119403] -1
[119408] -1
[119411] -1
[119413] 0
[119416] -1
[119419] 0
[119429] 0
[119434] -1
[119436] -1
[119438] -1
[119444] 0
[119450] -1
[119455] 0
[119457] 0
[119460] -1
[119468] -1
[119472] 0
[119474] 0
[119478] -1
[119485] -1
[119487] 0
[119489] 0
[119490] 0
[119491] Fang 芬芬 sufficed.for@the.growing 1
[119498] 0
[119508] -1
[119510] 0
[119511] 0
[119516] 0
[119524] -1
[119525] -1
[119535] -1
[119538] 0
[119542] 0
[119547] -1
[119555] 0
[119560] 0
[119567] 0
[119575] -1
[119580] -1
[119590] -1
[119592] -1
[119600] 0
[119603] -1
[119613] -1
[119617] -1
[119624] -1
[119627] -1
[119630] 0
[119632] -1
[119642] -1
[119645] -1
[119646] -1
[119653] -1
[119654] -1
[119658] -1
[119666] 0
[119673] Nian 年年 wants.of.the@new.markets 1
[119679] 0
[119686] -1
[119689] -1
[119692] -1
[119699] -1
[119702] -1
[119711] 0
[119719] -1
[119725] -1
[119726] 0
[119727] 0
[119733] -1
[119741] 0
[119749] 0
[119753] 0
[119754] -1
[119755] 0
[119764] -1
[119769] 0
[119771] -1
[119775] -1
[119781] 0
[119789] -1
[119791] 0
[119799] 0
[119801] -1
[119810] -1
[119820] -1
[119826] 0
[119835] -1
[119841] -1
[119846] 0
[119855] -1
[119859] 0
[119860] -1
[119866] -1
[119874] -1
[119882] -1
[119891] -1
[119901] -1
[119911] 1
LgvSVvDg 河北省河间市 07-14 13:37 -> 甘肃省兰州市 07-14 16:52 438345 41259
[119920] -1
[119929] -1
[119931] -1
[119940] AkVMwdVekoSDw q
新疆吐鲁番市 xx-xx xx:xx -> 06-05 23:24 0 46023
辽宁省朝阳市 06-05 23:30 -> 06-05 23:35 91178 46023
新疆伊宁市 06-05 23:42 -> 06-05 23:49 175805 46023
浙江省平湖市 06-05 23:57 -> 06-06 00:05 256711 46023
吉林省长春市 06-06 00:16 -> 06-06 00:28 303045 46023
河北省张家口市 06-06 00:36 -> 06-06 00:45 349193 46023
广东省花都市 06-06 00:55 -> 06-06 01:03 388367 46023
浙江省兰溪市 06-06 01:18 -> 06-06 01:27 447066 46023
云南省保山市 06-06 01:38 -> 06-06 01:43 506421 46023
陕西省华阴市 06-06 01:54 -> 06-06 02:05 551302 46023
天津市 06-06 02:11 -> 06-06 02:24 555076 46023
湖北省松滋市 06-06 02:38 -> 06-06 02:45 611029 46023
江苏省淮安市 06-06 02:52 -> 06-06 03:00 673355 46023
安徽省阜阳市 06-06 03:09 -> 06-06 03:20 757536 46023
江西省鹰潭市 06-06 03:25 -> 06-06 03:30 806213 46023
黑龙江省穆棱市 06-06 03:35 -> 06-06 03:48 869351 46023
甘肃省兰州市 06-06 03:55 -> 06-06 04:04 894283 46023
江西省吉安市 06-06 04:10 -> 06-06 04:22 952224 46023
湖南省吉首市 06-06 04:35 -> 06-06 04:42 1035675 46023
浙江省余姚市 06-06 04:48 -> 06-06 04:53 1072078 46023
湖北省麻城市 06-06 05:01 -> 06-06 05:12 1122009 46023
山西省太原市 06-06 05:21 -> 06-06 05:32 1188479 46023
湖南省岳阳市 06-06 05:45 -> 06-06 05:58 1258889 46023
山西省榆次市 06-06 06:06 -> 06-06 06:12 1267555 46023
福建省永安市 06-06 06:18 -> 06-06 06:27 1308656 46023
江西省南康市 06-06 06:33 -> 06-06 06:44 1400310 46023
四川省绵阳市 06-06 06:54 -> 06-06 07:02 1430987 46023
河北省邢台市 06-06 07:17 -> 06-06 07:27 1449392 46023
海南省万宁市 06-06 07:38 -> 06-06 07:52 1463213 46023
宁夏银川市 06-06 08:06 -> xx-xx xx:xx 1493524 x
[119946] 0
[119955] -1
[119956] -1
[119958] -1
[119966] -1
[119976] -1
[119984] -1
[119989] -1
[119994] -1
[119998] -1
[120007] -1
[120015] -1
[120017] -1
[120027] -1
[120033] -1
[120034] -1
[120044] -1
[120050] -1
[120054] -1
[120058] 24
[success] LeavesofGrass 新疆塔城市 07-22 07:38 -> 福建省建阳市 07-22 21:14 2472 4759
[success] INSCRIPTIONS 广东省高要市 06-21 21:40 -> 江苏省扬州市 06-22 08:14 764 5495
[success] INSCRIPTIONS 黑龙江省五大连池市 08-22 19:22 -> 广东省高要市 08-22 21:36 292 7502
[success] LeavesofGrass 陕西省安康市 07-31 17:25 -> 新疆伊宁市 08-01 08:52 2101 1273
[success] INSCRIPTIONS 广东省高要市 07-31 21:40 -> 湖北省枣阳市 08-01 11:59 1252 4632
[success] LeavesofGrass 新疆塔城市 07-30 07:38 -> 辽宁省抚顺市 07-30 14:21 1093 10718
[success] INSCRIPTIONS 广东省惠阳市 06-17 01:41 -> 湖北省枣阳市 06-17 11:59 1099 8315
[success] LeavesofGrass 福建省建阳市 07-08 21:19 -> 浙江省慈溪市 07-09 09:48 1525 13251
[pending] LeavesofGrass 广东省四会市 07-15 15:39 -> 广东省花都市 07-16 01:39 2002 4808
[success] LeavesofGrass 河南省灵宝市 08-04 23:45 -> 新疆伊宁市 08-05 08:52 941 1985
[success] INSCRIPTIONS 广东省惠阳市 07-10 01:41 -> 湖北省枣阳市 07-10 11:59 1099 7993
[success] INSCRIPTIONS 广东省惠阳市 06-26 01:41 -> 湖北省枣阳市 06-26 11:59 1099 11178
[success] LeavesofGrass 广东省花都市 07-12 01:43 -> 新疆博乐市 07-12 06:04 425 16588
[success] puzzletheNewWorld 湖南省岳阳市 06-19 17:01 -> 四川省绵竹市 06-20 14:44 1339 9027
[pending] LeavesofGrass 河南省灵宝市 07-30 23:45 -> 广东省花都市 07-31 01:39 114 22609
[success] INSCRIPTIONS 黑龙江省五大连池市 08-07 19:22 -> 广东省惠阳市 08-08 01:32 445 7016
[pending] LeavesofGrass 新疆塔城市 07-06 07:38 -> 福建省建阳市 07-06 21:14 2472 15200
[pending] LeavesofGrass 宁夏石嘴山市 07-06 19:25 -> 新疆伊宁市 07-07 08:52 1855 20142
[success] INSCRIPTIONS 贵州省清镇市 06-17 16:24 -> 北京市 06-18 06:40 1029 10902
[success] LeavesofGrass 广东省花都市 07-30 01:43 -> 新疆伊宁市 07-30 08:52 827 23879
[success] puzzletheNewWorld 辽宁省辽阳市 06-22 13:05 -> 湖南省岳阳市 06-22 16:56 379 1616
[pending] LeavesofGrass 浙江省平湖市 07-11 08:59 -> 河南省灵宝市 07-11 23:39 2695 21954
[success] LeavesofGrass 广东省四会市 07-21 15:39 -> 河南省偃师市 07-22 03:28 2234 4689
[success] LeavesofGrass 广东省四会市 06-28 15:39 -> 福建省建阳市 06-28 21:14 1374 20313
[120060] 16
[success] puzzletheNewWorld 湖南省岳阳市 07-30 17:01 -> 北京市 07-31 02:45 585 3769
[success] INSCRIPTIONS 广东省惠阳市 08-10 01:41 -> 北京市 08-10 06:40 411 6234
[success] INSCRIPTIONS 广东省惠阳市 06-18 01:41 -> 湖北省枣阳市 06-18 11:59 1099 2162
[success] LeavesofGrass 浙江省平湖市 07-19 08:59 -> 黑龙江省海林市 07-19 22:46 2195 5645
[success] INSCRIPTIONS 云南省安宁市 07-07 20:50 -> 新疆米泉市 07-08 14:38 1550 11589
[success] IHEARDthatyouask 新疆吐鲁番市 07-12 05:55 -> 四川省彭州市 07-12 23:13 745 10713
[pending] LeavesofGrass 宁夏石嘴山市 06-29 19:25 -> 河南省偃师市 06-30 03:28 1260 5274
[success] LeavesofGrass 辽宁省抚顺市 07-18 14:24 -> 河南省灵宝市 07-18 23:39 1893 23153
[success] IHEARDthatyouask 新疆吐鲁番市 08-06 05:55 -> 广东省云浮市 08-06 18:52 725 14501
[success] LeavesofGrass 浙江省杭州市 07-03 11:52 -> 河北省河间市 07-03 18:01 1160 14688
[pending] LeavesofGrass 湖南省衡阳市 07-31 16:20 -> 河北省河间市 07-31 18:01 513 21726
[success] LeavesofGrass 河南省灵宝市 07-04 23:45 -> 新疆伊宁市 07-05 08:52 941 2194
[success] INSCRIPTIONS 贵州省清镇市 07-24 16:24 -> 新疆米泉市 07-25 14:38 1879 12953
[success] LeavesofGrass 浙江省杭州市 07-28 11:52 -> 黑龙江省海林市 07-28 22:46 1795 14021
[success] LeavesofGrass 浙江省杭州市 07-23 11:52 -> 福建省建阳市 07-23 21:14 1781 6199
[success] LeavesofGrass 浙江省平湖市 07-20 08:59 -> 浙江省杭州市 07-20 11:46 400 16446
[120061] 0
[120069] 0
[120072] -1
[120073] Istina 真理 a.counterpoise@against.the 1
[120081] -1
[120087] 8
[success] INSCRIPTIONS 贵州省清镇市 06-29 16:24 -> 云南省安宁市 06-29 20:42 329 12513
[success] ThereforeIsendyou 湖南省汩罗市 07-26 22:12 -> 浙江省舟山市 07-27 10:35 910 671
[success] IHEARDthatyouask 新疆吐鲁番市 07-26 05:55 -> 广东省云浮市 07-26 18:52 725 12204
[success] whatyouwanted 北京市 08-03 02:12 -> 新疆阿克苏市 08-03 15:55 2012 7187
[pending] LeavesofGrass 宁夏石嘴山市 07-02 19:25 -> 新疆伊宁市 07-03 08:52 1855 12725
[success] LeavesofGrass 河南省灵宝市 07-01 23:45 -> 广东省花都市 07-02 01:39 114 7303
[success] LeavesofGrass 河南省灵宝市 07-23 23:45 -> 广东省花都市 07-24 01:39 114 5025
[success] LeavesofGrass 福建省建阳市 07-05 21:19 -> 河南省灵宝市 07-05 23:39 514 21248
[120092] 0
[120100] 0
[120110] 1
whatyouwanted 安徽省阜阳市 07-06 08:24 -> 四川省华蓥市 07-06 09:33 19 29447
[120120] -1
[120127] -1
[120135] -1
[120140] -1
[120145] -1
[120150] 0
[120153] -1
[120163] 0
[120167] 0
[120170] -1
[120173] 0
[120183] -1
[120193] 0
[120196] 0
[120202] -1
[120203] -1
[120210] -1
[120211] -1
[120215] -1
[120217] -1
[120220] 0
[120223] -1
[120230] -1
[120235] -1
[120242] -1
[120243] -1
[120250] -1
[120254] 0
[120255] -1
[120263] 0
[120271] -1
[120273] -1
[120274] -1
[120277] -1
[120284] 0
[120292] -1
[120301] -1
[120308] -1
[120316] 0
[120325] -1
[120326] -1
[120333] -1
[120337] 0
[120339] 0
[120344] -1
[120353] -1
[120357] -1
[120365] 0
[120369] -1
[120372] 0
[120377] -1
[120387] -1
[120392] -1
[120401] 0
[120407] -1
[120409] 0
[120416] 0
[120426] 0
[120433] -1
[120438] -1
[120443] -1
[120453] -1
[120456] -1
[120466] 4
[success] LeavesofGrass 浙江省平湖市 07-28 08:59 -> 宁夏石嘴山市 07-28 19:18 1781 20473
[success] LeavesofGrass 浙江省杭州市 07-14 11:52 -> 河北省河间市 07-14 18:01 1160 6176
[success] LeavesofGrass 浙江省平湖市 07-28 08:59 -> 辽宁省抚顺市 07-28 14:21 802 8883
[success] LeavesofGrass 湖南省衡阳市 08-04 16:20 -> 宁夏石嘴山市 08-04 19:18 734 7136
[120469] -1
[120476] 0
[120478] -1
[120487] 0
[120490] -1
[120495] -1
[120496] -1
[120506] 0
[120508] -1
[120518] -1
[120528] -1
[120529] -1
[120532] -1
[120542] -1
[120544] -1
[120547] -1
[120553] -1
[120557] -1
[120563] -1
[120571] -1
[120575] -1
[120584] -1
[120589] -1
[120590] -1
[120593] -1
[120600] -1
[120609] -1
[120618] -1
[120627] -1
[120631] -1
[120641] -1
[120643] -1
[120645] -1
[120647] -1
[120652] -1
[120656] INSCRIPTIONS J
贵州省清镇市 xx-xx xx:xx -> 07-19 16:24 0 49257
黑龙江省五大连池市 07-19 19:12 -> 07-19 19:22 173 47673
云南省安宁市 07-19 20:42 -> 07-19 20:50 329 47673
广东省高要市 07-19 21:36 -> 07-19 21:40 465 38571
广东省惠阳市 07-20 01:32 -> 07-20 01:41 618 38571
北京市 07-20 06:40 -> 07-20 06:46 1029 38571
江苏省扬州市 07-20 08:14 -> 07-20 08:17 1229 45134
湖北省枣阳市 07-20 11:59 -> 07-20 12:03 1717 45134
新疆米泉市 07-20 14:38 -> xx-xx xx:xx 1879 x
[120658] -1
[120659] -1
[120666] -1
[120670] -1
[120677] 0
[120678] -1
[120681] -1
[120686] -1
[120693] -1
[120699] -1
[120705] -1
[120707] AndtodefineAmeric M
天津市 xx-xx xx:xx -> 08-13 08:57 0 80198
云南省保山市 08-13 09:23 -> 08-13 09:33 400 80198
吉林省图们市 08-13 10:45 -> 08-13 10:50 774 80198
山东省胶州市 08-13 12:15 -> 08-13 12:18 867 80198
山东省高密市 08-13 12:55 -> 08-13 13:02 1133 80198
广东省高明市 08-13 13:28 -> 08-13 13:35 1341 80198
山东省乐陵市 08-13 14:08 -> 08-13 14:14 1805 80198
山西省榆次市 08-13 16:11 -> 08-13 16:15 1942 80198
江苏省吴江市 08-13 16:50 -> 08-13 17:00 2082 80198
辽宁省朝阳市 08-13 18:41 -> 08-13 18:50 2121 80198
江西省吉安市 08-13 21:09 -> 08-13 21:19 2318 80198
北京市 08-13 22:38 -> 08-13 22:48 2583 80198
湖北省黄冈市 08-14 01:07 -> 08-14 01:14 2633 80198
吉林省榆树市 08-14 03:30 -> 08-14 03:33 2768 80198
江西省南康市 08-14 05:58 -> 08-14 06:07 2851 80198
河南省周口市 08-14 06:51 -> 08-14 06:54 3024 80198
湖北省孝感市 08-14 09:22 -> 08-14 09:27 3174 80198
湖南省吉首市 08-14 11:01 -> xx-xx xx:xx 3625 x
[120714] -1
[120718] -1
[120728] -1
[120738] 0
[120747] -1
[120751] -1
[120759] -1
[120764] -1
[120774] 0
[120775] 0
[120778] 0
[120782] 0
[120789] 0
[120798] 0
[120808] 0
[120811] 0
[120818] 0
[120823] 0
[120829] 0
[120831] 0
[120832] 0
[120837] 0
[120845] 0
[120846] 0
[120852] 0
[120853] 0
[120858] 0
[120866] 0
[120875] 0
[120882] 0
[120885] 0
[120888] 0
[120898] 0
[120906] 0
[120908] 0
[120918] 0
[120926] 0
[120932] 0
[120938] 0
[120942] 0
[120949] 0
[120956] 0
[120958] 13239054
[120960] -1
[120962] GreyThroat 灰喉 Freeman.and@slave.patrician 1
[120967] queue
[120970] queue
[120980] Vigna 红豆 the.manufacturing@middle.class 1
[120984] 562731
[120992] 1
puzzletheNewWorld 黑龙江省尚志市 08-16 20:11 -> 河南省登封市 08-17 09:52 614 47885
[121001] 135682
[121002] -1
[121005] 4061688
[121008] 10496917
[121014] 1
LeavesofGrass 福建省建阳市 07-05 21:19 -> 河南省灵宝市 07-05 23:39 514 31522
[121016] 2830383
[121020] Myrtle 桃金娘 in.proportion@as.industry 1
[121030] 1
Deathlessthroughout 浙江省余姚市 08-01 13:19 -> 山东省威海市 08-01 21:57 698 73160
[121037] Phantom 傀影 not.done.away@with.class 1
[121047] 1
Deathlessthroughout 广东省高要市 07-30 01:15 -> 福建省长乐市 07-30 07:11 162 73160
[121051] 119263
[121052] 1
puzzletheNewWorld 湖南省岳阳市 07-01 17:01 -> 北京市 07-02 02:45 585 47885
[121055] -1
[121057] 0
[121064] -1
[121065] -1
[121067] Skadi 斯卡 slaves.in.the@Middle.Ages 2
[121068] -1
[121072] 1
whatyouwanted 甘肃省兰州市 07-13 21:27 -> 内蒙东胜市 07-14 20:46 3701 18207
[121078] -1
[121081] 9371424
[121088] Estelle 艾丝黛尔 This.development@has.in 3
[121095] 8780310
[121105] 1
Afterastrangesad 四川省巴中市 08-08 08:26 -> 山东省胶州市 08-08 11:06 356 68496
[121106] 1
AndtodefineAmeric 天津市 07-17 08:57 -> 云南省保山市 07-17 09:23 400 80198
[121109] 5710825
[121110] 1
whatyouwanted 福建省建阳市 07-10 00:03 -> 北京市 07-10 02:07 438 30519
[121116] 15219333
[121120] 1
INSCRIPTIONS 广东省惠阳市 07-22 01:41 -> 湖北省枣阳市 07-22 11:59 1099 56986
[121125] Ifrit 伊芙利特 one.another@carried.on 2
[121126] 1
puzzletheNewWorld 湖南省岳阳市 07-28 17:01 -> 四川省绵竹市 07-29 14:44 1339 47885
[121136] 1
LeavesofGrass 浙江省平湖市 07-30 08:59 -> 广东省花都市 07-31 01:39 2809 2353
[121142] 1
Afterastrangesad 黑龙江省绥芬河市 07-22 19:36 -> 黑龙江省穆棱市 07-23 03:49 1349 68496
[121148] 0
[121158] Beehunter 猎蜂 these.burgesses@the.first 2
[121161] queue
[121164] 12871287
[121165] 1
LeavesofGrass 河北省河间市 07-23 18:11 -> 新疆伊宁市 07-24 08:52 2076 22077
[121169] -1
[121174] 1
LeavesofGrass 浙江省平湖市 06-28 08:59 -> 浙江省杭州市 06-28 11:46 400 49491
[121184] -1
[121194] Warfarin 华法琳 the.different@corporate.guilds 1
[121201] Saria 塞雷娅 in.the.common@ruin.of 1
[121203] Cardigan 卡缇 the.markets@kept.ever 1
[121204] 1
whatyouwanted 山东省乳山市 07-26 04:53 -> 河南省洛阳市 07-26 12:55 1499 28519
[121211] Vermeil 红云 production@The.place 1
[121220] 1
whatyouwanted 湖北省利川市 07-20 22:30 -> 河南省洛阳市 07-21 12:55 2168 30519
[121226] -1
[121229] 1
LeavesofGrass 新疆塔城市 07-08 07:38 -> 辽宁省抚顺市 07-08 14:21 1093 76954
[121233] 1
TOTHEEOLDCAUSE 山东省滕州市 06-11 02:06 -> 四川省绵阳市 06-11 17:54 1262 33971
[121234] 1
Afterastrangesad 湖北省荆门市 08-24 00:40 -> 山西省太原市 08-24 10:29 1432 68496
[121243] Provence 普罗旺 face.of.the@whole.world 1
[121250] Manticore 狮蝎 not.hurled@back.the 2
[121257] 4313036
[121260] 14008980
[121261] 1
IHEARDthatyouask 天津市 07-10 06:35 -> 广东省云浮市 07-10 18:52 229 89961
[121266] 1
Afterastrangesad 四川省巴中市 08-15 08:26 -> 四川省崇州市 08-15 17:38 1574 68496
[121276] bye
